<?xml version="1.0" encoding="UTF-8"?>
<robot generator="Robot 6.1.1 (Python 3.11.4 on win32)" generated="20231028 17:20:33.840" rpa="false" schemaversion="4">
<suite id="s1" name="Customer Account" source="d:\Intern test\Automation\Auto_Web\testcases\customer_account.robot">
<test id="s1-t1" name="CA_49 Verify the delete account function" line="583">
<kw name="Setup" library="common" type="SETUP">
<kw name="Set Browser Timeout" library="Browser">
<arg>${BROWSER_TIMEOUT}</arg>
<tag>Config</tag>
<tag>Setter</tag>
<doc>Sets the timeout used by most input and getter keywords.</doc>
<status status="PASS" starttime="20231028 17:20:36.105" endtime="20231028 17:20:36.105"/>
</kw>
<kw name="New Browser" library="Browser">
<arg>${BROWSER}</arg>
<arg>headless=${HEADLESS}</arg>
<tag>BrowserControl</tag>
<tag>Setter</tag>
<doc>Create a new playwright Browser with specified options.</doc>
<msg timestamp="20231028 17:20:36.122" level="INFO">{"browser": "chromium", "headless": false, "chromiumSandbox": false, "devtools": false, "handleSIGHUP": true, "handleSIGINT": true, "handleSIGTERM": true, "ignoreDefaultArgs": false, "slowMo": 0.0, "timeout": 30000.0, "tracesDir": "D:\\Intern test\\Automation\\browser\\traces\\a2211e81-021b-4cc4-add8-8c9ffbfaa247"}</msg>
<msg timestamp="20231028 17:20:37.283" level="INFO">Successfully created browser with options: {"browser":"chromium","headless":false,"chromiumSandbox":false,"devtools":false,"handleSIGHUP":true,"handleSIGINT":true,"handleSIGTERM":true,"ignoreDefaultArgs":false,"slowMo":0,"timeout":30000,"tracesDir":"D:\\Intern test\\Automation\\browser\\traces\\a2211e81-021b-4cc4-add8-8c9ffbfaa247"}</msg>
<status status="PASS" starttime="20231028 17:20:36.105" endtime="20231028 17:20:37.283"/>
</kw>
<kw name="New Page" library="Browser">
<arg>${URL_DEFAULT}</arg>
<tag>BrowserControl</tag>
<tag>Setter</tag>
<doc>Open a new Page.</doc>
<msg timestamp="20231028 17:20:40.515" level="INFO">Successfully initialized new page object and opened url: http://dev1.geneat.vn:7802/vn</msg>
<msg timestamp="20231028 17:20:40.515" level="INFO">No context was open. New context was automatically opened when this page is created.</msg>
<status status="PASS" starttime="20231028 17:20:37.283" endtime="20231028 17:20:40.516"/>
</kw>
<kw name="Evaluate" library="BuiltIn">
<var>${STATE}</var>
<arg>json.loads('''{}''')</arg>
<arg>json</arg>
<doc>Evaluates the given expression in Python and returns the result.</doc>
<msg timestamp="20231028 17:20:40.518" level="INFO">${STATE} = {}</msg>
<status status="PASS" starttime="20231028 17:20:40.516" endtime="20231028 17:20:40.518"/>
</kw>
<status status="PASS" starttime="20231028 17:20:36.104" endtime="20231028 17:20:40.519"/>
</kw>
<kw name="Create a test account with &quot;Order Side&quot; type" sourcename="Create a test account with &quot;${type}&quot; type">
<kw name="When Go to page create account &quot;Tài khoản Người dùng&quot; with &quot;/customer-account&quot;" sourcename="Go to page create account &quot;${name}&quot; with &quot;${url}&quot;">
<kw name="When Login to admin" library="common">
<kw name="Enter &quot;email&quot; in &quot;Email&quot; with &quot;admin@gmail.com&quot;" library="common" sourcename="Enter &quot;${type}&quot; in &quot;${name}&quot; with &quot;${text}&quot;">
<kw name="Get Random Text" library="common">
<var>${text}</var>
<arg>${type}</arg>
<arg>${text}</arg>
<kw name="Set Variable" library="BuiltIn">
<var>${symbol}</var>
<arg>_RANDOM_</arg>
<doc>Returns the given values which can then be assigned to a variables.</doc>
<msg timestamp="20231028 17:20:40.541" level="INFO">${symbol} = _RANDOM_</msg>
<status status="PASS" starttime="20231028 17:20:40.541" endtime="20231028 17:20:40.541"/>
</kw>
<kw name="Set Variable" library="BuiltIn">
<var>${new_text}</var>
<doc>Returns the given values which can then be assigned to a variables.</doc>
<msg timestamp="20231028 17:20:40.541" level="INFO">${new_text} = </msg>
<status status="PASS" starttime="20231028 17:20:40.541" endtime="20231028 17:20:40.541"/>
</kw>
<kw name="Get Regexp Matches" library="String">
<var>${containsS}</var>
<arg>${text}</arg>
<arg>_@(.+)@_</arg>
<arg>1</arg>
<doc>Returns a list of all non-overlapping matches in the given string.</doc>
<msg timestamp="20231028 17:20:40.541" level="INFO">${containsS} = []</msg>
<status status="PASS" starttime="20231028 17:20:40.541" endtime="20231028 17:20:40.541"/>
</kw>
<kw name="Get Length" library="BuiltIn">
<var>${cntS}</var>
<arg>${containsS}</arg>
<doc>Returns and logs the length of the given item as an integer.</doc>
<msg timestamp="20231028 17:20:40.541" level="INFO">Length is 0</msg>
<msg timestamp="20231028 17:20:40.541" level="INFO">${cntS} = 0</msg>
<status status="PASS" starttime="20231028 17:20:40.541" endtime="20231028 17:20:40.557"/>
</kw>
<kw name="Get Regexp Matches" library="String">
<var>${contains}</var>
<arg>${text}</arg>
<arg>${symbol}</arg>
<doc>Returns a list of all non-overlapping matches in the given string.</doc>
<msg timestamp="20231028 17:20:40.558" level="INFO">${contains} = []</msg>
<status status="PASS" starttime="20231028 17:20:40.558" endtime="20231028 17:20:40.558"/>
</kw>
<kw name="Get Length" library="BuiltIn">
<var>${cnt}</var>
<arg>${contains}</arg>
<doc>Returns and logs the length of the given item as an integer.</doc>
<msg timestamp="20231028 17:20:40.558" level="INFO">Length is 0</msg>
<msg timestamp="20231028 17:20:40.558" level="INFO">${cnt} = 0</msg>
<status status="PASS" starttime="20231028 17:20:40.558" endtime="20231028 17:20:40.580"/>
</kw>
<if>
<branch type="IF" condition="${cntS} &gt; 0">
<kw name="Set Variable" library="BuiltIn">
<var>${new_text}</var>
<arg>${STATE["${containsS[0]}"]}</arg>
<doc>Returns the given values which can then be assigned to a variables.</doc>
<status status="NOT RUN" starttime="20231028 17:20:40.582" endtime="20231028 17:20:40.584"/>
</kw>
<kw name="Set Variable" library="BuiltIn">
<var>${symbol}</var>
<arg>_@${containsS[0]}@_</arg>
<doc>Returns the given values which can then be assigned to a variables.</doc>
<status status="NOT RUN" starttime="20231028 17:20:40.585" endtime="20231028 17:20:40.591"/>
</kw>
<status status="NOT RUN" starttime="20231028 17:20:40.581" endtime="20231028 17:20:40.593"/>
</branch>
<branch type="ELSE IF" condition="${cnt} &gt; 0 and '${type}' == 'test name'">
<kw name="Sentence" library="FakerLibrary">
<var>${random}</var>
<arg>nb_words=3</arg>
<doc>Generate a sentence.</doc>
<status status="NOT RUN" starttime="20231028 17:20:40.595" endtime="20231028 17:20:40.596"/>
</kw>
<kw name="Split String" library="String">
<var>${words}</var>
<arg>${TEST NAME}</arg>
<arg>${SPACE}</arg>
<doc>Splits the ``string`` using ``separator`` as a delimiter string.</doc>
<status status="NOT RUN" starttime="20231028 17:20:40.597" endtime="20231028 17:20:40.597"/>
</kw>
<kw name="Set Variable" library="BuiltIn">
<var>${new_text}</var>
<arg>${words[0]} ${random}</arg>
<doc>Returns the given values which can then be assigned to a variables.</doc>
<status status="NOT RUN" starttime="20231028 17:20:40.598" endtime="20231028 17:20:40.598"/>
</kw>
<status status="NOT RUN" starttime="20231028 17:20:40.593" endtime="20231028 17:20:40.599"/>
</branch>
<branch type="ELSE IF" condition="${cnt} &gt; 0 and '${type}' == 'number'">
<kw name="Random Int" library="FakerLibrary">
<var>${new_text}</var>
<doc>Generate a random integer between two integers ``min`` and ``max`` inclusive
while observing the provided ``step`` value.</doc>
<status status="NOT RUN" starttime="20231028 17:20:40.600" endtime="20231028 17:20:40.601"/>
</kw>
<kw name="Convert To String" library="BuiltIn">
<var>${new_text}</var>
<arg>${new_text}</arg>
<doc>Converts the given item to a Unicode string.</doc>
<status status="NOT RUN" starttime="20231028 17:20:40.602" endtime="20231028 17:20:40.602"/>
</kw>
<status status="NOT RUN" starttime="20231028 17:20:40.599" endtime="20231028 17:20:40.603"/>
</branch>
<branch type="ELSE IF" condition="${cnt} &gt; 0 and '${type}' == 'percentage'">
<kw name="Random Int" library="FakerLibrary">
<var>${new_text}</var>
<arg>max=100</arg>
<doc>Generate a random integer between two integers ``min`` and ``max`` inclusive
while observing the provided ``step`` value.</doc>
<status status="NOT RUN" starttime="20231028 17:20:40.615" endtime="20231028 17:20:40.616"/>
</kw>
<kw name="Convert To String" library="BuiltIn">
<var>${new_text}</var>
<arg>${new_text}</arg>
<doc>Converts the given item to a Unicode string.</doc>
<status status="NOT RUN" starttime="20231028 17:20:40.617" endtime="20231028 17:20:40.617"/>
</kw>
<status status="NOT RUN" starttime="20231028 17:20:40.614" endtime="20231028 17:20:40.618"/>
</branch>
<branch type="ELSE IF" condition="${cnt} &gt; 0 and '${type}' == 'paragraph'">
<kw name="Paragraph" library="FakerLibrary">
<var>${new_text}</var>
<doc>Generate a paragraph.</doc>
<status status="NOT RUN" starttime="20231028 17:20:40.629" endtime="20231028 17:20:40.630"/>
</kw>
<status status="NOT RUN" starttime="20231028 17:20:40.626" endtime="20231028 17:20:40.632"/>
</branch>
<branch type="ELSE IF" condition="${cnt} &gt; 0 and '${type}' == 'email'">
<kw name="Email" library="FakerLibrary">
<var>${new_text}</var>
<status status="NOT RUN" starttime="20231028 17:20:40.634" endtime="20231028 17:20:40.634"/>
</kw>
<status status="NOT RUN" starttime="20231028 17:20:40.633" endtime="20231028 17:20:40.635"/>
</branch>
<branch type="ELSE IF" condition="${cnt} &gt; 0 and '${type}' == 'phone'">
<kw name="Random Int" library="FakerLibrary">
<var>${new_text}</var>
<arg>min=2000000000</arg>
<arg>max=9999999999</arg>
<doc>Generate a random integer between two integers ``min`` and ``max`` inclusive
while observing the provided ``step`` value.</doc>
<status status="NOT RUN" starttime="20231028 17:20:40.642" endtime="20231028 17:20:40.643"/>
</kw>
<kw name="Convert To String" library="BuiltIn">
<var>${new_text}</var>
<arg>${new_text}</arg>
<doc>Converts the given item to a Unicode string.</doc>
<status status="NOT RUN" starttime="20231028 17:20:40.654" endtime="20231028 17:20:40.654"/>
</kw>
<kw name="Catenate" library="BuiltIn">
<var>${new_text}</var>
<arg>SEPARATOR=</arg>
<arg>0</arg>
<arg>${new_text}</arg>
<doc>Catenates the given items together and returns the resulted string.</doc>
<status status="NOT RUN" starttime="20231028 17:20:40.654" endtime="20231028 17:20:40.654"/>
</kw>
<status status="NOT RUN" starttime="20231028 17:20:40.636" endtime="20231028 17:20:40.654"/>
</branch>
<branch type="ELSE IF" condition="${cnt} &gt; 0 and '${type}' == 'color'">
<kw name="Safe Hex Color" library="FakerLibrary">
<var>${new_text}</var>
<doc>Generate a web-safe color formatted as a hex triplet.</doc>
<status status="NOT RUN" starttime="20231028 17:20:40.654" endtime="20231028 17:20:40.654"/>
</kw>
<status status="NOT RUN" starttime="20231028 17:20:40.654" endtime="20231028 17:20:40.654"/>
</branch>
<branch type="ELSE IF" condition="${cnt} &gt; 0 and &quot;${type}&quot; == 'password'">
<kw name="Password" library="FakerLibrary">
<var>${new_text}</var>
<arg>10</arg>
<arg>True</arg>
<arg>True</arg>
<arg>True</arg>
<arg>True</arg>
<doc>Generate a random password of the specified ``length``.</doc>
<status status="NOT RUN" starttime="20231028 17:20:40.654" endtime="20231028 17:20:40.654"/>
</kw>
<status status="NOT RUN" starttime="20231028 17:20:40.654" endtime="20231028 17:20:40.654"/>
</branch>
<branch type="ELSE IF" condition="${cnt} &gt; 0 and '${type}' == 'date'">
<kw name="Date" library="FakerLibrary">
<var>${new_text}</var>
<arg>pattern=%d-%m-%Y</arg>
<doc>Get a date string between January 1, 1970 and now.</doc>
<status status="NOT RUN" starttime="20231028 17:20:40.654" endtime="20231028 17:20:40.654"/>
</kw>
<status status="NOT RUN" starttime="20231028 17:20:40.654" endtime="20231028 17:20:40.670"/>
</branch>
<branch type="ELSE IF" condition="${cnt} &gt; 0 and '${type}' == 'word'">
<kw name="Sentence" library="FakerLibrary">
<var>${new_text}</var>
<arg>nb_words=2</arg>
<doc>Generate a sentence.</doc>
<status status="NOT RUN" starttime="20231028 17:20:40.670" endtime="20231028 17:20:40.670"/>
</kw>
<status status="NOT RUN" starttime="20231028 17:20:40.670" endtime="20231028 17:20:40.670"/>
</branch>
<branch type="ELSE IF" condition="${cnt} &gt; 0">
<kw name="Sentence" library="FakerLibrary">
<var>${new_text}</var>
<doc>Generate a sentence.</doc>
<status status="NOT RUN" starttime="20231028 17:20:40.685" endtime="20231028 17:20:40.685"/>
</kw>
<status status="NOT RUN" starttime="20231028 17:20:40.670" endtime="20231028 17:20:40.685"/>
</branch>
<status status="PASS" starttime="20231028 17:20:40.580" endtime="20231028 17:20:40.685"/>
</if>
<kw name="Get Length" library="BuiltIn">
<var>${cnt}</var>
<arg>${text}</arg>
<doc>Returns and logs the length of the given item as an integer.</doc>
<msg timestamp="20231028 17:20:40.685" level="INFO">Length is 15</msg>
<msg timestamp="20231028 17:20:40.685" level="INFO">${cnt} = 15</msg>
<status status="PASS" starttime="20231028 17:20:40.685" endtime="20231028 17:20:40.685"/>
</kw>
<if>
<branch type="IF" condition="${cnt} &gt; 0">
<kw name="Replace String" library="String">
<var>${text}</var>
<arg>${text}</arg>
<arg>${symbol}</arg>
<arg>${new_text}</arg>
<doc>Replaces ``search_for`` in the given ``string`` with ``replace_with``.</doc>
<msg timestamp="20231028 17:20:40.685" level="INFO">${text} = admin@gmail.com</msg>
<status status="PASS" starttime="20231028 17:20:40.685" endtime="20231028 17:20:40.685"/>
</kw>
<status status="PASS" starttime="20231028 17:20:40.685" endtime="20231028 17:20:40.685"/>
</branch>
<status status="PASS" starttime="20231028 17:20:40.685" endtime="20231028 17:20:40.685"/>
</if>
<msg timestamp="20231028 17:20:40.685" level="INFO">${text} = admin@gmail.com</msg>
<status status="PASS" starttime="20231028 17:20:40.541" endtime="20231028 17:20:40.685"/>
</kw>
<kw name="Get Element Form Item By Name" library="common">
<var>${element}</var>
<arg>${name}</arg>
<arg>//input[contains(@class, "ant-input")]</arg>
<msg timestamp="20231028 17:20:40.685" level="INFO">${element} = xpath=//*[contains(@class, "ant-form-item-label")]/label[text()="Email"]/../../*[contains(@class, "ant-form-item")]//input[contains(@class, "ant-input")]</msg>
<status status="PASS" starttime="20231028 17:20:40.685" endtime="20231028 17:20:40.701"/>
</kw>
<kw name="Click" library="Browser">
<arg>${element}</arg>
<tag>PageContent</tag>
<tag>Setter</tag>
<doc>Simulates mouse click on the element found by ``selector``.</doc>
<status status="PASS" starttime="20231028 17:20:40.701" endtime="20231028 17:20:41.192"/>
</kw>
<kw name="Clear Text" library="Browser">
<arg>${element}</arg>
<tag>PageContent</tag>
<tag>Setter</tag>
<doc>Clears the text field found by ``selector``.</doc>
<status status="PASS" starttime="20231028 17:20:41.193" endtime="20231028 17:20:41.291"/>
</kw>
<kw name="Fill Text" library="Browser">
<arg>${element}</arg>
<arg>${text}</arg>
<arg>True</arg>
<tag>PageContent</tag>
<tag>Setter</tag>
<doc>Clears and fills the given ``txt`` into the text field found by ``selector``.</doc>
<msg timestamp="20231028 17:20:41.291" level="INFO">Fills the text 'admin@gmail.com' in the given field.</msg>
<status status="PASS" starttime="20231028 17:20:41.291" endtime="20231028 17:20:41.344"/>
</kw>
<kw name="Get Length" library="BuiltIn">
<var>${cnt}</var>
<arg>${text}</arg>
<doc>Returns and logs the length of the given item as an integer.</doc>
<msg timestamp="20231028 17:20:41.344" level="INFO">Length is 15</msg>
<msg timestamp="20231028 17:20:41.344" level="INFO">${cnt} = 15</msg>
<status status="PASS" starttime="20231028 17:20:41.344" endtime="20231028 17:20:41.344"/>
</kw>
<if>
<branch type="IF" condition="${cnt} &gt; 0">
<kw name="Set Global Variable" library="BuiltIn">
<arg>\${STATE["${name}"]}</arg>
<arg>${text}</arg>
<doc>Makes a variable available globally in all tests and suites.</doc>
<msg timestamp="20231028 17:20:41.344" level="INFO">${STATE["Email"]} = admin@gmail.com</msg>
<status status="PASS" starttime="20231028 17:20:41.344" endtime="20231028 17:20:41.344"/>
</kw>
<status status="PASS" starttime="20231028 17:20:41.344" endtime="20231028 17:20:41.344"/>
</branch>
<status status="PASS" starttime="20231028 17:20:41.344" endtime="20231028 17:20:41.344"/>
</if>
<status status="PASS" starttime="20231028 17:20:40.541" endtime="20231028 17:20:41.344"/>
</kw>
<kw name="Enter &quot;password&quot; in &quot;Mật khẩu&quot; with &quot;123123&quot;" library="common" sourcename="Enter &quot;${type}&quot; in &quot;${name}&quot; with &quot;${text}&quot;">
<kw name="Get Random Text" library="common">
<var>${text}</var>
<arg>${type}</arg>
<arg>${text}</arg>
<kw name="Set Variable" library="BuiltIn">
<var>${symbol}</var>
<arg>_RANDOM_</arg>
<doc>Returns the given values which can then be assigned to a variables.</doc>
<msg timestamp="20231028 17:20:41.344" level="INFO">${symbol} = _RANDOM_</msg>
<status status="PASS" starttime="20231028 17:20:41.344" endtime="20231028 17:20:41.344"/>
</kw>
<kw name="Set Variable" library="BuiltIn">
<var>${new_text}</var>
<doc>Returns the given values which can then be assigned to a variables.</doc>
<msg timestamp="20231028 17:20:41.344" level="INFO">${new_text} = </msg>
<status status="PASS" starttime="20231028 17:20:41.344" endtime="20231028 17:20:41.344"/>
</kw>
<kw name="Get Regexp Matches" library="String">
<var>${containsS}</var>
<arg>${text}</arg>
<arg>_@(.+)@_</arg>
<arg>1</arg>
<doc>Returns a list of all non-overlapping matches in the given string.</doc>
<msg timestamp="20231028 17:20:41.359" level="INFO">${containsS} = []</msg>
<status status="PASS" starttime="20231028 17:20:41.359" endtime="20231028 17:20:41.359"/>
</kw>
<kw name="Get Length" library="BuiltIn">
<var>${cntS}</var>
<arg>${containsS}</arg>
<doc>Returns and logs the length of the given item as an integer.</doc>
<msg timestamp="20231028 17:20:41.359" level="INFO">Length is 0</msg>
<msg timestamp="20231028 17:20:41.359" level="INFO">${cntS} = 0</msg>
<status status="PASS" starttime="20231028 17:20:41.359" endtime="20231028 17:20:41.359"/>
</kw>
<kw name="Get Regexp Matches" library="String">
<var>${contains}</var>
<arg>${text}</arg>
<arg>${symbol}</arg>
<doc>Returns a list of all non-overlapping matches in the given string.</doc>
<msg timestamp="20231028 17:20:41.359" level="INFO">${contains} = []</msg>
<status status="PASS" starttime="20231028 17:20:41.359" endtime="20231028 17:20:41.359"/>
</kw>
<kw name="Get Length" library="BuiltIn">
<var>${cnt}</var>
<arg>${contains}</arg>
<doc>Returns and logs the length of the given item as an integer.</doc>
<msg timestamp="20231028 17:20:41.359" level="INFO">Length is 0</msg>
<msg timestamp="20231028 17:20:41.359" level="INFO">${cnt} = 0</msg>
<status status="PASS" starttime="20231028 17:20:41.359" endtime="20231028 17:20:41.359"/>
</kw>
<if>
<branch type="IF" condition="${cntS} &gt; 0">
<kw name="Set Variable" library="BuiltIn">
<var>${new_text}</var>
<arg>${STATE["${containsS[0]}"]}</arg>
<doc>Returns the given values which can then be assigned to a variables.</doc>
<status status="NOT RUN" starttime="20231028 17:20:41.359" endtime="20231028 17:20:41.359"/>
</kw>
<kw name="Set Variable" library="BuiltIn">
<var>${symbol}</var>
<arg>_@${containsS[0]}@_</arg>
<doc>Returns the given values which can then be assigned to a variables.</doc>
<status status="NOT RUN" starttime="20231028 17:20:41.359" endtime="20231028 17:20:41.359"/>
</kw>
<status status="NOT RUN" starttime="20231028 17:20:41.359" endtime="20231028 17:20:41.359"/>
</branch>
<branch type="ELSE IF" condition="${cnt} &gt; 0 and '${type}' == 'test name'">
<kw name="Sentence" library="FakerLibrary">
<var>${random}</var>
<arg>nb_words=3</arg>
<doc>Generate a sentence.</doc>
<status status="NOT RUN" starttime="20231028 17:20:41.359" endtime="20231028 17:20:41.359"/>
</kw>
<kw name="Split String" library="String">
<var>${words}</var>
<arg>${TEST NAME}</arg>
<arg>${SPACE}</arg>
<doc>Splits the ``string`` using ``separator`` as a delimiter string.</doc>
<status status="NOT RUN" starttime="20231028 17:20:41.375" endtime="20231028 17:20:41.375"/>
</kw>
<kw name="Set Variable" library="BuiltIn">
<var>${new_text}</var>
<arg>${words[0]} ${random}</arg>
<doc>Returns the given values which can then be assigned to a variables.</doc>
<status status="NOT RUN" starttime="20231028 17:20:41.375" endtime="20231028 17:20:41.375"/>
</kw>
<status status="NOT RUN" starttime="20231028 17:20:41.359" endtime="20231028 17:20:41.375"/>
</branch>
<branch type="ELSE IF" condition="${cnt} &gt; 0 and '${type}' == 'number'">
<kw name="Random Int" library="FakerLibrary">
<var>${new_text}</var>
<doc>Generate a random integer between two integers ``min`` and ``max`` inclusive
while observing the provided ``step`` value.</doc>
<status status="NOT RUN" starttime="20231028 17:20:41.375" endtime="20231028 17:20:41.375"/>
</kw>
<kw name="Convert To String" library="BuiltIn">
<var>${new_text}</var>
<arg>${new_text}</arg>
<doc>Converts the given item to a Unicode string.</doc>
<status status="NOT RUN" starttime="20231028 17:20:41.375" endtime="20231028 17:20:41.375"/>
</kw>
<status status="NOT RUN" starttime="20231028 17:20:41.375" endtime="20231028 17:20:41.375"/>
</branch>
<branch type="ELSE IF" condition="${cnt} &gt; 0 and '${type}' == 'percentage'">
<kw name="Random Int" library="FakerLibrary">
<var>${new_text}</var>
<arg>max=100</arg>
<doc>Generate a random integer between two integers ``min`` and ``max`` inclusive
while observing the provided ``step`` value.</doc>
<status status="NOT RUN" starttime="20231028 17:20:41.375" endtime="20231028 17:20:41.375"/>
</kw>
<kw name="Convert To String" library="BuiltIn">
<var>${new_text}</var>
<arg>${new_text}</arg>
<doc>Converts the given item to a Unicode string.</doc>
<status status="NOT RUN" starttime="20231028 17:20:41.375" endtime="20231028 17:20:41.375"/>
</kw>
<status status="NOT RUN" starttime="20231028 17:20:41.375" endtime="20231028 17:20:41.375"/>
</branch>
<branch type="ELSE IF" condition="${cnt} &gt; 0 and '${type}' == 'paragraph'">
<kw name="Paragraph" library="FakerLibrary">
<var>${new_text}</var>
<doc>Generate a paragraph.</doc>
<status status="NOT RUN" starttime="20231028 17:20:41.375" endtime="20231028 17:20:41.375"/>
</kw>
<status status="NOT RUN" starttime="20231028 17:20:41.375" endtime="20231028 17:20:41.375"/>
</branch>
<branch type="ELSE IF" condition="${cnt} &gt; 0 and '${type}' == 'email'">
<kw name="Email" library="FakerLibrary">
<var>${new_text}</var>
<status status="NOT RUN" starttime="20231028 17:20:41.375" endtime="20231028 17:20:41.375"/>
</kw>
<status status="NOT RUN" starttime="20231028 17:20:41.375" endtime="20231028 17:20:41.375"/>
</branch>
<branch type="ELSE IF" condition="${cnt} &gt; 0 and '${type}' == 'phone'">
<kw name="Random Int" library="FakerLibrary">
<var>${new_text}</var>
<arg>min=2000000000</arg>
<arg>max=9999999999</arg>
<doc>Generate a random integer between two integers ``min`` and ``max`` inclusive
while observing the provided ``step`` value.</doc>
<status status="NOT RUN" starttime="20231028 17:20:41.375" endtime="20231028 17:20:41.375"/>
</kw>
<kw name="Convert To String" library="BuiltIn">
<var>${new_text}</var>
<arg>${new_text}</arg>
<doc>Converts the given item to a Unicode string.</doc>
<status status="NOT RUN" starttime="20231028 17:20:41.375" endtime="20231028 17:20:41.375"/>
</kw>
<kw name="Catenate" library="BuiltIn">
<var>${new_text}</var>
<arg>SEPARATOR=</arg>
<arg>0</arg>
<arg>${new_text}</arg>
<doc>Catenates the given items together and returns the resulted string.</doc>
<status status="NOT RUN" starttime="20231028 17:20:41.375" endtime="20231028 17:20:41.375"/>
</kw>
<status status="NOT RUN" starttime="20231028 17:20:41.375" endtime="20231028 17:20:41.375"/>
</branch>
<branch type="ELSE IF" condition="${cnt} &gt; 0 and '${type}' == 'color'">
<kw name="Safe Hex Color" library="FakerLibrary">
<var>${new_text}</var>
<doc>Generate a web-safe color formatted as a hex triplet.</doc>
<status status="NOT RUN" starttime="20231028 17:20:41.375" endtime="20231028 17:20:41.375"/>
</kw>
<status status="NOT RUN" starttime="20231028 17:20:41.375" endtime="20231028 17:20:41.375"/>
</branch>
<branch type="ELSE IF" condition="${cnt} &gt; 0 and &quot;${type}&quot; == 'password'">
<kw name="Password" library="FakerLibrary">
<var>${new_text}</var>
<arg>10</arg>
<arg>True</arg>
<arg>True</arg>
<arg>True</arg>
<arg>True</arg>
<doc>Generate a random password of the specified ``length``.</doc>
<status status="NOT RUN" starttime="20231028 17:20:41.391" endtime="20231028 17:20:41.391"/>
</kw>
<status status="NOT RUN" starttime="20231028 17:20:41.391" endtime="20231028 17:20:41.391"/>
</branch>
<branch type="ELSE IF" condition="${cnt} &gt; 0 and '${type}' == 'date'">
<kw name="Date" library="FakerLibrary">
<var>${new_text}</var>
<arg>pattern=%d-%m-%Y</arg>
<doc>Get a date string between January 1, 1970 and now.</doc>
<status status="NOT RUN" starttime="20231028 17:20:41.391" endtime="20231028 17:20:41.391"/>
</kw>
<status status="NOT RUN" starttime="20231028 17:20:41.391" endtime="20231028 17:20:41.391"/>
</branch>
<branch type="ELSE IF" condition="${cnt} &gt; 0 and '${type}' == 'word'">
<kw name="Sentence" library="FakerLibrary">
<var>${new_text}</var>
<arg>nb_words=2</arg>
<doc>Generate a sentence.</doc>
<status status="NOT RUN" starttime="20231028 17:20:41.391" endtime="20231028 17:20:41.391"/>
</kw>
<status status="NOT RUN" starttime="20231028 17:20:41.391" endtime="20231028 17:20:41.391"/>
</branch>
<branch type="ELSE IF" condition="${cnt} &gt; 0">
<kw name="Sentence" library="FakerLibrary">
<var>${new_text}</var>
<doc>Generate a sentence.</doc>
<status status="NOT RUN" starttime="20231028 17:20:41.391" endtime="20231028 17:20:41.391"/>
</kw>
<status status="NOT RUN" starttime="20231028 17:20:41.391" endtime="20231028 17:20:41.391"/>
</branch>
<status status="PASS" starttime="20231028 17:20:41.359" endtime="20231028 17:20:41.391"/>
</if>
<kw name="Get Length" library="BuiltIn">
<var>${cnt}</var>
<arg>${text}</arg>
<doc>Returns and logs the length of the given item as an integer.</doc>
<msg timestamp="20231028 17:20:41.391" level="INFO">Length is 6</msg>
<msg timestamp="20231028 17:20:41.391" level="INFO">${cnt} = 6</msg>
<status status="PASS" starttime="20231028 17:20:41.391" endtime="20231028 17:20:41.391"/>
</kw>
<if>
<branch type="IF" condition="${cnt} &gt; 0">
<kw name="Replace String" library="String">
<var>${text}</var>
<arg>${text}</arg>
<arg>${symbol}</arg>
<arg>${new_text}</arg>
<doc>Replaces ``search_for`` in the given ``string`` with ``replace_with``.</doc>
<msg timestamp="20231028 17:20:41.391" level="INFO">${text} = 123123</msg>
<status status="PASS" starttime="20231028 17:20:41.391" endtime="20231028 17:20:41.391"/>
</kw>
<status status="PASS" starttime="20231028 17:20:41.391" endtime="20231028 17:20:41.391"/>
</branch>
<status status="PASS" starttime="20231028 17:20:41.391" endtime="20231028 17:20:41.391"/>
</if>
<msg timestamp="20231028 17:20:41.391" level="INFO">${text} = 123123</msg>
<status status="PASS" starttime="20231028 17:20:41.344" endtime="20231028 17:20:41.391"/>
</kw>
<kw name="Get Element Form Item By Name" library="common">
<var>${element}</var>
<arg>${name}</arg>
<arg>//input[contains(@class, "ant-input")]</arg>
<msg timestamp="20231028 17:20:41.401" level="INFO">${element} = xpath=//*[contains(@class, "ant-form-item-label")]/label[text()="Mật khẩu"]/../../*[contains(@class, "ant-form-item")]//input[contains(@class, "ant-input")]</msg>
<status status="PASS" starttime="20231028 17:20:41.391" endtime="20231028 17:20:41.401"/>
</kw>
<kw name="Click" library="Browser">
<arg>${element}</arg>
<tag>PageContent</tag>
<tag>Setter</tag>
<doc>Simulates mouse click on the element found by ``selector``.</doc>
<status status="PASS" starttime="20231028 17:20:41.401" endtime="20231028 17:20:41.534"/>
</kw>
<kw name="Clear Text" library="Browser">
<arg>${element}</arg>
<tag>PageContent</tag>
<tag>Setter</tag>
<doc>Clears the text field found by ``selector``.</doc>
<status status="PASS" starttime="20231028 17:20:41.535" endtime="20231028 17:20:41.580"/>
</kw>
<kw name="Fill Text" library="Browser">
<arg>${element}</arg>
<arg>${text}</arg>
<arg>True</arg>
<tag>PageContent</tag>
<tag>Setter</tag>
<doc>Clears and fills the given ``txt`` into the text field found by ``selector``.</doc>
<msg timestamp="20231028 17:20:41.580" level="INFO">Fills the text '123123' in the given field.</msg>
<status status="PASS" starttime="20231028 17:20:41.580" endtime="20231028 17:20:41.641"/>
</kw>
<kw name="Get Length" library="BuiltIn">
<var>${cnt}</var>
<arg>${text}</arg>
<doc>Returns and logs the length of the given item as an integer.</doc>
<msg timestamp="20231028 17:20:41.641" level="INFO">Length is 6</msg>
<msg timestamp="20231028 17:20:41.641" level="INFO">${cnt} = 6</msg>
<status status="PASS" starttime="20231028 17:20:41.641" endtime="20231028 17:20:41.641"/>
</kw>
<if>
<branch type="IF" condition="${cnt} &gt; 0">
<kw name="Set Global Variable" library="BuiltIn">
<arg>\${STATE["${name}"]}</arg>
<arg>${text}</arg>
<doc>Makes a variable available globally in all tests and suites.</doc>
<msg timestamp="20231028 17:20:41.641" level="INFO">${STATE["Mật khẩu"]} = 123123</msg>
<status status="PASS" starttime="20231028 17:20:41.641" endtime="20231028 17:20:41.641"/>
</kw>
<status status="PASS" starttime="20231028 17:20:41.641" endtime="20231028 17:20:41.641"/>
</branch>
<status status="PASS" starttime="20231028 17:20:41.641" endtime="20231028 17:20:41.641"/>
</if>
<status status="PASS" starttime="20231028 17:20:41.344" endtime="20231028 17:20:41.641"/>
</kw>
<kw name="Click &quot;Đăng nhập&quot; button" library="common" sourcename="Click &quot;${text}&quot; button">
<kw name="Sleep" library="BuiltIn">
<arg>${SHOULD_TIMEOUT}</arg>
<doc>Pauses the test executed for the given time.</doc>
<msg timestamp="20231028 17:20:41.759" level="INFO">Slept 100 milliseconds</msg>
<status status="PASS" starttime="20231028 17:20:41.658" endtime="20231028 17:20:41.759"/>
</kw>
<kw name="Get Element Count" library="Browser">
<var>${cnt}</var>
<arg>//button[@title = "${text}"]</arg>
<tag>Assertion</tag>
<tag>Getter</tag>
<tag>PageContent</tag>
<doc>Returns the count of elements found with ``selector``.</doc>
<msg timestamp="20231028 17:20:41.774" level="INFO">${cnt} = 1</msg>
<status status="PASS" starttime="20231028 17:20:41.759" endtime="20231028 17:20:41.775"/>
</kw>
<if>
<branch type="IF" condition="${cnt} &gt; 0">
<kw name="Click" library="Browser">
<arg>xpath=//button[@title = "${text}"]</arg>
<tag>PageContent</tag>
<tag>Setter</tag>
<doc>Simulates mouse click on the element found by ``selector``.</doc>
<status status="PASS" starttime="20231028 17:20:41.776" endtime="20231028 17:20:41.882"/>
</kw>
<kw name="Click Confirm To Action" library="common">
<kw name="Set Variable" library="BuiltIn">
<var>${element}</var>
<arg>xpath=//*[contains(@class, "ant-popover")]//*[contains(@class, "ant-btn-primary")]</arg>
<doc>Returns the given values which can then be assigned to a variables.</doc>
<msg timestamp="20231028 17:20:41.882" level="INFO">${element} = xpath=//*[contains(@class, "ant-popover")]//*[contains(@class, "ant-btn-primary")]</msg>
<status status="PASS" starttime="20231028 17:20:41.882" endtime="20231028 17:20:41.882"/>
</kw>
<kw name="Get Element Count" library="Browser">
<var>${count}</var>
<arg>${element}</arg>
<tag>Assertion</tag>
<tag>Getter</tag>
<tag>PageContent</tag>
<doc>Returns the count of elements found with ``selector``.</doc>
<msg timestamp="20231028 17:20:41.910" level="INFO">${count} = 0</msg>
<status status="PASS" starttime="20231028 17:20:41.882" endtime="20231028 17:20:41.911"/>
</kw>
<if>
<branch type="IF" condition="${count} &gt; 0">
<kw name="Click" library="Browser">
<arg>${element}</arg>
<tag>PageContent</tag>
<tag>Setter</tag>
<doc>Simulates mouse click on the element found by ``selector``.</doc>
<status status="NOT RUN" starttime="20231028 17:20:41.915" endtime="20231028 17:20:41.916"/>
</kw>
<kw name="Sleep" library="BuiltIn">
<arg>${SHOULD_TIMEOUT}</arg>
<doc>Pauses the test executed for the given time.</doc>
<status status="NOT RUN" starttime="20231028 17:20:41.917" endtime="20231028 17:20:41.917"/>
</kw>
<kw name="Wait Until Element Spin" library="common">
<status status="NOT RUN" starttime="20231028 17:20:41.917" endtime="20231028 17:20:41.917"/>
</kw>
<status status="NOT RUN" starttime="20231028 17:20:41.912" endtime="20231028 17:20:41.917"/>
</branch>
<status status="PASS" starttime="20231028 17:20:41.911" endtime="20231028 17:20:41.917"/>
</if>
<status status="PASS" starttime="20231028 17:20:41.882" endtime="20231028 17:20:41.917"/>
</kw>
<kw name="Scroll By" library="Browser">
<arg>${None}</arg>
<tag>PageContent</tag>
<tag>Setter</tag>
<doc>Scrolls an element or the page relative from current position by the given values.</doc>
<msg timestamp="20231028 17:20:41.962" level="INFO">JavaScript executed successfully.</msg>
<msg timestamp="20231028 17:20:41.962" level="INFO">JavaScript executed successfully.</msg>
<msg timestamp="20231028 17:20:41.978" level="INFO">JavaScript executed successfully.</msg>
<msg timestamp="20231028 17:20:41.978" level="INFO">JavaScript executed successfully.</msg>
<msg timestamp="20231028 17:20:41.995" level="INFO">JavaScript executed successfully.</msg>
<status status="PASS" starttime="20231028 17:20:41.925" endtime="20231028 17:20:41.995"/>
</kw>
<status status="PASS" starttime="20231028 17:20:41.775" endtime="20231028 17:20:41.995"/>
</branch>
<branch type="ELSE">
<kw name="Click" library="Browser">
<arg>//span[contains(text(),"${text}")]</arg>
<tag>PageContent</tag>
<tag>Setter</tag>
<doc>Simulates mouse click on the element found by ``selector``.</doc>
<status status="NOT RUN" starttime="20231028 17:20:42.001" endtime="20231028 17:20:42.001"/>
</kw>
<kw name="Click Confirm To Action" library="common">
<status status="NOT RUN" starttime="20231028 17:20:42.001" endtime="20231028 17:20:42.001"/>
</kw>
<kw name="Scroll By" library="Browser">
<arg>${None}</arg>
<tag>PageContent</tag>
<tag>Setter</tag>
<doc>Scrolls an element or the page relative from current position by the given values.</doc>
<status status="NOT RUN" starttime="20231028 17:20:42.001" endtime="20231028 17:20:42.027"/>
</kw>
<status status="NOT RUN" starttime="20231028 17:20:42.001" endtime="20231028 17:20:42.028"/>
</branch>
<status status="PASS" starttime="20231028 17:20:41.775" endtime="20231028 17:20:42.029"/>
</if>
<status status="PASS" starttime="20231028 17:20:41.641" endtime="20231028 17:20:42.030"/>
</kw>
<kw name="User look message &quot;Success&quot; popup" library="common" sourcename="User look message &quot;${message}&quot; popup">
<kw name="Get Regexp Matches" library="String">
<var>${contains}</var>
<arg>${message}</arg>
<arg>_@(.+)@_</arg>
<arg>1</arg>
<doc>Returns a list of all non-overlapping matches in the given string.</doc>
<msg timestamp="20231028 17:20:42.033" level="INFO">${contains} = []</msg>
<status status="PASS" starttime="20231028 17:20:42.032" endtime="20231028 17:20:42.033"/>
</kw>
<kw name="Get Length" library="BuiltIn">
<var>${cnt}</var>
<arg>${contains}</arg>
<doc>Returns and logs the length of the given item as an integer.</doc>
<msg timestamp="20231028 17:20:42.035" level="INFO">Length is 0</msg>
<msg timestamp="20231028 17:20:42.035" level="INFO">${cnt} = 0</msg>
<status status="PASS" starttime="20231028 17:20:42.034" endtime="20231028 17:20:42.035"/>
</kw>
<if>
<branch type="IF" condition="${cnt} &gt; 0">
<kw name="Replace String" library="String">
<var>${message}</var>
<arg>${message}</arg>
<arg>_@${contains[0]}@_</arg>
<arg>${STATE["${contains[0]}"]}</arg>
<doc>Replaces ``search_for`` in the given ``string`` with ``replace_with``.</doc>
<status status="NOT RUN" starttime="20231028 17:20:42.040" endtime="20231028 17:20:42.041"/>
</kw>
<status status="NOT RUN" starttime="20231028 17:20:42.036" endtime="20231028 17:20:42.041"/>
</branch>
<status status="PASS" starttime="20231028 17:20:42.036" endtime="20231028 17:20:42.042"/>
</if>
<kw name="Element Text Should Be" library="common">
<arg>id=swal2-html-container</arg>
<arg>${message}</arg>
<kw name="Get Text" library="Browser">
<arg>${locator}</arg>
<arg>equal</arg>
<arg>${expected}</arg>
<arg>${message}</arg>
<tag>Assertion</tag>
<tag>Getter</tag>
<tag>PageContent</tag>
<doc>Returns text attribute of the element found by ``selector``.</doc>
<msg timestamp="20231028 17:20:42.600" level="INFO">Text: 'Success'</msg>
<status status="PASS" starttime="20231028 17:20:42.051" endtime="20231028 17:20:42.601"/>
</kw>
<status status="PASS" starttime="20231028 17:20:42.042" endtime="20231028 17:20:42.601"/>
</kw>
<kw name="Set Variable" library="BuiltIn">
<var>${element}</var>
<arg>xpath=//*[contains(@class, "swal2-confirm")]</arg>
<doc>Returns the given values which can then be assigned to a variables.</doc>
<msg timestamp="20231028 17:20:42.602" level="INFO">${element} = xpath=//*[contains(@class, "swal2-confirm")]</msg>
<status status="PASS" starttime="20231028 17:20:42.601" endtime="20231028 17:20:42.602"/>
</kw>
<kw name="Run Keyword And Return Status" library="BuiltIn">
<var>${passed}</var>
<arg>Element Should Be Visible</arg>
<arg>${element}</arg>
<doc>Runs the given keyword with given arguments and returns the status as a Boolean value.</doc>
<kw name="Element Should Be Visible" library="common">
<arg>${element}</arg>
<kw name="Wait For Elements State" library="Browser">
<arg>${locator}</arg>
<arg>visible</arg>
<arg>${timeout}</arg>
<arg>${message}</arg>
<tag>PageContent</tag>
<tag>Wait</tag>
<doc>Waits for the element found by ``selector`` to satisfy state option.</doc>
<msg timestamp="20231028 17:20:42.928" level="INFO" html="true">&lt;/td&gt;&lt;/tr&gt;&lt;tr&gt;&lt;td colspan="3"&gt;&lt;a href="browser/screenshot/fail-screenshot-1.png" target="_blank"&gt;&lt;img src="browser/screenshot/fail-screenshot-1.png" width="800px"/&gt;&lt;/a&gt;</msg>
<msg timestamp="20231028 17:20:42.929" level="INFO">See also file:///D:/Intern%20test/Automation/playwright-log.txt for additional details.</msg>
<msg timestamp="20231028 17:20:42.930" level="FAIL">TimeoutError: locator.waitFor: Timeout 100ms exceeded.
=========================== logs ===========================
waiting for locator('xpath=//*[contains(@class, "swal2-confirm")]') to be visible
  locator resolved to hidden &lt;button type="button" aria-label="" class="swal2-confirm…&gt;OK&lt;/button&gt;
  locator resolved to hidden &lt;button type="button" aria-label="" class="swal2-confirm…&gt;OK&lt;/button&gt;
  locator resolved to hidden &lt;button type="button" aria-label="" class="swal2-confirm…&gt;OK&lt;/button&gt;
============================================================
Tip: Use "Set Browser Timeout" for increasing the timeout or double check your locator as the targeted element(s) couldn't be found.</msg>
<status status="FAIL" starttime="20231028 17:20:42.609" endtime="20231028 17:20:42.941"/>
</kw>
<status status="FAIL" starttime="20231028 17:20:42.603" endtime="20231028 17:20:42.942"/>
</kw>
<msg timestamp="20231028 17:20:42.943" level="INFO">${passed} = False</msg>
<status status="PASS" starttime="20231028 17:20:42.602" endtime="20231028 17:20:42.943"/>
</kw>
<if>
<branch type="IF" condition="'${passed}' == 'True'">
<kw name="Click" library="Browser">
<arg>${element}</arg>
<tag>PageContent</tag>
<tag>Setter</tag>
<doc>Simulates mouse click on the element found by ``selector``.</doc>
<status status="NOT RUN" starttime="20231028 17:20:42.945" endtime="20231028 17:20:42.946"/>
</kw>
<status status="NOT RUN" starttime="20231028 17:20:42.944" endtime="20231028 17:20:42.946"/>
</branch>
<status status="PASS" starttime="20231028 17:20:42.944" endtime="20231028 17:20:42.947"/>
</if>
<status status="PASS" starttime="20231028 17:20:42.031" endtime="20231028 17:20:42.947"/>
</kw>
<status status="PASS" starttime="20231028 17:20:40.526" endtime="20231028 17:20:42.947"/>
</kw>
<kw name="When Click &quot;QUẢN LÝ TÀI KHOẢN&quot; menu" library="common" sourcename="Click &quot;${text}&quot; menu">
<kw name="Click" library="Browser">
<arg>xpath=//li[contains(@class, "menu") and descendant::span[contains(text(), "${text}")]]</arg>
<tag>PageContent</tag>
<tag>Setter</tag>
<doc>Simulates mouse click on the element found by ``selector``.</doc>
<status status="PASS" starttime="20231028 17:20:42.950" endtime="20231028 17:20:44.016"/>
</kw>
<status status="PASS" starttime="20231028 17:20:42.949" endtime="20231028 17:20:44.017"/>
</kw>
<kw name="When Click &quot;${name}&quot; sub menu to &quot;${url}&quot;" library="common" sourcename="Click &quot;${text}&quot; sub menu to &quot;${url}&quot;">
<kw name="Wait Until Element Spin" library="common">
<kw name="Sleep" library="BuiltIn">
<arg>${SHOULD_TIMEOUT}</arg>
<doc>Pauses the test executed for the given time.</doc>
<msg timestamp="20231028 17:20:44.118" level="INFO">Slept 100 milliseconds</msg>
<status status="PASS" starttime="20231028 17:20:44.018" endtime="20231028 17:20:44.118"/>
</kw>
<kw name="Set Variable" library="BuiltIn">
<var>${element}</var>
<arg>xpath=//*[contains(@class, "ant-spin-spinning")]</arg>
<doc>Returns the given values which can then be assigned to a variables.</doc>
<msg timestamp="20231028 17:20:44.119" level="INFO">${element} = xpath=//*[contains(@class, "ant-spin-spinning")]</msg>
<status status="PASS" starttime="20231028 17:20:44.118" endtime="20231028 17:20:44.119"/>
</kw>
<kw name="Get Element Count" library="Browser">
<var>${count}</var>
<arg>${element}</arg>
<tag>Assertion</tag>
<tag>Getter</tag>
<tag>PageContent</tag>
<doc>Returns the count of elements found with ``selector``.</doc>
<msg timestamp="20231028 17:20:44.131" level="INFO">${count} = 0</msg>
<status status="PASS" starttime="20231028 17:20:44.120" endtime="20231028 17:20:44.132"/>
</kw>
<if>
<branch type="IF" condition="${count} &gt; 0">
<kw name="Wait Until Page Does Not Contain Element" library="common">
<arg>${element}</arg>
<status status="NOT RUN" starttime="20231028 17:20:44.133" endtime="20231028 17:20:44.134"/>
</kw>
<status status="NOT RUN" starttime="20231028 17:20:44.132" endtime="20231028 17:20:44.134"/>
</branch>
<status status="PASS" starttime="20231028 17:20:44.132" endtime="20231028 17:20:44.135"/>
</if>
<status status="PASS" starttime="20231028 17:20:44.018" endtime="20231028 17:20:44.135"/>
</kw>
<kw name="Click" library="Browser">
<arg>xpath=//a[contains(@class, "sub-menu") and descendant::span[contains(text(), "${text}")]]</arg>
<tag>PageContent</tag>
<tag>Setter</tag>
<doc>Simulates mouse click on the element found by ``selector``.</doc>
<status status="PASS" starttime="20231028 17:20:44.136" endtime="20231028 17:20:44.583"/>
</kw>
<kw name="Get Url" library="Browser">
<var>${curent_url}</var>
<tag>Assertion</tag>
<tag>Getter</tag>
<tag>PageContent</tag>
<doc>Returns the current URL.</doc>
<msg timestamp="20231028 17:20:44.592" level="INFO">${curent_url} = http://dev1.geneat.vn:7802/vn/customer-account</msg>
<status status="PASS" starttime="20231028 17:20:44.584" endtime="20231028 17:20:44.592"/>
</kw>
<kw name="Should Contain" library="BuiltIn">
<arg>${curent_url}</arg>
<arg>${URL_DEFAULT}${url}</arg>
<doc>Fails if ``container`` does not contain ``item`` one or more times.</doc>
<status status="PASS" starttime="20231028 17:20:44.593" endtime="20231028 17:20:44.594"/>
</kw>
<status status="PASS" starttime="20231028 17:20:44.017" endtime="20231028 17:20:44.594"/>
</kw>
<kw name="When Click &quot;Tạo mới&quot; button" library="common" sourcename="Click &quot;${text}&quot; button">
<kw name="Sleep" library="BuiltIn">
<arg>${SHOULD_TIMEOUT}</arg>
<doc>Pauses the test executed for the given time.</doc>
<msg timestamp="20231028 17:20:44.698" level="INFO">Slept 100 milliseconds</msg>
<status status="PASS" starttime="20231028 17:20:44.596" endtime="20231028 17:20:44.698"/>
</kw>
<kw name="Get Element Count" library="Browser">
<var>${cnt}</var>
<arg>//button[@title = "${text}"]</arg>
<tag>Assertion</tag>
<tag>Getter</tag>
<tag>PageContent</tag>
<doc>Returns the count of elements found with ``selector``.</doc>
<msg timestamp="20231028 17:20:45.302" level="INFO">${cnt} = 1</msg>
<status status="PASS" starttime="20231028 17:20:44.699" endtime="20231028 17:20:45.302"/>
</kw>
<if>
<branch type="IF" condition="${cnt} &gt; 0">
<kw name="Click" library="Browser">
<arg>xpath=//button[@title = "${text}"]</arg>
<tag>PageContent</tag>
<tag>Setter</tag>
<doc>Simulates mouse click on the element found by ``selector``.</doc>
<status status="PASS" starttime="20231028 17:20:45.306" endtime="20231028 17:20:45.840"/>
</kw>
<kw name="Click Confirm To Action" library="common">
<kw name="Set Variable" library="BuiltIn">
<var>${element}</var>
<arg>xpath=//*[contains(@class, "ant-popover")]//*[contains(@class, "ant-btn-primary")]</arg>
<doc>Returns the given values which can then be assigned to a variables.</doc>
<msg timestamp="20231028 17:20:45.844" level="INFO">${element} = xpath=//*[contains(@class, "ant-popover")]//*[contains(@class, "ant-btn-primary")]</msg>
<status status="PASS" starttime="20231028 17:20:45.843" endtime="20231028 17:20:45.844"/>
</kw>
<kw name="Get Element Count" library="Browser">
<var>${count}</var>
<arg>${element}</arg>
<tag>Assertion</tag>
<tag>Getter</tag>
<tag>PageContent</tag>
<doc>Returns the count of elements found with ``selector``.</doc>
<msg timestamp="20231028 17:20:45.859" level="INFO">${count} = 0</msg>
<status status="PASS" starttime="20231028 17:20:45.845" endtime="20231028 17:20:45.860"/>
</kw>
<if>
<branch type="IF" condition="${count} &gt; 0">
<kw name="Click" library="Browser">
<arg>${element}</arg>
<tag>PageContent</tag>
<tag>Setter</tag>
<doc>Simulates mouse click on the element found by ``selector``.</doc>
<status status="NOT RUN" starttime="20231028 17:20:45.862" endtime="20231028 17:20:45.862"/>
</kw>
<kw name="Sleep" library="BuiltIn">
<arg>${SHOULD_TIMEOUT}</arg>
<doc>Pauses the test executed for the given time.</doc>
<status status="NOT RUN" starttime="20231028 17:20:45.863" endtime="20231028 17:20:45.864"/>
</kw>
<kw name="Wait Until Element Spin" library="common">
<status status="NOT RUN" starttime="20231028 17:20:45.864" endtime="20231028 17:20:45.865"/>
</kw>
<status status="NOT RUN" starttime="20231028 17:20:45.861" endtime="20231028 17:20:45.866"/>
</branch>
<status status="PASS" starttime="20231028 17:20:45.860" endtime="20231028 17:20:45.866"/>
</if>
<status status="PASS" starttime="20231028 17:20:45.841" endtime="20231028 17:20:45.866"/>
</kw>
<kw name="Scroll By" library="Browser">
<arg>${None}</arg>
<tag>PageContent</tag>
<tag>Setter</tag>
<doc>Scrolls an element or the page relative from current position by the given values.</doc>
<msg timestamp="20231028 17:20:45.913" level="INFO">JavaScript executed successfully.</msg>
<msg timestamp="20231028 17:20:45.913" level="INFO">JavaScript executed successfully.</msg>
<msg timestamp="20231028 17:20:45.933" level="INFO">JavaScript executed successfully.</msg>
<msg timestamp="20231028 17:20:45.934" level="INFO">JavaScript executed successfully.</msg>
<msg timestamp="20231028 17:20:45.944" level="INFO">JavaScript executed successfully.</msg>
<status status="PASS" starttime="20231028 17:20:45.867" endtime="20231028 17:20:45.944"/>
</kw>
<status status="PASS" starttime="20231028 17:20:45.305" endtime="20231028 17:20:45.945"/>
</branch>
<branch type="ELSE">
<kw name="Click" library="Browser">
<arg>//span[contains(text(),"${text}")]</arg>
<tag>PageContent</tag>
<tag>Setter</tag>
<doc>Simulates mouse click on the element found by ``selector``.</doc>
<status status="NOT RUN" starttime="20231028 17:20:45.946" endtime="20231028 17:20:45.947"/>
</kw>
<kw name="Click Confirm To Action" library="common">
<status status="NOT RUN" starttime="20231028 17:20:45.948" endtime="20231028 17:20:45.948"/>
</kw>
<kw name="Scroll By" library="Browser">
<arg>${None}</arg>
<tag>PageContent</tag>
<tag>Setter</tag>
<doc>Scrolls an element or the page relative from current position by the given values.</doc>
<status status="NOT RUN" starttime="20231028 17:20:45.949" endtime="20231028 17:20:45.950"/>
</kw>
<status status="NOT RUN" starttime="20231028 17:20:45.945" endtime="20231028 17:20:45.950"/>
</branch>
<status status="PASS" starttime="20231028 17:20:45.304" endtime="20231028 17:20:45.951"/>
</if>
<status status="PASS" starttime="20231028 17:20:44.595" endtime="20231028 17:20:45.951"/>
</kw>
<status status="PASS" starttime="20231028 17:20:40.526" endtime="20231028 17:20:45.952"/>
</kw>
<kw name="When Enter &quot;test name&quot; in &quot;Họ và tên&quot; with &quot;_RANDOM_&quot;" library="common" sourcename="Enter &quot;${type}&quot; in &quot;${name}&quot; with &quot;${text}&quot;">
<kw name="Get Random Text" library="common">
<var>${text}</var>
<arg>${type}</arg>
<arg>${text}</arg>
<kw name="Set Variable" library="BuiltIn">
<var>${symbol}</var>
<arg>_RANDOM_</arg>
<doc>Returns the given values which can then be assigned to a variables.</doc>
<msg timestamp="20231028 17:20:45.957" level="INFO">${symbol} = _RANDOM_</msg>
<status status="PASS" starttime="20231028 17:20:45.957" endtime="20231028 17:20:45.959"/>
</kw>
<kw name="Set Variable" library="BuiltIn">
<var>${new_text}</var>
<doc>Returns the given values which can then be assigned to a variables.</doc>
<msg timestamp="20231028 17:20:45.959" level="INFO">${new_text} = </msg>
<status status="PASS" starttime="20231028 17:20:45.959" endtime="20231028 17:20:45.961"/>
</kw>
<kw name="Get Regexp Matches" library="String">
<var>${containsS}</var>
<arg>${text}</arg>
<arg>_@(.+)@_</arg>
<arg>1</arg>
<doc>Returns a list of all non-overlapping matches in the given string.</doc>
<msg timestamp="20231028 17:20:45.961" level="INFO">${containsS} = []</msg>
<status status="PASS" starttime="20231028 17:20:45.961" endtime="20231028 17:20:45.961"/>
</kw>
<kw name="Get Length" library="BuiltIn">
<var>${cntS}</var>
<arg>${containsS}</arg>
<doc>Returns and logs the length of the given item as an integer.</doc>
<msg timestamp="20231028 17:20:45.961" level="INFO">Length is 0</msg>
<msg timestamp="20231028 17:20:45.961" level="INFO">${cntS} = 0</msg>
<status status="PASS" starttime="20231028 17:20:45.961" endtime="20231028 17:20:45.961"/>
</kw>
<kw name="Get Regexp Matches" library="String">
<var>${contains}</var>
<arg>${text}</arg>
<arg>${symbol}</arg>
<doc>Returns a list of all non-overlapping matches in the given string.</doc>
<msg timestamp="20231028 17:20:45.961" level="INFO">${contains} = ['_RANDOM_']</msg>
<status status="PASS" starttime="20231028 17:20:45.961" endtime="20231028 17:20:45.961"/>
</kw>
<kw name="Get Length" library="BuiltIn">
<var>${cnt}</var>
<arg>${contains}</arg>
<doc>Returns and logs the length of the given item as an integer.</doc>
<msg timestamp="20231028 17:20:45.971" level="INFO">Length is 1</msg>
<msg timestamp="20231028 17:20:45.971" level="INFO">${cnt} = 1</msg>
<status status="PASS" starttime="20231028 17:20:45.961" endtime="20231028 17:20:45.971"/>
</kw>
<if>
<branch type="IF" condition="${cntS} &gt; 0">
<kw name="Set Variable" library="BuiltIn">
<var>${new_text}</var>
<arg>${STATE["${containsS[0]}"]}</arg>
<doc>Returns the given values which can then be assigned to a variables.</doc>
<status status="NOT RUN" starttime="20231028 17:20:45.971" endtime="20231028 17:20:45.971"/>
</kw>
<kw name="Set Variable" library="BuiltIn">
<var>${symbol}</var>
<arg>_@${containsS[0]}@_</arg>
<doc>Returns the given values which can then be assigned to a variables.</doc>
<status status="NOT RUN" starttime="20231028 17:20:45.971" endtime="20231028 17:20:45.971"/>
</kw>
<status status="NOT RUN" starttime="20231028 17:20:45.971" endtime="20231028 17:20:45.971"/>
</branch>
<branch type="ELSE IF" condition="${cnt} &gt; 0 and '${type}' == 'test name'">
<kw name="Sentence" library="FakerLibrary">
<var>${random}</var>
<arg>nb_words=3</arg>
<doc>Generate a sentence.</doc>
<msg timestamp="20231028 17:20:45.990" level="INFO">${random} = Voluptatum sunt vitae.</msg>
<status status="PASS" starttime="20231028 17:20:45.982" endtime="20231028 17:20:45.992"/>
</kw>
<kw name="Split String" library="String">
<var>${words}</var>
<arg>${TEST NAME}</arg>
<arg>${SPACE}</arg>
<doc>Splits the ``string`` using ``separator`` as a delimiter string.</doc>
<msg timestamp="20231028 17:20:45.994" level="INFO">${words} = ['CA_49', 'Verify', 'the', 'delete', 'account', 'function']</msg>
<status status="PASS" starttime="20231028 17:20:45.993" endtime="20231028 17:20:45.995"/>
</kw>
<kw name="Set Variable" library="BuiltIn">
<var>${new_text}</var>
<arg>${words[0]} ${random}</arg>
<doc>Returns the given values which can then be assigned to a variables.</doc>
<msg timestamp="20231028 17:20:46.002" level="INFO">${new_text} = CA_49 Voluptatum sunt vitae.</msg>
<status status="PASS" starttime="20231028 17:20:45.999" endtime="20231028 17:20:46.002"/>
</kw>
<status status="PASS" starttime="20231028 17:20:45.982" endtime="20231028 17:20:46.007"/>
</branch>
<branch type="ELSE IF" condition="${cnt} &gt; 0 and '${type}' == 'number'">
<kw name="Random Int" library="FakerLibrary">
<var>${new_text}</var>
<doc>Generate a random integer between two integers ``min`` and ``max`` inclusive
while observing the provided ``step`` value.</doc>
<status status="NOT RUN" starttime="20231028 17:20:46.007" endtime="20231028 17:20:46.007"/>
</kw>
<kw name="Convert To String" library="BuiltIn">
<var>${new_text}</var>
<arg>${new_text}</arg>
<doc>Converts the given item to a Unicode string.</doc>
<status status="NOT RUN" starttime="20231028 17:20:46.010" endtime="20231028 17:20:46.010"/>
</kw>
<status status="NOT RUN" starttime="20231028 17:20:46.007" endtime="20231028 17:20:46.010"/>
</branch>
<branch type="ELSE IF" condition="${cnt} &gt; 0 and '${type}' == 'percentage'">
<kw name="Random Int" library="FakerLibrary">
<var>${new_text}</var>
<arg>max=100</arg>
<doc>Generate a random integer between two integers ``min`` and ``max`` inclusive
while observing the provided ``step`` value.</doc>
<status status="NOT RUN" starttime="20231028 17:20:46.012" endtime="20231028 17:20:46.012"/>
</kw>
<kw name="Convert To String" library="BuiltIn">
<var>${new_text}</var>
<arg>${new_text}</arg>
<doc>Converts the given item to a Unicode string.</doc>
<status status="NOT RUN" starttime="20231028 17:20:46.012" endtime="20231028 17:20:46.012"/>
</kw>
<status status="NOT RUN" starttime="20231028 17:20:46.012" endtime="20231028 17:20:46.012"/>
</branch>
<branch type="ELSE IF" condition="${cnt} &gt; 0 and '${type}' == 'paragraph'">
<kw name="Paragraph" library="FakerLibrary">
<var>${new_text}</var>
<doc>Generate a paragraph.</doc>
<status status="NOT RUN" starttime="20231028 17:20:46.024" endtime="20231028 17:20:46.025"/>
</kw>
<status status="NOT RUN" starttime="20231028 17:20:46.012" endtime="20231028 17:20:46.056"/>
</branch>
<branch type="ELSE IF" condition="${cnt} &gt; 0 and '${type}' == 'email'">
<kw name="Email" library="FakerLibrary">
<var>${new_text}</var>
<status status="NOT RUN" starttime="20231028 17:20:46.060" endtime="20231028 17:20:46.060"/>
</kw>
<status status="NOT RUN" starttime="20231028 17:20:46.056" endtime="20231028 17:20:46.060"/>
</branch>
<branch type="ELSE IF" condition="${cnt} &gt; 0 and '${type}' == 'phone'">
<kw name="Random Int" library="FakerLibrary">
<var>${new_text}</var>
<arg>min=2000000000</arg>
<arg>max=9999999999</arg>
<doc>Generate a random integer between two integers ``min`` and ``max`` inclusive
while observing the provided ``step`` value.</doc>
<status status="NOT RUN" starttime="20231028 17:20:46.062" endtime="20231028 17:20:46.062"/>
</kw>
<kw name="Convert To String" library="BuiltIn">
<var>${new_text}</var>
<arg>${new_text}</arg>
<doc>Converts the given item to a Unicode string.</doc>
<status status="NOT RUN" starttime="20231028 17:20:46.062" endtime="20231028 17:20:46.062"/>
</kw>
<kw name="Catenate" library="BuiltIn">
<var>${new_text}</var>
<arg>SEPARATOR=</arg>
<arg>0</arg>
<arg>${new_text}</arg>
<doc>Catenates the given items together and returns the resulted string.</doc>
<status status="NOT RUN" starttime="20231028 17:20:46.062" endtime="20231028 17:20:46.062"/>
</kw>
<status status="NOT RUN" starttime="20231028 17:20:46.060" endtime="20231028 17:20:46.062"/>
</branch>
<branch type="ELSE IF" condition="${cnt} &gt; 0 and '${type}' == 'color'">
<kw name="Safe Hex Color" library="FakerLibrary">
<var>${new_text}</var>
<doc>Generate a web-safe color formatted as a hex triplet.</doc>
<status status="NOT RUN" starttime="20231028 17:20:46.062" endtime="20231028 17:20:46.062"/>
</kw>
<status status="NOT RUN" starttime="20231028 17:20:46.062" endtime="20231028 17:20:46.062"/>
</branch>
<branch type="ELSE IF" condition="${cnt} &gt; 0 and &quot;${type}&quot; == 'password'">
<kw name="Password" library="FakerLibrary">
<var>${new_text}</var>
<arg>10</arg>
<arg>True</arg>
<arg>True</arg>
<arg>True</arg>
<arg>True</arg>
<doc>Generate a random password of the specified ``length``.</doc>
<status status="NOT RUN" starttime="20231028 17:20:46.074" endtime="20231028 17:20:46.075"/>
</kw>
<status status="NOT RUN" starttime="20231028 17:20:46.062" endtime="20231028 17:20:46.075"/>
</branch>
<branch type="ELSE IF" condition="${cnt} &gt; 0 and '${type}' == 'date'">
<kw name="Date" library="FakerLibrary">
<var>${new_text}</var>
<arg>pattern=%d-%m-%Y</arg>
<doc>Get a date string between January 1, 1970 and now.</doc>
<status status="NOT RUN" starttime="20231028 17:20:46.077" endtime="20231028 17:20:46.077"/>
</kw>
<status status="NOT RUN" starttime="20231028 17:20:46.076" endtime="20231028 17:20:46.078"/>
</branch>
<branch type="ELSE IF" condition="${cnt} &gt; 0 and '${type}' == 'word'">
<kw name="Sentence" library="FakerLibrary">
<var>${new_text}</var>
<arg>nb_words=2</arg>
<doc>Generate a sentence.</doc>
<status status="NOT RUN" starttime="20231028 17:20:46.079" endtime="20231028 17:20:46.080"/>
</kw>
<status status="NOT RUN" starttime="20231028 17:20:46.078" endtime="20231028 17:20:46.080"/>
</branch>
<branch type="ELSE IF" condition="${cnt} &gt; 0">
<kw name="Sentence" library="FakerLibrary">
<var>${new_text}</var>
<doc>Generate a sentence.</doc>
<status status="NOT RUN" starttime="20231028 17:20:46.081" endtime="20231028 17:20:46.082"/>
</kw>
<status status="NOT RUN" starttime="20231028 17:20:46.080" endtime="20231028 17:20:46.082"/>
</branch>
<status status="PASS" starttime="20231028 17:20:45.971" endtime="20231028 17:20:46.083"/>
</if>
<kw name="Get Length" library="BuiltIn">
<var>${cnt}</var>
<arg>${text}</arg>
<doc>Returns and logs the length of the given item as an integer.</doc>
<msg timestamp="20231028 17:20:46.084" level="INFO">Length is 8</msg>
<msg timestamp="20231028 17:20:46.085" level="INFO">${cnt} = 8</msg>
<status status="PASS" starttime="20231028 17:20:46.083" endtime="20231028 17:20:46.085"/>
</kw>
<if>
<branch type="IF" condition="${cnt} &gt; 0">
<kw name="Replace String" library="String">
<var>${text}</var>
<arg>${text}</arg>
<arg>${symbol}</arg>
<arg>${new_text}</arg>
<doc>Replaces ``search_for`` in the given ``string`` with ``replace_with``.</doc>
<msg timestamp="20231028 17:20:46.092" level="INFO">${text} = CA_49 Voluptatum sunt vitae.</msg>
<status status="PASS" starttime="20231028 17:20:46.090" endtime="20231028 17:20:46.092"/>
</kw>
<status status="PASS" starttime="20231028 17:20:46.090" endtime="20231028 17:20:46.092"/>
</branch>
<status status="PASS" starttime="20231028 17:20:46.085" endtime="20231028 17:20:46.092"/>
</if>
<msg timestamp="20231028 17:20:46.092" level="INFO">${text} = CA_49 Voluptatum sunt vitae.</msg>
<status status="PASS" starttime="20231028 17:20:45.956" endtime="20231028 17:20:46.092"/>
</kw>
<kw name="Get Element Form Item By Name" library="common">
<var>${element}</var>
<arg>${name}</arg>
<arg>//input[contains(@class, "ant-input")]</arg>
<msg timestamp="20231028 17:20:46.092" level="INFO">${element} = xpath=//*[contains(@class, "ant-form-item-label")]/label[text()="Họ và tên"]/../../*[contains(@class, "ant-form-item")]//input[contains(@class, "ant-input")]</msg>
<status status="PASS" starttime="20231028 17:20:46.092" endtime="20231028 17:20:46.092"/>
</kw>
<kw name="Click" library="Browser">
<arg>${element}</arg>
<tag>PageContent</tag>
<tag>Setter</tag>
<doc>Simulates mouse click on the element found by ``selector``.</doc>
<status status="PASS" starttime="20231028 17:20:46.092" endtime="20231028 17:20:46.398"/>
</kw>
<kw name="Clear Text" library="Browser">
<arg>${element}</arg>
<tag>PageContent</tag>
<tag>Setter</tag>
<doc>Clears the text field found by ``selector``.</doc>
<status status="PASS" starttime="20231028 17:20:46.399" endtime="20231028 17:20:46.428"/>
</kw>
<kw name="Fill Text" library="Browser">
<arg>${element}</arg>
<arg>${text}</arg>
<arg>True</arg>
<tag>PageContent</tag>
<tag>Setter</tag>
<doc>Clears and fills the given ``txt`` into the text field found by ``selector``.</doc>
<msg timestamp="20231028 17:20:46.428" level="INFO">Fills the text 'CA_49 Voluptatum sunt vitae.' in the given field.</msg>
<status status="PASS" starttime="20231028 17:20:46.428" endtime="20231028 17:20:46.478"/>
</kw>
<kw name="Get Length" library="BuiltIn">
<var>${cnt}</var>
<arg>${text}</arg>
<doc>Returns and logs the length of the given item as an integer.</doc>
<msg timestamp="20231028 17:20:46.478" level="INFO">Length is 28</msg>
<msg timestamp="20231028 17:20:46.478" level="INFO">${cnt} = 28</msg>
<status status="PASS" starttime="20231028 17:20:46.478" endtime="20231028 17:20:46.478"/>
</kw>
<if>
<branch type="IF" condition="${cnt} &gt; 0">
<kw name="Set Global Variable" library="BuiltIn">
<arg>\${STATE["${name}"]}</arg>
<arg>${text}</arg>
<doc>Makes a variable available globally in all tests and suites.</doc>
<msg timestamp="20231028 17:20:46.490" level="INFO">${STATE["Họ và tên"]} = CA_49 Voluptatum sunt vitae.</msg>
<status status="PASS" starttime="20231028 17:20:46.488" endtime="20231028 17:20:46.490"/>
</kw>
<status status="PASS" starttime="20231028 17:20:46.487" endtime="20231028 17:20:46.491"/>
</branch>
<status status="PASS" starttime="20231028 17:20:46.486" endtime="20231028 17:20:46.492"/>
</if>
<status status="PASS" starttime="20231028 17:20:45.955" endtime="20231028 17:20:46.492"/>
</kw>
<kw name="Check Text" library="common">
<var>${text}</var>
<arg>_@Họ và tên@_</arg>
<kw name="Get Regexp Matches" library="String">
<var>${containsS}</var>
<arg>${text}</arg>
<arg>_@(.+)@_</arg>
<arg>1</arg>
<doc>Returns a list of all non-overlapping matches in the given string.</doc>
<msg timestamp="20231028 17:20:46.492" level="INFO">${containsS} = ['Họ và tên']</msg>
<status status="PASS" starttime="20231028 17:20:46.492" endtime="20231028 17:20:46.492"/>
</kw>
<kw name="Get Length" library="BuiltIn">
<var>${cntS}</var>
<arg>${containsS}</arg>
<doc>Returns and logs the length of the given item as an integer.</doc>
<msg timestamp="20231028 17:20:46.492" level="INFO">Length is 1</msg>
<msg timestamp="20231028 17:20:46.492" level="INFO">${cntS} = 1</msg>
<status status="PASS" starttime="20231028 17:20:46.492" endtime="20231028 17:20:46.492"/>
</kw>
<if>
<branch type="IF" condition="${cntS} &gt; 0">
<kw name="Set Variable" library="BuiltIn">
<var>${text}</var>
<arg>${STATE["${containsS[0]}"]}</arg>
<doc>Returns the given values which can then be assigned to a variables.</doc>
<msg timestamp="20231028 17:20:46.492" level="INFO">${text} = CA_49 Voluptatum sunt vitae.</msg>
<status status="PASS" starttime="20231028 17:20:46.492" endtime="20231028 17:20:46.492"/>
</kw>
<status status="PASS" starttime="20231028 17:20:46.492" endtime="20231028 17:20:46.492"/>
</branch>
<status status="PASS" starttime="20231028 17:20:46.492" endtime="20231028 17:20:46.492"/>
</if>
<msg timestamp="20231028 17:20:46.492" level="INFO">${text} = CA_49 Voluptatum sunt vitae.</msg>
<status status="PASS" starttime="20231028 17:20:46.492" endtime="20231028 17:20:46.492"/>
</kw>
<kw name="Set Variable" library="BuiltIn">
<var>${name}</var>
<arg>${text}</arg>
<doc>Returns the given values which can then be assigned to a variables.</doc>
<msg timestamp="20231028 17:20:46.502" level="INFO">${name} = CA_49 Voluptatum sunt vitae.</msg>
<status status="PASS" starttime="20231028 17:20:46.492" endtime="20231028 17:20:46.502"/>
</kw>
<kw name="When Enter &quot;email&quot; in &quot;Email&quot; with &quot;_RANDOM_&quot;" library="common" sourcename="Enter &quot;${type}&quot; in &quot;${name}&quot; with &quot;${text}&quot;">
<kw name="Get Random Text" library="common">
<var>${text}</var>
<arg>${type}</arg>
<arg>${text}</arg>
<kw name="Set Variable" library="BuiltIn">
<var>${symbol}</var>
<arg>_RANDOM_</arg>
<doc>Returns the given values which can then be assigned to a variables.</doc>
<msg timestamp="20231028 17:20:46.508" level="INFO">${symbol} = _RANDOM_</msg>
<status status="PASS" starttime="20231028 17:20:46.507" endtime="20231028 17:20:46.509"/>
</kw>
<kw name="Set Variable" library="BuiltIn">
<var>${new_text}</var>
<doc>Returns the given values which can then be assigned to a variables.</doc>
<msg timestamp="20231028 17:20:46.509" level="INFO">${new_text} = </msg>
<status status="PASS" starttime="20231028 17:20:46.509" endtime="20231028 17:20:46.509"/>
</kw>
<kw name="Get Regexp Matches" library="String">
<var>${containsS}</var>
<arg>${text}</arg>
<arg>_@(.+)@_</arg>
<arg>1</arg>
<doc>Returns a list of all non-overlapping matches in the given string.</doc>
<msg timestamp="20231028 17:20:46.509" level="INFO">${containsS} = []</msg>
<status status="PASS" starttime="20231028 17:20:46.509" endtime="20231028 17:20:46.509"/>
</kw>
<kw name="Get Length" library="BuiltIn">
<var>${cntS}</var>
<arg>${containsS}</arg>
<doc>Returns and logs the length of the given item as an integer.</doc>
<msg timestamp="20231028 17:20:46.509" level="INFO">Length is 0</msg>
<msg timestamp="20231028 17:20:46.509" level="INFO">${cntS} = 0</msg>
<status status="PASS" starttime="20231028 17:20:46.509" endtime="20231028 17:20:46.509"/>
</kw>
<kw name="Get Regexp Matches" library="String">
<var>${contains}</var>
<arg>${text}</arg>
<arg>${symbol}</arg>
<doc>Returns a list of all non-overlapping matches in the given string.</doc>
<msg timestamp="20231028 17:20:46.509" level="INFO">${contains} = ['_RANDOM_']</msg>
<status status="PASS" starttime="20231028 17:20:46.509" endtime="20231028 17:20:46.509"/>
</kw>
<kw name="Get Length" library="BuiltIn">
<var>${cnt}</var>
<arg>${contains}</arg>
<doc>Returns and logs the length of the given item as an integer.</doc>
<msg timestamp="20231028 17:20:46.509" level="INFO">Length is 1</msg>
<msg timestamp="20231028 17:20:46.509" level="INFO">${cnt} = 1</msg>
<status status="PASS" starttime="20231028 17:20:46.509" endtime="20231028 17:20:46.509"/>
</kw>
<if>
<branch type="IF" condition="${cntS} &gt; 0">
<kw name="Set Variable" library="BuiltIn">
<var>${new_text}</var>
<arg>${STATE["${containsS[0]}"]}</arg>
<doc>Returns the given values which can then be assigned to a variables.</doc>
<status status="NOT RUN" starttime="20231028 17:20:46.509" endtime="20231028 17:20:46.509"/>
</kw>
<kw name="Set Variable" library="BuiltIn">
<var>${symbol}</var>
<arg>_@${containsS[0]}@_</arg>
<doc>Returns the given values which can then be assigned to a variables.</doc>
<status status="NOT RUN" starttime="20231028 17:20:46.509" endtime="20231028 17:20:46.509"/>
</kw>
<status status="NOT RUN" starttime="20231028 17:20:46.509" endtime="20231028 17:20:46.509"/>
</branch>
<branch type="ELSE IF" condition="${cnt} &gt; 0 and '${type}' == 'test name'">
<kw name="Sentence" library="FakerLibrary">
<var>${random}</var>
<arg>nb_words=3</arg>
<doc>Generate a sentence.</doc>
<status status="NOT RUN" starttime="20231028 17:20:46.509" endtime="20231028 17:20:46.509"/>
</kw>
<kw name="Split String" library="String">
<var>${words}</var>
<arg>${TEST NAME}</arg>
<arg>${SPACE}</arg>
<doc>Splits the ``string`` using ``separator`` as a delimiter string.</doc>
<status status="NOT RUN" starttime="20231028 17:20:46.509" endtime="20231028 17:20:46.521"/>
</kw>
<kw name="Set Variable" library="BuiltIn">
<var>${new_text}</var>
<arg>${words[0]} ${random}</arg>
<doc>Returns the given values which can then be assigned to a variables.</doc>
<status status="NOT RUN" starttime="20231028 17:20:46.522" endtime="20231028 17:20:46.522"/>
</kw>
<status status="NOT RUN" starttime="20231028 17:20:46.509" endtime="20231028 17:20:46.523"/>
</branch>
<branch type="ELSE IF" condition="${cnt} &gt; 0 and '${type}' == 'number'">
<kw name="Random Int" library="FakerLibrary">
<var>${new_text}</var>
<doc>Generate a random integer between two integers ``min`` and ``max`` inclusive
while observing the provided ``step`` value.</doc>
<status status="NOT RUN" starttime="20231028 17:20:46.524" endtime="20231028 17:20:46.525"/>
</kw>
<kw name="Convert To String" library="BuiltIn">
<var>${new_text}</var>
<arg>${new_text}</arg>
<doc>Converts the given item to a Unicode string.</doc>
<status status="NOT RUN" starttime="20231028 17:20:46.525" endtime="20231028 17:20:46.525"/>
</kw>
<status status="NOT RUN" starttime="20231028 17:20:46.523" endtime="20231028 17:20:46.525"/>
</branch>
<branch type="ELSE IF" condition="${cnt} &gt; 0 and '${type}' == 'percentage'">
<kw name="Random Int" library="FakerLibrary">
<var>${new_text}</var>
<arg>max=100</arg>
<doc>Generate a random integer between two integers ``min`` and ``max`` inclusive
while observing the provided ``step`` value.</doc>
<status status="NOT RUN" starttime="20231028 17:20:46.531" endtime="20231028 17:20:46.531"/>
</kw>
<kw name="Convert To String" library="BuiltIn">
<var>${new_text}</var>
<arg>${new_text}</arg>
<doc>Converts the given item to a Unicode string.</doc>
<status status="NOT RUN" starttime="20231028 17:20:46.531" endtime="20231028 17:20:46.531"/>
</kw>
<status status="NOT RUN" starttime="20231028 17:20:46.525" endtime="20231028 17:20:46.531"/>
</branch>
<branch type="ELSE IF" condition="${cnt} &gt; 0 and '${type}' == 'paragraph'">
<kw name="Paragraph" library="FakerLibrary">
<var>${new_text}</var>
<doc>Generate a paragraph.</doc>
<status status="NOT RUN" starttime="20231028 17:20:46.531" endtime="20231028 17:20:46.538"/>
</kw>
<status status="NOT RUN" starttime="20231028 17:20:46.531" endtime="20231028 17:20:46.538"/>
</branch>
<branch type="ELSE IF" condition="${cnt} &gt; 0 and '${type}' == 'email'">
<kw name="Email" library="FakerLibrary">
<var>${new_text}</var>
<msg timestamp="20231028 17:20:46.541" level="INFO">${new_text} = graval@example.org</msg>
<status status="PASS" starttime="20231028 17:20:46.540" endtime="20231028 17:20:46.541"/>
</kw>
<status status="PASS" starttime="20231028 17:20:46.539" endtime="20231028 17:20:46.542"/>
</branch>
<branch type="ELSE IF" condition="${cnt} &gt; 0 and '${type}' == 'phone'">
<kw name="Random Int" library="FakerLibrary">
<var>${new_text}</var>
<arg>min=2000000000</arg>
<arg>max=9999999999</arg>
<doc>Generate a random integer between two integers ``min`` and ``max`` inclusive
while observing the provided ``step`` value.</doc>
<status status="NOT RUN" starttime="20231028 17:20:46.543" endtime="20231028 17:20:46.544"/>
</kw>
<kw name="Convert To String" library="BuiltIn">
<var>${new_text}</var>
<arg>${new_text}</arg>
<doc>Converts the given item to a Unicode string.</doc>
<status status="NOT RUN" starttime="20231028 17:20:46.545" endtime="20231028 17:20:46.545"/>
</kw>
<kw name="Catenate" library="BuiltIn">
<var>${new_text}</var>
<arg>SEPARATOR=</arg>
<arg>0</arg>
<arg>${new_text}</arg>
<doc>Catenates the given items together and returns the resulted string.</doc>
<status status="NOT RUN" starttime="20231028 17:20:46.545" endtime="20231028 17:20:46.545"/>
</kw>
<status status="NOT RUN" starttime="20231028 17:20:46.542" endtime="20231028 17:20:46.545"/>
</branch>
<branch type="ELSE IF" condition="${cnt} &gt; 0 and '${type}' == 'color'">
<kw name="Safe Hex Color" library="FakerLibrary">
<var>${new_text}</var>
<doc>Generate a web-safe color formatted as a hex triplet.</doc>
<status status="NOT RUN" starttime="20231028 17:20:46.545" endtime="20231028 17:20:46.545"/>
</kw>
<status status="NOT RUN" starttime="20231028 17:20:46.545" endtime="20231028 17:20:46.545"/>
</branch>
<branch type="ELSE IF" condition="${cnt} &gt; 0 and &quot;${type}&quot; == 'password'">
<kw name="Password" library="FakerLibrary">
<var>${new_text}</var>
<arg>10</arg>
<arg>True</arg>
<arg>True</arg>
<arg>True</arg>
<arg>True</arg>
<doc>Generate a random password of the specified ``length``.</doc>
<status status="NOT RUN" starttime="20231028 17:20:46.545" endtime="20231028 17:20:46.554"/>
</kw>
<status status="NOT RUN" starttime="20231028 17:20:46.545" endtime="20231028 17:20:46.554"/>
</branch>
<branch type="ELSE IF" condition="${cnt} &gt; 0 and '${type}' == 'date'">
<kw name="Date" library="FakerLibrary">
<var>${new_text}</var>
<arg>pattern=%d-%m-%Y</arg>
<doc>Get a date string between January 1, 1970 and now.</doc>
<status status="NOT RUN" starttime="20231028 17:20:46.556" endtime="20231028 17:20:46.556"/>
</kw>
<status status="NOT RUN" starttime="20231028 17:20:46.555" endtime="20231028 17:20:46.557"/>
</branch>
<branch type="ELSE IF" condition="${cnt} &gt; 0 and '${type}' == 'word'">
<kw name="Sentence" library="FakerLibrary">
<var>${new_text}</var>
<arg>nb_words=2</arg>
<doc>Generate a sentence.</doc>
<status status="NOT RUN" starttime="20231028 17:20:46.558" endtime="20231028 17:20:46.559"/>
</kw>
<status status="NOT RUN" starttime="20231028 17:20:46.558" endtime="20231028 17:20:46.562"/>
</branch>
<branch type="ELSE IF" condition="${cnt} &gt; 0">
<kw name="Sentence" library="FakerLibrary">
<var>${new_text}</var>
<doc>Generate a sentence.</doc>
<status status="NOT RUN" starttime="20231028 17:20:46.562" endtime="20231028 17:20:46.562"/>
</kw>
<status status="NOT RUN" starttime="20231028 17:20:46.562" endtime="20231028 17:20:46.562"/>
</branch>
<status status="PASS" starttime="20231028 17:20:46.509" endtime="20231028 17:20:46.562"/>
</if>
<kw name="Get Length" library="BuiltIn">
<var>${cnt}</var>
<arg>${text}</arg>
<doc>Returns and logs the length of the given item as an integer.</doc>
<msg timestamp="20231028 17:20:46.572" level="INFO">Length is 8</msg>
<msg timestamp="20231028 17:20:46.573" level="INFO">${cnt} = 8</msg>
<status status="PASS" starttime="20231028 17:20:46.570" endtime="20231028 17:20:46.573"/>
</kw>
<if>
<branch type="IF" condition="${cnt} &gt; 0">
<kw name="Replace String" library="String">
<var>${text}</var>
<arg>${text}</arg>
<arg>${symbol}</arg>
<arg>${new_text}</arg>
<doc>Replaces ``search_for`` in the given ``string`` with ``replace_with``.</doc>
<msg timestamp="20231028 17:20:46.577" level="INFO">${text} = graval@example.org</msg>
<status status="PASS" starttime="20231028 17:20:46.577" endtime="20231028 17:20:46.577"/>
</kw>
<status status="PASS" starttime="20231028 17:20:46.574" endtime="20231028 17:20:46.577"/>
</branch>
<status status="PASS" starttime="20231028 17:20:46.573" endtime="20231028 17:20:46.577"/>
</if>
<msg timestamp="20231028 17:20:46.577" level="INFO">${text} = graval@example.org</msg>
<status status="PASS" starttime="20231028 17:20:46.506" endtime="20231028 17:20:46.577"/>
</kw>
<kw name="Get Element Form Item By Name" library="common">
<var>${element}</var>
<arg>${name}</arg>
<arg>//input[contains(@class, "ant-input")]</arg>
<msg timestamp="20231028 17:20:46.577" level="INFO">${element} = xpath=//*[contains(@class, "ant-form-item-label")]/label[text()="Email"]/../../*[contains(@class, "ant-form-item")]//input[contains(@class, "ant-input")]</msg>
<status status="PASS" starttime="20231028 17:20:46.577" endtime="20231028 17:20:46.577"/>
</kw>
<kw name="Click" library="Browser">
<arg>${element}</arg>
<tag>PageContent</tag>
<tag>Setter</tag>
<doc>Simulates mouse click on the element found by ``selector``.</doc>
<status status="PASS" starttime="20231028 17:20:46.577" endtime="20231028 17:20:46.701"/>
</kw>
<kw name="Clear Text" library="Browser">
<arg>${element}</arg>
<tag>PageContent</tag>
<tag>Setter</tag>
<doc>Clears the text field found by ``selector``.</doc>
<status status="PASS" starttime="20231028 17:20:46.703" endtime="20231028 17:20:46.739"/>
</kw>
<kw name="Fill Text" library="Browser">
<arg>${element}</arg>
<arg>${text}</arg>
<arg>True</arg>
<tag>PageContent</tag>
<tag>Setter</tag>
<doc>Clears and fills the given ``txt`` into the text field found by ``selector``.</doc>
<msg timestamp="20231028 17:20:46.739" level="INFO">Fills the text 'graval@example.org' in the given field.</msg>
<status status="PASS" starttime="20231028 17:20:46.739" endtime="20231028 17:20:46.793"/>
</kw>
<kw name="Get Length" library="BuiltIn">
<var>${cnt}</var>
<arg>${text}</arg>
<doc>Returns and logs the length of the given item as an integer.</doc>
<msg timestamp="20231028 17:20:46.795" level="INFO">Length is 18</msg>
<msg timestamp="20231028 17:20:46.795" level="INFO">${cnt} = 18</msg>
<status status="PASS" starttime="20231028 17:20:46.794" endtime="20231028 17:20:46.795"/>
</kw>
<if>
<branch type="IF" condition="${cnt} &gt; 0">
<kw name="Set Global Variable" library="BuiltIn">
<arg>\${STATE["${name}"]}</arg>
<arg>${text}</arg>
<doc>Makes a variable available globally in all tests and suites.</doc>
<msg timestamp="20231028 17:20:46.797" level="INFO">${STATE["Email"]} = graval@example.org</msg>
<status status="PASS" starttime="20231028 17:20:46.797" endtime="20231028 17:20:46.799"/>
</kw>
<status status="PASS" starttime="20231028 17:20:46.795" endtime="20231028 17:20:46.799"/>
</branch>
<status status="PASS" starttime="20231028 17:20:46.795" endtime="20231028 17:20:46.799"/>
</if>
<status status="PASS" starttime="20231028 17:20:46.504" endtime="20231028 17:20:46.799"/>
</kw>
<kw name="When Enter &quot;phone&quot; in &quot;Số điện thoại&quot; with &quot;_RANDOM_&quot;" library="common" sourcename="Enter &quot;${type}&quot; in &quot;${name}&quot; with &quot;${text}&quot;">
<kw name="Get Random Text" library="common">
<var>${text}</var>
<arg>${type}</arg>
<arg>${text}</arg>
<kw name="Set Variable" library="BuiltIn">
<var>${symbol}</var>
<arg>_RANDOM_</arg>
<doc>Returns the given values which can then be assigned to a variables.</doc>
<msg timestamp="20231028 17:20:46.805" level="INFO">${symbol} = _RANDOM_</msg>
<status status="PASS" starttime="20231028 17:20:46.805" endtime="20231028 17:20:46.807"/>
</kw>
<kw name="Set Variable" library="BuiltIn">
<var>${new_text}</var>
<doc>Returns the given values which can then be assigned to a variables.</doc>
<msg timestamp="20231028 17:20:46.807" level="INFO">${new_text} = </msg>
<status status="PASS" starttime="20231028 17:20:46.807" endtime="20231028 17:20:46.807"/>
</kw>
<kw name="Get Regexp Matches" library="String">
<var>${containsS}</var>
<arg>${text}</arg>
<arg>_@(.+)@_</arg>
<arg>1</arg>
<doc>Returns a list of all non-overlapping matches in the given string.</doc>
<msg timestamp="20231028 17:20:46.809" level="INFO">${containsS} = []</msg>
<status status="PASS" starttime="20231028 17:20:46.809" endtime="20231028 17:20:46.809"/>
</kw>
<kw name="Get Length" library="BuiltIn">
<var>${cntS}</var>
<arg>${containsS}</arg>
<doc>Returns and logs the length of the given item as an integer.</doc>
<msg timestamp="20231028 17:20:46.809" level="INFO">Length is 0</msg>
<msg timestamp="20231028 17:20:46.809" level="INFO">${cntS} = 0</msg>
<status status="PASS" starttime="20231028 17:20:46.809" endtime="20231028 17:20:46.809"/>
</kw>
<kw name="Get Regexp Matches" library="String">
<var>${contains}</var>
<arg>${text}</arg>
<arg>${symbol}</arg>
<doc>Returns a list of all non-overlapping matches in the given string.</doc>
<msg timestamp="20231028 17:20:46.809" level="INFO">${contains} = ['_RANDOM_']</msg>
<status status="PASS" starttime="20231028 17:20:46.809" endtime="20231028 17:20:46.809"/>
</kw>
<kw name="Get Length" library="BuiltIn">
<var>${cnt}</var>
<arg>${contains}</arg>
[...]
<var>${element}</var>
<arg>${name}</arg>
<arg>//button[@title = "${text}"]</arg>
<msg timestamp="20231028 17:20:51.564" level="INFO">${element} = xpath=//*[contains(@class, "ant-table-row")]//*[contains(text(),"CA_49 Voluptatum sunt vitae.")]/ancestor::tr//button[@title = "Xóa"]</msg>
<status status="PASS" starttime="20231028 17:20:51.563" endtime="20231028 17:20:51.564"/>
</kw>
<kw name="Click" library="Browser">
<arg>${element}</arg>
<tag>PageContent</tag>
<tag>Setter</tag>
<doc>Simulates mouse click on the element found by ``selector``.</doc>
<status status="PASS" starttime="20231028 17:20:51.564" endtime="20231028 17:20:51.712"/>
</kw>
<status status="PASS" starttime="20231028 17:20:51.563" endtime="20231028 17:20:51.712"/>
</branch>
<status status="PASS" starttime="20231028 17:20:51.556" endtime="20231028 17:20:51.719"/>
</if>
<kw name="Click Confirm To Action" library="common">
<kw name="Set Variable" library="BuiltIn">
<var>${element}</var>
<arg>xpath=//*[contains(@class, "ant-popover")]//*[contains(@class, "ant-btn-primary")]</arg>
<doc>Returns the given values which can then be assigned to a variables.</doc>
<msg timestamp="20231028 17:20:51.723" level="INFO">${element} = xpath=//*[contains(@class, "ant-popover")]//*[contains(@class, "ant-btn-primary")]</msg>
<status status="PASS" starttime="20231028 17:20:51.723" endtime="20231028 17:20:51.723"/>
</kw>
<kw name="Get Element Count" library="Browser">
<var>${count}</var>
<arg>${element}</arg>
<tag>Assertion</tag>
<tag>Getter</tag>
<tag>PageContent</tag>
<doc>Returns the count of elements found with ``selector``.</doc>
<msg timestamp="20231028 17:20:51.741" level="INFO">${count} = 1</msg>
<status status="PASS" starttime="20231028 17:20:51.723" endtime="20231028 17:20:51.742"/>
</kw>
<if>
<branch type="IF" condition="${count} &gt; 0">
<kw name="Click" library="Browser">
<arg>${element}</arg>
<tag>PageContent</tag>
<tag>Setter</tag>
<doc>Simulates mouse click on the element found by ``selector``.</doc>
<status status="PASS" starttime="20231028 17:20:51.743" endtime="20231028 17:20:52.177"/>
</kw>
<kw name="Sleep" library="BuiltIn">
<arg>${SHOULD_TIMEOUT}</arg>
<doc>Pauses the test executed for the given time.</doc>
<msg timestamp="20231028 17:20:52.280" level="INFO">Slept 100 milliseconds</msg>
<status status="PASS" starttime="20231028 17:20:52.177" endtime="20231028 17:20:52.280"/>
</kw>
<kw name="Wait Until Element Spin" library="common">
<kw name="Sleep" library="BuiltIn">
<arg>${SHOULD_TIMEOUT}</arg>
<doc>Pauses the test executed for the given time.</doc>
<msg timestamp="20231028 17:20:52.383" level="INFO">Slept 100 milliseconds</msg>
<status status="PASS" starttime="20231028 17:20:52.282" endtime="20231028 17:20:52.383"/>
</kw>
<kw name="Set Variable" library="BuiltIn">
<var>${element}</var>
<arg>xpath=//*[contains(@class, "ant-spin-spinning")]</arg>
<doc>Returns the given values which can then be assigned to a variables.</doc>
<msg timestamp="20231028 17:20:52.384" level="INFO">${element} = xpath=//*[contains(@class, "ant-spin-spinning")]</msg>
<status status="PASS" starttime="20231028 17:20:52.383" endtime="20231028 17:20:52.386"/>
</kw>
<kw name="Get Element Count" library="Browser">
<var>${count}</var>
<arg>${element}</arg>
<tag>Assertion</tag>
<tag>Getter</tag>
<tag>PageContent</tag>
<doc>Returns the count of elements found with ``selector``.</doc>
<msg timestamp="20231028 17:20:52.497" level="INFO">${count} = 0</msg>
<status status="PASS" starttime="20231028 17:20:52.389" endtime="20231028 17:20:52.498"/>
</kw>
<if>
<branch type="IF" condition="${count} &gt; 0">
<kw name="Wait Until Page Does Not Contain Element" library="common">
<arg>${element}</arg>
<status status="NOT RUN" starttime="20231028 17:20:52.499" endtime="20231028 17:20:52.500"/>
</kw>
<status status="NOT RUN" starttime="20231028 17:20:52.499" endtime="20231028 17:20:52.500"/>
</branch>
<status status="PASS" starttime="20231028 17:20:52.498" endtime="20231028 17:20:52.501"/>
</if>
<status status="PASS" starttime="20231028 17:20:52.281" endtime="20231028 17:20:52.501"/>
</kw>
<status status="PASS" starttime="20231028 17:20:51.742" endtime="20231028 17:20:52.501"/>
</branch>
<status status="PASS" starttime="20231028 17:20:51.742" endtime="20231028 17:20:52.506"/>
</if>
<status status="PASS" starttime="20231028 17:20:51.721" endtime="20231028 17:20:52.508"/>
</kw>
<kw name="Wait Until Network Is Idle" library="Browser">
<tag>HTTP</tag>
<tag>Wait</tag>
<doc>Waits until there has been at least one instance of 500 ms of no network traffic on the page after loading.</doc>
<status status="PASS" starttime="20231028 17:20:52.509" endtime="20231028 17:20:52.521"/>
</kw>
<status status="PASS" starttime="20231028 17:20:51.313" endtime="20231028 17:20:52.521"/>
</kw>
<kw name="Then User look message &quot;Xóa thành công&quot; popup" library="common" sourcename="User look message &quot;${message}&quot; popup">
<kw name="Get Regexp Matches" library="String">
<var>${contains}</var>
<arg>${message}</arg>
<arg>_@(.+)@_</arg>
<arg>1</arg>
<doc>Returns a list of all non-overlapping matches in the given string.</doc>
<msg timestamp="20231028 17:20:52.531" level="INFO">${contains} = []</msg>
<status status="PASS" starttime="20231028 17:20:52.531" endtime="20231028 17:20:52.531"/>
</kw>
<kw name="Get Length" library="BuiltIn">
<var>${cnt}</var>
<arg>${contains}</arg>
<doc>Returns and logs the length of the given item as an integer.</doc>
<msg timestamp="20231028 17:20:52.531" level="INFO">Length is 0</msg>
<msg timestamp="20231028 17:20:52.536" level="INFO">${cnt} = 0</msg>
<status status="PASS" starttime="20231028 17:20:52.531" endtime="20231028 17:20:52.538"/>
</kw>
<if>
<branch type="IF" condition="${cnt} &gt; 0">
<kw name="Replace String" library="String">
<var>${message}</var>
<arg>${message}</arg>
<arg>_@${contains[0]}@_</arg>
<arg>${STATE["${contains[0]}"]}</arg>
<doc>Replaces ``search_for`` in the given ``string`` with ``replace_with``.</doc>
<status status="NOT RUN" starttime="20231028 17:20:52.543" endtime="20231028 17:20:52.544"/>
</kw>
<status status="NOT RUN" starttime="20231028 17:20:52.541" endtime="20231028 17:20:52.545"/>
</branch>
<status status="PASS" starttime="20231028 17:20:52.540" endtime="20231028 17:20:52.545"/>
</if>
<kw name="Element Text Should Be" library="common">
<arg>id=swal2-html-container</arg>
<arg>${message}</arg>
<kw name="Get Text" library="Browser">
<arg>${locator}</arg>
<arg>equal</arg>
<arg>${expected}</arg>
<arg>${message}</arg>
<tag>Assertion</tag>
<tag>Getter</tag>
<tag>PageContent</tag>
<doc>Returns text attribute of the element found by ``selector``.</doc>
<msg timestamp="20231028 17:20:52.634" level="INFO">Text: 'Xóa thành công'</msg>
<status status="PASS" starttime="20231028 17:20:52.550" endtime="20231028 17:20:52.634"/>
</kw>
<status status="PASS" starttime="20231028 17:20:52.546" endtime="20231028 17:20:52.634"/>
</kw>
<kw name="Set Variable" library="BuiltIn">
<var>${element}</var>
<arg>xpath=//*[contains(@class, "swal2-confirm")]</arg>
<doc>Returns the given values which can then be assigned to a variables.</doc>
<msg timestamp="20231028 17:20:52.641" level="INFO">${element} = xpath=//*[contains(@class, "swal2-confirm")]</msg>
<status status="PASS" starttime="20231028 17:20:52.638" endtime="20231028 17:20:52.642"/>
</kw>
<kw name="Run Keyword And Return Status" library="BuiltIn">
<var>${passed}</var>
<arg>Element Should Be Visible</arg>
<arg>${element}</arg>
<doc>Runs the given keyword with given arguments and returns the status as a Boolean value.</doc>
<kw name="Element Should Be Visible" library="common">
<arg>${element}</arg>
<kw name="Wait For Elements State" library="Browser">
<arg>${locator}</arg>
<arg>visible</arg>
<arg>${timeout}</arg>
<arg>${message}</arg>
<tag>PageContent</tag>
<tag>Wait</tag>
<doc>Waits for the element found by ``selector`` to satisfy state option.</doc>
<msg timestamp="20231028 17:20:53.159" level="INFO" html="true">&lt;/td&gt;&lt;/tr&gt;&lt;tr&gt;&lt;td colspan="3"&gt;&lt;a href="browser/screenshot/fail-screenshot-3.png" target="_blank"&gt;&lt;img src="browser/screenshot/fail-screenshot-3.png" width="800px"/&gt;&lt;/a&gt;</msg>
<msg timestamp="20231028 17:20:53.159" level="INFO">See also file:///D:/Intern%20test/Automation/playwright-log.txt for additional details.</msg>
<msg timestamp="20231028 17:20:53.160" level="FAIL">TimeoutError: locator.waitFor: Timeout 100ms exceeded.
=========================== logs ===========================
waiting for locator('xpath=//*[contains(@class, "swal2-confirm")]') to be visible
  locator resolved to hidden &lt;button type="button" aria-label="" class="swal2-confirm…&gt;OK&lt;/button&gt;
  locator resolved to hidden &lt;button type="button" aria-label="" class="swal2-confirm…&gt;OK&lt;/button&gt;
============================================================
Tip: Use "Set Browser Timeout" for increasing the timeout or double check your locator as the targeted element(s) couldn't be found.</msg>
<status status="FAIL" starttime="20231028 17:20:52.646" endtime="20231028 17:20:53.163"/>
</kw>
<status status="FAIL" starttime="20231028 17:20:52.644" endtime="20231028 17:20:53.164"/>
</kw>
<msg timestamp="20231028 17:20:53.165" level="INFO">${passed} = False</msg>
<status status="PASS" starttime="20231028 17:20:52.643" endtime="20231028 17:20:53.165"/>
</kw>
<if>
<branch type="IF" condition="'${passed}' == 'True'">
<kw name="Click" library="Browser">
<arg>${element}</arg>
<tag>PageContent</tag>
<tag>Setter</tag>
<doc>Simulates mouse click on the element found by ``selector``.</doc>
<status status="NOT RUN" starttime="20231028 17:20:53.167" endtime="20231028 17:20:53.168"/>
</kw>
<status status="NOT RUN" starttime="20231028 17:20:53.166" endtime="20231028 17:20:53.168"/>
</branch>
<status status="PASS" starttime="20231028 17:20:53.166" endtime="20231028 17:20:53.169"/>
</if>
<status status="PASS" starttime="20231028 17:20:52.529" endtime="20231028 17:20:53.170"/>
</kw>
<kw name="Then &quot;_@Họ và tên@_&quot; should not be visible in table line" library="common" sourcename="&quot;${name}&quot; should not be visible in table line">
<kw name="Wait Until Element Spin" library="common">
<kw name="Sleep" library="BuiltIn">
<arg>${SHOULD_TIMEOUT}</arg>
<doc>Pauses the test executed for the given time.</doc>
<msg timestamp="20231028 17:20:53.306" level="INFO">Slept 100 milliseconds</msg>
<status status="PASS" starttime="20231028 17:20:53.204" endtime="20231028 17:20:53.306"/>
</kw>
<kw name="Set Variable" library="BuiltIn">
<var>${element}</var>
<arg>xpath=//*[contains(@class, "ant-spin-spinning")]</arg>
<doc>Returns the given values which can then be assigned to a variables.</doc>
<msg timestamp="20231028 17:20:53.308" level="INFO">${element} = xpath=//*[contains(@class, "ant-spin-spinning")]</msg>
<status status="PASS" starttime="20231028 17:20:53.307" endtime="20231028 17:20:53.308"/>
</kw>
<kw name="Get Element Count" library="Browser">
<var>${count}</var>
<arg>${element}</arg>
<tag>Assertion</tag>
<tag>Getter</tag>
<tag>PageContent</tag>
<doc>Returns the count of elements found with ``selector``.</doc>
<msg timestamp="20231028 17:20:53.323" level="INFO">${count} = 0</msg>
<status status="PASS" starttime="20231028 17:20:53.309" endtime="20231028 17:20:53.323"/>
</kw>
<if>
<branch type="IF" condition="${count} &gt; 0">
<kw name="Wait Until Page Does Not Contain Element" library="common">
<arg>${element}</arg>
<status status="NOT RUN" starttime="20231028 17:20:53.323" endtime="20231028 17:20:53.323"/>
</kw>
<status status="NOT RUN" starttime="20231028 17:20:53.323" endtime="20231028 17:20:53.323"/>
</branch>
<status status="PASS" starttime="20231028 17:20:53.323" endtime="20231028 17:20:53.332"/>
</if>
<status status="PASS" starttime="20231028 17:20:53.200" endtime="20231028 17:20:53.332"/>
</kw>
<kw name="Check Text" library="common">
<var>${name}</var>
<arg>${name}</arg>
<kw name="Get Regexp Matches" library="String">
<var>${containsS}</var>
<arg>${text}</arg>
<arg>_@(.+)@_</arg>
<arg>1</arg>
<doc>Returns a list of all non-overlapping matches in the given string.</doc>
<msg timestamp="20231028 17:20:53.334" level="INFO">${containsS} = ['Họ và tên']</msg>
<status status="PASS" starttime="20231028 17:20:53.334" endtime="20231028 17:20:53.334"/>
</kw>
<kw name="Get Length" library="BuiltIn">
<var>${cntS}</var>
<arg>${containsS}</arg>
<doc>Returns and logs the length of the given item as an integer.</doc>
<msg timestamp="20231028 17:20:53.340" level="INFO">Length is 1</msg>
<msg timestamp="20231028 17:20:53.340" level="INFO">${cntS} = 1</msg>
<status status="PASS" starttime="20231028 17:20:53.338" endtime="20231028 17:20:53.341"/>
</kw>
<if>
<branch type="IF" condition="${cntS} &gt; 0">
<kw name="Set Variable" library="BuiltIn">
<var>${text}</var>
<arg>${STATE["${containsS[0]}"]}</arg>
<doc>Returns the given values which can then be assigned to a variables.</doc>
<msg timestamp="20231028 17:20:53.345" level="INFO">${text} = CA_49 Voluptatum sunt vitae.</msg>
<status status="PASS" starttime="20231028 17:20:53.342" endtime="20231028 17:20:53.345"/>
</kw>
<status status="PASS" starttime="20231028 17:20:53.341" endtime="20231028 17:20:53.346"/>
</branch>
<status status="PASS" starttime="20231028 17:20:53.341" endtime="20231028 17:20:53.346"/>
</if>
<msg timestamp="20231028 17:20:53.347" level="INFO">${name} = CA_49 Voluptatum sunt vitae.</msg>
<status status="PASS" starttime="20231028 17:20:53.332" endtime="20231028 17:20:53.347"/>
</kw>
<kw name="Count the number data in list" library="common">
<var>${count}</var>
<kw name="Wait Until Element Spin" library="common">
<kw name="Sleep" library="BuiltIn">
<arg>${SHOULD_TIMEOUT}</arg>
<doc>Pauses the test executed for the given time.</doc>
<msg timestamp="20231028 17:20:53.453" level="INFO">Slept 100 milliseconds</msg>
<status status="PASS" starttime="20231028 17:20:53.350" endtime="20231028 17:20:53.454"/>
</kw>
<kw name="Set Variable" library="BuiltIn">
<var>${element}</var>
<arg>xpath=//*[contains(@class, "ant-spin-spinning")]</arg>
<doc>Returns the given values which can then be assigned to a variables.</doc>
<msg timestamp="20231028 17:20:53.455" level="INFO">${element} = xpath=//*[contains(@class, "ant-spin-spinning")]</msg>
<status status="PASS" starttime="20231028 17:20:53.454" endtime="20231028 17:20:53.455"/>
</kw>
<kw name="Get Element Count" library="Browser">
<var>${count}</var>
<arg>${element}</arg>
<tag>Assertion</tag>
<tag>Getter</tag>
<tag>PageContent</tag>
<doc>Returns the count of elements found with ``selector``.</doc>
<msg timestamp="20231028 17:20:53.466" level="INFO">${count} = 0</msg>
<status status="PASS" starttime="20231028 17:20:53.456" endtime="20231028 17:20:53.466"/>
</kw>
<if>
<branch type="IF" condition="${count} &gt; 0">
<kw name="Wait Until Page Does Not Contain Element" library="common">
<arg>${element}</arg>
<status status="NOT RUN" starttime="20231028 17:20:53.468" endtime="20231028 17:20:53.469"/>
</kw>
<status status="NOT RUN" starttime="20231028 17:20:53.467" endtime="20231028 17:20:53.469"/>
</branch>
<status status="PASS" starttime="20231028 17:20:53.467" endtime="20231028 17:20:53.469"/>
</if>
<status status="PASS" starttime="20231028 17:20:53.349" endtime="20231028 17:20:53.469"/>
</kw>
<kw name="Set Variable" library="BuiltIn">
<var>${element}</var>
<arg>xpath=//tbody//tr[contains(@class, 'ant-table-row')]</arg>
<doc>Returns the given values which can then be assigned to a variables.</doc>
<msg timestamp="20231028 17:20:53.473" level="INFO">${element} = xpath=//tbody//tr[contains(@class, 'ant-table-row')]</msg>
<status status="PASS" starttime="20231028 17:20:53.473" endtime="20231028 17:20:53.473"/>
</kw>
<kw name="Get Element Count" library="Browser">
<var>${count}</var>
<arg>${element}</arg>
<tag>Assertion</tag>
<tag>Getter</tag>
<tag>PageContent</tag>
<doc>Returns the count of elements found with ``selector``.</doc>
<msg timestamp="20231028 17:20:53.483" level="INFO">${count} = 7</msg>
<status status="PASS" starttime="20231028 17:20:53.475" endtime="20231028 17:20:53.483"/>
</kw>
<if>
<branch type="IF" condition="${count} &lt;= 0">
<kw name="Wait Until Element Spin" library="common">
<status status="NOT RUN" starttime="20231028 17:20:53.485" endtime="20231028 17:20:53.485"/>
</kw>
<kw name="Get Element Count" library="Browser">
<var>${count}</var>
<arg>${element}</arg>
<tag>Assertion</tag>
<tag>Getter</tag>
<tag>PageContent</tag>
<doc>Returns the count of elements found with ``selector``.</doc>
<status status="NOT RUN" starttime="20231028 17:20:53.489" endtime="20231028 17:20:53.489"/>
</kw>
<kw name="Convert To Integer" library="BuiltIn">
<var>${count}</var>
<arg>${count}</arg>
<doc>Converts the given item to an integer number.</doc>
<status status="NOT RUN" starttime="20231028 17:20:53.490" endtime="20231028 17:20:53.490"/>
</kw>
<status status="NOT RUN" starttime="20231028 17:20:53.485" endtime="20231028 17:20:53.491"/>
</branch>
<branch type="ELSE">
<kw name="Convert To Integer" library="BuiltIn">
<var>${count}</var>
<arg>${count}</arg>
<doc>Converts the given item to an integer number.</doc>
<msg timestamp="20231028 17:20:53.493" level="INFO">${count} = 7</msg>
<status status="PASS" starttime="20231028 17:20:53.492" endtime="20231028 17:20:53.494"/>
</kw>
<status status="PASS" starttime="20231028 17:20:53.491" endtime="20231028 17:20:53.494"/>
</branch>
<status status="PASS" starttime="20231028 17:20:53.485" endtime="20231028 17:20:53.495"/>
</if>
<msg timestamp="20231028 17:20:53.495" level="INFO">${count} = 7</msg>
<status status="PASS" starttime="20231028 17:20:53.348" endtime="20231028 17:20:53.496"/>
</kw>
<if>
<branch type="IF" condition="${count} &gt; 0">
<kw name="Get Property" library="Browser">
<arg>//tbody/tr[2]/td[2]/button[1]</arg>
<arg>innerText</arg>
<arg>inequal</arg>
<arg>${name}</arg>
<tag>Assertion</tag>
<tag>Getter</tag>
<tag>PageContent</tag>
<doc>Returns the ``property`` of the element found by ``selector``.</doc>
<msg timestamp="20231028 17:20:53.529" level="INFO">Property: 'CA_06_02 Vitae doloremque.'</msg>
<status status="PASS" starttime="20231028 17:20:53.498" endtime="20231028 17:20:53.530"/>
</kw>
<status status="PASS" starttime="20231028 17:20:53.497" endtime="20231028 17:20:53.531"/>
</branch>
<branch type="ELSE">
<kw name="Get Text" library="Browser">
<arg>//tbody/tr[2]</arg>
<arg>equal</arg>
<arg>No Data</arg>
<tag>Assertion</tag>
<tag>Getter</tag>
<tag>PageContent</tag>
<doc>Returns text attribute of the element found by ``selector``.</doc>
<status status="NOT RUN" starttime="20231028 17:20:53.532" endtime="20231028 17:20:53.533"/>
</kw>
<status status="NOT RUN" starttime="20231028 17:20:53.531" endtime="20231028 17:20:53.533"/>
</branch>
<status status="PASS" starttime="20231028 17:20:53.496" endtime="20231028 17:20:53.534"/>
</if>
<status status="PASS" starttime="20231028 17:20:53.199" endtime="20231028 17:20:53.534"/>
</kw>
<kw name="Tear Down" library="common" type="TEARDOWN">
<kw name="Close Browser" library="Browser">
<arg>ALL</arg>
<tag>BrowserControl</tag>
<tag>Setter</tag>
<doc>Closes the current browser.</doc>
<msg timestamp="20231028 17:20:55.821" level="INFO">Closed all browsers</msg>
<status status="PASS" starttime="20231028 17:20:53.543" endtime="20231028 17:20:55.821"/>
</kw>
<status status="PASS" starttime="20231028 17:20:53.541" endtime="20231028 17:20:55.821"/>
</kw>
<tag>Delete</tag>
<tag>Smoketest</tag>
<status status="PASS" starttime="20231028 17:20:36.089" endtime="20231028 17:20:55.829"/>
</test>
<status status="PASS" starttime="20231028 17:20:33.849" endtime="20231028 17:20:55.842"/>
</suite>
<statistics>
<total>
<stat pass="1" fail="0" skip="0">All Tests</stat>
</total>
<tag>
<stat pass="1" fail="0" skip="0">Delete</stat>
<stat pass="1" fail="0" skip="0">Smoketest</stat>
</tag>
<suite>
<stat pass="1" fail="0" skip="0" id="s1" name="Customer Account">Customer Account</stat>
</suite>
</statistics>
<errors>
</errors>
</robot>
