<?xml version="1.0" encoding="UTF-8"?>
<robot generator="Robot 6.1.1 (Python 3.11.4 on win32)" generated="20231204 23:01:17.214" rpa="false" schemaversion="4">
<suite id="s1" name="Categories Data" source="d:\TESTER\Automation\Auto_Web\testcases\categories_data.robot">
<test id="s1-t1" name="CA_DA_03 Verify &quot;Tạo mới&quot; button function" line="36">
<kw name="Setup" library="common" type="SETUP">
<kw name="Set Browser Timeout" library="Browser">
<arg>${BROWSER_TIMEOUT}</arg>
<tag>Config</tag>
<tag>Setter</tag>
<doc>Sets the timeout used by most input and getter keywords.</doc>
<status status="PASS" starttime="20231204 23:01:19.603" endtime="20231204 23:01:19.655"/>
</kw>
<kw name="New Browser" library="Browser">
<arg>${BROWSER}</arg>
<arg>headless=${HEADLESS}</arg>
<tag>BrowserControl</tag>
<tag>Setter</tag>
<doc>Create a new playwright Browser with specified options.</doc>
<msg timestamp="20231204 23:01:19.657" level="INFO">{"browser": "chromium", "headless": false, "chromiumSandbox": false, "devtools": false, "handleSIGHUP": true, "handleSIGINT": true, "handleSIGTERM": true, "slowMo": 0.0, "timeout": 30000.0, "tracesDir": "D:\\TESTER\\Automation\\browser\\traces\\c84116f7-9c12-47ec-81e7-253a1b5b3b9a"}</msg>
<msg timestamp="20231204 23:01:20.880" level="INFO">Successfully created browser with options: {"browser":"chromium","headless":false,"chromiumSandbox":false,"devtools":false,"handleSIGHUP":true,"handleSIGINT":true,"handleSIGTERM":true,"slowMo":0,"timeout":30000,"tracesDir":"D:\\TESTER\\Automation\\browser\\traces\\c84116f7-9c12-47ec-81e7-253a1b5b3b9a"}</msg>
<status status="PASS" starttime="20231204 23:01:19.656" endtime="20231204 23:01:20.881"/>
</kw>
<kw name="New Page" library="Browser">
<arg>${URL_DEFAULT}</arg>
<tag>BrowserControl</tag>
<tag>Setter</tag>
<doc>Open a new Page.</doc>
<msg timestamp="20231204 23:01:24.664" level="INFO">Successfully initialized new page object and opened url: http://dev1.geneat.vn:7802/#/vn</msg>
<msg timestamp="20231204 23:01:24.664" level="INFO">No context was open. New context was automatically opened when this page is created.</msg>
<status status="PASS" starttime="20231204 23:01:20.882" endtime="20231204 23:01:24.665"/>
</kw>
<kw name="Evaluate" library="BuiltIn">
<var>${STATE}</var>
<arg>json.loads('''{}''')</arg>
<arg>json</arg>
<doc>Evaluates the given expression in Python and returns the result.</doc>
<msg timestamp="20231204 23:01:24.668" level="INFO">${STATE} = {}</msg>
<status status="PASS" starttime="20231204 23:01:24.665" endtime="20231204 23:01:24.669"/>
</kw>
<status status="PASS" starttime="20231204 23:01:19.602" endtime="20231204 23:01:24.670"/>
</kw>
<kw name="Go to &quot;Quản lý dữ liệu&quot; page">
<kw name="Login to admin" library="common">
<kw name="Enter &quot;email&quot; in &quot;Email&quot; with &quot;admin@gmail.com&quot;" library="common" sourcename="Enter &quot;${type}&quot; in &quot;${name}&quot; with &quot;${text}&quot;">
<kw name="Wait Until Element Spin" library="common">
<kw name="Sleep" library="BuiltIn">
<arg>${SHOULD_TIMEOUT}</arg>
<doc>Pauses the test executed for the given time.</doc>
<msg timestamp="20231204 23:01:24.796" level="INFO">Slept 100 milliseconds</msg>
<status status="PASS" starttime="20231204 23:01:24.694" endtime="20231204 23:01:24.796"/>
</kw>
<kw name="Set Variable" library="BuiltIn">
<var>${element}</var>
<arg>xpath=//*[contains(@class, "ant-spin-spinning")]</arg>
<doc>Returns the given values which can then be assigned to a variables.</doc>
<msg timestamp="20231204 23:01:24.798" level="INFO">${element} = xpath=//*[contains(@class, "ant-spin-spinning")]</msg>
<status status="PASS" starttime="20231204 23:01:24.797" endtime="20231204 23:01:24.798"/>
</kw>
<kw name="Get Element Count" library="Browser">
<var>${count}</var>
<arg>${element}</arg>
<tag>Assertion</tag>
<tag>Getter</tag>
<tag>PageContent</tag>
<doc>Returns the count of elements found with ``selector``.</doc>
<msg timestamp="20231204 23:01:24.900" level="INFO">${count} = 0</msg>
<status status="PASS" starttime="20231204 23:01:24.799" endtime="20231204 23:01:24.902"/>
</kw>
<if>
<branch type="IF" condition="${count} &gt; 0">
<kw name="Wait Until Page Does Not Contain Element" library="common">
<arg>${element}</arg>
<status status="NOT RUN" starttime="20231204 23:01:24.904" endtime="20231204 23:01:24.905"/>
</kw>
<status status="NOT RUN" starttime="20231204 23:01:24.903" endtime="20231204 23:01:24.905"/>
</branch>
<status status="PASS" starttime="20231204 23:01:24.903" endtime="20231204 23:01:24.906"/>
</if>
<status status="PASS" starttime="20231204 23:01:24.693" endtime="20231204 23:01:24.906"/>
</kw>
<kw name="Get Random Text" library="common">
<var>${text}</var>
<arg>${type}</arg>
<arg>${text}</arg>
<kw name="Set Variable" library="BuiltIn">
<var>${symbol}</var>
<arg>_RANDOM_</arg>
<doc>Returns the given values which can then be assigned to a variables.</doc>
<msg timestamp="20231204 23:01:24.910" level="INFO">${symbol} = _RANDOM_</msg>
<status status="PASS" starttime="20231204 23:01:24.909" endtime="20231204 23:01:24.911"/>
</kw>
<kw name="Set Variable" library="BuiltIn">
<var>${new_text}</var>
<doc>Returns the given values which can then be assigned to a variables.</doc>
<msg timestamp="20231204 23:01:24.913" level="INFO">${new_text} = </msg>
<status status="PASS" starttime="20231204 23:01:24.911" endtime="20231204 23:01:24.913"/>
</kw>
<kw name="Get Regexp Matches" library="String">
<var>${containsS}</var>
<arg>${text}</arg>
<arg>_@(.+)@_</arg>
<arg>1</arg>
<doc>Returns a list of all non-overlapping matches in the given string.</doc>
<msg timestamp="20231204 23:01:24.916" level="INFO">${containsS} = []</msg>
<status status="PASS" starttime="20231204 23:01:24.914" endtime="20231204 23:01:24.916"/>
</kw>
<kw name="Get Length" library="BuiltIn">
<var>${cntS}</var>
<arg>${containsS}</arg>
<doc>Returns and logs the length of the given item as an integer.</doc>
<msg timestamp="20231204 23:01:24.920" level="INFO">Length is 0</msg>
<msg timestamp="20231204 23:01:24.921" level="INFO">${cntS} = 0</msg>
<status status="PASS" starttime="20231204 23:01:24.919" endtime="20231204 23:01:24.921"/>
</kw>
<kw name="Get Regexp Matches" library="String">
<var>${contains}</var>
<arg>${text}</arg>
<arg>${symbol}</arg>
<doc>Returns a list of all non-overlapping matches in the given string.</doc>
<msg timestamp="20231204 23:01:24.923" level="INFO">${contains} = []</msg>
<status status="PASS" starttime="20231204 23:01:24.922" endtime="20231204 23:01:24.924"/>
</kw>
<kw name="Get Length" library="BuiltIn">
<var>${cnt}</var>
<arg>${contains}</arg>
<doc>Returns and logs the length of the given item as an integer.</doc>
<msg timestamp="20231204 23:01:24.925" level="INFO">Length is 0</msg>
<msg timestamp="20231204 23:01:24.925" level="INFO">${cnt} = 0</msg>
<status status="PASS" starttime="20231204 23:01:24.924" endtime="20231204 23:01:24.925"/>
</kw>
<if>
<branch type="IF" condition="${cntS} &gt; 0">
<kw name="Set Variable" library="BuiltIn">
<var>${new_text}</var>
<arg>${STATE["${containsS[0]}"]}</arg>
<doc>Returns the given values which can then be assigned to a variables.</doc>
<status status="NOT RUN" starttime="20231204 23:01:24.926" endtime="20231204 23:01:24.927"/>
</kw>
<kw name="Set Variable" library="BuiltIn">
<var>${symbol}</var>
<arg>_@${containsS[0]}@_</arg>
<doc>Returns the given values which can then be assigned to a variables.</doc>
<status status="NOT RUN" starttime="20231204 23:01:24.928" endtime="20231204 23:01:24.928"/>
</kw>
<status status="NOT RUN" starttime="20231204 23:01:24.926" endtime="20231204 23:01:24.929"/>
</branch>
<branch type="ELSE IF" condition="${cnt} &gt; 0 and '${type}' == 'test name'">
<kw name="Sentence" library="FakerLibrary">
<var>${random}</var>
<arg>nb_words=3</arg>
<doc>Generate a sentence.</doc>
<status status="NOT RUN" starttime="20231204 23:01:24.931" endtime="20231204 23:01:24.931"/>
</kw>
<kw name="Split String" library="String">
<var>${words}</var>
<arg>${TEST NAME}</arg>
<arg>${SPACE}</arg>
<doc>Splits the ``string`` using ``separator`` as a delimiter string.</doc>
<status status="NOT RUN" starttime="20231204 23:01:24.932" endtime="20231204 23:01:24.932"/>
</kw>
<kw name="Set Variable" library="BuiltIn">
<var>${new_text}</var>
<arg>${words[0]} ${random}</arg>
<doc>Returns the given values which can then be assigned to a variables.</doc>
<status status="NOT RUN" starttime="20231204 23:01:24.933" endtime="20231204 23:01:24.933"/>
</kw>
<status status="NOT RUN" starttime="20231204 23:01:24.930" endtime="20231204 23:01:24.933"/>
</branch>
<branch type="ELSE IF" condition="${cnt} &gt; 0 and '${type}' == 'number'">
<kw name="Random Int" library="FakerLibrary">
<var>${new_text}</var>
<doc>Generate a random integer between two integers ``min`` and ``max`` inclusive
while observing the provided ``step`` value.</doc>
<status status="NOT RUN" starttime="20231204 23:01:24.937" endtime="20231204 23:01:24.937"/>
</kw>
<kw name="Convert To String" library="BuiltIn">
<var>${new_text}</var>
<arg>${new_text}</arg>
<doc>Converts the given item to a Unicode string.</doc>
<status status="NOT RUN" starttime="20231204 23:01:24.938" endtime="20231204 23:01:24.938"/>
</kw>
<status status="NOT RUN" starttime="20231204 23:01:24.934" endtime="20231204 23:01:24.939"/>
</branch>
<branch type="ELSE IF" condition="${cnt} &gt; 0 and '${type}' == 'percentage'">
<kw name="Random Int" library="FakerLibrary">
<var>${new_text}</var>
<arg>max=100</arg>
<doc>Generate a random integer between two integers ``min`` and ``max`` inclusive
while observing the provided ``step`` value.</doc>
<status status="NOT RUN" starttime="20231204 23:01:24.940" endtime="20231204 23:01:24.941"/>
</kw>
<kw name="Convert To String" library="BuiltIn">
<var>${new_text}</var>
<arg>${new_text}</arg>
<doc>Converts the given item to a Unicode string.</doc>
<status status="NOT RUN" starttime="20231204 23:01:24.941" endtime="20231204 23:01:24.942"/>
</kw>
<status status="NOT RUN" starttime="20231204 23:01:24.939" endtime="20231204 23:01:24.942"/>
</branch>
<branch type="ELSE IF" condition="${cnt} &gt; 0 and '${type}' == 'paragraph'">
<kw name="Paragraph" library="FakerLibrary">
<var>${new_text}</var>
<doc>Generate a paragraph.</doc>
<status status="NOT RUN" starttime="20231204 23:01:24.944" endtime="20231204 23:01:24.945"/>
</kw>
<status status="NOT RUN" starttime="20231204 23:01:24.943" endtime="20231204 23:01:24.945"/>
</branch>
<branch type="ELSE IF" condition="${cnt} &gt; 0 and '${type}' == 'email'">
<kw name="Email" library="FakerLibrary">
<var>${new_text}</var>
<status status="NOT RUN" starttime="20231204 23:01:24.947" endtime="20231204 23:01:24.947"/>
</kw>
<status status="NOT RUN" starttime="20231204 23:01:24.946" endtime="20231204 23:01:24.948"/>
</branch>
<branch type="ELSE IF" condition="${cnt} &gt; 0 and '${type}' == 'phone'">
<kw name="Random Int" library="FakerLibrary">
<var>${new_text}</var>
<arg>min=2000000000</arg>
<arg>max=9999999999</arg>
<doc>Generate a random integer between two integers ``min`` and ``max`` inclusive
while observing the provided ``step`` value.</doc>
<status status="NOT RUN" starttime="20231204 23:01:24.949" endtime="20231204 23:01:24.950"/>
</kw>
<kw name="Convert To String" library="BuiltIn">
<var>${new_text}</var>
<arg>${new_text}</arg>
<doc>Converts the given item to a Unicode string.</doc>
<status status="NOT RUN" starttime="20231204 23:01:24.952" endtime="20231204 23:01:24.953"/>
</kw>
<kw name="Catenate" library="BuiltIn">
<var>${new_text}</var>
<arg>SEPARATOR=</arg>
<arg>0</arg>
<arg>${new_text}</arg>
<doc>Catenates the given items together and returns the resulted string.</doc>
<status status="NOT RUN" starttime="20231204 23:01:24.959" endtime="20231204 23:01:24.961"/>
</kw>
<status status="NOT RUN" starttime="20231204 23:01:24.948" endtime="20231204 23:01:24.962"/>
</branch>
<branch type="ELSE IF" condition="${cnt} &gt; 0 and '${type}' == 'color'">
<kw name="Safe Hex Color" library="FakerLibrary">
<var>${new_text}</var>
<doc>Generate a web-safe color formatted as a hex triplet.</doc>
<status status="NOT RUN" starttime="20231204 23:01:24.964" endtime="20231204 23:01:24.965"/>
</kw>
<status status="NOT RUN" starttime="20231204 23:01:24.963" endtime="20231204 23:01:24.965"/>
</branch>
<branch type="ELSE IF" condition="${cnt} &gt; 0 and &quot;${type}&quot; == 'password'">
<kw name="Password" library="FakerLibrary">
<var>${new_text}</var>
<arg>10</arg>
<arg>True</arg>
<arg>True</arg>
<arg>True</arg>
<arg>True</arg>
<doc>Generate a random password of the specified ``length``.</doc>
<status status="NOT RUN" starttime="20231204 23:01:24.966" endtime="20231204 23:01:24.972"/>
</kw>
<status status="NOT RUN" starttime="20231204 23:01:24.966" endtime="20231204 23:01:24.972"/>
</branch>
<branch type="ELSE IF" condition="${cnt} &gt; 0 and '${type}' == 'date'">
<kw name="Date" library="FakerLibrary">
<var>${new_text}</var>
<arg>pattern=%d-%m-%Y</arg>
<doc>Get a date string between January 1, 1970 and now.</doc>
<status status="NOT RUN" starttime="20231204 23:01:24.974" endtime="20231204 23:01:24.976"/>
</kw>
<status status="NOT RUN" starttime="20231204 23:01:24.973" endtime="20231204 23:01:24.977"/>
</branch>
<branch type="ELSE IF" condition="${cnt} &gt; 0 and '${type}' == 'word'">
<kw name="Sentence" library="FakerLibrary">
<var>${new_text}</var>
<arg>nb_words=2</arg>
<doc>Generate a sentence.</doc>
<status status="NOT RUN" starttime="20231204 23:01:24.980" endtime="20231204 23:01:24.981"/>
</kw>
<status status="NOT RUN" starttime="20231204 23:01:24.978" endtime="20231204 23:01:24.981"/>
</branch>
<branch type="ELSE IF" condition="${cnt} &gt; 0">
<kw name="Sentence" library="FakerLibrary">
<var>${new_text}</var>
<doc>Generate a sentence.</doc>
<status status="NOT RUN" starttime="20231204 23:01:24.983" endtime="20231204 23:01:24.983"/>
</kw>
<status status="NOT RUN" starttime="20231204 23:01:24.982" endtime="20231204 23:01:24.983"/>
</branch>
<status status="PASS" starttime="20231204 23:01:24.926" endtime="20231204 23:01:24.986"/>
</if>
<kw name="Get Length" library="BuiltIn">
<var>${cnt}</var>
<arg>${text}</arg>
<doc>Returns and logs the length of the given item as an integer.</doc>
<msg timestamp="20231204 23:01:24.988" level="INFO">Length is 15</msg>
<msg timestamp="20231204 23:01:24.988" level="INFO">${cnt} = 15</msg>
<status status="PASS" starttime="20231204 23:01:24.987" endtime="20231204 23:01:24.988"/>
</kw>
<if>
<branch type="IF" condition="${cnt} &gt; 0">
<kw name="Replace String" library="String">
<var>${text}</var>
<arg>${text}</arg>
<arg>${symbol}</arg>
<arg>${new_text}</arg>
<doc>Replaces ``search_for`` in the given ``string`` with ``replace_with``.</doc>
<msg timestamp="20231204 23:01:24.992" level="INFO">${text} = admin@gmail.com</msg>
<status status="PASS" starttime="20231204 23:01:24.990" endtime="20231204 23:01:24.992"/>
</kw>
<status status="PASS" starttime="20231204 23:01:24.989" endtime="20231204 23:01:24.993"/>
</branch>
<status status="PASS" starttime="20231204 23:01:24.989" endtime="20231204 23:01:24.994"/>
</if>
<msg timestamp="20231204 23:01:24.994" level="INFO">${text} = admin@gmail.com</msg>
<status status="PASS" starttime="20231204 23:01:24.907" endtime="20231204 23:01:24.995"/>
</kw>
<kw name="Get Element Form Item By Name" library="common">
<var>${element}</var>
<arg>${name}</arg>
<arg>//*[contains(@class, "ant-input")]</arg>
<msg timestamp="20231204 23:01:24.996" level="INFO">${element} = xpath=//*[contains(@class, "ant-form-item-label")]/label[text()="Email"]/../../*[contains(@class, "ant-form-item")]//*[contains(@class, "ant-input")]</msg>
<status status="PASS" starttime="20231204 23:01:24.996" endtime="20231204 23:01:24.997"/>
</kw>
<kw name="Click" library="Browser">
<arg>${element}</arg>
<tag>PageContent</tag>
<tag>Setter</tag>
<doc>Simulates mouse click on the element found by ``selector``.</doc>
<status status="PASS" starttime="20231204 23:01:24.997" endtime="20231204 23:01:25.250"/>
</kw>
<kw name="Clear Text" library="Browser">
<arg>${element}</arg>
<tag>PageContent</tag>
<tag>Setter</tag>
<doc>Clears the text field found by ``selector``.</doc>
<status status="PASS" starttime="20231204 23:01:25.254" endtime="20231204 23:01:25.346"/>
</kw>
<kw name="Fill Text" library="Browser">
<arg>${element}</arg>
<arg>${text}</arg>
<arg>True</arg>
<tag>PageContent</tag>
<tag>Setter</tag>
<doc>Clears and fills the given ``txt`` into the text field found by ``selector``.</doc>
<msg timestamp="20231204 23:01:25.348" level="INFO">Fills the text 'admin@gmail.com' in the given field.</msg>
<status status="PASS" starttime="20231204 23:01:25.346" endtime="20231204 23:01:25.424"/>
</kw>
<kw name="Get Text" library="Browser">
<var>${condition}</var>
<arg>${element}</arg>
<tag>Assertion</tag>
<tag>Getter</tag>
<tag>PageContent</tag>
<doc>Returns text attribute of the element found by ``selector``.</doc>
<msg timestamp="20231204 23:01:25.502" level="INFO">Text: 'admin@gmail.com'</msg>
<msg timestamp="20231204 23:01:25.505" level="INFO">${condition} = admin@gmail.com</msg>
<status status="PASS" starttime="20231204 23:01:25.426" endtime="20231204 23:01:25.505"/>
</kw>
<while condition="'${condition}' != '${text}'" limit="10">
<iter>
<kw name="Fill Text" library="Browser">
<arg>${element}</arg>
<arg>${text}</arg>
<tag>PageContent</tag>
<tag>Setter</tag>
<doc>Clears and fills the given ``txt`` into the text field found by ``selector``.</doc>
<status status="NOT RUN" starttime="20231204 23:01:25.508" endtime="20231204 23:01:25.509"/>
</kw>
<kw name="Get Text" library="Browser">
<var>${condition}</var>
<arg>${element}</arg>
<tag>Assertion</tag>
<tag>Getter</tag>
<tag>PageContent</tag>
<doc>Returns text attribute of the element found by ``selector``.</doc>
<status status="NOT RUN" starttime="20231204 23:01:25.510" endtime="20231204 23:01:25.510"/>
</kw>
<status status="NOT RUN" starttime="20231204 23:01:25.506" endtime="20231204 23:01:25.511"/>
</iter>
<status status="NOT RUN" starttime="20231204 23:01:25.506" endtime="20231204 23:01:25.511"/>
</while>
<kw name="Scroll To Element" library="Browser">
<arg>${element}</arg>
<tag>PageContent</tag>
<tag>Setter</tag>
<doc>This method waits for actionability checks, then tries to scroll element into view,
unless it is completely visible.</doc>
<status status="PASS" starttime="20231204 23:01:25.512" endtime="20231204 23:01:25.582"/>
</kw>
<kw name="Get Length" library="BuiltIn">
<var>${cnt}</var>
<arg>${text}</arg>
<doc>Returns and logs the length of the given item as an integer.</doc>
<msg timestamp="20231204 23:01:25.587" level="INFO">Length is 15</msg>
<msg timestamp="20231204 23:01:25.587" level="INFO">${cnt} = 15</msg>
<status status="PASS" starttime="20231204 23:01:25.583" endtime="20231204 23:01:25.588"/>
</kw>
<if>
<branch type="IF" condition="${cnt} &gt; 0">
<kw name="Set Global Variable" library="BuiltIn">
<arg>\${STATE["${name}"]}</arg>
<arg>${text}</arg>
<doc>Makes a variable available globally in all tests and suites.</doc>
<msg timestamp="20231204 23:01:25.591" level="INFO">${STATE["Email"]} = admin@gmail.com</msg>
<status status="PASS" starttime="20231204 23:01:25.590" endtime="20231204 23:01:25.591"/>
</kw>
<status status="PASS" starttime="20231204 23:01:25.589" endtime="20231204 23:01:25.592"/>
</branch>
<status status="PASS" starttime="20231204 23:01:25.589" endtime="20231204 23:01:25.592"/>
</if>
<status status="PASS" starttime="20231204 23:01:24.691" endtime="20231204 23:01:25.592"/>
</kw>
<kw name="Enter &quot;password&quot; in &quot;Mật khẩu&quot; with &quot;123123&quot;" library="common" sourcename="Enter &quot;${type}&quot; in &quot;${name}&quot; with &quot;${text}&quot;">
<kw name="Wait Until Element Spin" library="common">
<kw name="Sleep" library="BuiltIn">
<arg>${SHOULD_TIMEOUT}</arg>
<doc>Pauses the test executed for the given time.</doc>
<msg timestamp="20231204 23:01:25.697" level="INFO">Slept 100 milliseconds</msg>
<status status="PASS" starttime="20231204 23:01:25.595" endtime="20231204 23:01:25.697"/>
</kw>
<kw name="Set Variable" library="BuiltIn">
<var>${element}</var>
<arg>xpath=//*[contains(@class, "ant-spin-spinning")]</arg>
<doc>Returns the given values which can then be assigned to a variables.</doc>
<msg timestamp="20231204 23:01:25.699" level="INFO">${element} = xpath=//*[contains(@class, "ant-spin-spinning")]</msg>
<status status="PASS" starttime="20231204 23:01:25.698" endtime="20231204 23:01:25.700"/>
</kw>
<kw name="Get Element Count" library="Browser">
<var>${count}</var>
<arg>${element}</arg>
<tag>Assertion</tag>
<tag>Getter</tag>
<tag>PageContent</tag>
<doc>Returns the count of elements found with ``selector``.</doc>
<msg timestamp="20231204 23:01:25.713" level="INFO">${count} = 0</msg>
<status status="PASS" starttime="20231204 23:01:25.703" endtime="20231204 23:01:25.713"/>
</kw>
<if>
<branch type="IF" condition="${count} &gt; 0">
<kw name="Wait Until Page Does Not Contain Element" library="common">
<arg>${element}</arg>
<status status="NOT RUN" starttime="20231204 23:01:25.715" endtime="20231204 23:01:25.716"/>
</kw>
<status status="NOT RUN" starttime="20231204 23:01:25.714" endtime="20231204 23:01:25.716"/>
</branch>
<status status="PASS" starttime="20231204 23:01:25.714" endtime="20231204 23:01:25.718"/>
</if>
<status status="PASS" starttime="20231204 23:01:25.594" endtime="20231204 23:01:25.720"/>
</kw>
<kw name="Get Random Text" library="common">
<var>${text}</var>
<arg>${type}</arg>
<arg>${text}</arg>
<kw name="Set Variable" library="BuiltIn">
<var>${symbol}</var>
<arg>_RANDOM_</arg>
<doc>Returns the given values which can then be assigned to a variables.</doc>
<msg timestamp="20231204 23:01:25.723" level="INFO">${symbol} = _RANDOM_</msg>
<status status="PASS" starttime="20231204 23:01:25.722" endtime="20231204 23:01:25.723"/>
</kw>
<kw name="Set Variable" library="BuiltIn">
<var>${new_text}</var>
<doc>Returns the given values which can then be assigned to a variables.</doc>
<msg timestamp="20231204 23:01:25.724" level="INFO">${new_text} = </msg>
<status status="PASS" starttime="20231204 23:01:25.724" endtime="20231204 23:01:25.724"/>
</kw>
<kw name="Get Regexp Matches" library="String">
<var>${containsS}</var>
<arg>${text}</arg>
<arg>_@(.+)@_</arg>
<arg>1</arg>
<doc>Returns a list of all non-overlapping matches in the given string.</doc>
<msg timestamp="20231204 23:01:25.725" level="INFO">${containsS} = []</msg>
<status status="PASS" starttime="20231204 23:01:25.725" endtime="20231204 23:01:25.725"/>
</kw>
<kw name="Get Length" library="BuiltIn">
<var>${cntS}</var>
<arg>${containsS}</arg>
<doc>Returns and logs the length of the given item as an integer.</doc>
<msg timestamp="20231204 23:01:25.726" level="INFO">Length is 0</msg>
<msg timestamp="20231204 23:01:25.727" level="INFO">${cntS} = 0</msg>
<status status="PASS" starttime="20231204 23:01:25.726" endtime="20231204 23:01:25.727"/>
</kw>
<kw name="Get Regexp Matches" library="String">
<var>${contains}</var>
<arg>${text}</arg>
<arg>${symbol}</arg>
<doc>Returns a list of all non-overlapping matches in the given string.</doc>
<msg timestamp="20231204 23:01:25.729" level="INFO">${contains} = []</msg>
<status status="PASS" starttime="20231204 23:01:25.728" endtime="20231204 23:01:25.729"/>
</kw>
<kw name="Get Length" library="BuiltIn">
<var>${cnt}</var>
<arg>${contains}</arg>
<doc>Returns and logs the length of the given item as an integer.</doc>
<msg timestamp="20231204 23:01:25.731" level="INFO">Length is 0</msg>
<msg timestamp="20231204 23:01:25.732" level="INFO">${cnt} = 0</msg>
<status status="PASS" starttime="20231204 23:01:25.730" endtime="20231204 23:01:25.733"/>
</kw>
<if>
<branch type="IF" condition="${cntS} &gt; 0">
<kw name="Set Variable" library="BuiltIn">
<var>${new_text}</var>
<arg>${STATE["${containsS[0]}"]}</arg>
<doc>Returns the given values which can then be assigned to a variables.</doc>
<status status="NOT RUN" starttime="20231204 23:01:25.738" endtime="20231204 23:01:25.739"/>
</kw>
<kw name="Set Variable" library="BuiltIn">
<var>${symbol}</var>
<arg>_@${containsS[0]}@_</arg>
<doc>Returns the given values which can then be assigned to a variables.</doc>
<status status="NOT RUN" starttime="20231204 23:01:25.740" endtime="20231204 23:01:25.741"/>
</kw>
<status status="NOT RUN" starttime="20231204 23:01:25.737" endtime="20231204 23:01:25.741"/>
</branch>
<branch type="ELSE IF" condition="${cnt} &gt; 0 and '${type}' == 'test name'">
<kw name="Sentence" library="FakerLibrary">
<var>${random}</var>
<arg>nb_words=3</arg>
<doc>Generate a sentence.</doc>
<status status="NOT RUN" starttime="20231204 23:01:25.743" endtime="20231204 23:01:25.743"/>
</kw>
<kw name="Split String" library="String">
<var>${words}</var>
<arg>${TEST NAME}</arg>
<arg>${SPACE}</arg>
<doc>Splits the ``string`` using ``separator`` as a delimiter string.</doc>
<status status="NOT RUN" starttime="20231204 23:01:25.744" endtime="20231204 23:01:25.745"/>
</kw>
<kw name="Set Variable" library="BuiltIn">
<var>${new_text}</var>
<arg>${words[0]} ${random}</arg>
<doc>Returns the given values which can then be assigned to a variables.</doc>
<status status="NOT RUN" starttime="20231204 23:01:25.745" endtime="20231204 23:01:25.746"/>
</kw>
<status status="NOT RUN" starttime="20231204 23:01:25.742" endtime="20231204 23:01:25.746"/>
</branch>
<branch type="ELSE IF" condition="${cnt} &gt; 0 and '${type}' == 'number'">
<kw name="Random Int" library="FakerLibrary">
<var>${new_text}</var>
<doc>Generate a random integer between two integers ``min`` and ``max`` inclusive
while observing the provided ``step`` value.</doc>
<status status="NOT RUN" starttime="20231204 23:01:25.748" endtime="20231204 23:01:25.749"/>
</kw>
<kw name="Convert To String" library="BuiltIn">
<var>${new_text}</var>
<arg>${new_text}</arg>
<doc>Converts the given item to a Unicode string.</doc>
<status status="NOT RUN" starttime="20231204 23:01:25.749" endtime="20231204 23:01:25.750"/>
</kw>
<status status="NOT RUN" starttime="20231204 23:01:25.747" endtime="20231204 23:01:25.754"/>
</branch>
<branch type="ELSE IF" condition="${cnt} &gt; 0 and '${type}' == 'percentage'">
<kw name="Random Int" library="FakerLibrary">
<var>${new_text}</var>
<arg>max=100</arg>
<doc>Generate a random integer between two integers ``min`` and ``max`` inclusive
while observing the provided ``step`` value.</doc>
<status status="NOT RUN" starttime="20231204 23:01:25.756" endtime="20231204 23:01:25.756"/>
</kw>
<kw name="Convert To String" library="BuiltIn">
<var>${new_text}</var>
<arg>${new_text}</arg>
<doc>Converts the given item to a Unicode string.</doc>
<status status="NOT RUN" starttime="20231204 23:01:25.757" endtime="20231204 23:01:25.758"/>
</kw>
<status status="NOT RUN" starttime="20231204 23:01:25.755" endtime="20231204 23:01:25.758"/>
</branch>
<branch type="ELSE IF" condition="${cnt} &gt; 0 and '${type}' == 'paragraph'">
<kw name="Paragraph" library="FakerLibrary">
<var>${new_text}</var>
<doc>Generate a paragraph.</doc>
<status status="NOT RUN" starttime="20231204 23:01:25.760" endtime="20231204 23:01:25.760"/>
</kw>
<status status="NOT RUN" starttime="20231204 23:01:25.759" endtime="20231204 23:01:25.761"/>
</branch>
<branch type="ELSE IF" condition="${cnt} &gt; 0 and '${type}' == 'email'">
<kw name="Email" library="FakerLibrary">
<var>${new_text}</var>
<status status="NOT RUN" starttime="20231204 23:01:25.763" endtime="20231204 23:01:25.763"/>
</kw>
<status status="NOT RUN" starttime="20231204 23:01:25.762" endtime="20231204 23:01:25.764"/>
</branch>
<branch type="ELSE IF" condition="${cnt} &gt; 0 and '${type}' == 'phone'">
<kw name="Random Int" library="FakerLibrary">
<var>${new_text}</var>
<arg>min=2000000000</arg>
<arg>max=9999999999</arg>
<doc>Generate a random integer between two integers ``min`` and ``max`` inclusive
while observing the provided ``step`` value.</doc>
<status status="NOT RUN" starttime="20231204 23:01:25.765" endtime="20231204 23:01:25.765"/>
</kw>
<kw name="Convert To String" library="BuiltIn">
<var>${new_text}</var>
<arg>${new_text}</arg>
<doc>Converts the given item to a Unicode string.</doc>
<status status="NOT RUN" starttime="20231204 23:01:25.766" endtime="20231204 23:01:25.766"/>
</kw>
<kw name="Catenate" library="BuiltIn">
<var>${new_text}</var>
<arg>SEPARATOR=</arg>
<arg>0</arg>
<arg>${new_text}</arg>
<doc>Catenates the given items together and returns the resulted string.</doc>
<status status="NOT RUN" starttime="20231204 23:01:25.770" endtime="20231204 23:01:25.771"/>
</kw>
<status status="NOT RUN" starttime="20231204 23:01:25.764" endtime="20231204 23:01:25.771"/>
</branch>
<branch type="ELSE IF" condition="${cnt} &gt; 0 and '${type}' == 'color'">
<kw name="Safe Hex Color" library="FakerLibrary">
<var>${new_text}</var>
<doc>Generate a web-safe color formatted as a hex triplet.</doc>
<status status="NOT RUN" starttime="20231204 23:01:25.772" endtime="20231204 23:01:25.772"/>
</kw>
<status status="NOT RUN" starttime="20231204 23:01:25.771" endtime="20231204 23:01:25.773"/>
</branch>
<branch type="ELSE IF" condition="${cnt} &gt; 0 and &quot;${type}&quot; == 'password'">
<kw name="Password" library="FakerLibrary">
<var>${new_text}</var>
<arg>10</arg>
<arg>True</arg>
<arg>True</arg>
<arg>True</arg>
<arg>True</arg>
<doc>Generate a random password of the specified ``length``.</doc>
<status status="NOT RUN" starttime="20231204 23:01:25.774" endtime="20231204 23:01:25.775"/>
</kw>
<status status="NOT RUN" starttime="20231204 23:01:25.773" endtime="20231204 23:01:25.776"/>
</branch>
<branch type="ELSE IF" condition="${cnt} &gt; 0 and '${type}' == 'date'">
<kw name="Date" library="FakerLibrary">
<var>${new_text}</var>
<arg>pattern=%d-%m-%Y</arg>
<doc>Get a date string between January 1, 1970 and now.</doc>
<status status="NOT RUN" starttime="20231204 23:01:25.777" endtime="20231204 23:01:25.778"/>
</kw>
<status status="NOT RUN" starttime="20231204 23:01:25.776" endtime="20231204 23:01:25.779"/>
</branch>
<branch type="ELSE IF" condition="${cnt} &gt; 0 and '${type}' == 'word'">
<kw name="Sentence" library="FakerLibrary">
<var>${new_text}</var>
<arg>nb_words=2</arg>
<doc>Generate a sentence.</doc>
<status status="NOT RUN" starttime="20231204 23:01:25.781" endtime="20231204 23:01:25.781"/>
</kw>
<status status="NOT RUN" starttime="20231204 23:01:25.779" endtime="20231204 23:01:25.782"/>
</branch>
<branch type="ELSE IF" condition="${cnt} &gt; 0">
<kw name="Sentence" library="FakerLibrary">
<var>${new_text}</var>
<doc>Generate a sentence.</doc>
<status status="NOT RUN" starttime="20231204 23:01:25.783" endtime="20231204 23:01:25.787"/>
</kw>
<status status="NOT RUN" starttime="20231204 23:01:25.782" endtime="20231204 23:01:25.788"/>
</branch>
<status status="PASS" starttime="20231204 23:01:25.733" endtime="20231204 23:01:25.789"/>
</if>
<kw name="Get Length" library="BuiltIn">
<var>${cnt}</var>
<arg>${text}</arg>
<doc>Returns and logs the length of the given item as an integer.</doc>
<msg timestamp="20231204 23:01:25.790" level="INFO">Length is 6</msg>
<msg timestamp="20231204 23:01:25.791" level="INFO">${cnt} = 6</msg>
<status status="PASS" starttime="20231204 23:01:25.789" endtime="20231204 23:01:25.791"/>
</kw>
<if>
<branch type="IF" condition="${cnt} &gt; 0">
<kw name="Replace String" library="String">
<var>${text}</var>
<arg>${text}</arg>
<arg>${symbol}</arg>
<arg>${new_text}</arg>
<doc>Replaces ``search_for`` in the given ``string`` with ``replace_with``.</doc>
<msg timestamp="20231204 23:01:25.794" level="INFO">${text} = 123123</msg>
<status status="PASS" starttime="20231204 23:01:25.793" endtime="20231204 23:01:25.795"/>
</kw>
<status status="PASS" starttime="20231204 23:01:25.792" endtime="20231204 23:01:25.795"/>
</branch>
<status status="PASS" starttime="20231204 23:01:25.792" endtime="20231204 23:01:25.796"/>
</if>
<msg timestamp="20231204 23:01:25.796" level="INFO">${text} = 123123</msg>
<status status="PASS" starttime="20231204 23:01:25.721" endtime="20231204 23:01:25.797"/>
</kw>
<kw name="Get Element Form Item By Name" library="common">
<var>${element}</var>
<arg>${name}</arg>
<arg>//*[contains(@class, "ant-input")]</arg>
<msg timestamp="20231204 23:01:25.799" level="INFO">${element} = xpath=//*[contains(@class, "ant-form-item-label")]/label[text()="Mật khẩu"]/../../*[contains(@class, "ant-form-item")]//*[contains(@class, "ant-input")]</msg>
<status status="PASS" starttime="20231204 23:01:25.797" endtime="20231204 23:01:25.800"/>
</kw>
<kw name="Click" library="Browser">
<arg>${element}</arg>
<tag>PageContent</tag>
<tag>Setter</tag>
<doc>Simulates mouse click on the element found by ``selector``.</doc>
<status status="PASS" starttime="20231204 23:01:25.804" endtime="20231204 23:01:25.905"/>
</kw>
<kw name="Clear Text" library="Browser">
<arg>${element}</arg>
<tag>PageContent</tag>
<tag>Setter</tag>
<doc>Clears the text field found by ``selector``.</doc>
<status status="PASS" starttime="20231204 23:01:25.906" endtime="20231204 23:01:25.946"/>
</kw>
<kw name="Fill Text" library="Browser">
<arg>${element}</arg>
<arg>${text}</arg>
<arg>True</arg>
<tag>PageContent</tag>
<tag>Setter</tag>
<doc>Clears and fills the given ``txt`` into the text field found by ``selector``.</doc>
<msg timestamp="20231204 23:01:25.949" level="INFO">Fills the text '123123' in the given field.</msg>
<status status="PASS" starttime="20231204 23:01:25.947" endtime="20231204 23:01:26.005"/>
</kw>
<kw name="Get Text" library="Browser">
<var>${condition}</var>
<arg>${element}</arg>
<tag>Assertion</tag>
<tag>Getter</tag>
<tag>PageContent</tag>
<doc>Returns text attribute of the element found by ``selector``.</doc>
<msg timestamp="20231204 23:01:26.056" level="INFO">Text: '123123'</msg>
<msg timestamp="20231204 23:01:26.057" level="INFO">${condition} = 123123</msg>
<status status="PASS" starttime="20231204 23:01:26.006" endtime="20231204 23:01:26.057"/>
</kw>
<while condition="'${condition}' != '${text}'" limit="10">
<iter>
<kw name="Fill Text" library="Browser">
<arg>${element}</arg>
<arg>${text}</arg>
<tag>PageContent</tag>
<tag>Setter</tag>
<doc>Clears and fills the given ``txt`` into the text field found by ``selector``.</doc>
<status status="NOT RUN" starttime="20231204 23:01:26.060" endtime="20231204 23:01:26.061"/>
</kw>
<kw name="Get Text" library="Browser">
<var>${condition}</var>
<arg>${element}</arg>
<tag>Assertion</tag>
<tag>Getter</tag>
<tag>PageContent</tag>
<doc>Returns text attribute of the element found by ``selector``.</doc>
<status status="NOT RUN" starttime="20231204 23:01:26.062" endtime="20231204 23:01:26.062"/>
</kw>
<status status="NOT RUN" starttime="20231204 23:01:26.058" endtime="20231204 23:01:26.063"/>
</iter>
<status status="NOT RUN" starttime="20231204 23:01:26.058" endtime="20231204 23:01:26.063"/>
</while>
<kw name="Scroll To Element" library="Browser">
<arg>${element}</arg>
<tag>PageContent</tag>
<tag>Setter</tag>
<doc>This method waits for actionability checks, then tries to scroll element into view,
unless it is completely visible.</doc>
<status status="PASS" starttime="20231204 23:01:26.064" endtime="20231204 23:01:26.132"/>
</kw>
<kw name="Get Length" library="BuiltIn">
<var>${cnt}</var>
<arg>${text}</arg>
<doc>Returns and logs the length of the given item as an integer.</doc>
<msg timestamp="20231204 23:01:26.136" level="INFO">Length is 6</msg>
<msg timestamp="20231204 23:01:26.138" level="INFO">${cnt} = 6</msg>
<status status="PASS" starttime="20231204 23:01:26.133" endtime="20231204 23:01:26.138"/>
</kw>
<if>
<branch type="IF" condition="${cnt} &gt; 0">
<kw name="Set Global Variable" library="BuiltIn">
<arg>\${STATE["${name}"]}</arg>
<arg>${text}</arg>
<doc>Makes a variable available globally in all tests and suites.</doc>
<msg timestamp="20231204 23:01:26.142" level="INFO">${STATE["Mật khẩu"]} = 123123</msg>
<status status="PASS" starttime="20231204 23:01:26.140" endtime="20231204 23:01:26.142"/>
</kw>
<status status="PASS" starttime="20231204 23:01:26.139" endtime="20231204 23:01:26.143"/>
</branch>
<status status="PASS" starttime="20231204 23:01:26.139" endtime="20231204 23:01:26.143"/>
</if>
<status status="PASS" starttime="20231204 23:01:25.593" endtime="20231204 23:01:26.144"/>
</kw>
<kw name="Click &quot;Đăng nhập&quot; button" library="common" sourcename="Click &quot;${text}&quot; button">
<kw name="Sleep" library="BuiltIn">
<arg>${SHOULD_TIMEOUT}</arg>
<doc>Pauses the test executed for the given time.</doc>
<msg timestamp="20231204 23:01:26.248" level="INFO">Slept 100 milliseconds</msg>
<status status="PASS" starttime="20231204 23:01:26.147" endtime="20231204 23:01:26.248"/>
</kw>
<kw name="Get Element Count" library="Browser">
<var>${cnt}</var>
<arg>//button[@title = "${text}"]</arg>
<tag>Assertion</tag>
<tag>Getter</tag>
<tag>PageContent</tag>
<doc>Returns the count of elements found with ``selector``.</doc>
<msg timestamp="20231204 23:01:26.265" level="INFO">${cnt} = 1</msg>
<status status="PASS" starttime="20231204 23:01:26.249" endtime="20231204 23:01:26.265"/>
</kw>
<if>
<branch type="IF" condition="${cnt} &gt; 0">
<kw name="Click" library="Browser">
<arg>xpath=//button[@title = "${text}"]</arg>
<tag>PageContent</tag>
<tag>Setter</tag>
<doc>Simulates mouse click on the element found by ``selector``.</doc>
<status status="PASS" starttime="20231204 23:01:26.268" endtime="20231204 23:01:26.396"/>
</kw>
<kw name="Click Confirm To Action" library="common">
<kw name="Sleep" library="BuiltIn">
<arg>${SHOULD_TIMEOUT}</arg>
<doc>Pauses the test executed for the given time.</doc>
<msg timestamp="20231204 23:01:26.503" level="INFO">Slept 100 milliseconds</msg>
<status status="PASS" starttime="20231204 23:01:26.399" endtime="20231204 23:01:26.504"/>
</kw>
<kw name="Set Variable" library="BuiltIn">
<var>${element}</var>
<arg>xpath=//*[contains(@class, "ant-popover")]//*[contains(@class, "ant-btn-primary")]</arg>
<doc>Returns the given values which can then be assigned to a variables.</doc>
<msg timestamp="20231204 23:01:26.506" level="INFO">${element} = xpath=//*[contains(@class, "ant-popover")]//*[contains(@class, "ant-btn-primary")]</msg>
<status status="PASS" starttime="20231204 23:01:26.505" endtime="20231204 23:01:26.506"/>
</kw>
<kw name="Get Element Count" library="Browser">
<var>${count}</var>
<arg>${element}</arg>
<tag>Assertion</tag>
<tag>Getter</tag>
<tag>PageContent</tag>
<doc>Returns the count of elements found with ``selector``.</doc>
<msg timestamp="20231204 23:01:26.550" level="INFO">${count} = 0</msg>
<status status="PASS" starttime="20231204 23:01:26.506" endtime="20231204 23:01:26.553"/>
</kw>
<if>
<branch type="IF" condition="${count} &gt; 0">
<kw name="Click" library="Browser">
<arg>${element}</arg>
<tag>PageContent</tag>
<tag>Setter</tag>
<doc>Simulates mouse click on the element found by ``selector``.</doc>
<status status="NOT RUN" starttime="20231204 23:01:26.556" endtime="20231204 23:01:26.556"/>
</kw>
<kw name="Sleep" library="BuiltIn">
<arg>${SHOULD_TIMEOUT}</arg>
<doc>Pauses the test executed for the given time.</doc>
<status status="NOT RUN" starttime="20231204 23:01:26.557" endtime="20231204 23:01:26.557"/>
</kw>
<kw name="Wait Until Element Spin" library="common">
<status status="NOT RUN" starttime="20231204 23:01:26.557" endtime="20231204 23:01:26.557"/>
</kw>
<status status="NOT RUN" starttime="20231204 23:01:26.555" endtime="20231204 23:01:26.558"/>
</branch>
<status status="PASS" starttime="20231204 23:01:26.555" endtime="20231204 23:01:26.558"/>
</if>
<status status="PASS" starttime="20231204 23:01:26.397" endtime="20231204 23:01:26.558"/>
</kw>
<kw name="Scroll By" library="Browser">
<arg>${None}</arg>
<tag>PageContent</tag>
<tag>Setter</tag>
<doc>Scrolls an element or the page relative from current position by the given values.</doc>
<msg timestamp="20231204 23:01:26.694" level="INFO">JavaScript executed successfully.</msg>
<msg timestamp="20231204 23:01:26.695" level="INFO">JavaScript executed successfully.</msg>
<msg timestamp="20231204 23:01:26.750" level="INFO">JavaScript executed successfully.</msg>
<msg timestamp="20231204 23:01:26.750" level="INFO">JavaScript executed successfully.</msg>
<msg timestamp="20231204 23:01:26.763" level="INFO">JavaScript executed successfully.</msg>
<status status="PASS" starttime="20231204 23:01:26.559" endtime="20231204 23:01:26.763"/>
</kw>
<status status="PASS" starttime="20231204 23:01:26.266" endtime="20231204 23:01:26.764"/>
</branch>
<branch type="ELSE">
<kw name="Click" library="Browser">
<arg>//span[contains(text(),"${text}")]</arg>
<tag>PageContent</tag>
<tag>Setter</tag>
<doc>Simulates mouse click on the element found by ``selector``.</doc>
<status status="NOT RUN" starttime="20231204 23:01:26.765" endtime="20231204 23:01:26.766"/>
</kw>
<kw name="Click Confirm To Action" library="common">
<status status="NOT RUN" starttime="20231204 23:01:26.766" endtime="20231204 23:01:26.767"/>
</kw>
<kw name="Scroll By" library="Browser">
<arg>${None}</arg>
<tag>PageContent</tag>
<tag>Setter</tag>
<doc>Scrolls an element or the page relative from current position by the given values.</doc>
<status status="NOT RUN" starttime="20231204 23:01:26.768" endtime="20231204 23:01:26.769"/>
</kw>
<status status="NOT RUN" starttime="20231204 23:01:26.764" endtime="20231204 23:01:26.769"/>
</branch>
<status status="PASS" starttime="20231204 23:01:26.266" endtime="20231204 23:01:26.770"/>
</if>
<status status="PASS" starttime="20231204 23:01:26.145" endtime="20231204 23:01:26.770"/>
</kw>
<kw name="User look message &quot;Success&quot; popup" library="common" sourcename="User look message &quot;${message}&quot; popup">
<kw name="Get Regexp Matches" library="String">
<var>${contains}</var>
<arg>${message}</arg>
<arg>_@(.+)@_</arg>
<arg>1</arg>
<doc>Returns a list of all non-overlapping matches in the given string.</doc>
<msg timestamp="20231204 23:01:26.773" level="INFO">${contains} = []</msg>
<status status="PASS" starttime="20231204 23:01:26.772" endtime="20231204 23:01:26.773"/>
</kw>
<kw name="Get Length" library="BuiltIn">
<var>${cnt}</var>
<arg>${contains}</arg>
<doc>Returns and logs the length of the given item as an integer.</doc>
<msg timestamp="20231204 23:01:26.775" level="INFO">Length is 0</msg>
<msg timestamp="20231204 23:01:26.775" level="INFO">${cnt} = 0</msg>
<status status="PASS" starttime="20231204 23:01:26.774" endtime="20231204 23:01:26.776"/>
</kw>
<if>
<branch type="IF" condition="${cnt} &gt; 0">
<kw name="Replace String" library="String">
<var>${message}</var>
<arg>${message}</arg>
<arg>_@${contains[0]}@_</arg>
<arg>${STATE["${contains[0]}"]}</arg>
<doc>Replaces ``search_for`` in the given ``string`` with ``replace_with``.</doc>
<status status="NOT RUN" starttime="20231204 23:01:26.779" endtime="20231204 23:01:26.779"/>
</kw>
<status status="NOT RUN" starttime="20231204 23:01:26.778" endtime="20231204 23:01:26.780"/>
</branch>
<status status="PASS" starttime="20231204 23:01:26.776" endtime="20231204 23:01:26.781"/>
</if>
<kw name="Wait Until Keyword Succeeds" library="BuiltIn">
<arg>${SHOULD_TIMEOUT}</arg>
<arg>${TIME_TRY}</arg>
<arg>Element Text Should Be</arg>
<arg>id=swal2-html-container</arg>
<arg>${message}</arg>
<doc>Runs the specified keyword and retries if it fails.</doc>
<kw name="Element Text Should Be" library="common">
<arg>id=swal2-html-container</arg>
<arg>${message}</arg>
<kw name="Get Text" library="Browser">
<arg>${locator}</arg>
<arg>equal</arg>
<arg>${expected}</arg>
<arg>${message}</arg>
<tag>Assertion</tag>
<tag>Getter</tag>
<tag>PageContent</tag>
<doc>Returns text attribute of the element found by ``selector``.</doc>
<msg timestamp="20231204 23:01:27.011" level="INFO">Text: 'Success'</msg>
<status status="PASS" starttime="20231204 23:01:26.787" endtime="20231204 23:01:27.011"/>
</kw>
<status status="PASS" starttime="20231204 23:01:26.783" endtime="20231204 23:01:27.012"/>
</kw>
<status status="PASS" starttime="20231204 23:01:26.782" endtime="20231204 23:01:27.013"/>
</kw>
<kw name="Set Variable" library="BuiltIn">
<var>${element}</var>
<arg>xpath=//*[contains(@class, "swal2-confirm")]</arg>
<doc>Returns the given values which can then be assigned to a variables.</doc>
<msg timestamp="20231204 23:01:27.014" level="INFO">${element} = xpath=//*[contains(@class, "swal2-confirm")]</msg>
<status status="PASS" starttime="20231204 23:01:27.013" endtime="20231204 23:01:27.014"/>
</kw>
<kw name="Run Keyword And Return Status" library="BuiltIn">
<var>${passed}</var>
<arg>Element Should Be Visible</arg>
<arg>${element}</arg>
<doc>Runs the given keyword with given arguments and returns the status as a Boolean value.</doc>
<kw name="Element Should Be Visible" library="common">
<arg>${element}</arg>
<kw name="Wait For Elements State" library="Browser">
<arg>${locator}</arg>
<arg>visible</arg>
<arg>${timeout}</arg>
<arg>${message}</arg>
<tag>PageContent</tag>
<tag>Wait</tag>
<doc>Waits for the element found by ``selector`` to satisfy state option.</doc>
<msg timestamp="20231204 23:01:27.440" level="INFO" html="true">&lt;/td&gt;&lt;/tr&gt;&lt;tr&gt;&lt;td colspan="3"&gt;&lt;a href="browser/screenshot/fail-screenshot-1.png" target="_blank"&gt;&lt;img src="browser/screenshot/fail-screenshot-1.png" width="800px"/&gt;&lt;/a&gt;</msg>
<msg timestamp="20231204 23:01:27.440" level="INFO">See also file:///D:/TESTER/Automation/playwright-log.txt for additional details.</msg>
<msg timestamp="20231204 23:01:27.441" level="FAIL">TimeoutError: locator.waitFor: Timeout 100ms exceeded.
=========================== logs ===========================
waiting for locator('xpath=//*[contains(@class, "swal2-confirm")]') to be visible
  locator resolved to hidden &lt;button type="button" aria-label="" class="swal2-confirm…&gt;OK&lt;/button&gt;
  locator resolved to hidden &lt;button type="button" aria-label="" class="swal2-confirm…&gt;OK&lt;/button&gt;
  locator resolved to hidden &lt;button type="button" aria-label="" class="swal2-confirm…&gt;OK&lt;/button&gt;
============================================================
Tip: Use "Set Browser Timeout" for increasing the timeout or double check your locator as the targeted element(s) couldn't be found.</msg>
<status status="FAIL" starttime="20231204 23:01:27.016" endtime="20231204 23:01:27.453"/>
</kw>
<status status="FAIL" starttime="20231204 23:01:27.015" endtime="20231204 23:01:27.454"/>
</kw>
<msg timestamp="20231204 23:01:27.455" level="INFO">${passed} = False</msg>
<status status="PASS" starttime="20231204 23:01:27.014" endtime="20231204 23:01:27.455"/>
</kw>
<if>
<branch type="IF" condition="'${passed}' == 'True'">
<kw name="Click" library="Browser">
<arg>${element}</arg>
<tag>PageContent</tag>
<tag>Setter</tag>
<doc>Simulates mouse click on the element found by ``selector``.</doc>
<status status="NOT RUN" starttime="20231204 23:01:27.459" endtime="20231204 23:01:27.459"/>
</kw>
<status status="NOT RUN" starttime="20231204 23:01:27.457" endtime="20231204 23:01:27.460"/>
</branch>
<status status="PASS" starttime="20231204 23:01:27.457" endtime="20231204 23:01:27.460"/>
</if>
<status status="PASS" starttime="20231204 23:01:26.771" endtime="20231204 23:01:27.461"/>
</kw>
<status status="PASS" starttime="20231204 23:01:24.689" endtime="20231204 23:01:27.462"/>
</kw>
<kw name="Click &quot;QUẢN LÝ DANH MỤC&quot; menu" library="common" sourcename="Click &quot;${text}&quot; menu">
<kw name="Wait Until Element Is Existent" library="common">
<arg>//li[contains(@class, "menu") and descendant::span[contains(text(), "${text}")]]</arg>
<kw name="Wait For Elements State" library="Browser">
<arg>${locator}</arg>
<arg>attached</arg>
<arg>${timeout}</arg>
<arg>${message}</arg>
<tag>PageContent</tag>
<tag>Wait</tag>
<doc>Waits for the element found by ``selector`` to satisfy state option.</doc>
<msg timestamp="20231204 23:01:27.490" level="INFO">Waited for Element with selector //li[contains(@class, "menu") and descendant::span[contains(text(), "QUẢN LÝ DANH MỤC")]] at state attached</msg>
<status status="PASS" starttime="20231204 23:01:27.466" endtime="20231204 23:01:27.491"/>
</kw>
<status status="PASS" starttime="20231204 23:01:27.464" endtime="20231204 23:01:27.492"/>
</kw>
<kw name="Click" library="Browser">
<arg>xpath=//li[contains(@class, "menu") and descendant::span[contains(text(), "${text}")]]</arg>
<tag>PageContent</tag>
<tag>Setter</tag>
<doc>Simulates mouse click on the element found by ``selector``.</doc>
<status status="PASS" starttime="20231204 23:01:27.493" endtime="20231204 23:01:28.494"/>
</kw>
<status status="PASS" starttime="20231204 23:01:27.463" endtime="20231204 23:01:28.494"/>
</kw>
<kw name="Click &quot;Quản lý dữ liệu&quot; sub menu to &quot;/data&quot;" library="common" sourcename="Click &quot;${text}&quot; sub menu to &quot;${url}&quot;">
<kw name="Wait Until Element Is Existent" library="common">
<arg>//a[contains(@class, "sub-menu") and descendant::span[contains(text(), "${text}")]]</arg>
<kw name="Wait For Elements State" library="Browser">
<arg>${locator}</arg>
<arg>attached</arg>
<arg>${timeout}</arg>
<arg>${message}</arg>
<tag>PageContent</tag>
<tag>Wait</tag>
<doc>Waits for the element found by ``selector`` to satisfy state option.</doc>
<msg timestamp="20231204 23:01:28.516" level="INFO">Waited for Element with selector //a[contains(@class, "sub-menu") and descendant::span[contains(text(), "Quản lý dữ liệu")]] at state attached</msg>
<status status="PASS" starttime="20231204 23:01:28.496" endtime="20231204 23:01:28.517"/>
</kw>
<status status="PASS" starttime="20231204 23:01:28.495" endtime="20231204 23:01:28.518"/>
</kw>
<kw name="Click" library="Browser">
<arg>xpath=//a[contains(@class, "sub-menu") and descendant::span[contains(text(), "${text}")]]</arg>
<tag>PageContent</tag>
<tag>Setter</tag>
<doc>Simulates mouse click on the element found by ``selector``.</doc>
<status status="PASS" starttime="20231204 23:01:28.519" endtime="20231204 23:01:28.891"/>
</kw>
<kw name="Get Url" library="Browser">
<var>${curent_url}</var>
<tag>Assertion</tag>
<tag>Getter</tag>
<tag>PageContent</tag>
<doc>Returns the current URL.</doc>
<msg timestamp="20231204 23:01:28.897" level="INFO">${curent_url} = http://dev1.geneat.vn:7802/#/vn/data?filter=%7B%22type%22:%2201%22%7D</msg>
<status status="PASS" starttime="20231204 23:01:28.892" endtime="20231204 23:01:28.897"/>
</kw>
<kw name="Should Contain" library="BuiltIn">
<arg>${curent_url}</arg>
<arg>${URL_DEFAULT}${url}</arg>
<doc>Fails if ``container`` does not contain ``item`` one or more times.</doc>
<status status="PASS" starttime="20231204 23:01:28.898" endtime="20231204 23:01:28.899"/>
</kw>
<status status="PASS" starttime="20231204 23:01:28.494" endtime="20231204 23:01:28.899"/>
</kw>
<status status="PASS" starttime="20231204 23:01:24.688" endtime="20231204 23:01:28.900"/>
</kw>
<kw name="When Click &quot;Tạo mới&quot; button" library="common" sourcename="Click &quot;${text}&quot; button">
<kw name="Sleep" library="BuiltIn">
<arg>${SHOULD_TIMEOUT}</arg>
<doc>Pauses the test executed for the given time.</doc>
<msg timestamp="20231204 23:01:29.015" level="INFO">Slept 100 milliseconds</msg>
<status status="PASS" starttime="20231204 23:01:28.914" endtime="20231204 23:01:29.015"/>
</kw>
<kw name="Get Element Count" library="Browser">
<var>${cnt}</var>
<arg>//button[@title = "${text}"]</arg>
<tag>Assertion</tag>
<tag>Getter</tag>
<tag>PageContent</tag>
<doc>Returns the count of elements found with ``selector``.</doc>
<msg timestamp="20231204 23:01:29.326" level="INFO">${cnt} = 1</msg>
<status status="PASS" starttime="20231204 23:01:29.016" endtime="20231204 23:01:29.326"/>
</kw>
<if>
<branch type="IF" condition="${cnt} &gt; 0">
<kw name="Click" library="Browser">
<arg>xpath=//button[@title = "${text}"]</arg>
<tag>PageContent</tag>
<tag>Setter</tag>
<doc>Simulates mouse click on the element found by ``selector``.</doc>
<status status="PASS" starttime="20231204 23:01:29.328" endtime="20231204 23:01:29.571"/>
</kw>
<kw name="Click Confirm To Action" library="common">
<kw name="Sleep" library="BuiltIn">
<arg>${SHOULD_TIMEOUT}</arg>
<doc>Pauses the test executed for the given time.</doc>
<msg timestamp="20231204 23:01:29.675" level="INFO">Slept 100 milliseconds</msg>
<status status="PASS" starttime="20231204 23:01:29.574" endtime="20231204 23:01:29.675"/>
</kw>
<kw name="Set Variable" library="BuiltIn">
<var>${element}</var>
<arg>xpath=//*[contains(@class, "ant-popover")]//*[contains(@class, "ant-btn-primary")]</arg>
<doc>Returns the given values which can then be assigned to a variables.</doc>
<msg timestamp="20231204 23:01:29.676" level="INFO">${element} = xpath=//*[contains(@class, "ant-popover")]//*[contains(@class, "ant-btn-primary")]</msg>
<status status="PASS" starttime="20231204 23:01:29.675" endtime="20231204 23:01:29.676"/>
</kw>
<kw name="Get Element Count" library="Browser">
<var>${count}</var>
<arg>${element}</arg>
<tag>Assertion</tag>
<tag>Getter</tag>
<tag>PageContent</tag>
<doc>Returns the count of elements found with ``selector``.</doc>
<msg timestamp="20231204 23:01:29.684" level="INFO">${count} = 0</msg>
<status status="PASS" starttime="20231204 23:01:29.676" endtime="20231204 23:01:29.685"/>
</kw>
<if>
<branch type="IF" condition="${count} &gt; 0">
<kw name="Click" library="Browser">
<arg>${element}</arg>
<tag>PageContent</tag>
<tag>Setter</tag>
<doc>Simulates mouse click on the element found by ``selector``.</doc>
<status status="NOT RUN" starttime="20231204 23:01:29.688" endtime="20231204 23:01:29.689"/>
</kw>
<kw name="Sleep" library="BuiltIn">
<arg>${SHOULD_TIMEOUT}</arg>
<doc>Pauses the test executed for the given time.</doc>
<status status="NOT RUN" starttime="20231204 23:01:29.690" endtime="20231204 23:01:29.691"/>
</kw>
<kw name="Wait Until Element Spin" library="common">
<status status="NOT RUN" starttime="20231204 23:01:29.691" endtime="20231204 23:01:29.692"/>
</kw>
<status status="NOT RUN" starttime="20231204 23:01:29.687" endtime="20231204 23:01:29.692"/>
</branch>
<status status="PASS" starttime="20231204 23:01:29.686" endtime="20231204 23:01:29.693"/>
</if>
<status status="PASS" starttime="20231204 23:01:29.572" endtime="20231204 23:01:29.693"/>
</kw>
<kw name="Scroll By" library="Browser">
<arg>${None}</arg>
<tag>PageContent</tag>
<tag>Setter</tag>
<doc>Scrolls an element or the page relative from current position by the given values.</doc>
<msg timestamp="20231204 23:01:29.715" level="INFO">JavaScript executed successfully.</msg>
<msg timestamp="20231204 23:01:29.716" level="INFO">JavaScript executed successfully.</msg>
<msg timestamp="20231204 23:01:29.740" level="INFO">JavaScript executed successfully.</msg>
<msg timestamp="20231204 23:01:29.741" level="INFO">JavaScript executed successfully.</msg>
<msg timestamp="20231204 23:01:29.748" level="INFO">JavaScript executed successfully.</msg>
<status status="PASS" starttime="20231204 23:01:29.694" endtime="20231204 23:01:29.749"/>
</kw>
<status status="PASS" starttime="20231204 23:01:29.327" endtime="20231204 23:01:29.749"/>
</branch>
<branch type="ELSE">
<kw name="Click" library="Browser">
<arg>//span[contains(text(),"${text}")]</arg>
<tag>PageContent</tag>
<tag>Setter</tag>
<doc>Simulates mouse click on the element found by ``selector``.</doc>
<status status="NOT RUN" starttime="20231204 23:01:29.757" endtime="20231204 23:01:29.757"/>
</kw>
<kw name="Click Confirm To Action" library="common">
<status status="NOT RUN" starttime="20231204 23:01:29.759" endtime="20231204 23:01:29.759"/>
</kw>
<kw name="Scroll By" library="Browser">
<arg>${None}</arg>
<tag>PageContent</tag>
<tag>Setter</tag>
<doc>Scrolls an element or the page relative from current position by the given values.</doc>
<status status="NOT RUN" starttime="20231204 23:01:29.760" endtime="20231204 23:01:29.760"/>
</kw>
<status status="NOT RUN" starttime="20231204 23:01:29.755" endtime="20231204 23:01:29.761"/>
</branch>
<status status="PASS" starttime="20231204 23:01:29.327" endtime="20231204 23:01:29.761"/>
</if>
<status status="PASS" starttime="20231204 23:01:28.913" endtime="20231204 23:01:29.761"/>
</kw>
<kw name="Then Confirm adding &quot;/data/type&quot; page" library="common" sourcename="Confirm adding &quot;${url}&quot; page">
<kw name="Get Url" library="Browser">
<var>${current_url}</var>
<tag>Assertion</tag>
<tag>Getter</tag>
<tag>PageContent</tag>
<doc>Returns the current URL.</doc>
<msg timestamp="20231204 23:01:29.775" level="INFO">${current_url} = http://dev1.geneat.vn:7802/#/vn/data/type/add</msg>
<status status="PASS" starttime="20231204 23:01:29.765" endtime="20231204 23:01:29.775"/>
</kw>
<kw name="Should Contain" library="BuiltIn">
<arg>${current_url}</arg>
<arg>${URL_DEFAULT}${url}/add</arg>
<doc>Fails if ``container`` does not contain ``item`` one or more times.</doc>
<status status="PASS" starttime="20231204 23:01:29.776" endtime="20231204 23:01:29.778"/>
</kw>
<status status="PASS" starttime="20231204 23:01:29.764" endtime="20231204 23:01:29.778"/>
</kw>
<kw name="Then Heading should contain &quot;Thêm mới chuyên mục&quot; inner Text" library="common" sourcename="Heading should contain &quot;${text}&quot; inner Text">
<kw name="Check Text" library="common">
<var>${text}</var>
<arg>${text}</arg>
<kw name="Get Regexp Matches" library="String">
<var>${containsS}</var>
<arg>${text}</arg>
<arg>_@(.+)@_</arg>
<arg>1</arg>
<doc>Returns a list of all non-overlapping matches in the given string.</doc>
<msg timestamp="20231204 23:01:29.788" level="INFO">${containsS} = []</msg>
<status status="PASS" starttime="20231204 23:01:29.787" endtime="20231204 23:01:29.789"/>
</kw>
<kw name="Get Length" library="BuiltIn">
<var>${cntS}</var>
<arg>${containsS}</arg>
<doc>Returns and logs the length of the given item as an integer.</doc>
<msg timestamp="20231204 23:01:29.791" level="INFO">Length is 0</msg>
<msg timestamp="20231204 23:01:29.792" level="INFO">${cntS} = 0</msg>
<status status="PASS" starttime="20231204 23:01:29.790" endtime="20231204 23:01:29.792"/>
</kw>
<if>
<branch type="IF" condition="${cntS} &gt; 0">
<kw name="Set Variable" library="BuiltIn">
<var>${text}</var>
<arg>${STATE["${containsS[0]}"]}</arg>
<doc>Returns the given values which can then be assigned to a variables.</doc>
<status status="NOT RUN" starttime="20231204 23:01:29.794" endtime="20231204 23:01:29.794"/>
</kw>
<status status="NOT RUN" starttime="20231204 23:01:29.793" endtime="20231204 23:01:29.795"/>
</branch>
<status status="PASS" starttime="20231204 23:01:29.792" endtime="20231204 23:01:29.795"/>
</if>
<msg timestamp="20231204 23:01:29.796" level="INFO">${text} = Thêm mới chuyên mục</msg>
<status status="PASS" starttime="20231204 23:01:29.785" endtime="20231204 23:01:29.796"/>
</kw>
<kw name="Set Variable" library="BuiltIn">
<var>${element}</var>
<arg>//*[contains(@class,'mx-auto')]//*[contains(@class, 'text-2xl') and contains(text(),'${text}')]</arg>
<doc>Returns the given values which can then be assigned to a variables.</doc>
<msg timestamp="20231204 23:01:29.798" level="INFO">${element} = //*[contains(@class,'mx-auto')]//*[contains(@class, 'text-2xl') and contains(text(),'Thêm mới chuyên mục')]</msg>
<status status="PASS" starttime="20231204 23:01:29.797" endtime="20231204 23:01:29.798"/>
</kw>
<kw name="Wait Until Element Is Existent" library="common">
<arg>${element}</arg>
<kw name="Wait For Elements State" library="Browser">
<arg>${locator}</arg>
<arg>attached</arg>
<arg>${timeout}</arg>
<arg>${message}</arg>
<tag>PageContent</tag>
<tag>Wait</tag>
<doc>Waits for the element found by ``selector`` to satisfy state option.</doc>
<msg timestamp="20231204 23:01:29.826" level="INFO">Waited for Element with selector //*[contains(@class,'mx-auto')]//*[contains(@class, 'text-2xl') and contains(text(),'Thêm mới chuyên mục')] at state attached</msg>
<status status="PASS" starttime="20231204 23:01:29.806" endtime="20231204 23:01:29.827"/>
</kw>
<status status="PASS" starttime="20231204 23:01:29.799" endtime="20231204 23:01:29.827"/>
</kw>
<status status="PASS" starttime="20231204 23:01:29.782" endtime="20231204 23:01:29.828"/>
</kw>
<kw name="Then Webpage should contain &quot;Tên loại&quot; input field" library="common" sourcename="Webpage should contain &quot;${name}&quot; input field">
<kw name="Set Variable" library="BuiltIn">
<var>${element}</var>
<arg>//label[text()="${name}"]//ancestor::*[contains(@class,'ant-row')]//*[contains(@class,'ant-input')]</arg>
<doc>Returns the given values which can then be assigned to a variables.</doc>
<msg timestamp="20231204 23:01:29.836" level="INFO">${element} = //label[text()="Tên loại"]//ancestor::*[contains(@class,'ant-row')]//*[contains(@class,'ant-input')]</msg>
<status status="PASS" starttime="20231204 23:01:29.833" endtime="20231204 23:01:29.837"/>
</kw>
<kw name="Get Element Count" library="Browser">
<var>${count}</var>
<arg>${element}</arg>
<tag>Assertion</tag>
<tag>Getter</tag>
<tag>PageContent</tag>
<doc>Returns the count of elements found with ``selector``.</doc>
<msg timestamp="20231204 23:01:29.847" level="INFO">${count} = 1</msg>
<status status="PASS" starttime="20231204 23:01:29.838" endtime="20231204 23:01:29.848"/>
</kw>
<kw name="Should Be True" library="BuiltIn">
<arg>${count} &gt;= 1</arg>
<doc>Fails if the given condition is not true.</doc>
<status status="PASS" starttime="20231204 23:01:29.849" endtime="20231204 23:01:29.851"/>
</kw>
<status status="PASS" starttime="20231204 23:01:29.831" endtime="20231204 23:01:29.853"/>
</kw>
<kw name="Then Webpage should contain &quot;Mã&quot; input field" library="common" sourcename="Webpage should contain &quot;${name}&quot; input field">
<kw name="Set Variable" library="BuiltIn">
<var>${element}</var>
<arg>//label[text()="${name}"]//ancestor::*[contains(@class,'ant-row')]//*[contains(@class,'ant-input')]</arg>
<doc>Returns the given values which can then be assigned to a variables.</doc>
<msg timestamp="20231204 23:01:29.861" level="INFO">${element} = //label[text()="Mã"]//ancestor::*[contains(@class,'ant-row')]//*[contains(@class,'ant-input')]</msg>
<status status="PASS" starttime="20231204 23:01:29.859" endtime="20231204 23:01:29.861"/>
</kw>
<kw name="Get Element Count" library="Browser">
<var>${count}</var>
<arg>${element}</arg>
<tag>Assertion</tag>
<tag>Getter</tag>
<tag>PageContent</tag>
<doc>Returns the count of elements found with ``selector``.</doc>
<msg timestamp="20231204 23:01:29.875" level="INFO">${count} = 1</msg>
<status status="PASS" starttime="20231204 23:01:29.862" endtime="20231204 23:01:29.876"/>
</kw>
<kw name="Should Be True" library="BuiltIn">
<arg>${count} &gt;= 1</arg>
<doc>Fails if the given condition is not true.</doc>
<status status="PASS" starttime="20231204 23:01:29.876" endtime="20231204 23:01:29.878"/>
</kw>
<status status="PASS" starttime="20231204 23:01:29.858" endtime="20231204 23:01:29.878"/>
</kw>
<kw name="Then Webpage should contain &quot;Lưu lại&quot; button" library="common" sourcename="Webpage should contain &quot;${name}&quot; button">
<kw name="Set Variable" library="BuiltIn">
<var>${element}</var>
<arg>//button[contains(text(),"${name}")]</arg>
<doc>Returns the given values which can then be assigned to a variables.</doc>
<msg timestamp="20231204 23:01:29.886" level="INFO">${element} = //button[contains(text(),"Lưu lại")]</msg>
<status status="PASS" starttime="20231204 23:01:29.883" endtime="20231204 23:01:29.887"/>
</kw>
<kw name="Get Element Count" library="Browser">
<var>${count}</var>
<arg>${element}</arg>
<tag>Assertion</tag>
<tag>Getter</tag>
<tag>PageContent</tag>
<doc>Returns the count of elements found with ``selector``.</doc>
<msg timestamp="20231204 23:01:29.899" level="INFO">${count} = 1</msg>
<status status="PASS" starttime="20231204 23:01:29.888" endtime="20231204 23:01:29.899"/>
</kw>
<kw name="Should Be True" library="BuiltIn">
<arg>${count} &gt;= 1</arg>
<doc>Fails if the given condition is not true.</doc>
<status status="PASS" starttime="20231204 23:01:29.903" endtime="20231204 23:01:29.905"/>
</kw>
<status status="PASS" starttime="20231204 23:01:29.881" endtime="20231204 23:01:29.906"/>
</kw>
<kw name="Then Webpage should contain &quot;Đóng lại&quot; button" library="common" sourcename="Webpage should contain &quot;${name}&quot; button">
<kw name="Set Variable" library="BuiltIn">
<var>${element}</var>
<arg>//button[contains(text(),"${name}")]</arg>
<doc>Returns the given values which can then be assigned to a variables.</doc>
<msg timestamp="20231204 23:01:29.911" level="INFO">${element} = //button[contains(text(),"Đóng lại")]</msg>
<status status="PASS" starttime="20231204 23:01:29.910" endtime="20231204 23:01:29.912"/>
</kw>
<kw name="Get Element Count" library="Browser">
<var>${count}</var>
<arg>${element}</arg>
<tag>Assertion</tag>
<tag>Getter</tag>
<tag>PageContent</tag>
<doc>Returns the count of elements found with ``selector``.</doc>
<msg timestamp="20231204 23:01:29.926" level="INFO">${count} = 1</msg>
<status status="PASS" starttime="20231204 23:01:29.913" endtime="20231204 23:01:29.927"/>
</kw>
<kw name="Should Be True" library="BuiltIn">
<arg>${count} &gt;= 1</arg>
<doc>Fails if the given condition is not true.</doc>
<status status="PASS" starttime="20231204 23:01:29.928" endtime="20231204 23:01:29.929"/>
</kw>
<status status="PASS" starttime="20231204 23:01:29.909" endtime="20231204 23:01:29.929"/>
</kw>
<kw name="Then Webpage should contain left arrow icon" library="common">
<kw name="Get Element Count" library="Browser">
<var>${count}</var>
<arg>//i[contains(@class,'la-arrow-left')]</arg>
<tag>Assertion</tag>
<tag>Getter</tag>
<tag>PageContent</tag>
<doc>Returns the count of elements found with ``selector``.</doc>
<msg timestamp="20231204 23:01:29.948" level="INFO">${count} = 1</msg>
<status status="PASS" starttime="20231204 23:01:29.938" endtime="20231204 23:01:29.948"/>
</kw>
<kw name="Should Be True" library="BuiltIn">
<arg>${count} &gt; 0</arg>
<doc>Fails if the given condition is not true.</doc>
<status status="PASS" starttime="20231204 23:01:29.949" endtime="20231204 23:01:29.950"/>
</kw>
<status status="PASS" starttime="20231204 23:01:29.932" endtime="20231204 23:01:29.951"/>
</kw>
<kw name="Tear Down" library="common" type="TEARDOWN">
<kw name="Close Browser" library="Browser">
<arg>ALL</arg>
<tag>BrowserControl</tag>
<tag>Setter</tag>
<doc>Closes the current browser.</doc>
<msg timestamp="20231204 23:01:31.074" level="INFO">Closed all browsers</msg>
<status status="PASS" starttime="20231204 23:01:29.957" endtime="20231204 23:01:31.075"/>
</kw>
<status status="PASS" starttime="20231204 23:01:29.955" endtime="20231204 23:01:31.075"/>
</kw>
<tag>Create</tag>
<tag>Smoketest</tag>
<status status="PASS" starttime="20231204 23:01:19.594" endtime="20231204 23:01:31.076"/>
</test>
<status status="PASS" starttime="20231204 23:01:17.238" endtime="20231204 23:01:31.133"/>
</suite>
<statistics>
<total>
<stat pass="1" fail="0" skip="0">All Tests</stat>
</total>
<tag>
<stat pass="1" fail="0" skip="0">Create</stat>
<stat pass="1" fail="0" skip="0">Smoketest</stat>
</tag>
<suite>
<stat pass="1" fail="0" skip="0" id="s1" name="Categories Data">Categories Data</stat>
</suite>
</statistics>
<errors>
</errors>
</robot>
