<?xml version="1.0" encoding="UTF-8"?>
<robot generator="Robot 6.1.1 (Python 3.11.4 on win32)" generated="20231128 21:49:32.974" rpa="false" schemaversion="4">
<suite id="s1" name="Navigation" source="d:\TESTER\Automation\Auto_Web\testcases\navigation.robot">
<test id="s1-t1" name="DH_28 Verify the search function when enter the name was not existed" line="347">
<kw name="Setup" library="common" type="SETUP">
<kw name="Set Browser Timeout" library="Browser">
<arg>${BROWSER_TIMEOUT}</arg>
<tag>Config</tag>
<tag>Setter</tag>
<doc>Sets the timeout used by most input and getter keywords.</doc>
<status status="PASS" starttime="20231128 21:49:35.233" endtime="20231128 21:49:35.235"/>
</kw>
<kw name="New Browser" library="Browser">
<arg>${BROWSER}</arg>
<arg>headless=${HEADLESS}</arg>
<tag>BrowserControl</tag>
<tag>Setter</tag>
<doc>Create a new playwright Browser with specified options.</doc>
<msg timestamp="20231128 21:49:35.237" level="INFO">{"browser": "chromium", "headless": false, "chromiumSandbox": false, "devtools": false, "handleSIGHUP": true, "handleSIGINT": true, "handleSIGTERM": true, "slowMo": 0.0, "timeout": 30000.0, "tracesDir": "D:\\TESTER\\Automation\\browser\\traces\\28aabd64-9c93-4786-90eb-410cf84805eb"}</msg>
<msg timestamp="20231128 21:49:36.767" level="INFO">Successfully created browser with options: {"browser":"chromium","headless":false,"chromiumSandbox":false,"devtools":false,"handleSIGHUP":true,"handleSIGINT":true,"handleSIGTERM":true,"slowMo":0,"timeout":30000,"tracesDir":"D:\\TESTER\\Automation\\browser\\traces\\28aabd64-9c93-4786-90eb-410cf84805eb"}</msg>
<status status="PASS" starttime="20231128 21:49:35.236" endtime="20231128 21:49:36.768"/>
</kw>
<kw name="New Page" library="Browser">
<arg>${URL_DEFAULT}</arg>
<tag>BrowserControl</tag>
<tag>Setter</tag>
<doc>Open a new Page.</doc>
<msg timestamp="20231128 21:49:40.530" level="INFO">Successfully initialized new page object and opened url: http://dev1.geneat.vn:7802/#/vn</msg>
<msg timestamp="20231128 21:49:40.531" level="INFO">No context was open. New context was automatically opened when this page is created.</msg>
<status status="PASS" starttime="20231128 21:49:36.769" endtime="20231128 21:49:40.532"/>
</kw>
<kw name="Evaluate" library="BuiltIn">
<var>${STATE}</var>
<arg>json.loads('''{}''')</arg>
<arg>json</arg>
<doc>Evaluates the given expression in Python and returns the result.</doc>
<msg timestamp="20231128 21:49:40.534" level="INFO">${STATE} = {}</msg>
<status status="PASS" starttime="20231128 21:49:40.533" endtime="20231128 21:49:40.535"/>
</kw>
<status status="PASS" starttime="20231128 21:49:35.232" endtime="20231128 21:49:40.535"/>
</kw>
<kw name="Create a test data">
<kw name="Run Keyword And Return Status" library="BuiltIn">
<var>${condition}</var>
<arg>Confirm locating exactly in "Phân quyền điều hướng" page</arg>
<doc>Runs the given keyword with given arguments and returns the status as a Boolean value.</doc>
<kw name="Confirm locating exactly in &quot;Phân quyền điều hướng&quot; page" library="common" sourcename="Confirm locating exactly in &quot;${name}&quot; page">
<kw name="Get Element Count" library="Browser">
<var>${cnt}</var>
<arg>//header//span[contains(text(),"${name}")]</arg>
<tag>Assertion</tag>
<tag>Getter</tag>
<tag>PageContent</tag>
<doc>Returns the count of elements found with ``selector``.</doc>
<msg timestamp="20231128 21:49:40.670" level="INFO">${cnt} = 0</msg>
<status status="PASS" starttime="20231128 21:49:40.564" endtime="20231128 21:49:40.670"/>
</kw>
<kw name="Should Be True" library="BuiltIn">
<arg>${cnt} &gt; 0</arg>
<doc>Fails if the given condition is not true.</doc>
<msg timestamp="20231128 21:49:40.674" level="FAIL">'0 &gt; 0' should be true.</msg>
<status status="FAIL" starttime="20231128 21:49:40.671" endtime="20231128 21:49:40.674"/>
</kw>
<status status="FAIL" starttime="20231128 21:49:40.563" endtime="20231128 21:49:40.677"/>
</kw>
<msg timestamp="20231128 21:49:40.678" level="INFO">${condition} = False</msg>
<status status="PASS" starttime="20231128 21:49:40.561" endtime="20231128 21:49:40.679"/>
</kw>
<if>
<branch type="IF" condition="'${condition}' == 'True'">
<kw name="Click &quot;Tạo mới&quot; button" library="common" sourcename="Click &quot;${text}&quot; button">
<status status="NOT RUN" starttime="20231128 21:49:40.682" endtime="20231128 21:49:40.683"/>
</kw>
<status status="NOT RUN" starttime="20231128 21:49:40.680" endtime="20231128 21:49:40.683"/>
</branch>
<branch type="ELSE">
<kw name="Go to &quot;Điều hướng&quot; page">
<kw name="Login to admin" library="common">
<kw name="Enter &quot;email&quot; in &quot;Email&quot; with &quot;admin@gmail.com&quot;" library="common" sourcename="Enter &quot;${type}&quot; in &quot;${name}&quot; with &quot;${text}&quot;">
<kw name="Wait Until Element Spin" library="common">
<kw name="Sleep" library="BuiltIn">
<arg>${SHOULD_TIMEOUT}</arg>
<doc>Pauses the test executed for the given time.</doc>
<msg timestamp="20231128 21:49:40.796" level="INFO">Slept 100 milliseconds</msg>
<status status="PASS" starttime="20231128 21:49:40.694" endtime="20231128 21:49:40.796"/>
</kw>
<kw name="Set Variable" library="BuiltIn">
<var>${element}</var>
<arg>xpath=//*[contains(@class, "ant-spin-spinning")]</arg>
<doc>Returns the given values which can then be assigned to a variables.</doc>
<msg timestamp="20231128 21:49:40.799" level="INFO">${element} = xpath=//*[contains(@class, "ant-spin-spinning")]</msg>
<status status="PASS" starttime="20231128 21:49:40.797" endtime="20231128 21:49:40.799"/>
</kw>
<kw name="Get Element Count" library="Browser">
<var>${count}</var>
<arg>${element}</arg>
<tag>Assertion</tag>
<tag>Getter</tag>
<tag>PageContent</tag>
<doc>Returns the count of elements found with ``selector``.</doc>
<msg timestamp="20231128 21:49:40.816" level="INFO">${count} = 0</msg>
<status status="PASS" starttime="20231128 21:49:40.800" endtime="20231128 21:49:40.817"/>
</kw>
<if>
<branch type="IF" condition="${count} &gt; 0">
<kw name="Wait Until Page Does Not Contain Element" library="common">
<arg>${element}</arg>
<status status="NOT RUN" starttime="20231128 21:49:40.833" endtime="20231128 21:49:40.834"/>
</kw>
<status status="NOT RUN" starttime="20231128 21:49:40.818" endtime="20231128 21:49:40.834"/>
</branch>
<status status="PASS" starttime="20231128 21:49:40.818" endtime="20231128 21:49:40.835"/>
</if>
<status status="PASS" starttime="20231128 21:49:40.693" endtime="20231128 21:49:40.836"/>
</kw>
<kw name="Get Random Text" library="common">
<var>${text}</var>
<arg>${type}</arg>
<arg>${text}</arg>
<kw name="Set Variable" library="BuiltIn">
<var>${symbol}</var>
<arg>_RANDOM_</arg>
<doc>Returns the given values which can then be assigned to a variables.</doc>
<msg timestamp="20231128 21:49:40.844" level="INFO">${symbol} = _RANDOM_</msg>
<status status="PASS" starttime="20231128 21:49:40.843" endtime="20231128 21:49:40.845"/>
</kw>
<kw name="Set Variable" library="BuiltIn">
<var>${new_text}</var>
<doc>Returns the given values which can then be assigned to a variables.</doc>
<msg timestamp="20231128 21:49:40.846" level="INFO">${new_text} = </msg>
<status status="PASS" starttime="20231128 21:49:40.845" endtime="20231128 21:49:40.847"/>
</kw>
<kw name="Get Regexp Matches" library="String">
<var>${containsS}</var>
<arg>${text}</arg>
<arg>_@(.+)@_</arg>
<arg>1</arg>
<doc>Returns a list of all non-overlapping matches in the given string.</doc>
<msg timestamp="20231128 21:49:40.849" level="INFO">${containsS} = []</msg>
<status status="PASS" starttime="20231128 21:49:40.848" endtime="20231128 21:49:40.850"/>
</kw>
<kw name="Get Length" library="BuiltIn">
<var>${cntS}</var>
<arg>${containsS}</arg>
<doc>Returns and logs the length of the given item as an integer.</doc>
<msg timestamp="20231128 21:49:40.852" level="INFO">Length is 0</msg>
<msg timestamp="20231128 21:49:40.853" level="INFO">${cntS} = 0</msg>
<status status="PASS" starttime="20231128 21:49:40.851" endtime="20231128 21:49:40.854"/>
</kw>
<kw name="Get Regexp Matches" library="String">
<var>${contains}</var>
<arg>${text}</arg>
<arg>${symbol}</arg>
<doc>Returns a list of all non-overlapping matches in the given string.</doc>
<msg timestamp="20231128 21:49:40.858" level="INFO">${contains} = []</msg>
<status status="PASS" starttime="20231128 21:49:40.856" endtime="20231128 21:49:40.858"/>
</kw>
<kw name="Get Length" library="BuiltIn">
<var>${cnt}</var>
<arg>${contains}</arg>
<doc>Returns and logs the length of the given item as an integer.</doc>
<msg timestamp="20231128 21:49:40.861" level="INFO">Length is 0</msg>
<msg timestamp="20231128 21:49:40.862" level="INFO">${cnt} = 0</msg>
<status status="PASS" starttime="20231128 21:49:40.859" endtime="20231128 21:49:40.862"/>
</kw>
<if>
<branch type="IF" condition="${cntS} &gt; 0">
<kw name="Set Variable" library="BuiltIn">
<var>${new_text}</var>
<arg>${STATE["${containsS[0]}"]}</arg>
<doc>Returns the given values which can then be assigned to a variables.</doc>
<status status="NOT RUN" starttime="20231128 21:49:40.865" endtime="20231128 21:49:40.866"/>
</kw>
<kw name="Set Variable" library="BuiltIn">
<var>${symbol}</var>
<arg>_@${containsS[0]}@_</arg>
<doc>Returns the given values which can then be assigned to a variables.</doc>
<status status="NOT RUN" starttime="20231128 21:49:40.868" endtime="20231128 21:49:40.869"/>
</kw>
<status status="NOT RUN" starttime="20231128 21:49:40.863" endtime="20231128 21:49:40.870"/>
</branch>
<branch type="ELSE IF" condition="${cnt} &gt; 0 and '${type}' == 'test name'">
<kw name="Sentence" library="FakerLibrary">
<var>${random}</var>
<arg>nb_words=3</arg>
<doc>Generate a sentence.</doc>
<status status="NOT RUN" starttime="20231128 21:49:40.902" endtime="20231128 21:49:40.902"/>
</kw>
<kw name="Split String" library="String">
<var>${words}</var>
<arg>${TEST NAME}</arg>
<arg>${SPACE}</arg>
<doc>Splits the ``string`` using ``separator`` as a delimiter string.</doc>
<status status="NOT RUN" starttime="20231128 21:49:40.903" endtime="20231128 21:49:40.905"/>
</kw>
<kw name="Set Variable" library="BuiltIn">
<var>${new_text}</var>
<arg>${words[0]} ${random}</arg>
<doc>Returns the given values which can then be assigned to a variables.</doc>
<status status="NOT RUN" starttime="20231128 21:49:40.908" endtime="20231128 21:49:40.909"/>
</kw>
<status status="NOT RUN" starttime="20231128 21:49:40.901" endtime="20231128 21:49:40.909"/>
</branch>
<branch type="ELSE IF" condition="${cnt} &gt; 0 and '${type}' == 'number'">
<kw name="Random Int" library="FakerLibrary">
<var>${new_text}</var>
<doc>Generate a random integer between two integers ``min`` and ``max`` inclusive
while observing the provided ``step`` value.</doc>
<status status="NOT RUN" starttime="20231128 21:49:40.911" endtime="20231128 21:49:40.912"/>
</kw>
<kw name="Convert To String" library="BuiltIn">
<var>${new_text}</var>
<arg>${new_text}</arg>
<doc>Converts the given item to a Unicode string.</doc>
<status status="NOT RUN" starttime="20231128 21:49:40.913" endtime="20231128 21:49:40.914"/>
</kw>
<status status="NOT RUN" starttime="20231128 21:49:40.910" endtime="20231128 21:49:40.931"/>
</branch>
<branch type="ELSE IF" condition="${cnt} &gt; 0 and '${type}' == 'percentage'">
<kw name="Random Int" library="FakerLibrary">
<var>${new_text}</var>
<arg>max=100</arg>
<doc>Generate a random integer between two integers ``min`` and ``max`` inclusive
while observing the provided ``step`` value.</doc>
<status status="NOT RUN" starttime="20231128 21:49:40.933" endtime="20231128 21:49:40.934"/>
</kw>
<kw name="Convert To String" library="BuiltIn">
<var>${new_text}</var>
<arg>${new_text}</arg>
<doc>Converts the given item to a Unicode string.</doc>
<status status="NOT RUN" starttime="20231128 21:49:40.936" endtime="20231128 21:49:40.937"/>
</kw>
<status status="NOT RUN" starttime="20231128 21:49:40.932" endtime="20231128 21:49:40.945"/>
</branch>
<branch type="ELSE IF" condition="${cnt} &gt; 0 and '${type}' == 'paragraph'">
<kw name="Paragraph" library="FakerLibrary">
<var>${new_text}</var>
<doc>Generate a paragraph.</doc>
<status status="NOT RUN" starttime="20231128 21:49:40.949" endtime="20231128 21:49:40.950"/>
</kw>
<status status="NOT RUN" starttime="20231128 21:49:40.945" endtime="20231128 21:49:40.951"/>
</branch>
<branch type="ELSE IF" condition="${cnt} &gt; 0 and '${type}' == 'email'">
<kw name="Email" library="FakerLibrary">
<var>${new_text}</var>
<status status="NOT RUN" starttime="20231128 21:49:40.953" endtime="20231128 21:49:40.953"/>
</kw>
<status status="NOT RUN" starttime="20231128 21:49:40.951" endtime="20231128 21:49:40.959"/>
</branch>
<branch type="ELSE IF" condition="${cnt} &gt; 0 and '${type}' == 'phone'">
<kw name="Random Int" library="FakerLibrary">
<var>${new_text}</var>
<arg>min=2000000000</arg>
<arg>max=9999999999</arg>
<doc>Generate a random integer between two integers ``min`` and ``max`` inclusive
while observing the provided ``step`` value.</doc>
<status status="NOT RUN" starttime="20231128 21:49:40.961" endtime="20231128 21:49:40.962"/>
</kw>
<kw name="Convert To String" library="BuiltIn">
<var>${new_text}</var>
<arg>${new_text}</arg>
<doc>Converts the given item to a Unicode string.</doc>
<status status="NOT RUN" starttime="20231128 21:49:40.963" endtime="20231128 21:49:40.963"/>
</kw>
<kw name="Catenate" library="BuiltIn">
<var>${new_text}</var>
<arg>SEPARATOR=</arg>
<arg>0</arg>
<arg>${new_text}</arg>
<doc>Catenates the given items together and returns the resulted string.</doc>
<status status="NOT RUN" starttime="20231128 21:49:40.964" endtime="20231128 21:49:40.965"/>
</kw>
<status status="NOT RUN" starttime="20231128 21:49:40.960" endtime="20231128 21:49:40.966"/>
</branch>
<branch type="ELSE IF" condition="${cnt} &gt; 0 and '${type}' == 'color'">
<kw name="Safe Hex Color" library="FakerLibrary">
<var>${new_text}</var>
<doc>Generate a web-safe color formatted as a hex triplet.</doc>
<status status="NOT RUN" starttime="20231128 21:49:40.968" endtime="20231128 21:49:40.968"/>
</kw>
<status status="NOT RUN" starttime="20231128 21:49:40.966" endtime="20231128 21:49:40.969"/>
</branch>
<branch type="ELSE IF" condition="${cnt} &gt; 0 and &quot;${type}&quot; == 'password'">
<kw name="Password" library="FakerLibrary">
<var>${new_text}</var>
<arg>10</arg>
<arg>True</arg>
<arg>True</arg>
<arg>True</arg>
<arg>True</arg>
<doc>Generate a random password of the specified ``length``.</doc>
<status status="NOT RUN" starttime="20231128 21:49:40.977" endtime="20231128 21:49:40.978"/>
</kw>
<status status="NOT RUN" starttime="20231128 21:49:40.969" endtime="20231128 21:49:40.978"/>
</branch>
<branch type="ELSE IF" condition="${cnt} &gt; 0 and '${type}' == 'date'">
<kw name="Date" library="FakerLibrary">
<var>${new_text}</var>
<arg>pattern=%d-%m-%Y</arg>
<doc>Get a date string between January 1, 1970 and now.</doc>
<status status="NOT RUN" starttime="20231128 21:49:40.980" endtime="20231128 21:49:40.980"/>
</kw>
<status status="NOT RUN" starttime="20231128 21:49:40.979" endtime="20231128 21:49:40.981"/>
</branch>
<branch type="ELSE IF" condition="${cnt} &gt; 0 and '${type}' == 'word'">
<kw name="Sentence" library="FakerLibrary">
<var>${new_text}</var>
<arg>nb_words=2</arg>
<doc>Generate a sentence.</doc>
<status status="NOT RUN" starttime="20231128 21:49:40.983" endtime="20231128 21:49:40.983"/>
</kw>
<status status="NOT RUN" starttime="20231128 21:49:40.981" endtime="20231128 21:49:40.984"/>
</branch>
<branch type="ELSE IF" condition="${cnt} &gt; 0">
<kw name="Sentence" library="FakerLibrary">
<var>${new_text}</var>
<doc>Generate a sentence.</doc>
<status status="NOT RUN" starttime="20231128 21:49:40.985" endtime="20231128 21:49:40.986"/>
</kw>
<status status="NOT RUN" starttime="20231128 21:49:40.984" endtime="20231128 21:49:40.986"/>
</branch>
<status status="PASS" starttime="20231128 21:49:40.863" endtime="20231128 21:49:40.987"/>
</if>
<kw name="Get Length" library="BuiltIn">
<var>${cnt}</var>
<arg>${text}</arg>
<doc>Returns and logs the length of the given item as an integer.</doc>
<msg timestamp="20231128 21:49:40.993" level="INFO">Length is 15</msg>
<msg timestamp="20231128 21:49:40.994" level="INFO">${cnt} = 15</msg>
<status status="PASS" starttime="20231128 21:49:40.992" endtime="20231128 21:49:40.995"/>
</kw>
<if>
<branch type="IF" condition="${cnt} &gt; 0">
<kw name="Replace String" library="String">
<var>${text}</var>
<arg>${text}</arg>
<arg>${symbol}</arg>
<arg>${new_text}</arg>
<doc>Replaces ``search_for`` in the given ``string`` with ``replace_with``.</doc>
<msg timestamp="20231128 21:49:40.998" level="INFO">${text} = admin@gmail.com</msg>
<status status="PASS" starttime="20231128 21:49:40.997" endtime="20231128 21:49:40.998"/>
</kw>
<status status="PASS" starttime="20231128 21:49:40.995" endtime="20231128 21:49:40.999"/>
</branch>
<status status="PASS" starttime="20231128 21:49:40.995" endtime="20231128 21:49:40.999"/>
</if>
<msg timestamp="20231128 21:49:41.000" level="INFO">${text} = admin@gmail.com</msg>
<status status="PASS" starttime="20231128 21:49:40.841" endtime="20231128 21:49:41.001"/>
</kw>
<kw name="Get Element Form Item By Name" library="common">
<var>${element}</var>
<arg>${name}</arg>
<arg>//*[contains(@class, "ant-input")]</arg>
<msg timestamp="20231128 21:49:41.003" level="INFO">${element} = xpath=//*[contains(@class, "ant-form-item-label")]/label[text()="Email"]/../../*[contains(@class, "ant-form-item")]//*[contains(@class, "ant-input")]</msg>
<status status="PASS" starttime="20231128 21:49:41.001" endtime="20231128 21:49:41.003"/>
</kw>
<kw name="Click" library="Browser">
<arg>${element}</arg>
<tag>PageContent</tag>
<tag>Setter</tag>
<doc>Simulates mouse click on the element found by ``selector``.</doc>
<status status="PASS" starttime="20231128 21:49:41.009" endtime="20231128 21:49:41.157"/>
</kw>
<kw name="Clear Text" library="Browser">
<arg>${element}</arg>
<tag>PageContent</tag>
<tag>Setter</tag>
<doc>Clears the text field found by ``selector``.</doc>
<status status="PASS" starttime="20231128 21:49:41.158" endtime="20231128 21:49:41.273"/>
</kw>
<kw name="Fill Text" library="Browser">
<arg>${element}</arg>
<arg>${text}</arg>
<arg>True</arg>
<tag>PageContent</tag>
<tag>Setter</tag>
<doc>Clears and fills the given ``txt`` into the text field found by ``selector``.</doc>
<msg timestamp="20231128 21:49:41.275" level="INFO">Fills the text 'admin@gmail.com' in the given field.</msg>
<status status="PASS" starttime="20231128 21:49:41.274" endtime="20231128 21:49:41.345"/>
</kw>
<kw name="Get Text" library="Browser">
<var>${condition}</var>
<arg>${element}</arg>
<tag>Assertion</tag>
<tag>Getter</tag>
<tag>PageContent</tag>
<doc>Returns text attribute of the element found by ``selector``.</doc>
<msg timestamp="20231128 21:49:41.425" level="INFO">Text: 'admin@gmail.com'</msg>
<msg timestamp="20231128 21:49:41.426" level="INFO">${condition} = admin@gmail.com</msg>
<status status="PASS" starttime="20231128 21:49:41.346" endtime="20231128 21:49:41.426"/>
</kw>
<while condition="'${condition}' != '${text}'" limit="10">
<iter>
<kw name="Fill Text" library="Browser">
<arg>${element}</arg>
<arg>${text}</arg>
<tag>PageContent</tag>
<tag>Setter</tag>
<doc>Clears and fills the given ``txt`` into the text field found by ``selector``.</doc>
<status status="NOT RUN" starttime="20231128 21:49:41.429" endtime="20231128 21:49:41.430"/>
</kw>
<kw name="Get Text" library="Browser">
<var>${condition}</var>
<arg>${element}</arg>
<tag>Assertion</tag>
<tag>Getter</tag>
<tag>PageContent</tag>
<doc>Returns text attribute of the element found by ``selector``.</doc>
<status status="NOT RUN" starttime="20231128 21:49:41.431" endtime="20231128 21:49:41.432"/>
</kw>
<status status="NOT RUN" starttime="20231128 21:49:41.427" endtime="20231128 21:49:41.432"/>
</iter>
<status status="NOT RUN" starttime="20231128 21:49:41.427" endtime="20231128 21:49:41.433"/>
</while>
<kw name="Scroll To Element" library="Browser">
<arg>${element}</arg>
<tag>PageContent</tag>
<tag>Setter</tag>
<doc>This method waits for actionability checks, then tries to scroll element into view,
unless it is completely visible.</doc>
<status status="PASS" starttime="20231128 21:49:41.434" endtime="20231128 21:49:41.518"/>
</kw>
<kw name="Get Length" library="BuiltIn">
<var>${cnt}</var>
<arg>${text}</arg>
<doc>Returns and logs the length of the given item as an integer.</doc>
<msg timestamp="20231128 21:49:41.519" level="INFO">Length is 15</msg>
<msg timestamp="20231128 21:49:41.520" level="INFO">${cnt} = 15</msg>
<status status="PASS" starttime="20231128 21:49:41.519" endtime="20231128 21:49:41.521"/>
</kw>
<if>
<branch type="IF" condition="${cnt} &gt; 0">
<kw name="Set Global Variable" library="BuiltIn">
<arg>\${STATE["${name}"]}</arg>
<arg>${text}</arg>
<doc>Makes a variable available globally in all tests and suites.</doc>
<msg timestamp="20231128 21:49:41.527" level="INFO">${STATE["Email"]} = admin@gmail.com</msg>
<status status="PASS" starttime="20231128 21:49:41.526" endtime="20231128 21:49:41.527"/>
</kw>
<status status="PASS" starttime="20231128 21:49:41.524" endtime="20231128 21:49:41.528"/>
</branch>
<status status="PASS" starttime="20231128 21:49:41.523" endtime="20231128 21:49:41.528"/>
</if>
<status status="PASS" starttime="20231128 21:49:40.687" endtime="20231128 21:49:41.529"/>
</kw>
<kw name="Enter &quot;password&quot; in &quot;Mật khẩu&quot; with &quot;123123&quot;" library="common" sourcename="Enter &quot;${type}&quot; in &quot;${name}&quot; with &quot;${text}&quot;">
<kw name="Wait Until Element Spin" library="common">
<kw name="Sleep" library="BuiltIn">
<arg>${SHOULD_TIMEOUT}</arg>
<doc>Pauses the test executed for the given time.</doc>
<msg timestamp="20231128 21:49:41.633" level="INFO">Slept 100 milliseconds</msg>
<status status="PASS" starttime="20231128 21:49:41.532" endtime="20231128 21:49:41.633"/>
</kw>
<kw name="Set Variable" library="BuiltIn">
<var>${element}</var>
<arg>xpath=//*[contains(@class, "ant-spin-spinning")]</arg>
<doc>Returns the given values which can then be assigned to a variables.</doc>
<msg timestamp="20231128 21:49:41.635" level="INFO">${element} = xpath=//*[contains(@class, "ant-spin-spinning")]</msg>
<status status="PASS" starttime="20231128 21:49:41.634" endtime="20231128 21:49:41.635"/>
</kw>
<kw name="Get Element Count" library="Browser">
<var>${count}</var>
<arg>${element}</arg>
<tag>Assertion</tag>
<tag>Getter</tag>
<tag>PageContent</tag>
<doc>Returns the count of elements found with ``selector``.</doc>
<msg timestamp="20231128 21:49:41.648" level="INFO">${count} = 0</msg>
<status status="PASS" starttime="20231128 21:49:41.636" endtime="20231128 21:49:41.648"/>
</kw>
<if>
<branch type="IF" condition="${count} &gt; 0">
<kw name="Wait Until Page Does Not Contain Element" library="common">
<arg>${element}</arg>
<status status="NOT RUN" starttime="20231128 21:49:41.649" endtime="20231128 21:49:41.650"/>
</kw>
<status status="NOT RUN" starttime="20231128 21:49:41.648" endtime="20231128 21:49:41.651"/>
</branch>
<status status="PASS" starttime="20231128 21:49:41.648" endtime="20231128 21:49:41.652"/>
</if>
<status status="PASS" starttime="20231128 21:49:41.531" endtime="20231128 21:49:41.652"/>
</kw>
<kw name="Get Random Text" library="common">
<var>${text}</var>
<arg>${type}</arg>
<arg>${text}</arg>
<kw name="Set Variable" library="BuiltIn">
<var>${symbol}</var>
<arg>_RANDOM_</arg>
<doc>Returns the given values which can then be assigned to a variables.</doc>
<msg timestamp="20231128 21:49:41.656" level="INFO">${symbol} = _RANDOM_</msg>
<status status="PASS" starttime="20231128 21:49:41.654" endtime="20231128 21:49:41.657"/>
</kw>
<kw name="Set Variable" library="BuiltIn">
<var>${new_text}</var>
<doc>Returns the given values which can then be assigned to a variables.</doc>
<msg timestamp="20231128 21:49:41.659" level="INFO">${new_text} = </msg>
<status status="PASS" starttime="20231128 21:49:41.658" endtime="20231128 21:49:41.659"/>
</kw>
<kw name="Get Regexp Matches" library="String">
<var>${containsS}</var>
<arg>${text}</arg>
<arg>_@(.+)@_</arg>
<arg>1</arg>
<doc>Returns a list of all non-overlapping matches in the given string.</doc>
<msg timestamp="20231128 21:49:41.661" level="INFO">${containsS} = []</msg>
<status status="PASS" starttime="20231128 21:49:41.660" endtime="20231128 21:49:41.662"/>
</kw>
<kw name="Get Length" library="BuiltIn">
<var>${cntS}</var>
<arg>${containsS}</arg>
<doc>Returns and logs the length of the given item as an integer.</doc>
<msg timestamp="20231128 21:49:41.663" level="INFO">Length is 0</msg>
<msg timestamp="20231128 21:49:41.663" level="INFO">${cntS} = 0</msg>
<status status="PASS" starttime="20231128 21:49:41.662" endtime="20231128 21:49:41.663"/>
</kw>
<kw name="Get Regexp Matches" library="String">
<var>${contains}</var>
<arg>${text}</arg>
<arg>${symbol}</arg>
<doc>Returns a list of all non-overlapping matches in the given string.</doc>
<msg timestamp="20231128 21:49:41.665" level="INFO">${contains} = []</msg>
<status status="PASS" starttime="20231128 21:49:41.664" endtime="20231128 21:49:41.665"/>
</kw>
<kw name="Get Length" library="BuiltIn">
<var>${cnt}</var>
<arg>${contains}</arg>
<doc>Returns and logs the length of the given item as an integer.</doc>
<msg timestamp="20231128 21:49:41.667" level="INFO">Length is 0</msg>
<msg timestamp="20231128 21:49:41.668" level="INFO">${cnt} = 0</msg>
<status status="PASS" starttime="20231128 21:49:41.666" endtime="20231128 21:49:41.668"/>
</kw>
<if>
<branch type="IF" condition="${cntS} &gt; 0">
<kw name="Set Variable" library="BuiltIn">
<var>${new_text}</var>
<arg>${STATE["${containsS[0]}"]}</arg>
<doc>Returns the given values which can then be assigned to a variables.</doc>
<status status="NOT RUN" starttime="20231128 21:49:41.670" endtime="20231128 21:49:41.671"/>
</kw>
<kw name="Set Variable" library="BuiltIn">
<var>${symbol}</var>
<arg>_@${containsS[0]}@_</arg>
<doc>Returns the given values which can then be assigned to a variables.</doc>
<status status="NOT RUN" starttime="20231128 21:49:41.674" endtime="20231128 21:49:41.674"/>
</kw>
<status status="NOT RUN" starttime="20231128 21:49:41.669" endtime="20231128 21:49:41.675"/>
</branch>
<branch type="ELSE IF" condition="${cnt} &gt; 0 and '${type}' == 'test name'">
<kw name="Sentence" library="FakerLibrary">
<var>${random}</var>
<arg>nb_words=3</arg>
<doc>Generate a sentence.</doc>
<status status="NOT RUN" starttime="20231128 21:49:41.677" endtime="20231128 21:49:41.677"/>
</kw>
<kw name="Split String" library="String">
<var>${words}</var>
<arg>${TEST NAME}</arg>
<arg>${SPACE}</arg>
<doc>Splits the ``string`` using ``separator`` as a delimiter string.</doc>
<status status="NOT RUN" starttime="20231128 21:49:41.678" endtime="20231128 21:49:41.679"/>
</kw>
<kw name="Set Variable" library="BuiltIn">
<var>${new_text}</var>
<arg>${words[0]} ${random}</arg>
<doc>Returns the given values which can then be assigned to a variables.</doc>
<status status="NOT RUN" starttime="20231128 21:49:41.681" endtime="20231128 21:49:41.682"/>
</kw>
<status status="NOT RUN" starttime="20231128 21:49:41.676" endtime="20231128 21:49:41.682"/>
</branch>
<branch type="ELSE IF" condition="${cnt} &gt; 0 and '${type}' == 'number'">
<kw name="Random Int" library="FakerLibrary">
<var>${new_text}</var>
<doc>Generate a random integer between two integers ``min`` and ``max`` inclusive
while observing the provided ``step`` value.</doc>
<status status="NOT RUN" starttime="20231128 21:49:41.684" endtime="20231128 21:49:41.685"/>
</kw>
<kw name="Convert To String" library="BuiltIn">
<var>${new_text}</var>
<arg>${new_text}</arg>
<doc>Converts the given item to a Unicode string.</doc>
<status status="NOT RUN" starttime="20231128 21:49:41.686" endtime="20231128 21:49:41.686"/>
</kw>
<status status="NOT RUN" starttime="20231128 21:49:41.683" endtime="20231128 21:49:41.687"/>
</branch>
<branch type="ELSE IF" condition="${cnt} &gt; 0 and '${type}' == 'percentage'">
<kw name="Random Int" library="FakerLibrary">
<var>${new_text}</var>
<arg>max=100</arg>
<doc>Generate a random integer between two integers ``min`` and ``max`` inclusive
while observing the provided ``step`` value.</doc>
<status status="NOT RUN" starttime="20231128 21:49:41.693" endtime="20231128 21:49:41.694"/>
</kw>
<kw name="Convert To String" library="BuiltIn">
<var>${new_text}</var>
<arg>${new_text}</arg>
<doc>Converts the given item to a Unicode string.</doc>
<status status="NOT RUN" starttime="20231128 21:49:41.694" endtime="20231128 21:49:41.695"/>
</kw>
<status status="NOT RUN" starttime="20231128 21:49:41.691" endtime="20231128 21:49:41.696"/>
</branch>
<branch type="ELSE IF" condition="${cnt} &gt; 0 and '${type}' == 'paragraph'">
<kw name="Paragraph" library="FakerLibrary">
<var>${new_text}</var>
<doc>Generate a paragraph.</doc>
<status status="NOT RUN" starttime="20231128 21:49:41.699" endtime="20231128 21:49:41.700"/>
</kw>
<status status="NOT RUN" starttime="20231128 21:49:41.697" endtime="20231128 21:49:41.701"/>
</branch>
<branch type="ELSE IF" condition="${cnt} &gt; 0 and '${type}' == 'email'">
<kw name="Email" library="FakerLibrary">
<var>${new_text}</var>
<status status="NOT RUN" starttime="20231128 21:49:41.703" endtime="20231128 21:49:41.708"/>
</kw>
<status status="NOT RUN" starttime="20231128 21:49:41.701" endtime="20231128 21:49:41.708"/>
</branch>
<branch type="ELSE IF" condition="${cnt} &gt; 0 and '${type}' == 'phone'">
<kw name="Random Int" library="FakerLibrary">
<var>${new_text}</var>
<arg>min=2000000000</arg>
<arg>max=9999999999</arg>
<doc>Generate a random integer between two integers ``min`` and ``max`` inclusive
while observing the provided ``step`` value.</doc>
<status status="NOT RUN" starttime="20231128 21:49:41.711" endtime="20231128 21:49:41.712"/>
</kw>
<kw name="Convert To String" library="BuiltIn">
<var>${new_text}</var>
<arg>${new_text}</arg>
<doc>Converts the given item to a Unicode string.</doc>
<status status="NOT RUN" starttime="20231128 21:49:41.713" endtime="20231128 21:49:41.713"/>
</kw>
<kw name="Catenate" library="BuiltIn">
<var>${new_text}</var>
<arg>SEPARATOR=</arg>
<arg>0</arg>
<arg>${new_text}</arg>
<doc>Catenates the given items together and returns the resulted string.</doc>
<status status="NOT RUN" starttime="20231128 21:49:41.715" endtime="20231128 21:49:41.715"/>
</kw>
<status status="NOT RUN" starttime="20231128 21:49:41.709" endtime="20231128 21:49:41.716"/>
</branch>
<branch type="ELSE IF" condition="${cnt} &gt; 0 and '${type}' == 'color'">
<kw name="Safe Hex Color" library="FakerLibrary">
<var>${new_text}</var>
<doc>Generate a web-safe color formatted as a hex triplet.</doc>
<status status="NOT RUN" starttime="20231128 21:49:41.718" endtime="20231128 21:49:41.718"/>
</kw>
<status status="NOT RUN" starttime="20231128 21:49:41.717" endtime="20231128 21:49:41.719"/>
</branch>
<branch type="ELSE IF" condition="${cnt} &gt; 0 and &quot;${type}&quot; == 'password'">
<kw name="Password" library="FakerLibrary">
<var>${new_text}</var>
<arg>10</arg>
<arg>True</arg>
<arg>True</arg>
<arg>True</arg>
<arg>True</arg>
<doc>Generate a random password of the specified ``length``.</doc>
<status status="NOT RUN" starttime="20231128 21:49:41.720" endtime="20231128 21:49:41.723"/>
</kw>
<status status="NOT RUN" starttime="20231128 21:49:41.719" endtime="20231128 21:49:41.725"/>
</branch>
<branch type="ELSE IF" condition="${cnt} &gt; 0 and '${type}' == 'date'">
<kw name="Date" library="FakerLibrary">
<var>${new_text}</var>
<arg>pattern=%d-%m-%Y</arg>
<doc>Get a date string between January 1, 1970 and now.</doc>
<status status="NOT RUN" starttime="20231128 21:49:41.727" endtime="20231128 21:49:41.728"/>
</kw>
<status status="NOT RUN" starttime="20231128 21:49:41.726" endtime="20231128 21:49:41.729"/>
</branch>
<branch type="ELSE IF" condition="${cnt} &gt; 0 and '${type}' == 'word'">
<kw name="Sentence" library="FakerLibrary">
<var>${new_text}</var>
<arg>nb_words=2</arg>
<doc>Generate a sentence.</doc>
<status status="NOT RUN" starttime="20231128 21:49:41.731" endtime="20231128 21:49:41.731"/>
</kw>
<status status="NOT RUN" starttime="20231128 21:49:41.730" endtime="20231128 21:49:41.732"/>
</branch>
<branch type="ELSE IF" condition="${cnt} &gt; 0">
<kw name="Sentence" library="FakerLibrary">
<var>${new_text}</var>
<doc>Generate a sentence.</doc>
<status status="NOT RUN" starttime="20231128 21:49:41.733" endtime="20231128 21:49:41.734"/>
</kw>
<status status="NOT RUN" starttime="20231128 21:49:41.732" endtime="20231128 21:49:41.734"/>
</branch>
<status status="PASS" starttime="20231128 21:49:41.669" endtime="20231128 21:49:41.735"/>
</if>
<kw name="Get Length" library="BuiltIn">
<var>${cnt}</var>
<arg>${text}</arg>
<doc>Returns and logs the length of the given item as an integer.</doc>
<msg timestamp="20231128 21:49:41.742" level="INFO">Length is 6</msg>
<msg timestamp="20231128 21:49:41.743" level="INFO">${cnt} = 6</msg>
<status status="PASS" starttime="20231128 21:49:41.735" endtime="20231128 21:49:41.745"/>
</kw>
<if>
<branch type="IF" condition="${cnt} &gt; 0">
<kw name="Replace String" library="String">
<var>${text}</var>
<arg>${text}</arg>
<arg>${symbol}</arg>
<arg>${new_text}</arg>
<doc>Replaces ``search_for`` in the given ``string`` with ``replace_with``.</doc>
<msg timestamp="20231128 21:49:41.748" level="INFO">${text} = 123123</msg>
<status status="PASS" starttime="20231128 21:49:41.747" endtime="20231128 21:49:41.749"/>
</kw>
<status status="PASS" starttime="20231128 21:49:41.746" endtime="20231128 21:49:41.749"/>
</branch>
<status status="PASS" starttime="20231128 21:49:41.746" endtime="20231128 21:49:41.750"/>
</if>
<msg timestamp="20231128 21:49:41.750" level="INFO">${text} = 123123</msg>
<status status="PASS" starttime="20231128 21:49:41.653" endtime="20231128 21:49:41.751"/>
</kw>
<kw name="Get Element Form Item By Name" library="common">
<var>${element}</var>
<arg>${name}</arg>
<arg>//*[contains(@class, "ant-input")]</arg>
<msg timestamp="20231128 21:49:41.752" level="INFO">${element} = xpath=//*[contains(@class, "ant-form-item-label")]/label[text()="Mật khẩu"]/../../*[contains(@class, "ant-form-item")]//*[contains(@class, "ant-input")]</msg>
<status status="PASS" starttime="20231128 21:49:41.751" endtime="20231128 21:49:41.753"/>
</kw>
<kw name="Click" library="Browser">
<arg>${element}</arg>
<tag>PageContent</tag>
<tag>Setter</tag>
<doc>Simulates mouse click on the element found by ``selector``.</doc>
<status status="PASS" starttime="20231128 21:49:41.753" endtime="20231128 21:49:41.868"/>
</kw>
<kw name="Clear Text" library="Browser">
<arg>${element}</arg>
<tag>PageContent</tag>
<tag>Setter</tag>
<doc>Clears the text field found by ``selector``.</doc>
<status status="PASS" starttime="20231128 21:49:41.869" endtime="20231128 21:49:41.919"/>
</kw>
<kw name="Fill Text" library="Browser">
<arg>${element}</arg>
<arg>${text}</arg>
<arg>True</arg>
<tag>PageContent</tag>
<tag>Setter</tag>
<doc>Clears and fills the given ``txt`` into the text field found by ``selector``.</doc>
<msg timestamp="20231128 21:49:41.921" level="INFO">Fills the text '123123' in the given field.</msg>
<status status="PASS" starttime="20231128 21:49:41.919" endtime="20231128 21:49:41.976"/>
</kw>
<kw name="Get Text" library="Browser">
<var>${condition}</var>
<arg>${element}</arg>
<tag>Assertion</tag>
<tag>Getter</tag>
<tag>PageContent</tag>
<doc>Returns text attribute of the element found by ``selector``.</doc>
<msg timestamp="20231128 21:49:42.022" level="INFO">Text: '123123'</msg>
<msg timestamp="20231128 21:49:42.023" level="INFO">${condition} = 123123</msg>
<status status="PASS" starttime="20231128 21:49:41.977" endtime="20231128 21:49:42.024"/>
</kw>
<while condition="'${condition}' != '${text}'" limit="10">
<iter>
<kw name="Fill Text" library="Browser">
<arg>${element}</arg>
<arg>${text}</arg>
<tag>PageContent</tag>
<tag>Setter</tag>
<doc>Clears and fills the given ``txt`` into the text field found by ``selector``.</doc>
<status status="NOT RUN" starttime="20231128 21:49:42.027" endtime="20231128 21:49:42.027"/>
</kw>
<kw name="Get Text" library="Browser">
<var>${condition}</var>
<arg>${element}</arg>
<tag>Assertion</tag>
<tag>Getter</tag>
<tag>PageContent</tag>
<doc>Returns text attribute of the element found by ``selector``.</doc>
<status status="NOT RUN" starttime="20231128 21:49:42.028" endtime="20231128 21:49:42.029"/>
</kw>
<status status="NOT RUN" starttime="20231128 21:49:42.025" endtime="20231128 21:49:42.029"/>
</iter>
<status status="NOT RUN" starttime="20231128 21:49:42.025" endtime="20231128 21:49:42.029"/>
</while>
<kw name="Scroll To Element" library="Browser">
<arg>${element}</arg>
<tag>PageContent</tag>
<tag>Setter</tag>
<doc>This method waits for actionability checks, then tries to scroll element into view,
unless it is completely visible.</doc>
<status status="PASS" starttime="20231128 21:49:42.030" endtime="20231128 21:49:42.099"/>
</kw>
<kw name="Get Length" library="BuiltIn">
<var>${cnt}</var>
<arg>${text}</arg>
<doc>Returns and logs the length of the given item as an integer.</doc>
<msg timestamp="20231128 21:49:42.102" level="INFO">Length is 6</msg>
<msg timestamp="20231128 21:49:42.102" level="INFO">${cnt} = 6</msg>
<status status="PASS" starttime="20231128 21:49:42.101" endtime="20231128 21:49:42.103"/>
</kw>
<if>
<branch type="IF" condition="${cnt} &gt; 0">
<kw name="Set Global Variable" library="BuiltIn">
<arg>\${STATE["${name}"]}</arg>
<arg>${text}</arg>
<doc>Makes a variable available globally in all tests and suites.</doc>
<msg timestamp="20231128 21:49:42.109" level="INFO">${STATE["Mật khẩu"]} = 123123</msg>
<status status="PASS" starttime="20231128 21:49:42.105" endtime="20231128 21:49:42.109"/>
</kw>
<status status="PASS" starttime="20231128 21:49:42.104" endtime="20231128 21:49:42.110"/>
</branch>
<status status="PASS" starttime="20231128 21:49:42.103" endtime="20231128 21:49:42.111"/>
</if>
<status status="PASS" starttime="20231128 21:49:41.529" endtime="20231128 21:49:42.111"/>
</kw>
<kw name="Click &quot;Đăng nhập&quot; button" library="common" sourcename="Click &quot;${text}&quot; button">
<kw name="Sleep" library="BuiltIn">
<arg>${SHOULD_TIMEOUT}</arg>
<doc>Pauses the test executed for the given time.</doc>
<msg timestamp="20231128 21:49:42.215" level="INFO">Slept 100 milliseconds</msg>
<status status="PASS" starttime="20231128 21:49:42.113" endtime="20231128 21:49:42.215"/>
</kw>
<kw name="Get Element Count" library="Browser">
<var>${cnt}</var>
<arg>//button[@title = "${text}"]</arg>
<tag>Assertion</tag>
<tag>Getter</tag>
<tag>PageContent</tag>
<doc>Returns the count of elements found with ``selector``.</doc>
<msg timestamp="20231128 21:49:42.230" level="INFO">${cnt} = 1</msg>
<status status="PASS" starttime="20231128 21:49:42.216" endtime="20231128 21:49:42.231"/>
</kw>
<if>
<branch type="IF" condition="${cnt} &gt; 0">
<kw name="Click" library="Browser">
<arg>xpath=//button[@title = "${text}"]</arg>
<tag>PageContent</tag>
<tag>Setter</tag>
<doc>Simulates mouse click on the element found by ``selector``.</doc>
<status status="PASS" starttime="20231128 21:49:42.233" endtime="20231128 21:49:42.355"/>
</kw>
<kw name="Click Confirm To Action" library="common">
<kw name="Set Variable" library="BuiltIn">
<var>${element}</var>
<arg>xpath=//*[contains(@class, "ant-popover")]//*[contains(@class, "ant-btn-primary")]</arg>
<doc>Returns the given values which can then be assigned to a variables.</doc>
<msg timestamp="20231128 21:49:42.361" level="INFO">${element} = xpath=//*[contains(@class, "ant-popover")]//*[contains(@class, "ant-btn-primary")]</msg>
<status status="PASS" starttime="20231128 21:49:42.360" endtime="20231128 21:49:42.362"/>
</kw>
<kw name="Get Element Count" library="Browser">
<var>${count}</var>
<arg>${element}</arg>
<tag>Assertion</tag>
<tag>Getter</tag>
<tag>PageContent</tag>
<doc>Returns the count of elements found with ``selector``.</doc>
<msg timestamp="20231128 21:49:42.379" level="INFO">${count} = 0</msg>
<status status="PASS" starttime="20231128 21:49:42.363" endtime="20231128 21:49:42.381"/>
</kw>
<if>
<branch type="IF" condition="${count} &gt; 0">
<kw name="Click" library="Browser">
<arg>${element}</arg>
<tag>PageContent</tag>
<tag>Setter</tag>
<doc>Simulates mouse click on the element found by ``selector``.</doc>
<status status="NOT RUN" starttime="20231128 21:49:42.387" endtime="20231128 21:49:42.388"/>
</kw>
<kw name="Sleep" library="BuiltIn">
<arg>${SHOULD_TIMEOUT}</arg>
<doc>Pauses the test executed for the given time.</doc>
<status status="NOT RUN" starttime="20231128 21:49:42.390" endtime="20231128 21:49:42.392"/>
</kw>
<kw name="Wait Until Element Spin" library="common">
<status status="NOT RUN" starttime="20231128 21:49:42.393" endtime="20231128 21:49:42.394"/>
</kw>
<status status="NOT RUN" starttime="20231128 21:49:42.384" endtime="20231128 21:49:42.395"/>
</branch>
<status status="PASS" starttime="20231128 21:49:42.384" endtime="20231128 21:49:42.396"/>
</if>
<status status="PASS" starttime="20231128 21:49:42.357" endtime="20231128 21:49:42.396"/>
</kw>
<kw name="Scroll By" library="Browser">
<arg>${None}</arg>
<tag>PageContent</tag>
<tag>Setter</tag>
<doc>Scrolls an element or the page relative from current position by the given values.</doc>
<msg timestamp="20231128 21:49:42.430" level="INFO">JavaScript executed successfully.</msg>
<msg timestamp="20231128 21:49:42.431" level="INFO">JavaScript executed successfully.</msg>
<msg timestamp="20231128 21:49:42.450" level="INFO">JavaScript executed successfully.</msg>
<msg timestamp="20231128 21:49:42.450" level="INFO">JavaScript executed successfully.</msg>
<msg timestamp="20231128 21:49:42.465" level="INFO">JavaScript executed successfully.</msg>
<status status="PASS" starttime="20231128 21:49:42.397" endtime="20231128 21:49:42.466"/>
</kw>
<status status="PASS" starttime="20231128 21:49:42.232" endtime="20231128 21:49:42.466"/>
</branch>
<branch type="ELSE">
<kw name="Click" library="Browser">
<arg>//span[contains(text(),"${text}")]</arg>
<tag>PageContent</tag>
<tag>Setter</tag>
<doc>Simulates mouse click on the element found by ``selector``.</doc>
<status status="NOT RUN" starttime="20231128 21:49:42.468" endtime="20231128 21:49:42.469"/>
</kw>
<kw name="Click Confirm To Action" library="common">
<status status="NOT RUN" starttime="20231128 21:49:42.469" endtime="20231128 21:49:42.470"/>
</kw>
<kw name="Scroll By" library="Browser">
<arg>${None}</arg>
<tag>PageContent</tag>
<tag>Setter</tag>
<doc>Scrolls an element or the page relative from current position by the given values.</doc>
<status status="NOT RUN" starttime="20231128 21:49:42.471" endtime="20231128 21:49:42.474"/>
</kw>
<status status="NOT RUN" starttime="20231128 21:49:42.467" endtime="20231128 21:49:42.476"/>
</branch>
<status status="PASS" starttime="20231128 21:49:42.232" endtime="20231128 21:49:42.476"/>
</if>
<status status="PASS" starttime="20231128 21:49:42.112" endtime="20231128 21:49:42.477"/>
</kw>
<kw name="User look message &quot;Success&quot; popup" library="common" sourcename="User look message &quot;${message}&quot; popup">
<kw name="Get Regexp Matches" library="String">
<var>${contains}</var>
<arg>${message}</arg>
<arg>_@(.+)@_</arg>
<arg>1</arg>
<doc>Returns a list of all non-overlapping matches in the given string.</doc>
<msg timestamp="20231128 21:49:42.480" level="INFO">${contains} = []</msg>
<status status="PASS" starttime="20231128 21:49:42.479" endtime="20231128 21:49:42.481"/>
</kw>
<kw name="Get Length" library="BuiltIn">
<var>${cnt}</var>
<arg>${contains}</arg>
<doc>Returns and logs the length of the given item as an integer.</doc>
<msg timestamp="20231128 21:49:42.483" level="INFO">Length is 0</msg>
<msg timestamp="20231128 21:49:42.483" level="INFO">${cnt} = 0</msg>
<status status="PASS" starttime="20231128 21:49:42.482" endtime="20231128 21:49:42.484"/>
</kw>
<if>
<branch type="IF" condition="${cnt} &gt; 0">
<kw name="Replace String" library="String">
<var>${message}</var>
<arg>${message}</arg>
<arg>_@${contains[0]}@_</arg>
<arg>${STATE["${contains[0]}"]}</arg>
<doc>Replaces ``search_for`` in the given ``string`` with ``replace_with``.</doc>
<status status="NOT RUN" starttime="20231128 21:49:42.486" endtime="20231128 21:49:42.487"/>
</kw>
<status status="NOT RUN" starttime="20231128 21:49:42.485" endtime="20231128 21:49:42.488"/>
</branch>
<status status="PASS" starttime="20231128 21:49:42.484" endtime="20231128 21:49:42.490"/>
</if>
<kw name="Wait Until Keyword Succeeds" library="BuiltIn">
<arg>${SHOULD_TIMEOUT}</arg>
<arg>${TIME_TRY}</arg>
<arg>Element Text Should Be</arg>
<arg>id=swal2-html-container</arg>
<arg>${message}</arg>
<doc>Runs the specified keyword and retries if it fails.</doc>
<kw name="Element Text Should Be" library="common">
<arg>id=swal2-html-container</arg>
<arg>${message}</arg>
<kw name="Get Text" library="Browser">
<arg>${locator}</arg>
<arg>equal</arg>
<arg>${expected}</arg>
<arg>${message}</arg>
<tag>Assertion</tag>
<tag>Getter</tag>
<tag>PageContent</tag>
<doc>Returns text attribute of the element found by ``selector``.</doc>
<msg timestamp="20231128 21:49:42.958" level="INFO">Text: 'Success'</msg>
<status status="PASS" starttime="20231128 21:49:42.497" endtime="20231128 21:49:42.959"/>
</kw>
<status status="PASS" starttime="20231128 21:49:42.494" endtime="20231128 21:49:42.959"/>
</kw>
<status status="PASS" starttime="20231128 21:49:42.491" endtime="20231128 21:49:42.960"/>
</kw>
<kw name="Set Variable" library="BuiltIn">
<var>${element}</var>
<arg>xpath=//*[contains(@class, "swal2-confirm")]</arg>
<doc>Returns the given values which can then be assigned to a variables.</doc>
<msg timestamp="20231128 21:49:42.961" level="INFO">${element} = xpath=//*[contains(@class, "swal2-confirm")]</msg>
<status status="PASS" starttime="20231128 21:49:42.960" endtime="20231128 21:49:42.961"/>
</kw>
<kw name="Run Keyword And Return Status" library="BuiltIn">
<var>${passed}</var>
<arg>Element Should Be Visible</arg>
<arg>${element}</arg>
<doc>Runs the given keyword with given arguments and returns the status as a Boolean value.</doc>
<kw name="Element Should Be Visible" library="common">
<arg>${element}</arg>
<kw name="Wait For Elements State" library="Browser">
<arg>${locator}</arg>
<arg>visible</arg>
<arg>${timeout}</arg>
<arg>${message}</arg>
<tag>PageContent</tag>
<tag>Wait</tag>
<doc>Waits for the element found by ``selector`` to satisfy state option.</doc>
<msg timestamp="20231128 21:49:43.382" level="INFO" html="true">&lt;/td&gt;&lt;/tr&gt;&lt;tr&gt;&lt;td colspan="3"&gt;&lt;a href="browser/screenshot/fail-screenshot-1.png" target="_blank"&gt;&lt;img src="browser/screenshot/fail-screenshot-1.png" width="800px"/&gt;&lt;/a&gt;</msg>
<msg timestamp="20231128 21:49:43.382" level="INFO">See also file:///D:/TESTER/Automation/playwright-log.txt for additional details.</msg>
<msg timestamp="20231128 21:49:43.382" level="FAIL">TimeoutError: locator.waitFor: Timeout 100ms exceeded.
=========================== logs ===========================
waiting for locator('xpath=//*[contains(@class, "swal2-confirm")]') to be visible
  locator resolved to hidden &lt;button type="button" aria-label="" class="swal2-confirm…&gt;OK&lt;/button&gt;
  locator resolved to hidden &lt;button type="button" aria-label="" class="swal2-confirm…&gt;OK&lt;/button&gt;
  locator resolved to hidden &lt;button type="button" aria-label="" class="swal2-confirm…&gt;OK&lt;/button&gt;
============================================================
Tip: Use "Set Browser Timeout" for increasing the timeout or double check your locator as the targeted element(s) couldn't be found.</msg>
<status status="FAIL" starttime="20231128 21:49:42.963" endtime="20231128 21:49:43.394"/>
</kw>
<status status="FAIL" starttime="20231128 21:49:42.962" endtime="20231128 21:49:43.395"/>
</kw>
<msg timestamp="20231128 21:49:43.396" level="INFO">${passed} = False</msg>
<status status="PASS" starttime="20231128 21:49:42.962" endtime="20231128 21:49:43.397"/>
</kw>
<if>
<branch type="IF" condition="'${passed}' == 'True'">
<kw name="Click" library="Browser">
<arg>${element}</arg>
<tag>PageContent</tag>
<tag>Setter</tag>
<doc>Simulates mouse click on the element found by ``selector``.</doc>
<status status="NOT RUN" starttime="20231128 21:49:43.399" endtime="20231128 21:49:43.400"/>
</kw>
<status status="NOT RUN" starttime="20231128 21:49:43.398" endtime="20231128 21:49:43.400"/>
</branch>
<status status="PASS" starttime="20231128 21:49:43.397" endtime="20231128 21:49:43.401"/>
</if>
<status status="PASS" starttime="20231128 21:49:42.478" endtime="20231128 21:49:43.401"/>
</kw>
<status status="PASS" starttime="20231128 21:49:40.686" endtime="20231128 21:49:43.402"/>
</kw>
<kw name="Click &quot;SUPERADMIN&quot; menu" library="common" sourcename="Click &quot;${text}&quot; menu">
<kw name="Click" library="Browser">
<arg>xpath=//li[contains(@class, "menu") and descendant::span[contains(text(), "${text}")]]</arg>
<tag>PageContent</tag>
<tag>Setter</tag>
<doc>Simulates mouse click on the element found by ``selector``.</doc>
<status status="PASS" starttime="20231128 21:49:43.404" endtime="20231128 21:49:44.429"/>
</kw>
<status status="PASS" starttime="20231128 21:49:43.403" endtime="20231128 21:49:44.429"/>
</kw>
<kw name="Click &quot;Phân quyền điều hướng&quot; sub menu to &quot;/navigation&quot;" library="common" sourcename="Click &quot;${text}&quot; sub menu to &quot;${url}&quot;">
<kw name="Wait Until Element Spin" library="common">
<kw name="Sleep" library="BuiltIn">
<arg>${SHOULD_TIMEOUT}</arg>
<doc>Pauses the test executed for the given time.</doc>
<msg timestamp="20231128 21:49:44.531" level="INFO">Slept 100 milliseconds</msg>
<status status="PASS" starttime="20231128 21:49:44.431" endtime="20231128 21:49:44.531"/>
</kw>
<kw name="Set Variable" library="BuiltIn">
<var>${element}</var>
<arg>xpath=//*[contains(@class, "ant-spin-spinning")]</arg>
<doc>Returns the given values which can then be assigned to a variables.</doc>
<msg timestamp="20231128 21:49:44.532" level="INFO">${element} = xpath=//*[contains(@class, "ant-spin-spinning")]</msg>
<status status="PASS" starttime="20231128 21:49:44.531" endtime="20231128 21:49:44.532"/>
</kw>
<kw name="Get Element Count" library="Browser">
<var>${count}</var>
<arg>${element}</arg>
<tag>Assertion</tag>
<tag>Getter</tag>
<tag>PageContent</tag>
<doc>Returns the count of elements found with ``selector``.</doc>
<msg timestamp="20231128 21:49:44.541" level="INFO">${count} = 0</msg>
<status status="PASS" starttime="20231128 21:49:44.532" endtime="20231128 21:49:44.542"/>
</kw>
<if>
<branch type="IF" condition="${count} &gt; 0">
<kw name="Wait Until Page Does Not Contain Element" library="common">
<arg>${element}</arg>
<status status="NOT RUN" starttime="20231128 21:49:44.544" endtime="20231128 21:49:44.545"/>
</kw>
<status status="NOT RUN" starttime="20231128 21:49:44.543" endtime="20231128 21:49:44.546"/>
</branch>
<status status="PASS" starttime="20231128 21:49:44.543" endtime="20231128 21:49:44.547"/>
</if>
<status status="PASS" starttime="20231128 21:49:44.430" endtime="20231128 21:49:44.547"/>
</kw>
<kw name="Click" library="Browser">
<arg>xpath=//a[contains(@class, "sub-menu") and descendant::span[contains(text(), "${text}")]]</arg>
<tag>PageContent</tag>
<tag>Setter</tag>
<doc>Simulates mouse click on the element found by ``selector``.</doc>
<status status="PASS" starttime="20231128 21:49:44.548" endtime="20231128 21:49:44.734"/>
</kw>
<kw name="Get Url" library="Browser">
<var>${curent_url}</var>
<tag>Assertion</tag>
<tag>Getter</tag>
<tag>PageContent</tag>
<doc>Returns the current URL.</doc>
<msg timestamp="20231128 21:49:44.744" level="INFO">${curent_url} = http://dev1.geneat.vn:7802/#/vn/navigation</msg>
<status status="PASS" starttime="20231128 21:49:44.734" endtime="20231128 21:49:44.744"/>
</kw>
<kw name="Should Contain" library="BuiltIn">
<arg>${curent_url}</arg>
<arg>${URL_DEFAULT}${url}</arg>
<doc>Fails if ``container`` does not contain ``item`` one or more times.</doc>
<status status="PASS" starttime="20231128 21:49:44.745" endtime="20231128 21:49:44.747"/>
</kw>
<status status="PASS" starttime="20231128 21:49:44.430" endtime="20231128 21:49:44.748"/>
</kw>
<status status="PASS" starttime="20231128 21:49:40.684" endtime="20231128 21:49:44.749"/>
</kw>
<kw name="Click &quot;Tạo mới&quot; button" library="common" sourcename="Click &quot;${text}&quot; button">
<kw name="Sleep" library="BuiltIn">
<arg>${SHOULD_TIMEOUT}</arg>
<doc>Pauses the test executed for the given time.</doc>
<msg timestamp="20231128 21:49:44.857" level="INFO">Slept 100 milliseconds</msg>
<status status="PASS" starttime="20231128 21:49:44.753" endtime="20231128 21:49:44.857"/>
</kw>
<kw name="Get Element Count" library="Browser">
<var>${cnt}</var>
<arg>//button[@title = "${text}"]</arg>
<tag>Assertion</tag>
<tag>Getter</tag>
<tag>PageContent</tag>
<doc>Returns the count of elements found with ``selector``.</doc>
<msg timestamp="20231128 21:49:45.140" level="INFO">${cnt} = 1</msg>
<status status="PASS" starttime="20231128 21:49:44.858" endtime="20231128 21:49:45.141"/>
</kw>
<if>
<branch type="IF" condition="${cnt} &gt; 0">
<kw name="Click" library="Browser">
<arg>xpath=//button[@title = "${text}"]</arg>
<tag>PageContent</tag>
<tag>Setter</tag>
<doc>Simulates mouse click on the element found by ``selector``.</doc>
<status status="PASS" starttime="20231128 21:49:45.145" endtime="20231128 21:49:47.027"/>
</kw>
<kw name="Click Confirm To Action" library="common">
<kw name="Set Variable" library="BuiltIn">
<var>${element}</var>
<arg>xpath=//*[contains(@class, "ant-popover")]//*[contains(@class, "ant-btn-primary")]</arg>
<doc>Returns the given values which can then be assigned to a variables.</doc>
<msg timestamp="20231128 21:49:47.031" level="INFO">${element} = xpath=//*[contains(@class, "ant-popover")]//*[contains(@class, "ant-btn-primary")]</msg>
<status status="PASS" starttime="20231128 21:49:47.030" endtime="20231128 21:49:47.031"/>
</kw>
<kw name="Get Element Count" library="Browser">
<var>${count}</var>
<arg>${element}</arg>
<tag>Assertion</tag>
<tag>Getter</tag>
<tag>PageContent</tag>
<doc>Returns the count of elements found with ``selector``.</doc>
<msg timestamp="20231128 21:49:47.043" level="INFO">${count} = 0</msg>
<status status="PASS" starttime="20231128 21:49:47.032" endtime="20231128 21:49:47.044"/>
</kw>
<if>
<branch type="IF" condition="${count} &gt; 0">
<kw name="Click" library="Browser">
<arg>${element}</arg>
<tag>PageContent</tag>
<tag>Setter</tag>
<doc>Simulates mouse click on the element found by ``selector``.</doc>
<status status="NOT RUN" starttime="20231128 21:49:47.045" endtime="20231128 21:49:47.046"/>
</kw>
<kw name="Sleep" library="BuiltIn">
<arg>${SHOULD_TIMEOUT}</arg>
<doc>Pauses the test executed for the given time.</doc>
<status status="NOT RUN" starttime="20231128 21:49:47.046" endtime="20231128 21:49:47.047"/>
</kw>
<kw name="Wait Until Element Spin" library="common">
<status status="NOT RUN" starttime="20231128 21:49:47.047" endtime="20231128 21:49:47.048"/>
</kw>
<status status="NOT RUN" starttime="20231128 21:49:47.044" endtime="20231128 21:49:47.048"/>
</branch>
<status status="PASS" starttime="20231128 21:49:47.044" endtime="20231128 21:49:47.049"/>
</if>
<status status="PASS" starttime="20231128 21:49:47.028" endtime="20231128 21:49:47.049"/>
</kw>
<kw name="Scroll By" library="Browser">
<arg>${None}</arg>
<tag>PageContent</tag>
<tag>Setter</tag>
<doc>Scrolls an element or the page relative from current position by the given values.</doc>
<msg timestamp="20231128 21:49:47.070" level="INFO">JavaScript executed successfully.</msg>
<msg timestamp="20231128 21:49:47.072" level="INFO">JavaScript executed successfully.</msg>
<msg timestamp="20231128 21:49:47.092" level="INFO">JavaScript executed successfully.</msg>
<msg timestamp="20231128 21:49:47.093" level="INFO">JavaScript executed successfully.</msg>
<msg timestamp="20231128 21:49:47.106" level="INFO">JavaScript executed successfully.</msg>
<status status="PASS" starttime="20231128 21:49:47.050" endtime="20231128 21:49:47.106"/>
</kw>
<status status="PASS" starttime="20231128 21:49:45.144" endtime="20231128 21:49:47.107"/>
</branch>
<branch type="ELSE">
<kw name="Click" library="Browser">
<arg>//span[contains(text(),"${text}")]</arg>
<tag>PageContent</tag>
<tag>Setter</tag>
<doc>Simulates mouse click on the element found by ``selector``.</doc>
<status status="NOT RUN" starttime="20231128 21:49:47.109" endtime="20231128 21:49:47.109"/>
</kw>
<kw name="Click Confirm To Action" library="common">
<status status="NOT RUN" starttime="20231128 21:49:47.110" endtime="20231128 21:49:47.110"/>
</kw>
<kw name="Scroll By" library="Browser">
<arg>${None}</arg>
<tag>PageContent</tag>
<tag>Setter</tag>
<doc>Scrolls an element or the page relative from current position by the given values.</doc>
<status status="NOT RUN" starttime="20231128 21:49:47.111" endtime="20231128 21:49:47.112"/>
</kw>
<status status="NOT RUN" starttime="20231128 21:49:47.108" endtime="20231128 21:49:47.113"/>
</branch>
<status status="PASS" starttime="20231128 21:49:45.143" endtime="20231128 21:49:47.114"/>
</if>
<status status="PASS" starttime="20231128 21:49:44.750" endtime="20231128 21:49:47.115"/>
</kw>
<status status="PASS" starttime="20231128 21:49:40.684" endtime="20231128 21:49:47.116"/>
</branch>
<status status="PASS" starttime="20231128 21:49:40.680" endtime="20231128 21:49:47.116"/>
</if>
<kw name="Enter &quot;test name&quot; in &quot;Tên điều hướng&quot; with &quot;_RANDOM_&quot;" library="common" sourcename="Enter &quot;${type}&quot; in &quot;${name}&quot; with &quot;${text}&quot;">
<kw name="Wait Until Element Spin" library="common">
<kw name="Sleep" library="BuiltIn">
<arg>${SHOULD_TIMEOUT}</arg>
<doc>Pauses the test executed for the given time.</doc>
<msg timestamp="20231128 21:49:47.224" level="INFO">Slept 100 milliseconds</msg>
<status status="PASS" starttime="20231128 21:49:47.119" endtime="20231128 21:49:47.224"/>
</kw>
<kw name="Set Variable" library="BuiltIn">
<var>${element}</var>
<arg>xpath=//*[contains(@class, "ant-spin-spinning")]</arg>
<doc>Returns the given values which can then be assigned to a variables.</doc>
<msg timestamp="20231128 21:49:47.225" level="INFO">${element} = xpath=//*[contains(@class, "ant-spin-spinning")]</msg>
<status status="PASS" starttime="20231128 21:49:47.225" endtime="20231128 21:49:47.226"/>
</kw>
<kw name="Get Element Count" library="Browser">
<var>${count}</var>
<arg>${element}</arg>
<tag>Assertion</tag>
<tag>Getter</tag>
<tag>PageContent</tag>
<doc>Returns the count of elements found with ``selector``.</doc>
<msg timestamp="20231128 21:49:47.238" level="INFO">${count} = 0</msg>
<status status="PASS" starttime="20231128 21:49:47.226" endtime="20231128 21:49:47.240"/>
</kw>
<if>
<branch type="IF" condition="${count} &gt; 0">
<kw name="Wait Until Page Does Not Contain Element" library="common">
<arg>${element}</arg>
<status status="NOT RUN" starttime="20231128 21:49:47.242" endtime="20231128 21:49:47.243"/>
</kw>
<status status="NOT RUN" starttime="20231128 21:49:47.241" endtime="20231128 21:49:47.243"/>
</branch>
<status status="PASS" starttime="20231128 21:49:47.241" endtime="20231128 21:49:47.244"/>
</if>
<status status="PASS" starttime="20231128 21:49:47.118" endtime="20231128 21:49:47.244"/>
</kw>
<kw name="Get Random Text" library="common">
<var>${text}</var>
<arg>${type}</arg>
<arg>${text}</arg>
<kw name="Set Variable" library="BuiltIn">
<var>${symbol}</var>
<arg>_RANDOM_</arg>
<doc>Returns the given values which can then be assigned to a variables.</doc>
<msg timestamp="20231128 21:49:47.247" level="INFO">${symbol} = _RANDOM_</msg>
<status status="PASS" starttime="20231128 21:49:47.247" endtime="20231128 21:49:47.248"/>
</kw>
<kw name="Set Variable" library="BuiltIn">
<var>${new_text}</var>
<doc>Returns the given values which can then be assigned to a variables.</doc>
<msg timestamp="20231128 21:49:47.249" level="INFO">${new_text} = </msg>
<status status="PASS" starttime="20231128 21:49:47.248" endtime="20231128 21:49:47.249"/>
</kw>
<kw name="Get Regexp Matches" library="String">
<var>${containsS}</var>
<arg>${text}</arg>
<arg>_@(.+)@_</arg>
<arg>1</arg>
<doc>Returns a list of all non-overlapping matches in the given string.</doc>
<msg timestamp="20231128 21:49:47.250" level="INFO">${containsS} = []</msg>
<status status="PASS" starttime="20231128 21:49:47.249" endtime="20231128 21:49:47.250"/>
</kw>
<kw name="Get Length" library="BuiltIn">
<var>${cntS}</var>
<arg>${containsS}</arg>
<doc>Returns and logs the length of the given item as an integer.</doc>
<msg timestamp="20231128 21:49:47.251" level="INFO">Length is 0</msg>
<msg timestamp="20231128 21:49:47.251" level="INFO">${cntS} = 0</msg>
<status status="PASS" starttime="20231128 21:49:47.250" endtime="20231128 21:49:47.251"/>
</kw>
<kw name="Get Regexp Matches" library="String">
<var>${contains}</var>
<arg>${text}</arg>
<arg>${symbol}</arg>
<doc>Returns a list of all non-overlapping matches in the given string.</doc>
<msg timestamp="20231128 21:49:47.252" level="INFO">${contains} = ['_RANDOM_']</msg>
<status status="PASS" starttime="20231128 21:49:47.251" endtime="20231128 21:49:47.252"/>
</kw>
<kw name="Get Length" library="BuiltIn">
<var>${cnt}</var>
<arg>${contains}</arg>
<doc>Returns and logs the length of the given item as an integer.</doc>
<msg timestamp="20231128 21:49:47.253" level="INFO">Length is 1</msg>
<msg timestamp="20231128 21:49:47.253" level="INFO">${cnt} = 1</msg>
<status status="PASS" starttime="20231128 21:49:47.252" endtime="20231128 21:49:47.253"/>
</kw>
<if>
<branch type="IF" condition="${cntS} &gt; 0">
<kw name="Set Variable" library="BuiltIn">
<var>${new_text}</var>
<arg>${STATE["${containsS[0]}"]}</arg>
<doc>Returns the given values which can then be assigned to a variables.</doc>
<status status="NOT RUN" starttime="20231128 21:49:47.259" endtime="20231128 21:49:47.260"/>
</kw>
<kw name="Set Variable" library="BuiltIn">
<var>${symbol}</var>
<arg>_@${containsS[0]}@_</arg>
<doc>Returns the given values which can then be assigned to a variables.</doc>
<status status="NOT RUN" starttime="20231128 21:49:47.261" endtime="20231128 21:49:47.261"/>
</kw>
<status status="NOT RUN" starttime="20231128 21:49:47.258" endtime="20231128 21:49:47.261"/>
</branch>
<branch type="ELSE IF" condition="${cnt} &gt; 0 and '${type}' == 'test name'">
<kw name="Sentence" library="FakerLibrary">
<var>${random}</var>
<arg>nb_words=3</arg>
<doc>Generate a sentence.</doc>
<msg timestamp="20231128 21:49:47.263" level="INFO">${random} = Consectetur alias.</msg>
<status status="PASS" starttime="20231128 21:49:47.262" endtime="20231128 21:49:47.263"/>
</kw>
<kw name="Split String" library="String">
<var>${words}</var>
<arg>${TEST NAME}</arg>
<arg>${SPACE}</arg>
<doc>Splits the ``string`` using ``separator`` as a delimiter string.</doc>
<msg timestamp="20231128 21:49:47.264" level="INFO">${words} = ['DH_28', 'Verify', 'the', 'search', 'function', 'when', 'enter', 'the', 'name', 'was', 'not', 'existed']</msg>
<status status="PASS" starttime="20231128 21:49:47.263" endtime="20231128 21:49:47.264"/>
</kw>
<kw name="Set Variable" library="BuiltIn">
<var>${new_text}</var>
<arg>${words[0]} ${random}</arg>
<doc>Returns the given values which can then be assigned to a variables.</doc>
<msg timestamp="20231128 21:49:47.266" level="INFO">${new_text} = DH_28 Consectetur alias.</msg>
<status status="PASS" starttime="20231128 21:49:47.264" endtime="20231128 21:49:47.266"/>
</kw>
<status status="PASS" starttime="20231128 21:49:47.262" endtime="20231128 21:49:47.266"/>
</branch>
<branch type="ELSE IF" condition="${cnt} &gt; 0 and '${type}' == 'number'">
<kw name="Random Int" library="FakerLibrary">
<var>${new_text}</var>
<doc>Generate a random integer between two integers ``min`` and ``max`` inclusive
while observing the provided ``step`` value.</doc>
<status status="NOT RUN" starttime="20231128 21:49:47.267" endtime="20231128 21:49:47.267"/>
</kw>
<kw name="Convert To String" library="BuiltIn">
<var>${new_text}</var>
<arg>${new_text}</arg>
<doc>Converts the given item to a Unicode string.</doc>
<status status="NOT RUN" starttime="20231128 21:49:47.267" endtime="20231128 21:49:47.268"/>
</kw>
<status status="NOT RUN" starttime="20231128 21:49:47.266" endtime="20231128 21:49:47.268"/>
</branch>
<branch type="ELSE IF" condition="${cnt} &gt; 0 and '${type}' == 'percentage'">
<kw name="Random Int" library="FakerLibrary">
<var>${new_text}</var>
<arg>max=100</arg>
<doc>Generate a random integer between two integers ``min`` and ``max`` inclusive
while observing the provided ``step`` value.</doc>
<status status="NOT RUN" starttime="20231128 21:49:47.269" endtime="20231128 21:49:47.270"/>
</kw>
<kw name="Convert To String" library="BuiltIn">
<var>${new_text}</var>
<arg>${new_text}</arg>
<doc>Converts the given item to a Unicode string.</doc>
<status status="NOT RUN" starttime="20231128 21:49:47.274" endtime="20231128 21:49:47.275"/>
</kw>
<status status="NOT RUN" starttime="20231128 21:49:47.269" endtime="20231128 21:49:47.275"/>
</branch>
<branch type="ELSE IF" condition="${cnt} &gt; 0 and '${type}' == 'paragraph'">
<kw name="Paragraph" library="FakerLibrary">
<var>${new_text}</var>
<doc>Generate a paragraph.</doc>
<status status="NOT RUN" starttime="20231128 21:49:47.276" endtime="20231128 21:49:47.277"/>
</kw>
<status status="NOT RUN" starttime="20231128 21:49:47.276" endtime="20231128 21:49:47.277"/>
</branch>
<branch type="ELSE IF" condition="${cnt} &gt; 0 and '${type}' == 'email'">
<kw name="Email" library="FakerLibrary">
<var>${new_text}</var>
<status status="NOT RUN" starttime="20231128 21:49:47.277" endtime="20231128 21:49:47.278"/>
</kw>
<status status="NOT RUN" starttime="20231128 21:49:47.277" endtime="20231128 21:49:47.278"/>
</branch>
<branch type="ELSE IF" condition="${cnt} &gt; 0 and '${type}' == 'phone'">
<kw name="Random Int" library="FakerLibrary">
<var>${new_text}</var>
<arg>min=2000000000</arg>
<arg>max=9999999999</arg>
<doc>Generate a random integer between two integers ``min`` and ``max`` inclusive
while observing the provided ``step`` value.</doc>
<status status="NOT RUN" starttime="20231128 21:49:47.279" endtime="20231128 21:49:47.279"/>
</kw>
<kw name="Convert To String" library="BuiltIn">
<var>${new_text}</var>
<arg>${new_text}</arg>
<doc>Converts the given item to a Unicode string.</doc>
<status status="NOT RUN" starttime="20231128 21:49:47.279" endtime="20231128 21:49:47.279"/>
</kw>
<kw name="Catenate" library="BuiltIn">
<var>${new_text}</var>
<arg>SEPARATOR=</arg>
<arg>0</arg>
<arg>${new_text}</arg>
<doc>Catenates the given items together and returns the resulted string.</doc>
<status status="NOT RUN" starttime="20231128 21:49:47.280" endtime="20231128 21:49:47.280"/>
</kw>
<status status="NOT RUN" starttime="20231128 21:49:47.278" endtime="20231128 21:49:47.280"/>
</branch>
<branch type="ELSE IF" condition="${cnt} &gt; 0 and '${type}' == 'color'">
<kw name="Safe Hex Color" library="FakerLibrary">
<var>${new_text}</var>
<doc>Generate a web-safe color formatted as a hex triplet.</doc>
<status status="NOT RUN" starttime="20231128 21:49:47.281" endtime="20231128 21:49:47.281"/>
</kw>
<status status="NOT RUN" starttime="20231128 21:49:47.280" endtime="20231128 21:49:47.281"/>
</branch>
<branch type="ELSE IF" condition="${cnt} &gt; 0 and &quot;${type}&quot; == 'password'">
<kw name="Password" library="FakerLibrary">
<var>${new_text}</var>
<arg>10</arg>
<arg>True</arg>
<arg>True</arg>
<arg>True</arg>
<arg>True</arg>
<doc>Generate a random password of the specified ``length``.</doc>
<status status="NOT RUN" starttime="20231128 21:49:47.282" endtime="20231128 21:49:47.282"/>
</kw>
<status status="NOT RUN" starttime="20231128 21:49:47.281" endtime="20231128 21:49:47.282"/>
</branch>
<branch type="ELSE IF" condition="${cnt} &gt; 0 and '${type}' == 'date'">
<kw name="Date" library="FakerLibrary">
<var>${new_text}</var>
<arg>pattern=%d-%m-%Y</arg>
<doc>Get a date string between January 1, 1970 and now.</doc>
<status status="NOT RUN" starttime="20231128 21:49:47.283" endtime="20231128 21:49:47.283"/>
</kw>
<status status="NOT RUN" starttime="20231128 21:49:47.283" endtime="20231128 21:49:47.283"/>
</branch>
<branch type="ELSE IF" condition="${cnt} &gt; 0 and '${type}' == 'word'">
<kw name="Sentence" library="FakerLibrary">
<var>${new_text}</var>
<arg>nb_words=2</arg>
<doc>Generate a sentence.</doc>
<status status="NOT RUN" starttime="20231128 21:49:47.284" endtime="20231128 21:49:47.284"/>
</kw>
<status status="NOT RUN" starttime="20231128 21:49:47.284" endtime="20231128 21:49:47.285"/>
</branch>
<branch type="ELSE IF" condition="${cnt} &gt; 0">
<kw name="Sentence" library="FakerLibrary">
<var>${new_text}</var>
<doc>Generate a sentence.</doc>
<status status="NOT RUN" starttime="20231128 21:49:47.285" endtime="20231128 21:49:47.285"/>
</kw>
<status status="NOT RUN" starttime="20231128 21:49:47.285" endtime="20231128 21:49:47.285"/>
</branch>
<status status="PASS" starttime="20231128 21:49:47.257" endtime="20231128 21:49:47.286"/>
</if>
<kw name="Get Length" library="BuiltIn">
<var>${cnt}</var>
<arg>${text}</arg>
<doc>Returns and logs the length of the given item as an integer.</doc>
<msg timestamp="20231128 21:49:47.291" level="INFO">Length is 8</msg>
<msg timestamp="20231128 21:49:47.292" level="INFO">${cnt} = 8</msg>
<status status="PASS" starttime="20231128 21:49:47.286" endtime="20231128 21:49:47.292"/>
</kw>
<if>
<branch type="IF" condition="${cnt} &gt; 0">
<kw name="Replace String" library="String">
<var>${text}</var>
<arg>${text}</arg>
<arg>${symbol}</arg>
<arg>${new_text}</arg>
<doc>Replaces ``search_for`` in the given ``string`` with ``replace_with``.</doc>
<msg timestamp="20231128 21:49:47.327" level="INFO">${text} = DH_28 Consectetur alias.</msg>
<status status="PASS" starttime="20231128 21:49:47.326" endtime="20231128 21:49:47.328"/>
</kw>
<status status="PASS" starttime="20231128 21:49:47.293" endtime="20231128 21:49:47.328"/>
</branch>
<status status="PASS" starttime="20231128 21:49:47.293" endtime="20231128 21:49:47.329"/>
</if>
<msg timestamp="20231128 21:49:47.329" level="INFO">${text} = DH_28 Consectetur alias.</msg>
<status status="PASS" starttime="20231128 21:49:47.245" endtime="20231128 21:49:47.329"/>
</kw>
<kw name="Get Element Form Item By Name" library="common">
<var>${element}</var>
<arg>${name}</arg>
<arg>//*[contains(@class, "ant-input")]</arg>
<msg timestamp="20231128 21:49:47.331" level="INFO">${element} = xpath=//*[contains(@class, "ant-form-item-label")]/label[text()="Tên điều hướng"]/../../*[contains(@class, "ant-form-item")]//*[contains(@class, "ant-input")]</msg>
<status status="PASS" starttime="20231128 21:49:47.330" endtime="20231128 21:49:47.332"/>
</kw>
<kw name="Click" library="Browser">
<arg>${element}</arg>
<tag>PageContent</tag>
<tag>Setter</tag>
<doc>Simulates mouse click on the element found by ``selector``.</doc>
<status status="PASS" starttime="20231128 21:49:47.332" endtime="20231128 21:49:47.420"/>
</kw>
<kw name="Clear Text" library="Browser">
<arg>${element}</arg>
<tag>PageContent</tag>
<tag>Setter</tag>
<doc>Clears the text field found by ``selector``.</doc>
<status status="PASS" starttime="20231128 21:49:47.421" endtime="20231128 21:49:47.458"/>
</kw>
<kw name="Fill Text" library="Browser">
<arg>${element}</arg>
<arg>${text}</arg>
<arg>True</arg>
<tag>PageContent</tag>
<tag>Setter</tag>
<doc>Clears and fills the given ``txt`` into the text field found by ``selector``.</doc>
<msg timestamp="20231128 21:49:47.460" level="INFO">Fills the text 'DH_28 Consectetur alias.' in the given field.</msg>
<status status="PASS" starttime="20231128 21:49:47.459" endtime="20231128 21:49:47.543"/>
</kw>
<kw name="Get Text" library="Browser">
<var>${condition}</var>
<arg>${element}</arg>
<tag>Assertion</tag>
<tag>Getter</tag>
<tag>PageContent</tag>
<doc>Returns text attribute of the element found by ``selector``.</doc>
<msg timestamp="20231128 21:49:47.594" level="INFO">Text: 'DH_28 Consectetur alias.'</msg>
<msg timestamp="20231128 21:49:47.594" level="INFO">${condition} = DH_28 Consectetur alias.</msg>
<status status="PASS" starttime="20231128 21:49:47.544" endtime="20231128 21:49:47.595"/>
</kw>
<while condition="'${condition}' != '${text}'" limit="10">
<iter>
<kw name="Fill Text" library="Browser">
<arg>${element}</arg>
<arg>${text}</arg>
<tag>PageContent</tag>
<tag>Setter</tag>
<doc>Clears and fills the given ``txt`` into the text field found by ``selector``.</doc>
<status status="NOT RUN" starttime="20231128 21:49:47.597" endtime="20231128 21:49:47.597"/>
</kw>
<kw name="Get Text" library="Browser">
<var>${condition}</var>
<arg>${element}</arg>
<tag>Assertion</tag>
<tag>Getter</tag>
<tag>PageContent</tag>
<doc>Returns text attribute of the element found by ``selector``.</doc>
<status status="NOT RUN" starttime="20231128 21:49:47.598" endtime="20231128 21:49:47.598"/>
</kw>
<status status="NOT RUN" starttime="20231128 21:49:47.595" endtime="20231128 21:49:47.599"/>
</iter>
<status status="NOT RUN" starttime="20231128 21:49:47.595" endtime="20231128 21:49:47.599"/>
</while>
<kw name="Scroll To Element" library="Browser">
<arg>${element}</arg>
<tag>PageContent</tag>
<tag>Setter</tag>
<doc>This method waits for actionability checks, then tries to scroll element into view,
unless it is completely visible.</doc>
<status status="PASS" starttime="20231128 21:49:47.601" endtime="20231128 21:49:47.669"/>
</kw>
<kw name="Get Length" library="BuiltIn">
<var>${cnt}</var>
<arg>${text}</arg>
<doc>Returns and logs the length of the given item as an integer.</doc>
<msg timestamp="20231128 21:49:47.673" level="INFO">Length is 24</msg>
<msg timestamp="20231128 21:49:47.675" level="INFO">${cnt} = 24</msg>
<status status="PASS" starttime="20231128 21:49:47.670" endtime="20231128 21:49:47.675"/>
</kw>
<if>
<branch type="IF" condition="${cnt} &gt; 0">
<kw name="Set Global Variable" library="BuiltIn">
<arg>\${STATE["${name}"]}</arg>
<arg>${text}</arg>
<doc>Makes a variable available globally in all tests and suites.</doc>
<msg timestamp="20231128 21:49:47.679" level="INFO">${STATE["Tên điều hướng"]} = DH_28 Consectetur alias.</msg>
<status status="PASS" starttime="20231128 21:49:47.678" endtime="20231128 21:49:47.680"/>
</kw>
<status status="PASS" starttime="20231128 21:49:47.676" endtime="20231128 21:49:47.680"/>
</branch>
<status status="PASS" starttime="20231128 21:49:47.676" endtime="20231128 21:49:47.681"/>
</if>
<status status="PASS" starttime="20231128 21:49:47.117" endtime="20231128 21:49:47.681"/>
</kw>
<kw name="Check Text" library="common">
<var>${text}</var>
<arg>_@Tên điều hướng@_</arg>
<kw name="Get Regexp Matches" library="String">
<var>${containsS}</var>
<arg>${text}</arg>
<arg>_@(.+)@_</arg>
<arg>1</arg>
<doc>Returns a list of all non-overlapping matches in the given string.</doc>
<msg timestamp="20231128 21:49:47.685" level="INFO">${containsS} = ['Tên điều hướng']</msg>
<status status="PASS" starttime="20231128 21:49:47.684" endtime="20231128 21:49:47.685"/>
</kw>
<kw name="Get Length" library="BuiltIn">
<var>${cntS}</var>
<arg>${containsS}</arg>
<doc>Returns and logs the length of the given item as an integer.</doc>
<msg timestamp="20231128 21:49:47.689" level="INFO">Length is 1</msg>
<msg timestamp="20231128 21:49:47.690" level="INFO">${cntS} = 1</msg>
<status status="PASS" starttime="20231128 21:49:47.686" endtime="20231128 21:49:47.691"/>
</kw>
<if>
<branch type="IF" condition="${cntS} &gt; 0">
<kw name="Set Variable" library="BuiltIn">
<var>${text}</var>
<arg>${STATE["${containsS[0]}"]}</arg>
<doc>Returns the given values which can then be assigned to a variables.</doc>
<msg timestamp="20231128 21:49:47.696" level="INFO">${text} = DH_28 Consectetur alias.</msg>
<status status="PASS" starttime="20231128 21:49:47.693" endtime="20231128 21:49:47.696"/>
</kw>
<status status="PASS" starttime="20231128 21:49:47.692" endtime="20231128 21:49:47.697"/>
</branch>
<status status="PASS" starttime="20231128 21:49:47.691" endtime="20231128 21:49:47.697"/>
</if>
<msg timestamp="20231128 21:49:47.698" level="INFO">${text} = DH_28 Consectetur alias.</msg>
<status status="PASS" starttime="20231128 21:49:47.682" endtime="20231128 21:49:47.700"/>
</kw>
<kw name="Set Variable" library="BuiltIn">
<var>${name}</var>
<arg>${text}</arg>
<doc>Returns the given values which can then be assigned to a variables.</doc>
<msg timestamp="20231128 21:49:47.702" level="INFO">${name} = DH_28 Consectetur alias.</msg>
<status status="PASS" starttime="20231128 21:49:47.700" endtime="20231128 21:49:47.702"/>
</kw>
<kw name="Enter &quot;word&quot; in &quot;Mã điều hướng&quot; with &quot;_RANDOM_&quot;" library="common" sourcename="Enter &quot;${type}&quot; in &quot;${name}&quot; with &quot;${text}&quot;">
<kw name="Wait Until Element Spin" library="common">
<kw name="Sleep" library="BuiltIn">
<arg>${SHOULD_TIMEOUT}</arg>
<doc>Pauses the test executed for the given time.</doc>
<msg timestamp="20231128 21:49:47.812" level="INFO">Slept 100 milliseconds</msg>
<status status="PASS" starttime="20231128 21:49:47.710" endtime="20231128 21:49:47.812"/>
</kw>
<kw name="Set Variable" library="BuiltIn">
<var>${element}</var>
<arg>xpath=//*[contains(@class, "ant-spin-spinning")]</arg>
<doc>Returns the given values which can then be assigned to a variables.</doc>
<msg timestamp="20231128 21:49:47.814" level="INFO">${element} = xpath=//*[contains(@class, "ant-spin-spinning")]</msg>
<status status="PASS" starttime="20231128 21:49:47.813" endtime="20231128 21:49:47.815"/>
</kw>
<kw name="Get Element Count" library="Browser">
<var>${count}</var>
<arg>${element}</arg>
<tag>Assertion</tag>
<tag>Getter</tag>
<tag>PageContent</tag>
<doc>Returns the count of elements found with ``selector``.</doc>
<msg timestamp="20231128 21:49:47.829" level="INFO">${count} = 0</msg>
<status status="PASS" starttime="20231128 21:49:47.815" endtime="20231128 21:49:47.829"/>
</kw>
<if>
<branch type="IF" condition="${count} &gt; 0">
<kw name="Wait Until Page Does Not Contain Element" library="common">
<arg>${element}</arg>
<status status="NOT RUN" starttime="20231128 21:49:47.831" endtime="20231128 21:49:47.831"/>
</kw>
<status status="NOT RUN" starttime="20231128 21:49:47.830" endtime="20231128 21:49:47.832"/>
</branch>
<status status="PASS" starttime="20231128 21:49:47.830" endtime="20231128 21:49:47.832"/>
</if>
<status status="PASS" starttime="20231128 21:49:47.708" endtime="20231128 21:49:47.832"/>
</kw>
<kw name="Get Random Text" library="common">
<var>${text}</var>
<arg>${type}</arg>
<arg>${text}</arg>
<kw name="Set Variable" library="BuiltIn">
<var>${symbol}</var>
<arg>_RANDOM_</arg>
<doc>Returns the given values which can then be assigned to a variables.</doc>
<msg timestamp="20231128 21:49:47.835" level="INFO">${symbol} = _RANDOM_</msg>
<status status="PASS" starttime="20231128 21:49:47.834" endtime="20231128 21:49:47.835"/>
</kw>
<kw name="Set Variable" library="BuiltIn">
<var>${new_text}</var>
<doc>Returns the given values which can then be assigned to a variables.</doc>
<msg timestamp="20231128 21:49:47.837" level="INFO">${new_text} = </msg>
<status status="PASS" starttime="20231128 21:49:47.836" endtime="20231128 21:49:47.837"/>
</kw>
<kw name="Get Regexp Matches" library="String">
<var>${containsS}</var>
<arg>${text}</arg>
<arg>_@(.+)@_</arg>
<arg>1</arg>
<doc>Returns a list of all non-overlapping matches in the given string.</doc>
<msg timestamp="20231128 21:49:47.841" level="INFO">${containsS} = []</msg>
<status status="PASS" starttime="20231128 21:49:47.840" endtime="20231128 21:49:47.841"/>
</kw>
<kw name="Get Length" library="BuiltIn">
<var>${cntS}</var>
<arg>${containsS}</arg>
<doc>Returns and logs the length of the given item as an integer.</doc>
<msg timestamp="20231128 21:49:47.843" level="INFO">Length is 0</msg>
<msg timestamp="20231128 21:49:47.843" level="INFO">${cntS} = 0</msg>
[...]
<kw name="Random Int" library="FakerLibrary">
<var>${new_text}</var>
<arg>max=100</arg>
<doc>Generate a random integer between two integers ``min`` and ``max`` inclusive
while observing the provided ``step`` value.</doc>
<status status="NOT RUN" starttime="20231128 21:49:54.709" endtime="20231128 21:49:54.709"/>
</kw>
<kw name="Convert To String" library="BuiltIn">
<var>${new_text}</var>
<arg>${new_text}</arg>
<doc>Converts the given item to a Unicode string.</doc>
<status status="NOT RUN" starttime="20231128 21:49:54.710" endtime="20231128 21:49:54.710"/>
</kw>
<status status="NOT RUN" starttime="20231128 21:49:54.708" endtime="20231128 21:49:54.710"/>
</branch>
<branch type="ELSE IF" condition="${cnt} &gt; 0 and '${type}' == 'paragraph'">
<kw name="Paragraph" library="FakerLibrary">
<var>${new_text}</var>
<doc>Generate a paragraph.</doc>
<status status="NOT RUN" starttime="20231128 21:49:54.711" endtime="20231128 21:49:54.711"/>
</kw>
<status status="NOT RUN" starttime="20231128 21:49:54.710" endtime="20231128 21:49:54.711"/>
</branch>
<branch type="ELSE IF" condition="${cnt} &gt; 0 and '${type}' == 'email'">
<kw name="Email" library="FakerLibrary">
<var>${new_text}</var>
<status status="NOT RUN" starttime="20231128 21:49:54.712" endtime="20231128 21:49:54.712"/>
</kw>
<status status="NOT RUN" starttime="20231128 21:49:54.712" endtime="20231128 21:49:54.712"/>
</branch>
<branch type="ELSE IF" condition="${cnt} &gt; 0 and '${type}' == 'phone'">
<kw name="Random Int" library="FakerLibrary">
<var>${new_text}</var>
<arg>min=2000000000</arg>
<arg>max=9999999999</arg>
<doc>Generate a random integer between two integers ``min`` and ``max`` inclusive
while observing the provided ``step`` value.</doc>
<status status="NOT RUN" starttime="20231128 21:49:54.713" endtime="20231128 21:49:54.713"/>
</kw>
<kw name="Convert To String" library="BuiltIn">
<var>${new_text}</var>
<arg>${new_text}</arg>
<doc>Converts the given item to a Unicode string.</doc>
<status status="NOT RUN" starttime="20231128 21:49:54.714" endtime="20231128 21:49:54.714"/>
</kw>
<kw name="Catenate" library="BuiltIn">
<var>${new_text}</var>
<arg>SEPARATOR=</arg>
<arg>0</arg>
<arg>${new_text}</arg>
<doc>Catenates the given items together and returns the resulted string.</doc>
<status status="NOT RUN" starttime="20231128 21:49:54.714" endtime="20231128 21:49:54.715"/>
</kw>
<status status="NOT RUN" starttime="20231128 21:49:54.713" endtime="20231128 21:49:54.715"/>
</branch>
<branch type="ELSE IF" condition="${cnt} &gt; 0 and '${type}' == 'color'">
<kw name="Safe Hex Color" library="FakerLibrary">
<var>${new_text}</var>
<doc>Generate a web-safe color formatted as a hex triplet.</doc>
<status status="NOT RUN" starttime="20231128 21:49:54.716" endtime="20231128 21:49:54.716"/>
</kw>
<status status="NOT RUN" starttime="20231128 21:49:54.715" endtime="20231128 21:49:54.716"/>
</branch>
<branch type="ELSE IF" condition="${cnt} &gt; 0 and &quot;${type}&quot; == 'password'">
<kw name="Password" library="FakerLibrary">
<var>${new_text}</var>
<arg>10</arg>
<arg>True</arg>
<arg>True</arg>
<arg>True</arg>
<arg>True</arg>
<doc>Generate a random password of the specified ``length``.</doc>
<status status="NOT RUN" starttime="20231128 21:49:54.717" endtime="20231128 21:49:54.717"/>
</kw>
<status status="NOT RUN" starttime="20231128 21:49:54.717" endtime="20231128 21:49:54.718"/>
</branch>
<branch type="ELSE IF" condition="${cnt} &gt; 0 and '${type}' == 'date'">
<kw name="Date" library="FakerLibrary">
<var>${new_text}</var>
<arg>pattern=%d-%m-%Y</arg>
<doc>Get a date string between January 1, 1970 and now.</doc>
<status status="NOT RUN" starttime="20231128 21:49:54.719" endtime="20231128 21:49:54.721"/>
</kw>
<status status="NOT RUN" starttime="20231128 21:49:54.719" endtime="20231128 21:49:54.722"/>
</branch>
<branch type="ELSE IF" condition="${cnt} &gt; 0 and '${type}' == 'word'">
<kw name="Sentence" library="FakerLibrary">
<var>${new_text}</var>
<arg>nb_words=2</arg>
<doc>Generate a sentence.</doc>
<status status="NOT RUN" starttime="20231128 21:49:54.722" endtime="20231128 21:49:54.723"/>
</kw>
<status status="NOT RUN" starttime="20231128 21:49:54.722" endtime="20231128 21:49:54.723"/>
</branch>
<branch type="ELSE IF" condition="${cnt} &gt; 0">
<kw name="Sentence" library="FakerLibrary">
<var>${new_text}</var>
<doc>Generate a sentence.</doc>
<msg timestamp="20231128 21:49:54.724" level="INFO">${new_text} = Autem maiores corporis in vero dignissimos corporis.</msg>
<status status="PASS" starttime="20231128 21:49:54.723" endtime="20231128 21:49:54.724"/>
</kw>
<status status="PASS" starttime="20231128 21:49:54.723" endtime="20231128 21:49:54.724"/>
</branch>
<status status="PASS" starttime="20231128 21:49:54.698" endtime="20231128 21:49:54.724"/>
</if>
<kw name="Get Length" library="BuiltIn">
<var>${cnt}</var>
<arg>${text}</arg>
<doc>Returns and logs the length of the given item as an integer.</doc>
<msg timestamp="20231128 21:49:54.725" level="INFO">Length is 8</msg>
<msg timestamp="20231128 21:49:54.725" level="INFO">${cnt} = 8</msg>
<status status="PASS" starttime="20231128 21:49:54.725" endtime="20231128 21:49:54.725"/>
</kw>
<if>
<branch type="IF" condition="${cnt} &gt; 0">
<kw name="Replace String" library="String">
<var>${text}</var>
<arg>${text}</arg>
<arg>${symbol}</arg>
<arg>${new_text}</arg>
<doc>Replaces ``search_for`` in the given ``string`` with ``replace_with``.</doc>
<msg timestamp="20231128 21:49:54.727" level="INFO">${text} = Autem maiores corporis in vero dignissimos corporis.</msg>
<status status="PASS" starttime="20231128 21:49:54.726" endtime="20231128 21:49:54.727"/>
</kw>
<status status="PASS" starttime="20231128 21:49:54.726" endtime="20231128 21:49:54.727"/>
</branch>
<status status="PASS" starttime="20231128 21:49:54.726" endtime="20231128 21:49:54.727"/>
</if>
<msg timestamp="20231128 21:49:54.727" level="INFO">${text} = Autem maiores corporis in vero dignissimos corporis.</msg>
<status status="PASS" starttime="20231128 21:49:54.689" endtime="20231128 21:49:54.728"/>
</kw>
<kw name="Get Element" library="Browser">
<var>${element}</var>
<arg>//input[contains(@placeholder, "${placeholder}")]</arg>
<tag>Getter</tag>
<tag>PageContent</tag>
<doc>Returns a reference to a Playwright [https://playwright.dev/docs/api/class-locator|Locator].</doc>
<msg timestamp="20231128 21:49:54.740" level="INFO">Locator found successfully.</msg>
<msg timestamp="20231128 21:49:54.741" level="INFO">${element} = //input[contains(@placeholder, "Nhập để tìm kiếm")]</msg>
<status status="PASS" starttime="20231128 21:49:54.728" endtime="20231128 21:49:54.741"/>
</kw>
<kw name="Clear Text" library="Browser">
<arg>${element}</arg>
<tag>PageContent</tag>
<tag>Setter</tag>
<doc>Clears the text field found by ``selector``.</doc>
<status status="PASS" starttime="20231128 21:49:54.742" endtime="20231128 21:49:54.778"/>
</kw>
<kw name="Fill Text" library="Browser">
<arg>${element}</arg>
<arg>${text}</arg>
<tag>PageContent</tag>
<tag>Setter</tag>
<doc>Clears and fills the given ``txt`` into the text field found by ``selector``.</doc>
<msg timestamp="20231128 21:49:54.780" level="INFO">Fills the text 'Autem maiores corporis in vero dignissimos corporis.' in the given field.</msg>
<status status="PASS" starttime="20231128 21:49:54.779" endtime="20231128 21:49:54.879"/>
</kw>
<kw name="Get Length" library="BuiltIn">
<var>${cnt}</var>
<arg>${text}</arg>
<doc>Returns and logs the length of the given item as an integer.</doc>
<msg timestamp="20231128 21:49:54.881" level="INFO">Length is 52</msg>
<msg timestamp="20231128 21:49:54.882" level="INFO">${cnt} = 52</msg>
<status status="PASS" starttime="20231128 21:49:54.880" endtime="20231128 21:49:54.882"/>
</kw>
<if>
<branch type="IF" condition="${cnt} &gt; 0">
<kw name="Set Global Variable" library="BuiltIn">
<arg>\${STATE["${placeholder}"]}</arg>
<arg>${text}</arg>
<doc>Makes a variable available globally in all tests and suites.</doc>
<msg timestamp="20231128 21:49:54.888" level="INFO">${STATE["Nhập để tìm kiếm"]} = Autem maiores corporis in vero dignissimos corporis.</msg>
<status status="PASS" starttime="20231128 21:49:54.885" endtime="20231128 21:49:54.889"/>
</kw>
<status status="PASS" starttime="20231128 21:49:54.883" endtime="20231128 21:49:54.890"/>
</branch>
<status status="PASS" starttime="20231128 21:49:54.883" endtime="20231128 21:49:54.891"/>
</if>
<status status="PASS" starttime="20231128 21:49:54.564" endtime="20231128 21:49:54.891"/>
</kw>
<kw name="Then &quot;SUPERADMIN&quot; should not be visible in the tree line" library="common" sourcename="&quot;${name}&quot; should not be visible in the tree line">
<kw name="Check Text" library="common">
<var>${name}</var>
<arg>${name}</arg>
<kw name="Get Regexp Matches" library="String">
<var>${containsS}</var>
<arg>${text}</arg>
<arg>_@(.+)@_</arg>
<arg>1</arg>
<doc>Returns a list of all non-overlapping matches in the given string.</doc>
<msg timestamp="20231128 21:49:54.913" level="INFO">${containsS} = []</msg>
<status status="PASS" starttime="20231128 21:49:54.912" endtime="20231128 21:49:54.914"/>
</kw>
<kw name="Get Length" library="BuiltIn">
<var>${cntS}</var>
<arg>${containsS}</arg>
<doc>Returns and logs the length of the given item as an integer.</doc>
<msg timestamp="20231128 21:49:54.916" level="INFO">Length is 0</msg>
<msg timestamp="20231128 21:49:54.917" level="INFO">${cntS} = 0</msg>
<status status="PASS" starttime="20231128 21:49:54.915" endtime="20231128 21:49:54.918"/>
</kw>
<if>
<branch type="IF" condition="${cntS} &gt; 0">
<kw name="Set Variable" library="BuiltIn">
<var>${text}</var>
<arg>${STATE["${containsS[0]}"]}</arg>
<doc>Returns the given values which can then be assigned to a variables.</doc>
<status status="NOT RUN" starttime="20231128 21:49:54.920" endtime="20231128 21:49:54.922"/>
</kw>
<status status="NOT RUN" starttime="20231128 21:49:54.918" endtime="20231128 21:49:54.922"/>
</branch>
<status status="PASS" starttime="20231128 21:49:54.918" endtime="20231128 21:49:54.923"/>
</if>
<msg timestamp="20231128 21:49:54.924" level="INFO">${name} = SUPERADMIN</msg>
<status status="PASS" starttime="20231128 21:49:54.910" endtime="20231128 21:49:54.924"/>
</kw>
<kw name="Wait Until Page Does Not Contain Element" library="common">
<arg>//nz-tree-node-title[@title="${name}" and contains(@class,"ant-tree-node-content-wrapper")]</arg>
<kw name="Wait For Elements State" library="Browser">
<arg>${locator}</arg>
<arg>detached</arg>
<arg>${timeout}</arg>
<arg>${message}</arg>
<tag>PageContent</tag>
<tag>Wait</tag>
<doc>Waits for the element found by ``selector`` to satisfy state option.</doc>
<msg timestamp="20231128 21:50:05.211" level="INFO" html="true">&lt;/td&gt;&lt;/tr&gt;&lt;tr&gt;&lt;td colspan="3"&gt;&lt;a href="browser/screenshot/fail-screenshot-3.png" target="_blank"&gt;&lt;img src="browser/screenshot/fail-screenshot-3.png" width="800px"/&gt;&lt;/a&gt;</msg>
<msg timestamp="20231128 21:50:05.211" level="INFO">See also file:///D:/TESTER/Automation/playwright-log.txt for additional details.</msg>
<msg timestamp="20231128 21:50:05.212" level="FAIL">TimeoutError: locator.waitFor: Timeout 10000ms exceeded.
=========================== logs ===========================
waiting for locator('xpath=//nz-tree-node-title[@title="SUPERADMIN" and contains(@class,"ant-tree-node-content-wrapper")]') to be detached
  locator resolved to visible &lt;nz-tree-node-title title="SUPERADMIN" class="ant-tree-node-content-…&gt;…&lt;/nz-tree-node-title&gt;
  locator resolved to visible &lt;nz-tree-node-title title="SUPERADMIN" class="ant-tree-node-content-…&gt;…&lt;/nz-tree-node-title&gt;
  locator resolved to visible &lt;nz-tree-node-title title="SUPERADMIN" class="ant-tree-node-content-…&gt;…&lt;/nz-tree-node-title&gt;
  locator resolved to visible &lt;nz-tree-node-title title="SUPERADMIN" class="ant-tree-node-content-…&gt;…&lt;/nz-tree-node-title&gt;
  locator resolved to visible &lt;nz-tree-node-title title="SUPERADMIN" class="ant-tree-node-content-…&gt;…&lt;/nz-tree-node-title&gt;
  locator resolved to visible &lt;nz-tree-node-title title="SUPERADMIN" class="ant-tree-node-content-…&gt;…&lt;/nz-tree-node-title&gt;
  locator resolved to visible &lt;nz-tree-node-title title="SUPERADMIN" class="ant-tree-node-content-…&gt;…&lt;/nz-tree-node-title&gt;
  locator resolved to visible &lt;nz-tree-node-title title="SUPERADMIN" class="ant-tree-node-content-…&gt;…&lt;/nz-tree-node-title&gt;
  locator resolved to visible &lt;nz-tree-node-title title="SUPERADMIN" class="ant-tree-node-content-…&gt;…&lt;/nz-tree-node-title&gt;
  locator resolved to visible &lt;nz-tree-node-title title="SUPERADMIN" class="ant-tree-node-content-…&gt;…&lt;/nz-tree-node-title&gt;
  locator resolved to visible &lt;nz-tree-node-title title="SUPERADMIN" class="ant-tree-node-content-…&gt;…&lt;/nz-tree-node-title&gt;
  locator resolved to visible &lt;nz-tree-node-title title="SUPERADMIN" class="ant-tree-node-content-…&gt;…&lt;/nz-tree-node-title&gt;
  locator resolved to visible &lt;nz-tree-node-title title="SUPERADMIN" class="ant-tree-node-content-…&gt;…&lt;/nz-tree-node-title&gt;
  locator resolved to visible &lt;nz-tree-node-title title="SUPERADMIN" class="ant-tree-node-content-…&gt;…&lt;/nz-tree-node-title&gt;
  locator resolved to visible &lt;nz-tree-node-title title="SUPERADMIN" class="ant-tree-node-content-…&gt;…&lt;/nz-tree-node-title&gt;
  locator resolved to visible &lt;nz-tree-node-title title="SUPERADMIN" class="ant-tree-node-content-…&gt;…&lt;/nz-tree-node-title&gt;
  locator resolved to visible &lt;nz-tree-node-title title="SUPERADMIN" class="ant-tree-node-content-…&gt;…&lt;/nz-tree-node-title&gt;
  locator resolved to visible &lt;nz-tree-node-title title="SUPERADMIN" class="ant-tree-node-content-…&gt;…&lt;/nz-tree-node-title&gt;
  locator resolved to visible &lt;nz-tree-node-title title="SUPERADMIN" class="ant-tree-node-content-…&gt;…&lt;/nz-tree-node-title&gt;
  locator resolved to visible &lt;nz-tree-node-title title="SUPERADMIN" class="ant-tree-node-content-…&gt;…&lt;/nz-tree-node-title&gt;
  locator resolved to visible &lt;nz-tree-node-title title="SUPERADMIN" class="ant-tree-node-content-…&gt;…&lt;/nz-tree-node-title&gt;
  locator resolved to visible &lt;nz-tree-node-title title="SUPERADMIN" class="ant-tree-node-content-…&gt;…&lt;/nz-tree-node-title&gt;
  locator resolved to visible &lt;nz-tree-node-title title="SUPERADMIN" class="ant-tree-node-content-…&gt;…&lt;/nz-tree-node-title&gt;
  locator resolved to visible &lt;nz-tree-node-title title="SUPERADMIN" class="ant-tree-node-content-…&gt;…&lt;/nz-tree-node-title&gt;
============================================================
Tip: Use "Set Browser Timeout" for increasing the timeout or double check your locator as the targeted element(s) couldn't be found.</msg>
<status status="FAIL" starttime="20231128 21:49:54.932" endtime="20231128 21:50:05.223"/>
</kw>
<status status="FAIL" starttime="20231128 21:49:54.925" endtime="20231128 21:50:05.224"/>
</kw>
<status status="FAIL" starttime="20231128 21:49:54.909" endtime="20231128 21:50:05.225"/>
</kw>
<kw name="When Enter &quot;test name&quot; in placeholder &quot;Nhập để tìm kiếm&quot; with &quot;&quot;" library="common" sourcename="Enter &quot;${type}&quot; in placeholder &quot;${placeholder}&quot; with &quot;${text}&quot;">
<status status="NOT RUN" starttime="20231128 21:50:05.232" endtime="20231128 21:50:05.233"/>
</kw>
<kw name="When Click tree select &quot;DASHBOARD&quot; to show data" library="common" sourcename="Click tree select &quot;${name}&quot; to show data">
<status status="NOT RUN" starttime="20231128 21:50:05.237" endtime="20231128 21:50:05.238"/>
</kw>
<kw name="Then &quot;_@Tên điều hướng@_&quot; should be visible in the tree line" library="common" sourcename="&quot;${name}&quot; should be visible in the tree line">
<status status="NOT RUN" starttime="20231128 21:50:05.241" endtime="20231128 21:50:05.241"/>
</kw>
<kw name="When Click on the &quot;_@Tên điều hướng@_&quot; tree to delete" library="common" sourcename="Click on the &quot;${name}&quot; tree to delete">
<status status="NOT RUN" starttime="20231128 21:50:05.244" endtime="20231128 21:50:05.245"/>
</kw>
<kw name="Tear Down" library="common" type="TEARDOWN">
<kw name="Close Browser" library="Browser">
<arg>ALL</arg>
<tag>BrowserControl</tag>
<tag>Setter</tag>
<doc>Closes the current browser.</doc>
<msg timestamp="20231128 21:50:06.324" level="INFO">Closed all browsers</msg>
<status status="PASS" starttime="20231128 21:50:05.249" endtime="20231128 21:50:06.324"/>
</kw>
<status status="PASS" starttime="20231128 21:50:05.248" endtime="20231128 21:50:06.324"/>
</kw>
<tag>Search</tag>
<tag>Smoketest</tag>
<status status="FAIL" starttime="20231128 21:49:35.224" endtime="20231128 21:50:06.326">TimeoutError: locator.waitFor: Timeout 10000ms exceeded.
=========================== logs ===========================
waiting for locator('xpath=//nz-tree-node-title[@title="SUPERADMIN" and contains(@class,"ant-tree-node-content-wrapper")]') to be detached
  locator resolved to visible &lt;nz-tree-node-title title="SUPERADMIN" class="ant-tree-node-content-…&gt;…&lt;/nz-tree-node-title&gt;
  locator resolved to visible &lt;nz-tree-node-title title="SUPERADMIN" class="ant-tree-node-content-…&gt;…&lt;/nz-tree-node-title&gt;
  locator resolved to visible &lt;nz-tree-node-title title="SUPERADMIN" class="ant-tree-node-content-…&gt;…&lt;/nz-tree-node-title&gt;
  locator resolved to visible &lt;nz-tree-node-title title="SUPERADMIN" class="ant-tree-node-content-…&gt;…&lt;/nz-tree-node-title&gt;
  locator resolved to visible &lt;nz-tree-node-title title="SUPERADMIN" class="ant-tree-node-content-…&gt;…&lt;/nz-tree-node-title&gt;
  locator resolved to visible &lt;nz-tree-node-title title="SUPERADMIN" class="ant-tree-node-content-…&gt;…&lt;/nz-tree-node-title&gt;
  locator resolved to visible &lt;nz-tree-node-title title="SUPERADMIN" class="ant-tree-node-content-…&gt;…&lt;/nz-tree-node-title&gt;
  locator resolved to visible &lt;nz-tree-node-title title="SUPERADMIN" class="ant-tree-node-content-…&gt;…&lt;/nz-tree-node-title&gt;
    [ Message content over the limit has been removed. ]
...le title="SUPERADMIN" class="ant-tree-node-content-…&gt;…&lt;/nz-tree-node-title&gt;
  locator resolved to visible &lt;nz-tree-node-title title="SUPERADMIN" class="ant-tree-node-content-…&gt;…&lt;/nz-tree-node-title&gt;
  locator resolved to visible &lt;nz-tree-node-title title="SUPERADMIN" class="ant-tree-node-content-…&gt;…&lt;/nz-tree-node-title&gt;
  locator resolved to visible &lt;nz-tree-node-title title="SUPERADMIN" class="ant-tree-node-content-…&gt;…&lt;/nz-tree-node-title&gt;
  locator resolved to visible &lt;nz-tree-node-title title="SUPERADMIN" class="ant-tree-node-content-…&gt;…&lt;/nz-tree-node-title&gt;
  locator resolved to visible &lt;nz-tree-node-title title="SUPERADMIN" class="ant-tree-node-content-…&gt;…&lt;/nz-tree-node-title&gt;
  locator resolved to visible &lt;nz-tree-node-title title="SUPERADMIN" class="ant-tree-node-content-…&gt;…&lt;/nz-tree-node-title&gt;
  locator resolved to visible &lt;nz-tree-node-title title="SUPERADMIN" class="ant-tree-node-content-…&gt;…&lt;/nz-tree-node-title&gt;
  locator resolved to visible &lt;nz-tree-node-title title="SUPERADMIN" class="ant-tree-node-content-…&gt;…&lt;/nz-tree-node-title&gt;
============================================================
Tip: Use "Set Browser Timeout" for increasing the timeout or double check your locator as the targeted element(s) couldn't be found.</status>
</test>
<status status="FAIL" starttime="20231128 21:49:32.986" endtime="20231128 21:50:06.400"/>
</suite>
<statistics>
<total>
<stat pass="0" fail="1" skip="0">All Tests</stat>
</total>
<tag>
<stat pass="0" fail="1" skip="0">Search</stat>
<stat pass="0" fail="1" skip="0">Smoketest</stat>
</tag>
<suite>
<stat pass="0" fail="1" skip="0" id="s1" name="Navigation">Navigation</stat>
</suite>
</statistics>
<errors>
</errors>
</robot>
