<?xml version="1.0" encoding="UTF-8"?>
<robot generator="Robot 6.1.1 (Python 3.11.4 on win32)" generated="20231101 15:28:41.538" rpa="false" schemaversion="4">
<suite id="s1" name="Data" source="d:\Intern test\Automation\Auto_Web\testcases\data.robot">
<test id="s1-t1" name="DA_11 Check the update of data list after cancel the search action" line="131">
<kw name="Setup" library="common" type="SETUP">
<kw name="Set Browser Timeout" library="Browser">
<arg>${BROWSER_TIMEOUT}</arg>
<tag>Config</tag>
<tag>Setter</tag>
<doc>Sets the timeout used by most input and getter keywords.</doc>
<status status="PASS" starttime="20231101 15:28:43.671" endtime="20231101 15:28:43.684"/>
</kw>
<kw name="New Browser" library="Browser">
<arg>${BROWSER}</arg>
<arg>headless=${HEADLESS}</arg>
<tag>BrowserControl</tag>
<tag>Setter</tag>
<doc>Create a new playwright Browser with specified options.</doc>
<msg timestamp="20231101 15:28:43.686" level="INFO">{"browser": "chromium", "headless": false, "chromiumSandbox": false, "devtools": false, "handleSIGHUP": true, "handleSIGINT": true, "handleSIGTERM": true, "ignoreDefaultArgs": false, "slowMo": 0.0, "timeout": 30000.0, "tracesDir": "D:\\Intern test\\Automation\\browser\\traces\\573ad4ed-3eb7-4b97-8a65-fe774a7e369d"}</msg>
<msg timestamp="20231101 15:28:44.790" level="INFO">Successfully created browser with options: {"browser":"chromium","headless":false,"chromiumSandbox":false,"devtools":false,"handleSIGHUP":true,"handleSIGINT":true,"handleSIGTERM":true,"ignoreDefaultArgs":false,"slowMo":0,"timeout":30000,"tracesDir":"D:\\Intern test\\Automation\\browser\\traces\\573ad4ed-3eb7-4b97-8a65-fe774a7e369d"}</msg>
<status status="PASS" starttime="20231101 15:28:43.685" endtime="20231101 15:28:44.791"/>
</kw>
<kw name="New Page" library="Browser">
<arg>${URL_DEFAULT}</arg>
<tag>BrowserControl</tag>
<tag>Setter</tag>
<doc>Open a new Page.</doc>
<msg timestamp="20231101 15:28:48.207" level="INFO">Successfully initialized new page object and opened url: http://dev1.geneat.vn:7802/vn</msg>
<msg timestamp="20231101 15:28:48.207" level="INFO">No context was open. New context was automatically opened when this page is created.</msg>
<status status="PASS" starttime="20231101 15:28:44.792" endtime="20231101 15:28:48.208"/>
</kw>
<kw name="Evaluate" library="BuiltIn">
<var>${STATE}</var>
<arg>json.loads('''{}''')</arg>
<arg>json</arg>
<doc>Evaluates the given expression in Python and returns the result.</doc>
<msg timestamp="20231101 15:28:48.210" level="INFO">${STATE} = {}</msg>
<status status="PASS" starttime="20231101 15:28:48.209" endtime="20231101 15:28:48.210"/>
</kw>
<status status="PASS" starttime="20231101 15:28:43.669" endtime="20231101 15:28:48.213"/>
</kw>
<kw name="Create a category">
<kw name="Run Keyword And Return Status" library="BuiltIn">
<var>${condition}</var>
<arg>Confirm locating exactly in "Quản lý dữ liệu" page</arg>
<doc>Runs the given keyword with given arguments and returns the status as a Boolean value.</doc>
<kw name="Confirm locating exactly in &quot;Quản lý dữ liệu&quot; page" library="common" sourcename="Confirm locating exactly in &quot;${name}&quot; page">
<kw name="Get Element Count" library="Browser">
<var>${cnt}</var>
<arg>//header//span[contains(text(),"${name}")]</arg>
<tag>Assertion</tag>
<tag>Getter</tag>
<tag>PageContent</tag>
<doc>Returns the count of elements found with ``selector``.</doc>
<msg timestamp="20231101 15:28:48.356" level="INFO">${cnt} = 0</msg>
<status status="PASS" starttime="20231101 15:28:48.231" endtime="20231101 15:28:48.356"/>
</kw>
<kw name="Should Be True" library="BuiltIn">
<arg>${cnt} &gt; 0</arg>
<doc>Fails if the given condition is not true.</doc>
<msg timestamp="20231101 15:28:48.358" level="FAIL">'0 &gt; 0' should be true.</msg>
<status status="FAIL" starttime="20231101 15:28:48.357" endtime="20231101 15:28:48.359"/>
</kw>
<status status="FAIL" starttime="20231101 15:28:48.230" endtime="20231101 15:28:48.360"/>
</kw>
<msg timestamp="20231101 15:28:48.360" level="INFO">${condition} = False</msg>
<status status="PASS" starttime="20231101 15:28:48.227" endtime="20231101 15:28:48.361"/>
</kw>
<if>
<branch type="IF" condition="'${condition}' == 'True'">
<kw name="Click &quot;Tạo mới&quot; button" library="common" sourcename="Click &quot;${text}&quot; button">
<status status="NOT RUN" starttime="20231101 15:28:48.367" endtime="20231101 15:28:48.367"/>
</kw>
<status status="NOT RUN" starttime="20231101 15:28:48.366" endtime="20231101 15:28:48.369"/>
</branch>
<branch type="ELSE">
<kw name="Go to &quot;Quản lý dữ liệu&quot; page">
<kw name="Login to admin" library="common">
<kw name="Enter &quot;email&quot; in &quot;Email&quot; with &quot;admin@gmail.com&quot;" library="common" sourcename="Enter &quot;${type}&quot; in &quot;${name}&quot; with &quot;${text}&quot;">
<kw name="Get Random Text" library="common">
<var>${text}</var>
<arg>${type}</arg>
<arg>${text}</arg>
<kw name="Set Variable" library="BuiltIn">
<var>${symbol}</var>
<arg>_RANDOM_</arg>
<doc>Returns the given values which can then be assigned to a variables.</doc>
<msg timestamp="20231101 15:28:48.377" level="INFO">${symbol} = _RANDOM_</msg>
<status status="PASS" starttime="20231101 15:28:48.376" endtime="20231101 15:28:48.377"/>
</kw>
<kw name="Set Variable" library="BuiltIn">
<var>${new_text}</var>
<doc>Returns the given values which can then be assigned to a variables.</doc>
<msg timestamp="20231101 15:28:48.383" level="INFO">${new_text} = </msg>
<status status="PASS" starttime="20231101 15:28:48.382" endtime="20231101 15:28:48.384"/>
</kw>
<kw name="Get Regexp Matches" library="String">
<var>${containsS}</var>
<arg>${text}</arg>
<arg>_@(.+)@_</arg>
<arg>1</arg>
<doc>Returns a list of all non-overlapping matches in the given string.</doc>
<msg timestamp="20231101 15:28:48.386" level="INFO">${containsS} = []</msg>
<status status="PASS" starttime="20231101 15:28:48.384" endtime="20231101 15:28:48.386"/>
</kw>
<kw name="Get Length" library="BuiltIn">
<var>${cntS}</var>
<arg>${containsS}</arg>
<doc>Returns and logs the length of the given item as an integer.</doc>
<msg timestamp="20231101 15:28:48.388" level="INFO">Length is 0</msg>
<msg timestamp="20231101 15:28:48.389" level="INFO">${cntS} = 0</msg>
<status status="PASS" starttime="20231101 15:28:48.387" endtime="20231101 15:28:48.389"/>
</kw>
<kw name="Get Regexp Matches" library="String">
<var>${contains}</var>
<arg>${text}</arg>
<arg>${symbol}</arg>
<doc>Returns a list of all non-overlapping matches in the given string.</doc>
<msg timestamp="20231101 15:28:48.392" level="INFO">${contains} = []</msg>
<status status="PASS" starttime="20231101 15:28:48.390" endtime="20231101 15:28:48.393"/>
</kw>
<kw name="Get Length" library="BuiltIn">
<var>${cnt}</var>
<arg>${contains}</arg>
<doc>Returns and logs the length of the given item as an integer.</doc>
<msg timestamp="20231101 15:28:48.398" level="INFO">Length is 0</msg>
<msg timestamp="20231101 15:28:48.399" level="INFO">${cnt} = 0</msg>
<status status="PASS" starttime="20231101 15:28:48.394" endtime="20231101 15:28:48.399"/>
</kw>
<if>
<branch type="IF" condition="${cntS} &gt; 0">
<kw name="Set Variable" library="BuiltIn">
<var>${new_text}</var>
<arg>${STATE["${containsS[0]}"]}</arg>
<doc>Returns the given values which can then be assigned to a variables.</doc>
<status status="NOT RUN" starttime="20231101 15:28:48.404" endtime="20231101 15:28:48.405"/>
</kw>
<kw name="Set Variable" library="BuiltIn">
<var>${symbol}</var>
<arg>_@${containsS[0]}@_</arg>
<doc>Returns the given values which can then be assigned to a variables.</doc>
<status status="NOT RUN" starttime="20231101 15:28:48.406" endtime="20231101 15:28:48.407"/>
</kw>
<status status="NOT RUN" starttime="20231101 15:28:48.402" endtime="20231101 15:28:48.407"/>
</branch>
<branch type="ELSE IF" condition="${cnt} &gt; 0 and '${type}' == 'test name'">
<kw name="Sentence" library="FakerLibrary">
<var>${random}</var>
<arg>nb_words=3</arg>
<doc>Generate a sentence.</doc>
<status status="NOT RUN" starttime="20231101 15:28:48.409" endtime="20231101 15:28:48.410"/>
</kw>
<kw name="Split String" library="String">
<var>${words}</var>
<arg>${TEST NAME}</arg>
<arg>${SPACE}</arg>
<doc>Splits the ``string`` using ``separator`` as a delimiter string.</doc>
<status status="NOT RUN" starttime="20231101 15:28:48.411" endtime="20231101 15:28:48.413"/>
</kw>
<kw name="Set Variable" library="BuiltIn">
<var>${new_text}</var>
<arg>${words[0]} ${random}</arg>
<doc>Returns the given values which can then be assigned to a variables.</doc>
<status status="NOT RUN" starttime="20231101 15:28:48.414" endtime="20231101 15:28:48.415"/>
</kw>
<status status="NOT RUN" starttime="20231101 15:28:48.408" endtime="20231101 15:28:48.415"/>
</branch>
<branch type="ELSE IF" condition="${cnt} &gt; 0 and '${type}' == 'number'">
<kw name="Random Int" library="FakerLibrary">
<var>${new_text}</var>
<doc>Generate a random integer between two integers ``min`` and ``max`` inclusive
while observing the provided ``step`` value.</doc>
<status status="NOT RUN" starttime="20231101 15:28:48.418" endtime="20231101 15:28:48.419"/>
</kw>
<kw name="Convert To String" library="BuiltIn">
<var>${new_text}</var>
<arg>${new_text}</arg>
<doc>Converts the given item to a Unicode string.</doc>
<status status="NOT RUN" starttime="20231101 15:28:48.421" endtime="20231101 15:28:48.422"/>
</kw>
<status status="NOT RUN" starttime="20231101 15:28:48.416" endtime="20231101 15:28:48.423"/>
</branch>
<branch type="ELSE IF" condition="${cnt} &gt; 0 and '${type}' == 'percentage'">
<kw name="Random Int" library="FakerLibrary">
<var>${new_text}</var>
<arg>max=100</arg>
<doc>Generate a random integer between two integers ``min`` and ``max`` inclusive
while observing the provided ``step`` value.</doc>
<status status="NOT RUN" starttime="20231101 15:28:48.424" endtime="20231101 15:28:48.425"/>
</kw>
<kw name="Convert To String" library="BuiltIn">
<var>${new_text}</var>
<arg>${new_text}</arg>
<doc>Converts the given item to a Unicode string.</doc>
<status status="NOT RUN" starttime="20231101 15:28:48.425" endtime="20231101 15:28:48.426"/>
</kw>
<status status="NOT RUN" starttime="20231101 15:28:48.423" endtime="20231101 15:28:48.426"/>
</branch>
<branch type="ELSE IF" condition="${cnt} &gt; 0 and '${type}' == 'paragraph'">
<kw name="Paragraph" library="FakerLibrary">
<var>${new_text}</var>
<doc>Generate a paragraph.</doc>
<status status="NOT RUN" starttime="20231101 15:28:48.428" endtime="20231101 15:28:48.430"/>
</kw>
<status status="NOT RUN" starttime="20231101 15:28:48.427" endtime="20231101 15:28:48.431"/>
</branch>
<branch type="ELSE IF" condition="${cnt} &gt; 0 and '${type}' == 'email'">
<kw name="Email" library="FakerLibrary">
<var>${new_text}</var>
<status status="NOT RUN" starttime="20231101 15:28:48.432" endtime="20231101 15:28:48.433"/>
</kw>
<status status="NOT RUN" starttime="20231101 15:28:48.431" endtime="20231101 15:28:48.434"/>
</branch>
<branch type="ELSE IF" condition="${cnt} &gt; 0 and '${type}' == 'phone'">
<kw name="Random Int" library="FakerLibrary">
<var>${new_text}</var>
<arg>min=2000000000</arg>
<arg>max=9999999999</arg>
<doc>Generate a random integer between two integers ``min`` and ``max`` inclusive
while observing the provided ``step`` value.</doc>
<status status="NOT RUN" starttime="20231101 15:28:48.435" endtime="20231101 15:28:48.436"/>
</kw>
<kw name="Convert To String" library="BuiltIn">
<var>${new_text}</var>
<arg>${new_text}</arg>
<doc>Converts the given item to a Unicode string.</doc>
<status status="NOT RUN" starttime="20231101 15:28:48.436" endtime="20231101 15:28:48.437"/>
</kw>
<kw name="Catenate" library="BuiltIn">
<var>${new_text}</var>
<arg>SEPARATOR=</arg>
<arg>0</arg>
<arg>${new_text}</arg>
<doc>Catenates the given items together and returns the resulted string.</doc>
<status status="NOT RUN" starttime="20231101 15:28:48.438" endtime="20231101 15:28:48.438"/>
</kw>
<status status="NOT RUN" starttime="20231101 15:28:48.434" endtime="20231101 15:28:48.439"/>
</branch>
<branch type="ELSE IF" condition="${cnt} &gt; 0 and '${type}' == 'color'">
<kw name="Safe Hex Color" library="FakerLibrary">
<var>${new_text}</var>
<doc>Generate a web-safe color formatted as a hex triplet.</doc>
<status status="NOT RUN" starttime="20231101 15:28:48.440" endtime="20231101 15:28:48.441"/>
</kw>
<status status="NOT RUN" starttime="20231101 15:28:48.439" endtime="20231101 15:28:48.441"/>
</branch>
<branch type="ELSE IF" condition="${cnt} &gt; 0 and &quot;${type}&quot; == 'password'">
<kw name="Password" library="FakerLibrary">
<var>${new_text}</var>
<arg>10</arg>
<arg>True</arg>
<arg>True</arg>
<arg>True</arg>
<arg>True</arg>
<doc>Generate a random password of the specified ``length``.</doc>
<status status="NOT RUN" starttime="20231101 15:28:48.442" endtime="20231101 15:28:48.443"/>
</kw>
<status status="NOT RUN" starttime="20231101 15:28:48.441" endtime="20231101 15:28:48.443"/>
</branch>
<branch type="ELSE IF" condition="${cnt} &gt; 0 and '${type}' == 'date'">
<kw name="Date" library="FakerLibrary">
<var>${new_text}</var>
<arg>pattern=%d-%m-%Y</arg>
<doc>Get a date string between January 1, 1970 and now.</doc>
<status status="NOT RUN" starttime="20231101 15:28:48.446" endtime="20231101 15:28:48.447"/>
</kw>
<status status="NOT RUN" starttime="20231101 15:28:48.444" endtime="20231101 15:28:48.448"/>
</branch>
<branch type="ELSE IF" condition="${cnt} &gt; 0 and '${type}' == 'word'">
<kw name="Sentence" library="FakerLibrary">
<var>${new_text}</var>
<arg>nb_words=2</arg>
<doc>Generate a sentence.</doc>
<status status="NOT RUN" starttime="20231101 15:28:48.449" endtime="20231101 15:28:48.450"/>
</kw>
<status status="NOT RUN" starttime="20231101 15:28:48.448" endtime="20231101 15:28:48.450"/>
</branch>
<branch type="ELSE IF" condition="${cnt} &gt; 0">
<kw name="Sentence" library="FakerLibrary">
<var>${new_text}</var>
<doc>Generate a sentence.</doc>
<status status="NOT RUN" starttime="20231101 15:28:48.451" endtime="20231101 15:28:48.452"/>
</kw>
<status status="NOT RUN" starttime="20231101 15:28:48.451" endtime="20231101 15:28:48.452"/>
</branch>
<status status="PASS" starttime="20231101 15:28:48.402" endtime="20231101 15:28:48.452"/>
</if>
<kw name="Get Length" library="BuiltIn">
<var>${cnt}</var>
<arg>${text}</arg>
<doc>Returns and logs the length of the given item as an integer.</doc>
<msg timestamp="20231101 15:28:48.454" level="INFO">Length is 15</msg>
<msg timestamp="20231101 15:28:48.454" level="INFO">${cnt} = 15</msg>
<status status="PASS" starttime="20231101 15:28:48.453" endtime="20231101 15:28:48.454"/>
</kw>
<if>
<branch type="IF" condition="${cnt} &gt; 0">
<kw name="Replace String" library="String">
<var>${text}</var>
<arg>${text}</arg>
<arg>${symbol}</arg>
<arg>${new_text}</arg>
<doc>Replaces ``search_for`` in the given ``string`` with ``replace_with``.</doc>
<msg timestamp="20231101 15:28:48.457" level="INFO">${text} = admin@gmail.com</msg>
<status status="PASS" starttime="20231101 15:28:48.456" endtime="20231101 15:28:48.457"/>
</kw>
<status status="PASS" starttime="20231101 15:28:48.455" endtime="20231101 15:28:48.457"/>
</branch>
<status status="PASS" starttime="20231101 15:28:48.455" endtime="20231101 15:28:48.458"/>
</if>
<msg timestamp="20231101 15:28:48.458" level="INFO">${text} = admin@gmail.com</msg>
<status status="PASS" starttime="20231101 15:28:48.375" endtime="20231101 15:28:48.459"/>
</kw>
<kw name="Get Element Form Item By Name" library="common">
<var>${element}</var>
<arg>${name}</arg>
<arg>//input[contains(@class, "ant-input")]</arg>
<msg timestamp="20231101 15:28:48.460" level="INFO">${element} = xpath=//*[contains(@class, "ant-form-item-label")]/label[text()="Email"]/../../*[contains(@class, "ant-form-item")]//input[contains(@class, "ant-input")]</msg>
<status status="PASS" starttime="20231101 15:28:48.459" endtime="20231101 15:28:48.460"/>
</kw>
<kw name="Click" library="Browser">
<arg>${element}</arg>
<tag>PageContent</tag>
<tag>Setter</tag>
<doc>Simulates mouse click on the element found by ``selector``.</doc>
<status status="PASS" starttime="20231101 15:28:48.460" endtime="20231101 15:28:48.940"/>
</kw>
<kw name="Clear Text" library="Browser">
<arg>${element}</arg>
<tag>PageContent</tag>
<tag>Setter</tag>
<doc>Clears the text field found by ``selector``.</doc>
<status status="PASS" starttime="20231101 15:28:48.941" endtime="20231101 15:28:49.006"/>
</kw>
<kw name="Fill Text" library="Browser">
<arg>${element}</arg>
<arg>${text}</arg>
<arg>True</arg>
<tag>PageContent</tag>
<tag>Setter</tag>
<doc>Clears and fills the given ``txt`` into the text field found by ``selector``.</doc>
<msg timestamp="20231101 15:28:49.008" level="INFO">Fills the text 'admin@gmail.com' in the given field.</msg>
<status status="PASS" starttime="20231101 15:28:49.007" endtime="20231101 15:28:49.068"/>
</kw>
<kw name="Get Text" library="Browser">
<var>${condition}</var>
<arg>${element}</arg>
<tag>Assertion</tag>
<tag>Getter</tag>
<tag>PageContent</tag>
<doc>Returns text attribute of the element found by ``selector``.</doc>
<msg timestamp="20231101 15:28:49.122" level="INFO">Text: 'admin@gmail.com'</msg>
<msg timestamp="20231101 15:28:49.123" level="INFO">${condition} = admin@gmail.com</msg>
<status status="PASS" starttime="20231101 15:28:49.068" endtime="20231101 15:28:49.123"/>
</kw>
<while condition="'${condition}' != '${text}'" limit="10">
<iter>
<kw name="Fill Text" library="Browser">
<arg>${element}</arg>
<arg>${text}</arg>
<tag>PageContent</tag>
<tag>Setter</tag>
<doc>Clears and fills the given ``txt`` into the text field found by ``selector``.</doc>
<status status="NOT RUN" starttime="20231101 15:28:49.124" endtime="20231101 15:28:49.124"/>
</kw>
<kw name="Get Text" library="Browser">
<var>${condition}</var>
<arg>${element}</arg>
<tag>Assertion</tag>
<tag>Getter</tag>
<tag>PageContent</tag>
<doc>Returns text attribute of the element found by ``selector``.</doc>
<status status="NOT RUN" starttime="20231101 15:28:49.125" endtime="20231101 15:28:49.125"/>
</kw>
<status status="NOT RUN" starttime="20231101 15:28:49.123" endtime="20231101 15:28:49.125"/>
</iter>
<status status="NOT RUN" starttime="20231101 15:28:49.123" endtime="20231101 15:28:49.126"/>
</while>
<kw name="Get Length" library="BuiltIn">
<var>${cnt}</var>
<arg>${text}</arg>
<doc>Returns and logs the length of the given item as an integer.</doc>
<msg timestamp="20231101 15:28:49.126" level="INFO">Length is 15</msg>
<msg timestamp="20231101 15:28:49.126" level="INFO">${cnt} = 15</msg>
<status status="PASS" starttime="20231101 15:28:49.126" endtime="20231101 15:28:49.127"/>
</kw>
<if>
<branch type="IF" condition="${cnt} &gt; 0">
<kw name="Set Global Variable" library="BuiltIn">
<arg>\${STATE["${name}"]}</arg>
<arg>${text}</arg>
<doc>Makes a variable available globally in all tests and suites.</doc>
<msg timestamp="20231101 15:28:49.132" level="INFO">${STATE["Email"]} = admin@gmail.com</msg>
<status status="PASS" starttime="20231101 15:28:49.127" endtime="20231101 15:28:49.133"/>
</kw>
<status status="PASS" starttime="20231101 15:28:49.127" endtime="20231101 15:28:49.133"/>
</branch>
<status status="PASS" starttime="20231101 15:28:49.127" endtime="20231101 15:28:49.134"/>
</if>
<kw name="Wait Until Network Is Idle" library="Browser">
<tag>HTTP</tag>
<tag>Wait</tag>
<doc>Waits until there has been at least one instance of 500 ms of no network traffic on the page after loading.</doc>
<status status="PASS" starttime="20231101 15:28:49.134" endtime="20231101 15:28:49.150"/>
</kw>
<status status="PASS" starttime="20231101 15:28:48.373" endtime="20231101 15:28:49.151"/>
</kw>
<kw name="Enter &quot;password&quot; in &quot;Mật khẩu&quot; with &quot;123123&quot;" library="common" sourcename="Enter &quot;${type}&quot; in &quot;${name}&quot; with &quot;${text}&quot;">
<kw name="Get Random Text" library="common">
<var>${text}</var>
<arg>${type}</arg>
<arg>${text}</arg>
<kw name="Set Variable" library="BuiltIn">
<var>${symbol}</var>
<arg>_RANDOM_</arg>
<doc>Returns the given values which can then be assigned to a variables.</doc>
<msg timestamp="20231101 15:28:49.157" level="INFO">${symbol} = _RANDOM_</msg>
<status status="PASS" starttime="20231101 15:28:49.155" endtime="20231101 15:28:49.157"/>
</kw>
<kw name="Set Variable" library="BuiltIn">
<var>${new_text}</var>
<doc>Returns the given values which can then be assigned to a variables.</doc>
<msg timestamp="20231101 15:28:49.159" level="INFO">${new_text} = </msg>
<status status="PASS" starttime="20231101 15:28:49.158" endtime="20231101 15:28:49.159"/>
</kw>
<kw name="Get Regexp Matches" library="String">
<var>${containsS}</var>
<arg>${text}</arg>
<arg>_@(.+)@_</arg>
<arg>1</arg>
<doc>Returns a list of all non-overlapping matches in the given string.</doc>
<msg timestamp="20231101 15:28:49.164" level="INFO">${containsS} = []</msg>
<status status="PASS" starttime="20231101 15:28:49.160" endtime="20231101 15:28:49.165"/>
</kw>
<kw name="Get Length" library="BuiltIn">
<var>${cntS}</var>
<arg>${containsS}</arg>
<doc>Returns and logs the length of the given item as an integer.</doc>
<msg timestamp="20231101 15:28:49.167" level="INFO">Length is 0</msg>
<msg timestamp="20231101 15:28:49.168" level="INFO">${cntS} = 0</msg>
<status status="PASS" starttime="20231101 15:28:49.166" endtime="20231101 15:28:49.168"/>
</kw>
<kw name="Get Regexp Matches" library="String">
<var>${contains}</var>
<arg>${text}</arg>
<arg>${symbol}</arg>
<doc>Returns a list of all non-overlapping matches in the given string.</doc>
<msg timestamp="20231101 15:28:49.170" level="INFO">${contains} = []</msg>
<status status="PASS" starttime="20231101 15:28:49.169" endtime="20231101 15:28:49.170"/>
</kw>
<kw name="Get Length" library="BuiltIn">
<var>${cnt}</var>
<arg>${contains}</arg>
<doc>Returns and logs the length of the given item as an integer.</doc>
<msg timestamp="20231101 15:28:49.172" level="INFO">Length is 0</msg>
<msg timestamp="20231101 15:28:49.173" level="INFO">${cnt} = 0</msg>
<status status="PASS" starttime="20231101 15:28:49.171" endtime="20231101 15:28:49.173"/>
</kw>
<if>
<branch type="IF" condition="${cntS} &gt; 0">
<kw name="Set Variable" library="BuiltIn">
<var>${new_text}</var>
<arg>${STATE["${containsS[0]}"]}</arg>
<doc>Returns the given values which can then be assigned to a variables.</doc>
<status status="NOT RUN" starttime="20231101 15:28:49.175" endtime="20231101 15:28:49.175"/>
</kw>
<kw name="Set Variable" library="BuiltIn">
<var>${symbol}</var>
<arg>_@${containsS[0]}@_</arg>
<doc>Returns the given values which can then be assigned to a variables.</doc>
<status status="NOT RUN" starttime="20231101 15:28:49.176" endtime="20231101 15:28:49.177"/>
</kw>
<status status="NOT RUN" starttime="20231101 15:28:49.174" endtime="20231101 15:28:49.177"/>
</branch>
<branch type="ELSE IF" condition="${cnt} &gt; 0 and '${type}' == 'test name'">
<kw name="Sentence" library="FakerLibrary">
<var>${random}</var>
<arg>nb_words=3</arg>
<doc>Generate a sentence.</doc>
<status status="NOT RUN" starttime="20231101 15:28:49.182" endtime="20231101 15:28:49.183"/>
</kw>
<kw name="Split String" library="String">
<var>${words}</var>
<arg>${TEST NAME}</arg>
<arg>${SPACE}</arg>
<doc>Splits the ``string`` using ``separator`` as a delimiter string.</doc>
<status status="NOT RUN" starttime="20231101 15:28:49.184" endtime="20231101 15:28:49.185"/>
</kw>
<kw name="Set Variable" library="BuiltIn">
<var>${new_text}</var>
<arg>${words[0]} ${random}</arg>
<doc>Returns the given values which can then be assigned to a variables.</doc>
<status status="NOT RUN" starttime="20231101 15:28:49.185" endtime="20231101 15:28:49.186"/>
</kw>
<status status="NOT RUN" starttime="20231101 15:28:49.177" endtime="20231101 15:28:49.186"/>
</branch>
<branch type="ELSE IF" condition="${cnt} &gt; 0 and '${type}' == 'number'">
<kw name="Random Int" library="FakerLibrary">
<var>${new_text}</var>
<doc>Generate a random integer between two integers ``min`` and ``max`` inclusive
while observing the provided ``step`` value.</doc>
<status status="NOT RUN" starttime="20231101 15:28:49.188" endtime="20231101 15:28:49.188"/>
</kw>
<kw name="Convert To String" library="BuiltIn">
<var>${new_text}</var>
<arg>${new_text}</arg>
<doc>Converts the given item to a Unicode string.</doc>
<status status="NOT RUN" starttime="20231101 15:28:49.189" endtime="20231101 15:28:49.190"/>
</kw>
<status status="NOT RUN" starttime="20231101 15:28:49.187" endtime="20231101 15:28:49.190"/>
</branch>
<branch type="ELSE IF" condition="${cnt} &gt; 0 and '${type}' == 'percentage'">
<kw name="Random Int" library="FakerLibrary">
<var>${new_text}</var>
<arg>max=100</arg>
<doc>Generate a random integer between two integers ``min`` and ``max`` inclusive
while observing the provided ``step`` value.</doc>
<status status="NOT RUN" starttime="20231101 15:28:49.191" endtime="20231101 15:28:49.191"/>
</kw>
<kw name="Convert To String" library="BuiltIn">
<var>${new_text}</var>
<arg>${new_text}</arg>
<doc>Converts the given item to a Unicode string.</doc>
<status status="NOT RUN" starttime="20231101 15:28:49.192" endtime="20231101 15:28:49.192"/>
</kw>
<status status="NOT RUN" starttime="20231101 15:28:49.190" endtime="20231101 15:28:49.192"/>
</branch>
<branch type="ELSE IF" condition="${cnt} &gt; 0 and '${type}' == 'paragraph'">
<kw name="Paragraph" library="FakerLibrary">
<var>${new_text}</var>
<doc>Generate a paragraph.</doc>
<status status="NOT RUN" starttime="20231101 15:28:49.193" endtime="20231101 15:28:49.193"/>
</kw>
<status status="NOT RUN" starttime="20231101 15:28:49.192" endtime="20231101 15:28:49.193"/>
</branch>
<branch type="ELSE IF" condition="${cnt} &gt; 0 and '${type}' == 'email'">
<kw name="Email" library="FakerLibrary">
<var>${new_text}</var>
<status status="NOT RUN" starttime="20231101 15:28:49.194" endtime="20231101 15:28:49.198"/>
</kw>
<status status="NOT RUN" starttime="20231101 15:28:49.193" endtime="20231101 15:28:49.199"/>
</branch>
<branch type="ELSE IF" condition="${cnt} &gt; 0 and '${type}' == 'phone'">
<kw name="Random Int" library="FakerLibrary">
<var>${new_text}</var>
<arg>min=2000000000</arg>
<arg>max=9999999999</arg>
<doc>Generate a random integer between two integers ``min`` and ``max`` inclusive
while observing the provided ``step`` value.</doc>
<status status="NOT RUN" starttime="20231101 15:28:49.200" endtime="20231101 15:28:49.200"/>
</kw>
<kw name="Convert To String" library="BuiltIn">
<var>${new_text}</var>
<arg>${new_text}</arg>
<doc>Converts the given item to a Unicode string.</doc>
<status status="NOT RUN" starttime="20231101 15:28:49.201" endtime="20231101 15:28:49.202"/>
</kw>
<kw name="Catenate" library="BuiltIn">
<var>${new_text}</var>
<arg>SEPARATOR=</arg>
<arg>0</arg>
<arg>${new_text}</arg>
<doc>Catenates the given items together and returns the resulted string.</doc>
<status status="NOT RUN" starttime="20231101 15:28:49.202" endtime="20231101 15:28:49.202"/>
</kw>
<status status="NOT RUN" starttime="20231101 15:28:49.199" endtime="20231101 15:28:49.202"/>
</branch>
<branch type="ELSE IF" condition="${cnt} &gt; 0 and '${type}' == 'color'">
<kw name="Safe Hex Color" library="FakerLibrary">
<var>${new_text}</var>
<doc>Generate a web-safe color formatted as a hex triplet.</doc>
<status status="NOT RUN" starttime="20231101 15:28:49.203" endtime="20231101 15:28:49.203"/>
</kw>
<status status="NOT RUN" starttime="20231101 15:28:49.203" endtime="20231101 15:28:49.204"/>
</branch>
<branch type="ELSE IF" condition="${cnt} &gt; 0 and &quot;${type}&quot; == 'password'">
<kw name="Password" library="FakerLibrary">
<var>${new_text}</var>
<arg>10</arg>
<arg>True</arg>
<arg>True</arg>
<arg>True</arg>
<arg>True</arg>
<doc>Generate a random password of the specified ``length``.</doc>
<status status="NOT RUN" starttime="20231101 15:28:49.204" endtime="20231101 15:28:49.205"/>
</kw>
<status status="NOT RUN" starttime="20231101 15:28:49.204" endtime="20231101 15:28:49.205"/>
</branch>
<branch type="ELSE IF" condition="${cnt} &gt; 0 and '${type}' == 'date'">
<kw name="Date" library="FakerLibrary">
<var>${new_text}</var>
<arg>pattern=%d-%m-%Y</arg>
<doc>Get a date string between January 1, 1970 and now.</doc>
<status status="NOT RUN" starttime="20231101 15:28:49.206" endtime="20231101 15:28:49.206"/>
</kw>
<status status="NOT RUN" starttime="20231101 15:28:49.205" endtime="20231101 15:28:49.206"/>
</branch>
<branch type="ELSE IF" condition="${cnt} &gt; 0 and '${type}' == 'word'">
<kw name="Sentence" library="FakerLibrary">
<var>${new_text}</var>
<arg>nb_words=2</arg>
<doc>Generate a sentence.</doc>
<status status="NOT RUN" starttime="20231101 15:28:49.207" endtime="20231101 15:28:49.207"/>
</kw>
<status status="NOT RUN" starttime="20231101 15:28:49.206" endtime="20231101 15:28:49.207"/>
</branch>
<branch type="ELSE IF" condition="${cnt} &gt; 0">
<kw name="Sentence" library="FakerLibrary">
<var>${new_text}</var>
<doc>Generate a sentence.</doc>
<status status="NOT RUN" starttime="20231101 15:28:49.208" endtime="20231101 15:28:49.208"/>
</kw>
<status status="NOT RUN" starttime="20231101 15:28:49.207" endtime="20231101 15:28:49.208"/>
</branch>
<status status="PASS" starttime="20231101 15:28:49.174" endtime="20231101 15:28:49.208"/>
</if>
<kw name="Get Length" library="BuiltIn">
<var>${cnt}</var>
<arg>${text}</arg>
<doc>Returns and logs the length of the given item as an integer.</doc>
<msg timestamp="20231101 15:28:49.209" level="INFO">Length is 6</msg>
<msg timestamp="20231101 15:28:49.209" level="INFO">${cnt} = 6</msg>
<status status="PASS" starttime="20231101 15:28:49.208" endtime="20231101 15:28:49.209"/>
</kw>
<if>
<branch type="IF" condition="${cnt} &gt; 0">
<kw name="Replace String" library="String">
<var>${text}</var>
<arg>${text}</arg>
<arg>${symbol}</arg>
<arg>${new_text}</arg>
<doc>Replaces ``search_for`` in the given ``string`` with ``replace_with``.</doc>
<msg timestamp="20231101 15:28:49.215" level="INFO">${text} = 123123</msg>
<status status="PASS" starttime="20231101 15:28:49.211" endtime="20231101 15:28:49.215"/>
</kw>
<status status="PASS" starttime="20231101 15:28:49.210" endtime="20231101 15:28:49.215"/>
</branch>
<status status="PASS" starttime="20231101 15:28:49.209" endtime="20231101 15:28:49.216"/>
</if>
<msg timestamp="20231101 15:28:49.216" level="INFO">${text} = 123123</msg>
<status status="PASS" starttime="20231101 15:28:49.154" endtime="20231101 15:28:49.216"/>
</kw>
<kw name="Get Element Form Item By Name" library="common">
<var>${element}</var>
<arg>${name}</arg>
<arg>//input[contains(@class, "ant-input")]</arg>
<msg timestamp="20231101 15:28:49.217" level="INFO">${element} = xpath=//*[contains(@class, "ant-form-item-label")]/label[text()="Mật khẩu"]/../../*[contains(@class, "ant-form-item")]//input[contains(@class, "ant-input")]</msg>
<status status="PASS" starttime="20231101 15:28:49.216" endtime="20231101 15:28:49.217"/>
</kw>
<kw name="Click" library="Browser">
<arg>${element}</arg>
<tag>PageContent</tag>
<tag>Setter</tag>
<doc>Simulates mouse click on the element found by ``selector``.</doc>
<status status="PASS" starttime="20231101 15:28:49.217" endtime="20231101 15:28:49.341"/>
</kw>
<kw name="Clear Text" library="Browser">
<arg>${element}</arg>
<tag>PageContent</tag>
<tag>Setter</tag>
<doc>Clears the text field found by ``selector``.</doc>
<status status="PASS" starttime="20231101 15:28:49.342" endtime="20231101 15:28:49.390"/>
</kw>
<kw name="Fill Text" library="Browser">
<arg>${element}</arg>
<arg>${text}</arg>
<arg>True</arg>
<tag>PageContent</tag>
<tag>Setter</tag>
<doc>Clears and fills the given ``txt`` into the text field found by ``selector``.</doc>
<msg timestamp="20231101 15:28:49.392" level="INFO">Fills the text '123123' in the given field.</msg>
<status status="PASS" starttime="20231101 15:28:49.391" endtime="20231101 15:28:49.457"/>
</kw>
<kw name="Get Text" library="Browser">
<var>${condition}</var>
<arg>${element}</arg>
<tag>Assertion</tag>
<tag>Getter</tag>
<tag>PageContent</tag>
<doc>Returns text attribute of the element found by ``selector``.</doc>
<msg timestamp="20231101 15:28:49.493" level="INFO">Text: '123123'</msg>
<msg timestamp="20231101 15:28:49.493" level="INFO">${condition} = 123123</msg>
<status status="PASS" starttime="20231101 15:28:49.458" endtime="20231101 15:28:49.494"/>
</kw>
<while condition="'${condition}' != '${text}'" limit="10">
<iter>
<kw name="Fill Text" library="Browser">
<arg>${element}</arg>
<arg>${text}</arg>
<tag>PageContent</tag>
<tag>Setter</tag>
<doc>Clears and fills the given ``txt`` into the text field found by ``selector``.</doc>
<status status="NOT RUN" starttime="20231101 15:28:49.498" endtime="20231101 15:28:49.499"/>
</kw>
<kw name="Get Text" library="Browser">
<var>${condition}</var>
<arg>${element}</arg>
<tag>Assertion</tag>
<tag>Getter</tag>
<tag>PageContent</tag>
<doc>Returns text attribute of the element found by ``selector``.</doc>
<status status="NOT RUN" starttime="20231101 15:28:49.500" endtime="20231101 15:28:49.500"/>
</kw>
<status status="NOT RUN" starttime="20231101 15:28:49.494" endtime="20231101 15:28:49.501"/>
</iter>
<status status="NOT RUN" starttime="20231101 15:28:49.494" endtime="20231101 15:28:49.501"/>
</while>
<kw name="Get Length" library="BuiltIn">
<var>${cnt}</var>
<arg>${text}</arg>
<doc>Returns and logs the length of the given item as an integer.</doc>
<msg timestamp="20231101 15:28:49.502" level="INFO">Length is 6</msg>
<msg timestamp="20231101 15:28:49.503" level="INFO">${cnt} = 6</msg>
<status status="PASS" starttime="20231101 15:28:49.502" endtime="20231101 15:28:49.503"/>
</kw>
<if>
<branch type="IF" condition="${cnt} &gt; 0">
<kw name="Set Global Variable" library="BuiltIn">
<arg>\${STATE["${name}"]}</arg>
<arg>${text}</arg>
<doc>Makes a variable available globally in all tests and suites.</doc>
<msg timestamp="20231101 15:28:49.505" level="INFO">${STATE["Mật khẩu"]} = 123123</msg>
<status status="PASS" starttime="20231101 15:28:49.504" endtime="20231101 15:28:49.505"/>
</kw>
<status status="PASS" starttime="20231101 15:28:49.503" endtime="20231101 15:28:49.506"/>
</branch>
<status status="PASS" starttime="20231101 15:28:49.503" endtime="20231101 15:28:49.506"/>
</if>
<kw name="Wait Until Network Is Idle" library="Browser">
<tag>HTTP</tag>
<tag>Wait</tag>
<doc>Waits until there has been at least one instance of 500 ms of no network traffic on the page after loading.</doc>
<status status="PASS" starttime="20231101 15:28:49.506" endtime="20231101 15:28:49.516"/>
</kw>
<status status="PASS" starttime="20231101 15:28:49.152" endtime="20231101 15:28:49.517"/>
</kw>
<kw name="Click &quot;Đăng nhập&quot; button" library="common" sourcename="Click &quot;${text}&quot; button">
<kw name="Sleep" library="BuiltIn">
<arg>${SHOULD_TIMEOUT}</arg>
<doc>Pauses the test executed for the given time.</doc>
<msg timestamp="20231101 15:28:49.621" level="INFO">Slept 100 milliseconds</msg>
<status status="PASS" starttime="20231101 15:28:49.519" endtime="20231101 15:28:49.621"/>
</kw>
<kw name="Get Element Count" library="Browser">
<var>${cnt}</var>
<arg>//button[@title = "${text}"]</arg>
<tag>Assertion</tag>
<tag>Getter</tag>
<tag>PageContent</tag>
<doc>Returns the count of elements found with ``selector``.</doc>
<msg timestamp="20231101 15:28:49.635" level="INFO">${cnt} = 1</msg>
<status status="PASS" starttime="20231101 15:28:49.622" endtime="20231101 15:28:49.636"/>
</kw>
<if>
<branch type="IF" condition="${cnt} &gt; 0">
<kw name="Click" library="Browser">
<arg>xpath=//button[@title = "${text}"]</arg>
<tag>PageContent</tag>
<tag>Setter</tag>
<doc>Simulates mouse click on the element found by ``selector``.</doc>
<status status="PASS" starttime="20231101 15:28:49.638" endtime="20231101 15:28:49.777"/>
</kw>
<kw name="Click Confirm To Action" library="common">
<kw name="Set Variable" library="BuiltIn">
<var>${element}</var>
<arg>xpath=//*[contains(@class, "ant-popover")]//*[contains(@class, "ant-btn-primary")]</arg>
<doc>Returns the given values which can then be assigned to a variables.</doc>
<msg timestamp="20231101 15:28:49.781" level="INFO">${element} = xpath=//*[contains(@class, "ant-popover")]//*[contains(@class, "ant-btn-primary")]</msg>
<status status="PASS" starttime="20231101 15:28:49.779" endtime="20231101 15:28:49.781"/>
</kw>
<kw name="Get Element Count" library="Browser">
<var>${count}</var>
<arg>${element}</arg>
<tag>Assertion</tag>
<tag>Getter</tag>
<tag>PageContent</tag>
<doc>Returns the count of elements found with ``selector``.</doc>
<msg timestamp="20231101 15:28:49.793" level="INFO">${count} = 0</msg>
<status status="PASS" starttime="20231101 15:28:49.782" endtime="20231101 15:28:49.793"/>
</kw>
<if>
<branch type="IF" condition="${count} &gt; 0">
<kw name="Click" library="Browser">
<arg>${element}</arg>
<tag>PageContent</tag>
<tag>Setter</tag>
<doc>Simulates mouse click on the element found by ``selector``.</doc>
<status status="NOT RUN" starttime="20231101 15:28:49.797" endtime="20231101 15:28:49.798"/>
</kw>
<kw name="Sleep" library="BuiltIn">
<arg>${SHOULD_TIMEOUT}</arg>
<doc>Pauses the test executed for the given time.</doc>
<status status="NOT RUN" starttime="20231101 15:28:49.798" endtime="20231101 15:28:49.799"/>
</kw>
<kw name="Wait Until Element Spin" library="common">
<status status="NOT RUN" starttime="20231101 15:28:49.800" endtime="20231101 15:28:49.801"/>
</kw>
<status status="NOT RUN" starttime="20231101 15:28:49.794" endtime="20231101 15:28:49.801"/>
</branch>
<status status="PASS" starttime="20231101 15:28:49.794" endtime="20231101 15:28:49.803"/>
</if>
<status status="PASS" starttime="20231101 15:28:49.777" endtime="20231101 15:28:49.804"/>
</kw>
<kw name="Scroll By" library="Browser">
<arg>${None}</arg>
<tag>PageContent</tag>
<tag>Setter</tag>
<doc>Scrolls an element or the page relative from current position by the given values.</doc>
<msg timestamp="20231101 15:28:49.842" level="INFO">JavaScript executed successfully.</msg>
<msg timestamp="20231101 15:28:49.843" level="INFO">JavaScript executed successfully.</msg>
<msg timestamp="20231101 15:28:49.870" level="INFO">JavaScript executed successfully.</msg>
<msg timestamp="20231101 15:28:49.870" level="INFO">JavaScript executed successfully.</msg>
<msg timestamp="20231101 15:28:49.883" level="INFO">JavaScript executed successfully.</msg>
<status status="PASS" starttime="20231101 15:28:49.806" endtime="20231101 15:28:49.884"/>
</kw>
<status status="PASS" starttime="20231101 15:28:49.636" endtime="20231101 15:28:49.884"/>
</branch>
<branch type="ELSE">
<kw name="Click" library="Browser">
<arg>//span[contains(text(),"${text}")]</arg>
<tag>PageContent</tag>
<tag>Setter</tag>
<doc>Simulates mouse click on the element found by ``selector``.</doc>
<status status="NOT RUN" starttime="20231101 15:28:49.886" endtime="20231101 15:28:49.886"/>
</kw>
<kw name="Click Confirm To Action" library="common">
<status status="NOT RUN" starttime="20231101 15:28:49.887" endtime="20231101 15:28:49.888"/>
</kw>
<kw name="Scroll By" library="Browser">
<arg>${None}</arg>
<tag>PageContent</tag>
<tag>Setter</tag>
<doc>Scrolls an element or the page relative from current position by the given values.</doc>
<status status="NOT RUN" starttime="20231101 15:28:49.888" endtime="20231101 15:28:49.889"/>
</kw>
<status status="NOT RUN" starttime="20231101 15:28:49.885" endtime="20231101 15:28:49.889"/>
</branch>
<status status="PASS" starttime="20231101 15:28:49.636" endtime="20231101 15:28:49.890"/>
</if>
<kw name="Wait Until Network Is Idle" library="Browser">
<tag>HTTP</tag>
<tag>Wait</tag>
<doc>Waits until there has been at least one instance of 500 ms of no network traffic on the page after loading.</doc>
<status status="PASS" starttime="20231101 15:28:49.890" endtime="20231101 15:28:49.902"/>
</kw>
<status status="PASS" starttime="20231101 15:28:49.517" endtime="20231101 15:28:49.903"/>
</kw>
<kw name="User look message &quot;Success&quot; popup" library="common" sourcename="User look message &quot;${message}&quot; popup">
<kw name="Get Regexp Matches" library="String">
<var>${contains}</var>
<arg>${message}</arg>
<arg>_@(.+)@_</arg>
<arg>1</arg>
<doc>Returns a list of all non-overlapping matches in the given string.</doc>
<msg timestamp="20231101 15:28:49.906" level="INFO">${contains} = []</msg>
<status status="PASS" starttime="20231101 15:28:49.905" endtime="20231101 15:28:49.906"/>
</kw>
<kw name="Get Length" library="BuiltIn">
<var>${cnt}</var>
<arg>${contains}</arg>
<doc>Returns and logs the length of the given item as an integer.</doc>
<msg timestamp="20231101 15:28:49.908" level="INFO">Length is 0</msg>
<msg timestamp="20231101 15:28:49.908" level="INFO">${cnt} = 0</msg>
<status status="PASS" starttime="20231101 15:28:49.907" endtime="20231101 15:28:49.908"/>
</kw>
<if>
<branch type="IF" condition="${cnt} &gt; 0">
<kw name="Replace String" library="String">
<var>${message}</var>
<arg>${message}</arg>
<arg>_@${contains[0]}@_</arg>
<arg>${STATE["${contains[0]}"]}</arg>
<doc>Replaces ``search_for`` in the given ``string`` with ``replace_with``.</doc>
<status status="NOT RUN" starttime="20231101 15:28:49.910" endtime="20231101 15:28:49.910"/>
</kw>
<status status="NOT RUN" starttime="20231101 15:28:49.909" endtime="20231101 15:28:49.911"/>
</branch>
<status status="PASS" starttime="20231101 15:28:49.909" endtime="20231101 15:28:49.913"/>
</if>
<kw name="Wait Until Keyword Succeeds" library="BuiltIn">
<arg>${SHOULD_TIMEOUT}</arg>
<arg>${TIME_TRY}</arg>
<arg>Element Text Should Be</arg>
<arg>id=swal2-html-container</arg>
<arg>${message}</arg>
<doc>Runs the specified keyword and retries if it fails.</doc>
<kw name="Element Text Should Be" library="common">
<arg>id=swal2-html-container</arg>
<arg>${message}</arg>
<kw name="Get Text" library="Browser">
<arg>${locator}</arg>
<arg>equal</arg>
<arg>${expected}</arg>
<arg>${message}</arg>
<tag>Assertion</tag>
<tag>Getter</tag>
<tag>PageContent</tag>
<doc>Returns text attribute of the element found by ``selector``.</doc>
<msg timestamp="20231101 15:28:50.185" level="INFO">Text: 'Success'</msg>
<status status="PASS" starttime="20231101 15:28:49.919" endtime="20231101 15:28:50.186"/>
</kw>
<status status="PASS" starttime="20231101 15:28:49.916" endtime="20231101 15:28:50.187"/>
</kw>
<status status="PASS" starttime="20231101 15:28:49.914" endtime="20231101 15:28:50.188"/>
</kw>
<kw name="Set Variable" library="BuiltIn">
<var>${element}</var>
<arg>xpath=//*[contains(@class, "swal2-confirm")]</arg>
<doc>Returns the given values which can then be assigned to a variables.</doc>
<msg timestamp="20231101 15:28:50.190" level="INFO">${element} = xpath=//*[contains(@class, "swal2-confirm")]</msg>
<status status="PASS" starttime="20231101 15:28:50.189" endtime="20231101 15:28:50.190"/>
</kw>
<kw name="Run Keyword And Return Status" library="BuiltIn">
<var>${passed}</var>
<arg>Element Should Be Visible</arg>
<arg>${element}</arg>
<doc>Runs the given keyword with given arguments and returns the status as a Boolean value.</doc>
<kw name="Element Should Be Visible" library="common">
<arg>${element}</arg>
<kw name="Wait For Elements State" library="Browser">
<arg>${locator}</arg>
<arg>visible</arg>
<arg>${timeout}</arg>
<arg>${message}</arg>
<tag>PageContent</tag>
<tag>Wait</tag>
<doc>Waits for the element found by ``selector`` to satisfy state option.</doc>
<msg timestamp="20231101 15:28:50.567" level="INFO" html="true">&lt;/td&gt;&lt;/tr&gt;&lt;tr&gt;&lt;td colspan="3"&gt;&lt;a href="browser/screenshot/fail-screenshot-1.png" target="_blank"&gt;&lt;img src="browser/screenshot/fail-screenshot-1.png" width="800px"/&gt;&lt;/a&gt;</msg>
<msg timestamp="20231101 15:28:50.567" level="INFO">See also file:///D:/Intern%20test/Automation/playwright-log.txt for additional details.</msg>
<msg timestamp="20231101 15:28:50.568" level="FAIL">TimeoutError: locator.waitFor: Timeout 100ms exceeded.
=========================== logs ===========================
waiting for locator('xpath=//*[contains(@class, "swal2-confirm")]') to be visible
============================================================
Tip: Use "Set Browser Timeout" for increasing the timeout or double check your locator as the targeted element(s) couldn't be found.</msg>
<status status="FAIL" starttime="20231101 15:28:50.196" endtime="20231101 15:28:50.577"/>
</kw>
<status status="FAIL" starttime="20231101 15:28:50.192" endtime="20231101 15:28:50.579"/>
</kw>
<msg timestamp="20231101 15:28:50.580" level="INFO">${passed} = False</msg>
<status status="PASS" starttime="20231101 15:28:50.191" endtime="20231101 15:28:50.580"/>
</kw>
<if>
<branch type="IF" condition="'${passed}' == 'True'">
<kw name="Click" library="Browser">
<arg>${element}</arg>
<tag>PageContent</tag>
<tag>Setter</tag>
<doc>Simulates mouse click on the element found by ``selector``.</doc>
<status status="NOT RUN" starttime="20231101 15:28:50.582" endtime="20231101 15:28:50.582"/>
</kw>
<status status="NOT RUN" starttime="20231101 15:28:50.581" endtime="20231101 15:28:50.582"/>
</branch>
<status status="PASS" starttime="20231101 15:28:50.581" endtime="20231101 15:28:50.583"/>
</if>
<status status="PASS" starttime="20231101 15:28:49.904" endtime="20231101 15:28:50.583"/>
</kw>
<status status="PASS" starttime="20231101 15:28:48.372" endtime="20231101 15:28:50.584"/>
</kw>
<kw name="Click &quot;QUẢN LÝ DANH MỤC&quot; menu" library="common" sourcename="Click &quot;${text}&quot; menu">
<kw name="Click" library="Browser">
<arg>xpath=//li[contains(@class, "menu") and descendant::span[contains(text(), "${text}")]]</arg>
<tag>PageContent</tag>
<tag>Setter</tag>
<doc>Simulates mouse click on the element found by ``selector``.</doc>
<status status="PASS" starttime="20231101 15:28:50.586" endtime="20231101 15:28:52.186"/>
</kw>
<status status="PASS" starttime="20231101 15:28:50.585" endtime="20231101 15:28:52.186"/>
</kw>
<kw name="Click &quot;Quản lý dữ liệu&quot; sub menu to &quot;/data&quot;" library="common" sourcename="Click &quot;${text}&quot; sub menu to &quot;${url}&quot;">
<kw name="Wait Until Element Spin" library="common">
<kw name="Sleep" library="BuiltIn">
<arg>${SHOULD_TIMEOUT}</arg>
<doc>Pauses the test executed for the given time.</doc>
<msg timestamp="20231101 15:28:52.288" level="INFO">Slept 100 milliseconds</msg>
<status status="PASS" starttime="20231101 15:28:52.187" endtime="20231101 15:28:52.288"/>
</kw>
<kw name="Set Variable" library="BuiltIn">
<var>${element}</var>
<arg>xpath=//*[contains(@class, "ant-spin-spinning")]</arg>
<doc>Returns the given values which can then be assigned to a variables.</doc>
<msg timestamp="20231101 15:28:52.289" level="INFO">${element} = xpath=//*[contains(@class, "ant-spin-spinning")]</msg>
<status status="PASS" starttime="20231101 15:28:52.288" endtime="20231101 15:28:52.290"/>
</kw>
<kw name="Get Element Count" library="Browser">
<var>${count}</var>
<arg>${element}</arg>
<tag>Assertion</tag>
<tag>Getter</tag>
<tag>PageContent</tag>
<doc>Returns the count of elements found with ``selector``.</doc>
<msg timestamp="20231101 15:28:52.308" level="INFO">${count} = 0</msg>
<status status="PASS" starttime="20231101 15:28:52.290" endtime="20231101 15:28:52.308"/>
</kw>
<if>
<branch type="IF" condition="${count} &gt; 0">
<kw name="Wait Until Page Does Not Contain Element" library="common">
<arg>${element}</arg>
<status status="NOT RUN" starttime="20231101 15:28:52.312" endtime="20231101 15:28:52.313"/>
</kw>
<status status="NOT RUN" starttime="20231101 15:28:52.310" endtime="20231101 15:28:52.313"/>
</branch>
<status status="PASS" starttime="20231101 15:28:52.309" endtime="20231101 15:28:52.314"/>
</if>
<status status="PASS" starttime="20231101 15:28:52.187" endtime="20231101 15:28:52.314"/>
</kw>
<kw name="Click" library="Browser">
<arg>xpath=//a[contains(@class, "sub-menu") and descendant::span[contains(text(), "${text}")]]</arg>
<tag>PageContent</tag>
<tag>Setter</tag>
<doc>Simulates mouse click on the element found by ``selector``.</doc>
<status status="PASS" starttime="20231101 15:28:52.315" endtime="20231101 15:28:52.810"/>
</kw>
<kw name="Get Url" library="Browser">
<var>${curent_url}</var>
<tag>Assertion</tag>
<tag>Getter</tag>
<tag>PageContent</tag>
<doc>Returns the current URL.</doc>
<msg timestamp="20231101 15:28:52.817" level="INFO">${curent_url} = http://dev1.geneat.vn:7802/vn/data</msg>
<status status="PASS" starttime="20231101 15:28:52.812" endtime="20231101 15:28:52.818"/>
</kw>
<kw name="Should Contain" library="BuiltIn">
<arg>${curent_url}</arg>
<arg>${URL_DEFAULT}${url}</arg>
<doc>Fails if ``container`` does not contain ``item`` one or more times.</doc>
<status status="PASS" starttime="20231101 15:28:52.819" endtime="20231101 15:28:52.820"/>
</kw>
<status status="PASS" starttime="20231101 15:28:52.186" endtime="20231101 15:28:52.820"/>
</kw>
<status status="PASS" starttime="20231101 15:28:48.371" endtime="20231101 15:28:52.821"/>
</kw>
<kw name="Click &quot;Tạo mới&quot; button" library="common" sourcename="Click &quot;${text}&quot; button">
<kw name="Sleep" library="BuiltIn">
<arg>${SHOULD_TIMEOUT}</arg>
<doc>Pauses the test executed for the given time.</doc>
<msg timestamp="20231101 15:28:52.924" level="INFO">Slept 100 milliseconds</msg>
<status status="PASS" starttime="20231101 15:28:52.823" endtime="20231101 15:28:52.924"/>
</kw>
<kw name="Get Element Count" library="Browser">
<var>${cnt}</var>
<arg>//button[@title = "${text}"]</arg>
<tag>Assertion</tag>
<tag>Getter</tag>
<tag>PageContent</tag>
<doc>Returns the count of elements found with ``selector``.</doc>
<msg timestamp="20231101 15:28:53.407" level="INFO">${cnt} = 1</msg>
<status status="PASS" starttime="20231101 15:28:52.925" endtime="20231101 15:28:53.408"/>
</kw>
<if>
<branch type="IF" condition="${cnt} &gt; 0">
<kw name="Click" library="Browser">
<arg>xpath=//button[@title = "${text}"]</arg>
<tag>PageContent</tag>
<tag>Setter</tag>
<doc>Simulates mouse click on the element found by ``selector``.</doc>
<status status="PASS" starttime="20231101 15:28:53.409" endtime="20231101 15:28:53.709"/>
</kw>
<kw name="Click Confirm To Action" library="common">
<kw name="Set Variable" library="BuiltIn">
<var>${element}</var>
<arg>xpath=//*[contains(@class, "ant-popover")]//*[contains(@class, "ant-btn-primary")]</arg>
<doc>Returns the given values which can then be assigned to a variables.</doc>
<msg timestamp="20231101 15:28:53.712" level="INFO">${element} = xpath=//*[contains(@class, "ant-popover")]//*[contains(@class, "ant-btn-primary")]</msg>
<status status="PASS" starttime="20231101 15:28:53.710" endtime="20231101 15:28:53.712"/>
</kw>
<kw name="Get Element Count" library="Browser">
<var>${count}</var>
<arg>${element}</arg>
<tag>Assertion</tag>
<tag>Getter</tag>
<tag>PageContent</tag>
<doc>Returns the count of elements found with ``selector``.</doc>
<msg timestamp="20231101 15:28:53.726" level="INFO">${count} = 0</msg>
<status status="PASS" starttime="20231101 15:28:53.714" endtime="20231101 15:28:53.726"/>
</kw>
<if>
<branch type="IF" condition="${count} &gt; 0">
<kw name="Click" library="Browser">
<arg>${element}</arg>
<tag>PageContent</tag>
<tag>Setter</tag>
<doc>Simulates mouse click on the element found by ``selector``.</doc>
<status status="NOT RUN" starttime="20231101 15:28:53.729" endtime="20231101 15:28:53.730"/>
</kw>
<kw name="Sleep" library="BuiltIn">
<arg>${SHOULD_TIMEOUT}</arg>
<doc>Pauses the test executed for the given time.</doc>
<status status="NOT RUN" starttime="20231101 15:28:53.731" endtime="20231101 15:28:53.732"/>
</kw>
<kw name="Wait Until Element Spin" library="common">
<status status="NOT RUN" starttime="20231101 15:28:53.732" endtime="20231101 15:28:53.733"/>
</kw>
<status status="NOT RUN" starttime="20231101 15:28:53.727" endtime="20231101 15:28:53.734"/>
</branch>
<status status="PASS" starttime="20231101 15:28:53.727" endtime="20231101 15:28:53.735"/>
</if>
<status status="PASS" starttime="20231101 15:28:53.709" endtime="20231101 15:28:53.735"/>
</kw>
<kw name="Scroll By" library="Browser">
<arg>${None}</arg>
<tag>PageContent</tag>
<tag>Setter</tag>
<doc>Scrolls an element or the page relative from current position by the given values.</doc>
<msg timestamp="20231101 15:28:53.760" level="INFO">JavaScript executed successfully.</msg>
<msg timestamp="20231101 15:28:53.762" level="INFO">JavaScript executed successfully.</msg>
<msg timestamp="20231101 15:28:53.782" level="INFO">JavaScript executed successfully.</msg>
<msg timestamp="20231101 15:28:53.783" level="INFO">JavaScript executed successfully.</msg>
<msg timestamp="20231101 15:28:53.793" level="INFO">JavaScript executed successfully.</msg>
<status status="PASS" starttime="20231101 15:28:53.736" endtime="20231101 15:28:53.793"/>
</kw>
<status status="PASS" starttime="20231101 15:28:53.408" endtime="20231101 15:28:53.794"/>
</branch>
<branch type="ELSE">
<kw name="Click" library="Browser">
<arg>//span[contains(text(),"${text}")]</arg>
<tag>PageContent</tag>
<tag>Setter</tag>
<doc>Simulates mouse click on the element found by ``selector``.</doc>
<status status="NOT RUN" starttime="20231101 15:28:53.797" endtime="20231101 15:28:53.798"/>
</kw>
<kw name="Click Confirm To Action" library="common">
<status status="NOT RUN" starttime="20231101 15:28:53.799" endtime="20231101 15:28:53.799"/>
</kw>
<kw name="Scroll By" library="Browser">
<arg>${None}</arg>
<tag>PageContent</tag>
<tag>Setter</tag>
<doc>Scrolls an element or the page relative from current position by the given values.</doc>
<status status="NOT RUN" starttime="20231101 15:28:53.800" endtime="20231101 15:28:53.801"/>
</kw>
<status status="NOT RUN" starttime="20231101 15:28:53.796" endtime="20231101 15:28:53.801"/>
</branch>
<status status="PASS" starttime="20231101 15:28:53.408" endtime="20231101 15:28:53.802"/>
</if>
<kw name="Wait Until Network Is Idle" library="Browser">
<tag>HTTP</tag>
<tag>Wait</tag>
<doc>Waits until there has been at least one instance of 500 ms of no network traffic on the page after loading.</doc>
<status status="PASS" starttime="20231101 15:28:53.802" endtime="20231101 15:28:53.884"/>
</kw>
<status status="PASS" starttime="20231101 15:28:52.822" endtime="20231101 15:28:53.885"/>
</kw>
<status status="PASS" starttime="20231101 15:28:48.370" endtime="20231101 15:28:53.885"/>
</branch>
<status status="PASS" starttime="20231101 15:28:48.365" endtime="20231101 15:28:53.885"/>
</if>
<kw name="Enter &quot;test name&quot; in &quot;Tên loại&quot; with &quot;_RANDOM_&quot;" library="common" sourcename="Enter &quot;${type}&quot; in &quot;${name}&quot; with &quot;${text}&quot;">
<kw name="Get Random Text" library="common">
<var>${text}</var>
<arg>${type}</arg>
<arg>${text}</arg>
<kw name="Set Variable" library="BuiltIn">
<var>${symbol}</var>
<arg>_RANDOM_</arg>
<doc>Returns the given values which can then be assigned to a variables.</doc>
<msg timestamp="20231101 15:28:53.887" level="INFO">${symbol} = _RANDOM_</msg>
<status status="PASS" starttime="20231101 15:28:53.887" endtime="20231101 15:28:53.887"/>
</kw>
<kw name="Set Variable" library="BuiltIn">
<var>${new_text}</var>
<doc>Returns the given values which can then be assigned to a variables.</doc>
<msg timestamp="20231101 15:28:53.888" level="INFO">${new_text} = </msg>
<status status="PASS" starttime="20231101 15:28:53.888" endtime="20231101 15:28:53.888"/>
</kw>
<kw name="Get Regexp Matches" library="String">
<var>${containsS}</var>
<arg>${text}</arg>
<arg>_@(.+)@_</arg>
<arg>1</arg>
<doc>Returns a list of all non-overlapping matches in the given string.</doc>
<msg timestamp="20231101 15:28:53.889" level="INFO">${containsS} = []</msg>
<status status="PASS" starttime="20231101 15:28:53.888" endtime="20231101 15:28:53.889"/>
</kw>
<kw name="Get Length" library="BuiltIn">
<var>${cntS}</var>
<arg>${containsS}</arg>
<doc>Returns and logs the length of the given item as an integer.</doc>
<msg timestamp="20231101 15:28:53.890" level="INFO">Length is 0</msg>
<msg timestamp="20231101 15:28:53.890" level="INFO">${cntS} = 0</msg>
<status status="PASS" starttime="20231101 15:28:53.889" endtime="20231101 15:28:53.890"/>
</kw>
<kw name="Get Regexp Matches" library="String">
<var>${contains}</var>
<arg>${text}</arg>
<arg>${symbol}</arg>
<doc>Returns a list of all non-overlapping matches in the given string.</doc>
<msg timestamp="20231101 15:28:53.892" level="INFO">${contains} = ['_RANDOM_']</msg>
<status status="PASS" starttime="20231101 15:28:53.891" endtime="20231101 15:28:53.892"/>
</kw>
<kw name="Get Length" library="BuiltIn">
<var>${cnt}</var>
<arg>${contains}</arg>
<doc>Returns and logs the length of the given item as an integer.</doc>
<msg timestamp="20231101 15:28:53.893" level="INFO">Length is 1</msg>
<msg timestamp="20231101 15:28:53.893" level="INFO">${cnt} = 1</msg>
<status status="PASS" starttime="20231101 15:28:53.893" endtime="20231101 15:28:53.893"/>
</kw>
<if>
<branch type="IF" condition="${cntS} &gt; 0">
<kw name="Set Variable" library="BuiltIn">
<var>${new_text}</var>
<arg>${STATE["${containsS[0]}"]}</arg>
<doc>Returns the given values which can then be assigned to a variables.</doc>
<status status="NOT RUN" starttime="20231101 15:28:53.896" endtime="20231101 15:28:53.897"/>
</kw>
<kw name="Set Variable" library="BuiltIn">
<var>${symbol}</var>
<arg>_@${containsS[0]}@_</arg>
<doc>Returns the given values which can then be assigned to a variables.</doc>
<status status="NOT RUN" starttime="20231101 15:28:53.898" endtime="20231101 15:28:53.899"/>
</kw>
<status status="NOT RUN" starttime="20231101 15:28:53.894" endtime="20231101 15:28:53.900"/>
</branch>
<branch type="ELSE IF" condition="${cnt} &gt; 0 and '${type}' == 'test name'">
<kw name="Sentence" library="FakerLibrary">
<var>${random}</var>
<arg>nb_words=3</arg>
<doc>Generate a sentence.</doc>
<msg timestamp="20231101 15:28:53.903" level="INFO">${random} = Voluptates in.</msg>
<status status="PASS" starttime="20231101 15:28:53.902" endtime="20231101 15:28:53.903"/>
</kw>
<kw name="Split String" library="String">
<var>${words}</var>
<arg>${TEST NAME}</arg>
<arg>${SPACE}</arg>
<doc>Splits the ``string`` using ``separator`` as a delimiter string.</doc>
<msg timestamp="20231101 15:28:53.904" level="INFO">${words} = ['DA_11', 'Check', 'the', 'update', 'of', 'data', 'list', 'after', 'cancel', 'the', 'search', 'action']</msg>
<status status="PASS" starttime="20231101 15:28:53.904" endtime="20231101 15:28:53.905"/>
</kw>
<kw name="Set Variable" library="BuiltIn">
<var>${new_text}</var>
<arg>${words[0]} ${random}</arg>
<doc>Returns the given values which can then be assigned to a variables.</doc>
<msg timestamp="20231101 15:28:53.906" level="INFO">${new_text} = DA_11 Voluptates in.</msg>
<status status="PASS" starttime="20231101 15:28:53.905" endtime="20231101 15:28:53.907"/>
</kw>
<status status="PASS" starttime="20231101 15:28:53.901" endtime="20231101 15:28:53.907"/>
</branch>
<branch type="ELSE IF" condition="${cnt} &gt; 0 and '${type}' == 'number'">
<kw name="Random Int" library="FakerLibrary">
<var>${new_text}</var>
<doc>Generate a random integer between two integers ``min`` and ``max`` inclusive
while observing the provided ``step`` value.</doc>
<status status="NOT RUN" starttime="20231101 15:28:53.907" endtime="20231101 15:28:53.907"/>
</kw>
<kw name="Convert To String" library="BuiltIn">
<var>${new_text}</var>
<arg>${new_text}</arg>
<doc>Converts the given item to a Unicode string.</doc>
<status status="NOT RUN" starttime="20231101 15:28:53.907" endtime="20231101 15:28:53.908"/>
</kw>
<status status="NOT RUN" starttime="20231101 15:28:53.907" endtime="20231101 15:28:53.908"/>
</branch>
<branch type="ELSE IF" condition="${cnt} &gt; 0 and '${type}' == 'percentage'">
<kw name="Random Int" library="FakerLibrary">
<var>${new_text}</var>
<arg>max=100</arg>
<doc>Generate a random integer between two integers ``min`` and ``max`` inclusive
while observing the provided ``step`` value.</doc>
<status status="NOT RUN" starttime="20231101 15:28:53.909" endtime="20231101 15:28:53.909"/>
</kw>
<kw name="Convert To String" library="BuiltIn">
<var>${new_text}</var>
<arg>${new_text}</arg>
<doc>Converts the given item to a Unicode string.</doc>
<status status="NOT RUN" starttime="20231101 15:28:53.909" endtime="20231101 15:28:53.909"/>
</kw>
<status status="NOT RUN" starttime="20231101 15:28:53.908" endtime="20231101 15:28:53.909"/>
</branch>
<branch type="ELSE IF" condition="${cnt} &gt; 0 and '${type}' == 'paragraph'">
<kw name="Paragraph" library="FakerLibrary">
<var>${new_text}</var>
<doc>Generate a paragraph.</doc>
<status status="NOT RUN" starttime="20231101 15:28:53.911" endtime="20231101 15:28:53.912"/>
</kw>
<status status="NOT RUN" starttime="20231101 15:28:53.910" endtime="20231101 15:28:53.914"/>
</branch>
<branch type="ELSE IF" condition="${cnt} &gt; 0 and '${type}' == 'email'">
<kw name="Email" library="FakerLibrary">
<var>${new_text}</var>
<status status="NOT RUN" starttime="20231101 15:28:53.916" endtime="20231101 15:28:53.916"/>
</kw>
<status status="NOT RUN" starttime="20231101 15:28:53.915" endtime="20231101 15:28:53.917"/>
</branch>
<branch type="ELSE IF" condition="${cnt} &gt; 0 and '${type}' == 'phone'">
<kw name="Random Int" library="FakerLibrary">
<var>${new_text}</var>
<arg>min=2000000000</arg>
<arg>max=9999999999</arg>
<doc>Generate a random integer between two integers ``min`` and ``max`` inclusive
while observing the provided ``step`` value.</doc>
<status status="NOT RUN" starttime="20231101 15:28:53.917" endtime="20231101 15:28:53.918"/>
</kw>
<kw name="Convert To String" library="BuiltIn">
<var>${new_text}</var>
<arg>${new_text}</arg>
<doc>Converts the given item to a Unicode string.</doc>
<status status="NOT RUN" starttime="20231101 15:28:53.918" endtime="20231101 15:28:53.919"/>
</kw>
<kw name="Catenate" library="BuiltIn">
<var>${new_text}</var>
<arg>SEPARATOR=</arg>
<arg>0</arg>
<arg>${new_text}</arg>
<doc>Catenates the given items together and returns the resulted string.</doc>
<status status="NOT RUN" starttime="20231101 15:28:53.919" endtime="20231101 15:28:53.920"/>
</kw>
<status status="NOT RUN" starttime="20231101 15:28:53.917" endtime="20231101 15:28:53.920"/>
</branch>
<branch type="ELSE IF" condition="${cnt} &gt; 0 and '${type}' == 'color'">
<kw name="Safe Hex Color" library="FakerLibrary">
<var>${new_text}</var>
<doc>Generate a web-safe color formatted as a hex triplet.</doc>
<status status="NOT RUN" starttime="20231101 15:28:53.921" endtime="20231101 15:28:53.921"/>
</kw>
<status status="NOT RUN" starttime="20231101 15:28:53.920" endtime="20231101 15:28:53.921"/>
</branch>
<branch type="ELSE IF" condition="${cnt} &gt; 0 and &quot;${type}&quot; == 'password'">
<kw name="Password" library="FakerLibrary">
<var>${new_text}</var>
<arg>10</arg>
<arg>True</arg>
<arg>True</arg>
<arg>True</arg>
<arg>True</arg>
<doc>Generate a random password of the specified ``length``.</doc>
<status status="NOT RUN" starttime="20231101 15:28:53.922" endtime="20231101 15:28:53.922"/>
</kw>
<status status="NOT RUN" starttime="20231101 15:28:53.922" endtime="20231101 15:28:53.922"/>
</branch>
<branch type="ELSE IF" condition="${cnt} &gt; 0 and '${type}' == 'date'">
<kw name="Date" library="FakerLibrary">
<var>${new_text}</var>
<arg>pattern=%d-%m-%Y</arg>
<doc>Get a date string between January 1, 1970 and now.</doc>
<status status="NOT RUN" starttime="20231101 15:28:53.923" endtime="20231101 15:28:53.923"/>
</kw>
<status status="NOT RUN" starttime="20231101 15:28:53.923" endtime="20231101 15:28:53.924"/>
</branch>
<branch type="ELSE IF" condition="${cnt} &gt; 0 and '${type}' == 'word'">
<kw name="Sentence" library="FakerLibrary">
<var>${new_text}</var>
<arg>nb_words=2</arg>
<doc>Generate a sentence.</doc>
<status status="NOT RUN" starttime="20231101 15:28:53.924" endtime="20231101 15:28:53.925"/>
</kw>
<status status="NOT RUN" starttime="20231101 15:28:53.924" endtime="20231101 15:28:53.925"/>
</branch>
<branch type="ELSE IF" condition="${cnt} &gt; 0">
<kw name="Sentence" library="FakerLibrary">
<var>${new_text}</var>
<doc>Generate a sentence.</doc>
<status status="NOT RUN" starttime="20231101 15:28:53.926" endtime="20231101 15:28:53.926"/>
</kw>
<status status="NOT RUN" starttime="20231101 15:28:53.925" endtime="20231101 15:28:53.927"/>
</branch>
<status status="PASS" starttime="20231101 15:28:53.893" endtime="20231101 15:28:53.930"/>
</if>
<kw name="Get Length" library="BuiltIn">
<var>${cnt}</var>
<arg>${text}</arg>
<doc>Returns and logs the length of the given item as an integer.</doc>
<msg timestamp="20231101 15:28:53.932" level="INFO">Length is 8</msg>
<msg timestamp="20231101 15:28:53.933" level="INFO">${cnt} = 8</msg>
<status status="PASS" starttime="20231101 15:28:53.932" endtime="20231101 15:28:53.933"/>
</kw>
<if>
<branch type="IF" condition="${cnt} &gt; 0">
<kw name="Replace String" library="String">
<var>${text}</var>
<arg>${text}</arg>
<arg>${symbol}</arg>
<arg>${new_text}</arg>
<doc>Replaces ``search_for`` in the given ``string`` with ``replace_with``.</doc>
<msg timestamp="20231101 15:28:53.934" level="INFO">${text} = DA_11 Voluptates in.</msg>
<status status="PASS" starttime="20231101 15:28:53.934" endtime="20231101 15:28:53.935"/>
</kw>
<status status="PASS" starttime="20231101 15:28:53.933" endtime="20231101 15:28:53.935"/>
</branch>
<status status="PASS" starttime="20231101 15:28:53.933" endtime="20231101 15:28:53.935"/>
</if>
<msg timestamp="20231101 15:28:53.935" level="INFO">${text} = DA_11 Voluptates in.</msg>
<status status="PASS" starttime="20231101 15:28:53.886" endtime="20231101 15:28:53.935"/>
</kw>
<kw name="Get Element Form Item By Name" library="common">
<var>${element}</var>
<arg>${name}</arg>
<arg>//input[contains(@class, "ant-input")]</arg>
<msg timestamp="20231101 15:28:53.936" level="INFO">${element} = xpath=//*[contains(@class, "ant-form-item-label")]/label[text()="Tên loại"]/../../*[contains(@class, "ant-form-item")]//input[contains(@class, "ant-input")]</msg>
<status status="PASS" starttime="20231101 15:28:53.936" endtime="20231101 15:28:53.937"/>
</kw>
<kw name="Click" library="Browser">
<arg>${element}</arg>
<tag>PageContent</tag>
<tag>Setter</tag>
<doc>Simulates mouse click on the element found by ``selector``.</doc>
<status status="PASS" starttime="20231101 15:28:53.937" endtime="20231101 15:28:54.233"/>
</kw>
<kw name="Clear Text" library="Browser">
<arg>${element}</arg>
<tag>PageContent</tag>
<tag>Setter</tag>
<doc>Clears the text field found by ``selector``.</doc>
<status status="PASS" starttime="20231101 15:28:54.234" endtime="20231101 15:28:54.288"/>
</kw>
<kw name="Fill Text" library="Browser">
<arg>${element}</arg>
<arg>${text}</arg>
<arg>True</arg>
<tag>PageContent</tag>
<tag>Setter</tag>
<doc>Clears and fills the given ``txt`` into the text field found by ``selector``.</doc>
<msg timestamp="20231101 15:28:54.289" level="INFO">Fills the text 'DA_11 Voluptates in.' in the given field.</msg>
<status status="PASS" starttime="20231101 15:28:54.289" endtime="20231101 15:28:54.332"/>
</kw>
<kw name="Get Text" library="Browser">
<var>${condition}</var>
<arg>${element}</arg>
<tag>Assertion</tag>
<tag>Getter</tag>
<tag>PageContent</tag>
<doc>Returns text attribute of the element found by ``selector``.</doc>
<msg timestamp="20231101 15:28:54.364" level="INFO">Text: 'DA_11 Voluptates in.'</msg>
<msg timestamp="20231101 15:28:54.364" level="INFO">${condition} = DA_11 Voluptates in.</msg>
<status status="PASS" starttime="20231101 15:28:54.333" endtime="20231101 15:28:54.365"/>
</kw>
<while condition="'${condition}' != '${text}'" limit="10">
<iter>
<kw name="Fill Text" library="Browser">
<arg>${element}</arg>
<arg>${text}</arg>
<tag>PageContent</tag>
<tag>Setter</tag>
<doc>Clears and fills the given ``txt`` into the text field found by ``selector``.</doc>
<status status="NOT RUN" starttime="20231101 15:28:54.367" endtime="20231101 15:28:54.367"/>
</kw>
<kw name="Get Text" library="Browser">
<var>${condition}</var>
<arg>${element}</arg>
<tag>Assertion</tag>
<tag>Getter</tag>
<tag>PageContent</tag>
<doc>Returns text attribute of the element found by ``selector``.</doc>
<status status="NOT RUN" starttime="20231101 15:28:54.368" endtime="20231101 15:28:54.368"/>
</kw>
<status status="NOT RUN" starttime="20231101 15:28:54.365" endtime="20231101 15:28:54.368"/>
</iter>
<status status="NOT RUN" starttime="20231101 15:28:54.365" endtime="20231101 15:28:54.368"/>
</while>
<kw name="Get Length" library="BuiltIn">
<var>${cnt}</var>
<arg>${text}</arg>
<doc>Returns and logs the length of the given item as an integer.</doc>
<msg timestamp="20231101 15:28:54.369" level="INFO">Length is 20</msg>
<msg timestamp="20231101 15:28:54.369" level="INFO">${cnt} = 20</msg>
<status status="PASS" starttime="20231101 15:28:54.369" endtime="20231101 15:28:54.369"/>
</kw>
<if>
<branch type="IF" condition="${cnt} &gt; 0">
<kw name="Set Global Variable" library="BuiltIn">
<arg>\${STATE["${name}"]}</arg>
<arg>${text}</arg>
<doc>Makes a variable available globally in all tests and suites.</doc>
<msg timestamp="20231101 15:28:54.371" level="INFO">${STATE["Tên loại"]} = DA_11 Voluptates in.</msg>
<status status="PASS" starttime="20231101 15:28:54.370" endtime="20231101 15:28:54.371"/>
</kw>
<status status="PASS" starttime="20231101 15:28:54.370" endtime="20231101 15:28:54.371"/>
</branch>
<status status="PASS" starttime="20231101 15:28:54.370" endtime="20231101 15:28:54.371"/>
</if>
<kw name="Wait Until Network Is Idle" library="Browser">
<tag>HTTP</tag>
<tag>Wait</tag>
<doc>Waits until there has been at least one instance of 500 ms of no network traffic on the page after loading.</doc>
<status status="PASS" starttime="20231101 15:28:54.372" endtime="20231101 15:28:54.380"/>
</kw>
<status status="PASS" starttime="20231101 15:28:53.885" endtime="20231101 15:28:54.381"/>
</kw>
<kw name="Check Text" library="common">
<var>${text}</var>
<arg>_@Tên loại@_</arg>
<kw name="Get Regexp Matches" library="String">
<var>${containsS}</var>
<arg>${text}</arg>
<arg>_@(.+)@_</arg>
<arg>1</arg>
<doc>Returns a list of all non-overlapping matches in the given string.</doc>
<msg timestamp="20231101 15:28:54.385" level="INFO">${containsS} = ['Tên loại']</msg>
<status status="PASS" starttime="20231101 15:28:54.383" endtime="20231101 15:28:54.385"/>
</kw>
<kw name="Get Length" library="BuiltIn">
<var>${cntS}</var>
<arg>${containsS}</arg>
<doc>Returns and logs the length of the given item as an integer.</doc>
<msg timestamp="20231101 15:28:54.387" level="INFO">Length is 1</msg>
<msg timestamp="20231101 15:28:54.387" level="INFO">${cntS} = 1</msg>
<status status="PASS" starttime="20231101 15:28:54.386" endtime="20231101 15:28:54.387"/>
</kw>
<if>
<branch type="IF" condition="${cntS} &gt; 0">
<kw name="Set Variable" library="BuiltIn">
<var>${text}</var>
<arg>${STATE["${containsS[0]}"]}</arg>
<doc>Returns the given values which can then be assigned to a variables.</doc>
<msg timestamp="20231101 15:28:54.391" level="INFO">${text} = DA_11 Voluptates in.</msg>
<status status="PASS" starttime="20231101 15:28:54.389" endtime="20231101 15:28:54.391"/>
</kw>
<status status="PASS" starttime="20231101 15:28:54.388" endtime="20231101 15:28:54.392"/>
</branch>
<status status="PASS" starttime="20231101 15:28:54.388" endtime="20231101 15:28:54.392"/>
</if>
<msg timestamp="20231101 15:28:54.393" level="INFO">${text} = DA_11 Voluptates in.</msg>
<status status="PASS" starttime="20231101 15:28:54.382" endtime="20231101 15:28:54.396"/>
</kw>
<kw name="Set Variable" library="BuiltIn">
<var>${name}</var>
<arg>${text}</arg>
<doc>Returns the given values which can then be assigned to a variables.</doc>
<msg timestamp="20231101 15:28:54.398" level="INFO">${name} = DA_11 Voluptates in.</msg>
<status status="PASS" starttime="20231101 15:28:54.397" endtime="20231101 15:28:54.398"/>
</kw>
<kw name="Enter &quot;number&quot; in &quot;Mã&quot; with &quot;_RANDOM_&quot;" library="common" sourcename="Enter &quot;${type}&quot; in &quot;${name}&quot; with &quot;${text}&quot;">
<kw name="Get Random Text" library="common">
<var>${text}</var>
<arg>${type}</arg>
<arg>${text}</arg>
<kw name="Set Variable" library="BuiltIn">
<var>${symbol}</var>
<arg>_RANDOM_</arg>
<doc>Returns the given values which can then be assigned to a variables.</doc>
<msg timestamp="20231101 15:28:54.402" level="INFO">${symbol} = _RANDOM_</msg>
<status status="PASS" starttime="20231101 15:28:54.401" endtime="20231101 15:28:54.403"/>
</kw>
<kw name="Set Variable" library="BuiltIn">
<var>${new_text}</var>
<doc>Returns the given values which can then be assigned to a variables.</doc>
<msg timestamp="20231101 15:28:54.404" level="INFO">${new_text} = </msg>
<status status="PASS" starttime="20231101 15:28:54.403" endtime="20231101 15:28:54.404"/>
</kw>
<kw name="Get Regexp Matches" library="String">
<var>${containsS}</var>
<arg>${text}</arg>
<arg>_@(.+)@_</arg>
<arg>1</arg>
<doc>Returns a list of all non-overlapping matches in the given string.</doc>
<msg timestamp="20231101 15:28:54.406" level="INFO">${containsS} = []</msg>
<status status="PASS" starttime="20231101 15:28:54.405" endtime="20231101 15:28:54.406"/>
</kw>
<kw name="Get Length" library="BuiltIn">
<var>${cntS}</var>
<arg>${containsS}</arg>
<doc>Returns and logs the length of the given item as an integer.</doc>
<msg timestamp="20231101 15:28:54.408" level="INFO">Length is 0</msg>
<msg timestamp="20231101 15:28:54.409" level="INFO">${cntS} = 0</msg>
<status status="PASS" starttime="20231101 15:28:54.407" endtime="20231101 15:28:54.409"/>
</kw>
<kw name="Get Regexp Matches" library="String">
<var>${contains}</var>
<arg>${text}</arg>
<arg>${symbol}</arg>
<doc>Returns a list of all non-overlapping matches in the given string.</doc>
<msg timestamp="20231101 15:28:54.414" level="INFO">${contains} = ['_RANDOM_']</msg>
<status status="PASS" starttime="20231101 15:28:54.410" endtime="20231101 15:28:54.415"/>
</kw>
<kw name="Get Length" library="BuiltIn">
<var>${cnt}</var>
<arg>${contains}</arg>
<doc>Returns and logs the length of the given item as an integer.</doc>
<msg timestamp="20231101 15:28:54.417" level="INFO">Length is 1</msg>
<msg timestamp="20231101 15:28:54.417" level="INFO">${cnt} = 1</msg>
<status status="PASS" starttime="20231101 15:28:54.416" endtime="20231101 15:28:54.418"/>
</kw>
<if>
<branch type="IF" condition="${cntS} &gt; 0">
<kw name="Set Variable" library="BuiltIn">
<var>${new_text}</var>
<arg>${STATE["${containsS[0]}"]}</arg>
<doc>Returns the given values which can then be assigned to a variables.</doc>
<status status="NOT RUN" starttime="20231101 15:28:54.419" endtime="20231101 15:28:54.420"/>
</kw>
<kw name="Set Variable" library="BuiltIn">
<var>${symbol}</var>
<arg>_@${containsS[0]}@_</arg>
<doc>Returns the given values which can then be assigned to a variables.</doc>
<status status="NOT RUN" starttime="20231101 15:28:54.420" endtime="20231101 15:28:54.421"/>
</kw>
<status status="NOT RUN" starttime="20231101 15:28:54.418" endtime="20231101 15:28:54.421"/>
</branch>
<branch type="ELSE IF" condition="${cnt} &gt; 0 and '${type}' == 'test name'">
<kw name="Sentence" library="FakerLibrary">
<var>${random}</var>
<arg>nb_words=3</arg>
<doc>Generate a sentence.</doc>
<status status="NOT RUN" starttime="20231101 15:28:54.422" endtime="20231101 15:28:54.425"/>
</kw>
<kw name="Split String" library="String">
<var>${words}</var>
<arg>${TEST NAME}</arg>
<arg>${SPACE}</arg>
<doc>Splits the ``string`` using ``separator`` as a delimiter string.</doc>
<status status="NOT RUN" starttime="20231101 15:28:54.426" endtime="20231101 15:28:54.427"/>
</kw>
<kw name="Set Variable" library="BuiltIn">
<var>${new_text}</var>
<arg>${words[0]} ${random}</arg>
<doc>Returns the given values which can then be assigned to a variables.</doc>
<status status="NOT RUN" starttime="20231101 15:28:54.430" endtime="20231101 15:28:54.431"/>
</kw>
<status status="NOT RUN" starttime="20231101 15:28:54.421" endtime="20231101 15:28:54.431"/>
</branch>
<branch type="ELSE IF" condition="${cnt} &gt; 0 and '${type}' == 'number'">
<kw name="Random Int" library="FakerLibrary">
<var>${new_text}</var>
<doc>Generate a random integer between two integers ``min`` and ``max`` inclusive
while observing the provided ``step`` value.</doc>
<msg timestamp="20231101 15:28:54.434" level="INFO">${new_text} = 751</msg>
<status status="PASS" starttime="20231101 15:28:54.433" endtime="20231101 15:28:54.434"/>
</kw>
<kw name="Convert To String" library="BuiltIn">
<var>${new_text}</var>
<arg>${new_text}</arg>
<doc>Converts the given item to a Unicode string.</doc>
<msg timestamp="20231101 15:28:54.435" level="INFO">${new_text} = 751</msg>
<status status="PASS" starttime="20231101 15:28:54.435" endtime="20231101 15:28:54.435"/>
</kw>
<status status="PASS" starttime="20231101 15:28:54.432" endtime="20231101 15:28:54.436"/>
</branch>
<branch type="ELSE IF" condition="${cnt} &gt; 0 and '${type}' == 'percentage'">
<kw name="Random Int" library="FakerLibrary">
<var>${new_text}</var>
<arg>max=100</arg>
<doc>Generate a random integer between two integers ``min`` and ``max`` inclusive
while observing the provided ``step`` value.</doc>
<status status="NOT RUN" starttime="20231101 15:28:54.436" endtime="20231101 15:28:54.437"/>
</kw>
<kw name="Convert To String" library="BuiltIn">
<var>${new_text}</var>
<arg>${new_text}</arg>
<doc>Converts the given item to a Unicode string.</doc>
<status status="NOT RUN" starttime="20231101 15:28:54.437" endtime="20231101 15:28:54.437"/>
</kw>
<status status="NOT RUN" starttime="20231101 15:28:54.436" endtime="20231101 15:28:54.437"/>
</branch>
<branch type="ELSE IF" condition="${cnt} &gt; 0 and '${type}' == 'paragraph'">
<kw name="Paragraph" library="FakerLibrary">
<var>${new_text}</var>
<doc>Generate a paragraph.</doc>
<status status="NOT RUN" starttime="20231101 15:28:54.438" endtime="20231101 15:28:54.438"/>
</kw>
<status status="NOT RUN" starttime="20231101 15:28:54.438" endtime="20231101 15:28:54.438"/>
</branch>
<branch type="ELSE IF" condition="${cnt} &gt; 0 and '${type}' == 'email'">
<kw name="Email" library="FakerLibrary">
<var>${new_text}</var>
<status status="NOT RUN" starttime="20231101 15:28:54.439" endtime="20231101 15:28:54.439"/>
</kw>
<status status="NOT RUN" starttime="20231101 15:28:54.439" endtime="20231101 15:28:54.440"/>
</branch>
<branch type="ELSE IF" condition="${cnt} &gt; 0 and '${type}' == 'phone'">
<kw name="Random Int" library="FakerLibrary">
<var>${new_text}</var>
<arg>min=2000000000</arg>
<arg>max=9999999999</arg>
<doc>Generate a random integer between two integers ``min`` and ``max`` inclusive
while observing the provided ``step`` value.</doc>
<status status="NOT RUN" starttime="20231101 15:28:54.440" endtime="20231101 15:28:54.441"/>
</kw>
<kw name="Convert To String" library="BuiltIn">
<var>${new_text}</var>
<arg>${new_text}</arg>
<doc>Converts the given item to a Unicode string.</doc>
<status status="NOT RUN" starttime="20231101 15:28:54.441" endtime="20231101 15:28:54.441"/>
</kw>
<kw name="Catenate" library="BuiltIn">
<var>${new_text}</var>
<arg>SEPARATOR=</arg>
<arg>0</arg>
<arg>${new_text}</arg>
<doc>Catenates the given items together and returns the resulted string.</doc>
<status status="NOT RUN" starttime="20231101 15:28:54.442" endtime="20231101 15:28:54.442"/>
</kw>
<status status="NOT RUN" starttime="20231101 15:28:54.440" endtime="20231101 15:28:54.442"/>
</branch>
<branch type="ELSE IF" condition="${cnt} &gt; 0 and '${type}' == 'color'">
<kw name="Safe Hex Color" library="FakerLibrary">
<var>${new_text}</var>
<doc>Generate a web-safe color formatted as a hex triplet.</doc>
<status status="NOT RUN" starttime="20231101 15:28:54.443" endtime="20231101 15:28:54.446"/>
</kw>
<status status="NOT RUN" starttime="20231101 15:28:54.442" endtime="20231101 15:28:54.447"/>
</branch>
<branch type="ELSE IF" condition="${cnt} &gt; 0 and &quot;${type}&quot; == 'password'">
<kw name="Password" library="FakerLibrary">
<var>${new_text}</var>
<arg>10</arg>
<arg>True</arg>
<arg>True</arg>
<arg>True</arg>
<arg>True</arg>
[...]
<arg>${cnt} &gt; 0</arg>
<doc>Fails if the given condition is not true.</doc>
<status status="PASS" starttime="20231101 15:29:11.589" endtime="20231101 15:29:11.590"/>
</kw>
<status status="PASS" starttime="20231101 15:29:11.135" endtime="20231101 15:29:11.591"/>
</kw>
<kw name="When Click on the &quot;Xóa&quot; button in the &quot;_@Tiêu đề@_&quot; table line" library="common" sourcename="Click on the &quot;${text}&quot; button in the &quot;${name}&quot; table line">
<kw name="Sleep" library="BuiltIn">
<arg>${SHOULD_TIMEOUT}</arg>
<doc>Pauses the test executed for the given time.</doc>
<msg timestamp="20231101 15:29:11.702" level="INFO">Slept 100 milliseconds</msg>
<status status="PASS" starttime="20231101 15:29:11.601" endtime="20231101 15:29:11.702"/>
</kw>
<kw name="Wait Until Element Spin" library="common">
<kw name="Sleep" library="BuiltIn">
<arg>${SHOULD_TIMEOUT}</arg>
<doc>Pauses the test executed for the given time.</doc>
<msg timestamp="20231101 15:29:11.806" level="INFO">Slept 100 milliseconds</msg>
<status status="PASS" starttime="20231101 15:29:11.704" endtime="20231101 15:29:11.806"/>
</kw>
<kw name="Set Variable" library="BuiltIn">
<var>${element}</var>
<arg>xpath=//*[contains(@class, "ant-spin-spinning")]</arg>
<doc>Returns the given values which can then be assigned to a variables.</doc>
<msg timestamp="20231101 15:29:11.808" level="INFO">${element} = xpath=//*[contains(@class, "ant-spin-spinning")]</msg>
<status status="PASS" starttime="20231101 15:29:11.807" endtime="20231101 15:29:11.808"/>
</kw>
<kw name="Get Element Count" library="Browser">
<var>${count}</var>
<arg>${element}</arg>
<tag>Assertion</tag>
<tag>Getter</tag>
<tag>PageContent</tag>
<doc>Returns the count of elements found with ``selector``.</doc>
<msg timestamp="20231101 15:29:11.819" level="INFO">${count} = 0</msg>
<status status="PASS" starttime="20231101 15:29:11.810" endtime="20231101 15:29:11.820"/>
</kw>
<if>
<branch type="IF" condition="${count} &gt; 0">
<kw name="Wait Until Page Does Not Contain Element" library="common">
<arg>${element}</arg>
<status status="NOT RUN" starttime="20231101 15:29:11.822" endtime="20231101 15:29:11.822"/>
</kw>
<status status="NOT RUN" starttime="20231101 15:29:11.821" endtime="20231101 15:29:11.823"/>
</branch>
<status status="PASS" starttime="20231101 15:29:11.820" endtime="20231101 15:29:11.824"/>
</if>
<status status="PASS" starttime="20231101 15:29:11.703" endtime="20231101 15:29:11.825"/>
</kw>
<kw name="Check Text" library="common">
<var>${name}</var>
<arg>${name}</arg>
<kw name="Get Regexp Matches" library="String">
<var>${containsS}</var>
<arg>${text}</arg>
<arg>_@(.+)@_</arg>
<arg>1</arg>
<doc>Returns a list of all non-overlapping matches in the given string.</doc>
<msg timestamp="20231101 15:29:11.829" level="INFO">${containsS} = ['Tiêu đề']</msg>
<status status="PASS" starttime="20231101 15:29:11.827" endtime="20231101 15:29:11.829"/>
</kw>
<kw name="Get Length" library="BuiltIn">
<var>${cntS}</var>
<arg>${containsS}</arg>
<doc>Returns and logs the length of the given item as an integer.</doc>
<msg timestamp="20231101 15:29:11.831" level="INFO">Length is 1</msg>
<msg timestamp="20231101 15:29:11.832" level="INFO">${cntS} = 1</msg>
<status status="PASS" starttime="20231101 15:29:11.830" endtime="20231101 15:29:11.832"/>
</kw>
<if>
<branch type="IF" condition="${cntS} &gt; 0">
<kw name="Set Variable" library="BuiltIn">
<var>${text}</var>
<arg>${STATE["${containsS[0]}"]}</arg>
<doc>Returns the given values which can then be assigned to a variables.</doc>
<msg timestamp="20231101 15:29:11.837" level="INFO">${text} = DA_11 Nam excepturi atque.</msg>
<status status="PASS" starttime="20231101 15:29:11.835" endtime="20231101 15:29:11.838"/>
</kw>
<status status="PASS" starttime="20231101 15:29:11.833" endtime="20231101 15:29:11.838"/>
</branch>
<status status="PASS" starttime="20231101 15:29:11.833" endtime="20231101 15:29:11.839"/>
</if>
<msg timestamp="20231101 15:29:11.839" level="INFO">${name} = DA_11 Nam excepturi atque.</msg>
<status status="PASS" starttime="20231101 15:29:11.826" endtime="20231101 15:29:11.839"/>
</kw>
<if>
<branch type="IF" condition="'${text}' == 'Chi tiết'">
<kw name="Get Element Table Item By Name" library="common">
<var>${element1}</var>
<arg>${name}</arg>
<arg>//button[@title = "${text}"]</arg>
<status status="NOT RUN" starttime="20231101 15:29:11.841" endtime="20231101 15:29:11.841"/>
</kw>
<kw name="Get Element Count" library="Browser">
<var>${count}</var>
<arg>${element1}</arg>
<tag>Assertion</tag>
<tag>Getter</tag>
<tag>PageContent</tag>
<doc>Returns the count of elements found with ``selector``.</doc>
<status status="NOT RUN" starttime="20231101 15:29:11.843" endtime="20231101 15:29:11.844"/>
</kw>
<if>
<branch type="IF" condition="${count} &gt; 0">
<kw name="Click" library="Browser">
<arg>${element1}</arg>
<tag>PageContent</tag>
<tag>Setter</tag>
<doc>Simulates mouse click on the element found by ``selector``.</doc>
<status status="NOT RUN" starttime="20231101 15:29:11.846" endtime="20231101 15:29:11.846"/>
</kw>
<status status="NOT RUN" starttime="20231101 15:29:11.845" endtime="20231101 15:29:11.847"/>
</branch>
<branch type="ELSE">
<kw name="Get Element Table Item By Name" library="common">
<var>${elementS}</var>
<arg>${name}</arg>
<arg>//p[contains(text(),"${name}")]</arg>
<status status="NOT RUN" starttime="20231101 15:29:11.848" endtime="20231101 15:29:11.849"/>
</kw>
<kw name="Click" library="Browser">
<arg>${elementS}</arg>
<tag>PageContent</tag>
<tag>Setter</tag>
<doc>Simulates mouse click on the element found by ``selector``.</doc>
<status status="NOT RUN" starttime="20231101 15:29:11.850" endtime="20231101 15:29:11.851"/>
</kw>
<status status="NOT RUN" starttime="20231101 15:29:11.847" endtime="20231101 15:29:11.851"/>
</branch>
<status status="NOT RUN" starttime="20231101 15:29:11.845" endtime="20231101 15:29:11.851"/>
</if>
<status status="NOT RUN" starttime="20231101 15:29:11.840" endtime="20231101 15:29:11.851"/>
</branch>
<branch type="ELSE">
<kw name="Get Element Table Item By Name" library="common">
<var>${element}</var>
<arg>${name}</arg>
<arg>//button[@title = "${text}"]</arg>
<msg timestamp="20231101 15:29:11.853" level="INFO">${element} = xpath=//*[contains(@class, "ant-table-row")]//*[contains(text(),"DA_11 Nam excepturi atque.")]/ancestor::tr//button[@title = "Xóa"]</msg>
<status status="PASS" starttime="20231101 15:29:11.852" endtime="20231101 15:29:11.853"/>
</kw>
<kw name="Click" library="Browser">
<arg>${element}</arg>
<tag>PageContent</tag>
<tag>Setter</tag>
<doc>Simulates mouse click on the element found by ``selector``.</doc>
<status status="PASS" starttime="20231101 15:29:11.853" endtime="20231101 15:29:11.973"/>
</kw>
<status status="PASS" starttime="20231101 15:29:11.852" endtime="20231101 15:29:11.974"/>
</branch>
<status status="PASS" starttime="20231101 15:29:11.840" endtime="20231101 15:29:11.974"/>
</if>
<kw name="Click Confirm To Action" library="common">
<kw name="Set Variable" library="BuiltIn">
<var>${element}</var>
<arg>xpath=//*[contains(@class, "ant-popover")]//*[contains(@class, "ant-btn-primary")]</arg>
<doc>Returns the given values which can then be assigned to a variables.</doc>
<msg timestamp="20231101 15:29:11.980" level="INFO">${element} = xpath=//*[contains(@class, "ant-popover")]//*[contains(@class, "ant-btn-primary")]</msg>
<status status="PASS" starttime="20231101 15:29:11.978" endtime="20231101 15:29:11.980"/>
</kw>
<kw name="Get Element Count" library="Browser">
<var>${count}</var>
<arg>${element}</arg>
<tag>Assertion</tag>
<tag>Getter</tag>
<tag>PageContent</tag>
<doc>Returns the count of elements found with ``selector``.</doc>
<msg timestamp="20231101 15:29:11.995" level="INFO">${count} = 1</msg>
<status status="PASS" starttime="20231101 15:29:11.981" endtime="20231101 15:29:11.996"/>
</kw>
<if>
<branch type="IF" condition="${count} &gt; 0">
<kw name="Click" library="Browser">
<arg>${element}</arg>
<tag>PageContent</tag>
<tag>Setter</tag>
<doc>Simulates mouse click on the element found by ``selector``.</doc>
<status status="PASS" starttime="20231101 15:29:11.998" endtime="20231101 15:29:12.273"/>
</kw>
<kw name="Sleep" library="BuiltIn">
<arg>${SHOULD_TIMEOUT}</arg>
<doc>Pauses the test executed for the given time.</doc>
<msg timestamp="20231101 15:29:12.375" level="INFO">Slept 100 milliseconds</msg>
<status status="PASS" starttime="20231101 15:29:12.274" endtime="20231101 15:29:12.375"/>
</kw>
<kw name="Wait Until Element Spin" library="common">
<kw name="Sleep" library="BuiltIn">
<arg>${SHOULD_TIMEOUT}</arg>
<doc>Pauses the test executed for the given time.</doc>
<msg timestamp="20231101 15:29:12.481" level="INFO">Slept 100 milliseconds</msg>
<status status="PASS" starttime="20231101 15:29:12.380" endtime="20231101 15:29:12.481"/>
</kw>
<kw name="Set Variable" library="BuiltIn">
<var>${element}</var>
<arg>xpath=//*[contains(@class, "ant-spin-spinning")]</arg>
<doc>Returns the given values which can then be assigned to a variables.</doc>
<msg timestamp="20231101 15:29:12.483" level="INFO">${element} = xpath=//*[contains(@class, "ant-spin-spinning")]</msg>
<status status="PASS" starttime="20231101 15:29:12.482" endtime="20231101 15:29:12.483"/>
</kw>
<kw name="Get Element Count" library="Browser">
<var>${count}</var>
<arg>${element}</arg>
<tag>Assertion</tag>
<tag>Getter</tag>
<tag>PageContent</tag>
<doc>Returns the count of elements found with ``selector``.</doc>
<msg timestamp="20231101 15:29:12.668" level="INFO">${count} = 0</msg>
<status status="PASS" starttime="20231101 15:29:12.484" endtime="20231101 15:29:12.670"/>
</kw>
<if>
<branch type="IF" condition="${count} &gt; 0">
<kw name="Wait Until Page Does Not Contain Element" library="common">
<arg>${element}</arg>
<status status="NOT RUN" starttime="20231101 15:29:12.671" endtime="20231101 15:29:12.672"/>
</kw>
<status status="NOT RUN" starttime="20231101 15:29:12.671" endtime="20231101 15:29:12.672"/>
</branch>
<status status="PASS" starttime="20231101 15:29:12.670" endtime="20231101 15:29:12.673"/>
</if>
<status status="PASS" starttime="20231101 15:29:12.379" endtime="20231101 15:29:12.673"/>
</kw>
<status status="PASS" starttime="20231101 15:29:11.997" endtime="20231101 15:29:12.674"/>
</branch>
<status status="PASS" starttime="20231101 15:29:11.996" endtime="20231101 15:29:12.677"/>
</if>
<status status="PASS" starttime="20231101 15:29:11.975" endtime="20231101 15:29:12.678"/>
</kw>
<kw name="Wait Until Network Is Idle" library="Browser">
<tag>HTTP</tag>
<tag>Wait</tag>
<doc>Waits until there has been at least one instance of 500 ms of no network traffic on the page after loading.</doc>
<status status="PASS" starttime="20231101 15:29:12.680" endtime="20231101 15:29:12.687"/>
</kw>
<status status="PASS" starttime="20231101 15:29:11.600" endtime="20231101 15:29:12.687"/>
</kw>
<kw name="When Click on the &quot;Xóa&quot; button in the &quot;_@Tên loại@_&quot; item line" library="common" sourcename="Click on the &quot;${text}&quot; button in the &quot;${name}&quot; item line">
<kw name="Wait Until Element Spin" library="common">
<kw name="Sleep" library="BuiltIn">
<arg>${SHOULD_TIMEOUT}</arg>
<doc>Pauses the test executed for the given time.</doc>
<msg timestamp="20231101 15:29:12.835" level="INFO">Slept 100 milliseconds</msg>
<status status="PASS" starttime="20231101 15:29:12.732" endtime="20231101 15:29:12.835"/>
</kw>
<kw name="Set Variable" library="BuiltIn">
<var>${element}</var>
<arg>xpath=//*[contains(@class, "ant-spin-spinning")]</arg>
<doc>Returns the given values which can then be assigned to a variables.</doc>
<msg timestamp="20231101 15:29:12.837" level="INFO">${element} = xpath=//*[contains(@class, "ant-spin-spinning")]</msg>
<status status="PASS" starttime="20231101 15:29:12.836" endtime="20231101 15:29:12.837"/>
</kw>
<kw name="Get Element Count" library="Browser">
<var>${count}</var>
<arg>${element}</arg>
<tag>Assertion</tag>
<tag>Getter</tag>
<tag>PageContent</tag>
<doc>Returns the count of elements found with ``selector``.</doc>
<msg timestamp="20231101 15:29:12.853" level="INFO">${count} = 0</msg>
<status status="PASS" starttime="20231101 15:29:12.837" endtime="20231101 15:29:12.853"/>
</kw>
<if>
<branch type="IF" condition="${count} &gt; 0">
<kw name="Wait Until Page Does Not Contain Element" library="common">
<arg>${element}</arg>
<status status="NOT RUN" starttime="20231101 15:29:12.855" endtime="20231101 15:29:12.856"/>
</kw>
<status status="NOT RUN" starttime="20231101 15:29:12.854" endtime="20231101 15:29:12.856"/>
</branch>
<status status="PASS" starttime="20231101 15:29:12.854" endtime="20231101 15:29:12.857"/>
</if>
<status status="PASS" starttime="20231101 15:29:12.731" endtime="20231101 15:29:12.857"/>
</kw>
<kw name="Check Text" library="common">
<var>${name}</var>
<arg>${name}</arg>
<kw name="Get Regexp Matches" library="String">
<var>${containsS}</var>
<arg>${text}</arg>
<arg>_@(.+)@_</arg>
<arg>1</arg>
<doc>Returns a list of all non-overlapping matches in the given string.</doc>
<msg timestamp="20231101 15:29:12.862" level="INFO">${containsS} = ['Tên loại']</msg>
<status status="PASS" starttime="20231101 15:29:12.861" endtime="20231101 15:29:12.863"/>
</kw>
<kw name="Get Length" library="BuiltIn">
<var>${cntS}</var>
<arg>${containsS}</arg>
<doc>Returns and logs the length of the given item as an integer.</doc>
<msg timestamp="20231101 15:29:12.864" level="INFO">Length is 1</msg>
<msg timestamp="20231101 15:29:12.865" level="INFO">${cntS} = 1</msg>
<status status="PASS" starttime="20231101 15:29:12.864" endtime="20231101 15:29:12.865"/>
</kw>
<if>
<branch type="IF" condition="${cntS} &gt; 0">
<kw name="Set Variable" library="BuiltIn">
<var>${text}</var>
<arg>${STATE["${containsS[0]}"]}</arg>
<doc>Returns the given values which can then be assigned to a variables.</doc>
<msg timestamp="20231101 15:29:12.870" level="INFO">${text} = DA_11 Voluptates in.</msg>
<status status="PASS" starttime="20231101 15:29:12.867" endtime="20231101 15:29:12.870"/>
</kw>
<status status="PASS" starttime="20231101 15:29:12.866" endtime="20231101 15:29:12.870"/>
</branch>
<status status="PASS" starttime="20231101 15:29:12.866" endtime="20231101 15:29:12.871"/>
</if>
<msg timestamp="20231101 15:29:12.871" level="INFO">${name} = DA_11 Voluptates in.</msg>
<status status="PASS" starttime="20231101 15:29:12.858" endtime="20231101 15:29:12.872"/>
</kw>
<kw name="Get Element Item By Name" library="common">
<var>${element}</var>
<arg>${name}</arg>
<arg>//button[@title = "${text}"]</arg>
<msg timestamp="20231101 15:29:12.874" level="INFO">${element} = xpath=//*[contains(@class, "item-text") and contains(text(), "DA_11 Voluptates in.")]/ancestor::*[contains(@class, "item")]//button[@title = "Xóa"]</msg>
<status status="PASS" starttime="20231101 15:29:12.872" endtime="20231101 15:29:12.874"/>
</kw>
<kw name="Click" library="Browser">
<arg>${element}</arg>
<tag>PageContent</tag>
<tag>Setter</tag>
<doc>Simulates mouse click on the element found by ``selector``.</doc>
<status status="PASS" starttime="20231101 15:29:12.875" endtime="20231101 15:29:14.530"/>
</kw>
<kw name="Click Confirm To Action" library="common">
<kw name="Set Variable" library="BuiltIn">
<var>${element}</var>
<arg>xpath=//*[contains(@class, "ant-popover")]//*[contains(@class, "ant-btn-primary")]</arg>
<doc>Returns the given values which can then be assigned to a variables.</doc>
<msg timestamp="20231101 15:29:14.534" level="INFO">${element} = xpath=//*[contains(@class, "ant-popover")]//*[contains(@class, "ant-btn-primary")]</msg>
<status status="PASS" starttime="20231101 15:29:14.532" endtime="20231101 15:29:14.535"/>
</kw>
<kw name="Get Element Count" library="Browser">
<var>${count}</var>
<arg>${element}</arg>
<tag>Assertion</tag>
<tag>Getter</tag>
<tag>PageContent</tag>
<doc>Returns the count of elements found with ``selector``.</doc>
<msg timestamp="20231101 15:29:14.547" level="INFO">${count} = 1</msg>
<status status="PASS" starttime="20231101 15:29:14.535" endtime="20231101 15:29:14.547"/>
</kw>
<if>
<branch type="IF" condition="${count} &gt; 0">
<kw name="Click" library="Browser">
<arg>${element}</arg>
<tag>PageContent</tag>
<tag>Setter</tag>
<doc>Simulates mouse click on the element found by ``selector``.</doc>
<status status="PASS" starttime="20231101 15:29:14.550" endtime="20231101 15:29:14.913"/>
</kw>
<kw name="Sleep" library="BuiltIn">
<arg>${SHOULD_TIMEOUT}</arg>
<doc>Pauses the test executed for the given time.</doc>
<msg timestamp="20231101 15:29:15.016" level="INFO">Slept 100 milliseconds</msg>
<status status="PASS" starttime="20231101 15:29:14.914" endtime="20231101 15:29:15.016"/>
</kw>
<kw name="Wait Until Element Spin" library="common">
<kw name="Sleep" library="BuiltIn">
<arg>${SHOULD_TIMEOUT}</arg>
<doc>Pauses the test executed for the given time.</doc>
<msg timestamp="20231101 15:29:15.118" level="INFO">Slept 100 milliseconds</msg>
<status status="PASS" starttime="20231101 15:29:15.017" endtime="20231101 15:29:15.118"/>
</kw>
<kw name="Set Variable" library="BuiltIn">
<var>${element}</var>
<arg>xpath=//*[contains(@class, "ant-spin-spinning")]</arg>
<doc>Returns the given values which can then be assigned to a variables.</doc>
<msg timestamp="20231101 15:29:15.119" level="INFO">${element} = xpath=//*[contains(@class, "ant-spin-spinning")]</msg>
<status status="PASS" starttime="20231101 15:29:15.118" endtime="20231101 15:29:15.119"/>
</kw>
<kw name="Get Element Count" library="Browser">
<var>${count}</var>
<arg>${element}</arg>
<tag>Assertion</tag>
<tag>Getter</tag>
<tag>PageContent</tag>
<doc>Returns the count of elements found with ``selector``.</doc>
<msg timestamp="20231101 15:29:15.151" level="INFO">${count} = 0</msg>
<status status="PASS" starttime="20231101 15:29:15.119" endtime="20231101 15:29:15.152"/>
</kw>
<if>
<branch type="IF" condition="${count} &gt; 0">
<kw name="Wait Until Page Does Not Contain Element" library="common">
<arg>${element}</arg>
<status status="NOT RUN" starttime="20231101 15:29:15.153" endtime="20231101 15:29:15.153"/>
</kw>
<status status="NOT RUN" starttime="20231101 15:29:15.152" endtime="20231101 15:29:15.153"/>
</branch>
<status status="PASS" starttime="20231101 15:29:15.152" endtime="20231101 15:29:15.153"/>
</if>
<status status="PASS" starttime="20231101 15:29:15.017" endtime="20231101 15:29:15.154"/>
</kw>
<status status="PASS" starttime="20231101 15:29:14.549" endtime="20231101 15:29:15.154"/>
</branch>
<status status="PASS" starttime="20231101 15:29:14.548" endtime="20231101 15:29:15.155"/>
</if>
<status status="PASS" starttime="20231101 15:29:14.531" endtime="20231101 15:29:15.155"/>
</kw>
<kw name="Wait Until Network Is Idle" library="Browser">
<tag>HTTP</tag>
<tag>Wait</tag>
<doc>Waits until there has been at least one instance of 500 ms of no network traffic on the page after loading.</doc>
<status status="PASS" starttime="20231101 15:29:15.155" endtime="20231101 15:29:15.168"/>
</kw>
<status status="PASS" starttime="20231101 15:29:12.730" endtime="20231101 15:29:15.169"/>
</kw>
<kw name="Tear Down" library="common" type="TEARDOWN">
<kw name="Close Browser" library="Browser">
<arg>ALL</arg>
<tag>BrowserControl</tag>
<tag>Setter</tag>
<doc>Closes the current browser.</doc>
<msg timestamp="20231101 15:29:16.011" level="INFO">Closed all browsers</msg>
<status status="PASS" starttime="20231101 15:29:15.172" endtime="20231101 15:29:16.012"/>
</kw>
<status status="PASS" starttime="20231101 15:29:15.171" endtime="20231101 15:29:16.012"/>
</kw>
<tag>Search</tag>
<status status="PASS" starttime="20231101 15:28:43.662" endtime="20231101 15:29:16.013"/>
</test>
<status status="PASS" starttime="20231101 15:28:41.545" endtime="20231101 15:29:16.023"/>
</suite>
<statistics>
<total>
<stat pass="1" fail="0" skip="0">All Tests</stat>
</total>
<tag>
<stat pass="1" fail="0" skip="0">Search</stat>
</tag>
<suite>
<stat pass="1" fail="0" skip="0" id="s1" name="Data">Data</stat>
</suite>
</statistics>
<errors>
</errors>
</robot>
