<?xml version="1.0" encoding="UTF-8"?>
<robot generator="Robot 6.1.1 (Python 3.11.4 on win32)" generated="20231128 22:14:53.411" rpa="false" schemaversion="4">
<suite id="s1" name="Post" source="d:\TESTER\Automation\Auto_Web\testcases\post.robot">
<test id="s1-t1" name="PO_11 Check the update of data list after cancel the search action" line="136">
<kw name="Setup" library="common" type="SETUP">
<kw name="Set Browser Timeout" library="Browser">
<arg>${BROWSER_TIMEOUT}</arg>
<tag>Config</tag>
<tag>Setter</tag>
<doc>Sets the timeout used by most input and getter keywords.</doc>
<status status="PASS" starttime="20231128 22:14:55.710" endtime="20231128 22:14:55.711"/>
</kw>
<kw name="New Browser" library="Browser">
<arg>${BROWSER}</arg>
<arg>headless=${HEADLESS}</arg>
<tag>BrowserControl</tag>
<tag>Setter</tag>
<doc>Create a new playwright Browser with specified options.</doc>
<msg timestamp="20231128 22:14:55.713" level="INFO">{"browser": "chromium", "headless": false, "chromiumSandbox": false, "devtools": false, "handleSIGHUP": true, "handleSIGINT": true, "handleSIGTERM": true, "slowMo": 0.0, "timeout": 30000.0, "tracesDir": "D:\\TESTER\\Automation\\browser\\traces\\35665507-df31-4f9a-9877-2ef0e2ee4c4d"}</msg>
<msg timestamp="20231128 22:14:56.993" level="INFO">Successfully created browser with options: {"browser":"chromium","headless":false,"chromiumSandbox":false,"devtools":false,"handleSIGHUP":true,"handleSIGINT":true,"handleSIGTERM":true,"slowMo":0,"timeout":30000,"tracesDir":"D:\\TESTER\\Automation\\browser\\traces\\35665507-df31-4f9a-9877-2ef0e2ee4c4d"}</msg>
<status status="PASS" starttime="20231128 22:14:55.712" endtime="20231128 22:14:56.994"/>
</kw>
<kw name="New Page" library="Browser">
<arg>${URL_DEFAULT}</arg>
<tag>BrowserControl</tag>
<tag>Setter</tag>
<doc>Open a new Page.</doc>
<msg timestamp="20231128 22:15:01.510" level="INFO">Successfully initialized new page object and opened url: http://dev1.geneat.vn:7802/#/vn</msg>
<msg timestamp="20231128 22:15:01.511" level="INFO">No context was open. New context was automatically opened when this page is created.</msg>
<status status="PASS" starttime="20231128 22:14:56.995" endtime="20231128 22:15:01.511"/>
</kw>
<kw name="Evaluate" library="BuiltIn">
<var>${STATE}</var>
<arg>json.loads('''{}''')</arg>
<arg>json</arg>
<doc>Evaluates the given expression in Python and returns the result.</doc>
<msg timestamp="20231128 22:15:01.514" level="INFO">${STATE} = {}</msg>
<status status="PASS" starttime="20231128 22:15:01.512" endtime="20231128 22:15:01.514"/>
</kw>
<status status="PASS" starttime="20231128 22:14:55.708" endtime="20231128 22:15:01.515"/>
</kw>
<kw name="Create a category with &quot;Cate1&quot; name" sourcename="Create a category with &quot;${name}&quot; name">
<kw name="Check Text" library="common">
<var>${name}</var>
<arg>${name}</arg>
<kw name="Get Regexp Matches" library="String">
<var>${containsS}</var>
<arg>${text}</arg>
<arg>_@(.+)@_</arg>
<arg>1</arg>
<doc>Returns a list of all non-overlapping matches in the given string.</doc>
<msg timestamp="20231128 22:15:01.558" level="INFO">${containsS} = []</msg>
<status status="PASS" starttime="20231128 22:15:01.556" endtime="20231128 22:15:01.558"/>
</kw>
<kw name="Get Length" library="BuiltIn">
<var>${cntS}</var>
<arg>${containsS}</arg>
<doc>Returns and logs the length of the given item as an integer.</doc>
<msg timestamp="20231128 22:15:01.560" level="INFO">Length is 0</msg>
<msg timestamp="20231128 22:15:01.561" level="INFO">${cntS} = 0</msg>
<status status="PASS" starttime="20231128 22:15:01.559" endtime="20231128 22:15:01.562"/>
</kw>
<if>
<branch type="IF" condition="${cntS} &gt; 0">
<kw name="Set Variable" library="BuiltIn">
<var>${text}</var>
<arg>${STATE["${containsS[0]}"]}</arg>
<doc>Returns the given values which can then be assigned to a variables.</doc>
<status status="NOT RUN" starttime="20231128 22:15:01.571" endtime="20231128 22:15:01.572"/>
</kw>
<status status="NOT RUN" starttime="20231128 22:15:01.564" endtime="20231128 22:15:01.573"/>
</branch>
<status status="PASS" starttime="20231128 22:15:01.563" endtime="20231128 22:15:01.574"/>
</if>
<msg timestamp="20231128 22:15:01.575" level="INFO">${name} = Cate1</msg>
<status status="PASS" starttime="20231128 22:15:01.550" endtime="20231128 22:15:01.576"/>
</kw>
<kw name="Run Keyword And Return Status" library="BuiltIn">
<var>${condition}</var>
<arg>Confirm locating exactly in "Post" page</arg>
<doc>Runs the given keyword with given arguments and returns the status as a Boolean value.</doc>
<kw name="Confirm locating exactly in &quot;Post&quot; page" library="common" sourcename="Confirm locating exactly in &quot;${name}&quot; page">
<kw name="Get Element Count" library="Browser">
<var>${cnt}</var>
<arg>//header//span[contains(text(),"${name}")]</arg>
<tag>Assertion</tag>
<tag>Getter</tag>
<tag>PageContent</tag>
<doc>Returns the count of elements found with ``selector``.</doc>
<msg timestamp="20231128 22:15:01.699" level="INFO">${cnt} = 0</msg>
<status status="PASS" starttime="20231128 22:15:01.582" endtime="20231128 22:15:01.701"/>
</kw>
<kw name="Should Be True" library="BuiltIn">
<arg>${cnt} &gt; 0</arg>
<doc>Fails if the given condition is not true.</doc>
<msg timestamp="20231128 22:15:01.719" level="FAIL">'0 &gt; 0' should be true.</msg>
<status status="FAIL" starttime="20231128 22:15:01.711" endtime="20231128 22:15:01.721"/>
</kw>
<status status="FAIL" starttime="20231128 22:15:01.580" endtime="20231128 22:15:01.722"/>
</kw>
<msg timestamp="20231128 22:15:01.723" level="INFO">${condition} = False</msg>
<status status="PASS" starttime="20231128 22:15:01.578" endtime="20231128 22:15:01.723"/>
</kw>
<if>
<branch type="IF" condition="'${condition}' == 'True'">
<kw name="Wait Until Element Spin" library="common">
<status status="NOT RUN" starttime="20231128 22:15:01.725" endtime="20231128 22:15:01.726"/>
</kw>
<kw name="Sleep" library="BuiltIn">
<arg>${SHOULD_TIMEOUT}</arg>
<doc>Pauses the test executed for the given time.</doc>
<status status="NOT RUN" starttime="20231128 22:15:01.727" endtime="20231128 22:15:01.728"/>
</kw>
<kw name="Set Variable" library="BuiltIn">
<var>${element}</var>
<arg>//*[contains(@class,'ant-spin-container')]//span[contains(text(),'${name}')]</arg>
<doc>Returns the given values which can then be assigned to a variables.</doc>
<status status="NOT RUN" starttime="20231128 22:15:01.729" endtime="20231128 22:15:01.730"/>
</kw>
<kw name="Get Element Count" library="Browser">
<var>${cnt}</var>
<arg>${element}</arg>
<tag>Assertion</tag>
<tag>Getter</tag>
<tag>PageContent</tag>
<doc>Returns the count of elements found with ``selector``.</doc>
<status status="NOT RUN" starttime="20231128 22:15:01.732" endtime="20231128 22:15:01.733"/>
</kw>
<if>
<branch type="IF" condition="${cnt} &lt; 1">
<kw name="Click &quot;Tạo mới&quot; button" library="common" sourcename="Click &quot;${text}&quot; button">
<status status="NOT RUN" starttime="20231128 22:15:01.738" endtime="20231128 22:15:01.739"/>
</kw>
<kw name="Enter &quot;test name&quot; in &quot;Tiêu đề&quot; with &quot;${name}&quot;" library="common" sourcename="Enter &quot;${type}&quot; in &quot;${name}&quot; with &quot;${text}&quot;">
<status status="NOT RUN" starttime="20231128 22:15:01.739" endtime="20231128 22:15:01.740"/>
</kw>
<kw name="Enter &quot;paragraph&quot; in textarea &quot;Giới thiệu&quot; with &quot;_RANDOM_&quot;" library="common" sourcename="Enter &quot;${type}&quot; in textarea &quot;${name}&quot; with &quot;${text}&quot;">
<status status="NOT RUN" starttime="20231128 22:15:01.741" endtime="20231128 22:15:01.742"/>
</kw>
<kw name="Click &quot;Lưu lại&quot; button" library="common" sourcename="Click &quot;${text}&quot; button">
<status status="NOT RUN" starttime="20231128 22:15:01.742" endtime="20231128 22:15:01.743"/>
</kw>
<kw name="User look message &quot;Thêm mới danh mục bài viết thành công&quot; popup" library="common" sourcename="User look message &quot;${message}&quot; popup">
<status status="NOT RUN" starttime="20231128 22:15:01.744" endtime="20231128 22:15:01.745"/>
</kw>
<status status="NOT RUN" starttime="20231128 22:15:01.734" endtime="20231128 22:15:01.745"/>
</branch>
<branch type="ELSE">
<kw name="Select on the &quot;${name}&quot; item line" library="common" sourcename="Select on the &quot;${text}&quot; item line">
<status status="NOT RUN" starttime="20231128 22:15:01.747" endtime="20231128 22:15:01.748"/>
</kw>
<status status="NOT RUN" starttime="20231128 22:15:01.746" endtime="20231128 22:15:01.748"/>
</branch>
<status status="NOT RUN" starttime="20231128 22:15:01.733" endtime="20231128 22:15:01.749"/>
</if>
<status status="NOT RUN" starttime="20231128 22:15:01.724" endtime="20231128 22:15:01.749"/>
</branch>
<branch type="ELSE">
<kw name="Go to &quot;Post&quot; page">
<kw name="Login to admin" library="common">
<kw name="Enter &quot;email&quot; in &quot;Email&quot; with &quot;admin@gmail.com&quot;" library="common" sourcename="Enter &quot;${type}&quot; in &quot;${name}&quot; with &quot;${text}&quot;">
<kw name="Wait Until Element Spin" library="common">
<kw name="Sleep" library="BuiltIn">
<arg>${SHOULD_TIMEOUT}</arg>
<doc>Pauses the test executed for the given time.</doc>
<msg timestamp="20231128 22:15:01.861" level="INFO">Slept 100 milliseconds</msg>
<status status="PASS" starttime="20231128 22:15:01.759" endtime="20231128 22:15:01.861"/>
</kw>
<kw name="Set Variable" library="BuiltIn">
<var>${element}</var>
<arg>xpath=//*[contains(@class, "ant-spin-spinning")]</arg>
<doc>Returns the given values which can then be assigned to a variables.</doc>
<msg timestamp="20231128 22:15:01.863" level="INFO">${element} = xpath=//*[contains(@class, "ant-spin-spinning")]</msg>
<status status="PASS" starttime="20231128 22:15:01.862" endtime="20231128 22:15:01.863"/>
</kw>
<kw name="Get Element Count" library="Browser">
<var>${count}</var>
<arg>${element}</arg>
<tag>Assertion</tag>
<tag>Getter</tag>
<tag>PageContent</tag>
<doc>Returns the count of elements found with ``selector``.</doc>
<msg timestamp="20231128 22:15:01.881" level="INFO">${count} = 0</msg>
<status status="PASS" starttime="20231128 22:15:01.864" endtime="20231128 22:15:01.882"/>
</kw>
<if>
<branch type="IF" condition="${count} &gt; 0">
<kw name="Wait Until Page Does Not Contain Element" library="common">
<arg>${element}</arg>
<status status="NOT RUN" starttime="20231128 22:15:01.885" endtime="20231128 22:15:01.887"/>
</kw>
<status status="NOT RUN" starttime="20231128 22:15:01.883" endtime="20231128 22:15:01.887"/>
</branch>
<status status="PASS" starttime="20231128 22:15:01.882" endtime="20231128 22:15:01.888"/>
</if>
<status status="PASS" starttime="20231128 22:15:01.757" endtime="20231128 22:15:01.889"/>
</kw>
<kw name="Get Random Text" library="common">
<var>${text}</var>
<arg>${type}</arg>
<arg>${text}</arg>
<kw name="Set Variable" library="BuiltIn">
<var>${symbol}</var>
<arg>_RANDOM_</arg>
<doc>Returns the given values which can then be assigned to a variables.</doc>
<msg timestamp="20231128 22:15:01.896" level="INFO">${symbol} = _RANDOM_</msg>
<status status="PASS" starttime="20231128 22:15:01.895" endtime="20231128 22:15:01.897"/>
</kw>
<kw name="Set Variable" library="BuiltIn">
<var>${new_text}</var>
<doc>Returns the given values which can then be assigned to a variables.</doc>
<msg timestamp="20231128 22:15:01.898" level="INFO">${new_text} = </msg>
<status status="PASS" starttime="20231128 22:15:01.897" endtime="20231128 22:15:01.899"/>
</kw>
<kw name="Get Regexp Matches" library="String">
<var>${containsS}</var>
<arg>${text}</arg>
<arg>_@(.+)@_</arg>
<arg>1</arg>
<doc>Returns a list of all non-overlapping matches in the given string.</doc>
<msg timestamp="20231128 22:15:01.908" level="INFO">${containsS} = []</msg>
<status status="PASS" starttime="20231128 22:15:01.902" endtime="20231128 22:15:01.908"/>
</kw>
<kw name="Get Length" library="BuiltIn">
<var>${cntS}</var>
<arg>${containsS}</arg>
<doc>Returns and logs the length of the given item as an integer.</doc>
<msg timestamp="20231128 22:15:01.912" level="INFO">Length is 0</msg>
<msg timestamp="20231128 22:15:01.913" level="INFO">${cntS} = 0</msg>
<status status="PASS" starttime="20231128 22:15:01.911" endtime="20231128 22:15:01.914"/>
</kw>
<kw name="Get Regexp Matches" library="String">
<var>${contains}</var>
<arg>${text}</arg>
<arg>${symbol}</arg>
<doc>Returns a list of all non-overlapping matches in the given string.</doc>
<msg timestamp="20231128 22:15:01.922" level="INFO">${contains} = []</msg>
<status status="PASS" starttime="20231128 22:15:01.915" endtime="20231128 22:15:01.923"/>
</kw>
<kw name="Get Length" library="BuiltIn">
<var>${cnt}</var>
<arg>${contains}</arg>
<doc>Returns and logs the length of the given item as an integer.</doc>
<msg timestamp="20231128 22:15:01.926" level="INFO">Length is 0</msg>
<msg timestamp="20231128 22:15:01.926" level="INFO">${cnt} = 0</msg>
<status status="PASS" starttime="20231128 22:15:01.925" endtime="20231128 22:15:01.928"/>
</kw>
<if>
<branch type="IF" condition="${cntS} &gt; 0">
<kw name="Set Variable" library="BuiltIn">
<var>${new_text}</var>
<arg>${STATE["${containsS[0]}"]}</arg>
<doc>Returns the given values which can then be assigned to a variables.</doc>
<status status="NOT RUN" starttime="20231128 22:15:01.930" endtime="20231128 22:15:01.931"/>
</kw>
<kw name="Set Variable" library="BuiltIn">
<var>${symbol}</var>
<arg>_@${containsS[0]}@_</arg>
<doc>Returns the given values which can then be assigned to a variables.</doc>
<status status="NOT RUN" starttime="20231128 22:15:01.932" endtime="20231128 22:15:01.932"/>
</kw>
<status status="NOT RUN" starttime="20231128 22:15:01.928" endtime="20231128 22:15:01.933"/>
</branch>
<branch type="ELSE IF" condition="${cnt} &gt; 0 and '${type}' == 'test name'">
<kw name="Sentence" library="FakerLibrary">
<var>${random}</var>
<arg>nb_words=3</arg>
<doc>Generate a sentence.</doc>
<status status="NOT RUN" starttime="20231128 22:15:01.938" endtime="20231128 22:15:01.939"/>
</kw>
<kw name="Split String" library="String">
<var>${words}</var>
<arg>${TEST NAME}</arg>
<arg>${SPACE}</arg>
<doc>Splits the ``string`` using ``separator`` as a delimiter string.</doc>
<status status="NOT RUN" starttime="20231128 22:15:01.940" endtime="20231128 22:15:01.940"/>
</kw>
<kw name="Set Variable" library="BuiltIn">
<var>${new_text}</var>
<arg>${words[0]} ${random}</arg>
<doc>Returns the given values which can then be assigned to a variables.</doc>
<status status="NOT RUN" starttime="20231128 22:15:01.941" endtime="20231128 22:15:01.942"/>
</kw>
<status status="NOT RUN" starttime="20231128 22:15:01.933" endtime="20231128 22:15:01.942"/>
</branch>
<branch type="ELSE IF" condition="${cnt} &gt; 0 and '${type}' == 'number'">
<kw name="Random Int" library="FakerLibrary">
<var>${new_text}</var>
<doc>Generate a random integer between two integers ``min`` and ``max`` inclusive
while observing the provided ``step`` value.</doc>
<status status="NOT RUN" starttime="20231128 22:15:01.944" endtime="20231128 22:15:01.945"/>
</kw>
<kw name="Convert To String" library="BuiltIn">
<var>${new_text}</var>
<arg>${new_text}</arg>
<doc>Converts the given item to a Unicode string.</doc>
<status status="NOT RUN" starttime="20231128 22:15:01.946" endtime="20231128 22:15:01.947"/>
</kw>
<status status="NOT RUN" starttime="20231128 22:15:01.943" endtime="20231128 22:15:01.947"/>
</branch>
<branch type="ELSE IF" condition="${cnt} &gt; 0 and '${type}' == 'percentage'">
<kw name="Random Int" library="FakerLibrary">
<var>${new_text}</var>
<arg>max=100</arg>
<doc>Generate a random integer between two integers ``min`` and ``max`` inclusive
while observing the provided ``step`` value.</doc>
<status status="NOT RUN" starttime="20231128 22:15:01.955" endtime="20231128 22:15:01.956"/>
</kw>
<kw name="Convert To String" library="BuiltIn">
<var>${new_text}</var>
<arg>${new_text}</arg>
<doc>Converts the given item to a Unicode string.</doc>
<status status="NOT RUN" starttime="20231128 22:15:01.957" endtime="20231128 22:15:01.958"/>
</kw>
<status status="NOT RUN" starttime="20231128 22:15:01.949" endtime="20231128 22:15:01.959"/>
</branch>
<branch type="ELSE IF" condition="${cnt} &gt; 0 and '${type}' == 'paragraph'">
<kw name="Paragraph" library="FakerLibrary">
<var>${new_text}</var>
<doc>Generate a paragraph.</doc>
<status status="NOT RUN" starttime="20231128 22:15:01.960" endtime="20231128 22:15:01.961"/>
</kw>
<status status="NOT RUN" starttime="20231128 22:15:01.959" endtime="20231128 22:15:01.961"/>
</branch>
<branch type="ELSE IF" condition="${cnt} &gt; 0 and '${type}' == 'email'">
<kw name="Email" library="FakerLibrary">
<var>${new_text}</var>
<status status="NOT RUN" starttime="20231128 22:15:01.962" endtime="20231128 22:15:01.962"/>
</kw>
<status status="NOT RUN" starttime="20231128 22:15:01.961" endtime="20231128 22:15:01.963"/>
</branch>
<branch type="ELSE IF" condition="${cnt} &gt; 0 and '${type}' == 'phone'">
<kw name="Random Int" library="FakerLibrary">
<var>${new_text}</var>
<arg>min=2000000000</arg>
<arg>max=9999999999</arg>
<doc>Generate a random integer between two integers ``min`` and ``max`` inclusive
while observing the provided ``step`` value.</doc>
<status status="NOT RUN" starttime="20231128 22:15:01.965" endtime="20231128 22:15:01.966"/>
</kw>
<kw name="Convert To String" library="BuiltIn">
<var>${new_text}</var>
<arg>${new_text}</arg>
<doc>Converts the given item to a Unicode string.</doc>
<status status="NOT RUN" starttime="20231128 22:15:01.967" endtime="20231128 22:15:01.970"/>
</kw>
<kw name="Catenate" library="BuiltIn">
<var>${new_text}</var>
<arg>SEPARATOR=</arg>
<arg>0</arg>
<arg>${new_text}</arg>
<doc>Catenates the given items together and returns the resulted string.</doc>
<status status="NOT RUN" starttime="20231128 22:15:01.971" endtime="20231128 22:15:01.972"/>
</kw>
<status status="NOT RUN" starttime="20231128 22:15:01.964" endtime="20231128 22:15:01.972"/>
</branch>
<branch type="ELSE IF" condition="${cnt} &gt; 0 and '${type}' == 'color'">
<kw name="Safe Hex Color" library="FakerLibrary">
<var>${new_text}</var>
<doc>Generate a web-safe color formatted as a hex triplet.</doc>
<status status="NOT RUN" starttime="20231128 22:15:01.974" endtime="20231128 22:15:01.974"/>
</kw>
<status status="NOT RUN" starttime="20231128 22:15:01.973" endtime="20231128 22:15:01.975"/>
</branch>
<branch type="ELSE IF" condition="${cnt} &gt; 0 and &quot;${type}&quot; == 'password'">
<kw name="Password" library="FakerLibrary">
<var>${new_text}</var>
<arg>10</arg>
<arg>True</arg>
<arg>True</arg>
<arg>True</arg>
<arg>True</arg>
<doc>Generate a random password of the specified ``length``.</doc>
<status status="NOT RUN" starttime="20231128 22:15:01.976" endtime="20231128 22:15:01.977"/>
</kw>
<status status="NOT RUN" starttime="20231128 22:15:01.975" endtime="20231128 22:15:01.978"/>
</branch>
<branch type="ELSE IF" condition="${cnt} &gt; 0 and '${type}' == 'date'">
<kw name="Date" library="FakerLibrary">
<var>${new_text}</var>
<arg>pattern=%d-%m-%Y</arg>
<doc>Get a date string between January 1, 1970 and now.</doc>
<status status="NOT RUN" starttime="20231128 22:15:01.979" endtime="20231128 22:15:01.980"/>
</kw>
<status status="NOT RUN" starttime="20231128 22:15:01.978" endtime="20231128 22:15:01.980"/>
</branch>
<branch type="ELSE IF" condition="${cnt} &gt; 0 and '${type}' == 'word'">
<kw name="Sentence" library="FakerLibrary">
<var>${new_text}</var>
<arg>nb_words=2</arg>
<doc>Generate a sentence.</doc>
<status status="NOT RUN" starttime="20231128 22:15:01.981" endtime="20231128 22:15:01.982"/>
</kw>
<status status="NOT RUN" starttime="20231128 22:15:01.980" endtime="20231128 22:15:01.982"/>
</branch>
<branch type="ELSE IF" condition="${cnt} &gt; 0">
<kw name="Sentence" library="FakerLibrary">
<var>${new_text}</var>
<doc>Generate a sentence.</doc>
<status status="NOT RUN" starttime="20231128 22:15:01.986" endtime="20231128 22:15:01.987"/>
</kw>
<status status="NOT RUN" starttime="20231128 22:15:01.983" endtime="20231128 22:15:01.988"/>
</branch>
<status status="PASS" starttime="20231128 22:15:01.928" endtime="20231128 22:15:01.988"/>
</if>
<kw name="Get Length" library="BuiltIn">
<var>${cnt}</var>
<arg>${text}</arg>
<doc>Returns and logs the length of the given item as an integer.</doc>
<msg timestamp="20231128 22:15:01.991" level="INFO">Length is 15</msg>
<msg timestamp="20231128 22:15:01.991" level="INFO">${cnt} = 15</msg>
<status status="PASS" starttime="20231128 22:15:01.989" endtime="20231128 22:15:01.992"/>
</kw>
<if>
<branch type="IF" condition="${cnt} &gt; 0">
<kw name="Replace String" library="String">
<var>${text}</var>
<arg>${text}</arg>
<arg>${symbol}</arg>
<arg>${new_text}</arg>
<doc>Replaces ``search_for`` in the given ``string`` with ``replace_with``.</doc>
<msg timestamp="20231128 22:15:01.995" level="INFO">${text} = admin@gmail.com</msg>
<status status="PASS" starttime="20231128 22:15:01.993" endtime="20231128 22:15:01.995"/>
</kw>
<status status="PASS" starttime="20231128 22:15:01.992" endtime="20231128 22:15:01.995"/>
</branch>
<status status="PASS" starttime="20231128 22:15:01.992" endtime="20231128 22:15:01.996"/>
</if>
<msg timestamp="20231128 22:15:01.997" level="INFO">${text} = admin@gmail.com</msg>
<status status="PASS" starttime="20231128 22:15:01.890" endtime="20231128 22:15:01.997"/>
</kw>
<kw name="Get Element Form Item By Name" library="common">
<var>${element}</var>
<arg>${name}</arg>
<arg>//*[contains(@class, "ant-input")]</arg>
<msg timestamp="20231128 22:15:02.000" level="INFO">${element} = xpath=//*[contains(@class, "ant-form-item-label")]/label[text()="Email"]/../../*[contains(@class, "ant-form-item")]//*[contains(@class, "ant-input")]</msg>
<status status="PASS" starttime="20231128 22:15:01.998" endtime="20231128 22:15:02.000"/>
</kw>
<kw name="Click" library="Browser">
<arg>${element}</arg>
<tag>PageContent</tag>
<tag>Setter</tag>
<doc>Simulates mouse click on the element found by ``selector``.</doc>
<status status="PASS" starttime="20231128 22:15:02.004" endtime="20231128 22:15:02.270"/>
</kw>
<kw name="Clear Text" library="Browser">
<arg>${element}</arg>
<tag>PageContent</tag>
<tag>Setter</tag>
<doc>Clears the text field found by ``selector``.</doc>
<status status="PASS" starttime="20231128 22:15:02.271" endtime="20231128 22:15:02.324"/>
</kw>
<kw name="Fill Text" library="Browser">
<arg>${element}</arg>
<arg>${text}</arg>
<arg>True</arg>
<tag>PageContent</tag>
<tag>Setter</tag>
<doc>Clears and fills the given ``txt`` into the text field found by ``selector``.</doc>
<msg timestamp="20231128 22:15:02.327" level="INFO">Fills the text 'admin@gmail.com' in the given field.</msg>
<status status="PASS" starttime="20231128 22:15:02.325" endtime="20231128 22:15:02.430"/>
</kw>
<kw name="Get Text" library="Browser">
<var>${condition}</var>
<arg>${element}</arg>
<tag>Assertion</tag>
<tag>Getter</tag>
<tag>PageContent</tag>
<doc>Returns text attribute of the element found by ``selector``.</doc>
<msg timestamp="20231128 22:15:02.521" level="INFO">Text: 'admin@gmail.com'</msg>
<msg timestamp="20231128 22:15:02.522" level="INFO">${condition} = admin@gmail.com</msg>
<status status="PASS" starttime="20231128 22:15:02.431" endtime="20231128 22:15:02.523"/>
</kw>
<while condition="'${condition}' != '${text}'" limit="10">
<iter>
<kw name="Fill Text" library="Browser">
<arg>${element}</arg>
<arg>${text}</arg>
<tag>PageContent</tag>
<tag>Setter</tag>
<doc>Clears and fills the given ``txt`` into the text field found by ``selector``.</doc>
<status status="NOT RUN" starttime="20231128 22:15:02.525" endtime="20231128 22:15:02.526"/>
</kw>
<kw name="Get Text" library="Browser">
<var>${condition}</var>
<arg>${element}</arg>
<tag>Assertion</tag>
<tag>Getter</tag>
<tag>PageContent</tag>
<doc>Returns text attribute of the element found by ``selector``.</doc>
<status status="NOT RUN" starttime="20231128 22:15:02.527" endtime="20231128 22:15:02.528"/>
</kw>
<status status="NOT RUN" starttime="20231128 22:15:02.523" endtime="20231128 22:15:02.528"/>
</iter>
<status status="NOT RUN" starttime="20231128 22:15:02.523" endtime="20231128 22:15:02.529"/>
</while>
<kw name="Scroll To Element" library="Browser">
<arg>${element}</arg>
<tag>PageContent</tag>
<tag>Setter</tag>
<doc>This method waits for actionability checks, then tries to scroll element into view,
unless it is completely visible.</doc>
<status status="PASS" starttime="20231128 22:15:02.530" endtime="20231128 22:15:02.631"/>
</kw>
<kw name="Get Length" library="BuiltIn">
<var>${cnt}</var>
<arg>${text}</arg>
<doc>Returns and logs the length of the given item as an integer.</doc>
<msg timestamp="20231128 22:15:02.632" level="INFO">Length is 15</msg>
<msg timestamp="20231128 22:15:02.633" level="INFO">${cnt} = 15</msg>
<status status="PASS" starttime="20231128 22:15:02.631" endtime="20231128 22:15:02.633"/>
</kw>
<if>
<branch type="IF" condition="${cnt} &gt; 0">
<kw name="Set Global Variable" library="BuiltIn">
<arg>\${STATE["${name}"]}</arg>
<arg>${text}</arg>
<doc>Makes a variable available globally in all tests and suites.</doc>
<msg timestamp="20231128 22:15:02.639" level="INFO">${STATE["Email"]} = admin@gmail.com</msg>
<status status="PASS" starttime="20231128 22:15:02.637" endtime="20231128 22:15:02.639"/>
</kw>
<status status="PASS" starttime="20231128 22:15:02.636" endtime="20231128 22:15:02.639"/>
</branch>
<status status="PASS" starttime="20231128 22:15:02.635" endtime="20231128 22:15:02.640"/>
</if>
<status status="PASS" starttime="20231128 22:15:01.755" endtime="20231128 22:15:02.640"/>
</kw>
<kw name="Enter &quot;password&quot; in &quot;Mật khẩu&quot; with &quot;123123&quot;" library="common" sourcename="Enter &quot;${type}&quot; in &quot;${name}&quot; with &quot;${text}&quot;">
<kw name="Wait Until Element Spin" library="common">
<kw name="Sleep" library="BuiltIn">
<arg>${SHOULD_TIMEOUT}</arg>
<doc>Pauses the test executed for the given time.</doc>
<msg timestamp="20231128 22:15:02.745" level="INFO">Slept 100 milliseconds</msg>
<status status="PASS" starttime="20231128 22:15:02.643" endtime="20231128 22:15:02.745"/>
</kw>
<kw name="Set Variable" library="BuiltIn">
<var>${element}</var>
<arg>xpath=//*[contains(@class, "ant-spin-spinning")]</arg>
<doc>Returns the given values which can then be assigned to a variables.</doc>
<msg timestamp="20231128 22:15:02.747" level="INFO">${element} = xpath=//*[contains(@class, "ant-spin-spinning")]</msg>
<status status="PASS" starttime="20231128 22:15:02.746" endtime="20231128 22:15:02.747"/>
</kw>
<kw name="Get Element Count" library="Browser">
<var>${count}</var>
<arg>${element}</arg>
<tag>Assertion</tag>
<tag>Getter</tag>
<tag>PageContent</tag>
<doc>Returns the count of elements found with ``selector``.</doc>
<msg timestamp="20231128 22:15:02.759" level="INFO">${count} = 0</msg>
<status status="PASS" starttime="20231128 22:15:02.748" endtime="20231128 22:15:02.760"/>
</kw>
<if>
<branch type="IF" condition="${count} &gt; 0">
<kw name="Wait Until Page Does Not Contain Element" library="common">
<arg>${element}</arg>
<status status="NOT RUN" starttime="20231128 22:15:02.762" endtime="20231128 22:15:02.762"/>
</kw>
<status status="NOT RUN" starttime="20231128 22:15:02.761" endtime="20231128 22:15:02.763"/>
</branch>
<status status="PASS" starttime="20231128 22:15:02.760" endtime="20231128 22:15:02.764"/>
</if>
<status status="PASS" starttime="20231128 22:15:02.642" endtime="20231128 22:15:02.764"/>
</kw>
<kw name="Get Random Text" library="common">
<var>${text}</var>
<arg>${type}</arg>
<arg>${text}</arg>
<kw name="Set Variable" library="BuiltIn">
<var>${symbol}</var>
<arg>_RANDOM_</arg>
<doc>Returns the given values which can then be assigned to a variables.</doc>
<msg timestamp="20231128 22:15:02.768" level="INFO">${symbol} = _RANDOM_</msg>
<status status="PASS" starttime="20231128 22:15:02.766" endtime="20231128 22:15:02.769"/>
</kw>
<kw name="Set Variable" library="BuiltIn">
<var>${new_text}</var>
<doc>Returns the given values which can then be assigned to a variables.</doc>
<msg timestamp="20231128 22:15:02.772" level="INFO">${new_text} = </msg>
<status status="PASS" starttime="20231128 22:15:02.771" endtime="20231128 22:15:02.772"/>
</kw>
<kw name="Get Regexp Matches" library="String">
<var>${containsS}</var>
<arg>${text}</arg>
<arg>_@(.+)@_</arg>
<arg>1</arg>
<doc>Returns a list of all non-overlapping matches in the given string.</doc>
<msg timestamp="20231128 22:15:02.774" level="INFO">${containsS} = []</msg>
<status status="PASS" starttime="20231128 22:15:02.773" endtime="20231128 22:15:02.775"/>
</kw>
<kw name="Get Length" library="BuiltIn">
<var>${cntS}</var>
<arg>${containsS}</arg>
<doc>Returns and logs the length of the given item as an integer.</doc>
<msg timestamp="20231128 22:15:02.779" level="INFO">Length is 0</msg>
<msg timestamp="20231128 22:15:02.780" level="INFO">${cntS} = 0</msg>
<status status="PASS" starttime="20231128 22:15:02.778" endtime="20231128 22:15:02.781"/>
</kw>
<kw name="Get Regexp Matches" library="String">
<var>${contains}</var>
<arg>${text}</arg>
<arg>${symbol}</arg>
<doc>Returns a list of all non-overlapping matches in the given string.</doc>
<msg timestamp="20231128 22:15:02.788" level="INFO">${contains} = []</msg>
<status status="PASS" starttime="20231128 22:15:02.786" endtime="20231128 22:15:02.788"/>
</kw>
<kw name="Get Length" library="BuiltIn">
<var>${cnt}</var>
<arg>${contains}</arg>
<doc>Returns and logs the length of the given item as an integer.</doc>
<msg timestamp="20231128 22:15:02.790" level="INFO">Length is 0</msg>
<msg timestamp="20231128 22:15:02.791" level="INFO">${cnt} = 0</msg>
<status status="PASS" starttime="20231128 22:15:02.790" endtime="20231128 22:15:02.791"/>
</kw>
<if>
<branch type="IF" condition="${cntS} &gt; 0">
<kw name="Set Variable" library="BuiltIn">
<var>${new_text}</var>
<arg>${STATE["${containsS[0]}"]}</arg>
<doc>Returns the given values which can then be assigned to a variables.</doc>
<status status="NOT RUN" starttime="20231128 22:15:02.794" endtime="20231128 22:15:02.794"/>
</kw>
<kw name="Set Variable" library="BuiltIn">
<var>${symbol}</var>
<arg>_@${containsS[0]}@_</arg>
<doc>Returns the given values which can then be assigned to a variables.</doc>
<status status="NOT RUN" starttime="20231128 22:15:02.795" endtime="20231128 22:15:02.796"/>
</kw>
<status status="NOT RUN" starttime="20231128 22:15:02.793" endtime="20231128 22:15:02.796"/>
</branch>
<branch type="ELSE IF" condition="${cnt} &gt; 0 and '${type}' == 'test name'">
<kw name="Sentence" library="FakerLibrary">
<var>${random}</var>
<arg>nb_words=3</arg>
<doc>Generate a sentence.</doc>
<status status="NOT RUN" starttime="20231128 22:15:02.798" endtime="20231128 22:15:02.799"/>
</kw>
<kw name="Split String" library="String">
<var>${words}</var>
<arg>${TEST NAME}</arg>
<arg>${SPACE}</arg>
<doc>Splits the ``string`` using ``separator`` as a delimiter string.</doc>
<status status="NOT RUN" starttime="20231128 22:15:02.799" endtime="20231128 22:15:02.800"/>
</kw>
<kw name="Set Variable" library="BuiltIn">
<var>${new_text}</var>
<arg>${words[0]} ${random}</arg>
<doc>Returns the given values which can then be assigned to a variables.</doc>
<status status="NOT RUN" starttime="20231128 22:15:02.803" endtime="20231128 22:15:02.804"/>
</kw>
<status status="NOT RUN" starttime="20231128 22:15:02.797" endtime="20231128 22:15:02.805"/>
</branch>
<branch type="ELSE IF" condition="${cnt} &gt; 0 and '${type}' == 'number'">
<kw name="Random Int" library="FakerLibrary">
<var>${new_text}</var>
<doc>Generate a random integer between two integers ``min`` and ``max`` inclusive
while observing the provided ``step`` value.</doc>
<status status="NOT RUN" starttime="20231128 22:15:02.807" endtime="20231128 22:15:02.808"/>
</kw>
<kw name="Convert To String" library="BuiltIn">
<var>${new_text}</var>
<arg>${new_text}</arg>
<doc>Converts the given item to a Unicode string.</doc>
<status status="NOT RUN" starttime="20231128 22:15:02.809" endtime="20231128 22:15:02.810"/>
</kw>
<status status="NOT RUN" starttime="20231128 22:15:02.806" endtime="20231128 22:15:02.810"/>
</branch>
<branch type="ELSE IF" condition="${cnt} &gt; 0 and '${type}' == 'percentage'">
<kw name="Random Int" library="FakerLibrary">
<var>${new_text}</var>
<arg>max=100</arg>
<doc>Generate a random integer between two integers ``min`` and ``max`` inclusive
while observing the provided ``step`` value.</doc>
<status status="NOT RUN" starttime="20231128 22:15:02.813" endtime="20231128 22:15:02.814"/>
</kw>
<kw name="Convert To String" library="BuiltIn">
<var>${new_text}</var>
<arg>${new_text}</arg>
<doc>Converts the given item to a Unicode string.</doc>
<status status="NOT RUN" starttime="20231128 22:15:02.816" endtime="20231128 22:15:02.817"/>
</kw>
<status status="NOT RUN" starttime="20231128 22:15:02.811" endtime="20231128 22:15:02.820"/>
</branch>
<branch type="ELSE IF" condition="${cnt} &gt; 0 and '${type}' == 'paragraph'">
<kw name="Paragraph" library="FakerLibrary">
<var>${new_text}</var>
<doc>Generate a paragraph.</doc>
<status status="NOT RUN" starttime="20231128 22:15:02.822" endtime="20231128 22:15:02.823"/>
</kw>
<status status="NOT RUN" starttime="20231128 22:15:02.821" endtime="20231128 22:15:02.824"/>
</branch>
<branch type="ELSE IF" condition="${cnt} &gt; 0 and '${type}' == 'email'">
<kw name="Email" library="FakerLibrary">
<var>${new_text}</var>
<status status="NOT RUN" starttime="20231128 22:15:02.826" endtime="20231128 22:15:02.826"/>
</kw>
<status status="NOT RUN" starttime="20231128 22:15:02.825" endtime="20231128 22:15:02.827"/>
</branch>
<branch type="ELSE IF" condition="${cnt} &gt; 0 and '${type}' == 'phone'">
<kw name="Random Int" library="FakerLibrary">
<var>${new_text}</var>
<arg>min=2000000000</arg>
<arg>max=9999999999</arg>
<doc>Generate a random integer between two integers ``min`` and ``max`` inclusive
while observing the provided ``step`` value.</doc>
<status status="NOT RUN" starttime="20231128 22:15:02.829" endtime="20231128 22:15:02.830"/>
</kw>
<kw name="Convert To String" library="BuiltIn">
<var>${new_text}</var>
<arg>${new_text}</arg>
<doc>Converts the given item to a Unicode string.</doc>
<status status="NOT RUN" starttime="20231128 22:15:02.831" endtime="20231128 22:15:02.832"/>
</kw>
<kw name="Catenate" library="BuiltIn">
<var>${new_text}</var>
<arg>SEPARATOR=</arg>
<arg>0</arg>
<arg>${new_text}</arg>
<doc>Catenates the given items together and returns the resulted string.</doc>
<status status="NOT RUN" starttime="20231128 22:15:02.832" endtime="20231128 22:15:02.833"/>
</kw>
<status status="NOT RUN" starttime="20231128 22:15:02.828" endtime="20231128 22:15:02.834"/>
</branch>
<branch type="ELSE IF" condition="${cnt} &gt; 0 and '${type}' == 'color'">
<kw name="Safe Hex Color" library="FakerLibrary">
<var>${new_text}</var>
<doc>Generate a web-safe color formatted as a hex triplet.</doc>
<status status="NOT RUN" starttime="20231128 22:15:02.839" endtime="20231128 22:15:02.839"/>
</kw>
<status status="NOT RUN" starttime="20231128 22:15:02.837" endtime="20231128 22:15:02.840"/>
</branch>
<branch type="ELSE IF" condition="${cnt} &gt; 0 and &quot;${type}&quot; == 'password'">
<kw name="Password" library="FakerLibrary">
<var>${new_text}</var>
<arg>10</arg>
<arg>True</arg>
<arg>True</arg>
<arg>True</arg>
<arg>True</arg>
<doc>Generate a random password of the specified ``length``.</doc>
<status status="NOT RUN" starttime="20231128 22:15:02.842" endtime="20231128 22:15:02.843"/>
</kw>
<status status="NOT RUN" starttime="20231128 22:15:02.841" endtime="20231128 22:15:02.844"/>
</branch>
<branch type="ELSE IF" condition="${cnt} &gt; 0 and '${type}' == 'date'">
<kw name="Date" library="FakerLibrary">
<var>${new_text}</var>
<arg>pattern=%d-%m-%Y</arg>
<doc>Get a date string between January 1, 1970 and now.</doc>
<status status="NOT RUN" starttime="20231128 22:15:02.846" endtime="20231128 22:15:02.847"/>
</kw>
<status status="NOT RUN" starttime="20231128 22:15:02.845" endtime="20231128 22:15:02.848"/>
</branch>
<branch type="ELSE IF" condition="${cnt} &gt; 0 and '${type}' == 'word'">
<kw name="Sentence" library="FakerLibrary">
<var>${new_text}</var>
<arg>nb_words=2</arg>
<doc>Generate a sentence.</doc>
<status status="NOT RUN" starttime="20231128 22:15:02.849" endtime="20231128 22:15:02.850"/>
</kw>
<status status="NOT RUN" starttime="20231128 22:15:02.848" endtime="20231128 22:15:02.853"/>
</branch>
<branch type="ELSE IF" condition="${cnt} &gt; 0">
<kw name="Sentence" library="FakerLibrary">
<var>${new_text}</var>
<doc>Generate a sentence.</doc>
<status status="NOT RUN" starttime="20231128 22:15:02.855" endtime="20231128 22:15:02.856"/>
</kw>
<status status="NOT RUN" starttime="20231128 22:15:02.854" endtime="20231128 22:15:02.856"/>
</branch>
<status status="PASS" starttime="20231128 22:15:02.792" endtime="20231128 22:15:02.857"/>
</if>
<kw name="Get Length" library="BuiltIn">
<var>${cnt}</var>
<arg>${text}</arg>
<doc>Returns and logs the length of the given item as an integer.</doc>
<msg timestamp="20231128 22:15:02.858" level="INFO">Length is 6</msg>
<msg timestamp="20231128 22:15:02.858" level="INFO">${cnt} = 6</msg>
<status status="PASS" starttime="20231128 22:15:02.857" endtime="20231128 22:15:02.859"/>
</kw>
<if>
<branch type="IF" condition="${cnt} &gt; 0">
<kw name="Replace String" library="String">
<var>${text}</var>
<arg>${text}</arg>
<arg>${symbol}</arg>
<arg>${new_text}</arg>
<doc>Replaces ``search_for`` in the given ``string`` with ``replace_with``.</doc>
<msg timestamp="20231128 22:15:02.862" level="INFO">${text} = 123123</msg>
<status status="PASS" starttime="20231128 22:15:02.861" endtime="20231128 22:15:02.862"/>
</kw>
<status status="PASS" starttime="20231128 22:15:02.860" endtime="20231128 22:15:02.863"/>
</branch>
<status status="PASS" starttime="20231128 22:15:02.859" endtime="20231128 22:15:02.864"/>
</if>
<msg timestamp="20231128 22:15:02.864" level="INFO">${text} = 123123</msg>
<status status="PASS" starttime="20231128 22:15:02.765" endtime="20231128 22:15:02.865"/>
</kw>
<kw name="Get Element Form Item By Name" library="common">
<var>${element}</var>
<arg>${name}</arg>
<arg>//*[contains(@class, "ant-input")]</arg>
<msg timestamp="20231128 22:15:02.866" level="INFO">${element} = xpath=//*[contains(@class, "ant-form-item-label")]/label[text()="Mật khẩu"]/../../*[contains(@class, "ant-form-item")]//*[contains(@class, "ant-input")]</msg>
<status status="PASS" starttime="20231128 22:15:02.865" endtime="20231128 22:15:02.866"/>
</kw>
<kw name="Click" library="Browser">
<arg>${element}</arg>
<tag>PageContent</tag>
<tag>Setter</tag>
<doc>Simulates mouse click on the element found by ``selector``.</doc>
<status status="PASS" starttime="20231128 22:15:02.866" endtime="20231128 22:15:02.976"/>
</kw>
<kw name="Clear Text" library="Browser">
<arg>${element}</arg>
<tag>PageContent</tag>
<tag>Setter</tag>
<doc>Clears the text field found by ``selector``.</doc>
<status status="PASS" starttime="20231128 22:15:02.977" endtime="20231128 22:15:03.021"/>
</kw>
<kw name="Fill Text" library="Browser">
<arg>${element}</arg>
<arg>${text}</arg>
<arg>True</arg>
<tag>PageContent</tag>
<tag>Setter</tag>
<doc>Clears and fills the given ``txt`` into the text field found by ``selector``.</doc>
<msg timestamp="20231128 22:15:03.024" level="INFO">Fills the text '123123' in the given field.</msg>
<status status="PASS" starttime="20231128 22:15:03.022" endtime="20231128 22:15:03.068"/>
</kw>
<kw name="Get Text" library="Browser">
<var>${condition}</var>
<arg>${element}</arg>
<tag>Assertion</tag>
<tag>Getter</tag>
<tag>PageContent</tag>
<doc>Returns text attribute of the element found by ``selector``.</doc>
<msg timestamp="20231128 22:15:03.180" level="INFO">Text: '123123'</msg>
<msg timestamp="20231128 22:15:03.180" level="INFO">${condition} = 123123</msg>
<status status="PASS" starttime="20231128 22:15:03.070" endtime="20231128 22:15:03.181"/>
</kw>
<while condition="'${condition}' != '${text}'" limit="10">
<iter>
<kw name="Fill Text" library="Browser">
<arg>${element}</arg>
<arg>${text}</arg>
<tag>PageContent</tag>
<tag>Setter</tag>
<doc>Clears and fills the given ``txt`` into the text field found by ``selector``.</doc>
<status status="NOT RUN" starttime="20231128 22:15:03.183" endtime="20231128 22:15:03.184"/>
</kw>
<kw name="Get Text" library="Browser">
<var>${condition}</var>
<arg>${element}</arg>
<tag>Assertion</tag>
<tag>Getter</tag>
<tag>PageContent</tag>
<doc>Returns text attribute of the element found by ``selector``.</doc>
<status status="NOT RUN" starttime="20231128 22:15:03.184" endtime="20231128 22:15:03.187"/>
</kw>
<status status="NOT RUN" starttime="20231128 22:15:03.181" endtime="20231128 22:15:03.187"/>
</iter>
<status status="NOT RUN" starttime="20231128 22:15:03.181" endtime="20231128 22:15:03.188"/>
</while>
<kw name="Scroll To Element" library="Browser">
<arg>${element}</arg>
<tag>PageContent</tag>
<tag>Setter</tag>
<doc>This method waits for actionability checks, then tries to scroll element into view,
unless it is completely visible.</doc>
<status status="PASS" starttime="20231128 22:15:03.189" endtime="20231128 22:15:03.279"/>
</kw>
<kw name="Get Length" library="BuiltIn">
<var>${cnt}</var>
<arg>${text}</arg>
<doc>Returns and logs the length of the given item as an integer.</doc>
<msg timestamp="20231128 22:15:03.280" level="INFO">Length is 6</msg>
<msg timestamp="20231128 22:15:03.280" level="INFO">${cnt} = 6</msg>
<status status="PASS" starttime="20231128 22:15:03.280" endtime="20231128 22:15:03.280"/>
</kw>
<if>
<branch type="IF" condition="${cnt} &gt; 0">
<kw name="Set Global Variable" library="BuiltIn">
<arg>\${STATE["${name}"]}</arg>
<arg>${text}</arg>
<doc>Makes a variable available globally in all tests and suites.</doc>
<msg timestamp="20231128 22:15:03.282" level="INFO">${STATE["Mật khẩu"]} = 123123</msg>
<status status="PASS" starttime="20231128 22:15:03.281" endtime="20231128 22:15:03.282"/>
</kw>
<status status="PASS" starttime="20231128 22:15:03.281" endtime="20231128 22:15:03.283"/>
</branch>
<status status="PASS" starttime="20231128 22:15:03.281" endtime="20231128 22:15:03.283"/>
</if>
<status status="PASS" starttime="20231128 22:15:02.641" endtime="20231128 22:15:03.283"/>
</kw>
<kw name="Click &quot;Đăng nhập&quot; button" library="common" sourcename="Click &quot;${text}&quot; button">
<kw name="Sleep" library="BuiltIn">
<arg>${SHOULD_TIMEOUT}</arg>
<doc>Pauses the test executed for the given time.</doc>
<msg timestamp="20231128 22:15:03.386" level="INFO">Slept 100 milliseconds</msg>
<status status="PASS" starttime="20231128 22:15:03.285" endtime="20231128 22:15:03.386"/>
</kw>
<kw name="Get Element Count" library="Browser">
<var>${cnt}</var>
<arg>//button[@title = "${text}"]</arg>
<tag>Assertion</tag>
<tag>Getter</tag>
<tag>PageContent</tag>
<doc>Returns the count of elements found with ``selector``.</doc>
<msg timestamp="20231128 22:15:03.397" level="INFO">${cnt} = 1</msg>
<status status="PASS" starttime="20231128 22:15:03.387" endtime="20231128 22:15:03.397"/>
</kw>
<if>
<branch type="IF" condition="${cnt} &gt; 0">
<kw name="Click" library="Browser">
<arg>xpath=//button[@title = "${text}"]</arg>
<tag>PageContent</tag>
<tag>Setter</tag>
<doc>Simulates mouse click on the element found by ``selector``.</doc>
<status status="PASS" starttime="20231128 22:15:03.398" endtime="20231128 22:15:03.483"/>
</kw>
<kw name="Click Confirm To Action" library="common">
<kw name="Set Variable" library="BuiltIn">
<var>${element}</var>
<arg>xpath=//*[contains(@class, "ant-popover")]//*[contains(@class, "ant-btn-primary")]</arg>
<doc>Returns the given values which can then be assigned to a variables.</doc>
<msg timestamp="20231128 22:15:03.487" level="INFO">${element} = xpath=//*[contains(@class, "ant-popover")]//*[contains(@class, "ant-btn-primary")]</msg>
<status status="PASS" starttime="20231128 22:15:03.486" endtime="20231128 22:15:03.488"/>
</kw>
<kw name="Get Element Count" library="Browser">
<var>${count}</var>
<arg>${element}</arg>
<tag>Assertion</tag>
<tag>Getter</tag>
<tag>PageContent</tag>
<doc>Returns the count of elements found with ``selector``.</doc>
<msg timestamp="20231128 22:15:03.504" level="INFO">${count} = 0</msg>
<status status="PASS" starttime="20231128 22:15:03.489" endtime="20231128 22:15:03.504"/>
</kw>
<if>
<branch type="IF" condition="${count} &gt; 0">
<kw name="Click" library="Browser">
<arg>${element}</arg>
<tag>PageContent</tag>
<tag>Setter</tag>
<doc>Simulates mouse click on the element found by ``selector``.</doc>
<status status="NOT RUN" starttime="20231128 22:15:03.506" endtime="20231128 22:15:03.507"/>
</kw>
<kw name="Sleep" library="BuiltIn">
<arg>${SHOULD_TIMEOUT}</arg>
<doc>Pauses the test executed for the given time.</doc>
<status status="NOT RUN" starttime="20231128 22:15:03.508" endtime="20231128 22:15:03.509"/>
</kw>
<kw name="Wait Until Element Spin" library="common">
<status status="NOT RUN" starttime="20231128 22:15:03.510" endtime="20231128 22:15:03.510"/>
</kw>
<status status="NOT RUN" starttime="20231128 22:15:03.505" endtime="20231128 22:15:03.511"/>
</branch>
<status status="PASS" starttime="20231128 22:15:03.505" endtime="20231128 22:15:03.512"/>
</if>
<status status="PASS" starttime="20231128 22:15:03.483" endtime="20231128 22:15:03.512"/>
</kw>
<kw name="Scroll By" library="Browser">
<arg>${None}</arg>
<tag>PageContent</tag>
<tag>Setter</tag>
<doc>Scrolls an element or the page relative from current position by the given values.</doc>
<msg timestamp="20231128 22:15:03.544" level="INFO">JavaScript executed successfully.</msg>
<msg timestamp="20231128 22:15:03.544" level="INFO">JavaScript executed successfully.</msg>
<msg timestamp="20231128 22:15:03.569" level="INFO">JavaScript executed successfully.</msg>
<msg timestamp="20231128 22:15:03.569" level="INFO">JavaScript executed successfully.</msg>
<msg timestamp="20231128 22:15:03.579" level="INFO">JavaScript executed successfully.</msg>
<status status="PASS" starttime="20231128 22:15:03.513" endtime="20231128 22:15:03.580"/>
</kw>
<status status="PASS" starttime="20231128 22:15:03.397" endtime="20231128 22:15:03.580"/>
</branch>
<branch type="ELSE">
<kw name="Click" library="Browser">
<arg>//span[contains(text(),"${text}")]</arg>
<tag>PageContent</tag>
<tag>Setter</tag>
<doc>Simulates mouse click on the element found by ``selector``.</doc>
<status status="NOT RUN" starttime="20231128 22:15:03.582" endtime="20231128 22:15:03.582"/>
</kw>
<kw name="Click Confirm To Action" library="common">
<status status="NOT RUN" starttime="20231128 22:15:03.583" endtime="20231128 22:15:03.583"/>
</kw>
<kw name="Scroll By" library="Browser">
<arg>${None}</arg>
<tag>PageContent</tag>
<tag>Setter</tag>
<doc>Scrolls an element or the page relative from current position by the given values.</doc>
<status status="NOT RUN" starttime="20231128 22:15:03.584" endtime="20231128 22:15:03.586"/>
</kw>
<status status="NOT RUN" starttime="20231128 22:15:03.581" endtime="20231128 22:15:03.587"/>
</branch>
<status status="PASS" starttime="20231128 22:15:03.397" endtime="20231128 22:15:03.587"/>
</if>
<status status="PASS" starttime="20231128 22:15:03.284" endtime="20231128 22:15:03.587"/>
</kw>
<kw name="User look message &quot;Success&quot; popup" library="common" sourcename="User look message &quot;${message}&quot; popup">
<kw name="Get Regexp Matches" library="String">
<var>${contains}</var>
<arg>${message}</arg>
<arg>_@(.+)@_</arg>
<arg>1</arg>
<doc>Returns a list of all non-overlapping matches in the given string.</doc>
<msg timestamp="20231128 22:15:03.590" level="INFO">${contains} = []</msg>
<status status="PASS" starttime="20231128 22:15:03.589" endtime="20231128 22:15:03.591"/>
</kw>
<kw name="Get Length" library="BuiltIn">
<var>${cnt}</var>
<arg>${contains}</arg>
<doc>Returns and logs the length of the given item as an integer.</doc>
<msg timestamp="20231128 22:15:03.592" level="INFO">Length is 0</msg>
<msg timestamp="20231128 22:15:03.593" level="INFO">${cnt} = 0</msg>
<status status="PASS" starttime="20231128 22:15:03.591" endtime="20231128 22:15:03.593"/>
</kw>
<if>
<branch type="IF" condition="${cnt} &gt; 0">
<kw name="Replace String" library="String">
<var>${message}</var>
<arg>${message}</arg>
<arg>_@${contains[0]}@_</arg>
<arg>${STATE["${contains[0]}"]}</arg>
<doc>Replaces ``search_for`` in the given ``string`` with ``replace_with``.</doc>
<status status="NOT RUN" starttime="20231128 22:15:03.595" endtime="20231128 22:15:03.596"/>
</kw>
<status status="NOT RUN" starttime="20231128 22:15:03.594" endtime="20231128 22:15:03.596"/>
</branch>
<status status="PASS" starttime="20231128 22:15:03.593" endtime="20231128 22:15:03.597"/>
</if>
<kw name="Wait Until Keyword Succeeds" library="BuiltIn">
<arg>${SHOULD_TIMEOUT}</arg>
<arg>${TIME_TRY}</arg>
<arg>Element Text Should Be</arg>
<arg>id=swal2-html-container</arg>
<arg>${message}</arg>
<doc>Runs the specified keyword and retries if it fails.</doc>
<kw name="Element Text Should Be" library="common">
<arg>id=swal2-html-container</arg>
<arg>${message}</arg>
<kw name="Get Text" library="Browser">
<arg>${locator}</arg>
<arg>equal</arg>
<arg>${expected}</arg>
<arg>${message}</arg>
<tag>Assertion</tag>
<tag>Getter</tag>
<tag>PageContent</tag>
<doc>Returns text attribute of the element found by ``selector``.</doc>
<msg timestamp="20231128 22:15:04.010" level="INFO">Text: 'Success'</msg>
<status status="PASS" starttime="20231128 22:15:03.605" endtime="20231128 22:15:04.010"/>
</kw>
<status status="PASS" starttime="20231128 22:15:03.599" endtime="20231128 22:15:04.011"/>
</kw>
<status status="PASS" starttime="20231128 22:15:03.598" endtime="20231128 22:15:04.011"/>
</kw>
<kw name="Set Variable" library="BuiltIn">
<var>${element}</var>
<arg>xpath=//*[contains(@class, "swal2-confirm")]</arg>
<doc>Returns the given values which can then be assigned to a variables.</doc>
<msg timestamp="20231128 22:15:04.012" level="INFO">${element} = xpath=//*[contains(@class, "swal2-confirm")]</msg>
<status status="PASS" starttime="20231128 22:15:04.012" endtime="20231128 22:15:04.012"/>
</kw>
<kw name="Run Keyword And Return Status" library="BuiltIn">
<var>${passed}</var>
<arg>Element Should Be Visible</arg>
<arg>${element}</arg>
<doc>Runs the given keyword with given arguments and returns the status as a Boolean value.</doc>
<kw name="Element Should Be Visible" library="common">
<arg>${element}</arg>
<kw name="Wait For Elements State" library="Browser">
<arg>${locator}</arg>
<arg>visible</arg>
<arg>${timeout}</arg>
<arg>${message}</arg>
<tag>PageContent</tag>
<tag>Wait</tag>
<doc>Waits for the element found by ``selector`` to satisfy state option.</doc>
<msg timestamp="20231128 22:15:04.415" level="INFO" html="true">&lt;/td&gt;&lt;/tr&gt;&lt;tr&gt;&lt;td colspan="3"&gt;&lt;a href="browser/screenshot/fail-screenshot-1.png" target="_blank"&gt;&lt;img src="browser/screenshot/fail-screenshot-1.png" width="800px"/&gt;&lt;/a&gt;</msg>
<msg timestamp="20231128 22:15:04.416" level="INFO">See also file:///D:/TESTER/Automation/playwright-log.txt for additional details.</msg>
<msg timestamp="20231128 22:15:04.416" level="FAIL">TimeoutError: locator.waitFor: Timeout 100ms exceeded.
=========================== logs ===========================
waiting for locator('xpath=//*[contains(@class, "swal2-confirm")]') to be visible
  locator resolved to hidden &lt;button type="button" aria-label="" class="swal2-confirm…&gt;OK&lt;/button&gt;
  locator resolved to hidden &lt;button type="button" aria-label="" class="swal2-confirm…&gt;OK&lt;/button&gt;
  locator resolved to hidden &lt;button type="button" aria-label="" class="swal2-confirm…&gt;OK&lt;/button&gt;
============================================================
Tip: Use "Set Browser Timeout" for increasing the timeout or double check your locator as the targeted element(s) couldn't be found.</msg>
<status status="FAIL" starttime="20231128 22:15:04.015" endtime="20231128 22:15:04.428"/>
</kw>
<status status="FAIL" starttime="20231128 22:15:04.013" endtime="20231128 22:15:04.429"/>
</kw>
<msg timestamp="20231128 22:15:04.430" level="INFO">${passed} = False</msg>
<status status="PASS" starttime="20231128 22:15:04.013" endtime="20231128 22:15:04.430"/>
</kw>
<if>
<branch type="IF" condition="'${passed}' == 'True'">
<kw name="Click" library="Browser">
<arg>${element}</arg>
<tag>PageContent</tag>
<tag>Setter</tag>
<doc>Simulates mouse click on the element found by ``selector``.</doc>
<status status="NOT RUN" starttime="20231128 22:15:04.432" endtime="20231128 22:15:04.432"/>
</kw>
<status status="NOT RUN" starttime="20231128 22:15:04.430" endtime="20231128 22:15:04.433"/>
</branch>
<status status="PASS" starttime="20231128 22:15:04.430" endtime="20231128 22:15:04.433"/>
</if>
<status status="PASS" starttime="20231128 22:15:03.588" endtime="20231128 22:15:04.435"/>
</kw>
<status status="PASS" starttime="20231128 22:15:01.754" endtime="20231128 22:15:04.436"/>
</kw>
<kw name="Click &quot;QUẢN LÝ DANH MỤC&quot; menu" library="common" sourcename="Click &quot;${text}&quot; menu">
<kw name="Click" library="Browser">
<arg>xpath=//li[contains(@class, "menu") and descendant::span[contains(text(), "${text}")]]</arg>
<tag>PageContent</tag>
<tag>Setter</tag>
<doc>Simulates mouse click on the element found by ``selector``.</doc>
<status status="PASS" starttime="20231128 22:15:04.438" endtime="20231128 22:15:05.662"/>
</kw>
<status status="PASS" starttime="20231128 22:15:04.437" endtime="20231128 22:15:05.662"/>
</kw>
<kw name="Click &quot;Post&quot; sub menu to &quot;/post&quot;" library="common" sourcename="Click &quot;${text}&quot; sub menu to &quot;${url}&quot;">
<kw name="Wait Until Element Spin" library="common">
<kw name="Sleep" library="BuiltIn">
<arg>${SHOULD_TIMEOUT}</arg>
<doc>Pauses the test executed for the given time.</doc>
<msg timestamp="20231128 22:15:05.770" level="INFO">Slept 100 milliseconds</msg>
<status status="PASS" starttime="20231128 22:15:05.666" endtime="20231128 22:15:05.771"/>
</kw>
<kw name="Set Variable" library="BuiltIn">
<var>${element}</var>
<arg>xpath=//*[contains(@class, "ant-spin-spinning")]</arg>
<doc>Returns the given values which can then be assigned to a variables.</doc>
<msg timestamp="20231128 22:15:05.774" level="INFO">${element} = xpath=//*[contains(@class, "ant-spin-spinning")]</msg>
<status status="PASS" starttime="20231128 22:15:05.772" endtime="20231128 22:15:05.776"/>
</kw>
<kw name="Get Element Count" library="Browser">
<var>${count}</var>
<arg>${element}</arg>
<tag>Assertion</tag>
<tag>Getter</tag>
<tag>PageContent</tag>
<doc>Returns the count of elements found with ``selector``.</doc>
<msg timestamp="20231128 22:15:05.930" level="INFO">${count} = 0</msg>
<status status="PASS" starttime="20231128 22:15:05.777" endtime="20231128 22:15:05.931"/>
</kw>
<if>
<branch type="IF" condition="${count} &gt; 0">
<kw name="Wait Until Page Does Not Contain Element" library="common">
<arg>${element}</arg>
<status status="NOT RUN" starttime="20231128 22:15:05.933" endtime="20231128 22:15:05.933"/>
</kw>
<status status="NOT RUN" starttime="20231128 22:15:05.932" endtime="20231128 22:15:05.934"/>
</branch>
<status status="PASS" starttime="20231128 22:15:05.931" endtime="20231128 22:15:05.938"/>
</if>
<status status="PASS" starttime="20231128 22:15:05.665" endtime="20231128 22:15:05.939"/>
</kw>
<kw name="Click" library="Browser">
<arg>xpath=//a[contains(@class, "sub-menu") and descendant::span[contains(text(), "${text}")]]</arg>
<tag>PageContent</tag>
<tag>Setter</tag>
<doc>Simulates mouse click on the element found by ``selector``.</doc>
<status status="PASS" starttime="20231128 22:15:05.941" endtime="20231128 22:15:06.395"/>
</kw>
<kw name="Get Url" library="Browser">
<var>${curent_url}</var>
<tag>Assertion</tag>
<tag>Getter</tag>
<tag>PageContent</tag>
<doc>Returns the current URL.</doc>
<msg timestamp="20231128 22:15:06.422" level="INFO">${curent_url} = http://dev1.geneat.vn:7802/#/vn/post</msg>
<status status="PASS" starttime="20231128 22:15:06.397" endtime="20231128 22:15:06.422"/>
</kw>
<kw name="Should Contain" library="BuiltIn">
<arg>${curent_url}</arg>
<arg>${URL_DEFAULT}${url}</arg>
<doc>Fails if ``container`` does not contain ``item`` one or more times.</doc>
<status status="PASS" starttime="20231128 22:15:06.423" endtime="20231128 22:15:06.425"/>
</kw>
<status status="PASS" starttime="20231128 22:15:05.663" endtime="20231128 22:15:06.425"/>
</kw>
<status status="PASS" starttime="20231128 22:15:01.750" endtime="20231128 22:15:06.426"/>
</kw>
<kw name="Wait Until Element Spin" library="common">
<kw name="Sleep" library="BuiltIn">
<arg>${SHOULD_TIMEOUT}</arg>
<doc>Pauses the test executed for the given time.</doc>
<msg timestamp="20231128 22:15:06.530" level="INFO">Slept 100 milliseconds</msg>
<status status="PASS" starttime="20231128 22:15:06.428" endtime="20231128 22:15:06.530"/>
</kw>
<kw name="Set Variable" library="BuiltIn">
<var>${element}</var>
<arg>xpath=//*[contains(@class, "ant-spin-spinning")]</arg>
<doc>Returns the given values which can then be assigned to a variables.</doc>
<msg timestamp="20231128 22:15:06.532" level="INFO">${element} = xpath=//*[contains(@class, "ant-spin-spinning")]</msg>
<status status="PASS" starttime="20231128 22:15:06.531" endtime="20231128 22:15:06.532"/>
</kw>
<kw name="Get Element Count" library="Browser">
<var>${count}</var>
<arg>${element}</arg>
<tag>Assertion</tag>
<tag>Getter</tag>
<tag>PageContent</tag>
<doc>Returns the count of elements found with ``selector``.</doc>
<msg timestamp="20231128 22:15:06.756" level="INFO">${count} = 0</msg>
<status status="PASS" starttime="20231128 22:15:06.533" endtime="20231128 22:15:06.756"/>
</kw>
<if>
<branch type="IF" condition="${count} &gt; 0">
<kw name="Wait Until Page Does Not Contain Element" library="common">
<arg>${element}</arg>
<status status="NOT RUN" starttime="20231128 22:15:06.758" endtime="20231128 22:15:06.759"/>
</kw>
<status status="NOT RUN" starttime="20231128 22:15:06.757" endtime="20231128 22:15:06.760"/>
</branch>
<status status="PASS" starttime="20231128 22:15:06.757" endtime="20231128 22:15:06.760"/>
</if>
<status status="PASS" starttime="20231128 22:15:06.427" endtime="20231128 22:15:06.761"/>
</kw>
<kw name="Sleep" library="BuiltIn">
<arg>${SHOULD_TIMEOUT}</arg>
<doc>Pauses the test executed for the given time.</doc>
<msg timestamp="20231128 22:15:06.864" level="INFO">Slept 100 milliseconds</msg>
<status status="PASS" starttime="20231128 22:15:06.762" endtime="20231128 22:15:06.864"/>
</kw>
<kw name="Set Variable" library="BuiltIn">
<var>${element}</var>
<arg>//*[contains(@class,'ant-spin-container')]//span[contains(text(),'${name}')]</arg>
<doc>Returns the given values which can then be assigned to a variables.</doc>
<msg timestamp="20231128 22:15:06.875" level="INFO">${element} = //*[contains(@class,'ant-spin-container')]//span[contains(text(),'Cate1')]</msg>
<status status="PASS" starttime="20231128 22:15:06.865" endtime="20231128 22:15:06.876"/>
</kw>
<kw name="Get Element Count" library="Browser">
<var>${cnt}</var>
<arg>${element}</arg>
<tag>Assertion</tag>
<tag>Getter</tag>
<tag>PageContent</tag>
<doc>Returns the count of elements found with ``selector``.</doc>
<msg timestamp="20231128 22:15:06.904" level="INFO">${cnt} = 1</msg>
<status status="PASS" starttime="20231128 22:15:06.880" endtime="20231128 22:15:06.904"/>
</kw>
<if>
<branch type="IF" condition="${cnt} &lt; 1">
<kw name="Click &quot;Tạo mới&quot; button" library="common" sourcename="Click &quot;${text}&quot; button">
<status status="NOT RUN" starttime="20231128 22:15:06.910" endtime="20231128 22:15:06.911"/>
</kw>
<kw name="Enter &quot;test name&quot; in &quot;Tiêu đề&quot; with &quot;${name}&quot;" library="common" sourcename="Enter &quot;${type}&quot; in &quot;${name}&quot; with &quot;${text}&quot;">
<status status="NOT RUN" starttime="20231128 22:15:06.911" endtime="20231128 22:15:06.912"/>
</kw>
<kw name="Enter &quot;paragraph&quot; in textarea &quot;Giới thiệu&quot; with &quot;_RANDOM_&quot;" library="common" sourcename="Enter &quot;${type}&quot; in textarea &quot;${name}&quot; with &quot;${text}&quot;">
<status status="NOT RUN" starttime="20231128 22:15:06.913" endtime="20231128 22:15:06.913"/>
</kw>
<kw name="Click &quot;Lưu lại&quot; button" library="common" sourcename="Click &quot;${text}&quot; button">
<status status="NOT RUN" starttime="20231128 22:15:06.914" endtime="20231128 22:15:06.914"/>
</kw>
<kw name="User look message &quot;Thêm mới danh mục bài viết thành công&quot; popup" library="common" sourcename="User look message &quot;${message}&quot; popup">
<status status="NOT RUN" starttime="20231128 22:15:06.915" endtime="20231128 22:15:06.916"/>
</kw>
<status status="NOT RUN" starttime="20231128 22:15:06.908" endtime="20231128 22:15:06.916"/>
</branch>
<branch type="ELSE">
<kw name="Select on the &quot;${name}&quot; item line" library="common" sourcename="Select on the &quot;${text}&quot; item line">
<kw name="Wait Until Element Spin" library="common">
<kw name="Sleep" library="BuiltIn">
<arg>${SHOULD_TIMEOUT}</arg>
<doc>Pauses the test executed for the given time.</doc>
<msg timestamp="20231128 22:15:07.029" level="INFO">Slept 100 milliseconds</msg>
<status status="PASS" starttime="20231128 22:15:06.927" endtime="20231128 22:15:07.029"/>
</kw>
<kw name="Set Variable" library="BuiltIn">
<var>${element}</var>
<arg>xpath=//*[contains(@class, "ant-spin-spinning")]</arg>
<doc>Returns the given values which can then be assigned to a variables.</doc>
<msg timestamp="20231128 22:15:07.030" level="INFO">${element} = xpath=//*[contains(@class, "ant-spin-spinning")]</msg>
<status status="PASS" starttime="20231128 22:15:07.029" endtime="20231128 22:15:07.030"/>
</kw>
<kw name="Get Element Count" library="Browser">
<var>${count}</var>
<arg>${element}</arg>
<tag>Assertion</tag>
<tag>Getter</tag>
<tag>PageContent</tag>
<doc>Returns the count of elements found with ``selector``.</doc>
<msg timestamp="20231128 22:15:07.043" level="INFO">${count} = 0</msg>
<status status="PASS" starttime="20231128 22:15:07.030" endtime="20231128 22:15:07.044"/>
</kw>
<if>
<branch type="IF" condition="${count} &gt; 0">
<kw name="Wait Until Page Does Not Contain Element" library="common">
<arg>${element}</arg>
<status status="NOT RUN" starttime="20231128 22:15:07.046" endtime="20231128 22:15:07.046"/>
</kw>
<status status="NOT RUN" starttime="20231128 22:15:07.045" endtime="20231128 22:15:07.047"/>
</branch>
<status status="PASS" starttime="20231128 22:15:07.044" endtime="20231128 22:15:07.048"/>
</if>
<status status="PASS" starttime="20231128 22:15:06.925" endtime="20231128 22:15:07.048"/>
</kw>
<kw name="Check Text" library="common">
<var>${text}</var>
<arg>${text}</arg>
<kw name="Get Regexp Matches" library="String">
<var>${containsS}</var>
<arg>${text}</arg>
<arg>_@(.+)@_</arg>
<arg>1</arg>
<doc>Returns a list of all non-overlapping matches in the given string.</doc>
<msg timestamp="20231128 22:15:07.054" level="INFO">${containsS} = []</msg>
<status status="PASS" starttime="20231128 22:15:07.050" endtime="20231128 22:15:07.055"/>
</kw>
<kw name="Get Length" library="BuiltIn">
<var>${cntS}</var>
<arg>${containsS}</arg>
<doc>Returns and logs the length of the given item as an integer.</doc>
<msg timestamp="20231128 22:15:07.057" level="INFO">Length is 0</msg>
<msg timestamp="20231128 22:15:07.057" level="INFO">${cntS} = 0</msg>
<status status="PASS" starttime="20231128 22:15:07.056" endtime="20231128 22:15:07.057"/>
</kw>
<if>
<branch type="IF" condition="${cntS} &gt; 0">
<kw name="Set Variable" library="BuiltIn">
<var>${text}</var>
<arg>${STATE["${containsS[0]}"]}</arg>
<doc>Returns the given values which can then be assigned to a variables.</doc>
<status status="NOT RUN" starttime="20231128 22:15:07.059" endtime="20231128 22:15:07.060"/>
</kw>
<status status="NOT RUN" starttime="20231128 22:15:07.058" endtime="20231128 22:15:07.060"/>
</branch>
<status status="PASS" starttime="20231128 22:15:07.058" endtime="20231128 22:15:07.061"/>
</if>
<msg timestamp="20231128 22:15:07.062" level="INFO">${text} = Cate1</msg>
<status status="PASS" starttime="20231128 22:15:07.049" endtime="20231128 22:15:07.062"/>
</kw>
<kw name="Get Element Item By Name" library="common">
<var>${element}</var>
<arg>${text}</arg>
<msg timestamp="20231128 22:15:07.064" level="INFO">${element} = xpath=//*[contains(@class, "item-text") and contains(text(), "Cate1")]/ancestor::*[contains(@class, "item")]</msg>
<status status="PASS" starttime="20231128 22:15:07.063" endtime="20231128 22:15:07.065"/>
</kw>
<kw name="Click" library="Browser">
<arg>${element}</arg>
<tag>PageContent</tag>
<tag>Setter</tag>
<doc>Simulates mouse click on the element found by ``selector``.</doc>
<status status="PASS" starttime="20231128 22:15:07.065" endtime="20231128 22:15:07.248"/>
</kw>
<status status="PASS" starttime="20231128 22:15:06.921" endtime="20231128 22:15:07.248"/>
</kw>
<status status="PASS" starttime="20231128 22:15:06.920" endtime="20231128 22:15:07.249"/>
</branch>
<status status="PASS" starttime="20231128 22:15:06.907" endtime="20231128 22:15:07.250"/>
</if>
<status status="PASS" starttime="20231128 22:15:01.749" endtime="20231128 22:15:07.250"/>
</branch>
<status status="PASS" starttime="20231128 22:15:01.724" endtime="20231128 22:15:07.254"/>
</if>
<status status="PASS" starttime="20231128 22:15:01.548" endtime="20231128 22:15:07.255"/>
</kw>
<kw name="Create a test post with &quot;Cate1&quot; type" sourcename="Create a test post with &quot;${type}&quot; type">
<var>${name1}</var>
<kw name="Click &quot;Tạo mới bài viết&quot; button" library="common" sourcename="Click &quot;${text}&quot; button">
<kw name="Sleep" library="BuiltIn">
<arg>${SHOULD_TIMEOUT}</arg>
<doc>Pauses the test executed for the given time.</doc>
<msg timestamp="20231128 22:15:07.396" level="INFO">Slept 100 milliseconds</msg>
<status status="PASS" starttime="20231128 22:15:07.294" endtime="20231128 22:15:07.396"/>
</kw>
<kw name="Get Element Count" library="Browser">
<var>${cnt}</var>
<arg>//button[@title = "${text}"]</arg>
<tag>Assertion</tag>
<tag>Getter</tag>
<tag>PageContent</tag>
<doc>Returns the count of elements found with ``selector``.</doc>
<msg timestamp="20231128 22:15:07.444" level="INFO">${cnt} = 1</msg>
<status status="PASS" starttime="20231128 22:15:07.396" endtime="20231128 22:15:07.444"/>
</kw>
<if>
<branch type="IF" condition="${cnt} &gt; 0">
<kw name="Click" library="Browser">
<arg>xpath=//button[@title = "${text}"]</arg>
<tag>PageContent</tag>
<tag>Setter</tag>
<doc>Simulates mouse click on the element found by ``selector``.</doc>
<status status="PASS" starttime="20231128 22:15:07.446" endtime="20231128 22:15:07.996"/>
</kw>
<kw name="Click Confirm To Action" library="common">
<kw name="Set Variable" library="BuiltIn">
<var>${element}</var>
<arg>xpath=//*[contains(@class, "ant-popover")]//*[contains(@class, "ant-btn-primary")]</arg>
<doc>Returns the given values which can then be assigned to a variables.</doc>
<msg timestamp="20231128 22:15:07.999" level="INFO">${element} = xpath=//*[contains(@class, "ant-popover")]//*[contains(@class, "ant-btn-primary")]</msg>
<status status="PASS" starttime="20231128 22:15:07.998" endtime="20231128 22:15:07.999"/>
</kw>
<kw name="Get Element Count" library="Browser">
<var>${count}</var>
<arg>${element}</arg>
<tag>Assertion</tag>
<tag>Getter</tag>
<tag>PageContent</tag>
<doc>Returns the count of elements found with ``selector``.</doc>
<msg timestamp="20231128 22:15:08.031" level="INFO">${count} = 0</msg>
<status status="PASS" starttime="20231128 22:15:08.000" endtime="20231128 22:15:08.031"/>
</kw>
<if>
<branch type="IF" condition="${count} &gt; 0">
<kw name="Click" library="Browser">
<arg>${element}</arg>
<tag>PageContent</tag>
<tag>Setter</tag>
<doc>Simulates mouse click on the element found by ``selector``.</doc>
<status status="NOT RUN" starttime="20231128 22:15:08.033" endtime="20231128 22:15:08.034"/>
</kw>
<kw name="Sleep" library="BuiltIn">
<arg>${SHOULD_TIMEOUT}</arg>
<doc>Pauses the test executed for the given time.</doc>
<status status="NOT RUN" starttime="20231128 22:15:08.036" endtime="20231128 22:15:08.036"/>
</kw>
<kw name="Wait Until Element Spin" library="common">
<status status="NOT RUN" starttime="20231128 22:15:08.037" endtime="20231128 22:15:08.037"/>
</kw>
<status status="NOT RUN" starttime="20231128 22:15:08.032" endtime="20231128 22:15:08.038"/>
</branch>
<status status="PASS" starttime="20231128 22:15:08.032" endtime="20231128 22:15:08.038"/>
</if>
<status status="PASS" starttime="20231128 22:15:07.997" endtime="20231128 22:15:08.039"/>
</kw>
<kw name="Scroll By" library="Browser">
<arg>${None}</arg>
<tag>PageContent</tag>
<tag>Setter</tag>
<doc>Scrolls an element or the page relative from current position by the given values.</doc>
<msg timestamp="20231128 22:15:08.091" level="INFO">JavaScript executed successfully.</msg>
<msg timestamp="20231128 22:15:08.091" level="INFO">JavaScript executed successfully.</msg>
<msg timestamp="20231128 22:15:08.110" level="INFO">JavaScript executed successfully.</msg>
<msg timestamp="20231128 22:15:08.111" level="INFO">JavaScript executed successfully.</msg>
<msg timestamp="20231128 22:15:08.121" level="INFO">JavaScript executed successfully.</msg>
<status status="PASS" starttime="20231128 22:15:08.040" endtime="20231128 22:15:08.121"/>
</kw>
<status status="PASS" starttime="20231128 22:15:07.445" endtime="20231128 22:15:08.122"/>
</branch>
<branch type="ELSE">
<kw name="Click" library="Browser">
<arg>//span[contains(text(),"${text}")]</arg>
<tag>PageContent</tag>
<tag>Setter</tag>
<doc>Simulates mouse click on the element found by ``selector``.</doc>
<status status="NOT RUN" starttime="20231128 22:15:08.123" endtime="20231128 22:15:08.124"/>
</kw>
<kw name="Click Confirm To Action" library="common">
<status status="NOT RUN" starttime="20231128 22:15:08.125" endtime="20231128 22:15:08.125"/>
</kw>
<kw name="Scroll By" library="Browser">
<arg>${None}</arg>
<tag>PageContent</tag>
<tag>Setter</tag>
<doc>Scrolls an element or the page relative from current position by the given values.</doc>
<status status="NOT RUN" starttime="20231128 22:15:08.126" endtime="20231128 22:15:08.126"/>
</kw>
<status status="NOT RUN" starttime="20231128 22:15:08.123" endtime="20231128 22:15:08.127"/>
</branch>
<status status="PASS" starttime="20231128 22:15:07.445" endtime="20231128 22:15:08.127"/>
</if>
<status status="PASS" starttime="20231128 22:15:07.293" endtime="20231128 22:15:08.128"/>
</kw>
<kw name="Click radio &quot;Loại editor&quot; in line &quot;Block&quot;" library="common" sourcename="Click radio &quot;${name}&quot; in line &quot;${text}&quot;">
<kw name="Get Element Form Item By Name" library="common">
<var>${element}</var>
<arg>${name}</arg>
<arg>//*[contains(@class, "ant-radio-button-wrapper")]/span[contains(text(), "${text}")]</arg>
<msg timestamp="20231128 22:15:08.131" level="INFO">${element} = xpath=//*[contains(@class, "ant-form-item-label")]/label[text()="Loại editor"]/../../*[contains(@class, "ant-form-item")]//*[contains(@class, "ant-radio-button-wrapper")]/span[contains(text(), "Block"...</msg>
<status status="PASS" starttime="20231128 22:15:08.130" endtime="20231128 22:15:08.131"/>
</kw>
<kw name="Click" library="Browser">
<arg>${element}</arg>
<tag>PageContent</tag>
<tag>Setter</tag>
<doc>Simulates mouse click on the element found by ``selector``.</doc>
<status status="PASS" starttime="20231128 22:15:08.132" endtime="20231128 22:15:08.415"/>
</kw>
<status status="PASS" starttime="20231128 22:15:08.128" endtime="20231128 22:15:08.416"/>
</kw>
<kw name="Click select &quot;Chuyên mục&quot; with &quot;${type}&quot;" library="common" sourcename="Click select &quot;${name}&quot; with &quot;${text}&quot;">
<kw name="Get Random Text" library="common">
<var>${text}</var>
<arg>Text</arg>
<arg>${text}</arg>
<kw name="Set Variable" library="BuiltIn">
<var>${symbol}</var>
<arg>_RANDOM_</arg>
<doc>Returns the given values which can then be assigned to a variables.</doc>
<msg timestamp="20231128 22:15:08.424" level="INFO">${symbol} = _RANDOM_</msg>
<status status="PASS" starttime="20231128 22:15:08.422" endtime="20231128 22:15:08.424"/>
</kw>
<kw name="Set Variable" library="BuiltIn">
<var>${new_text}</var>
<doc>Returns the given values which can then be assigned to a variables.</doc>
<msg timestamp="20231128 22:15:08.425" level="INFO">${new_text} = </msg>
<status status="PASS" starttime="20231128 22:15:08.425" endtime="20231128 22:15:08.426"/>
</kw>
<kw name="Get Regexp Matches" library="String">
<var>${containsS}</var>
<arg>${text}</arg>
<arg>_@(.+)@_</arg>
<arg>1</arg>
<doc>Returns a list of all non-overlapping matches in the given string.</doc>
<msg timestamp="20231128 22:15:08.427" level="INFO">${containsS} = []</msg>
<status status="PASS" starttime="20231128 22:15:08.426" endtime="20231128 22:15:08.427"/>
</kw>
<kw name="Get Length" library="BuiltIn">
<var>${cntS}</var>
<arg>${containsS}</arg>
<doc>Returns and logs the length of the given item as an integer.</doc>
<msg timestamp="20231128 22:15:08.429" level="INFO">Length is 0</msg>
<msg timestamp="20231128 22:15:08.429" level="INFO">${cntS} = 0</msg>
<status status="PASS" starttime="20231128 22:15:08.428" endtime="20231128 22:15:08.429"/>
</kw>
<kw name="Get Regexp Matches" library="String">
<var>${contains}</var>
<arg>${text}</arg>
<arg>${symbol}</arg>
<doc>Returns a list of all non-overlapping matches in the given string.</doc>
<msg timestamp="20231128 22:15:08.430" level="INFO">${contains} = []</msg>
<status status="PASS" starttime="20231128 22:15:08.430" endtime="20231128 22:15:08.431"/>
</kw>
<kw name="Get Length" library="BuiltIn">
<var>${cnt}</var>
<arg>${contains}</arg>
<doc>Returns and logs the length of the given item as an integer.</doc>
<msg timestamp="20231128 22:15:08.431" level="INFO">Length is 0</msg>
<msg timestamp="20231128 22:15:08.432" level="INFO">${cnt} = 0</msg>
<status status="PASS" starttime="20231128 22:15:08.431" endtime="20231128 22:15:08.432"/>
</kw>
<if>
<branch type="IF" condition="${cntS} &gt; 0">
<kw name="Set Variable" library="BuiltIn">
<var>${new_text}</var>
<arg>${STATE["${containsS[0]}"]}</arg>
<doc>Returns the given values which can then be assigned to a variables.</doc>
<status status="NOT RUN" starttime="20231128 22:15:08.433" endtime="20231128 22:15:08.433"/>
</kw>
<kw name="Set Variable" library="BuiltIn">
<var>${symbol}</var>
<arg>_@${containsS[0]}@_</arg>
<doc>Returns the given values which can then be assigned to a variables.</doc>
<status status="NOT RUN" starttime="20231128 22:15:08.433" endtime="20231128 22:15:08.434"/>
</kw>
<status status="NOT RUN" starttime="20231128 22:15:08.432" endtime="20231128 22:15:08.438"/>
</branch>
<branch type="ELSE IF" condition="${cnt} &gt; 0 and '${type}' == 'test name'">
<kw name="Sentence" library="FakerLibrary">
<var>${random}</var>
<arg>nb_words=3</arg>
<doc>Generate a sentence.</doc>
<status status="NOT RUN" starttime="20231128 22:15:08.439" endtime="20231128 22:15:08.440"/>
</kw>
<kw name="Split String" library="String">
<var>${words}</var>
<arg>${TEST NAME}</arg>
<arg>${SPACE}</arg>
<doc>Splits the ``string`` using ``separator`` as a delimiter string.</doc>
<status status="NOT RUN" starttime="20231128 22:15:08.441" endtime="20231128 22:15:08.442"/>
</kw>
<kw name="Set Variable" library="BuiltIn">
<var>${new_text}</var>
<arg>${words[0]} ${random}</arg>
<doc>Returns the given values which can then be assigned to a variables.</doc>
<status status="NOT RUN" starttime="20231128 22:15:08.443" endtime="20231128 22:15:08.443"/>
</kw>
<status status="NOT RUN" starttime="20231128 22:15:08.439" endtime="20231128 22:15:08.444"/>
</branch>
<branch type="ELSE IF" condition="${cnt} &gt; 0 and '${type}' == 'number'">
<kw name="Random Int" library="FakerLibrary">
<var>${new_text}</var>
<doc>Generate a random integer between two integers ``min`` and ``max`` inclusive
while observing the provided ``step`` value.</doc>
<status status="NOT RUN" starttime="20231128 22:15:08.445" endtime="20231128 22:15:08.445"/>
</kw>
<kw name="Convert To String" library="BuiltIn">
<var>${new_text}</var>
<arg>${new_text}</arg>
<doc>Converts the given item to a Unicode string.</doc>
<status status="NOT RUN" starttime="20231128 22:15:08.446" endtime="20231128 22:15:08.447"/>
</kw>
<status status="NOT RUN" starttime="20231128 22:15:08.444" endtime="20231128 22:15:08.447"/>
</branch>
<branch type="ELSE IF" condition="${cnt} &gt; 0 and '${type}' == 'percentage'">
<kw name="Random Int" library="FakerLibrary">
<var>${new_text}</var>
<arg>max=100</arg>
<doc>Generate a random integer between two integers ``min`` and ``max`` inclusive
while observing the provided ``step`` value.</doc>
<status status="NOT RUN" starttime="20231128 22:15:08.448" endtime="20231128 22:15:08.449"/>
</kw>
<kw name="Convert To String" library="BuiltIn">
<var>${new_text}</var>
<arg>${new_text}</arg>
<doc>Converts the given item to a Unicode string.</doc>
<status status="NOT RUN" starttime="20231128 22:15:08.449" endtime="20231128 22:15:08.450"/>
</kw>
<status status="NOT RUN" starttime="20231128 22:15:08.447" endtime="20231128 22:15:08.450"/>
</branch>
<branch type="ELSE IF" condition="${cnt} &gt; 0 and '${type}' == 'paragraph'">
<kw name="Paragraph" library="FakerLibrary">
<var>${new_text}</var>
<doc>Generate a paragraph.</doc>
<status status="NOT RUN" starttime="20231128 22:15:08.455" endtime="20231128 22:15:08.456"/>
</kw>
<status status="NOT RUN" starttime="20231128 22:15:08.453" endtime="20231128 22:15:08.457"/>
</branch>
<branch type="ELSE IF" condition="${cnt} &gt; 0 and '${type}' == 'email'">
<kw name="Email" library="FakerLibrary">
<var>${new_text}</var>
<status status="NOT RUN" starttime="20231128 22:15:08.459" endtime="20231128 22:15:08.460"/>
</kw>
<status status="NOT RUN" starttime="20231128 22:15:08.458" endtime="20231128 22:15:08.460"/>
</branch>
<branch type="ELSE IF" condition="${cnt} &gt; 0 and '${type}' == 'phone'">
<kw name="Random Int" library="FakerLibrary">
<var>${new_text}</var>
<arg>min=2000000000</arg>
<arg>max=9999999999</arg>
<doc>Generate a random integer between two integers ``min`` and ``max`` inclusive
while observing the provided ``step`` value.</doc>
<status status="NOT RUN" starttime="20231128 22:15:08.461" endtime="20231128 22:15:08.461"/>
</kw>
<kw name="Convert To String" library="BuiltIn">
<var>${new_text}</var>
<arg>${new_text}</arg>
<doc>Converts the given item to a Unicode string.</doc>
<status status="NOT RUN" starttime="20231128 22:15:08.461" endtime="20231128 22:15:08.462"/>
</kw>
<kw name="Catenate" library="BuiltIn">
<var>${new_text}</var>
<arg>SEPARATOR=</arg>
<arg>0</arg>
<arg>${new_text}</arg>
<doc>Catenates the given items together and returns the resulted string.</doc>
<status status="NOT RUN" starttime="20231128 22:15:08.462" endtime="20231128 22:15:08.462"/>
</kw>
<status status="NOT RUN" starttime="20231128 22:15:08.460" endtime="20231128 22:15:08.463"/>
</branch>
<branch type="ELSE IF" condition="${cnt} &gt; 0 and '${type}' == 'color'">
<kw name="Safe Hex Color" library="FakerLibrary">
<var>${new_text}</var>
<doc>Generate a web-safe color formatted as a hex triplet.</doc>
<status status="NOT RUN" starttime="20231128 22:15:08.463" endtime="20231128 22:15:08.464"/>
</kw>
<status status="NOT RUN" starttime="20231128 22:15:08.463" endtime="20231128 22:15:08.464"/>
</branch>
<branch type="ELSE IF" condition="${cnt} &gt; 0 and &quot;${type}&quot; == 'password'">
<kw name="Password" library="FakerLibrary">
<var>${new_text}</var>
<arg>10</arg>
<arg>True</arg>
<arg>True</arg>
<arg>True</arg>
<arg>True</arg>
<doc>Generate a random password of the specified ``length``.</doc>
<status status="NOT RUN" starttime="20231128 22:15:08.465" endtime="20231128 22:15:08.466"/>
</kw>
<status status="NOT RUN" starttime="20231128 22:15:08.464" endtime="20231128 22:15:08.466"/>
</branch>
[...]
<status status="PASS" starttime="20231128 22:15:41.155" endtime="20231128 22:15:41.175"/>
</kw>
<if>
<branch type="IF" condition="${count} &gt; 0">
<kw name="Wait Until Page Does Not Contain Element" library="common">
<arg>${element}</arg>
<status status="NOT RUN" starttime="20231128 22:15:41.178" endtime="20231128 22:15:41.179"/>
</kw>
<status status="NOT RUN" starttime="20231128 22:15:41.177" endtime="20231128 22:15:41.180"/>
</branch>
<status status="PASS" starttime="20231128 22:15:41.177" endtime="20231128 22:15:41.180"/>
</if>
<status status="PASS" starttime="20231128 22:15:41.045" endtime="20231128 22:15:41.183"/>
</kw>
<status status="PASS" starttime="20231128 22:15:40.536" endtime="20231128 22:15:41.185"/>
</branch>
<status status="PASS" starttime="20231128 22:15:40.536" endtime="20231128 22:15:41.187"/>
</if>
<status status="PASS" starttime="20231128 22:15:40.519" endtime="20231128 22:15:41.188"/>
</kw>
<status status="PASS" starttime="20231128 22:15:40.151" endtime="20231128 22:15:41.188"/>
</kw>
<kw name="When Click on the &quot;Xóa&quot; button in the &quot;${name1}&quot; table line" library="common" sourcename="Click on the &quot;${text}&quot; button in the &quot;${name}&quot; table line">
<kw name="Sleep" library="BuiltIn">
<arg>${SHOULD_TIMEOUT}</arg>
<doc>Pauses the test executed for the given time.</doc>
<msg timestamp="20231128 22:15:41.313" level="INFO">Slept 100 milliseconds</msg>
<status status="PASS" starttime="20231128 22:15:41.210" endtime="20231128 22:15:41.313"/>
</kw>
<kw name="Wait Until Element Spin" library="common">
<kw name="Sleep" library="BuiltIn">
<arg>${SHOULD_TIMEOUT}</arg>
<doc>Pauses the test executed for the given time.</doc>
<msg timestamp="20231128 22:15:41.419" level="INFO">Slept 100 milliseconds</msg>
<status status="PASS" starttime="20231128 22:15:41.318" endtime="20231128 22:15:41.419"/>
</kw>
<kw name="Set Variable" library="BuiltIn">
<var>${element}</var>
<arg>xpath=//*[contains(@class, "ant-spin-spinning")]</arg>
<doc>Returns the given values which can then be assigned to a variables.</doc>
<msg timestamp="20231128 22:15:41.421" level="INFO">${element} = xpath=//*[contains(@class, "ant-spin-spinning")]</msg>
<status status="PASS" starttime="20231128 22:15:41.420" endtime="20231128 22:15:41.421"/>
</kw>
<kw name="Get Element Count" library="Browser">
<var>${count}</var>
<arg>${element}</arg>
<tag>Assertion</tag>
<tag>Getter</tag>
<tag>PageContent</tag>
<doc>Returns the count of elements found with ``selector``.</doc>
<msg timestamp="20231128 22:15:41.433" level="INFO">${count} = 0</msg>
<status status="PASS" starttime="20231128 22:15:41.422" endtime="20231128 22:15:41.434"/>
</kw>
<if>
<branch type="IF" condition="${count} &gt; 0">
<kw name="Wait Until Page Does Not Contain Element" library="common">
<arg>${element}</arg>
<status status="NOT RUN" starttime="20231128 22:15:41.435" endtime="20231128 22:15:41.436"/>
</kw>
<status status="NOT RUN" starttime="20231128 22:15:41.435" endtime="20231128 22:15:41.436"/>
</branch>
<status status="PASS" starttime="20231128 22:15:41.434" endtime="20231128 22:15:41.437"/>
</if>
<status status="PASS" starttime="20231128 22:15:41.317" endtime="20231128 22:15:41.437"/>
</kw>
<kw name="Check Text" library="common">
<var>${name}</var>
<arg>${name}</arg>
<kw name="Get Regexp Matches" library="String">
<var>${containsS}</var>
<arg>${text}</arg>
<arg>_@(.+)@_</arg>
<arg>1</arg>
<doc>Returns a list of all non-overlapping matches in the given string.</doc>
<msg timestamp="20231128 22:15:41.441" level="INFO">${containsS} = []</msg>
<status status="PASS" starttime="20231128 22:15:41.440" endtime="20231128 22:15:41.441"/>
</kw>
<kw name="Get Length" library="BuiltIn">
<var>${cntS}</var>
<arg>${containsS}</arg>
<doc>Returns and logs the length of the given item as an integer.</doc>
<msg timestamp="20231128 22:15:41.443" level="INFO">Length is 0</msg>
<msg timestamp="20231128 22:15:41.443" level="INFO">${cntS} = 0</msg>
<status status="PASS" starttime="20231128 22:15:41.442" endtime="20231128 22:15:41.444"/>
</kw>
<if>
<branch type="IF" condition="${cntS} &gt; 0">
<kw name="Set Variable" library="BuiltIn">
<var>${text}</var>
<arg>${STATE["${containsS[0]}"]}</arg>
<doc>Returns the given values which can then be assigned to a variables.</doc>
<status status="NOT RUN" starttime="20231128 22:15:41.446" endtime="20231128 22:15:41.446"/>
</kw>
<status status="NOT RUN" starttime="20231128 22:15:41.445" endtime="20231128 22:15:41.448"/>
</branch>
<status status="PASS" starttime="20231128 22:15:41.444" endtime="20231128 22:15:41.449"/>
</if>
<msg timestamp="20231128 22:15:41.450" level="INFO">${name} = PO_11 Optio animi accusantium totam.</msg>
<status status="PASS" starttime="20231128 22:15:41.438" endtime="20231128 22:15:41.450"/>
</kw>
<if>
<branch type="IF" condition="'${text}' == 'Chi tiết'">
<kw name="Get Element Table Item By Name" library="common">
<var>${element1}</var>
<arg>${name}</arg>
<arg>//button[@title = "${text}"]</arg>
<status status="NOT RUN" starttime="20231128 22:15:41.452" endtime="20231128 22:15:41.453"/>
</kw>
<kw name="Get Element Count" library="Browser">
<var>${count}</var>
<arg>${element1}</arg>
<tag>Assertion</tag>
<tag>Getter</tag>
<tag>PageContent</tag>
<doc>Returns the count of elements found with ``selector``.</doc>
<status status="NOT RUN" starttime="20231128 22:15:41.454" endtime="20231128 22:15:41.455"/>
</kw>
<if>
<branch type="IF" condition="${count} &gt; 0">
<kw name="Click" library="Browser">
<arg>${element1}</arg>
<tag>PageContent</tag>
<tag>Setter</tag>
<doc>Simulates mouse click on the element found by ``selector``.</doc>
<status status="NOT RUN" starttime="20231128 22:15:41.457" endtime="20231128 22:15:41.458"/>
</kw>
<status status="NOT RUN" starttime="20231128 22:15:41.456" endtime="20231128 22:15:41.458"/>
</branch>
<branch type="ELSE">
<kw name="Get Element Table Item By Name" library="common">
<var>${elementS}</var>
<arg>${name}</arg>
<arg>//p[contains(text(),"${name}")]</arg>
<status status="NOT RUN" starttime="20231128 22:15:41.460" endtime="20231128 22:15:41.461"/>
</kw>
<kw name="Click" library="Browser">
<arg>${elementS}</arg>
<tag>PageContent</tag>
<tag>Setter</tag>
<doc>Simulates mouse click on the element found by ``selector``.</doc>
<status status="NOT RUN" starttime="20231128 22:15:41.462" endtime="20231128 22:15:41.463"/>
</kw>
<status status="NOT RUN" starttime="20231128 22:15:41.459" endtime="20231128 22:15:41.466"/>
</branch>
<status status="NOT RUN" starttime="20231128 22:15:41.455" endtime="20231128 22:15:41.467"/>
</if>
<status status="NOT RUN" starttime="20231128 22:15:41.451" endtime="20231128 22:15:41.467"/>
</branch>
<branch type="ELSE">
<kw name="Get Element Table Item By Name" library="common">
<var>${element}</var>
<arg>${name}</arg>
<arg>//button[@title = "${text}"]</arg>
<msg timestamp="20231128 22:15:41.471" level="INFO">${element} = xpath=//*[contains(@class, "ant-table-row")]//*[contains(text(),"PO_11 Optio animi accusantium totam.")]/ancestor::tr//button[@title = "Xóa"]</msg>
<status status="PASS" starttime="20231128 22:15:41.468" endtime="20231128 22:15:41.471"/>
</kw>
<kw name="Click" library="Browser">
<arg>${element}</arg>
<tag>PageContent</tag>
<tag>Setter</tag>
<doc>Simulates mouse click on the element found by ``selector``.</doc>
<status status="PASS" starttime="20231128 22:15:41.472" endtime="20231128 22:15:43.088"/>
</kw>
<status status="PASS" starttime="20231128 22:15:41.468" endtime="20231128 22:15:43.089"/>
</branch>
<status status="PASS" starttime="20231128 22:15:41.451" endtime="20231128 22:15:43.089"/>
</if>
<kw name="Click Confirm To Action" library="common">
<kw name="Set Variable" library="BuiltIn">
<var>${element}</var>
<arg>xpath=//*[contains(@class, "ant-popover")]//*[contains(@class, "ant-btn-primary")]</arg>
<doc>Returns the given values which can then be assigned to a variables.</doc>
<msg timestamp="20231128 22:15:43.090" level="INFO">${element} = xpath=//*[contains(@class, "ant-popover")]//*[contains(@class, "ant-btn-primary")]</msg>
<status status="PASS" starttime="20231128 22:15:43.090" endtime="20231128 22:15:43.090"/>
</kw>
<kw name="Get Element Count" library="Browser">
<var>${count}</var>
<arg>${element}</arg>
<tag>Assertion</tag>
<tag>Getter</tag>
<tag>PageContent</tag>
<doc>Returns the count of elements found with ``selector``.</doc>
<msg timestamp="20231128 22:15:43.100" level="INFO">${count} = 1</msg>
<status status="PASS" starttime="20231128 22:15:43.091" endtime="20231128 22:15:43.100"/>
</kw>
<if>
<branch type="IF" condition="${count} &gt; 0">
<kw name="Click" library="Browser">
<arg>${element}</arg>
<tag>PageContent</tag>
<tag>Setter</tag>
<doc>Simulates mouse click on the element found by ``selector``.</doc>
<status status="PASS" starttime="20231128 22:15:43.103" endtime="20231128 22:15:43.375"/>
</kw>
<kw name="Sleep" library="BuiltIn">
<arg>${SHOULD_TIMEOUT}</arg>
<doc>Pauses the test executed for the given time.</doc>
<msg timestamp="20231128 22:15:43.478" level="INFO">Slept 100 milliseconds</msg>
<status status="PASS" starttime="20231128 22:15:43.376" endtime="20231128 22:15:43.478"/>
</kw>
<kw name="Wait Until Element Spin" library="common">
<kw name="Sleep" library="BuiltIn">
<arg>${SHOULD_TIMEOUT}</arg>
<doc>Pauses the test executed for the given time.</doc>
<msg timestamp="20231128 22:15:43.579" level="INFO">Slept 100 milliseconds</msg>
<status status="PASS" starttime="20231128 22:15:43.479" endtime="20231128 22:15:43.579"/>
</kw>
<kw name="Set Variable" library="BuiltIn">
<var>${element}</var>
<arg>xpath=//*[contains(@class, "ant-spin-spinning")]</arg>
<doc>Returns the given values which can then be assigned to a variables.</doc>
<msg timestamp="20231128 22:15:43.583" level="INFO">${element} = xpath=//*[contains(@class, "ant-spin-spinning")]</msg>
<status status="PASS" starttime="20231128 22:15:43.579" endtime="20231128 22:15:43.584"/>
</kw>
<kw name="Get Element Count" library="Browser">
<var>${count}</var>
<arg>${element}</arg>
<tag>Assertion</tag>
<tag>Getter</tag>
<tag>PageContent</tag>
<doc>Returns the count of elements found with ``selector``.</doc>
<msg timestamp="20231128 22:15:43.628" level="INFO">${count} = 0</msg>
<status status="PASS" starttime="20231128 22:15:43.586" endtime="20231128 22:15:43.628"/>
</kw>
<if>
<branch type="IF" condition="${count} &gt; 0">
<kw name="Wait Until Page Does Not Contain Element" library="common">
<arg>${element}</arg>
<status status="NOT RUN" starttime="20231128 22:15:43.632" endtime="20231128 22:15:43.633"/>
</kw>
<status status="NOT RUN" starttime="20231128 22:15:43.629" endtime="20231128 22:15:43.634"/>
</branch>
<status status="PASS" starttime="20231128 22:15:43.629" endtime="20231128 22:15:43.635"/>
</if>
<status status="PASS" starttime="20231128 22:15:43.478" endtime="20231128 22:15:43.637"/>
</kw>
<status status="PASS" starttime="20231128 22:15:43.101" endtime="20231128 22:15:43.638"/>
</branch>
<status status="PASS" starttime="20231128 22:15:43.101" endtime="20231128 22:15:43.639"/>
</if>
<status status="PASS" starttime="20231128 22:15:43.089" endtime="20231128 22:15:43.639"/>
</kw>
<status status="PASS" starttime="20231128 22:15:41.209" endtime="20231128 22:15:43.640"/>
</kw>
<kw name="When Click on the &quot;Xóa&quot; button in the &quot;Cate1&quot; item line" library="common" sourcename="Click on the &quot;${text}&quot; button in the &quot;${name}&quot; item line">
<kw name="Wait Until Element Spin" library="common">
<kw name="Sleep" library="BuiltIn">
<arg>${SHOULD_TIMEOUT}</arg>
<doc>Pauses the test executed for the given time.</doc>
<msg timestamp="20231128 22:15:43.796" level="INFO">Slept 100 milliseconds</msg>
<status status="PASS" starttime="20231128 22:15:43.695" endtime="20231128 22:15:43.801"/>
</kw>
<kw name="Set Variable" library="BuiltIn">
<var>${element}</var>
<arg>xpath=//*[contains(@class, "ant-spin-spinning")]</arg>
<doc>Returns the given values which can then be assigned to a variables.</doc>
<msg timestamp="20231128 22:15:43.803" level="INFO">${element} = xpath=//*[contains(@class, "ant-spin-spinning")]</msg>
<status status="PASS" starttime="20231128 22:15:43.802" endtime="20231128 22:15:43.803"/>
</kw>
<kw name="Get Element Count" library="Browser">
<var>${count}</var>
<arg>${element}</arg>
<tag>Assertion</tag>
<tag>Getter</tag>
<tag>PageContent</tag>
<doc>Returns the count of elements found with ``selector``.</doc>
<msg timestamp="20231128 22:15:43.818" level="INFO">${count} = 0</msg>
<status status="PASS" starttime="20231128 22:15:43.803" endtime="20231128 22:15:43.818"/>
</kw>
<if>
<branch type="IF" condition="${count} &gt; 0">
<kw name="Wait Until Page Does Not Contain Element" library="common">
<arg>${element}</arg>
<status status="NOT RUN" starttime="20231128 22:15:43.820" endtime="20231128 22:15:43.821"/>
</kw>
<status status="NOT RUN" starttime="20231128 22:15:43.819" endtime="20231128 22:15:43.821"/>
</branch>
<status status="PASS" starttime="20231128 22:15:43.819" endtime="20231128 22:15:43.822"/>
</if>
<status status="PASS" starttime="20231128 22:15:43.694" endtime="20231128 22:15:43.822"/>
</kw>
<kw name="Check Text" library="common">
<var>${name}</var>
<arg>${name}</arg>
<kw name="Get Regexp Matches" library="String">
<var>${containsS}</var>
<arg>${text}</arg>
<arg>_@(.+)@_</arg>
<arg>1</arg>
<doc>Returns a list of all non-overlapping matches in the given string.</doc>
<msg timestamp="20231128 22:15:43.826" level="INFO">${containsS} = []</msg>
<status status="PASS" starttime="20231128 22:15:43.825" endtime="20231128 22:15:43.826"/>
</kw>
<kw name="Get Length" library="BuiltIn">
<var>${cntS}</var>
<arg>${containsS}</arg>
<doc>Returns and logs the length of the given item as an integer.</doc>
<msg timestamp="20231128 22:15:43.828" level="INFO">Length is 0</msg>
<msg timestamp="20231128 22:15:43.829" level="INFO">${cntS} = 0</msg>
<status status="PASS" starttime="20231128 22:15:43.827" endtime="20231128 22:15:43.829"/>
</kw>
<if>
<branch type="IF" condition="${cntS} &gt; 0">
<kw name="Set Variable" library="BuiltIn">
<var>${text}</var>
<arg>${STATE["${containsS[0]}"]}</arg>
<doc>Returns the given values which can then be assigned to a variables.</doc>
<status status="NOT RUN" starttime="20231128 22:15:43.834" endtime="20231128 22:15:43.835"/>
</kw>
<status status="NOT RUN" starttime="20231128 22:15:43.832" endtime="20231128 22:15:43.835"/>
</branch>
<status status="PASS" starttime="20231128 22:15:43.832" endtime="20231128 22:15:43.836"/>
</if>
<msg timestamp="20231128 22:15:43.837" level="INFO">${name} = Cate1</msg>
<status status="PASS" starttime="20231128 22:15:43.823" endtime="20231128 22:15:43.837"/>
</kw>
<kw name="Get Element Item By Name" library="common">
<var>${element}</var>
<arg>${name}</arg>
<arg>//button[@title = "${text}"]</arg>
<msg timestamp="20231128 22:15:43.840" level="INFO">${element} = xpath=//*[contains(@class, "item-text") and contains(text(), "Cate1")]/ancestor::*[contains(@class, "item")]//button[@title = "Xóa"]</msg>
<status status="PASS" starttime="20231128 22:15:43.838" endtime="20231128 22:15:43.840"/>
</kw>
<kw name="Click" library="Browser">
<arg>${element}</arg>
<tag>PageContent</tag>
<tag>Setter</tag>
<doc>Simulates mouse click on the element found by ``selector``.</doc>
<status status="PASS" starttime="20231128 22:15:43.841" endtime="20231128 22:15:45.442"/>
</kw>
<kw name="Click Confirm To Action" library="common">
<kw name="Set Variable" library="BuiltIn">
<var>${element}</var>
<arg>xpath=//*[contains(@class, "ant-popover")]//*[contains(@class, "ant-btn-primary")]</arg>
<doc>Returns the given values which can then be assigned to a variables.</doc>
<msg timestamp="20231128 22:15:45.444" level="INFO">${element} = xpath=//*[contains(@class, "ant-popover")]//*[contains(@class, "ant-btn-primary")]</msg>
<status status="PASS" starttime="20231128 22:15:45.444" endtime="20231128 22:15:45.444"/>
</kw>
<kw name="Get Element Count" library="Browser">
<var>${count}</var>
<arg>${element}</arg>
<tag>Assertion</tag>
<tag>Getter</tag>
<tag>PageContent</tag>
<doc>Returns the count of elements found with ``selector``.</doc>
<msg timestamp="20231128 22:15:45.457" level="INFO">${count} = 1</msg>
<status status="PASS" starttime="20231128 22:15:45.445" endtime="20231128 22:15:45.457"/>
</kw>
<if>
<branch type="IF" condition="${count} &gt; 0">
<kw name="Click" library="Browser">
<arg>${element}</arg>
<tag>PageContent</tag>
<tag>Setter</tag>
<doc>Simulates mouse click on the element found by ``selector``.</doc>
<status status="PASS" starttime="20231128 22:15:45.459" endtime="20231128 22:15:45.755"/>
</kw>
<kw name="Sleep" library="BuiltIn">
<arg>${SHOULD_TIMEOUT}</arg>
<doc>Pauses the test executed for the given time.</doc>
<msg timestamp="20231128 22:15:45.857" level="INFO">Slept 100 milliseconds</msg>
<status status="PASS" starttime="20231128 22:15:45.756" endtime="20231128 22:15:45.858"/>
</kw>
<kw name="Wait Until Element Spin" library="common">
<kw name="Sleep" library="BuiltIn">
<arg>${SHOULD_TIMEOUT}</arg>
<doc>Pauses the test executed for the given time.</doc>
<msg timestamp="20231128 22:15:45.962" level="INFO">Slept 100 milliseconds</msg>
<status status="PASS" starttime="20231128 22:15:45.860" endtime="20231128 22:15:45.962"/>
</kw>
<kw name="Set Variable" library="BuiltIn">
<var>${element}</var>
<arg>xpath=//*[contains(@class, "ant-spin-spinning")]</arg>
<doc>Returns the given values which can then be assigned to a variables.</doc>
<msg timestamp="20231128 22:15:45.963" level="INFO">${element} = xpath=//*[contains(@class, "ant-spin-spinning")]</msg>
<status status="PASS" starttime="20231128 22:15:45.962" endtime="20231128 22:15:45.964"/>
</kw>
<kw name="Get Element Count" library="Browser">
<var>${count}</var>
<arg>${element}</arg>
<tag>Assertion</tag>
<tag>Getter</tag>
<tag>PageContent</tag>
<doc>Returns the count of elements found with ``selector``.</doc>
<msg timestamp="20231128 22:15:45.977" level="INFO">${count} = 0</msg>
<status status="PASS" starttime="20231128 22:15:45.966" endtime="20231128 22:15:45.977"/>
</kw>
<if>
<branch type="IF" condition="${count} &gt; 0">
<kw name="Wait Until Page Does Not Contain Element" library="common">
<arg>${element}</arg>
<status status="NOT RUN" starttime="20231128 22:15:45.979" endtime="20231128 22:15:45.980"/>
</kw>
<status status="NOT RUN" starttime="20231128 22:15:45.978" endtime="20231128 22:15:45.982"/>
</branch>
<status status="PASS" starttime="20231128 22:15:45.978" endtime="20231128 22:15:45.983"/>
</if>
<status status="PASS" starttime="20231128 22:15:45.858" endtime="20231128 22:15:45.983"/>
</kw>
<status status="PASS" starttime="20231128 22:15:45.458" endtime="20231128 22:15:45.984"/>
</branch>
<status status="PASS" starttime="20231128 22:15:45.458" endtime="20231128 22:15:45.985"/>
</if>
<status status="PASS" starttime="20231128 22:15:45.443" endtime="20231128 22:15:45.986"/>
</kw>
<status status="PASS" starttime="20231128 22:15:43.693" endtime="20231128 22:15:45.986"/>
</kw>
<kw name="Tear Down" library="common" type="TEARDOWN">
<kw name="Close Browser" library="Browser">
<arg>ALL</arg>
<tag>BrowserControl</tag>
<tag>Setter</tag>
<doc>Closes the current browser.</doc>
<msg timestamp="20231128 22:15:46.588" level="INFO">Closed all browsers</msg>
<status status="PASS" starttime="20231128 22:15:45.991" endtime="20231128 22:15:46.589"/>
</kw>
<status status="PASS" starttime="20231128 22:15:45.989" endtime="20231128 22:15:46.590"/>
</kw>
<tag>Search</tag>
<status status="PASS" starttime="20231128 22:14:55.701" endtime="20231128 22:15:46.598"/>
</test>
<status status="PASS" starttime="20231128 22:14:53.422" endtime="20231128 22:15:46.655"/>
</suite>
<statistics>
<total>
<stat pass="1" fail="0" skip="0">All Tests</stat>
</total>
<tag>
<stat pass="1" fail="0" skip="0">Search</stat>
</tag>
<suite>
<stat pass="1" fail="0" skip="0" id="s1" name="Post">Post</stat>
</suite>
</statistics>
<errors>
</errors>
</robot>
