<?xml version="1.0" encoding="UTF-8"?>
<robot generator="Robot 6.1.1 (Python 3.11.4 on win32)" generated="20231130 17:57:01.481" rpa="false" schemaversion="4">
<suite id="s1" name="Post" source="d:\TESTER\Automation\Auto_Web\testcases\post.robot">
<test id="s1-t1" name="PO_11 Check the update of data list after cancel the search action" line="134">
<kw name="Setup" library="common" type="SETUP">
<kw name="Set Browser Timeout" library="Browser">
<arg>${BROWSER_TIMEOUT}</arg>
<tag>Config</tag>
<tag>Setter</tag>
<doc>Sets the timeout used by most input and getter keywords.</doc>
<status status="PASS" starttime="20231130 17:57:03.787" endtime="20231130 17:57:03.788"/>
</kw>
<kw name="New Browser" library="Browser">
<arg>${BROWSER}</arg>
<arg>headless=${HEADLESS}</arg>
<tag>BrowserControl</tag>
<tag>Setter</tag>
<doc>Create a new playwright Browser with specified options.</doc>
<msg timestamp="20231130 17:57:03.790" level="INFO">{"browser": "chromium", "headless": false, "chromiumSandbox": false, "devtools": false, "handleSIGHUP": true, "handleSIGINT": true, "handleSIGTERM": true, "slowMo": 0.0, "timeout": 30000.0, "tracesDir": "D:\\TESTER\\Automation\\browser\\traces\\49e72770-4509-4627-80e4-8a5148fd02fd"}</msg>
<msg timestamp="20231130 17:57:05.461" level="INFO">Successfully created browser with options: {"browser":"chromium","headless":false,"chromiumSandbox":false,"devtools":false,"handleSIGHUP":true,"handleSIGINT":true,"handleSIGTERM":true,"slowMo":0,"timeout":30000,"tracesDir":"D:\\TESTER\\Automation\\browser\\traces\\49e72770-4509-4627-80e4-8a5148fd02fd"}</msg>
<status status="PASS" starttime="20231130 17:57:03.789" endtime="20231130 17:57:05.462"/>
</kw>
<kw name="New Page" library="Browser">
<arg>${URL_DEFAULT}</arg>
<tag>BrowserControl</tag>
<tag>Setter</tag>
<doc>Open a new Page.</doc>
<msg timestamp="20231130 17:57:08.891" level="INFO">Successfully initialized new page object and opened url: http://dev1.geneat.vn:7802/#/vn</msg>
<msg timestamp="20231130 17:57:08.892" level="INFO">No context was open. New context was automatically opened when this page is created.</msg>
<status status="PASS" starttime="20231130 17:57:05.463" endtime="20231130 17:57:08.893"/>
</kw>
<kw name="Evaluate" library="BuiltIn">
<var>${STATE}</var>
<arg>json.loads('''{}''')</arg>
<arg>json</arg>
<doc>Evaluates the given expression in Python and returns the result.</doc>
<msg timestamp="20231130 17:57:08.896" level="INFO">${STATE} = {}</msg>
<status status="PASS" starttime="20231130 17:57:08.894" endtime="20231130 17:57:08.896"/>
</kw>
<status status="PASS" starttime="20231130 17:57:03.786" endtime="20231130 17:57:08.897"/>
</kw>
<kw name="Create a category with &quot;Cate1&quot; name" sourcename="Create a category with &quot;${name}&quot; name">
<kw name="Check Text" library="common">
<var>${name}</var>
<arg>${name}</arg>
<kw name="Get Regexp Matches" library="String">
<var>${containsS}</var>
<arg>${text}</arg>
<arg>_@(.+)@_</arg>
<arg>1</arg>
<doc>Returns a list of all non-overlapping matches in the given string.</doc>
<msg timestamp="20231130 17:57:08.930" level="INFO">${containsS} = []</msg>
<status status="PASS" starttime="20231130 17:57:08.929" endtime="20231130 17:57:08.931"/>
</kw>
<kw name="Get Length" library="BuiltIn">
<var>${cntS}</var>
<arg>${containsS}</arg>
<doc>Returns and logs the length of the given item as an integer.</doc>
<msg timestamp="20231130 17:57:08.934" level="INFO">Length is 0</msg>
<msg timestamp="20231130 17:57:08.936" level="INFO">${cntS} = 0</msg>
<status status="PASS" starttime="20231130 17:57:08.931" endtime="20231130 17:57:08.936"/>
</kw>
<if>
<branch type="IF" condition="${cntS} &gt; 0">
<kw name="Set Variable" library="BuiltIn">
<var>${text}</var>
<arg>${STATE["${containsS[0]}"]}</arg>
<doc>Returns the given values which can then be assigned to a variables.</doc>
<status status="NOT RUN" starttime="20231130 17:57:08.938" endtime="20231130 17:57:08.939"/>
</kw>
<status status="NOT RUN" starttime="20231130 17:57:08.937" endtime="20231130 17:57:08.940"/>
</branch>
<status status="PASS" starttime="20231130 17:57:08.937" endtime="20231130 17:57:08.945"/>
</if>
<msg timestamp="20231130 17:57:08.946" level="INFO">${name} = Cate1</msg>
<status status="PASS" starttime="20231130 17:57:08.926" endtime="20231130 17:57:08.947"/>
</kw>
<kw name="Run Keyword And Return Status" library="BuiltIn">
<var>${condition}</var>
<arg>Confirm locating exactly in "Post" page</arg>
<doc>Runs the given keyword with given arguments and returns the status as a Boolean value.</doc>
<kw name="Confirm locating exactly in &quot;Post&quot; page" library="common" sourcename="Confirm locating exactly in &quot;${name}&quot; page">
<kw name="Get Element Count" library="Browser">
<var>${cnt}</var>
<arg>//header//span[contains(text(),"${name}")]</arg>
<tag>Assertion</tag>
<tag>Getter</tag>
<tag>PageContent</tag>
<doc>Returns the count of elements found with ``selector``.</doc>
<msg timestamp="20231130 17:57:09.123" level="INFO">${cnt} = 0</msg>
<status status="PASS" starttime="20231130 17:57:08.955" endtime="20231130 17:57:09.123"/>
</kw>
<kw name="Should Be True" library="BuiltIn">
<arg>${cnt} &gt; 0</arg>
<doc>Fails if the given condition is not true.</doc>
<msg timestamp="20231130 17:57:09.125" level="FAIL">'0 &gt; 0' should be true.</msg>
<status status="FAIL" starttime="20231130 17:57:09.124" endtime="20231130 17:57:09.126"/>
</kw>
<status status="FAIL" starttime="20231130 17:57:08.953" endtime="20231130 17:57:09.127"/>
</kw>
<msg timestamp="20231130 17:57:09.128" level="INFO">${condition} = False</msg>
<status status="PASS" starttime="20231130 17:57:08.948" endtime="20231130 17:57:09.128"/>
</kw>
<if>
<branch type="IF" condition="'${condition}' == 'True'">
<kw name="Wait Until Element Spin" library="common">
<status status="NOT RUN" starttime="20231130 17:57:09.130" endtime="20231130 17:57:09.131"/>
</kw>
<kw name="Sleep" library="BuiltIn">
<arg>${SHOULD_TIMEOUT}</arg>
<doc>Pauses the test executed for the given time.</doc>
<status status="NOT RUN" starttime="20231130 17:57:09.132" endtime="20231130 17:57:09.134"/>
</kw>
<kw name="Set Variable" library="BuiltIn">
<var>${element}</var>
<arg>//*[contains(@class,'ant-spin-container')]//span[contains(text(),'${name}')]</arg>
<doc>Returns the given values which can then be assigned to a variables.</doc>
<status status="NOT RUN" starttime="20231130 17:57:09.135" endtime="20231130 17:57:09.136"/>
</kw>
<kw name="Get Element Count" library="Browser">
<var>${cnt}</var>
<arg>${element}</arg>
<tag>Assertion</tag>
<tag>Getter</tag>
<tag>PageContent</tag>
<doc>Returns the count of elements found with ``selector``.</doc>
<status status="NOT RUN" starttime="20231130 17:57:09.137" endtime="20231130 17:57:09.137"/>
</kw>
<if>
<branch type="IF" condition="${cnt} &lt; 1">
<kw name="Click &quot;Tạo mới&quot; button" library="common" sourcename="Click &quot;${text}&quot; button">
<status status="NOT RUN" starttime="20231130 17:57:09.139" endtime="20231130 17:57:09.140"/>
</kw>
<kw name="Enter &quot;test name&quot; in &quot;Tiêu đề&quot; with &quot;${name}&quot;" library="common" sourcename="Enter &quot;${type}&quot; in &quot;${name}&quot; with &quot;${text}&quot;">
<status status="NOT RUN" starttime="20231130 17:57:09.141" endtime="20231130 17:57:09.142"/>
</kw>
<kw name="Enter &quot;paragraph&quot; in textarea &quot;Giới thiệu&quot; with &quot;_RANDOM_&quot;" library="common" sourcename="Enter &quot;${type}&quot; in textarea &quot;${name}&quot; with &quot;${text}&quot;">
<status status="NOT RUN" starttime="20231130 17:57:09.143" endtime="20231130 17:57:09.143"/>
</kw>
<kw name="Click &quot;Lưu lại&quot; button" library="common" sourcename="Click &quot;${text}&quot; button">
<status status="NOT RUN" starttime="20231130 17:57:09.145" endtime="20231130 17:57:09.146"/>
</kw>
<kw name="User look message &quot;Thêm mới danh mục bài viết thành công&quot; popup" library="common" sourcename="User look message &quot;${message}&quot; popup">
<status status="NOT RUN" starttime="20231130 17:57:09.147" endtime="20231130 17:57:09.148"/>
</kw>
<status status="NOT RUN" starttime="20231130 17:57:09.138" endtime="20231130 17:57:09.150"/>
</branch>
<branch type="ELSE">
<kw name="Select on the &quot;${name}&quot; item line" library="common" sourcename="Select on the &quot;${text}&quot; item line">
<status status="NOT RUN" starttime="20231130 17:57:09.152" endtime="20231130 17:57:09.153"/>
</kw>
<status status="NOT RUN" starttime="20231130 17:57:09.151" endtime="20231130 17:57:09.154"/>
</branch>
<status status="NOT RUN" starttime="20231130 17:57:09.138" endtime="20231130 17:57:09.154"/>
</if>
<status status="NOT RUN" starttime="20231130 17:57:09.129" endtime="20231130 17:57:09.155"/>
</branch>
<branch type="ELSE">
<kw name="Go to &quot;Post&quot; page">
<kw name="Login to admin" library="common">
<kw name="Enter &quot;email&quot; in &quot;Email&quot; with &quot;admin@gmail.com&quot;" library="common" sourcename="Enter &quot;${type}&quot; in &quot;${name}&quot; with &quot;${text}&quot;">
<kw name="Wait Until Element Spin" library="common">
<kw name="Sleep" library="BuiltIn">
<arg>${SHOULD_TIMEOUT}</arg>
<doc>Pauses the test executed for the given time.</doc>
<msg timestamp="20231130 17:57:09.267" level="INFO">Slept 100 milliseconds</msg>
<status status="PASS" starttime="20231130 17:57:09.163" endtime="20231130 17:57:09.268"/>
</kw>
<kw name="Set Variable" library="BuiltIn">
<var>${element}</var>
<arg>xpath=//*[contains(@class, "ant-spin-spinning")]</arg>
<doc>Returns the given values which can then be assigned to a variables.</doc>
<msg timestamp="20231130 17:57:09.271" level="INFO">${element} = xpath=//*[contains(@class, "ant-spin-spinning")]</msg>
<status status="PASS" starttime="20231130 17:57:09.270" endtime="20231130 17:57:09.272"/>
</kw>
<kw name="Get Element Count" library="Browser">
<var>${count}</var>
<arg>${element}</arg>
<tag>Assertion</tag>
<tag>Getter</tag>
<tag>PageContent</tag>
<doc>Returns the count of elements found with ``selector``.</doc>
<msg timestamp="20231130 17:57:09.286" level="INFO">${count} = 0</msg>
<status status="PASS" starttime="20231130 17:57:09.272" endtime="20231130 17:57:09.287"/>
</kw>
<if>
<branch type="IF" condition="${count} &gt; 0">
<kw name="Wait Until Page Does Not Contain Element" library="common">
<arg>${element}</arg>
<status status="NOT RUN" starttime="20231130 17:57:09.288" endtime="20231130 17:57:09.289"/>
</kw>
<status status="NOT RUN" starttime="20231130 17:57:09.287" endtime="20231130 17:57:09.289"/>
</branch>
<status status="PASS" starttime="20231130 17:57:09.287" endtime="20231130 17:57:09.290"/>
</if>
<status status="PASS" starttime="20231130 17:57:09.161" endtime="20231130 17:57:09.290"/>
</kw>
<kw name="Get Random Text" library="common">
<var>${text}</var>
<arg>${type}</arg>
<arg>${text}</arg>
<kw name="Set Variable" library="BuiltIn">
<var>${symbol}</var>
<arg>_RANDOM_</arg>
<doc>Returns the given values which can then be assigned to a variables.</doc>
<msg timestamp="20231130 17:57:09.294" level="INFO">${symbol} = _RANDOM_</msg>
<status status="PASS" starttime="20231130 17:57:09.292" endtime="20231130 17:57:09.295"/>
</kw>
<kw name="Set Variable" library="BuiltIn">
<var>${new_text}</var>
<doc>Returns the given values which can then be assigned to a variables.</doc>
<msg timestamp="20231130 17:57:09.305" level="INFO">${new_text} = </msg>
<status status="PASS" starttime="20231130 17:57:09.303" endtime="20231130 17:57:09.306"/>
</kw>
<kw name="Get Regexp Matches" library="String">
<var>${containsS}</var>
<arg>${text}</arg>
<arg>_@(.+)@_</arg>
<arg>1</arg>
<doc>Returns a list of all non-overlapping matches in the given string.</doc>
<msg timestamp="20231130 17:57:09.309" level="INFO">${containsS} = []</msg>
<status status="PASS" starttime="20231130 17:57:09.307" endtime="20231130 17:57:09.309"/>
</kw>
<kw name="Get Length" library="BuiltIn">
<var>${cntS}</var>
<arg>${containsS}</arg>
<doc>Returns and logs the length of the given item as an integer.</doc>
<msg timestamp="20231130 17:57:09.310" level="INFO">Length is 0</msg>
<msg timestamp="20231130 17:57:09.311" level="INFO">${cntS} = 0</msg>
<status status="PASS" starttime="20231130 17:57:09.310" endtime="20231130 17:57:09.311"/>
</kw>
<kw name="Get Regexp Matches" library="String">
<var>${contains}</var>
<arg>${text}</arg>
<arg>${symbol}</arg>
<doc>Returns a list of all non-overlapping matches in the given string.</doc>
<msg timestamp="20231130 17:57:09.313" level="INFO">${contains} = []</msg>
<status status="PASS" starttime="20231130 17:57:09.312" endtime="20231130 17:57:09.314"/>
</kw>
<kw name="Get Length" library="BuiltIn">
<var>${cnt}</var>
<arg>${contains}</arg>
<doc>Returns and logs the length of the given item as an integer.</doc>
<msg timestamp="20231130 17:57:09.323" level="INFO">Length is 0</msg>
<msg timestamp="20231130 17:57:09.324" level="INFO">${cnt} = 0</msg>
<status status="PASS" starttime="20231130 17:57:09.314" endtime="20231130 17:57:09.325"/>
</kw>
<if>
<branch type="IF" condition="${cntS} &gt; 0">
<kw name="Set Variable" library="BuiltIn">
<var>${new_text}</var>
<arg>${STATE["${containsS[0]}"]}</arg>
<doc>Returns the given values which can then be assigned to a variables.</doc>
<status status="NOT RUN" starttime="20231130 17:57:09.326" endtime="20231130 17:57:09.327"/>
</kw>
<kw name="Set Variable" library="BuiltIn">
<var>${symbol}</var>
<arg>_@${containsS[0]}@_</arg>
<doc>Returns the given values which can then be assigned to a variables.</doc>
<status status="NOT RUN" starttime="20231130 17:57:09.328" endtime="20231130 17:57:09.328"/>
</kw>
<status status="NOT RUN" starttime="20231130 17:57:09.325" endtime="20231130 17:57:09.328"/>
</branch>
<branch type="ELSE IF" condition="${cnt} &gt; 0 and '${type}' == 'test name'">
<kw name="Sentence" library="FakerLibrary">
<var>${random}</var>
<arg>nb_words=3</arg>
<doc>Generate a sentence.</doc>
<status status="NOT RUN" starttime="20231130 17:57:09.330" endtime="20231130 17:57:09.330"/>
</kw>
<kw name="Split String" library="String">
<var>${words}</var>
<arg>${TEST NAME}</arg>
<arg>${SPACE}</arg>
<doc>Splits the ``string`` using ``separator`` as a delimiter string.</doc>
<status status="NOT RUN" starttime="20231130 17:57:09.331" endtime="20231130 17:57:09.336"/>
</kw>
<kw name="Set Variable" library="BuiltIn">
<var>${new_text}</var>
<arg>${words[0]} ${random}</arg>
<doc>Returns the given values which can then be assigned to a variables.</doc>
<status status="NOT RUN" starttime="20231130 17:57:09.337" endtime="20231130 17:57:09.338"/>
</kw>
<status status="NOT RUN" starttime="20231130 17:57:09.329" endtime="20231130 17:57:09.339"/>
</branch>
<branch type="ELSE IF" condition="${cnt} &gt; 0 and '${type}' == 'number'">
<kw name="Random Int" library="FakerLibrary">
<var>${new_text}</var>
<doc>Generate a random integer between two integers ``min`` and ``max`` inclusive
while observing the provided ``step`` value.</doc>
<status status="NOT RUN" starttime="20231130 17:57:09.341" endtime="20231130 17:57:09.342"/>
</kw>
<kw name="Convert To String" library="BuiltIn">
<var>${new_text}</var>
<arg>${new_text}</arg>
<doc>Converts the given item to a Unicode string.</doc>
<status status="NOT RUN" starttime="20231130 17:57:09.342" endtime="20231130 17:57:09.343"/>
</kw>
<status status="NOT RUN" starttime="20231130 17:57:09.340" endtime="20231130 17:57:09.344"/>
</branch>
<branch type="ELSE IF" condition="${cnt} &gt; 0 and '${type}' == 'percentage'">
<kw name="Random Int" library="FakerLibrary">
<var>${new_text}</var>
<arg>max=100</arg>
<doc>Generate a random integer between two integers ``min`` and ``max`` inclusive
while observing the provided ``step`` value.</doc>
<status status="NOT RUN" starttime="20231130 17:57:09.346" endtime="20231130 17:57:09.346"/>
</kw>
<kw name="Convert To String" library="BuiltIn">
<var>${new_text}</var>
<arg>${new_text}</arg>
<doc>Converts the given item to a Unicode string.</doc>
<status status="NOT RUN" starttime="20231130 17:57:09.348" endtime="20231130 17:57:09.352"/>
</kw>
<status status="NOT RUN" starttime="20231130 17:57:09.344" endtime="20231130 17:57:09.354"/>
</branch>
<branch type="ELSE IF" condition="${cnt} &gt; 0 and '${type}' == 'paragraph'">
<kw name="Paragraph" library="FakerLibrary">
<var>${new_text}</var>
<doc>Generate a paragraph.</doc>
<status status="NOT RUN" starttime="20231130 17:57:09.356" endtime="20231130 17:57:09.356"/>
</kw>
<status status="NOT RUN" starttime="20231130 17:57:09.355" endtime="20231130 17:57:09.357"/>
</branch>
<branch type="ELSE IF" condition="${cnt} &gt; 0 and '${type}' == 'email'">
<kw name="Email" library="FakerLibrary">
<var>${new_text}</var>
<status status="NOT RUN" starttime="20231130 17:57:09.359" endtime="20231130 17:57:09.359"/>
</kw>
<status status="NOT RUN" starttime="20231130 17:57:09.358" endtime="20231130 17:57:09.359"/>
</branch>
<branch type="ELSE IF" condition="${cnt} &gt; 0 and '${type}' == 'phone'">
<kw name="Random Int" library="FakerLibrary">
<var>${new_text}</var>
<arg>min=2000000000</arg>
<arg>max=9999999999</arg>
<doc>Generate a random integer between two integers ``min`` and ``max`` inclusive
while observing the provided ``step`` value.</doc>
<status status="NOT RUN" starttime="20231130 17:57:09.360" endtime="20231130 17:57:09.360"/>
</kw>
<kw name="Convert To String" library="BuiltIn">
<var>${new_text}</var>
<arg>${new_text}</arg>
<doc>Converts the given item to a Unicode string.</doc>
<status status="NOT RUN" starttime="20231130 17:57:09.361" endtime="20231130 17:57:09.361"/>
</kw>
<kw name="Catenate" library="BuiltIn">
<var>${new_text}</var>
<arg>SEPARATOR=</arg>
<arg>0</arg>
<arg>${new_text}</arg>
<doc>Catenates the given items together and returns the resulted string.</doc>
<status status="NOT RUN" starttime="20231130 17:57:09.362" endtime="20231130 17:57:09.362"/>
</kw>
<status status="NOT RUN" starttime="20231130 17:57:09.359" endtime="20231130 17:57:09.362"/>
</branch>
<branch type="ELSE IF" condition="${cnt} &gt; 0 and '${type}' == 'color'">
<kw name="Safe Hex Color" library="FakerLibrary">
<var>${new_text}</var>
<doc>Generate a web-safe color formatted as a hex triplet.</doc>
<status status="NOT RUN" starttime="20231130 17:57:09.365" endtime="20231130 17:57:09.369"/>
</kw>
<status status="NOT RUN" starttime="20231130 17:57:09.363" endtime="20231130 17:57:09.370"/>
</branch>
<branch type="ELSE IF" condition="${cnt} &gt; 0 and &quot;${type}&quot; == 'password'">
<kw name="Password" library="FakerLibrary">
<var>${new_text}</var>
<arg>10</arg>
<arg>True</arg>
<arg>True</arg>
<arg>True</arg>
<arg>True</arg>
<doc>Generate a random password of the specified ``length``.</doc>
<status status="NOT RUN" starttime="20231130 17:57:09.371" endtime="20231130 17:57:09.372"/>
</kw>
<status status="NOT RUN" starttime="20231130 17:57:09.370" endtime="20231130 17:57:09.373"/>
</branch>
<branch type="ELSE IF" condition="${cnt} &gt; 0 and '${type}' == 'date'">
<kw name="Date" library="FakerLibrary">
<var>${new_text}</var>
<arg>pattern=%d-%m-%Y</arg>
<doc>Get a date string between January 1, 1970 and now.</doc>
<status status="NOT RUN" starttime="20231130 17:57:09.374" endtime="20231130 17:57:09.375"/>
</kw>
<status status="NOT RUN" starttime="20231130 17:57:09.373" endtime="20231130 17:57:09.376"/>
</branch>
<branch type="ELSE IF" condition="${cnt} &gt; 0 and '${type}' == 'word'">
<kw name="Sentence" library="FakerLibrary">
<var>${new_text}</var>
<arg>nb_words=2</arg>
<doc>Generate a sentence.</doc>
<status status="NOT RUN" starttime="20231130 17:57:09.377" endtime="20231130 17:57:09.378"/>
</kw>
<status status="NOT RUN" starttime="20231130 17:57:09.376" endtime="20231130 17:57:09.379"/>
</branch>
<branch type="ELSE IF" condition="${cnt} &gt; 0">
<kw name="Sentence" library="FakerLibrary">
<var>${new_text}</var>
<doc>Generate a sentence.</doc>
<status status="NOT RUN" starttime="20231130 17:57:09.380" endtime="20231130 17:57:09.381"/>
</kw>
<status status="NOT RUN" starttime="20231130 17:57:09.379" endtime="20231130 17:57:09.382"/>
</branch>
<status status="PASS" starttime="20231130 17:57:09.325" endtime="20231130 17:57:09.386"/>
</if>
<kw name="Get Length" library="BuiltIn">
<var>${cnt}</var>
<arg>${text}</arg>
<doc>Returns and logs the length of the given item as an integer.</doc>
<msg timestamp="20231130 17:57:09.388" level="INFO">Length is 15</msg>
<msg timestamp="20231130 17:57:09.388" level="INFO">${cnt} = 15</msg>
<status status="PASS" starttime="20231130 17:57:09.386" endtime="20231130 17:57:09.388"/>
</kw>
<if>
<branch type="IF" condition="${cnt} &gt; 0">
<kw name="Replace String" library="String">
<var>${text}</var>
<arg>${text}</arg>
<arg>${symbol}</arg>
<arg>${new_text}</arg>
<doc>Replaces ``search_for`` in the given ``string`` with ``replace_with``.</doc>
<msg timestamp="20231130 17:57:09.392" level="INFO">${text} = admin@gmail.com</msg>
<status status="PASS" starttime="20231130 17:57:09.391" endtime="20231130 17:57:09.393"/>
</kw>
<status status="PASS" starttime="20231130 17:57:09.389" endtime="20231130 17:57:09.393"/>
</branch>
<status status="PASS" starttime="20231130 17:57:09.389" endtime="20231130 17:57:09.394"/>
</if>
<msg timestamp="20231130 17:57:09.394" level="INFO">${text} = admin@gmail.com</msg>
<status status="PASS" starttime="20231130 17:57:09.291" endtime="20231130 17:57:09.395"/>
</kw>
<kw name="Get Element Form Item By Name" library="common">
<var>${element}</var>
<arg>${name}</arg>
<arg>//*[contains(@class, "ant-input")]</arg>
<msg timestamp="20231130 17:57:09.397" level="INFO">${element} = xpath=//*[contains(@class, "ant-form-item-label")]/label[text()="Email"]/../../*[contains(@class, "ant-form-item")]//*[contains(@class, "ant-input")]</msg>
<status status="PASS" starttime="20231130 17:57:09.395" endtime="20231130 17:57:09.397"/>
</kw>
<kw name="Click" library="Browser">
<arg>${element}</arg>
<tag>PageContent</tag>
<tag>Setter</tag>
<doc>Simulates mouse click on the element found by ``selector``.</doc>
<status status="PASS" starttime="20231130 17:57:09.398" endtime="20231130 17:57:09.558"/>
</kw>
<kw name="Clear Text" library="Browser">
<arg>${element}</arg>
<tag>PageContent</tag>
<tag>Setter</tag>
<doc>Clears the text field found by ``selector``.</doc>
<status status="PASS" starttime="20231130 17:57:09.559" endtime="20231130 17:57:09.661"/>
</kw>
<kw name="Fill Text" library="Browser">
<arg>${element}</arg>
<arg>${text}</arg>
<arg>True</arg>
<tag>PageContent</tag>
<tag>Setter</tag>
<doc>Clears and fills the given ``txt`` into the text field found by ``selector``.</doc>
<msg timestamp="20231130 17:57:09.663" level="INFO">Fills the text 'admin@gmail.com' in the given field.</msg>
<status status="PASS" starttime="20231130 17:57:09.662" endtime="20231130 17:57:09.742"/>
</kw>
<kw name="Get Text" library="Browser">
<var>${condition}</var>
<arg>${element}</arg>
<tag>Assertion</tag>
<tag>Getter</tag>
<tag>PageContent</tag>
<doc>Returns text attribute of the element found by ``selector``.</doc>
<msg timestamp="20231130 17:57:09.832" level="INFO">Text: 'admin@gmail.com'</msg>
<msg timestamp="20231130 17:57:09.835" level="INFO">${condition} = admin@gmail.com</msg>
<status status="PASS" starttime="20231130 17:57:09.743" endtime="20231130 17:57:09.836"/>
</kw>
<while condition="'${condition}' != '${text}'" limit="10">
<iter>
<kw name="Fill Text" library="Browser">
<arg>${element}</arg>
<arg>${text}</arg>
<tag>PageContent</tag>
<tag>Setter</tag>
<doc>Clears and fills the given ``txt`` into the text field found by ``selector``.</doc>
<status status="NOT RUN" starttime="20231130 17:57:09.839" endtime="20231130 17:57:09.840"/>
</kw>
<kw name="Get Text" library="Browser">
<var>${condition}</var>
<arg>${element}</arg>
<tag>Assertion</tag>
<tag>Getter</tag>
<tag>PageContent</tag>
<doc>Returns text attribute of the element found by ``selector``.</doc>
<status status="NOT RUN" starttime="20231130 17:57:09.841" endtime="20231130 17:57:09.842"/>
</kw>
<status status="NOT RUN" starttime="20231130 17:57:09.837" endtime="20231130 17:57:09.843"/>
</iter>
<status status="NOT RUN" starttime="20231130 17:57:09.837" endtime="20231130 17:57:09.843"/>
</while>
<kw name="Scroll To Element" library="Browser">
<arg>${element}</arg>
<tag>PageContent</tag>
<tag>Setter</tag>
<doc>This method waits for actionability checks, then tries to scroll element into view,
unless it is completely visible.</doc>
<status status="PASS" starttime="20231130 17:57:09.845" endtime="20231130 17:57:09.929"/>
</kw>
<kw name="Get Length" library="BuiltIn">
<var>${cnt}</var>
<arg>${text}</arg>
<doc>Returns and logs the length of the given item as an integer.</doc>
<msg timestamp="20231130 17:57:09.931" level="INFO">Length is 15</msg>
<msg timestamp="20231130 17:57:09.935" level="INFO">${cnt} = 15</msg>
<status status="PASS" starttime="20231130 17:57:09.930" endtime="20231130 17:57:09.935"/>
</kw>
<if>
<branch type="IF" condition="${cnt} &gt; 0">
<kw name="Set Global Variable" library="BuiltIn">
<arg>\${STATE["${name}"]}</arg>
<arg>${text}</arg>
<doc>Makes a variable available globally in all tests and suites.</doc>
<msg timestamp="20231130 17:57:09.939" level="INFO">${STATE["Email"]} = admin@gmail.com</msg>
<status status="PASS" starttime="20231130 17:57:09.937" endtime="20231130 17:57:09.939"/>
</kw>
<status status="PASS" starttime="20231130 17:57:09.936" endtime="20231130 17:57:09.939"/>
</branch>
<status status="PASS" starttime="20231130 17:57:09.936" endtime="20231130 17:57:09.940"/>
</if>
<status status="PASS" starttime="20231130 17:57:09.159" endtime="20231130 17:57:09.940"/>
</kw>
<kw name="Enter &quot;password&quot; in &quot;Mật khẩu&quot; with &quot;123123&quot;" library="common" sourcename="Enter &quot;${type}&quot; in &quot;${name}&quot; with &quot;${text}&quot;">
<kw name="Wait Until Element Spin" library="common">
<kw name="Sleep" library="BuiltIn">
<arg>${SHOULD_TIMEOUT}</arg>
<doc>Pauses the test executed for the given time.</doc>
<msg timestamp="20231130 17:57:10.044" level="INFO">Slept 100 milliseconds</msg>
<status status="PASS" starttime="20231130 17:57:09.943" endtime="20231130 17:57:10.044"/>
</kw>
<kw name="Set Variable" library="BuiltIn">
<var>${element}</var>
<arg>xpath=//*[contains(@class, "ant-spin-spinning")]</arg>
<doc>Returns the given values which can then be assigned to a variables.</doc>
<msg timestamp="20231130 17:57:10.046" level="INFO">${element} = xpath=//*[contains(@class, "ant-spin-spinning")]</msg>
<status status="PASS" starttime="20231130 17:57:10.045" endtime="20231130 17:57:10.046"/>
</kw>
<kw name="Get Element Count" library="Browser">
<var>${count}</var>
<arg>${element}</arg>
<tag>Assertion</tag>
<tag>Getter</tag>
<tag>PageContent</tag>
<doc>Returns the count of elements found with ``selector``.</doc>
<msg timestamp="20231130 17:57:10.059" level="INFO">${count} = 0</msg>
<status status="PASS" starttime="20231130 17:57:10.047" endtime="20231130 17:57:10.060"/>
</kw>
<if>
<branch type="IF" condition="${count} &gt; 0">
<kw name="Wait Until Page Does Not Contain Element" library="common">
<arg>${element}</arg>
<status status="NOT RUN" starttime="20231130 17:57:10.062" endtime="20231130 17:57:10.062"/>
</kw>
<status status="NOT RUN" starttime="20231130 17:57:10.061" endtime="20231130 17:57:10.063"/>
</branch>
<status status="PASS" starttime="20231130 17:57:10.060" endtime="20231130 17:57:10.063"/>
</if>
<status status="PASS" starttime="20231130 17:57:09.942" endtime="20231130 17:57:10.064"/>
</kw>
<kw name="Get Random Text" library="common">
<var>${text}</var>
<arg>${type}</arg>
<arg>${text}</arg>
<kw name="Set Variable" library="BuiltIn">
<var>${symbol}</var>
<arg>_RANDOM_</arg>
<doc>Returns the given values which can then be assigned to a variables.</doc>
<msg timestamp="20231130 17:57:10.070" level="INFO">${symbol} = _RANDOM_</msg>
<status status="PASS" starttime="20231130 17:57:10.069" endtime="20231130 17:57:10.070"/>
</kw>
<kw name="Set Variable" library="BuiltIn">
<var>${new_text}</var>
<doc>Returns the given values which can then be assigned to a variables.</doc>
<msg timestamp="20231130 17:57:10.072" level="INFO">${new_text} = </msg>
<status status="PASS" starttime="20231130 17:57:10.071" endtime="20231130 17:57:10.072"/>
</kw>
<kw name="Get Regexp Matches" library="String">
<var>${containsS}</var>
<arg>${text}</arg>
<arg>_@(.+)@_</arg>
<arg>1</arg>
<doc>Returns a list of all non-overlapping matches in the given string.</doc>
<msg timestamp="20231130 17:57:10.075" level="INFO">${containsS} = []</msg>
<status status="PASS" starttime="20231130 17:57:10.073" endtime="20231130 17:57:10.075"/>
</kw>
<kw name="Get Length" library="BuiltIn">
<var>${cntS}</var>
<arg>${containsS}</arg>
<doc>Returns and logs the length of the given item as an integer.</doc>
<msg timestamp="20231130 17:57:10.077" level="INFO">Length is 0</msg>
<msg timestamp="20231130 17:57:10.078" level="INFO">${cntS} = 0</msg>
<status status="PASS" starttime="20231130 17:57:10.076" endtime="20231130 17:57:10.078"/>
</kw>
<kw name="Get Regexp Matches" library="String">
<var>${contains}</var>
<arg>${text}</arg>
<arg>${symbol}</arg>
<doc>Returns a list of all non-overlapping matches in the given string.</doc>
<msg timestamp="20231130 17:57:10.080" level="INFO">${contains} = []</msg>
<status status="PASS" starttime="20231130 17:57:10.079" endtime="20231130 17:57:10.080"/>
</kw>
<kw name="Get Length" library="BuiltIn">
<var>${cnt}</var>
<arg>${contains}</arg>
<doc>Returns and logs the length of the given item as an integer.</doc>
<msg timestamp="20231130 17:57:10.086" level="INFO">Length is 0</msg>
<msg timestamp="20231130 17:57:10.086" level="INFO">${cnt} = 0</msg>
<status status="PASS" starttime="20231130 17:57:10.081" endtime="20231130 17:57:10.087"/>
</kw>
<if>
<branch type="IF" condition="${cntS} &gt; 0">
<kw name="Set Variable" library="BuiltIn">
<var>${new_text}</var>
<arg>${STATE["${containsS[0]}"]}</arg>
<doc>Returns the given values which can then be assigned to a variables.</doc>
<status status="NOT RUN" starttime="20231130 17:57:10.089" endtime="20231130 17:57:10.089"/>
</kw>
<kw name="Set Variable" library="BuiltIn">
<var>${symbol}</var>
<arg>_@${containsS[0]}@_</arg>
<doc>Returns the given values which can then be assigned to a variables.</doc>
<status status="NOT RUN" starttime="20231130 17:57:10.090" endtime="20231130 17:57:10.091"/>
</kw>
<status status="NOT RUN" starttime="20231130 17:57:10.087" endtime="20231130 17:57:10.091"/>
</branch>
<branch type="ELSE IF" condition="${cnt} &gt; 0 and '${type}' == 'test name'">
<kw name="Sentence" library="FakerLibrary">
<var>${random}</var>
<arg>nb_words=3</arg>
<doc>Generate a sentence.</doc>
<status status="NOT RUN" starttime="20231130 17:57:10.093" endtime="20231130 17:57:10.094"/>
</kw>
<kw name="Split String" library="String">
<var>${words}</var>
<arg>${TEST NAME}</arg>
<arg>${SPACE}</arg>
<doc>Splits the ``string`` using ``separator`` as a delimiter string.</doc>
<status status="NOT RUN" starttime="20231130 17:57:10.094" endtime="20231130 17:57:10.095"/>
</kw>
<kw name="Set Variable" library="BuiltIn">
<var>${new_text}</var>
<arg>${words[0]} ${random}</arg>
<doc>Returns the given values which can then be assigned to a variables.</doc>
<status status="NOT RUN" starttime="20231130 17:57:10.096" endtime="20231130 17:57:10.096"/>
</kw>
<status status="NOT RUN" starttime="20231130 17:57:10.092" endtime="20231130 17:57:10.097"/>
</branch>
<branch type="ELSE IF" condition="${cnt} &gt; 0 and '${type}' == 'number'">
<kw name="Random Int" library="FakerLibrary">
<var>${new_text}</var>
<doc>Generate a random integer between two integers ``min`` and ``max`` inclusive
while observing the provided ``step`` value.</doc>
<status status="NOT RUN" starttime="20231130 17:57:10.101" endtime="20231130 17:57:10.102"/>
</kw>
<kw name="Convert To String" library="BuiltIn">
<var>${new_text}</var>
<arg>${new_text}</arg>
<doc>Converts the given item to a Unicode string.</doc>
<status status="NOT RUN" starttime="20231130 17:57:10.103" endtime="20231130 17:57:10.104"/>
</kw>
<status status="NOT RUN" starttime="20231130 17:57:10.097" endtime="20231130 17:57:10.104"/>
</branch>
<branch type="ELSE IF" condition="${cnt} &gt; 0 and '${type}' == 'percentage'">
<kw name="Random Int" library="FakerLibrary">
<var>${new_text}</var>
<arg>max=100</arg>
<doc>Generate a random integer between two integers ``min`` and ``max`` inclusive
while observing the provided ``step`` value.</doc>
<status status="NOT RUN" starttime="20231130 17:57:10.106" endtime="20231130 17:57:10.106"/>
</kw>
<kw name="Convert To String" library="BuiltIn">
<var>${new_text}</var>
<arg>${new_text}</arg>
<doc>Converts the given item to a Unicode string.</doc>
<status status="NOT RUN" starttime="20231130 17:57:10.106" endtime="20231130 17:57:10.106"/>
</kw>
<status status="NOT RUN" starttime="20231130 17:57:10.105" endtime="20231130 17:57:10.107"/>
</branch>
<branch type="ELSE IF" condition="${cnt} &gt; 0 and '${type}' == 'paragraph'">
<kw name="Paragraph" library="FakerLibrary">
<var>${new_text}</var>
<doc>Generate a paragraph.</doc>
<status status="NOT RUN" starttime="20231130 17:57:10.108" endtime="20231130 17:57:10.108"/>
</kw>
<status status="NOT RUN" starttime="20231130 17:57:10.107" endtime="20231130 17:57:10.108"/>
</branch>
<branch type="ELSE IF" condition="${cnt} &gt; 0 and '${type}' == 'email'">
<kw name="Email" library="FakerLibrary">
<var>${new_text}</var>
<status status="NOT RUN" starttime="20231130 17:57:10.109" endtime="20231130 17:57:10.110"/>
</kw>
<status status="NOT RUN" starttime="20231130 17:57:10.109" endtime="20231130 17:57:10.110"/>
</branch>
<branch type="ELSE IF" condition="${cnt} &gt; 0 and '${type}' == 'phone'">
<kw name="Random Int" library="FakerLibrary">
<var>${new_text}</var>
<arg>min=2000000000</arg>
<arg>max=9999999999</arg>
<doc>Generate a random integer between two integers ``min`` and ``max`` inclusive
while observing the provided ``step`` value.</doc>
<status status="NOT RUN" starttime="20231130 17:57:10.111" endtime="20231130 17:57:10.111"/>
</kw>
<kw name="Convert To String" library="BuiltIn">
<var>${new_text}</var>
<arg>${new_text}</arg>
<doc>Converts the given item to a Unicode string.</doc>
<status status="NOT RUN" starttime="20231130 17:57:10.112" endtime="20231130 17:57:10.112"/>
</kw>
<kw name="Catenate" library="BuiltIn">
<var>${new_text}</var>
<arg>SEPARATOR=</arg>
<arg>0</arg>
<arg>${new_text}</arg>
<doc>Catenates the given items together and returns the resulted string.</doc>
<status status="NOT RUN" starttime="20231130 17:57:10.112" endtime="20231130 17:57:10.112"/>
</kw>
<status status="NOT RUN" starttime="20231130 17:57:10.110" endtime="20231130 17:57:10.113"/>
</branch>
<branch type="ELSE IF" condition="${cnt} &gt; 0 and '${type}' == 'color'">
<kw name="Safe Hex Color" library="FakerLibrary">
<var>${new_text}</var>
<doc>Generate a web-safe color formatted as a hex triplet.</doc>
<status status="NOT RUN" starttime="20231130 17:57:10.113" endtime="20231130 17:57:10.114"/>
</kw>
<status status="NOT RUN" starttime="20231130 17:57:10.113" endtime="20231130 17:57:10.114"/>
</branch>
<branch type="ELSE IF" condition="${cnt} &gt; 0 and &quot;${type}&quot; == 'password'">
<kw name="Password" library="FakerLibrary">
<var>${new_text}</var>
<arg>10</arg>
<arg>True</arg>
<arg>True</arg>
<arg>True</arg>
<arg>True</arg>
<doc>Generate a random password of the specified ``length``.</doc>
<status status="NOT RUN" starttime="20231130 17:57:10.140" endtime="20231130 17:57:10.144"/>
</kw>
<status status="NOT RUN" starttime="20231130 17:57:10.114" endtime="20231130 17:57:10.145"/>
</branch>
<branch type="ELSE IF" condition="${cnt} &gt; 0 and '${type}' == 'date'">
<kw name="Date" library="FakerLibrary">
<var>${new_text}</var>
<arg>pattern=%d-%m-%Y</arg>
<doc>Get a date string between January 1, 1970 and now.</doc>
<status status="NOT RUN" starttime="20231130 17:57:10.153" endtime="20231130 17:57:10.154"/>
</kw>
<status status="NOT RUN" starttime="20231130 17:57:10.148" endtime="20231130 17:57:10.154"/>
</branch>
<branch type="ELSE IF" condition="${cnt} &gt; 0 and '${type}' == 'word'">
<kw name="Sentence" library="FakerLibrary">
<var>${new_text}</var>
<arg>nb_words=2</arg>
<doc>Generate a sentence.</doc>
<status status="NOT RUN" starttime="20231130 17:57:10.156" endtime="20231130 17:57:10.156"/>
</kw>
<status status="NOT RUN" starttime="20231130 17:57:10.155" endtime="20231130 17:57:10.157"/>
</branch>
<branch type="ELSE IF" condition="${cnt} &gt; 0">
<kw name="Sentence" library="FakerLibrary">
<var>${new_text}</var>
<doc>Generate a sentence.</doc>
<status status="NOT RUN" starttime="20231130 17:57:10.158" endtime="20231130 17:57:10.158"/>
</kw>
<status status="NOT RUN" starttime="20231130 17:57:10.157" endtime="20231130 17:57:10.159"/>
</branch>
<status status="PASS" starttime="20231130 17:57:10.087" endtime="20231130 17:57:10.159"/>
</if>
<kw name="Get Length" library="BuiltIn">
<var>${cnt}</var>
<arg>${text}</arg>
<doc>Returns and logs the length of the given item as an integer.</doc>
<msg timestamp="20231130 17:57:10.160" level="INFO">Length is 6</msg>
<msg timestamp="20231130 17:57:10.161" level="INFO">${cnt} = 6</msg>
<status status="PASS" starttime="20231130 17:57:10.160" endtime="20231130 17:57:10.161"/>
</kw>
<if>
<branch type="IF" condition="${cnt} &gt; 0">
<kw name="Replace String" library="String">
<var>${text}</var>
<arg>${text}</arg>
<arg>${symbol}</arg>
<arg>${new_text}</arg>
<doc>Replaces ``search_for`` in the given ``string`` with ``replace_with``.</doc>
<msg timestamp="20231130 17:57:10.163" level="INFO">${text} = 123123</msg>
<status status="PASS" starttime="20231130 17:57:10.162" endtime="20231130 17:57:10.163"/>
</kw>
<status status="PASS" starttime="20231130 17:57:10.161" endtime="20231130 17:57:10.164"/>
</branch>
<status status="PASS" starttime="20231130 17:57:10.161" endtime="20231130 17:57:10.164"/>
</if>
<msg timestamp="20231130 17:57:10.168" level="INFO">${text} = 123123</msg>
<status status="PASS" starttime="20231130 17:57:10.064" endtime="20231130 17:57:10.169"/>
</kw>
<kw name="Get Element Form Item By Name" library="common">
<var>${element}</var>
<arg>${name}</arg>
<arg>//*[contains(@class, "ant-input")]</arg>
<msg timestamp="20231130 17:57:10.172" level="INFO">${element} = xpath=//*[contains(@class, "ant-form-item-label")]/label[text()="Mật khẩu"]/../../*[contains(@class, "ant-form-item")]//*[contains(@class, "ant-input")]</msg>
<status status="PASS" starttime="20231130 17:57:10.171" endtime="20231130 17:57:10.173"/>
</kw>
<kw name="Click" library="Browser">
<arg>${element}</arg>
<tag>PageContent</tag>
<tag>Setter</tag>
<doc>Simulates mouse click on the element found by ``selector``.</doc>
<status status="PASS" starttime="20231130 17:57:10.174" endtime="20231130 17:57:10.272"/>
</kw>
<kw name="Clear Text" library="Browser">
<arg>${element}</arg>
<tag>PageContent</tag>
<tag>Setter</tag>
<doc>Clears the text field found by ``selector``.</doc>
<status status="PASS" starttime="20231130 17:57:10.272" endtime="20231130 17:57:10.307"/>
</kw>
<kw name="Fill Text" library="Browser">
<arg>${element}</arg>
<arg>${text}</arg>
<arg>True</arg>
<tag>PageContent</tag>
<tag>Setter</tag>
<doc>Clears and fills the given ``txt`` into the text field found by ``selector``.</doc>
<msg timestamp="20231130 17:57:10.309" level="INFO">Fills the text '123123' in the given field.</msg>
<status status="PASS" starttime="20231130 17:57:10.308" endtime="20231130 17:57:10.364"/>
</kw>
<kw name="Get Text" library="Browser">
<var>${condition}</var>
<arg>${element}</arg>
<tag>Assertion</tag>
<tag>Getter</tag>
<tag>PageContent</tag>
<doc>Returns text attribute of the element found by ``selector``.</doc>
<msg timestamp="20231130 17:57:10.413" level="INFO">Text: '123123'</msg>
<msg timestamp="20231130 17:57:10.414" level="INFO">${condition} = 123123</msg>
<status status="PASS" starttime="20231130 17:57:10.369" endtime="20231130 17:57:10.414"/>
</kw>
<while condition="'${condition}' != '${text}'" limit="10">
<iter>
<kw name="Fill Text" library="Browser">
<arg>${element}</arg>
<arg>${text}</arg>
<tag>PageContent</tag>
<tag>Setter</tag>
<doc>Clears and fills the given ``txt`` into the text field found by ``selector``.</doc>
<status status="NOT RUN" starttime="20231130 17:57:10.420" endtime="20231130 17:57:10.420"/>
</kw>
<kw name="Get Text" library="Browser">
<var>${condition}</var>
<arg>${element}</arg>
<tag>Assertion</tag>
<tag>Getter</tag>
<tag>PageContent</tag>
<doc>Returns text attribute of the element found by ``selector``.</doc>
<status status="NOT RUN" starttime="20231130 17:57:10.421" endtime="20231130 17:57:10.422"/>
</kw>
<status status="NOT RUN" starttime="20231130 17:57:10.415" endtime="20231130 17:57:10.422"/>
</iter>
<status status="NOT RUN" starttime="20231130 17:57:10.415" endtime="20231130 17:57:10.423"/>
</while>
<kw name="Scroll To Element" library="Browser">
<arg>${element}</arg>
<tag>PageContent</tag>
<tag>Setter</tag>
<doc>This method waits for actionability checks, then tries to scroll element into view,
unless it is completely visible.</doc>
<status status="PASS" starttime="20231130 17:57:10.424" endtime="20231130 17:57:10.496"/>
</kw>
<kw name="Get Length" library="BuiltIn">
<var>${cnt}</var>
<arg>${text}</arg>
<doc>Returns and logs the length of the given item as an integer.</doc>
<msg timestamp="20231130 17:57:10.497" level="INFO">Length is 6</msg>
<msg timestamp="20231130 17:57:10.498" level="INFO">${cnt} = 6</msg>
<status status="PASS" starttime="20231130 17:57:10.496" endtime="20231130 17:57:10.498"/>
</kw>
<if>
<branch type="IF" condition="${cnt} &gt; 0">
<kw name="Set Global Variable" library="BuiltIn">
<arg>\${STATE["${name}"]}</arg>
<arg>${text}</arg>
<doc>Makes a variable available globally in all tests and suites.</doc>
<msg timestamp="20231130 17:57:10.504" level="INFO">${STATE["Mật khẩu"]} = 123123</msg>
<status status="PASS" starttime="20231130 17:57:10.502" endtime="20231130 17:57:10.505"/>
</kw>
<status status="PASS" starttime="20231130 17:57:10.498" endtime="20231130 17:57:10.505"/>
</branch>
<status status="PASS" starttime="20231130 17:57:10.498" endtime="20231130 17:57:10.506"/>
</if>
<status status="PASS" starttime="20231130 17:57:09.941" endtime="20231130 17:57:10.507"/>
</kw>
<kw name="Click &quot;Đăng nhập&quot; button" library="common" sourcename="Click &quot;${text}&quot; button">
<kw name="Sleep" library="BuiltIn">
<arg>${SHOULD_TIMEOUT}</arg>
<doc>Pauses the test executed for the given time.</doc>
<msg timestamp="20231130 17:57:10.610" level="INFO">Slept 100 milliseconds</msg>
<status status="PASS" starttime="20231130 17:57:10.509" endtime="20231130 17:57:10.610"/>
</kw>
<kw name="Get Element Count" library="Browser">
<var>${cnt}</var>
<arg>//button[@title = "${text}"]</arg>
<tag>Assertion</tag>
<tag>Getter</tag>
<tag>PageContent</tag>
<doc>Returns the count of elements found with ``selector``.</doc>
<msg timestamp="20231130 17:57:10.624" level="INFO">${cnt} = 1</msg>
<status status="PASS" starttime="20231130 17:57:10.611" endtime="20231130 17:57:10.624"/>
</kw>
<if>
<branch type="IF" condition="${cnt} &gt; 0">
<kw name="Click" library="Browser">
<arg>xpath=//button[@title = "${text}"]</arg>
<tag>PageContent</tag>
<tag>Setter</tag>
<doc>Simulates mouse click on the element found by ``selector``.</doc>
<status status="PASS" starttime="20231130 17:57:10.625" endtime="20231130 17:57:10.747"/>
</kw>
<kw name="Click Confirm To Action" library="common">
<kw name="Set Variable" library="BuiltIn">
<var>${element}</var>
<arg>xpath=//*[contains(@class, "ant-popover")]//*[contains(@class, "ant-btn-primary")]</arg>
<doc>Returns the given values which can then be assigned to a variables.</doc>
<msg timestamp="20231130 17:57:10.752" level="INFO">${element} = xpath=//*[contains(@class, "ant-popover")]//*[contains(@class, "ant-btn-primary")]</msg>
<status status="PASS" starttime="20231130 17:57:10.750" endtime="20231130 17:57:10.752"/>
</kw>
<kw name="Get Element Count" library="Browser">
<var>${count}</var>
<arg>${element}</arg>
<tag>Assertion</tag>
<tag>Getter</tag>
<tag>PageContent</tag>
<doc>Returns the count of elements found with ``selector``.</doc>
<msg timestamp="20231130 17:57:10.764" level="INFO">${count} = 0</msg>
<status status="PASS" starttime="20231130 17:57:10.753" endtime="20231130 17:57:10.766"/>
</kw>
<if>
<branch type="IF" condition="${count} &gt; 0">
<kw name="Click" library="Browser">
<arg>${element}</arg>
<tag>PageContent</tag>
<tag>Setter</tag>
<doc>Simulates mouse click on the element found by ``selector``.</doc>
<status status="NOT RUN" starttime="20231130 17:57:10.768" endtime="20231130 17:57:10.769"/>
</kw>
<kw name="Sleep" library="BuiltIn">
<arg>${SHOULD_TIMEOUT}</arg>
<doc>Pauses the test executed for the given time.</doc>
<status status="NOT RUN" starttime="20231130 17:57:10.769" endtime="20231130 17:57:10.770"/>
</kw>
<kw name="Wait Until Element Spin" library="common">
<status status="NOT RUN" starttime="20231130 17:57:10.772" endtime="20231130 17:57:10.773"/>
</kw>
<status status="NOT RUN" starttime="20231130 17:57:10.767" endtime="20231130 17:57:10.775"/>
</branch>
<status status="PASS" starttime="20231130 17:57:10.767" endtime="20231130 17:57:10.777"/>
</if>
<status status="PASS" starttime="20231130 17:57:10.749" endtime="20231130 17:57:10.778"/>
</kw>
<kw name="Scroll By" library="Browser">
<arg>${None}</arg>
<tag>PageContent</tag>
<tag>Setter</tag>
<doc>Scrolls an element or the page relative from current position by the given values.</doc>
<msg timestamp="20231130 17:57:10.811" level="INFO">JavaScript executed successfully.</msg>
<msg timestamp="20231130 17:57:10.811" level="INFO">JavaScript executed successfully.</msg>
<msg timestamp="20231130 17:57:10.839" level="INFO">JavaScript executed successfully.</msg>
<msg timestamp="20231130 17:57:10.840" level="INFO">JavaScript executed successfully.</msg>
<msg timestamp="20231130 17:57:10.852" level="INFO">JavaScript executed successfully.</msg>
<status status="PASS" starttime="20231130 17:57:10.779" endtime="20231130 17:57:10.853"/>
</kw>
<status status="PASS" starttime="20231130 17:57:10.625" endtime="20231130 17:57:10.854"/>
</branch>
<branch type="ELSE">
<kw name="Click" library="Browser">
<arg>//span[contains(text(),"${text}")]</arg>
<tag>PageContent</tag>
<tag>Setter</tag>
<doc>Simulates mouse click on the element found by ``selector``.</doc>
<status status="NOT RUN" starttime="20231130 17:57:10.855" endtime="20231130 17:57:10.855"/>
</kw>
<kw name="Click Confirm To Action" library="common">
<status status="NOT RUN" starttime="20231130 17:57:10.856" endtime="20231130 17:57:10.856"/>
</kw>
<kw name="Scroll By" library="Browser">
<arg>${None}</arg>
<tag>PageContent</tag>
<tag>Setter</tag>
<doc>Scrolls an element or the page relative from current position by the given values.</doc>
<status status="NOT RUN" starttime="20231130 17:57:10.857" endtime="20231130 17:57:10.857"/>
</kw>
<status status="NOT RUN" starttime="20231130 17:57:10.854" endtime="20231130 17:57:10.858"/>
</branch>
<status status="PASS" starttime="20231130 17:57:10.625" endtime="20231130 17:57:10.858"/>
</if>
<status status="PASS" starttime="20231130 17:57:10.507" endtime="20231130 17:57:10.859"/>
</kw>
<kw name="User look message &quot;Success&quot; popup" library="common" sourcename="User look message &quot;${message}&quot; popup">
<kw name="Get Regexp Matches" library="String">
<var>${contains}</var>
<arg>${message}</arg>
<arg>_@(.+)@_</arg>
<arg>1</arg>
<doc>Returns a list of all non-overlapping matches in the given string.</doc>
<msg timestamp="20231130 17:57:10.861" level="INFO">${contains} = []</msg>
<status status="PASS" starttime="20231130 17:57:10.860" endtime="20231130 17:57:10.862"/>
</kw>
<kw name="Get Length" library="BuiltIn">
<var>${cnt}</var>
<arg>${contains}</arg>
<doc>Returns and logs the length of the given item as an integer.</doc>
<msg timestamp="20231130 17:57:10.864" level="INFO">Length is 0</msg>
<msg timestamp="20231130 17:57:10.864" level="INFO">${cnt} = 0</msg>
<status status="PASS" starttime="20231130 17:57:10.863" endtime="20231130 17:57:10.864"/>
</kw>
<if>
<branch type="IF" condition="${cnt} &gt; 0">
<kw name="Replace String" library="String">
<var>${message}</var>
<arg>${message}</arg>
<arg>_@${contains[0]}@_</arg>
<arg>${STATE["${contains[0]}"]}</arg>
<doc>Replaces ``search_for`` in the given ``string`` with ``replace_with``.</doc>
<status status="NOT RUN" starttime="20231130 17:57:10.869" endtime="20231130 17:57:10.869"/>
</kw>
<status status="NOT RUN" starttime="20231130 17:57:10.867" endtime="20231130 17:57:10.870"/>
</branch>
<status status="PASS" starttime="20231130 17:57:10.867" endtime="20231130 17:57:10.870"/>
</if>
<kw name="Wait Until Keyword Succeeds" library="BuiltIn">
<arg>${SHOULD_TIMEOUT}</arg>
<arg>${TIME_TRY}</arg>
<arg>Element Text Should Be</arg>
<arg>id=swal2-html-container</arg>
<arg>${message}</arg>
<doc>Runs the specified keyword and retries if it fails.</doc>
<kw name="Element Text Should Be" library="common">
<arg>id=swal2-html-container</arg>
<arg>${message}</arg>
<kw name="Get Text" library="Browser">
<arg>${locator}</arg>
<arg>equal</arg>
<arg>${expected}</arg>
<arg>${message}</arg>
<tag>Assertion</tag>
<tag>Getter</tag>
<tag>PageContent</tag>
<doc>Returns text attribute of the element found by ``selector``.</doc>
<msg timestamp="20231130 17:57:11.247" level="INFO">Text: 'Success'</msg>
<status status="PASS" starttime="20231130 17:57:10.876" endtime="20231130 17:57:11.248"/>
</kw>
<status status="PASS" starttime="20231130 17:57:10.872" endtime="20231130 17:57:11.249"/>
</kw>
<status status="PASS" starttime="20231130 17:57:10.871" endtime="20231130 17:57:11.250"/>
</kw>
<kw name="Set Variable" library="BuiltIn">
<var>${element}</var>
<arg>xpath=//*[contains(@class, "swal2-confirm")]</arg>
<doc>Returns the given values which can then be assigned to a variables.</doc>
<msg timestamp="20231130 17:57:11.252" level="INFO">${element} = xpath=//*[contains(@class, "swal2-confirm")]</msg>
<status status="PASS" starttime="20231130 17:57:11.251" endtime="20231130 17:57:11.253"/>
</kw>
<kw name="Run Keyword And Return Status" library="BuiltIn">
<var>${passed}</var>
<arg>Element Should Be Visible</arg>
<arg>${element}</arg>
<doc>Runs the given keyword with given arguments and returns the status as a Boolean value.</doc>
<kw name="Element Should Be Visible" library="common">
<arg>${element}</arg>
<kw name="Wait For Elements State" library="Browser">
<arg>${locator}</arg>
<arg>visible</arg>
<arg>${timeout}</arg>
<arg>${message}</arg>
<tag>PageContent</tag>
<tag>Wait</tag>
<doc>Waits for the element found by ``selector`` to satisfy state option.</doc>
<msg timestamp="20231130 17:57:11.747" level="INFO" html="true">&lt;/td&gt;&lt;/tr&gt;&lt;tr&gt;&lt;td colspan="3"&gt;&lt;a href="browser/screenshot/fail-screenshot-1.png" target="_blank"&gt;&lt;img src="browser/screenshot/fail-screenshot-1.png" width="800px"/&gt;&lt;/a&gt;</msg>
<msg timestamp="20231130 17:57:11.747" level="INFO">See also file:///D:/TESTER/Automation/playwright-log.txt for additional details.</msg>
<msg timestamp="20231130 17:57:11.747" level="FAIL">TimeoutError: locator.waitFor: Timeout 100ms exceeded.
=========================== logs ===========================
waiting for locator('xpath=//*[contains(@class, "swal2-confirm")]') to be visible
============================================================
Tip: Use "Set Browser Timeout" for increasing the timeout or double check your locator as the targeted element(s) couldn't be found.</msg>
<status status="FAIL" starttime="20231130 17:57:11.258" endtime="20231130 17:57:11.761"/>
</kw>
<status status="FAIL" starttime="20231130 17:57:11.255" endtime="20231130 17:57:11.762"/>
</kw>
<msg timestamp="20231130 17:57:11.763" level="INFO">${passed} = False</msg>
<status status="PASS" starttime="20231130 17:57:11.254" endtime="20231130 17:57:11.763"/>
</kw>
<if>
<branch type="IF" condition="'${passed}' == 'True'">
<kw name="Click" library="Browser">
<arg>${element}</arg>
<tag>PageContent</tag>
<tag>Setter</tag>
<doc>Simulates mouse click on the element found by ``selector``.</doc>
<status status="NOT RUN" starttime="20231130 17:57:11.768" endtime="20231130 17:57:11.769"/>
</kw>
<status status="NOT RUN" starttime="20231130 17:57:11.764" endtime="20231130 17:57:11.769"/>
</branch>
<status status="PASS" starttime="20231130 17:57:11.764" endtime="20231130 17:57:11.770"/>
</if>
<status status="PASS" starttime="20231130 17:57:10.859" endtime="20231130 17:57:11.771"/>
</kw>
<status status="PASS" starttime="20231130 17:57:09.157" endtime="20231130 17:57:11.771"/>
</kw>
<kw name="Click &quot;QUẢN LÝ DANH MỤC&quot; menu" library="common" sourcename="Click &quot;${text}&quot; menu">
<kw name="Wait Until Element Is Existent" library="common">
<arg>//li[contains(@class, "menu") and descendant::span[contains(text(), "${text}")]]</arg>
<kw name="Wait For Elements State" library="Browser">
<arg>${locator}</arg>
<arg>attached</arg>
<arg>${timeout}</arg>
<arg>${message}</arg>
<tag>PageContent</tag>
<tag>Wait</tag>
<doc>Waits for the element found by ``selector`` to satisfy state option.</doc>
<msg timestamp="20231130 17:57:11.806" level="INFO">Waited for Element with selector //li[contains(@class, "menu") and descendant::span[contains(text(), "QUẢN LÝ DANH MỤC")]] at state attached</msg>
<status status="PASS" starttime="20231130 17:57:11.775" endtime="20231130 17:57:11.807"/>
</kw>
<status status="PASS" starttime="20231130 17:57:11.773" endtime="20231130 17:57:11.808"/>
</kw>
<kw name="Click" library="Browser">
<arg>xpath=//li[contains(@class, "menu") and descendant::span[contains(text(), "${text}")]]</arg>
<tag>PageContent</tag>
<tag>Setter</tag>
<doc>Simulates mouse click on the element found by ``selector``.</doc>
<status status="PASS" starttime="20231130 17:57:11.808" endtime="20231130 17:57:12.809"/>
</kw>
<status status="PASS" starttime="20231130 17:57:11.772" endtime="20231130 17:57:12.810"/>
</kw>
<kw name="Click &quot;Post&quot; sub menu to &quot;/post&quot;" library="common" sourcename="Click &quot;${text}&quot; sub menu to &quot;${url}&quot;">
<kw name="Wait Until Element Is Existent" library="common">
<arg>//a[contains(@class, "sub-menu") and descendant::span[contains(text(), "${text}")]]</arg>
<kw name="Wait For Elements State" library="Browser">
<arg>${locator}</arg>
<arg>attached</arg>
<arg>${timeout}</arg>
<arg>${message}</arg>
<tag>PageContent</tag>
<tag>Wait</tag>
<doc>Waits for the element found by ``selector`` to satisfy state option.</doc>
<msg timestamp="20231130 17:57:12.831" level="INFO">Waited for Element with selector //a[contains(@class, "sub-menu") and descendant::span[contains(text(), "Post")]] at state attached</msg>
<status status="PASS" starttime="20231130 17:57:12.812" endtime="20231130 17:57:12.833"/>
</kw>
<status status="PASS" starttime="20231130 17:57:12.811" endtime="20231130 17:57:12.834"/>
</kw>
<kw name="Click" library="Browser">
<arg>xpath=//a[contains(@class, "sub-menu") and descendant::span[contains(text(), "${text}")]]</arg>
<tag>PageContent</tag>
<tag>Setter</tag>
<doc>Simulates mouse click on the element found by ``selector``.</doc>
<status status="PASS" starttime="20231130 17:57:12.835" endtime="20231130 17:57:13.359"/>
</kw>
<kw name="Get Url" library="Browser">
<var>${curent_url}</var>
<tag>Assertion</tag>
<tag>Getter</tag>
<tag>PageContent</tag>
<doc>Returns the current URL.</doc>
<msg timestamp="20231130 17:57:13.368" level="INFO">${curent_url} = http://dev1.geneat.vn:7802/#/vn/post?filter=%7B%22categoryId%22:%2234f831fe-03f9-46b6-aba4-f8f7a9ced293%22%7D</msg>
<status status="PASS" starttime="20231130 17:57:13.360" endtime="20231130 17:57:13.368"/>
</kw>
<kw name="Should Contain" library="BuiltIn">
<arg>${curent_url}</arg>
<arg>${URL_DEFAULT}${url}</arg>
<doc>Fails if ``container`` does not contain ``item`` one or more times.</doc>
<status status="PASS" starttime="20231130 17:57:13.369" endtime="20231130 17:57:13.371"/>
</kw>
<status status="PASS" starttime="20231130 17:57:12.810" endtime="20231130 17:57:13.371"/>
</kw>
<status status="PASS" starttime="20231130 17:57:09.156" endtime="20231130 17:57:13.372"/>
</kw>
<kw name="Wait Until Element Spin" library="common">
<kw name="Sleep" library="BuiltIn">
<arg>${SHOULD_TIMEOUT}</arg>
<doc>Pauses the test executed for the given time.</doc>
<msg timestamp="20231130 17:57:13.476" level="INFO">Slept 100 milliseconds</msg>
<status status="PASS" starttime="20231130 17:57:13.374" endtime="20231130 17:57:13.476"/>
</kw>
<kw name="Set Variable" library="BuiltIn">
<var>${element}</var>
<arg>xpath=//*[contains(@class, "ant-spin-spinning")]</arg>
<doc>Returns the given values which can then be assigned to a variables.</doc>
<msg timestamp="20231130 17:57:13.478" level="INFO">${element} = xpath=//*[contains(@class, "ant-spin-spinning")]</msg>
<status status="PASS" starttime="20231130 17:57:13.477" endtime="20231130 17:57:13.478"/>
</kw>
<kw name="Get Element Count" library="Browser">
<var>${count}</var>
<arg>${element}</arg>
<tag>Assertion</tag>
<tag>Getter</tag>
<tag>PageContent</tag>
<doc>Returns the count of elements found with ``selector``.</doc>
<msg timestamp="20231130 17:57:13.563" level="INFO">${count} = 0</msg>
<status status="PASS" starttime="20231130 17:57:13.479" endtime="20231130 17:57:13.563"/>
</kw>
<if>
<branch type="IF" condition="${count} &gt; 0">
<kw name="Wait Until Page Does Not Contain Element" library="common">
<arg>${element}</arg>
<status status="NOT RUN" starttime="20231130 17:57:13.564" endtime="20231130 17:57:13.565"/>
</kw>
<status status="NOT RUN" starttime="20231130 17:57:13.564" endtime="20231130 17:57:13.567"/>
</branch>
<status status="PASS" starttime="20231130 17:57:13.564" endtime="20231130 17:57:13.567"/>
</if>
<status status="PASS" starttime="20231130 17:57:13.373" endtime="20231130 17:57:13.567"/>
</kw>
<kw name="Sleep" library="BuiltIn">
<arg>${SHOULD_TIMEOUT}</arg>
<doc>Pauses the test executed for the given time.</doc>
<msg timestamp="20231130 17:57:13.669" level="INFO">Slept 100 milliseconds</msg>
<status status="PASS" starttime="20231130 17:57:13.568" endtime="20231130 17:57:13.669"/>
</kw>
<kw name="Set Variable" library="BuiltIn">
<var>${element}</var>
<arg>//*[contains(@class,'ant-spin-container')]//span[contains(text(),'${name}')]</arg>
<doc>Returns the given values which can then be assigned to a variables.</doc>
<msg timestamp="20231130 17:57:13.671" level="INFO">${element} = //*[contains(@class,'ant-spin-container')]//span[contains(text(),'Cate1')]</msg>
<status status="PASS" starttime="20231130 17:57:13.670" endtime="20231130 17:57:13.672"/>
</kw>
<kw name="Get Element Count" library="Browser">
<var>${cnt}</var>
<arg>${element}</arg>
<tag>Assertion</tag>
<tag>Getter</tag>
<tag>PageContent</tag>
<doc>Returns the count of elements found with ``selector``.</doc>
<msg timestamp="20231130 17:57:13.697" level="INFO">${cnt} = 0</msg>
<status status="PASS" starttime="20231130 17:57:13.676" endtime="20231130 17:57:13.697"/>
</kw>
<if>
<branch type="IF" condition="${cnt} &lt; 1">
<kw name="Click &quot;Tạo mới&quot; button" library="common" sourcename="Click &quot;${text}&quot; button">
<kw name="Sleep" library="BuiltIn">
<arg>${SHOULD_TIMEOUT}</arg>
<doc>Pauses the test executed for the given time.</doc>
<msg timestamp="20231130 17:57:13.806" level="INFO">Slept 100 milliseconds</msg>
<status status="PASS" starttime="20231130 17:57:13.704" endtime="20231130 17:57:13.807"/>
</kw>
<kw name="Get Element Count" library="Browser">
<var>${cnt}</var>
<arg>//button[@title = "${text}"]</arg>
<tag>Assertion</tag>
<tag>Getter</tag>
<tag>PageContent</tag>
<doc>Returns the count of elements found with ``selector``.</doc>
<msg timestamp="20231130 17:57:13.828" level="INFO">${cnt} = 1</msg>
<status status="PASS" starttime="20231130 17:57:13.809" endtime="20231130 17:57:13.828"/>
</kw>
<if>
<branch type="IF" condition="${cnt} &gt; 0">
<kw name="Click" library="Browser">
<arg>xpath=//button[@title = "${text}"]</arg>
<tag>PageContent</tag>
<tag>Setter</tag>
<doc>Simulates mouse click on the element found by ``selector``.</doc>
<status status="PASS" starttime="20231130 17:57:13.830" endtime="20231130 17:57:14.037"/>
</kw>
<kw name="Click Confirm To Action" library="common">
<kw name="Set Variable" library="BuiltIn">
<var>${element}</var>
<arg>xpath=//*[contains(@class, "ant-popover")]//*[contains(@class, "ant-btn-primary")]</arg>
<doc>Returns the given values which can then be assigned to a variables.</doc>
<msg timestamp="20231130 17:57:14.039" level="INFO">${element} = xpath=//*[contains(@class, "ant-popover")]//*[contains(@class, "ant-btn-primary")]</msg>
<status status="PASS" starttime="20231130 17:57:14.038" endtime="20231130 17:57:14.039"/>
</kw>
<kw name="Get Element Count" library="Browser">
<var>${count}</var>
<arg>${element}</arg>
<tag>Assertion</tag>
<tag>Getter</tag>
<tag>PageContent</tag>
<doc>Returns the count of elements found with ``selector``.</doc>
<msg timestamp="20231130 17:57:14.050" level="INFO">${count} = 0</msg>
<status status="PASS" starttime="20231130 17:57:14.040" endtime="20231130 17:57:14.050"/>
</kw>
<if>
<branch type="IF" condition="${count} &gt; 0">
<kw name="Click" library="Browser">
<arg>${element}</arg>
<tag>PageContent</tag>
<tag>Setter</tag>
<doc>Simulates mouse click on the element found by ``selector``.</doc>
<status status="NOT RUN" starttime="20231130 17:57:14.052" endtime="20231130 17:57:14.053"/>
</kw>
<kw name="Sleep" library="BuiltIn">
<arg>${SHOULD_TIMEOUT}</arg>
<doc>Pauses the test executed for the given time.</doc>
<status status="NOT RUN" starttime="20231130 17:57:14.054" endtime="20231130 17:57:14.055"/>
</kw>
<kw name="Wait Until Element Spin" library="common">
<status status="NOT RUN" starttime="20231130 17:57:14.056" endtime="20231130 17:57:14.056"/>
</kw>
<status status="NOT RUN" starttime="20231130 17:57:14.051" endtime="20231130 17:57:14.057"/>
</branch>
<status status="PASS" starttime="20231130 17:57:14.051" endtime="20231130 17:57:14.058"/>
</if>
<status status="PASS" starttime="20231130 17:57:14.037" endtime="20231130 17:57:14.058"/>
</kw>
<kw name="Scroll By" library="Browser">
<arg>${None}</arg>
<tag>PageContent</tag>
<tag>Setter</tag>
<doc>Scrolls an element or the page relative from current position by the given values.</doc>
<msg timestamp="20231130 17:57:14.077" level="INFO">JavaScript executed successfully.</msg>
<msg timestamp="20231130 17:57:14.077" level="INFO">JavaScript executed successfully.</msg>
<msg timestamp="20231130 17:57:14.097" level="INFO">JavaScript executed successfully.</msg>
<msg timestamp="20231130 17:57:14.097" level="INFO">JavaScript executed successfully.</msg>
<msg timestamp="20231130 17:57:14.108" level="INFO">JavaScript executed successfully.</msg>
<status status="PASS" starttime="20231130 17:57:14.059" endtime="20231130 17:57:14.109"/>
</kw>
<status status="PASS" starttime="20231130 17:57:13.829" endtime="20231130 17:57:14.109"/>
</branch>
<branch type="ELSE">
<kw name="Click" library="Browser">
<arg>//span[contains(text(),"${text}")]</arg>
<tag>PageContent</tag>
<tag>Setter</tag>
<doc>Simulates mouse click on the element found by ``selector``.</doc>
<status status="NOT RUN" starttime="20231130 17:57:14.116" endtime="20231130 17:57:14.117"/>
</kw>
<kw name="Click Confirm To Action" library="common">
<status status="NOT RUN" starttime="20231130 17:57:14.118" endtime="20231130 17:57:14.119"/>
</kw>
<kw name="Scroll By" library="Browser">
<arg>${None}</arg>
<tag>PageContent</tag>
<tag>Setter</tag>
<doc>Scrolls an element or the page relative from current position by the given values.</doc>
<status status="NOT RUN" starttime="20231130 17:57:14.121" endtime="20231130 17:57:14.122"/>
</kw>
<status status="NOT RUN" starttime="20231130 17:57:14.112" endtime="20231130 17:57:14.123"/>
</branch>
<status status="PASS" starttime="20231130 17:57:13.829" endtime="20231130 17:57:14.124"/>
</if>
<status status="PASS" starttime="20231130 17:57:13.702" endtime="20231130 17:57:14.124"/>
</kw>
<kw name="Enter &quot;test name&quot; in &quot;Tiêu đề&quot; with &quot;${name}&quot;" library="common" sourcename="Enter &quot;${type}&quot; in &quot;${name}&quot; with &quot;${text}&quot;">
<kw name="Wait Until Element Spin" library="common">
<kw name="Sleep" library="BuiltIn">
<arg>${SHOULD_TIMEOUT}</arg>
<doc>Pauses the test executed for the given time.</doc>
<msg timestamp="20231130 17:57:14.231" level="INFO">Slept 100 milliseconds</msg>
<status status="PASS" starttime="20231130 17:57:14.129" endtime="20231130 17:57:14.234"/>
</kw>
<kw name="Set Variable" library="BuiltIn">
<var>${element}</var>
<arg>xpath=//*[contains(@class, "ant-spin-spinning")]</arg>
<doc>Returns the given values which can then be assigned to a variables.</doc>
<msg timestamp="20231130 17:57:14.237" level="INFO">${element} = xpath=//*[contains(@class, "ant-spin-spinning")]</msg>
<status status="PASS" starttime="20231130 17:57:14.236" endtime="20231130 17:57:14.237"/>
</kw>
<kw name="Get Element Count" library="Browser">
<var>${count}</var>
<arg>${element}</arg>
<tag>Assertion</tag>
<tag>Getter</tag>
<tag>PageContent</tag>
<doc>Returns the count of elements found with ``selector``.</doc>
<msg timestamp="20231130 17:57:14.246" level="INFO">${count} = 0</msg>
<status status="PASS" starttime="20231130 17:57:14.237" endtime="20231130 17:57:14.246"/>
</kw>
<if>
<branch type="IF" condition="${count} &gt; 0">
<kw name="Wait Until Page Does Not Contain Element" library="common">
<arg>${element}</arg>
<status status="NOT RUN" starttime="20231130 17:57:14.249" endtime="20231130 17:57:14.250"/>
</kw>
<status status="NOT RUN" starttime="20231130 17:57:14.247" endtime="20231130 17:57:14.251"/>
</branch>
<status status="PASS" starttime="20231130 17:57:14.247" endtime="20231130 17:57:14.251"/>
</if>
<status status="PASS" starttime="20231130 17:57:14.128" endtime="20231130 17:57:14.252"/>
</kw>
<kw name="Get Random Text" library="common">
<var>${text}</var>
<arg>${type}</arg>
<arg>${text}</arg>
<kw name="Set Variable" library="BuiltIn">
<var>${symbol}</var>
<arg>_RANDOM_</arg>
<doc>Returns the given values which can then be assigned to a variables.</doc>
<msg timestamp="20231130 17:57:14.255" level="INFO">${symbol} = _RANDOM_</msg>
<status status="PASS" starttime="20231130 17:57:14.254" endtime="20231130 17:57:14.255"/>
</kw>
<kw name="Set Variable" library="BuiltIn">
<var>${new_text}</var>
<doc>Returns the given values which can then be assigned to a variables.</doc>
<msg timestamp="20231130 17:57:14.257" level="INFO">${new_text} = </msg>
<status status="PASS" starttime="20231130 17:57:14.256" endtime="20231130 17:57:14.257"/>
</kw>
<kw name="Get Regexp Matches" library="String">
<var>${containsS}</var>
<arg>${text}</arg>
<arg>_@(.+)@_</arg>
<arg>1</arg>
<doc>Returns a list of all non-overlapping matches in the given string.</doc>
<msg timestamp="20231130 17:57:14.259" level="INFO">${containsS} = []</msg>
<status status="PASS" starttime="20231130 17:57:14.258" endtime="20231130 17:57:14.259"/>
</kw>
<kw name="Get Length" library="BuiltIn">
<var>${cntS}</var>
<arg>${containsS}</arg>
<doc>Returns and logs the length of the given item as an integer.</doc>
<msg timestamp="20231130 17:57:14.261" level="INFO">Length is 0</msg>
<msg timestamp="20231130 17:57:14.261" level="INFO">${cntS} = 0</msg>
<status status="PASS" starttime="20231130 17:57:14.260" endtime="20231130 17:57:14.261"/>
</kw>
<kw name="Get Regexp Matches" library="String">
<var>${contains}</var>
<arg>${text}</arg>
<arg>${symbol}</arg>
<doc>Returns a list of all non-overlapping matches in the given string.</doc>
<msg timestamp="20231130 17:57:14.263" level="INFO">${contains} = []</msg>
<status status="PASS" starttime="20231130 17:57:14.262" endtime="20231130 17:57:14.263"/>
</kw>
<kw name="Get Length" library="BuiltIn">
<var>${cnt}</var>
<arg>${contains}</arg>
<doc>Returns and logs the length of the given item as an integer.</doc>
<msg timestamp="20231130 17:57:14.263" level="INFO">Length is 0</msg>
<msg timestamp="20231130 17:57:14.264" level="INFO">${cnt} = 0</msg>
<status status="PASS" starttime="20231130 17:57:14.263" endtime="20231130 17:57:14.264"/>
</kw>
<if>
<branch type="IF" condition="${cntS} &gt; 0">
<kw name="Set Variable" library="BuiltIn">
<var>${new_text}</var>
<arg>${STATE["${containsS[0]}"]}</arg>
<doc>Returns the given values which can then be assigned to a variables.</doc>
<status status="NOT RUN" starttime="20231130 17:57:14.271" endtime="20231130 17:57:14.272"/>
</kw>
<kw name="Set Variable" library="BuiltIn">
<var>${symbol}</var>
<arg>_@${containsS[0]}@_</arg>
<doc>Returns the given values which can then be assigned to a variables.</doc>
<status status="NOT RUN" starttime="20231130 17:57:14.272" endtime="20231130 17:57:14.273"/>
</kw>
<status status="NOT RUN" starttime="20231130 17:57:14.270" endtime="20231130 17:57:14.273"/>
</branch>
<branch type="ELSE IF" condition="${cnt} &gt; 0 and '${type}' == 'test name'">
<kw name="Sentence" library="FakerLibrary">
<var>${random}</var>
<arg>nb_words=3</arg>
<doc>Generate a sentence.</doc>
<status status="NOT RUN" starttime="20231130 17:57:14.275" endtime="20231130 17:57:14.276"/>
</kw>
<kw name="Split String" library="String">
<var>${words}</var>
<arg>${TEST NAME}</arg>
<arg>${SPACE}</arg>
<doc>Splits the ``string`` using ``separator`` as a delimiter string.</doc>
<status status="NOT RUN" starttime="20231130 17:57:14.276" endtime="20231130 17:57:14.277"/>
</kw>
<kw name="Set Variable" library="BuiltIn">
<var>${new_text}</var>
<arg>${words[0]} ${random}</arg>
<doc>Returns the given values which can then be assigned to a variables.</doc>
<status status="NOT RUN" starttime="20231130 17:57:14.278" endtime="20231130 17:57:14.278"/>
</kw>
<status status="NOT RUN" starttime="20231130 17:57:14.274" endtime="20231130 17:57:14.278"/>
</branch>
<branch type="ELSE IF" condition="${cnt} &gt; 0 and '${type}' == 'number'">
<kw name="Random Int" library="FakerLibrary">
<var>${new_text}</var>
<doc>Generate a random integer between two integers ``min`` and ``max`` inclusive
while observing the provided ``step`` value.</doc>
<status status="NOT RUN" starttime="20231130 17:57:14.280" endtime="20231130 17:57:14.283"/>
</kw>
<kw name="Convert To String" library="BuiltIn">
<var>${new_text}</var>
<arg>${new_text}</arg>
<doc>Converts the given item to a Unicode string.</doc>
<status status="NOT RUN" starttime="20231130 17:57:14.284" endtime="20231130 17:57:14.285"/>
</kw>
<status status="NOT RUN" starttime="20231130 17:57:14.279" endtime="20231130 17:57:14.285"/>
</branch>
<branch type="ELSE IF" condition="${cnt} &gt; 0 and '${type}' == 'percentage'">
<kw name="Random Int" library="FakerLibrary">
<var>${new_text}</var>
<arg>max=100</arg>
<doc>Generate a random integer between two integers ``min`` and ``max`` inclusive
while observing the provided ``step`` value.</doc>
<status status="NOT RUN" starttime="20231130 17:57:14.287" endtime="20231130 17:57:14.288"/>
</kw>
<kw name="Convert To String" library="BuiltIn">
<var>${new_text}</var>
<arg>${new_text}</arg>
<doc>Converts the given item to a Unicode string.</doc>
<status status="NOT RUN" starttime="20231130 17:57:14.289" endtime="20231130 17:57:14.290"/>
</kw>
<status status="NOT RUN" starttime="20231130 17:57:14.286" endtime="20231130 17:57:14.290"/>
</branch>
<branch type="ELSE IF" condition="${cnt} &gt; 0 and '${type}' == 'paragraph'">
<kw name="Paragraph" library="FakerLibrary">
<var>${new_text}</var>
<doc>Generate a paragraph.</doc>
<status status="NOT RUN" starttime="20231130 17:57:14.292" endtime="20231130 17:57:14.293"/>
</kw>
<status status="NOT RUN" starttime="20231130 17:57:14.291" endtime="20231130 17:57:14.294"/>
</branch>
<branch type="ELSE IF" condition="${cnt} &gt; 0 and '${type}' == 'email'">
<kw name="Email" library="FakerLibrary">
<var>${new_text}</var>
<status status="NOT RUN" starttime="20231130 17:57:14.296" endtime="20231130 17:57:14.300"/>
</kw>
<status status="NOT RUN" starttime="20231130 17:57:14.294" endtime="20231130 17:57:14.303"/>
</branch>
<branch type="ELSE IF" condition="${cnt} &gt; 0 and '${type}' == 'phone'">
<kw name="Random Int" library="FakerLibrary">
<var>${new_text}</var>
<arg>min=2000000000</arg>
<arg>max=9999999999</arg>
<doc>Generate a random integer between two integers ``min`` and ``max`` inclusive
while observing the provided ``step`` value.</doc>
<status status="NOT RUN" starttime="20231130 17:57:14.305" endtime="20231130 17:57:14.306"/>
</kw>
<kw name="Convert To String" library="BuiltIn">
<var>${new_text}</var>
<arg>${new_text}</arg>
<doc>Converts the given item to a Unicode string.</doc>
<status status="NOT RUN" starttime="20231130 17:57:14.307" endtime="20231130 17:57:14.308"/>
</kw>
<kw name="Catenate" library="BuiltIn">
<var>${new_text}</var>
<arg>SEPARATOR=</arg>
<arg>0</arg>
<arg>${new_text}</arg>
<doc>Catenates the given items together and returns the resulted string.</doc>
<status status="NOT RUN" starttime="20231130 17:57:14.309" endtime="20231130 17:57:14.310"/>
</kw>
<status status="NOT RUN" starttime="20231130 17:57:14.304" endtime="20231130 17:57:14.311"/>
</branch>
<branch type="ELSE IF" condition="${cnt} &gt; 0 and '${type}' == 'color'">
<kw name="Safe Hex Color" library="FakerLibrary">
<var>${new_text}</var>
<doc>Generate a web-safe color formatted as a hex triplet.</doc>
<status status="NOT RUN" starttime="20231130 17:57:14.312" endtime="20231130 17:57:14.313"/>
</kw>
<status status="NOT RUN" starttime="20231130 17:57:14.311" endtime="20231130 17:57:14.313"/>
</branch>
<branch type="ELSE IF" condition="${cnt} &gt; 0 and &quot;${type}&quot; == 'password'">
<kw name="Password" library="FakerLibrary">
<var>${new_text}</var>
<arg>10</arg>
<arg>True</arg>
<arg>True</arg>
<arg>True</arg>
<arg>True</arg>
<doc>Generate a random password of the specified ``length``.</doc>
<status status="NOT RUN" starttime="20231130 17:57:14.318" endtime="20231130 17:57:14.318"/>
</kw>
<status status="NOT RUN" starttime="20231130 17:57:14.314" endtime="20231130 17:57:14.319"/>
</branch>
<branch type="ELSE IF" condition="${cnt} &gt; 0 and '${type}' == 'date'">
<kw name="Date" library="FakerLibrary">
<var>${new_text}</var>
<arg>pattern=%d-%m-%Y</arg>
<doc>Get a date string between January 1, 1970 and now.</doc>
<status status="NOT RUN" starttime="20231130 17:57:14.320" endtime="20231130 17:57:14.320"/>
</kw>
<status status="NOT RUN" starttime="20231130 17:57:14.319" endtime="20231130 17:57:14.321"/>
</branch>
<branch type="ELSE IF" condition="${cnt} &gt; 0 and '${type}' == 'word'">
<kw name="Sentence" library="FakerLibrary">
<var>${new_text}</var>
<arg>nb_words=2</arg>
<doc>Generate a sentence.</doc>
<status status="NOT RUN" starttime="20231130 17:57:14.322" endtime="20231130 17:57:14.323"/>
</kw>
<status status="NOT RUN" starttime="20231130 17:57:14.321" endtime="20231130 17:57:14.324"/>
</branch>
<branch type="ELSE IF" condition="${cnt} &gt; 0">
<kw name="Sentence" library="FakerLibrary">
<var>${new_text}</var>
<doc>Generate a sentence.</doc>
<status status="NOT RUN" starttime="20231130 17:57:14.325" endtime="20231130 17:57:14.325"/>
</kw>
<status status="NOT RUN" starttime="20231130 17:57:14.324" endtime="20231130 17:57:14.326"/>
</branch>
<status status="PASS" starttime="20231130 17:57:14.264" endtime="20231130 17:57:14.327"/>
</if>
<kw name="Get Length" library="BuiltIn">
<var>${cnt}</var>
<arg>${text}</arg>
<doc>Returns and logs the length of the given item as an integer.</doc>
<msg timestamp="20231130 17:57:14.329" level="INFO">Length is 5</msg>
<msg timestamp="20231130 17:57:14.330" level="INFO">${cnt} = 5</msg>
<status status="PASS" starttime="20231130 17:57:14.327" endtime="20231130 17:57:14.331"/>
</kw>
<if>
<branch type="IF" condition="${cnt} &gt; 0">
<kw name="Replace String" library="String">
<var>${text}</var>
<arg>${text}</arg>
<arg>${symbol}</arg>
<arg>${new_text}</arg>
<doc>Replaces ``search_for`` in the given ``string`` with ``replace_with``.</doc>
<msg timestamp="20231130 17:57:14.337" level="INFO">${text} = Cate1</msg>
<status status="PASS" starttime="20231130 17:57:14.335" endtime="20231130 17:57:14.338"/>
</kw>
<status status="PASS" starttime="20231130 17:57:14.333" endtime="20231130 17:57:14.338"/>
</branch>
<status status="PASS" starttime="20231130 17:57:14.333" endtime="20231130 17:57:14.339"/>
</if>
<msg timestamp="20231130 17:57:14.339" level="INFO">${text} = Cate1</msg>
<status status="PASS" starttime="20231130 17:57:14.252" endtime="20231130 17:57:14.340"/>
</kw>
<kw name="Get Element Form Item By Name" library="common">
<var>${element}</var>
<arg>${name}</arg>
<arg>//*[contains(@class, "ant-input")]</arg>
<msg timestamp="20231130 17:57:14.344" level="INFO">${element} = xpath=//*[contains(@class, "ant-form-item-label")]/label[text()="Tiêu đề"]/../../*[contains(@class, "ant-form-item")]//*[contains(@class, "ant-input")]</msg>
<status status="PASS" starttime="20231130 17:57:14.343" endtime="20231130 17:57:14.345"/>
</kw>
<kw name="Click" library="Browser">
<arg>${element}</arg>
<tag>PageContent</tag>
<tag>Setter</tag>
<doc>Simulates mouse click on the element found by ``selector``.</doc>
<status status="PASS" starttime="20231130 17:57:14.346" endtime="20231130 17:57:14.678"/>
</kw>
<kw name="Clear Text" library="Browser">
<arg>${element}</arg>
<tag>PageContent</tag>
<tag>Setter</tag>
<doc>Clears the text field found by ``selector``.</doc>
<status status="PASS" starttime="20231130 17:57:14.679" endtime="20231130 17:57:14.727"/>
</kw>
<kw name="Fill Text" library="Browser">
<arg>${element}</arg>
<arg>${text}</arg>
<arg>True</arg>
<tag>PageContent</tag>
<tag>Setter</tag>
<doc>Clears and fills the given ``txt`` into the text field found by ``selector``.</doc>
<msg timestamp="20231130 17:57:14.729" level="INFO">Fills the text 'Cate1' in the given field.</msg>
<status status="PASS" starttime="20231130 17:57:14.728" endtime="20231130 17:57:14.779"/>
</kw>
<kw name="Get Text" library="Browser">
<var>${condition}</var>
<arg>${element}</arg>
<tag>Assertion</tag>
<tag>Getter</tag>
<tag>PageContent</tag>
<doc>Returns text attribute of the element found by ``selector``.</doc>
<msg timestamp="20231130 17:57:14.810" level="INFO">Text: 'Cate1'</msg>
<msg timestamp="20231130 17:57:14.811" level="INFO">${condition} = Cate1</msg>
<status status="PASS" starttime="20231130 17:57:14.779" endtime="20231130 17:57:14.811"/>
</kw>
<while condition="'${condition}' != '${text}'" limit="10">
<iter>
<kw name="Fill Text" library="Browser">
<arg>${element}</arg>
<arg>${text}</arg>
<tag>PageContent</tag>
<tag>Setter</tag>
<doc>Clears and fills the given ``txt`` into the text field found by ``selector``.</doc>
<status status="NOT RUN" starttime="20231130 17:57:14.813" endtime="20231130 17:57:14.813"/>
</kw>
<kw name="Get Text" library="Browser">
<var>${condition}</var>
<arg>${element}</arg>
<tag>Assertion</tag>
<tag>Getter</tag>
<tag>PageContent</tag>
<doc>Returns text attribute of the element found by ``selector``.</doc>
<status status="NOT RUN" starttime="20231130 17:57:14.813" endtime="20231130 17:57:14.813"/>
</kw>
<status status="NOT RUN" starttime="20231130 17:57:14.811" endtime="20231130 17:57:14.814"/>
</iter>
<status status="NOT RUN" starttime="20231130 17:57:14.811" endtime="20231130 17:57:14.814"/>
</while>
<kw name="Scroll To Element" library="Browser">
<arg>${element}</arg>
<tag>PageContent</tag>
<tag>Setter</tag>
<doc>This method waits for actionability checks, then tries to scroll element into view,
unless it is completely visible.</doc>
<status status="PASS" starttime="20231130 17:57:14.816" endtime="20231130 17:57:14.874"/>
</kw>
<kw name="Get Length" library="BuiltIn">
<var>${cnt}</var>
<arg>${text}</arg>
<doc>Returns and logs the length of the given item as an integer.</doc>
<msg timestamp="20231130 17:57:14.875" level="INFO">Length is 5</msg>
<msg timestamp="20231130 17:57:14.876" level="INFO">${cnt} = 5</msg>
[...]
<arg>${SHOULD_TIMEOUT}</arg>
<doc>Pauses the test executed for the given time.</doc>
<msg timestamp="20231130 17:57:53.176" level="INFO">Slept 100 milliseconds</msg>
<status status="PASS" starttime="20231130 17:57:53.074" endtime="20231130 17:57:53.176"/>
</kw>
<kw name="Set Variable" library="BuiltIn">
<var>${element}</var>
<arg>xpath=//*[contains(@class, "ant-spin-spinning")]</arg>
<doc>Returns the given values which can then be assigned to a variables.</doc>
<msg timestamp="20231130 17:57:53.179" level="INFO">${element} = xpath=//*[contains(@class, "ant-spin-spinning")]</msg>
<status status="PASS" starttime="20231130 17:57:53.176" endtime="20231130 17:57:53.180"/>
</kw>
<kw name="Get Element Count" library="Browser">
<var>${count}</var>
<arg>${element}</arg>
<tag>Assertion</tag>
<tag>Getter</tag>
<tag>PageContent</tag>
<doc>Returns the count of elements found with ``selector``.</doc>
<msg timestamp="20231130 17:57:53.191" level="INFO">${count} = 0</msg>
<status status="PASS" starttime="20231130 17:57:53.182" endtime="20231130 17:57:53.192"/>
</kw>
<if>
<branch type="IF" condition="${count} &gt; 0">
<kw name="Wait Until Page Does Not Contain Element" library="common">
<arg>${element}</arg>
<status status="NOT RUN" starttime="20231130 17:57:53.194" endtime="20231130 17:57:53.196"/>
</kw>
<status status="NOT RUN" starttime="20231130 17:57:53.193" endtime="20231130 17:57:53.198"/>
</branch>
<status status="PASS" starttime="20231130 17:57:53.192" endtime="20231130 17:57:53.198"/>
</if>
<status status="PASS" starttime="20231130 17:57:53.073" endtime="20231130 17:57:53.199"/>
</kw>
<status status="PASS" starttime="20231130 17:57:52.749" endtime="20231130 17:57:53.199"/>
</branch>
<status status="PASS" starttime="20231130 17:57:52.749" endtime="20231130 17:57:53.200"/>
</if>
<status status="PASS" starttime="20231130 17:57:52.733" endtime="20231130 17:57:53.201"/>
</kw>
<status status="PASS" starttime="20231130 17:57:52.380" endtime="20231130 17:57:53.201"/>
</kw>
<kw name="When Click on the &quot;Xóa&quot; button in the &quot;${name1}&quot; table line" library="common" sourcename="Click on the &quot;${text}&quot; button in the &quot;${name}&quot; table line">
<kw name="Sleep" library="BuiltIn">
<arg>${SHOULD_TIMEOUT}</arg>
<doc>Pauses the test executed for the given time.</doc>
<msg timestamp="20231130 17:57:53.309" level="INFO">Slept 100 milliseconds</msg>
<status status="PASS" starttime="20231130 17:57:53.208" endtime="20231130 17:57:53.309"/>
</kw>
<kw name="Wait Until Element Spin" library="common">
<kw name="Sleep" library="BuiltIn">
<arg>${SHOULD_TIMEOUT}</arg>
<doc>Pauses the test executed for the given time.</doc>
<msg timestamp="20231130 17:57:53.417" level="INFO">Slept 100 milliseconds</msg>
<status status="PASS" starttime="20231130 17:57:53.311" endtime="20231130 17:57:53.417"/>
</kw>
<kw name="Set Variable" library="BuiltIn">
<var>${element}</var>
<arg>xpath=//*[contains(@class, "ant-spin-spinning")]</arg>
<doc>Returns the given values which can then be assigned to a variables.</doc>
<msg timestamp="20231130 17:57:53.418" level="INFO">${element} = xpath=//*[contains(@class, "ant-spin-spinning")]</msg>
<status status="PASS" starttime="20231130 17:57:53.417" endtime="20231130 17:57:53.418"/>
</kw>
<kw name="Get Element Count" library="Browser">
<var>${count}</var>
<arg>${element}</arg>
<tag>Assertion</tag>
<tag>Getter</tag>
<tag>PageContent</tag>
<doc>Returns the count of elements found with ``selector``.</doc>
<msg timestamp="20231130 17:57:53.426" level="INFO">${count} = 0</msg>
<status status="PASS" starttime="20231130 17:57:53.418" endtime="20231130 17:57:53.426"/>
</kw>
<if>
<branch type="IF" condition="${count} &gt; 0">
<kw name="Wait Until Page Does Not Contain Element" library="common">
<arg>${element}</arg>
<status status="NOT RUN" starttime="20231130 17:57:53.430" endtime="20231130 17:57:53.431"/>
</kw>
<status status="NOT RUN" starttime="20231130 17:57:53.427" endtime="20231130 17:57:53.432"/>
</branch>
<status status="PASS" starttime="20231130 17:57:53.427" endtime="20231130 17:57:53.432"/>
</if>
<status status="PASS" starttime="20231130 17:57:53.309" endtime="20231130 17:57:53.433"/>
</kw>
<kw name="Check Text" library="common">
<var>${name}</var>
<arg>${name}</arg>
<kw name="Get Regexp Matches" library="String">
<var>${containsS}</var>
<arg>${text}</arg>
<arg>_@(.+)@_</arg>
<arg>1</arg>
<doc>Returns a list of all non-overlapping matches in the given string.</doc>
<msg timestamp="20231130 17:57:53.436" level="INFO">${containsS} = []</msg>
<status status="PASS" starttime="20231130 17:57:53.435" endtime="20231130 17:57:53.436"/>
</kw>
<kw name="Get Length" library="BuiltIn">
<var>${cntS}</var>
<arg>${containsS}</arg>
<doc>Returns and logs the length of the given item as an integer.</doc>
<msg timestamp="20231130 17:57:53.438" level="INFO">Length is 0</msg>
<msg timestamp="20231130 17:57:53.438" level="INFO">${cntS} = 0</msg>
<status status="PASS" starttime="20231130 17:57:53.437" endtime="20231130 17:57:53.438"/>
</kw>
<if>
<branch type="IF" condition="${cntS} &gt; 0">
<kw name="Set Variable" library="BuiltIn">
<var>${text}</var>
<arg>${STATE["${containsS[0]}"]}</arg>
<doc>Returns the given values which can then be assigned to a variables.</doc>
<status status="NOT RUN" starttime="20231130 17:57:53.439" endtime="20231130 17:57:53.439"/>
</kw>
<status status="NOT RUN" starttime="20231130 17:57:53.438" endtime="20231130 17:57:53.439"/>
</branch>
<status status="PASS" starttime="20231130 17:57:53.438" endtime="20231130 17:57:53.439"/>
</if>
<msg timestamp="20231130 17:57:53.440" level="INFO">${name} = PO_11 Nostrum itaque autem.</msg>
<status status="PASS" starttime="20231130 17:57:53.433" endtime="20231130 17:57:53.440"/>
</kw>
<if>
<branch type="IF" condition="'${text}' == 'Chi tiết'">
<kw name="Get Element Table Item By Name" library="common">
<var>${element1}</var>
<arg>${name}</arg>
<arg>//button[@title = "${text}"]</arg>
<status status="NOT RUN" starttime="20231130 17:57:53.441" endtime="20231130 17:57:53.442"/>
</kw>
<kw name="Get Element Count" library="Browser">
<var>${count}</var>
<arg>${element1}</arg>
<tag>Assertion</tag>
<tag>Getter</tag>
<tag>PageContent</tag>
<doc>Returns the count of elements found with ``selector``.</doc>
<status status="NOT RUN" starttime="20231130 17:57:53.442" endtime="20231130 17:57:53.443"/>
</kw>
<if>
<branch type="IF" condition="${count} &gt; 0">
<kw name="Click" library="Browser">
<arg>${element1}</arg>
<tag>PageContent</tag>
<tag>Setter</tag>
<doc>Simulates mouse click on the element found by ``selector``.</doc>
<status status="NOT RUN" starttime="20231130 17:57:53.443" endtime="20231130 17:57:53.443"/>
</kw>
<status status="NOT RUN" starttime="20231130 17:57:53.443" endtime="20231130 17:57:53.444"/>
</branch>
<branch type="ELSE">
<kw name="Get Element Table Item By Name" library="common">
<var>${elementS}</var>
<arg>${name}</arg>
<arg>//p[contains(text(),"${name}")]</arg>
<status status="NOT RUN" starttime="20231130 17:57:53.446" endtime="20231130 17:57:53.447"/>
</kw>
<kw name="Click" library="Browser">
<arg>${elementS}</arg>
<tag>PageContent</tag>
<tag>Setter</tag>
<doc>Simulates mouse click on the element found by ``selector``.</doc>
<status status="NOT RUN" starttime="20231130 17:57:53.448" endtime="20231130 17:57:53.448"/>
</kw>
<status status="NOT RUN" starttime="20231130 17:57:53.444" endtime="20231130 17:57:53.449"/>
</branch>
<status status="NOT RUN" starttime="20231130 17:57:53.443" endtime="20231130 17:57:53.449"/>
</if>
<status status="NOT RUN" starttime="20231130 17:57:53.440" endtime="20231130 17:57:53.449"/>
</branch>
<branch type="ELSE">
<kw name="Get Element Table Item By Name" library="common">
<var>${element}</var>
<arg>${name}</arg>
<arg>//button[@title = "${text}"]</arg>
<msg timestamp="20231130 17:57:53.451" level="INFO">${element} = xpath=//*[contains(@class, "ant-table-row")]//*[contains(text(),"PO_11 Nostrum itaque autem.")]/ancestor::tr//button[@title = "Xóa"]</msg>
<status status="PASS" starttime="20231130 17:57:53.450" endtime="20231130 17:57:53.451"/>
</kw>
<kw name="Click" library="Browser">
<arg>${element}</arg>
<tag>PageContent</tag>
<tag>Setter</tag>
<doc>Simulates mouse click on the element found by ``selector``.</doc>
<status status="PASS" starttime="20231130 17:57:53.452" endtime="20231130 17:57:55.056"/>
</kw>
<status status="PASS" starttime="20231130 17:57:53.450" endtime="20231130 17:57:55.057"/>
</branch>
<status status="PASS" starttime="20231130 17:57:53.440" endtime="20231130 17:57:55.057"/>
</if>
<kw name="Click Confirm To Action" library="common">
<kw name="Set Variable" library="BuiltIn">
<var>${element}</var>
<arg>xpath=//*[contains(@class, "ant-popover")]//*[contains(@class, "ant-btn-primary")]</arg>
<doc>Returns the given values which can then be assigned to a variables.</doc>
<msg timestamp="20231130 17:57:55.059" level="INFO">${element} = xpath=//*[contains(@class, "ant-popover")]//*[contains(@class, "ant-btn-primary")]</msg>
<status status="PASS" starttime="20231130 17:57:55.058" endtime="20231130 17:57:55.059"/>
</kw>
<kw name="Get Element Count" library="Browser">
<var>${count}</var>
<arg>${element}</arg>
<tag>Assertion</tag>
<tag>Getter</tag>
<tag>PageContent</tag>
<doc>Returns the count of elements found with ``selector``.</doc>
<msg timestamp="20231130 17:57:55.071" level="INFO">${count} = 1</msg>
<status status="PASS" starttime="20231130 17:57:55.059" endtime="20231130 17:57:55.072"/>
</kw>
<if>
<branch type="IF" condition="${count} &gt; 0">
<kw name="Click" library="Browser">
<arg>${element}</arg>
<tag>PageContent</tag>
<tag>Setter</tag>
<doc>Simulates mouse click on the element found by ``selector``.</doc>
<status status="PASS" starttime="20231130 17:57:55.074" endtime="20231130 17:57:55.324"/>
</kw>
<kw name="Sleep" library="BuiltIn">
<arg>${SHOULD_TIMEOUT}</arg>
<doc>Pauses the test executed for the given time.</doc>
<msg timestamp="20231130 17:57:55.428" level="INFO">Slept 100 milliseconds</msg>
<status status="PASS" starttime="20231130 17:57:55.325" endtime="20231130 17:57:55.428"/>
</kw>
<kw name="Wait Until Element Spin" library="common">
<kw name="Sleep" library="BuiltIn">
<arg>${SHOULD_TIMEOUT}</arg>
<doc>Pauses the test executed for the given time.</doc>
<msg timestamp="20231130 17:57:55.533" level="INFO">Slept 100 milliseconds</msg>
<status status="PASS" starttime="20231130 17:57:55.431" endtime="20231130 17:57:55.533"/>
</kw>
<kw name="Set Variable" library="BuiltIn">
<var>${element}</var>
<arg>xpath=//*[contains(@class, "ant-spin-spinning")]</arg>
<doc>Returns the given values which can then be assigned to a variables.</doc>
<msg timestamp="20231130 17:57:55.534" level="INFO">${element} = xpath=//*[contains(@class, "ant-spin-spinning")]</msg>
<status status="PASS" starttime="20231130 17:57:55.534" endtime="20231130 17:57:55.534"/>
</kw>
<kw name="Get Element Count" library="Browser">
<var>${count}</var>
<arg>${element}</arg>
<tag>Assertion</tag>
<tag>Getter</tag>
<tag>PageContent</tag>
<doc>Returns the count of elements found with ``selector``.</doc>
<msg timestamp="20231130 17:57:55.542" level="INFO">${count} = 0</msg>
<status status="PASS" starttime="20231130 17:57:55.535" endtime="20231130 17:57:55.543"/>
</kw>
<if>
<branch type="IF" condition="${count} &gt; 0">
<kw name="Wait Until Page Does Not Contain Element" library="common">
<arg>${element}</arg>
<status status="NOT RUN" starttime="20231130 17:57:55.546" endtime="20231130 17:57:55.547"/>
</kw>
<status status="NOT RUN" starttime="20231130 17:57:55.544" endtime="20231130 17:57:55.547"/>
</branch>
<status status="PASS" starttime="20231130 17:57:55.544" endtime="20231130 17:57:55.548"/>
</if>
<status status="PASS" starttime="20231130 17:57:55.430" endtime="20231130 17:57:55.548"/>
</kw>
<status status="PASS" starttime="20231130 17:57:55.073" endtime="20231130 17:57:55.549"/>
</branch>
<status status="PASS" starttime="20231130 17:57:55.072" endtime="20231130 17:57:55.550"/>
</if>
<status status="PASS" starttime="20231130 17:57:55.057" endtime="20231130 17:57:55.550"/>
</kw>
<status status="PASS" starttime="20231130 17:57:53.207" endtime="20231130 17:57:55.551"/>
</kw>
<kw name="When Click on the &quot;Xóa&quot; button in the &quot;Cate1&quot; item line" library="common" sourcename="Click on the &quot;${text}&quot; button in the &quot;${name}&quot; item line">
<kw name="Check Text" library="common">
<var>${name}</var>
<arg>${name}</arg>
<kw name="Get Regexp Matches" library="String">
<var>${containsS}</var>
<arg>${text}</arg>
<arg>_@(.+)@_</arg>
<arg>1</arg>
<doc>Returns a list of all non-overlapping matches in the given string.</doc>
<msg timestamp="20231130 17:57:55.557" level="INFO">${containsS} = []</msg>
<status status="PASS" starttime="20231130 17:57:55.556" endtime="20231130 17:57:55.558"/>
</kw>
<kw name="Get Length" library="BuiltIn">
<var>${cntS}</var>
<arg>${containsS}</arg>
<doc>Returns and logs the length of the given item as an integer.</doc>
<msg timestamp="20231130 17:57:55.560" level="INFO">Length is 0</msg>
<msg timestamp="20231130 17:57:55.561" level="INFO">${cntS} = 0</msg>
<status status="PASS" starttime="20231130 17:57:55.559" endtime="20231130 17:57:55.562"/>
</kw>
<if>
<branch type="IF" condition="${cntS} &gt; 0">
<kw name="Set Variable" library="BuiltIn">
<var>${text}</var>
<arg>${STATE["${containsS[0]}"]}</arg>
<doc>Returns the given values which can then be assigned to a variables.</doc>
<status status="NOT RUN" starttime="20231130 17:57:55.565" endtime="20231130 17:57:55.566"/>
</kw>
<status status="NOT RUN" starttime="20231130 17:57:55.563" endtime="20231130 17:57:55.567"/>
</branch>
<status status="PASS" starttime="20231130 17:57:55.563" endtime="20231130 17:57:55.568"/>
</if>
<msg timestamp="20231130 17:57:55.568" level="INFO">${name} = Cate1</msg>
<status status="PASS" starttime="20231130 17:57:55.555" endtime="20231130 17:57:55.569"/>
</kw>
<kw name="Get Element Item By Name" library="common">
<var>${element}</var>
<arg>${name}</arg>
<arg>//button[@title = "${text}"]</arg>
<msg timestamp="20231130 17:57:55.571" level="INFO">${element} = xpath=//*[contains(@class, "item-text") and contains(text(), "Cate1")]/ancestor::*[contains(@class, "item")]//button[@title = "Xóa"]</msg>
<status status="PASS" starttime="20231130 17:57:55.569" endtime="20231130 17:57:55.571"/>
</kw>
<kw name="Wait Until Element Is Existent" library="common">
<arg>${element}</arg>
<kw name="Wait For Elements State" library="Browser">
<arg>${locator}</arg>
<arg>attached</arg>
<arg>${timeout}</arg>
<arg>${message}</arg>
<tag>PageContent</tag>
<tag>Wait</tag>
<doc>Waits for the element found by ``selector`` to satisfy state option.</doc>
<msg timestamp="20231130 17:57:55.593" level="INFO">Waited for Element with selector xpath=//*[contains(@class, "item-text") and contains(text(), "Cate1")]/ancestor::*[contains(@class, "item")]//button[@title = "Xóa"] at state attached</msg>
<status status="PASS" starttime="20231130 17:57:55.575" endtime="20231130 17:57:55.594"/>
</kw>
<status status="PASS" starttime="20231130 17:57:55.572" endtime="20231130 17:57:55.595"/>
</kw>
<kw name="Click" library="Browser">
<arg>${element}</arg>
<tag>PageContent</tag>
<tag>Setter</tag>
<doc>Simulates mouse click on the element found by ``selector``.</doc>
<status status="PASS" starttime="20231130 17:57:55.596" endtime="20231130 17:57:57.202"/>
</kw>
<kw name="Click Confirm To Action" library="common">
<kw name="Set Variable" library="BuiltIn">
<var>${element}</var>
<arg>xpath=//*[contains(@class, "ant-popover")]//*[contains(@class, "ant-btn-primary")]</arg>
<doc>Returns the given values which can then be assigned to a variables.</doc>
<msg timestamp="20231130 17:57:57.203" level="INFO">${element} = xpath=//*[contains(@class, "ant-popover")]//*[contains(@class, "ant-btn-primary")]</msg>
<status status="PASS" starttime="20231130 17:57:57.203" endtime="20231130 17:57:57.204"/>
</kw>
<kw name="Get Element Count" library="Browser">
<var>${count}</var>
<arg>${element}</arg>
<tag>Assertion</tag>
<tag>Getter</tag>
<tag>PageContent</tag>
<doc>Returns the count of elements found with ``selector``.</doc>
<msg timestamp="20231130 17:57:57.214" level="INFO">${count} = 1</msg>
<status status="PASS" starttime="20231130 17:57:57.204" endtime="20231130 17:57:57.215"/>
</kw>
<if>
<branch type="IF" condition="${count} &gt; 0">
<kw name="Click" library="Browser">
<arg>${element}</arg>
<tag>PageContent</tag>
<tag>Setter</tag>
<doc>Simulates mouse click on the element found by ``selector``.</doc>
<status status="PASS" starttime="20231130 17:57:57.217" endtime="20231130 17:57:57.478"/>
</kw>
<kw name="Sleep" library="BuiltIn">
<arg>${SHOULD_TIMEOUT}</arg>
<doc>Pauses the test executed for the given time.</doc>
<msg timestamp="20231130 17:57:57.581" level="INFO">Slept 100 milliseconds</msg>
<status status="PASS" starttime="20231130 17:57:57.479" endtime="20231130 17:57:57.583"/>
</kw>
<kw name="Wait Until Element Spin" library="common">
<kw name="Sleep" library="BuiltIn">
<arg>${SHOULD_TIMEOUT}</arg>
<doc>Pauses the test executed for the given time.</doc>
<msg timestamp="20231130 17:57:57.689" level="INFO">Slept 100 milliseconds</msg>
<status status="PASS" starttime="20231130 17:57:57.586" endtime="20231130 17:57:57.689"/>
</kw>
<kw name="Set Variable" library="BuiltIn">
<var>${element}</var>
<arg>xpath=//*[contains(@class, "ant-spin-spinning")]</arg>
<doc>Returns the given values which can then be assigned to a variables.</doc>
<msg timestamp="20231130 17:57:57.690" level="INFO">${element} = xpath=//*[contains(@class, "ant-spin-spinning")]</msg>
<status status="PASS" starttime="20231130 17:57:57.689" endtime="20231130 17:57:57.690"/>
</kw>
<kw name="Get Element Count" library="Browser">
<var>${count}</var>
<arg>${element}</arg>
<tag>Assertion</tag>
<tag>Getter</tag>
<tag>PageContent</tag>
<doc>Returns the count of elements found with ``selector``.</doc>
<msg timestamp="20231130 17:57:57.703" level="INFO">${count} = 0</msg>
<status status="PASS" starttime="20231130 17:57:57.690" endtime="20231130 17:57:57.704"/>
</kw>
<if>
<branch type="IF" condition="${count} &gt; 0">
<kw name="Wait Until Page Does Not Contain Element" library="common">
<arg>${element}</arg>
<status status="NOT RUN" starttime="20231130 17:57:57.706" endtime="20231130 17:57:57.706"/>
</kw>
<status status="NOT RUN" starttime="20231130 17:57:57.705" endtime="20231130 17:57:57.707"/>
</branch>
<status status="PASS" starttime="20231130 17:57:57.704" endtime="20231130 17:57:57.708"/>
</if>
<status status="PASS" starttime="20231130 17:57:57.584" endtime="20231130 17:57:57.708"/>
</kw>
<status status="PASS" starttime="20231130 17:57:57.216" endtime="20231130 17:57:57.709"/>
</branch>
<status status="PASS" starttime="20231130 17:57:57.215" endtime="20231130 17:57:57.709"/>
</if>
<status status="PASS" starttime="20231130 17:57:57.202" endtime="20231130 17:57:57.709"/>
</kw>
<status status="PASS" starttime="20231130 17:57:55.554" endtime="20231130 17:57:57.709"/>
</kw>
<kw name="Tear Down" library="common" type="TEARDOWN">
<kw name="Close Browser" library="Browser">
<arg>ALL</arg>
<tag>BrowserControl</tag>
<tag>Setter</tag>
<doc>Closes the current browser.</doc>
<msg timestamp="20231130 17:57:58.713" level="INFO">Closed all browsers</msg>
<status status="PASS" starttime="20231130 17:57:57.718" endtime="20231130 17:57:58.713"/>
</kw>
<status status="PASS" starttime="20231130 17:57:57.716" endtime="20231130 17:57:58.714"/>
</kw>
<tag>Search</tag>
<status status="PASS" starttime="20231130 17:57:03.778" endtime="20231130 17:57:58.716"/>
</test>
<status status="PASS" starttime="20231130 17:57:01.490" endtime="20231130 17:57:58.788"/>
</suite>
<statistics>
<total>
<stat pass="1" fail="0" skip="0">All Tests</stat>
</total>
<tag>
<stat pass="1" fail="0" skip="0">Search</stat>
</tag>
<suite>
<stat pass="1" fail="0" skip="0" id="s1" name="Post">Post</stat>
</suite>
</statistics>
<errors>
</errors>
</robot>
