<?xml version="1.0" encoding="UTF-8"?>
<robot generator="Robot 6.1.1 (Python 3.11.4 on win32)" generated="20231113 16:29:45.181" rpa="false" schemaversion="4">
<suite id="s1" name="Customer Account" source="D:\TESTER\Automation\Auto_Web\testcases\customer_account.robot">
<test id="s1-t1" name="CA_01 Verify that navigating to the right &quot;Customer-Account&quot; page" line="13">
<kw name="Setup" library="common" type="SETUP">
<kw name="Set Browser Timeout" library="Browser">
<arg>${BROWSER_TIMEOUT}</arg>
<tag>Config</tag>
<tag>Setter</tag>
<doc>Sets the timeout used by most input and getter keywords.</doc>
<status status="PASS" starttime="20231113 16:29:48.030" endtime="20231113 16:29:48.031"/>
</kw>
<kw name="New Browser" library="Browser">
<arg>${BROWSER}</arg>
<arg>headless=${HEADLESS}</arg>
<tag>BrowserControl</tag>
<tag>Setter</tag>
<doc>Create a new playwright Browser with specified options.</doc>
<msg timestamp="20231113 16:29:48.032" level="INFO">{"browser": "chromium", "headless": false, "chromiumSandbox": false, "devtools": false, "handleSIGHUP": true, "handleSIGINT": true, "handleSIGTERM": true, "slowMo": 0.0, "timeout": 30000.0, "tracesDir": "D:\\TESTER\\Automation\\browser\\traces\\36dee28c-9a81-4997-b835-19842962d907"}</msg>
<msg timestamp="20231113 16:29:50.967" level="INFO">Successfully created browser with options: {"browser":"chromium","headless":false,"chromiumSandbox":false,"devtools":false,"handleSIGHUP":true,"handleSIGINT":true,"handleSIGTERM":true,"slowMo":0,"timeout":30000,"tracesDir":"D:\\TESTER\\Automation\\browser\\traces\\36dee28c-9a81-4997-b835-19842962d907"}</msg>
<status status="PASS" starttime="20231113 16:29:48.031" endtime="20231113 16:29:50.967"/>
</kw>
<kw name="New Page" library="Browser">
<arg>${URL_DEFAULT}</arg>
<tag>BrowserControl</tag>
<tag>Setter</tag>
<doc>Open a new Page.</doc>
<msg timestamp="20231113 16:29:53.707" level="INFO">Successfully initialized new page object and opened url: http://dev1.geneat.vn:7802/vn</msg>
<msg timestamp="20231113 16:29:53.708" level="INFO">No context was open. New context was automatically opened when this page is created.</msg>
<status status="PASS" starttime="20231113 16:29:50.968" endtime="20231113 16:29:53.708"/>
</kw>
<kw name="Evaluate" library="BuiltIn">
<var>${STATE}</var>
<arg>json.loads('''{}''')</arg>
<arg>json</arg>
<doc>Evaluates the given expression in Python and returns the result.</doc>
<msg timestamp="20231113 16:29:53.710" level="INFO">${STATE} = {}</msg>
<status status="PASS" starttime="20231113 16:29:53.709" endtime="20231113 16:29:53.710"/>
</kw>
<status status="PASS" starttime="20231113 16:29:48.029" endtime="20231113 16:29:53.710"/>
</kw>
<kw name="Login to admin" library="common">
<kw name="Enter &quot;email&quot; in &quot;Email&quot; with &quot;admin@gmail.com&quot;" library="common" sourcename="Enter &quot;${type}&quot; in &quot;${name}&quot; with &quot;${text}&quot;">
<kw name="Get Random Text" library="common">
<var>${text}</var>
<arg>${type}</arg>
<arg>${text}</arg>
<kw name="Set Variable" library="BuiltIn">
<var>${symbol}</var>
<arg>_RANDOM_</arg>
<doc>Returns the given values which can then be assigned to a variables.</doc>
<msg timestamp="20231113 16:29:53.728" level="INFO">${symbol} = _RANDOM_</msg>
<status status="PASS" starttime="20231113 16:29:53.728" endtime="20231113 16:29:53.728"/>
</kw>
<kw name="Set Variable" library="BuiltIn">
<var>${new_text}</var>
<doc>Returns the given values which can then be assigned to a variables.</doc>
<msg timestamp="20231113 16:29:53.729" level="INFO">${new_text} = </msg>
<status status="PASS" starttime="20231113 16:29:53.729" endtime="20231113 16:29:53.729"/>
</kw>
<kw name="Get Regexp Matches" library="String">
<var>${containsS}</var>
<arg>${text}</arg>
<arg>_@(.+)@_</arg>
<arg>1</arg>
<doc>Returns a list of all non-overlapping matches in the given string.</doc>
<msg timestamp="20231113 16:29:53.731" level="INFO">${containsS} = []</msg>
<status status="PASS" starttime="20231113 16:29:53.730" endtime="20231113 16:29:53.731"/>
</kw>
<kw name="Get Length" library="BuiltIn">
<var>${cntS}</var>
<arg>${containsS}</arg>
<doc>Returns and logs the length of the given item as an integer.</doc>
<msg timestamp="20231113 16:29:53.732" level="INFO">Length is 0</msg>
<msg timestamp="20231113 16:29:53.732" level="INFO">${cntS} = 0</msg>
<status status="PASS" starttime="20231113 16:29:53.731" endtime="20231113 16:29:53.732"/>
</kw>
<kw name="Get Regexp Matches" library="String">
<var>${contains}</var>
<arg>${text}</arg>
<arg>${symbol}</arg>
<doc>Returns a list of all non-overlapping matches in the given string.</doc>
<msg timestamp="20231113 16:29:53.733" level="INFO">${contains} = []</msg>
<status status="PASS" starttime="20231113 16:29:53.732" endtime="20231113 16:29:53.733"/>
</kw>
<kw name="Get Length" library="BuiltIn">
<var>${cnt}</var>
<arg>${contains}</arg>
<doc>Returns and logs the length of the given item as an integer.</doc>
<msg timestamp="20231113 16:29:53.735" level="INFO">Length is 0</msg>
<msg timestamp="20231113 16:29:53.735" level="INFO">${cnt} = 0</msg>
<status status="PASS" starttime="20231113 16:29:53.734" endtime="20231113 16:29:53.735"/>
</kw>
<if>
<branch type="IF" condition="${cntS} &gt; 0">
<kw name="Set Variable" library="BuiltIn">
<var>${new_text}</var>
<arg>${STATE["${containsS[0]}"]}</arg>
<doc>Returns the given values which can then be assigned to a variables.</doc>
<status status="NOT RUN" starttime="20231113 16:29:53.738" endtime="20231113 16:29:53.738"/>
</kw>
<kw name="Set Variable" library="BuiltIn">
<var>${symbol}</var>
<arg>_@${containsS[0]}@_</arg>
<doc>Returns the given values which can then be assigned to a variables.</doc>
<status status="NOT RUN" starttime="20231113 16:29:53.739" endtime="20231113 16:29:53.739"/>
</kw>
<status status="NOT RUN" starttime="20231113 16:29:53.737" endtime="20231113 16:29:53.739"/>
</branch>
<branch type="ELSE IF" condition="${cnt} &gt; 0 and '${type}' == 'test name'">
<kw name="Sentence" library="FakerLibrary">
<var>${random}</var>
<arg>nb_words=3</arg>
<doc>Generate a sentence.</doc>
<status status="NOT RUN" starttime="20231113 16:29:53.741" endtime="20231113 16:29:53.741"/>
</kw>
<kw name="Split String" library="String">
<var>${words}</var>
<arg>${TEST NAME}</arg>
<arg>${SPACE}</arg>
<doc>Splits the ``string`` using ``separator`` as a delimiter string.</doc>
<status status="NOT RUN" starttime="20231113 16:29:53.742" endtime="20231113 16:29:53.742"/>
</kw>
<kw name="Set Variable" library="BuiltIn">
<var>${new_text}</var>
<arg>${words[0]} ${random}</arg>
<doc>Returns the given values which can then be assigned to a variables.</doc>
<status status="NOT RUN" starttime="20231113 16:29:53.742" endtime="20231113 16:29:53.743"/>
</kw>
<status status="NOT RUN" starttime="20231113 16:29:53.740" endtime="20231113 16:29:53.743"/>
</branch>
<branch type="ELSE IF" condition="${cnt} &gt; 0 and '${type}' == 'number'">
<kw name="Random Int" library="FakerLibrary">
<var>${new_text}</var>
<doc>Generate a random integer between two integers ``min`` and ``max`` inclusive
while observing the provided ``step`` value.</doc>
<status status="NOT RUN" starttime="20231113 16:29:53.744" endtime="20231113 16:29:53.744"/>
</kw>
<kw name="Convert To String" library="BuiltIn">
<var>${new_text}</var>
<arg>${new_text}</arg>
<doc>Converts the given item to a Unicode string.</doc>
<status status="NOT RUN" starttime="20231113 16:29:53.744" endtime="20231113 16:29:53.745"/>
</kw>
<status status="NOT RUN" starttime="20231113 16:29:53.743" endtime="20231113 16:29:53.745"/>
</branch>
<branch type="ELSE IF" condition="${cnt} &gt; 0 and '${type}' == 'percentage'">
<kw name="Random Int" library="FakerLibrary">
<var>${new_text}</var>
<arg>max=100</arg>
<doc>Generate a random integer between two integers ``min`` and ``max`` inclusive
while observing the provided ``step`` value.</doc>
<status status="NOT RUN" starttime="20231113 16:29:53.747" endtime="20231113 16:29:53.747"/>
</kw>
<kw name="Convert To String" library="BuiltIn">
<var>${new_text}</var>
<arg>${new_text}</arg>
<doc>Converts the given item to a Unicode string.</doc>
<status status="NOT RUN" starttime="20231113 16:29:53.747" endtime="20231113 16:29:53.748"/>
</kw>
<status status="NOT RUN" starttime="20231113 16:29:53.746" endtime="20231113 16:29:53.748"/>
</branch>
<branch type="ELSE IF" condition="${cnt} &gt; 0 and '${type}' == 'paragraph'">
<kw name="Paragraph" library="FakerLibrary">
<var>${new_text}</var>
<doc>Generate a paragraph.</doc>
<status status="NOT RUN" starttime="20231113 16:29:53.749" endtime="20231113 16:29:53.749"/>
</kw>
<status status="NOT RUN" starttime="20231113 16:29:53.748" endtime="20231113 16:29:53.749"/>
</branch>
<branch type="ELSE IF" condition="${cnt} &gt; 0 and '${type}' == 'email'">
<kw name="Email" library="FakerLibrary">
<var>${new_text}</var>
<status status="NOT RUN" starttime="20231113 16:29:53.750" endtime="20231113 16:29:53.750"/>
</kw>
<status status="NOT RUN" starttime="20231113 16:29:53.749" endtime="20231113 16:29:53.750"/>
</branch>
<branch type="ELSE IF" condition="${cnt} &gt; 0 and '${type}' == 'phone'">
<kw name="Random Int" library="FakerLibrary">
<var>${new_text}</var>
<arg>min=2000000000</arg>
<arg>max=9999999999</arg>
<doc>Generate a random integer between two integers ``min`` and ``max`` inclusive
while observing the provided ``step`` value.</doc>
<status status="NOT RUN" starttime="20231113 16:29:53.751" endtime="20231113 16:29:53.752"/>
</kw>
<kw name="Convert To String" library="BuiltIn">
<var>${new_text}</var>
<arg>${new_text}</arg>
<doc>Converts the given item to a Unicode string.</doc>
<status status="NOT RUN" starttime="20231113 16:29:53.755" endtime="20231113 16:29:53.755"/>
</kw>
<kw name="Catenate" library="BuiltIn">
<var>${new_text}</var>
<arg>SEPARATOR=</arg>
<arg>0</arg>
<arg>${new_text}</arg>
<doc>Catenates the given items together and returns the resulted string.</doc>
<status status="NOT RUN" starttime="20231113 16:29:53.756" endtime="20231113 16:29:53.756"/>
</kw>
<status status="NOT RUN" starttime="20231113 16:29:53.751" endtime="20231113 16:29:53.757"/>
</branch>
<branch type="ELSE IF" condition="${cnt} &gt; 0 and '${type}' == 'color'">
<kw name="Safe Hex Color" library="FakerLibrary">
<var>${new_text}</var>
<doc>Generate a web-safe color formatted as a hex triplet.</doc>
<status status="NOT RUN" starttime="20231113 16:29:53.758" endtime="20231113 16:29:53.758"/>
</kw>
<status status="NOT RUN" starttime="20231113 16:29:53.757" endtime="20231113 16:29:53.758"/>
</branch>
<branch type="ELSE IF" condition="${cnt} &gt; 0 and &quot;${type}&quot; == 'password'">
<kw name="Password" library="FakerLibrary">
<var>${new_text}</var>
<arg>10</arg>
<arg>True</arg>
<arg>True</arg>
<arg>True</arg>
<arg>True</arg>
<doc>Generate a random password of the specified ``length``.</doc>
<status status="NOT RUN" starttime="20231113 16:29:53.759" endtime="20231113 16:29:53.759"/>
</kw>
<status status="NOT RUN" starttime="20231113 16:29:53.758" endtime="20231113 16:29:53.760"/>
</branch>
<branch type="ELSE IF" condition="${cnt} &gt; 0 and '${type}' == 'date'">
<kw name="Date" library="FakerLibrary">
<var>${new_text}</var>
<arg>pattern=%d-%m-%Y</arg>
<doc>Get a date string between January 1, 1970 and now.</doc>
<status status="NOT RUN" starttime="20231113 16:29:53.760" endtime="20231113 16:29:53.761"/>
</kw>
<status status="NOT RUN" starttime="20231113 16:29:53.760" endtime="20231113 16:29:53.761"/>
</branch>
<branch type="ELSE IF" condition="${cnt} &gt; 0 and '${type}' == 'word'">
<kw name="Sentence" library="FakerLibrary">
<var>${new_text}</var>
<arg>nb_words=2</arg>
<doc>Generate a sentence.</doc>
<status status="NOT RUN" starttime="20231113 16:29:53.762" endtime="20231113 16:29:53.762"/>
</kw>
<status status="NOT RUN" starttime="20231113 16:29:53.761" endtime="20231113 16:29:53.763"/>
</branch>
<branch type="ELSE IF" condition="${cnt} &gt; 0">
<kw name="Sentence" library="FakerLibrary">
<var>${new_text}</var>
<doc>Generate a sentence.</doc>
<status status="NOT RUN" starttime="20231113 16:29:53.764" endtime="20231113 16:29:53.765"/>
</kw>
<status status="NOT RUN" starttime="20231113 16:29:53.763" endtime="20231113 16:29:53.765"/>
</branch>
<status status="PASS" starttime="20231113 16:29:53.736" endtime="20231113 16:29:53.766"/>
</if>
<kw name="Get Length" library="BuiltIn">
<var>${cnt}</var>
<arg>${text}</arg>
<doc>Returns and logs the length of the given item as an integer.</doc>
<msg timestamp="20231113 16:29:53.770" level="INFO">Length is 15</msg>
<msg timestamp="20231113 16:29:53.770" level="INFO">${cnt} = 15</msg>
<status status="PASS" starttime="20231113 16:29:53.769" endtime="20231113 16:29:53.770"/>
</kw>
<if>
<branch type="IF" condition="${cnt} &gt; 0">
<kw name="Replace String" library="String">
<var>${text}</var>
<arg>${text}</arg>
<arg>${symbol}</arg>
<arg>${new_text}</arg>
<doc>Replaces ``search_for`` in the given ``string`` with ``replace_with``.</doc>
<msg timestamp="20231113 16:29:53.773" level="INFO">${text} = admin@gmail.com</msg>
<status status="PASS" starttime="20231113 16:29:53.771" endtime="20231113 16:29:53.774"/>
</kw>
<status status="PASS" starttime="20231113 16:29:53.771" endtime="20231113 16:29:53.775"/>
</branch>
<status status="PASS" starttime="20231113 16:29:53.771" endtime="20231113 16:29:53.775"/>
</if>
<msg timestamp="20231113 16:29:53.775" level="INFO">${text} = admin@gmail.com</msg>
<status status="PASS" starttime="20231113 16:29:53.726" endtime="20231113 16:29:53.776"/>
</kw>
<kw name="Get Element Form Item By Name" library="common">
<var>${element}</var>
<arg>${name}</arg>
<arg>//*[contains(@class, "ant-input")]</arg>
<msg timestamp="20231113 16:29:53.777" level="INFO">${element} = xpath=//*[contains(@class, "ant-form-item-label")]/label[text()="Email"]/../../*[contains(@class, "ant-form-item")]//*[contains(@class, "ant-input")]</msg>
<status status="PASS" starttime="20231113 16:29:53.776" endtime="20231113 16:29:53.777"/>
</kw>
<kw name="Click" library="Browser">
<arg>${element}</arg>
<tag>PageContent</tag>
<tag>Setter</tag>
<doc>Simulates mouse click on the element found by ``selector``.</doc>
<status status="PASS" starttime="20231113 16:29:53.778" endtime="20231113 16:29:54.292"/>
</kw>
<kw name="Clear Text" library="Browser">
<arg>${element}</arg>
<tag>PageContent</tag>
<tag>Setter</tag>
<doc>Clears the text field found by ``selector``.</doc>
<status status="PASS" starttime="20231113 16:29:54.292" endtime="20231113 16:29:54.333"/>
</kw>
<kw name="Fill Text" library="Browser">
<arg>${element}</arg>
<arg>${text}</arg>
<arg>True</arg>
<tag>PageContent</tag>
<tag>Setter</tag>
<doc>Clears and fills the given ``txt`` into the text field found by ``selector``.</doc>
<msg timestamp="20231113 16:29:54.333" level="INFO">Fills the text 'admin@gmail.com' in the given field.</msg>
<status status="PASS" starttime="20231113 16:29:54.333" endtime="20231113 16:29:54.398"/>
</kw>
<kw name="Get Text" library="Browser">
<var>${condition}</var>
<arg>${element}</arg>
<tag>Assertion</tag>
<tag>Getter</tag>
<tag>PageContent</tag>
<doc>Returns text attribute of the element found by ``selector``.</doc>
<msg timestamp="20231113 16:29:54.452" level="INFO">Text: 'admin@gmail.com'</msg>
<msg timestamp="20231113 16:29:54.454" level="INFO">${condition} = admin@gmail.com</msg>
<status status="PASS" starttime="20231113 16:29:54.398" endtime="20231113 16:29:54.454"/>
</kw>
<while condition="'${condition}' != '${text}'" limit="10">
<iter>
<kw name="Fill Text" library="Browser">
<arg>${element}</arg>
<arg>${text}</arg>
<tag>PageContent</tag>
<tag>Setter</tag>
<doc>Clears and fills the given ``txt`` into the text field found by ``selector``.</doc>
<status status="NOT RUN" starttime="20231113 16:29:54.456" endtime="20231113 16:29:54.457"/>
</kw>
<kw name="Get Text" library="Browser">
<var>${condition}</var>
<arg>${element}</arg>
<tag>Assertion</tag>
<tag>Getter</tag>
<tag>PageContent</tag>
<doc>Returns text attribute of the element found by ``selector``.</doc>
<status status="NOT RUN" starttime="20231113 16:29:54.457" endtime="20231113 16:29:54.457"/>
</kw>
<status status="NOT RUN" starttime="20231113 16:29:54.456" endtime="20231113 16:29:54.458"/>
</iter>
<status status="NOT RUN" starttime="20231113 16:29:54.456" endtime="20231113 16:29:54.458"/>
</while>
<kw name="Scroll To Element" library="Browser">
<arg>${element}</arg>
<tag>PageContent</tag>
<tag>Setter</tag>
<doc>This method waits for actionability checks, then tries to scroll element into view,
unless it is completely visible.</doc>
<status status="PASS" starttime="20231113 16:29:54.458" endtime="20231113 16:29:54.513"/>
</kw>
<kw name="Get Length" library="BuiltIn">
<var>${cnt}</var>
<arg>${text}</arg>
<doc>Returns and logs the length of the given item as an integer.</doc>
<msg timestamp="20231113 16:29:54.514" level="INFO">Length is 15</msg>
<msg timestamp="20231113 16:29:54.514" level="INFO">${cnt} = 15</msg>
<status status="PASS" starttime="20231113 16:29:54.514" endtime="20231113 16:29:54.514"/>
</kw>
<if>
<branch type="IF" condition="${cnt} &gt; 0">
<kw name="Set Global Variable" library="BuiltIn">
<arg>\${STATE["${name}"]}</arg>
<arg>${text}</arg>
<doc>Makes a variable available globally in all tests and suites.</doc>
<msg timestamp="20231113 16:29:54.515" level="INFO">${STATE["Email"]} = admin@gmail.com</msg>
<status status="PASS" starttime="20231113 16:29:54.515" endtime="20231113 16:29:54.515"/>
</kw>
<status status="PASS" starttime="20231113 16:29:54.514" endtime="20231113 16:29:54.515"/>
</branch>
<status status="PASS" starttime="20231113 16:29:54.514" endtime="20231113 16:29:54.516"/>
</if>
<kw name="Wait Until Network Is Idle" library="Browser">
<tag>HTTP</tag>
<tag>Wait</tag>
<doc>Waits until there has been at least one instance of 500 ms of no network traffic on the page after loading.</doc>
<status status="PASS" starttime="20231113 16:29:54.516" endtime="20231113 16:29:54.528"/>
</kw>
<status status="PASS" starttime="20231113 16:29:53.725" endtime="20231113 16:29:54.528"/>
</kw>
<kw name="Enter &quot;password&quot; in &quot;Mật khẩu&quot; with &quot;123123&quot;" library="common" sourcename="Enter &quot;${type}&quot; in &quot;${name}&quot; with &quot;${text}&quot;">
<kw name="Get Random Text" library="common">
<var>${text}</var>
<arg>${type}</arg>
<arg>${text}</arg>
<kw name="Set Variable" library="BuiltIn">
<var>${symbol}</var>
<arg>_RANDOM_</arg>
<doc>Returns the given values which can then be assigned to a variables.</doc>
<msg timestamp="20231113 16:29:54.530" level="INFO">${symbol} = _RANDOM_</msg>
<status status="PASS" starttime="20231113 16:29:54.530" endtime="20231113 16:29:54.530"/>
</kw>
<kw name="Set Variable" library="BuiltIn">
<var>${new_text}</var>
<doc>Returns the given values which can then be assigned to a variables.</doc>
<msg timestamp="20231113 16:29:54.530" level="INFO">${new_text} = </msg>
<status status="PASS" starttime="20231113 16:29:54.530" endtime="20231113 16:29:54.531"/>
</kw>
<kw name="Get Regexp Matches" library="String">
<var>${containsS}</var>
<arg>${text}</arg>
<arg>_@(.+)@_</arg>
<arg>1</arg>
<doc>Returns a list of all non-overlapping matches in the given string.</doc>
<msg timestamp="20231113 16:29:54.531" level="INFO">${containsS} = []</msg>
<status status="PASS" starttime="20231113 16:29:54.531" endtime="20231113 16:29:54.531"/>
</kw>
<kw name="Get Length" library="BuiltIn">
<var>${cntS}</var>
<arg>${containsS}</arg>
<doc>Returns and logs the length of the given item as an integer.</doc>
<msg timestamp="20231113 16:29:54.532" level="INFO">Length is 0</msg>
<msg timestamp="20231113 16:29:54.532" level="INFO">${cntS} = 0</msg>
<status status="PASS" starttime="20231113 16:29:54.531" endtime="20231113 16:29:54.532"/>
</kw>
<kw name="Get Regexp Matches" library="String">
<var>${contains}</var>
<arg>${text}</arg>
<arg>${symbol}</arg>
<doc>Returns a list of all non-overlapping matches in the given string.</doc>
<msg timestamp="20231113 16:29:54.532" level="INFO">${contains} = []</msg>
<status status="PASS" starttime="20231113 16:29:54.532" endtime="20231113 16:29:54.532"/>
</kw>
<kw name="Get Length" library="BuiltIn">
<var>${cnt}</var>
<arg>${contains}</arg>
<doc>Returns and logs the length of the given item as an integer.</doc>
<msg timestamp="20231113 16:29:54.533" level="INFO">Length is 0</msg>
<msg timestamp="20231113 16:29:54.533" level="INFO">${cnt} = 0</msg>
<status status="PASS" starttime="20231113 16:29:54.532" endtime="20231113 16:29:54.533"/>
</kw>
<if>
<branch type="IF" condition="${cntS} &gt; 0">
<kw name="Set Variable" library="BuiltIn">
<var>${new_text}</var>
<arg>${STATE["${containsS[0]}"]}</arg>
<doc>Returns the given values which can then be assigned to a variables.</doc>
<status status="NOT RUN" starttime="20231113 16:29:54.533" endtime="20231113 16:29:54.533"/>
</kw>
<kw name="Set Variable" library="BuiltIn">
<var>${symbol}</var>
<arg>_@${containsS[0]}@_</arg>
<doc>Returns the given values which can then be assigned to a variables.</doc>
<status status="NOT RUN" starttime="20231113 16:29:54.534" endtime="20231113 16:29:54.534"/>
</kw>
<status status="NOT RUN" starttime="20231113 16:29:54.533" endtime="20231113 16:29:54.534"/>
</branch>
<branch type="ELSE IF" condition="${cnt} &gt; 0 and '${type}' == 'test name'">
<kw name="Sentence" library="FakerLibrary">
<var>${random}</var>
<arg>nb_words=3</arg>
<doc>Generate a sentence.</doc>
<status status="NOT RUN" starttime="20231113 16:29:54.534" endtime="20231113 16:29:54.534"/>
</kw>
<kw name="Split String" library="String">
<var>${words}</var>
<arg>${TEST NAME}</arg>
<arg>${SPACE}</arg>
<doc>Splits the ``string`` using ``separator`` as a delimiter string.</doc>
<status status="NOT RUN" starttime="20231113 16:29:54.534" endtime="20231113 16:29:54.535"/>
</kw>
<kw name="Set Variable" library="BuiltIn">
<var>${new_text}</var>
<arg>${words[0]} ${random}</arg>
<doc>Returns the given values which can then be assigned to a variables.</doc>
<status status="NOT RUN" starttime="20231113 16:29:54.536" endtime="20231113 16:29:54.537"/>
</kw>
<status status="NOT RUN" starttime="20231113 16:29:54.534" endtime="20231113 16:29:54.539"/>
</branch>
<branch type="ELSE IF" condition="${cnt} &gt; 0 and '${type}' == 'number'">
<kw name="Random Int" library="FakerLibrary">
<var>${new_text}</var>
<doc>Generate a random integer between two integers ``min`` and ``max`` inclusive
while observing the provided ``step`` value.</doc>
<status status="NOT RUN" starttime="20231113 16:29:54.539" endtime="20231113 16:29:54.540"/>
</kw>
<kw name="Convert To String" library="BuiltIn">
<var>${new_text}</var>
<arg>${new_text}</arg>
<doc>Converts the given item to a Unicode string.</doc>
<status status="NOT RUN" starttime="20231113 16:29:54.540" endtime="20231113 16:29:54.540"/>
</kw>
<status status="NOT RUN" starttime="20231113 16:29:54.539" endtime="20231113 16:29:54.540"/>
</branch>
<branch type="ELSE IF" condition="${cnt} &gt; 0 and '${type}' == 'percentage'">
<kw name="Random Int" library="FakerLibrary">
<var>${new_text}</var>
<arg>max=100</arg>
<doc>Generate a random integer between two integers ``min`` and ``max`` inclusive
while observing the provided ``step`` value.</doc>
<status status="NOT RUN" starttime="20231113 16:29:54.541" endtime="20231113 16:29:54.541"/>
</kw>
<kw name="Convert To String" library="BuiltIn">
<var>${new_text}</var>
<arg>${new_text}</arg>
<doc>Converts the given item to a Unicode string.</doc>
<status status="NOT RUN" starttime="20231113 16:29:54.541" endtime="20231113 16:29:54.541"/>
</kw>
<status status="NOT RUN" starttime="20231113 16:29:54.540" endtime="20231113 16:29:54.541"/>
</branch>
<branch type="ELSE IF" condition="${cnt} &gt; 0 and '${type}' == 'paragraph'">
<kw name="Paragraph" library="FakerLibrary">
<var>${new_text}</var>
<doc>Generate a paragraph.</doc>
<status status="NOT RUN" starttime="20231113 16:29:54.542" endtime="20231113 16:29:54.542"/>
</kw>
<status status="NOT RUN" starttime="20231113 16:29:54.542" endtime="20231113 16:29:54.542"/>
</branch>
<branch type="ELSE IF" condition="${cnt} &gt; 0 and '${type}' == 'email'">
<kw name="Email" library="FakerLibrary">
<var>${new_text}</var>
<status status="NOT RUN" starttime="20231113 16:29:54.543" endtime="20231113 16:29:54.543"/>
</kw>
<status status="NOT RUN" starttime="20231113 16:29:54.542" endtime="20231113 16:29:54.543"/>
</branch>
<branch type="ELSE IF" condition="${cnt} &gt; 0 and '${type}' == 'phone'">
<kw name="Random Int" library="FakerLibrary">
<var>${new_text}</var>
<arg>min=2000000000</arg>
<arg>max=9999999999</arg>
<doc>Generate a random integer between two integers ``min`` and ``max`` inclusive
while observing the provided ``step`` value.</doc>
<status status="NOT RUN" starttime="20231113 16:29:54.543" endtime="20231113 16:29:54.543"/>
</kw>
<kw name="Convert To String" library="BuiltIn">
<var>${new_text}</var>
<arg>${new_text}</arg>
<doc>Converts the given item to a Unicode string.</doc>
<status status="NOT RUN" starttime="20231113 16:29:54.544" endtime="20231113 16:29:54.544"/>
</kw>
<kw name="Catenate" library="BuiltIn">
<var>${new_text}</var>
<arg>SEPARATOR=</arg>
<arg>0</arg>
<arg>${new_text}</arg>
<doc>Catenates the given items together and returns the resulted string.</doc>
<status status="NOT RUN" starttime="20231113 16:29:54.544" endtime="20231113 16:29:54.544"/>
</kw>
<status status="NOT RUN" starttime="20231113 16:29:54.543" endtime="20231113 16:29:54.544"/>
</branch>
<branch type="ELSE IF" condition="${cnt} &gt; 0 and '${type}' == 'color'">
<kw name="Safe Hex Color" library="FakerLibrary">
<var>${new_text}</var>
<doc>Generate a web-safe color formatted as a hex triplet.</doc>
<status status="NOT RUN" starttime="20231113 16:29:54.545" endtime="20231113 16:29:54.545"/>
</kw>
<status status="NOT RUN" starttime="20231113 16:29:54.544" endtime="20231113 16:29:54.545"/>
</branch>
<branch type="ELSE IF" condition="${cnt} &gt; 0 and &quot;${type}&quot; == 'password'">
<kw name="Password" library="FakerLibrary">
<var>${new_text}</var>
<arg>10</arg>
<arg>True</arg>
<arg>True</arg>
<arg>True</arg>
<arg>True</arg>
<doc>Generate a random password of the specified ``length``.</doc>
<status status="NOT RUN" starttime="20231113 16:29:54.545" endtime="20231113 16:29:54.545"/>
</kw>
<status status="NOT RUN" starttime="20231113 16:29:54.545" endtime="20231113 16:29:54.545"/>
</branch>
<branch type="ELSE IF" condition="${cnt} &gt; 0 and '${type}' == 'date'">
<kw name="Date" library="FakerLibrary">
<var>${new_text}</var>
<arg>pattern=%d-%m-%Y</arg>
<doc>Get a date string between January 1, 1970 and now.</doc>
<status status="NOT RUN" starttime="20231113 16:29:54.546" endtime="20231113 16:29:54.546"/>
</kw>
<status status="NOT RUN" starttime="20231113 16:29:54.546" endtime="20231113 16:29:54.546"/>
</branch>
<branch type="ELSE IF" condition="${cnt} &gt; 0 and '${type}' == 'word'">
<kw name="Sentence" library="FakerLibrary">
<var>${new_text}</var>
<arg>nb_words=2</arg>
<doc>Generate a sentence.</doc>
<status status="NOT RUN" starttime="20231113 16:29:54.546" endtime="20231113 16:29:54.547"/>
</kw>
<status status="NOT RUN" starttime="20231113 16:29:54.546" endtime="20231113 16:29:54.547"/>
</branch>
<branch type="ELSE IF" condition="${cnt} &gt; 0">
<kw name="Sentence" library="FakerLibrary">
<var>${new_text}</var>
<doc>Generate a sentence.</doc>
<status status="NOT RUN" starttime="20231113 16:29:54.547" endtime="20231113 16:29:54.547"/>
</kw>
<status status="NOT RUN" starttime="20231113 16:29:54.547" endtime="20231113 16:29:54.547"/>
</branch>
<status status="PASS" starttime="20231113 16:29:54.533" endtime="20231113 16:29:54.547"/>
</if>
<kw name="Get Length" library="BuiltIn">
<var>${cnt}</var>
<arg>${text}</arg>
<doc>Returns and logs the length of the given item as an integer.</doc>
<msg timestamp="20231113 16:29:54.548" level="INFO">Length is 6</msg>
<msg timestamp="20231113 16:29:54.548" level="INFO">${cnt} = 6</msg>
<status status="PASS" starttime="20231113 16:29:54.547" endtime="20231113 16:29:54.548"/>
</kw>
<if>
<branch type="IF" condition="${cnt} &gt; 0">
<kw name="Replace String" library="String">
<var>${text}</var>
<arg>${text}</arg>
<arg>${symbol}</arg>
<arg>${new_text}</arg>
<doc>Replaces ``search_for`` in the given ``string`` with ``replace_with``.</doc>
<msg timestamp="20231113 16:29:54.549" level="INFO">${text} = 123123</msg>
<status status="PASS" starttime="20231113 16:29:54.548" endtime="20231113 16:29:54.549"/>
</kw>
<status status="PASS" starttime="20231113 16:29:54.548" endtime="20231113 16:29:54.549"/>
</branch>
<status status="PASS" starttime="20231113 16:29:54.548" endtime="20231113 16:29:54.549"/>
</if>
<msg timestamp="20231113 16:29:54.549" level="INFO">${text} = 123123</msg>
<status status="PASS" starttime="20231113 16:29:54.529" endtime="20231113 16:29:54.549"/>
</kw>
<kw name="Get Element Form Item By Name" library="common">
<var>${element}</var>
<arg>${name}</arg>
<arg>//*[contains(@class, "ant-input")]</arg>
<msg timestamp="20231113 16:29:54.550" level="INFO">${element} = xpath=//*[contains(@class, "ant-form-item-label")]/label[text()="Mật khẩu"]/../../*[contains(@class, "ant-form-item")]//*[contains(@class, "ant-input")]</msg>
<status status="PASS" starttime="20231113 16:29:54.549" endtime="20231113 16:29:54.550"/>
</kw>
<kw name="Click" library="Browser">
<arg>${element}</arg>
<tag>PageContent</tag>
<tag>Setter</tag>
<doc>Simulates mouse click on the element found by ``selector``.</doc>
<status status="PASS" starttime="20231113 16:29:54.550" endtime="20231113 16:29:54.625"/>
</kw>
<kw name="Clear Text" library="Browser">
<arg>${element}</arg>
<tag>PageContent</tag>
<tag>Setter</tag>
<doc>Clears the text field found by ``selector``.</doc>
<status status="PASS" starttime="20231113 16:29:54.625" endtime="20231113 16:29:54.649"/>
</kw>
<kw name="Fill Text" library="Browser">
<arg>${element}</arg>
<arg>${text}</arg>
<arg>True</arg>
<tag>PageContent</tag>
<tag>Setter</tag>
<doc>Clears and fills the given ``txt`` into the text field found by ``selector``.</doc>
<msg timestamp="20231113 16:29:54.650" level="INFO">Fills the text '123123' in the given field.</msg>
<status status="PASS" starttime="20231113 16:29:54.649" endtime="20231113 16:29:54.681"/>
</kw>
<kw name="Get Text" library="Browser">
<var>${condition}</var>
<arg>${element}</arg>
<tag>Assertion</tag>
<tag>Getter</tag>
<tag>PageContent</tag>
<doc>Returns text attribute of the element found by ``selector``.</doc>
<msg timestamp="20231113 16:29:54.709" level="INFO">Text: '123123'</msg>
<msg timestamp="20231113 16:29:54.710" level="INFO">${condition} = 123123</msg>
<status status="PASS" starttime="20231113 16:29:54.681" endtime="20231113 16:29:54.710"/>
</kw>
<while condition="'${condition}' != '${text}'" limit="10">
<iter>
<kw name="Fill Text" library="Browser">
<arg>${element}</arg>
<arg>${text}</arg>
<tag>PageContent</tag>
<tag>Setter</tag>
<doc>Clears and fills the given ``txt`` into the text field found by ``selector``.</doc>
<status status="NOT RUN" starttime="20231113 16:29:54.711" endtime="20231113 16:29:54.711"/>
</kw>
<kw name="Get Text" library="Browser">
<var>${condition}</var>
<arg>${element}</arg>
<tag>Assertion</tag>
<tag>Getter</tag>
<tag>PageContent</tag>
<doc>Returns text attribute of the element found by ``selector``.</doc>
<status status="NOT RUN" starttime="20231113 16:29:54.712" endtime="20231113 16:29:54.712"/>
</kw>
<status status="NOT RUN" starttime="20231113 16:29:54.710" endtime="20231113 16:29:54.712"/>
</iter>
<status status="NOT RUN" starttime="20231113 16:29:54.710" endtime="20231113 16:29:54.712"/>
</while>
<kw name="Scroll To Element" library="Browser">
<arg>${element}</arg>
<tag>PageContent</tag>
<tag>Setter</tag>
<doc>This method waits for actionability checks, then tries to scroll element into view,
unless it is completely visible.</doc>
<status status="PASS" starttime="20231113 16:29:54.712" endtime="20231113 16:29:54.764"/>
</kw>
<kw name="Get Length" library="BuiltIn">
<var>${cnt}</var>
<arg>${text}</arg>
<doc>Returns and logs the length of the given item as an integer.</doc>
<msg timestamp="20231113 16:29:54.765" level="INFO">Length is 6</msg>
<msg timestamp="20231113 16:29:54.765" level="INFO">${cnt} = 6</msg>
<status status="PASS" starttime="20231113 16:29:54.764" endtime="20231113 16:29:54.765"/>
</kw>
<if>
<branch type="IF" condition="${cnt} &gt; 0">
<kw name="Set Global Variable" library="BuiltIn">
<arg>\${STATE["${name}"]}</arg>
<arg>${text}</arg>
<doc>Makes a variable available globally in all tests and suites.</doc>
<msg timestamp="20231113 16:29:54.766" level="INFO">${STATE["Mật khẩu"]} = 123123</msg>
<status status="PASS" starttime="20231113 16:29:54.766" endtime="20231113 16:29:54.766"/>
</kw>
<status status="PASS" starttime="20231113 16:29:54.765" endtime="20231113 16:29:54.766"/>
</branch>
<status status="PASS" starttime="20231113 16:29:54.765" endtime="20231113 16:29:54.766"/>
</if>
<kw name="Wait Until Network Is Idle" library="Browser">
<tag>HTTP</tag>
<tag>Wait</tag>
<doc>Waits until there has been at least one instance of 500 ms of no network traffic on the page after loading.</doc>
<status status="PASS" starttime="20231113 16:29:54.767" endtime="20231113 16:29:54.775"/>
</kw>
<status status="PASS" starttime="20231113 16:29:54.529" endtime="20231113 16:29:54.776"/>
</kw>
<kw name="Click &quot;Đăng nhập&quot; button" library="common" sourcename="Click &quot;${text}&quot; button">
<kw name="Sleep" library="BuiltIn">
<arg>${SHOULD_TIMEOUT}</arg>
<doc>Pauses the test executed for the given time.</doc>
<msg timestamp="20231113 16:29:54.878" level="INFO">Slept 100 milliseconds</msg>
<status status="PASS" starttime="20231113 16:29:54.776" endtime="20231113 16:29:54.878"/>
</kw>
<kw name="Get Element Count" library="Browser">
<var>${cnt}</var>
<arg>//button[@title = "${text}"]</arg>
<tag>Assertion</tag>
<tag>Getter</tag>
<tag>PageContent</tag>
<doc>Returns the count of elements found with ``selector``.</doc>
<msg timestamp="20231113 16:29:54.885" level="INFO">${cnt} = 1</msg>
<status status="PASS" starttime="20231113 16:29:54.878" endtime="20231113 16:29:54.885"/>
</kw>
<if>
<branch type="IF" condition="${cnt} &gt; 0">
<kw name="Click" library="Browser">
<arg>xpath=//button[@title = "${text}"]</arg>
<tag>PageContent</tag>
<tag>Setter</tag>
<doc>Simulates mouse click on the element found by ``selector``.</doc>
<status status="PASS" starttime="20231113 16:29:54.887" endtime="20231113 16:29:54.976"/>
</kw>
<kw name="Click Confirm To Action" library="common">
<kw name="Set Variable" library="BuiltIn">
<var>${element}</var>
<arg>xpath=//*[contains(@class, "ant-popover")]//*[contains(@class, "ant-btn-primary")]</arg>
<doc>Returns the given values which can then be assigned to a variables.</doc>
<msg timestamp="20231113 16:29:54.978" level="INFO">${element} = xpath=//*[contains(@class, "ant-popover")]//*[contains(@class, "ant-btn-primary")]</msg>
<status status="PASS" starttime="20231113 16:29:54.977" endtime="20231113 16:29:54.978"/>
</kw>
<kw name="Get Element Count" library="Browser">
<var>${count}</var>
<arg>${element}</arg>
<tag>Assertion</tag>
<tag>Getter</tag>
<tag>PageContent</tag>
<doc>Returns the count of elements found with ``selector``.</doc>
<msg timestamp="20231113 16:29:54.989" level="INFO">${count} = 0</msg>
<status status="PASS" starttime="20231113 16:29:54.978" endtime="20231113 16:29:54.989"/>
</kw>
<if>
<branch type="IF" condition="${count} &gt; 0">
<kw name="Click" library="Browser">
<arg>${element}</arg>
<tag>PageContent</tag>
<tag>Setter</tag>
<doc>Simulates mouse click on the element found by ``selector``.</doc>
<status status="NOT RUN" starttime="20231113 16:29:54.990" endtime="20231113 16:29:54.990"/>
</kw>
<kw name="Sleep" library="BuiltIn">
<arg>${SHOULD_TIMEOUT}</arg>
<doc>Pauses the test executed for the given time.</doc>
<status status="NOT RUN" starttime="20231113 16:29:54.991" endtime="20231113 16:29:54.991"/>
</kw>
<kw name="Wait Until Element Spin" library="common">
<status status="NOT RUN" starttime="20231113 16:29:54.991" endtime="20231113 16:29:54.991"/>
</kw>
<status status="NOT RUN" starttime="20231113 16:29:54.989" endtime="20231113 16:29:54.991"/>
</branch>
<status status="PASS" starttime="20231113 16:29:54.989" endtime="20231113 16:29:54.991"/>
</if>
<status status="PASS" starttime="20231113 16:29:54.977" endtime="20231113 16:29:54.992"/>
</kw>
<kw name="Scroll By" library="Browser">
<arg>${None}</arg>
<tag>PageContent</tag>
<tag>Setter</tag>
<doc>Scrolls an element or the page relative from current position by the given values.</doc>
<msg timestamp="20231113 16:29:55.012" level="INFO">JavaScript executed successfully.</msg>
<msg timestamp="20231113 16:29:55.013" level="INFO">JavaScript executed successfully.</msg>
<msg timestamp="20231113 16:29:55.029" level="INFO">JavaScript executed successfully.</msg>
<msg timestamp="20231113 16:29:55.029" level="INFO">JavaScript executed successfully.</msg>
<msg timestamp="20231113 16:29:55.036" level="INFO">JavaScript executed successfully.</msg>
<status status="PASS" starttime="20231113 16:29:54.992" endtime="20231113 16:29:55.036"/>
</kw>
<status status="PASS" starttime="20231113 16:29:54.885" endtime="20231113 16:29:55.038"/>
</branch>
<branch type="ELSE">
<kw name="Click" library="Browser">
<arg>//span[contains(text(),"${text}")]</arg>
<tag>PageContent</tag>
<tag>Setter</tag>
<doc>Simulates mouse click on the element found by ``selector``.</doc>
<status status="NOT RUN" starttime="20231113 16:29:55.039" endtime="20231113 16:29:55.040"/>
</kw>
<kw name="Click Confirm To Action" library="common">
<status status="NOT RUN" starttime="20231113 16:29:55.040" endtime="20231113 16:29:55.040"/>
</kw>
<kw name="Scroll By" library="Browser">
<arg>${None}</arg>
<tag>PageContent</tag>
<tag>Setter</tag>
<doc>Scrolls an element or the page relative from current position by the given values.</doc>
<status status="NOT RUN" starttime="20231113 16:29:55.041" endtime="20231113 16:29:55.041"/>
</kw>
<status status="NOT RUN" starttime="20231113 16:29:55.038" endtime="20231113 16:29:55.041"/>
</branch>
<status status="PASS" starttime="20231113 16:29:54.885" endtime="20231113 16:29:55.042"/>
</if>
<kw name="Wait Until Network Is Idle" library="Browser">
<tag>HTTP</tag>
<tag>Wait</tag>
<doc>Waits until there has been at least one instance of 500 ms of no network traffic on the page after loading.</doc>
<status status="PASS" starttime="20231113 16:29:55.042" endtime="20231113 16:29:55.048"/>
</kw>
<status status="PASS" starttime="20231113 16:29:54.776" endtime="20231113 16:29:55.048"/>
</kw>
<kw name="User look message &quot;Success&quot; popup" library="common" sourcename="User look message &quot;${message}&quot; popup">
<kw name="Get Regexp Matches" library="String">
<var>${contains}</var>
<arg>${message}</arg>
<arg>_@(.+)@_</arg>
<arg>1</arg>
<doc>Returns a list of all non-overlapping matches in the given string.</doc>
<msg timestamp="20231113 16:29:55.049" level="INFO">${contains} = []</msg>
<status status="PASS" starttime="20231113 16:29:55.049" endtime="20231113 16:29:55.049"/>
</kw>
<kw name="Get Length" library="BuiltIn">
<var>${cnt}</var>
<arg>${contains}</arg>
<doc>Returns and logs the length of the given item as an integer.</doc>
<msg timestamp="20231113 16:29:55.049" level="INFO">Length is 0</msg>
<msg timestamp="20231113 16:29:55.049" level="INFO">${cnt} = 0</msg>
<status status="PASS" starttime="20231113 16:29:55.049" endtime="20231113 16:29:55.049"/>
</kw>
<if>
<branch type="IF" condition="${cnt} &gt; 0">
<kw name="Replace String" library="String">
<var>${message}</var>
<arg>${message}</arg>
<arg>_@${contains[0]}@_</arg>
<arg>${STATE["${contains[0]}"]}</arg>
<doc>Replaces ``search_for`` in the given ``string`` with ``replace_with``.</doc>
<status status="NOT RUN" starttime="20231113 16:29:55.050" endtime="20231113 16:29:55.050"/>
</kw>
<status status="NOT RUN" starttime="20231113 16:29:55.050" endtime="20231113 16:29:55.050"/>
</branch>
<status status="PASS" starttime="20231113 16:29:55.050" endtime="20231113 16:29:55.050"/>
</if>
<kw name="Wait Until Keyword Succeeds" library="BuiltIn">
<arg>${SHOULD_TIMEOUT}</arg>
<arg>${TIME_TRY}</arg>
<arg>Element Text Should Be</arg>
<arg>id=swal2-html-container</arg>
<arg>${message}</arg>
<doc>Runs the specified keyword and retries if it fails.</doc>
<kw name="Element Text Should Be" library="common">
<arg>id=swal2-html-container</arg>
<arg>${message}</arg>
<kw name="Get Text" library="Browser">
<arg>${locator}</arg>
<arg>equal</arg>
<arg>${expected}</arg>
<arg>${message}</arg>
<tag>Assertion</tag>
<tag>Getter</tag>
<tag>PageContent</tag>
<doc>Returns text attribute of the element found by ``selector``.</doc>
<msg timestamp="20231113 16:29:55.296" level="INFO">Text: 'Success'</msg>
<status status="PASS" starttime="20231113 16:29:55.055" endtime="20231113 16:29:55.296"/>
</kw>
<status status="PASS" starttime="20231113 16:29:55.051" endtime="20231113 16:29:55.296"/>
</kw>
<status status="PASS" starttime="20231113 16:29:55.051" endtime="20231113 16:29:55.296"/>
</kw>
<kw name="Set Variable" library="BuiltIn">
<var>${element}</var>
<arg>xpath=//*[contains(@class, "swal2-confirm")]</arg>
<doc>Returns the given values which can then be assigned to a variables.</doc>
<msg timestamp="20231113 16:29:55.297" level="INFO">${element} = xpath=//*[contains(@class, "swal2-confirm")]</msg>
<status status="PASS" starttime="20231113 16:29:55.296" endtime="20231113 16:29:55.297"/>
</kw>
<kw name="Run Keyword And Return Status" library="BuiltIn">
<var>${passed}</var>
<arg>Element Should Be Visible</arg>
<arg>${element}</arg>
<doc>Runs the given keyword with given arguments and returns the status as a Boolean value.</doc>
<kw name="Element Should Be Visible" library="common">
<arg>${element}</arg>
<kw name="Wait For Elements State" library="Browser">
<arg>${locator}</arg>
<arg>visible</arg>
<arg>${timeout}</arg>
<arg>${message}</arg>
<tag>PageContent</tag>
<tag>Wait</tag>
<doc>Waits for the element found by ``selector`` to satisfy state option.</doc>
<msg timestamp="20231113 16:29:55.747" level="INFO" html="true">&lt;/td&gt;&lt;/tr&gt;&lt;tr&gt;&lt;td colspan="3"&gt;&lt;a href="browser/screenshot/fail-screenshot-1.png" target="_blank"&gt;&lt;img src="browser/screenshot/fail-screenshot-1.png" width="800px"/&gt;&lt;/a&gt;</msg>
<msg timestamp="20231113 16:29:55.747" level="INFO">See also file:///D:/TESTER/Automation/playwright-log.txt for additional details.</msg>
<msg timestamp="20231113 16:29:55.748" level="FAIL">TimeoutError: locator.waitFor: Timeout 100ms exceeded.
=========================== logs ===========================
waiting for locator('xpath=//*[contains(@class, "swal2-confirm")]') to be visible
  locator resolved to hidden &lt;button type="button" aria-label="" class="swal2-confirm…&gt;OK&lt;/button&gt;
  locator resolved to hidden &lt;button type="button" aria-label="" class="swal2-confirm…&gt;OK&lt;/button&gt;
  locator resolved to hidden &lt;button type="button" aria-label="" class="swal2-confirm…&gt;OK&lt;/button&gt;
============================================================
Tip: Use "Set Browser Timeout" for increasing the timeout or double check your locator as the targeted element(s) couldn't be found.</msg>
<status status="FAIL" starttime="20231113 16:29:55.298" endtime="20231113 16:29:55.770"/>
</kw>
<status status="FAIL" starttime="20231113 16:29:55.297" endtime="20231113 16:29:55.770"/>
</kw>
<msg timestamp="20231113 16:29:55.771" level="INFO">${passed} = False</msg>
<status status="PASS" starttime="20231113 16:29:55.297" endtime="20231113 16:29:55.771"/>
</kw>
<if>
<branch type="IF" condition="'${passed}' == 'True'">
<kw name="Click" library="Browser">
<arg>${element}</arg>
<tag>PageContent</tag>
<tag>Setter</tag>
<doc>Simulates mouse click on the element found by ``selector``.</doc>
<status status="NOT RUN" starttime="20231113 16:29:55.772" endtime="20231113 16:29:55.772"/>
</kw>
<status status="NOT RUN" starttime="20231113 16:29:55.771" endtime="20231113 16:29:55.772"/>
</branch>
<status status="PASS" starttime="20231113 16:29:55.771" endtime="20231113 16:29:55.772"/>
</if>
<status status="PASS" starttime="20231113 16:29:55.048" endtime="20231113 16:29:55.772"/>
</kw>
<status status="PASS" starttime="20231113 16:29:53.724" endtime="20231113 16:29:55.772"/>
</kw>
<kw name="When Click &quot;QUẢN LÝ TÀI KHOẢN&quot; menu" library="common" sourcename="Click &quot;${text}&quot; menu">
<kw name="Click" library="Browser">
<arg>xpath=//li[contains(@class, "menu") and descendant::span[contains(text(), "${text}")]]</arg>
<tag>PageContent</tag>
<tag>Setter</tag>
<doc>Simulates mouse click on the element found by ``selector``.</doc>
<status status="PASS" starttime="20231113 16:29:55.774" endtime="20231113 16:29:57.343"/>
</kw>
<status status="PASS" starttime="20231113 16:29:55.773" endtime="20231113 16:29:57.343"/>
</kw>
<kw name="When Click &quot;Tài khoản Người dùng&quot; sub menu to &quot;/customer-account&quot;" library="common" sourcename="Click &quot;${text}&quot; sub menu to &quot;${url}&quot;">
<kw name="Wait Until Element Spin" library="common">
<kw name="Sleep" library="BuiltIn">
<arg>${SHOULD_TIMEOUT}</arg>
<doc>Pauses the test executed for the given time.</doc>
<msg timestamp="20231113 16:29:57.445" level="INFO">Slept 100 milliseconds</msg>
<status status="PASS" starttime="20231113 16:29:57.345" endtime="20231113 16:29:57.445"/>
</kw>
<kw name="Set Variable" library="BuiltIn">
<var>${element}</var>
<arg>xpath=//*[contains(@class, "ant-spin-spinning")]</arg>
<doc>Returns the given values which can then be assigned to a variables.</doc>
<msg timestamp="20231113 16:29:57.445" level="INFO">${element} = xpath=//*[contains(@class, "ant-spin-spinning")]</msg>
<status status="PASS" starttime="20231113 16:29:57.445" endtime="20231113 16:29:57.445"/>
</kw>
<kw name="Get Element Count" library="Browser">
<var>${count}</var>
<arg>${element}</arg>
<tag>Assertion</tag>
<tag>Getter</tag>
<tag>PageContent</tag>
<doc>Returns the count of elements found with ``selector``.</doc>
<msg timestamp="20231113 16:29:57.451" level="INFO">${count} = 0</msg>
<status status="PASS" starttime="20231113 16:29:57.446" endtime="20231113 16:29:57.451"/>
</kw>
<if>
<branch type="IF" condition="${count} &gt; 0">
<kw name="Wait Until Page Does Not Contain Element" library="common">
<arg>${element}</arg>
<status status="NOT RUN" starttime="20231113 16:29:57.452" endtime="20231113 16:29:57.453"/>
</kw>
<status status="NOT RUN" starttime="20231113 16:29:57.452" endtime="20231113 16:29:57.453"/>
</branch>
<status status="PASS" starttime="20231113 16:29:57.451" endtime="20231113 16:29:57.453"/>
</if>
<status status="PASS" starttime="20231113 16:29:57.345" endtime="20231113 16:29:57.453"/>
</kw>
<kw name="Click" library="Browser">
<arg>xpath=//a[contains(@class, "sub-menu") and descendant::span[contains(text(), "${text}")]]</arg>
<tag>PageContent</tag>
<tag>Setter</tag>
<doc>Simulates mouse click on the element found by ``selector``.</doc>
<status status="PASS" starttime="20231113 16:29:57.454" endtime="20231113 16:29:57.773"/>
</kw>
<kw name="Get Url" library="Browser">
<var>${curent_url}</var>
<tag>Assertion</tag>
<tag>Getter</tag>
<tag>PageContent</tag>
<doc>Returns the current URL.</doc>
<msg timestamp="20231113 16:29:57.779" level="INFO">${curent_url} = http://dev1.geneat.vn:7802/vn/customer-account</msg>
<status status="PASS" starttime="20231113 16:29:57.774" endtime="20231113 16:29:57.779"/>
</kw>
<kw name="Should Contain" library="BuiltIn">
<arg>${curent_url}</arg>
<arg>${URL_DEFAULT}${url}</arg>
<doc>Fails if ``container`` does not contain ``item`` one or more times.</doc>
<status status="PASS" starttime="20231113 16:29:57.780" endtime="20231113 16:29:57.781"/>
</kw>
<status status="PASS" starttime="20231113 16:29:57.344" endtime="20231113 16:29:57.781"/>
</kw>
<kw name="Then Confirm locating exactly in &quot;Tài khoản khách hàng&quot; page" library="common" sourcename="Confirm locating exactly in &quot;${name}&quot; page">
<kw name="Get Element Count" library="Browser">
<var>${cnt}</var>
<arg>//header//span[contains(text(),"${name}")]</arg>
<tag>Assertion</tag>
<tag>Getter</tag>
<tag>PageContent</tag>
<doc>Returns the count of elements found with ``selector``.</doc>
<msg timestamp="20231113 16:29:57.802" level="INFO">${cnt} = 1</msg>
<status status="PASS" starttime="20231113 16:29:57.788" endtime="20231113 16:29:57.802"/>
</kw>
<kw name="Should Be True" library="BuiltIn">
<arg>${cnt} &gt; 0</arg>
<doc>Fails if the given condition is not true.</doc>
<status status="PASS" starttime="20231113 16:29:57.803" endtime="20231113 16:29:57.804"/>
</kw>
<status status="PASS" starttime="20231113 16:29:57.786" endtime="20231113 16:29:57.804"/>
</kw>
<kw name="Then Heading should contain &quot;Danh sách tài khoản khách hàng&quot; inner Text" library="common" sourcename="Heading should contain &quot;${text}&quot; inner Text">
<kw name="Set Variable" library="BuiltIn">
<var>${element}</var>
<arg>//i[contains(@class,'la-arrow-left')]//ancestor::*[contains(@class,'mx-auto')]//h2</arg>
<doc>Returns the given values which can then be assigned to a variables.</doc>
<msg timestamp="20231113 16:29:57.838" level="INFO">${element} = //i[contains(@class,'la-arrow-left')]//ancestor::*[contains(@class,'mx-auto')]//h2</msg>
<status status="PASS" starttime="20231113 16:29:57.836" endtime="20231113 16:29:57.838"/>
</kw>
<kw name="Get Element Count" library="Browser">
<var>${cnt}</var>
<arg>${element}</arg>
<tag>Assertion</tag>
<tag>Getter</tag>
<tag>PageContent</tag>
<doc>Returns the count of elements found with ``selector``.</doc>
<msg timestamp="20231113 16:29:57.855" level="INFO">${cnt} = 0</msg>
<status status="PASS" starttime="20231113 16:29:57.840" endtime="20231113 16:29:57.855"/>
</kw>
<if>
<branch type="IF" condition="${cnt} &gt; 0">
<kw name="Get Text" library="Browser">
<arg>${element}</arg>
<arg>equal</arg>
<arg>${text}</arg>
<tag>Assertion</tag>
<tag>Getter</tag>
<tag>PageContent</tag>
<doc>Returns text attribute of the element found by ``selector``.</doc>
<status status="NOT RUN" starttime="20231113 16:29:57.856" endtime="20231113 16:29:57.857"/>
</kw>
<status status="NOT RUN" starttime="20231113 16:29:57.856" endtime="20231113 16:29:57.857"/>
</branch>
<branch type="ELSE">
<kw name="Get Text" library="Browser">
<arg>//h2</arg>
<arg>equal</arg>
<arg>${text}</arg>
<tag>Assertion</tag>
<tag>Getter</tag>
<tag>PageContent</tag>
<doc>Returns text attribute of the element found by ``selector``.</doc>
<msg timestamp="20231113 16:29:57.948" level="INFO">Text: 'Danh sách tài khoản khách hàng'</msg>
<status status="PASS" starttime="20231113 16:29:57.858" endtime="20231113 16:29:57.948"/>
</kw>
<status status="PASS" starttime="20231113 16:29:57.857" endtime="20231113 16:29:57.948"/>
</branch>
<status status="PASS" starttime="20231113 16:29:57.855" endtime="20231113 16:29:57.948"/>
</if>
<status status="PASS" starttime="20231113 16:29:57.834" endtime="20231113 16:29:57.949"/>
</kw>
<kw name="Then Webpage should contain the list data from database" library="common">
<kw name="Get Element" library="Browser">
<var>${element}</var>
<arg>//div[contains(@class,'datatable-wrapper')]</arg>
<tag>Getter</tag>
<tag>PageContent</tag>
<doc>Returns a reference to a Playwright [https://playwright.dev/docs/api/class-locator|Locator].</doc>
<msg timestamp="20231113 16:29:58.339" level="INFO">Locator found successfully.</msg>
<msg timestamp="20231113 16:29:58.340" level="INFO">${element} = //div[contains(@class,'datatable-wrapper')]</msg>
<status status="PASS" starttime="20231113 16:29:57.978" endtime="20231113 16:29:58.340"/>
</kw>
<kw name="Get Element Count" library="Browser">
<var>${count}</var>
<arg>${element}</arg>
<tag>Assertion</tag>
<tag>Getter</tag>
<tag>PageContent</tag>
<doc>Returns the count of elements found with ``selector``.</doc>
<msg timestamp="20231113 16:29:58.348" level="INFO">${count} = 1</msg>
<status status="PASS" starttime="20231113 16:29:58.340" endtime="20231113 16:29:58.348"/>
</kw>
<if>
<branch type="IF" condition="${count} &gt; 0">
<kw name="Set Global Variable" library="BuiltIn">
<arg>\${STATE["${count}"]}</arg>
<arg>${count}</arg>
<doc>Makes a variable available globally in all tests and suites.</doc>
<msg timestamp="20231113 16:29:58.350" level="INFO">${STATE["1"]} = 1</msg>
<status status="PASS" starttime="20231113 16:29:58.349" endtime="20231113 16:29:58.351"/>
</kw>
<status status="PASS" starttime="20231113 16:29:58.348" endtime="20231113 16:29:58.351"/>
</branch>
<status status="PASS" starttime="20231113 16:29:58.348" endtime="20231113 16:29:58.351"/>
</if>
<status status="PASS" starttime="20231113 16:29:57.977" endtime="20231113 16:29:58.352"/>
</kw>
<kw name="Then Webpage should contain the search function" library="common">
<kw name="Get Element" library="Browser">
<var>${element}</var>
<arg>//*[contains(@class,'flex-col')]//label[contains(text(),"Tìm kiếm")]</arg>
<tag>Getter</tag>
<tag>PageContent</tag>
<doc>Returns a reference to a Playwright [https://playwright.dev/docs/api/class-locator|Locator].</doc>
<msg timestamp="20231113 16:29:58.368" level="INFO">Locator found successfully.</msg>
<msg timestamp="20231113 16:29:58.368" level="INFO">${element} = //*[contains(@class,'flex-col')]//label[contains(text(),"Tìm kiếm")]</msg>
<status status="PASS" starttime="20231113 16:29:58.354" endtime="20231113 16:29:58.368"/>
</kw>
<kw name="Get Element Count" library="Browser">
<var>${count}</var>
<arg>${element}</arg>
<tag>Assertion</tag>
<tag>Getter</tag>
<tag>PageContent</tag>
<doc>Returns the count of elements found with ``selector``.</doc>
<msg timestamp="20231113 16:29:58.383" level="INFO">${count} = 1</msg>
<status status="PASS" starttime="20231113 16:29:58.369" endtime="20231113 16:29:58.384"/>
</kw>
<kw name="Should Be True" library="BuiltIn">
<arg>${count} &gt;= 1</arg>
<doc>Fails if the given condition is not true.</doc>
<status status="PASS" starttime="20231113 16:29:58.384" endtime="20231113 16:29:58.386"/>
</kw>
<status status="PASS" starttime="20231113 16:29:58.353" endtime="20231113 16:29:58.386"/>
</kw>
<kw name="Then Webpage should contain the &quot;Ngày tham gia&quot; filter function" library="common" sourcename="Webpage should contain the &quot;${name}&quot; filter function">
<kw name="Get Element" library="Browser">
<var>${element}</var>
<arg>//*[contains(@class,'flex-col')]//label[contains(text(),"${name}")]</arg>
<tag>Getter</tag>
<tag>PageContent</tag>
<doc>Returns a reference to a Playwright [https://playwright.dev/docs/api/class-locator|Locator].</doc>
<msg timestamp="20231113 16:29:58.418" level="INFO">Locator found successfully.</msg>
<msg timestamp="20231113 16:29:58.418" level="INFO">${element} = //*[contains(@class,'flex-col')]//label[contains(text(),"Ngày tham gia")]</msg>
<status status="PASS" starttime="20231113 16:29:58.391" endtime="20231113 16:29:58.418"/>
</kw>
<kw name="Get Element Count" library="Browser">
<var>${count}</var>
<arg>${element}</arg>
<tag>Assertion</tag>
<tag>Getter</tag>
<tag>PageContent</tag>
<doc>Returns the count of elements found with ``selector``.</doc>
<msg timestamp="20231113 16:29:58.429" level="INFO">${count} = 1</msg>
<status status="PASS" starttime="20231113 16:29:58.419" endtime="20231113 16:29:58.429"/>
</kw>
<kw name="Should Be True" library="BuiltIn">
<arg>${count} &gt;= 1</arg>
<doc>Fails if the given condition is not true.</doc>
<status status="PASS" starttime="20231113 16:29:58.430" endtime="20231113 16:29:58.431"/>
</kw>
<status status="PASS" starttime="20231113 16:29:58.390" endtime="20231113 16:29:58.431"/>
</kw>
<kw name="Then Webpage should contain the &quot;Loại tài khoản&quot; filter function" library="common" sourcename="Webpage should contain the &quot;${name}&quot; filter function">
<kw name="Get Element" library="Browser">
<var>${element}</var>
<arg>//*[contains(@class,'flex-col')]//label[contains(text(),"${name}")]</arg>
<tag>Getter</tag>
<tag>PageContent</tag>
<doc>Returns a reference to a Playwright [https://playwright.dev/docs/api/class-locator|Locator].</doc>
<msg timestamp="20231113 16:29:58.457" level="INFO">Locator found successfully.</msg>
<msg timestamp="20231113 16:29:58.458" level="INFO">${element} = //*[contains(@class,'flex-col')]//label[contains(text(),"Loại tài khoản")]</msg>
<status status="PASS" starttime="20231113 16:29:58.442" endtime="20231113 16:29:58.458"/>
</kw>
<kw name="Get Element Count" library="Browser">
<var>${count}</var>
<arg>${element}</arg>
<tag>Assertion</tag>
<tag>Getter</tag>
<tag>PageContent</tag>
<doc>Returns the count of elements found with ``selector``.</doc>
<msg timestamp="20231113 16:29:58.470" level="INFO">${count} = 1</msg>
<status status="PASS" starttime="20231113 16:29:58.458" endtime="20231113 16:29:58.470"/>
</kw>
<kw name="Should Be True" library="BuiltIn">
<arg>${count} &gt;= 1</arg>
<doc>Fails if the given condition is not true.</doc>
<status status="PASS" starttime="20231113 16:29:58.470" endtime="20231113 16:29:58.471"/>
</kw>
<status status="PASS" starttime="20231113 16:29:58.440" endtime="20231113 16:29:58.472"/>
</kw>
<kw name="Then Webpage should contain the &quot;Trạng thái&quot; filter function" library="common" sourcename="Webpage should contain the &quot;${name}&quot; filter function">
<kw name="Get Element" library="Browser">
<var>${element}</var>
<arg>//*[contains(@class,'flex-col')]//label[contains(text(),"${name}")]</arg>
<tag>Getter</tag>
<tag>PageContent</tag>
<doc>Returns a reference to a Playwright [https://playwright.dev/docs/api/class-locator|Locator].</doc>
<msg timestamp="20231113 16:29:58.496" level="INFO">Locator found successfully.</msg>
<msg timestamp="20231113 16:29:58.496" level="INFO">${element} = //*[contains(@class,'flex-col')]//label[contains(text(),"Trạng thái")]</msg>
<status status="PASS" starttime="20231113 16:29:58.478" endtime="20231113 16:29:58.496"/>
</kw>
<kw name="Get Element Count" library="Browser">
<var>${count}</var>
<arg>${element}</arg>
<tag>Assertion</tag>
<tag>Getter</tag>
<tag>PageContent</tag>
<doc>Returns the count of elements found with ``selector``.</doc>
<msg timestamp="20231113 16:29:58.508" level="INFO">${count} = 1</msg>
<status status="PASS" starttime="20231113 16:29:58.496" endtime="20231113 16:29:58.508"/>
</kw>
<kw name="Should Be True" library="BuiltIn">
<arg>${count} &gt;= 1</arg>
<doc>Fails if the given condition is not true.</doc>
<status status="PASS" starttime="20231113 16:29:58.508" endtime="20231113 16:29:58.509"/>
</kw>
<status status="PASS" starttime="20231113 16:29:58.477" endtime="20231113 16:29:58.510"/>
</kw>
<kw name="Then Webpage should contain the &quot;Kích hoạt&quot; filter function" library="common" sourcename="Webpage should contain the &quot;${name}&quot; filter function">
<kw name="Get Element" library="Browser">
<var>${element}</var>
<arg>//*[contains(@class,'flex-col')]//label[contains(text(),"${name}")]</arg>
<tag>Getter</tag>
<tag>PageContent</tag>
<doc>Returns a reference to a Playwright [https://playwright.dev/docs/api/class-locator|Locator].</doc>
<msg timestamp="20231113 16:29:58.539" level="INFO">Locator found successfully.</msg>
<msg timestamp="20231113 16:29:58.539" level="INFO">${element} = //*[contains(@class,'flex-col')]//label[contains(text(),"Kích hoạt")]</msg>
<status status="PASS" starttime="20231113 16:29:58.512" endtime="20231113 16:29:58.541"/>
</kw>
<kw name="Get Element Count" library="Browser">
<var>${count}</var>
<arg>${element}</arg>
<tag>Assertion</tag>
<tag>Getter</tag>
<tag>PageContent</tag>
<doc>Returns the count of elements found with ``selector``.</doc>
<msg timestamp="20231113 16:29:58.550" level="INFO">${count} = 1</msg>
<status status="PASS" starttime="20231113 16:29:58.542" endtime="20231113 16:29:58.550"/>
</kw>
<kw name="Should Be True" library="BuiltIn">
<arg>${count} &gt;= 1</arg>
<doc>Fails if the given condition is not true.</doc>
<status status="PASS" starttime="20231113 16:29:58.550" endtime="20231113 16:29:58.551"/>
</kw>
<status status="PASS" starttime="20231113 16:29:58.511" endtime="20231113 16:29:58.551"/>
</kw>
<kw name="Tear Down" library="common" type="TEARDOWN">
<kw name="Close Browser" library="Browser">
<arg>ALL</arg>
<tag>BrowserControl</tag>
<tag>Setter</tag>
<doc>Closes the current browser.</doc>
<msg timestamp="20231113 16:29:59.485" level="INFO">Closed all browsers</msg>
<status status="PASS" starttime="20231113 16:29:58.554" endtime="20231113 16:29:59.486"/>
</kw>
<status status="PASS" starttime="20231113 16:29:58.552" endtime="20231113 16:29:59.486"/>
</kw>
<tag>MainPage</tag>
<tag>Smoketest</tag>
<tag>UI</tag>
<status status="PASS" starttime="20231113 16:29:48.025" endtime="20231113 16:29:59.488"/>
</test>
<test id="s1-t2" name="CA_02 Verify the function changing the number of accounts show in each list" line="27">
<kw name="Setup" library="common" type="SETUP">
<kw name="Set Browser Timeout" library="Browser">
<arg>${BROWSER_TIMEOUT}</arg>
<tag>Config</tag>
<tag>Setter</tag>
<doc>Sets the timeout used by most input and getter keywords.</doc>
<status status="PASS" starttime="20231113 16:29:59.546" endtime="20231113 16:29:59.547"/>
</kw>
<kw name="New Browser" library="Browser">
<arg>${BROWSER}</arg>
<arg>headless=${HEADLESS}</arg>
<tag>BrowserControl</tag>
<tag>Setter</tag>
<doc>Create a new playwright Browser with specified options.</doc>
<msg timestamp="20231113 16:29:59.548" level="INFO">{"browser": "chromium", "headless": false, "chromiumSandbox": false, "devtools": false, "handleSIGHUP": true, "handleSIGINT": true, "handleSIGTERM": true, "slowMo": 0.0, "timeout": 30000.0, "tracesDir": "D:\\TESTER\\Automation\\browser\\traces\\01cf233b-667b-4125-b8b1-040ee5afea84"}</msg>
<msg timestamp="20231113 16:30:00.593" level="INFO">Successfully created browser with options: {"browser":"chromium","headless":false,"chromiumSandbox":false,"devtools":false,"handleSIGHUP":true,"handleSIGINT":true,"handleSIGTERM":true,"slowMo":0,"timeout":30000,"tracesDir":"D:\\TESTER\\Automation\\browser\\traces\\01cf233b-667b-4125-b8b1-040ee5afea84"}</msg>
<status status="PASS" starttime="20231113 16:29:59.547" endtime="20231113 16:30:00.593"/>
</kw>
<kw name="New Page" library="Browser">
<arg>${URL_DEFAULT}</arg>
<tag>BrowserControl</tag>
<tag>Setter</tag>
<doc>Open a new Page.</doc>
<msg timestamp="20231113 16:30:03.266" level="INFO">Successfully initialized new page object and opened url: http://dev1.geneat.vn:7802/vn</msg>
<msg timestamp="20231113 16:30:03.266" level="INFO">No context was open. New context was automatically opened when this page is created.</msg>
<status status="PASS" starttime="20231113 16:30:00.594" endtime="20231113 16:30:03.266"/>
</kw>
<kw name="Evaluate" library="BuiltIn">
<var>${STATE}</var>
<arg>json.loads('''{}''')</arg>
<arg>json</arg>
<doc>Evaluates the given expression in Python and returns the result.</doc>
<msg timestamp="20231113 16:30:03.267" level="INFO">${STATE} = {}</msg>
<status status="PASS" starttime="20231113 16:30:03.266" endtime="20231113 16:30:03.267"/>
</kw>
<status status="PASS" starttime="20231113 16:29:59.546" endtime="20231113 16:30:03.268"/>
</kw>
<kw name="Go to &quot;Customer Account&quot; page" sourcename="Go to &quot;${page}&quot; page">
<kw name="Login to admin" library="common">
<kw name="Enter &quot;email&quot; in &quot;Email&quot; with &quot;admin@gmail.com&quot;" library="common" sourcename="Enter &quot;${type}&quot; in &quot;${name}&quot; with &quot;${text}&quot;">
<kw name="Get Random Text" library="common">
<var>${text}</var>
<arg>${type}</arg>
<arg>${text}</arg>
<kw name="Set Variable" library="BuiltIn">
<var>${symbol}</var>
<arg>_RANDOM_</arg>
<doc>Returns the given values which can then be assigned to a variables.</doc>
<msg timestamp="20231113 16:30:03.276" level="INFO">${symbol} = _RANDOM_</msg>
<status status="PASS" starttime="20231113 16:30:03.275" endtime="20231113 16:30:03.276"/>
</kw>
<kw name="Set Variable" library="BuiltIn">
<var>${new_text}</var>
<doc>Returns the given values which can then be assigned to a variables.</doc>
<msg timestamp="20231113 16:30:03.278" level="INFO">${new_text} = </msg>
<status status="PASS" starttime="20231113 16:30:03.277" endtime="20231113 16:30:03.278"/>
</kw>
<kw name="Get Regexp Matches" library="String">
<var>${containsS}</var>
<arg>${text}</arg>
<arg>_@(.+)@_</arg>
<arg>1</arg>
<doc>Returns a list of all non-overlapping matches in the given string.</doc>
<msg timestamp="20231113 16:30:03.279" level="INFO">${containsS} = []</msg>
<status status="PASS" starttime="20231113 16:30:03.278" endtime="20231113 16:30:03.279"/>
</kw>
<kw name="Get Length" library="BuiltIn">
<var>${cntS}</var>
<arg>${containsS}</arg>
<doc>Returns and logs the length of the given item as an integer.</doc>
<msg timestamp="20231113 16:30:03.281" level="INFO">Length is 0</msg>
<msg timestamp="20231113 16:30:03.281" level="INFO">${cntS} = 0</msg>
<status status="PASS" starttime="20231113 16:30:03.280" endtime="20231113 16:30:03.281"/>
</kw>
<kw name="Get Regexp Matches" library="String">
<var>${contains}</var>
<arg>${text}</arg>
<arg>${symbol}</arg>
<doc>Returns a list of all non-overlapping matches in the given string.</doc>
<msg timestamp="20231113 16:30:03.283" level="INFO">${contains} = []</msg>
<status status="PASS" starttime="20231113 16:30:03.282" endtime="20231113 16:30:03.283"/>
</kw>
<kw name="Get Length" library="BuiltIn">
<var>${cnt}</var>
<arg>${contains}</arg>
<doc>Returns and logs the length of the given item as an integer.</doc>
<msg timestamp="20231113 16:30:03.284" level="INFO">Length is 0</msg>
<msg timestamp="20231113 16:30:03.285" level="INFO">${cnt} = 0</msg>
<status status="PASS" starttime="20231113 16:30:03.284" endtime="20231113 16:30:03.285"/>
</kw>
<if>
<branch type="IF" condition="${cntS} &gt; 0">
<kw name="Set Variable" library="BuiltIn">
<var>${new_text}</var>
<arg>${STATE["${containsS[0]}"]}</arg>
<doc>Returns the given values which can then be assigned to a variables.</doc>
<status status="NOT RUN" starttime="20231113 16:30:03.286" endtime="20231113 16:30:03.286"/>
</kw>
<kw name="Set Variable" library="BuiltIn">
<var>${symbol}</var>
<arg>_@${containsS[0]}@_</arg>
<doc>Returns the given values which can then be assigned to a variables.</doc>
<status status="NOT RUN" starttime="20231113 16:30:03.287" endtime="20231113 16:30:03.287"/>
</kw>
<status status="NOT RUN" starttime="20231113 16:30:03.285" endtime="20231113 16:30:03.287"/>
</branch>
<branch type="ELSE IF" condition="${cnt} &gt; 0 and '${type}' == 'test name'">
<kw name="Sentence" library="FakerLibrary">
<var>${random}</var>
<arg>nb_words=3</arg>
<doc>Generate a sentence.</doc>
<status status="NOT RUN" starttime="20231113 16:30:03.289" endtime="20231113 16:30:03.289"/>
</kw>
<kw name="Split String" library="String">
<var>${words}</var>
<arg>${TEST NAME}</arg>
<arg>${SPACE}</arg>
<doc>Splits the ``string`` using ``separator`` as a delimiter string.</doc>
<status status="NOT RUN" starttime="20231113 16:30:03.289" endtime="20231113 16:30:03.290"/>
</kw>
<kw name="Set Variable" library="BuiltIn">
<var>${new_text}</var>
<arg>${words[0]} ${random}</arg>
<doc>Returns the given values which can then be assigned to a variables.</doc>
<status status="NOT RUN" starttime="20231113 16:30:03.290" endtime="20231113 16:30:03.290"/>
</kw>
<status status="NOT RUN" starttime="20231113 16:30:03.288" endtime="20231113 16:30:03.290"/>
</branch>
<branch type="ELSE IF" condition="${cnt} &gt; 0 and '${type}' == 'number'">
<kw name="Random Int" library="FakerLibrary">
<var>${new_text}</var>
<doc>Generate a random integer between two integers ``min`` and ``max`` inclusive
while observing the provided ``step`` value.</doc>
<status status="NOT RUN" starttime="20231113 16:30:03.291" endtime="20231113 16:30:03.292"/>
</kw>
<kw name="Convert To String" library="BuiltIn">
<var>${new_text}</var>
<arg>${new_text}</arg>
<doc>Converts the given item to a Unicode string.</doc>
<status status="NOT RUN" starttime="20231113 16:30:03.292" endtime="20231113 16:30:03.292"/>
</kw>
<status status="NOT RUN" starttime="20231113 16:30:03.291" endtime="20231113 16:30:03.292"/>
</branch>
<branch type="ELSE IF" condition="${cnt} &gt; 0 and '${type}' == 'percentage'">
<kw name="Random Int" library="FakerLibrary">
<var>${new_text}</var>
<arg>max=100</arg>
<doc>Generate a random integer between two integers ``min`` and ``max`` inclusive
while observing the provided ``step`` value.</doc>
<status status="NOT RUN" starttime="20231113 16:30:03.293" endtime="20231113 16:30:03.293"/>
</kw>
<kw name="Convert To String" library="BuiltIn">
<var>${new_text}</var>
<arg>${new_text}</arg>
<doc>Converts the given item to a Unicode string.</doc>
<status status="NOT RUN" starttime="20231113 16:30:03.294" endtime="20231113 16:30:03.294"/>
</kw>
<status status="NOT RUN" starttime="20231113 16:30:03.293" endtime="20231113 16:30:03.294"/>
</branch>
<branch type="ELSE IF" condition="${cnt} &gt; 0 and '${type}' == 'paragraph'">
<kw name="Paragraph" library="FakerLibrary">
<var>${new_text}</var>
<doc>Generate a paragraph.</doc>
<status status="NOT RUN" starttime="20231113 16:30:03.295" endtime="20231113 16:30:03.295"/>
</kw>
<status status="NOT RUN" starttime="20231113 16:30:03.295" endtime="20231113 16:30:03.296"/>
</branch>
<branch type="ELSE IF" condition="${cnt} &gt; 0 and '${type}' == 'email'">
<kw name="Email" library="FakerLibrary">
<var>${new_text}</var>
<status status="NOT RUN" starttime="20231113 16:30:03.296" endtime="20231113 16:30:03.297"/>
</kw>
<status status="NOT RUN" starttime="20231113 16:30:03.296" endtime="20231113 16:30:03.297"/>
</branch>
<branch type="ELSE IF" condition="${cnt} &gt; 0 and '${type}' == 'phone'">
<kw name="Random Int" library="FakerLibrary">
<var>${new_text}</var>
<arg>min=2000000000</arg>
<arg>max=9999999999</arg>
<doc>Generate a random integer between two integers ``min`` and ``max`` inclusive
while observing the provided ``step`` value.</doc>
<status status="NOT RUN" starttime="20231113 16:30:03.298" endtime="20231113 16:30:03.298"/>
</kw>
<kw name="Convert To String" library="BuiltIn">
<var>${new_text}</var>
<arg>${new_text}</arg>
<doc>Converts the given item to a Unicode string.</doc>
<status status="NOT RUN" starttime="20231113 16:30:03.308" endtime="20231113 16:30:03.308"/>
</kw>
<kw name="Catenate" library="BuiltIn">
<var>${new_text}</var>
<arg>SEPARATOR=</arg>
<arg>0</arg>
<arg>${new_text}</arg>
<doc>Catenates the given items together and returns the resulted string.</doc>
<status status="NOT RUN" starttime="20231113 16:30:03.309" endtime="20231113 16:30:03.309"/>
</kw>
<status status="NOT RUN" starttime="20231113 16:30:03.297" endtime="20231113 16:30:03.309"/>
</branch>
<branch type="ELSE IF" condition="${cnt} &gt; 0 and '${type}' == 'color'">
<kw name="Safe Hex Color" library="FakerLibrary">
<var>${new_text}</var>
<doc>Generate a web-safe color formatted as a hex triplet.</doc>
<status status="NOT RUN" starttime="20231113 16:30:03.310" endtime="20231113 16:30:03.311"/>
</kw>
<status status="NOT RUN" starttime="20231113 16:30:03.309" endtime="20231113 16:30:03.311"/>
</branch>
<branch type="ELSE IF" condition="${cnt} &gt; 0 and &quot;${type}&quot; == 'password'">
<kw name="Password" library="FakerLibrary">
<var>${new_text}</var>
<arg>10</arg>
<arg>True</arg>
<arg>True</arg>
<arg>True</arg>
<arg>True</arg>
<doc>Generate a random password of the specified ``length``.</doc>
<status status="NOT RUN" starttime="20231113 16:30:03.313" endtime="20231113 16:30:03.313"/>
</kw>
<status status="NOT RUN" starttime="20231113 16:30:03.312" endtime="20231113 16:30:03.313"/>
</branch>
<branch type="ELSE IF" condition="${cnt} &gt; 0 and '${type}' == 'date'">
<kw name="Date" library="FakerLibrary">
<var>${new_text}</var>
<arg>pattern=%d-%m-%Y</arg>
<doc>Get a date string between January 1, 1970 and now.</doc>
<status status="NOT RUN" starttime="20231113 16:30:03.314" endtime="20231113 16:30:03.314"/>
</kw>
<status status="NOT RUN" starttime="20231113 16:30:03.313" endtime="20231113 16:30:03.315"/>
</branch>
<branch type="ELSE IF" condition="${cnt} &gt; 0 and '${type}' == 'word'">
<kw name="Sentence" library="FakerLibrary">
<var>${new_text}</var>
<arg>nb_words=2</arg>
<doc>Generate a sentence.</doc>
<status status="NOT RUN" starttime="20231113 16:30:03.316" endtime="20231113 16:30:03.316"/>
</kw>
<status status="NOT RUN" starttime="20231113 16:30:03.315" endtime="20231113 16:30:03.316"/>
</branch>
<branch type="ELSE IF" condition="${cnt} &gt; 0">
<kw name="Sentence" library="FakerLibrary">
<var>${new_text}</var>
<doc>Generate a sentence.</doc>
<status status="NOT RUN" starttime="20231113 16:30:03.317" endtime="20231113 16:30:03.317"/>
</kw>
<status status="NOT RUN" starttime="20231113 16:30:03.317" endtime="20231113 16:30:03.318"/>
</branch>
<status status="PASS" starttime="20231113 16:30:03.285" endtime="20231113 16:30:03.319"/>
</if>
<kw name="Get Length" library="BuiltIn">
<var>${cnt}</var>
<arg>${text}</arg>
<doc>Returns and logs the length of the given item as an integer.</doc>
<msg timestamp="20231113 16:30:03.321" level="INFO">Length is 15</msg>
<msg timestamp="20231113 16:30:03.321" level="INFO">${cnt} = 15</msg>
<status status="PASS" starttime="20231113 16:30:03.320" endtime="20231113 16:30:03.321"/>
</kw>
<if>
<branch type="IF" condition="${cnt} &gt; 0">
<kw name="Replace String" library="String">
<var>${text}</var>
<arg>${text}</arg>
<arg>${symbol}</arg>
<arg>${new_text}</arg>
<doc>Replaces ``search_for`` in the given ``string`` with ``replace_with``.</doc>
<msg timestamp="20231113 16:30:03.323" level="INFO">${text} = admin@gmail.com</msg>
<status status="PASS" starttime="20231113 16:30:03.323" endtime="20231113 16:30:03.323"/>
</kw>
<status status="PASS" starttime="20231113 16:30:03.322" endtime="20231113 16:30:03.323"/>
</branch>
<status status="PASS" starttime="20231113 16:30:03.322" endtime="20231113 16:30:03.323"/>
</if>
<msg timestamp="20231113 16:30:03.324" level="INFO">${text} = admin@gmail.com</msg>
<status status="PASS" starttime="20231113 16:30:03.273" endtime="20231113 16:30:03.324"/>
</kw>
<kw name="Get Element Form Item By Name" library="common">
<var>${element}</var>
<arg>${name}</arg>
<arg>//*[contains(@class, "ant-input")]</arg>
<msg timestamp="20231113 16:30:03.324" level="INFO">${element} = xpath=//*[contains(@class, "ant-form-item-label")]/label[text()="Email"]/../../*[contains(@class, "ant-form-item")]//*[contains(@class, "ant-input")]</msg>
<status status="PASS" starttime="20231113 16:30:03.324" endtime="20231113 16:30:03.324"/>
</kw>
<kw name="Click" library="Browser">
<arg>${element}</arg>
<tag>PageContent</tag>
<tag>Setter</tag>
<doc>Simulates mouse click on the element found by ``selector``.</doc>
<status status="PASS" starttime="20231113 16:30:03.325" endtime="20231113 16:30:03.848"/>
</kw>
<kw name="Clear Text" library="Browser">
<arg>${element}</arg>
<tag>PageContent</tag>
<tag>Setter</tag>
<doc>Clears the text field found by ``selector``.</doc>
<status status="PASS" starttime="20231113 16:30:03.848" endtime="20231113 16:30:03.913"/>
</kw>
<kw name="Fill Text" library="Browser">
<arg>${element}</arg>
<arg>${text}</arg>
<arg>True</arg>
<tag>PageContent</tag>
<tag>Setter</tag>
<doc>Clears and fills the given ``txt`` into the text field found by ``selector``.</doc>
<msg timestamp="20231113 16:30:03.914" level="INFO">Fills the text 'admin@gmail.com' in the given field.</msg>
<status status="PASS" starttime="20231113 16:30:03.913" endtime="20231113 16:30:03.950"/>
</kw>
<kw name="Get Text" library="Browser">
<var>${condition}</var>
<arg>${element}</arg>
<tag>Assertion</tag>
<tag>Getter</tag>
<tag>PageContent</tag>
<doc>Returns text attribute of the element found by ``selector``.</doc>
<msg timestamp="20231113 16:30:03.994" level="INFO">Text: 'admin@gmail.com'</msg>
<msg timestamp="20231113 16:30:03.994" level="INFO">${condition} = admin@gmail.com</msg>
<status status="PASS" starttime="20231113 16:30:03.951" endtime="20231113 16:30:03.994"/>
</kw>
<while condition="'${condition}' != '${text}'" limit="10">
<iter>
<kw name="Fill Text" library="Browser">
<arg>${element}</arg>
<arg>${text}</arg>
<tag>PageContent</tag>
<tag>Setter</tag>
<doc>Clears and fills the given ``txt`` into the text field found by ``selector``.</doc>
<status status="NOT RUN" starttime="20231113 16:30:03.995" endtime="20231113 16:30:03.995"/>
</kw>
<kw name="Get Text" library="Browser">
<var>${condition}</var>
<arg>${element}</arg>
<tag>Assertion</tag>
<tag>Getter</tag>
<tag>PageContent</tag>
<doc>Returns text attribute of the element found by ``selector``.</doc>
<status status="NOT RUN" starttime="20231113 16:30:03.996" endtime="20231113 16:30:03.996"/>
</kw>
<status status="NOT RUN" starttime="20231113 16:30:03.995" endtime="20231113 16:30:03.996"/>
</iter>
<status status="NOT RUN" starttime="20231113 16:30:03.995" endtime="20231113 16:30:03.996"/>
</while>
<kw name="Scroll To Element" library="Browser">
<arg>${element}</arg>
<tag>PageContent</tag>
<tag>Setter</tag>
<doc>This method waits for actionability checks, then tries to scroll element into view,
unless it is completely visible.</doc>
<status status="PASS" starttime="20231113 16:30:03.997" endtime="20231113 16:30:04.078"/>
</kw>
<kw name="Get Length" library="BuiltIn">
<var>${cnt}</var>
<arg>${text}</arg>
<doc>Returns and logs the length of the given item as an integer.</doc>
<msg timestamp="20231113 16:30:04.078" level="INFO">Length is 15</msg>
<msg timestamp="20231113 16:30:04.079" level="INFO">${cnt} = 15</msg>
<status status="PASS" starttime="20231113 16:30:04.078" endtime="20231113 16:30:04.079"/>
</kw>
<if>
<branch type="IF" condition="${cnt} &gt; 0">
<kw name="Set Global Variable" library="BuiltIn">
<arg>\${STATE["${name}"]}</arg>
<arg>${text}</arg>
<doc>Makes a variable available globally in all tests and suites.</doc>
<msg timestamp="20231113 16:30:04.080" level="INFO">${STATE["Email"]} = admin@gmail.com</msg>
<status status="PASS" starttime="20231113 16:30:04.079" endtime="20231113 16:30:04.080"/>
</kw>
<status status="PASS" starttime="20231113 16:30:04.079" endtime="20231113 16:30:04.080"/>
</branch>
<status status="PASS" starttime="20231113 16:30:04.079" endtime="20231113 16:30:04.080"/>
</if>
<kw name="Wait Until Network Is Idle" library="Browser">
<tag>HTTP</tag>
<tag>Wait</tag>
<doc>Waits until there has been at least one instance of 500 ms of no network traffic on the page after loading.</doc>
<status status="PASS" starttime="20231113 16:30:04.080" endtime="20231113 16:30:04.084"/>
</kw>
<status status="PASS" starttime="20231113 16:30:03.272" endtime="20231113 16:30:04.084"/>
</kw>
<kw name="Enter &quot;password&quot; in &quot;Mật khẩu&quot; with &quot;123123&quot;" library="common" sourcename="Enter &quot;${type}&quot; in &quot;${name}&quot; with &quot;${text}&quot;">
<kw name="Get Random Text" library="common">
<var>${text}</var>
<arg>${type}</arg>
<arg>${text}</arg>
<kw name="Set Variable" library="BuiltIn">
<var>${symbol}</var>
<arg>_RANDOM_</arg>
<doc>Returns the given values which can then be assigned to a variables.</doc>
<msg timestamp="20231113 16:30:04.089" level="INFO">${symbol} = _RANDOM_</msg>
<status status="PASS" starttime="20231113 16:30:04.089" endtime="20231113 16:30:04.089"/>
</kw>
<kw name="Set Variable" library="BuiltIn">
<var>${new_text}</var>
<doc>Returns the given values which can then be assigned to a variables.</doc>
<msg timestamp="20231113 16:30:04.090" level="INFO">${new_text} = </msg>
<status status="PASS" starttime="20231113 16:30:04.090" endtime="20231113 16:30:04.090"/>
</kw>
<kw name="Get Regexp Matches" library="String">
<var>${containsS}</var>
<arg>${text}</arg>
<arg>_@(.+)@_</arg>
<arg>1</arg>
<doc>Returns a list of all non-overlapping matches in the given string.</doc>
<msg timestamp="20231113 16:30:04.091" level="INFO">${containsS} = []</msg>
<status status="PASS" starttime="20231113 16:30:04.090" endtime="20231113 16:30:04.091"/>
</kw>
[...]
<status status="PASS" starttime="20231113 16:31:09.773" endtime="20231113 16:31:10.593"/>
</kw>
<kw name="Click Confirm To Action" library="common">
<kw name="Set Variable" library="BuiltIn">
<var>${element}</var>
<arg>xpath=//*[contains(@class, "ant-popover")]//*[contains(@class, "ant-btn-primary")]</arg>
<doc>Returns the given values which can then be assigned to a variables.</doc>
<msg timestamp="20231113 16:31:10.596" level="INFO">${element} = xpath=//*[contains(@class, "ant-popover")]//*[contains(@class, "ant-btn-primary")]</msg>
<status status="PASS" starttime="20231113 16:31:10.595" endtime="20231113 16:31:10.596"/>
</kw>
<kw name="Get Element Count" library="Browser">
<var>${count}</var>
<arg>${element}</arg>
<tag>Assertion</tag>
<tag>Getter</tag>
<tag>PageContent</tag>
<doc>Returns the count of elements found with ``selector``.</doc>
<msg timestamp="20231113 16:31:10.630" level="INFO">${count} = 0</msg>
<status status="PASS" starttime="20231113 16:31:10.597" endtime="20231113 16:31:10.630"/>
</kw>
<if>
<branch type="IF" condition="${count} &gt; 0">
<kw name="Click" library="Browser">
<arg>${element}</arg>
<tag>PageContent</tag>
<tag>Setter</tag>
<doc>Simulates mouse click on the element found by ``selector``.</doc>
<status status="NOT RUN" starttime="20231113 16:31:10.633" endtime="20231113 16:31:10.633"/>
</kw>
<kw name="Sleep" library="BuiltIn">
<arg>${SHOULD_TIMEOUT}</arg>
<doc>Pauses the test executed for the given time.</doc>
<status status="NOT RUN" starttime="20231113 16:31:10.634" endtime="20231113 16:31:10.634"/>
</kw>
<kw name="Wait Until Element Spin" library="common">
<status status="NOT RUN" starttime="20231113 16:31:10.635" endtime="20231113 16:31:10.635"/>
</kw>
<status status="NOT RUN" starttime="20231113 16:31:10.631" endtime="20231113 16:31:10.636"/>
</branch>
<status status="PASS" starttime="20231113 16:31:10.631" endtime="20231113 16:31:10.636"/>
</if>
<status status="PASS" starttime="20231113 16:31:10.594" endtime="20231113 16:31:10.637"/>
</kw>
<kw name="Scroll By" library="Browser">
<arg>${None}</arg>
<tag>PageContent</tag>
<tag>Setter</tag>
<doc>Scrolls an element or the page relative from current position by the given values.</doc>
<msg timestamp="20231113 16:31:10.675" level="INFO">JavaScript executed successfully.</msg>
<msg timestamp="20231113 16:31:10.675" level="INFO">JavaScript executed successfully.</msg>
<msg timestamp="20231113 16:31:10.709" level="INFO">JavaScript executed successfully.</msg>
<msg timestamp="20231113 16:31:10.709" level="INFO">JavaScript executed successfully.</msg>
<msg timestamp="20231113 16:31:10.724" level="INFO">JavaScript executed successfully.</msg>
<status status="PASS" starttime="20231113 16:31:10.639" endtime="20231113 16:31:10.724"/>
</kw>
<status status="PASS" starttime="20231113 16:31:09.772" endtime="20231113 16:31:10.724"/>
</branch>
<branch type="ELSE">
<kw name="Click" library="Browser">
<arg>//span[contains(text(),"${text}")]</arg>
<tag>PageContent</tag>
<tag>Setter</tag>
<doc>Simulates mouse click on the element found by ``selector``.</doc>
<status status="NOT RUN" starttime="20231113 16:31:10.725" endtime="20231113 16:31:10.725"/>
</kw>
<kw name="Click Confirm To Action" library="common">
<status status="NOT RUN" starttime="20231113 16:31:10.725" endtime="20231113 16:31:10.726"/>
</kw>
<kw name="Scroll By" library="Browser">
<arg>${None}</arg>
<tag>PageContent</tag>
<tag>Setter</tag>
<doc>Scrolls an element or the page relative from current position by the given values.</doc>
<status status="NOT RUN" starttime="20231113 16:31:10.726" endtime="20231113 16:31:10.726"/>
</kw>
<status status="NOT RUN" starttime="20231113 16:31:10.724" endtime="20231113 16:31:10.726"/>
</branch>
<status status="PASS" starttime="20231113 16:31:09.772" endtime="20231113 16:31:10.727"/>
</if>
<kw name="Wait Until Network Is Idle" library="Browser">
<tag>HTTP</tag>
<tag>Wait</tag>
<doc>Waits until there has been at least one instance of 500 ms of no network traffic on the page after loading.</doc>
<status status="PASS" starttime="20231113 16:31:10.727" endtime="20231113 16:31:10.739"/>
</kw>
<status status="PASS" starttime="20231113 16:31:09.665" endtime="20231113 16:31:10.740"/>
</kw>
<kw name="Then &quot;_@Họ và tên@_&quot; table line should be highlighted" library="common" sourcename="&quot;${name}&quot; table line should be highlighted">
<kw name="Wait Until Element Spin" library="common">
<kw name="Sleep" library="BuiltIn">
<arg>${SHOULD_TIMEOUT}</arg>
<doc>Pauses the test executed for the given time.</doc>
<msg timestamp="20231113 16:31:10.842" level="INFO">Slept 100 milliseconds</msg>
<status status="PASS" starttime="20231113 16:31:10.742" endtime="20231113 16:31:10.842"/>
</kw>
<kw name="Set Variable" library="BuiltIn">
<var>${element}</var>
<arg>xpath=//*[contains(@class, "ant-spin-spinning")]</arg>
<doc>Returns the given values which can then be assigned to a variables.</doc>
<msg timestamp="20231113 16:31:10.842" level="INFO">${element} = xpath=//*[contains(@class, "ant-spin-spinning")]</msg>
<status status="PASS" starttime="20231113 16:31:10.842" endtime="20231113 16:31:10.842"/>
</kw>
<kw name="Get Element Count" library="Browser">
<var>${count}</var>
<arg>${element}</arg>
<tag>Assertion</tag>
<tag>Getter</tag>
<tag>PageContent</tag>
<doc>Returns the count of elements found with ``selector``.</doc>
<msg timestamp="20231113 16:31:10.851" level="INFO">${count} = 0</msg>
<status status="PASS" starttime="20231113 16:31:10.843" endtime="20231113 16:31:10.851"/>
</kw>
<if>
<branch type="IF" condition="${count} &gt; 0">
<kw name="Wait Until Page Does Not Contain Element" library="common">
<arg>${element}</arg>
<status status="NOT RUN" starttime="20231113 16:31:10.852" endtime="20231113 16:31:10.852"/>
</kw>
<status status="NOT RUN" starttime="20231113 16:31:10.852" endtime="20231113 16:31:10.852"/>
</branch>
<status status="PASS" starttime="20231113 16:31:10.852" endtime="20231113 16:31:10.852"/>
</if>
<status status="PASS" starttime="20231113 16:31:10.741" endtime="20231113 16:31:10.853"/>
</kw>
<kw name="Check Text" library="common">
<var>${name}</var>
<arg>${name}</arg>
<kw name="Get Regexp Matches" library="String">
<var>${containsS}</var>
<arg>${text}</arg>
<arg>_@(.+)@_</arg>
<arg>1</arg>
<doc>Returns a list of all non-overlapping matches in the given string.</doc>
<msg timestamp="20231113 16:31:10.854" level="INFO">${containsS} = ['Họ và tên']</msg>
<status status="PASS" starttime="20231113 16:31:10.853" endtime="20231113 16:31:10.854"/>
</kw>
<kw name="Get Length" library="BuiltIn">
<var>${cntS}</var>
<arg>${containsS}</arg>
<doc>Returns and logs the length of the given item as an integer.</doc>
<msg timestamp="20231113 16:31:10.854" level="INFO">Length is 1</msg>
<msg timestamp="20231113 16:31:10.854" level="INFO">${cntS} = 1</msg>
<status status="PASS" starttime="20231113 16:31:10.854" endtime="20231113 16:31:10.855"/>
</kw>
<if>
<branch type="IF" condition="${cntS} &gt; 0">
<kw name="Set Variable" library="BuiltIn">
<var>${text}</var>
<arg>${STATE["${containsS[0]}"]}</arg>
<doc>Returns the given values which can then be assigned to a variables.</doc>
<msg timestamp="20231113 16:31:10.856" level="INFO">${text} = CA_04 Praesentium.</msg>
<status status="PASS" starttime="20231113 16:31:10.855" endtime="20231113 16:31:10.856"/>
</kw>
<status status="PASS" starttime="20231113 16:31:10.855" endtime="20231113 16:31:10.856"/>
</branch>
<status status="PASS" starttime="20231113 16:31:10.855" endtime="20231113 16:31:10.857"/>
</if>
<msg timestamp="20231113 16:31:10.857" level="INFO">${name} = CA_04 Praesentium.</msg>
<status status="PASS" starttime="20231113 16:31:10.853" endtime="20231113 16:31:10.857"/>
</kw>
<kw name="Get Property" library="Browser">
<arg>//button[contains(text(),"${name}")]//ancestor::tr</arg>
<arg>className</arg>
<arg>contains</arg>
<arg>bg-blue-100</arg>
<tag>Assertion</tag>
<tag>Getter</tag>
<tag>PageContent</tag>
<doc>Returns the ``property`` of the element found by ``selector``.</doc>
<msg timestamp="20231113 16:31:10.876" level="INFO">Property: 'bg-blue-100 ant-table-row ng-star-inserted'</msg>
<status status="PASS" starttime="20231113 16:31:10.857" endtime="20231113 16:31:10.877"/>
</kw>
<status status="PASS" starttime="20231113 16:31:10.741" endtime="20231113 16:31:10.877"/>
</kw>
<kw name="When Click on the &quot;Xóa&quot; button in the &quot;_@Họ và tên@_&quot; table line" library="common" sourcename="Click on the &quot;${text}&quot; button in the &quot;${name}&quot; table line">
<kw name="Sleep" library="BuiltIn">
<arg>${SHOULD_TIMEOUT}</arg>
<doc>Pauses the test executed for the given time.</doc>
<msg timestamp="20231113 16:31:10.981" level="INFO">Slept 100 milliseconds</msg>
<status status="PASS" starttime="20231113 16:31:10.880" endtime="20231113 16:31:10.981"/>
</kw>
<kw name="Wait Until Element Spin" library="common">
<kw name="Sleep" library="BuiltIn">
<arg>${SHOULD_TIMEOUT}</arg>
<doc>Pauses the test executed for the given time.</doc>
<msg timestamp="20231113 16:31:11.083" level="INFO">Slept 100 milliseconds</msg>
<status status="PASS" starttime="20231113 16:31:10.982" endtime="20231113 16:31:11.083"/>
</kw>
<kw name="Set Variable" library="BuiltIn">
<var>${element}</var>
<arg>xpath=//*[contains(@class, "ant-spin-spinning")]</arg>
<doc>Returns the given values which can then be assigned to a variables.</doc>
<msg timestamp="20231113 16:31:11.084" level="INFO">${element} = xpath=//*[contains(@class, "ant-spin-spinning")]</msg>
<status status="PASS" starttime="20231113 16:31:11.084" endtime="20231113 16:31:11.085"/>
</kw>
<kw name="Get Element Count" library="Browser">
<var>${count}</var>
<arg>${element}</arg>
<tag>Assertion</tag>
<tag>Getter</tag>
<tag>PageContent</tag>
<doc>Returns the count of elements found with ``selector``.</doc>
<msg timestamp="20231113 16:31:11.099" level="INFO">${count} = 0</msg>
<status status="PASS" starttime="20231113 16:31:11.086" endtime="20231113 16:31:11.099"/>
</kw>
<if>
<branch type="IF" condition="${count} &gt; 0">
<kw name="Wait Until Page Does Not Contain Element" library="common">
<arg>${element}</arg>
<status status="NOT RUN" starttime="20231113 16:31:11.100" endtime="20231113 16:31:11.101"/>
</kw>
<status status="NOT RUN" starttime="20231113 16:31:11.099" endtime="20231113 16:31:11.101"/>
</branch>
<status status="PASS" starttime="20231113 16:31:11.099" endtime="20231113 16:31:11.101"/>
</if>
<status status="PASS" starttime="20231113 16:31:10.981" endtime="20231113 16:31:11.102"/>
</kw>
<kw name="Check Text" library="common">
<var>${name}</var>
<arg>${name}</arg>
<kw name="Get Regexp Matches" library="String">
<var>${containsS}</var>
<arg>${text}</arg>
<arg>_@(.+)@_</arg>
<arg>1</arg>
<doc>Returns a list of all non-overlapping matches in the given string.</doc>
<msg timestamp="20231113 16:31:11.104" level="INFO">${containsS} = ['Họ và tên']</msg>
<status status="PASS" starttime="20231113 16:31:11.103" endtime="20231113 16:31:11.104"/>
</kw>
<kw name="Get Length" library="BuiltIn">
<var>${cntS}</var>
<arg>${containsS}</arg>
<doc>Returns and logs the length of the given item as an integer.</doc>
<msg timestamp="20231113 16:31:11.105" level="INFO">Length is 1</msg>
<msg timestamp="20231113 16:31:11.105" level="INFO">${cntS} = 1</msg>
<status status="PASS" starttime="20231113 16:31:11.104" endtime="20231113 16:31:11.105"/>
</kw>
<if>
<branch type="IF" condition="${cntS} &gt; 0">
<kw name="Set Variable" library="BuiltIn">
<var>${text}</var>
<arg>${STATE["${containsS[0]}"]}</arg>
<doc>Returns the given values which can then be assigned to a variables.</doc>
<msg timestamp="20231113 16:31:11.107" level="INFO">${text} = CA_04 Praesentium.</msg>
<status status="PASS" starttime="20231113 16:31:11.106" endtime="20231113 16:31:11.107"/>
</kw>
<status status="PASS" starttime="20231113 16:31:11.105" endtime="20231113 16:31:11.108"/>
</branch>
<status status="PASS" starttime="20231113 16:31:11.105" endtime="20231113 16:31:11.108"/>
</if>
<msg timestamp="20231113 16:31:11.108" level="INFO">${name} = CA_04 Praesentium.</msg>
<status status="PASS" starttime="20231113 16:31:11.102" endtime="20231113 16:31:11.108"/>
</kw>
<if>
<branch type="IF" condition="'${text}' == 'Chi tiết'">
<kw name="Get Element Table Item By Name" library="common">
<var>${element1}</var>
<arg>${name}</arg>
<arg>//button[@title = "${text}"]</arg>
<status status="NOT RUN" starttime="20231113 16:31:11.109" endtime="20231113 16:31:11.109"/>
</kw>
<kw name="Get Element Count" library="Browser">
<var>${count}</var>
<arg>${element1}</arg>
<tag>Assertion</tag>
<tag>Getter</tag>
<tag>PageContent</tag>
<doc>Returns the count of elements found with ``selector``.</doc>
<status status="NOT RUN" starttime="20231113 16:31:11.109" endtime="20231113 16:31:11.110"/>
</kw>
<if>
<branch type="IF" condition="${count} &gt; 0">
<kw name="Click" library="Browser">
<arg>${element1}</arg>
<tag>PageContent</tag>
<tag>Setter</tag>
<doc>Simulates mouse click on the element found by ``selector``.</doc>
<status status="NOT RUN" starttime="20231113 16:31:11.110" endtime="20231113 16:31:11.111"/>
</kw>
<status status="NOT RUN" starttime="20231113 16:31:11.110" endtime="20231113 16:31:11.111"/>
</branch>
<branch type="ELSE">
<kw name="Get Element Table Item By Name" library="common">
<var>${elementS}</var>
<arg>${name}</arg>
<arg>//p[contains(text(),"${name}")]</arg>
<status status="NOT RUN" starttime="20231113 16:31:11.112" endtime="20231113 16:31:11.112"/>
</kw>
<kw name="Click" library="Browser">
<arg>${elementS}</arg>
<tag>PageContent</tag>
<tag>Setter</tag>
<doc>Simulates mouse click on the element found by ``selector``.</doc>
<status status="NOT RUN" starttime="20231113 16:31:11.113" endtime="20231113 16:31:11.113"/>
</kw>
<status status="NOT RUN" starttime="20231113 16:31:11.112" endtime="20231113 16:31:11.113"/>
</branch>
<status status="NOT RUN" starttime="20231113 16:31:11.110" endtime="20231113 16:31:11.113"/>
</if>
<status status="NOT RUN" starttime="20231113 16:31:11.108" endtime="20231113 16:31:11.113"/>
</branch>
<branch type="ELSE">
<kw name="Get Element Table Item By Name" library="common">
<var>${element}</var>
<arg>${name}</arg>
<arg>//button[@title = "${text}"]</arg>
<msg timestamp="20231113 16:31:11.114" level="INFO">${element} = xpath=//*[contains(@class, "ant-table-row")]//*[contains(text(),"CA_04 Praesentium.")]/ancestor::tr//button[@title = "Xóa"]</msg>
<status status="PASS" starttime="20231113 16:31:11.114" endtime="20231113 16:31:11.114"/>
</kw>
<kw name="Click" library="Browser">
<arg>${element}</arg>
<tag>PageContent</tag>
<tag>Setter</tag>
<doc>Simulates mouse click on the element found by ``selector``.</doc>
<status status="PASS" starttime="20231113 16:31:11.115" endtime="20231113 16:31:11.219"/>
</kw>
<status status="PASS" starttime="20231113 16:31:11.114" endtime="20231113 16:31:11.220"/>
</branch>
<status status="PASS" starttime="20231113 16:31:11.108" endtime="20231113 16:31:11.220"/>
</if>
<kw name="Click Confirm To Action" library="common">
<kw name="Set Variable" library="BuiltIn">
<var>${element}</var>
<arg>xpath=//*[contains(@class, "ant-popover")]//*[contains(@class, "ant-btn-primary")]</arg>
<doc>Returns the given values which can then be assigned to a variables.</doc>
<msg timestamp="20231113 16:31:11.222" level="INFO">${element} = xpath=//*[contains(@class, "ant-popover")]//*[contains(@class, "ant-btn-primary")]</msg>
<status status="PASS" starttime="20231113 16:31:11.221" endtime="20231113 16:31:11.222"/>
</kw>
<kw name="Get Element Count" library="Browser">
<var>${count}</var>
<arg>${element}</arg>
<tag>Assertion</tag>
<tag>Getter</tag>
<tag>PageContent</tag>
<doc>Returns the count of elements found with ``selector``.</doc>
<msg timestamp="20231113 16:31:11.241" level="INFO">${count} = 1</msg>
<status status="PASS" starttime="20231113 16:31:11.222" endtime="20231113 16:31:11.241"/>
</kw>
<if>
<branch type="IF" condition="${count} &gt; 0">
<kw name="Click" library="Browser">
<arg>${element}</arg>
<tag>PageContent</tag>
<tag>Setter</tag>
<doc>Simulates mouse click on the element found by ``selector``.</doc>
<status status="PASS" starttime="20231113 16:31:11.242" endtime="20231113 16:31:11.617"/>
</kw>
<kw name="Sleep" library="BuiltIn">
<arg>${SHOULD_TIMEOUT}</arg>
<doc>Pauses the test executed for the given time.</doc>
<msg timestamp="20231113 16:31:11.718" level="INFO">Slept 100 milliseconds</msg>
<status status="PASS" starttime="20231113 16:31:11.617" endtime="20231113 16:31:11.718"/>
</kw>
<kw name="Wait Until Element Spin" library="common">
<kw name="Sleep" library="BuiltIn">
<arg>${SHOULD_TIMEOUT}</arg>
<doc>Pauses the test executed for the given time.</doc>
<msg timestamp="20231113 16:31:11.820" level="INFO">Slept 100 milliseconds</msg>
<status status="PASS" starttime="20231113 16:31:11.719" endtime="20231113 16:31:11.820"/>
</kw>
<kw name="Set Variable" library="BuiltIn">
<var>${element}</var>
<arg>xpath=//*[contains(@class, "ant-spin-spinning")]</arg>
<doc>Returns the given values which can then be assigned to a variables.</doc>
<msg timestamp="20231113 16:31:11.821" level="INFO">${element} = xpath=//*[contains(@class, "ant-spin-spinning")]</msg>
<status status="PASS" starttime="20231113 16:31:11.820" endtime="20231113 16:31:11.821"/>
</kw>
<kw name="Get Element Count" library="Browser">
<var>${count}</var>
<arg>${element}</arg>
<tag>Assertion</tag>
<tag>Getter</tag>
<tag>PageContent</tag>
<doc>Returns the count of elements found with ``selector``.</doc>
<msg timestamp="20231113 16:31:11.902" level="INFO">${count} = 0</msg>
<status status="PASS" starttime="20231113 16:31:11.821" endtime="20231113 16:31:11.902"/>
</kw>
<if>
<branch type="IF" condition="${count} &gt; 0">
<kw name="Wait Until Page Does Not Contain Element" library="common">
<arg>${element}</arg>
<status status="NOT RUN" starttime="20231113 16:31:11.904" endtime="20231113 16:31:11.904"/>
</kw>
<status status="NOT RUN" starttime="20231113 16:31:11.903" endtime="20231113 16:31:11.904"/>
</branch>
<status status="PASS" starttime="20231113 16:31:11.903" endtime="20231113 16:31:11.904"/>
</if>
<status status="PASS" starttime="20231113 16:31:11.718" endtime="20231113 16:31:11.904"/>
</kw>
<status status="PASS" starttime="20231113 16:31:11.242" endtime="20231113 16:31:11.904"/>
</branch>
<status status="PASS" starttime="20231113 16:31:11.241" endtime="20231113 16:31:11.904"/>
</if>
<status status="PASS" starttime="20231113 16:31:11.220" endtime="20231113 16:31:11.905"/>
</kw>
<kw name="Wait Until Network Is Idle" library="Browser">
<tag>HTTP</tag>
<tag>Wait</tag>
<doc>Waits until there has been at least one instance of 500 ms of no network traffic on the page after loading.</doc>
<status status="PASS" starttime="20231113 16:31:11.905" endtime="20231113 16:31:11.909"/>
</kw>
<status status="PASS" starttime="20231113 16:31:10.879" endtime="20231113 16:31:11.909"/>
</kw>
<kw name="Tear Down" library="common" type="TEARDOWN">
<kw name="Close Browser" library="Browser">
<arg>ALL</arg>
<tag>BrowserControl</tag>
<tag>Setter</tag>
<doc>Closes the current browser.</doc>
<msg timestamp="20231113 16:31:12.536" level="INFO">Closed all browsers</msg>
<status status="PASS" starttime="20231113 16:31:11.917" endtime="20231113 16:31:12.537"/>
</kw>
<status status="PASS" starttime="20231113 16:31:11.912" endtime="20231113 16:31:12.537"/>
</kw>
<tag>MainPage</tag>
<tag>UI</tag>
<status status="PASS" starttime="20231113 16:30:55.850" endtime="20231113 16:31:12.538"/>
</test>
<status status="PASS" starttime="20231113 16:29:45.183" endtime="20231113 16:31:12.585"/>
</suite>
<statistics>
<total>
<stat pass="4" fail="0" skip="0">All Tests</stat>
</total>
<tag>
<stat pass="4" fail="0" skip="0">MainPage</stat>
<stat pass="3" fail="0" skip="0">Smoketest</stat>
<stat pass="4" fail="0" skip="0">UI</stat>
</tag>
<suite>
<stat pass="4" fail="0" skip="0" id="s1" name="Customer Account">Customer Account</stat>
</suite>
</statistics>
<errors>
</errors>
</robot>
