<?xml version="1.0" encoding="UTF-8"?>
<robot generator="Robot 6.1.1 (Python 3.11.4 on win32)" generated="20231127 17:28:09.430" rpa="false" schemaversion="4">
<suite id="s1" name="Post" source="d:\TESTER\Automation\Auto_Web\testcases\post.robot">
<test id="s1-t1" name="PO_37 Verify the changing &quot;Mô tả SEO&quot; field" line="511">
<kw name="Setup" library="common" type="SETUP">
<kw name="Set Browser Timeout" library="Browser">
<arg>${BROWSER_TIMEOUT}</arg>
<tag>Config</tag>
<tag>Setter</tag>
<doc>Sets the timeout used by most input and getter keywords.</doc>
<status status="PASS" starttime="20231127 17:28:12.936" endtime="20231127 17:28:12.937"/>
</kw>
<kw name="New Browser" library="Browser">
<arg>${BROWSER}</arg>
<arg>headless=${HEADLESS}</arg>
<tag>BrowserControl</tag>
<tag>Setter</tag>
<doc>Create a new playwright Browser with specified options.</doc>
<msg timestamp="20231127 17:28:12.939" level="INFO">{"browser": "chromium", "headless": false, "chromiumSandbox": false, "devtools": false, "handleSIGHUP": true, "handleSIGINT": true, "handleSIGTERM": true, "slowMo": 0.0, "timeout": 30000.0, "tracesDir": "D:\\TESTER\\Automation\\browser\\traces\\c869f2ba-2133-4d14-9120-fec7092c1b99"}</msg>
<msg timestamp="20231127 17:28:14.146" level="INFO">Successfully created browser with options: {"browser":"chromium","headless":false,"chromiumSandbox":false,"devtools":false,"handleSIGHUP":true,"handleSIGINT":true,"handleSIGTERM":true,"slowMo":0,"timeout":30000,"tracesDir":"D:\\TESTER\\Automation\\browser\\traces\\c869f2ba-2133-4d14-9120-fec7092c1b99"}</msg>
<status status="PASS" starttime="20231127 17:28:12.938" endtime="20231127 17:28:14.147"/>
</kw>
<kw name="New Page" library="Browser">
<arg>${URL_DEFAULT}</arg>
<tag>BrowserControl</tag>
<tag>Setter</tag>
<doc>Open a new Page.</doc>
<msg timestamp="20231127 17:28:17.506" level="INFO">Successfully initialized new page object and opened url: http://dev1.geneat.vn:7802/#/vn</msg>
<msg timestamp="20231127 17:28:17.507" level="INFO">No context was open. New context was automatically opened when this page is created.</msg>
<status status="PASS" starttime="20231127 17:28:14.147" endtime="20231127 17:28:17.507"/>
</kw>
<kw name="Evaluate" library="BuiltIn">
<var>${STATE}</var>
<arg>json.loads('''{}''')</arg>
<arg>json</arg>
<doc>Evaluates the given expression in Python and returns the result.</doc>
<msg timestamp="20231127 17:28:17.511" level="INFO">${STATE} = {}</msg>
<status status="PASS" starttime="20231127 17:28:17.509" endtime="20231127 17:28:17.511"/>
</kw>
<status status="PASS" starttime="20231127 17:28:12.935" endtime="20231127 17:28:17.512"/>
</kw>
<kw name="Create a category with &quot;Cate1&quot; name" sourcename="Create a category with &quot;${name}&quot; name">
<kw name="Check Text" library="common">
<var>${name}</var>
<arg>${name}</arg>
<kw name="Get Regexp Matches" library="String">
<var>${containsS}</var>
<arg>${text}</arg>
<arg>_@(.+)@_</arg>
<arg>1</arg>
<doc>Returns a list of all non-overlapping matches in the given string.</doc>
<msg timestamp="20231127 17:28:17.667" level="INFO">${containsS} = []</msg>
<status status="PASS" starttime="20231127 17:28:17.665" endtime="20231127 17:28:17.668"/>
</kw>
<kw name="Get Length" library="BuiltIn">
<var>${cntS}</var>
<arg>${containsS}</arg>
<doc>Returns and logs the length of the given item as an integer.</doc>
<msg timestamp="20231127 17:28:17.669" level="INFO">Length is 0</msg>
<msg timestamp="20231127 17:28:17.670" level="INFO">${cntS} = 0</msg>
<status status="PASS" starttime="20231127 17:28:17.668" endtime="20231127 17:28:17.670"/>
</kw>
<if>
<branch type="IF" condition="${cntS} &gt; 0">
<kw name="Set Variable" library="BuiltIn">
<var>${text}</var>
<arg>${STATE["${containsS[0]}"]}</arg>
<doc>Returns the given values which can then be assigned to a variables.</doc>
<status status="NOT RUN" starttime="20231127 17:28:17.672" endtime="20231127 17:28:17.673"/>
</kw>
<status status="NOT RUN" starttime="20231127 17:28:17.671" endtime="20231127 17:28:17.677"/>
</branch>
<status status="PASS" starttime="20231127 17:28:17.671" endtime="20231127 17:28:17.678"/>
</if>
<msg timestamp="20231127 17:28:17.679" level="INFO">${name} = Cate1</msg>
<status status="PASS" starttime="20231127 17:28:17.663" endtime="20231127 17:28:17.686"/>
</kw>
<kw name="Run Keyword And Return Status" library="BuiltIn">
<var>${condition}</var>
<arg>Confirm locating exactly in "Post" page</arg>
<doc>Runs the given keyword with given arguments and returns the status as a Boolean value.</doc>
<kw name="Confirm locating exactly in &quot;Post&quot; page" library="common" sourcename="Confirm locating exactly in &quot;${name}&quot; page">
<kw name="Get Element Count" library="Browser">
<var>${cnt}</var>
<arg>//header//span[contains(text(),"${name}")]</arg>
<tag>Assertion</tag>
<tag>Getter</tag>
<tag>PageContent</tag>
<doc>Returns the count of elements found with ``selector``.</doc>
<msg timestamp="20231127 17:28:18.017" level="INFO">${cnt} = 0</msg>
<status status="PASS" starttime="20231127 17:28:17.689" endtime="20231127 17:28:18.018"/>
</kw>
<kw name="Should Be True" library="BuiltIn">
<arg>${cnt} &gt; 0</arg>
<doc>Fails if the given condition is not true.</doc>
<msg timestamp="20231127 17:28:18.022" level="FAIL">'0 &gt; 0' should be true.</msg>
<status status="FAIL" starttime="20231127 17:28:18.020" endtime="20231127 17:28:18.022"/>
</kw>
<status status="FAIL" starttime="20231127 17:28:17.688" endtime="20231127 17:28:18.024"/>
</kw>
<msg timestamp="20231127 17:28:18.026" level="INFO">${condition} = False</msg>
<status status="PASS" starttime="20231127 17:28:17.687" endtime="20231127 17:28:18.026"/>
</kw>
<if>
<branch type="IF" condition="'${condition}' == 'True'">
<kw name="Wait Until Element Spin" library="common">
<status status="NOT RUN" starttime="20231127 17:28:18.034" endtime="20231127 17:28:18.035"/>
</kw>
<kw name="Sleep" library="BuiltIn">
<arg>${SHOULD_TIMEOUT}</arg>
<doc>Pauses the test executed for the given time.</doc>
<status status="NOT RUN" starttime="20231127 17:28:18.035" endtime="20231127 17:28:18.036"/>
</kw>
<kw name="Set Variable" library="BuiltIn">
<var>${element}</var>
<arg>//*[contains(@class,'ant-spin-container')]//span[contains(text(),'${name}')]</arg>
<doc>Returns the given values which can then be assigned to a variables.</doc>
<status status="NOT RUN" starttime="20231127 17:28:18.037" endtime="20231127 17:28:18.038"/>
</kw>
<kw name="Get Element Count" library="Browser">
<var>${cnt}</var>
<arg>${element}</arg>
<tag>Assertion</tag>
<tag>Getter</tag>
<tag>PageContent</tag>
<doc>Returns the count of elements found with ``selector``.</doc>
<status status="NOT RUN" starttime="20231127 17:28:18.039" endtime="20231127 17:28:18.040"/>
</kw>
<if>
<branch type="IF" condition="${cnt} &lt; 1">
<kw name="Click &quot;Tạo mới&quot; button" library="common" sourcename="Click &quot;${text}&quot; button">
<status status="NOT RUN" starttime="20231127 17:28:18.043" endtime="20231127 17:28:18.044"/>
</kw>
<kw name="Enter &quot;test name&quot; in &quot;Tiêu đề&quot; with &quot;${name}&quot;" library="common" sourcename="Enter &quot;${type}&quot; in &quot;${name}&quot; with &quot;${text}&quot;">
<status status="NOT RUN" starttime="20231127 17:28:18.045" endtime="20231127 17:28:18.048"/>
</kw>
<kw name="Enter &quot;paragraph&quot; in textarea &quot;Giới thiệu&quot; with &quot;_RANDOM_&quot;" library="common" sourcename="Enter &quot;${type}&quot; in textarea &quot;${name}&quot; with &quot;${text}&quot;">
<status status="NOT RUN" starttime="20231127 17:28:18.051" endtime="20231127 17:28:18.051"/>
</kw>
<kw name="Click &quot;Lưu lại&quot; button" library="common" sourcename="Click &quot;${text}&quot; button">
<status status="NOT RUN" starttime="20231127 17:28:18.052" endtime="20231127 17:28:18.053"/>
</kw>
<kw name="User look message &quot;Thêm mới danh mục bài viết thành công&quot; popup" library="common" sourcename="User look message &quot;${message}&quot; popup">
<status status="NOT RUN" starttime="20231127 17:28:18.054" endtime="20231127 17:28:18.055"/>
</kw>
<status status="NOT RUN" starttime="20231127 17:28:18.042" endtime="20231127 17:28:18.063"/>
</branch>
<branch type="ELSE">
<kw name="Select on the &quot;${name}&quot; item line" library="common" sourcename="Select on the &quot;${text}&quot; item line">
<status status="NOT RUN" starttime="20231127 17:28:18.066" endtime="20231127 17:28:18.066"/>
</kw>
<status status="NOT RUN" starttime="20231127 17:28:18.064" endtime="20231127 17:28:18.067"/>
</branch>
<status status="NOT RUN" starttime="20231127 17:28:18.041" endtime="20231127 17:28:18.067"/>
</if>
<status status="NOT RUN" starttime="20231127 17:28:18.031" endtime="20231127 17:28:18.068"/>
</branch>
<branch type="ELSE">
<kw name="Go to &quot;Post&quot; page">
<kw name="Login to admin" library="common">
<kw name="Enter &quot;email&quot; in &quot;Email&quot; with &quot;admin@gmail.com&quot;" library="common" sourcename="Enter &quot;${type}&quot; in &quot;${name}&quot; with &quot;${text}&quot;">
<kw name="Get Random Text" library="common">
<var>${text}</var>
<arg>${type}</arg>
<arg>${text}</arg>
<kw name="Set Variable" library="BuiltIn">
<var>${symbol}</var>
<arg>_RANDOM_</arg>
<doc>Returns the given values which can then be assigned to a variables.</doc>
<msg timestamp="20231127 17:28:18.084" level="INFO">${symbol} = _RANDOM_</msg>
<status status="PASS" starttime="20231127 17:28:18.083" endtime="20231127 17:28:18.084"/>
</kw>
<kw name="Set Variable" library="BuiltIn">
<var>${new_text}</var>
<doc>Returns the given values which can then be assigned to a variables.</doc>
<msg timestamp="20231127 17:28:18.086" level="INFO">${new_text} = </msg>
<status status="PASS" starttime="20231127 17:28:18.085" endtime="20231127 17:28:18.086"/>
</kw>
<kw name="Get Regexp Matches" library="String">
<var>${containsS}</var>
<arg>${text}</arg>
<arg>_@(.+)@_</arg>
<arg>1</arg>
<doc>Returns a list of all non-overlapping matches in the given string.</doc>
<msg timestamp="20231127 17:28:18.088" level="INFO">${containsS} = []</msg>
<status status="PASS" starttime="20231127 17:28:18.087" endtime="20231127 17:28:18.089"/>
</kw>
<kw name="Get Length" library="BuiltIn">
<var>${cntS}</var>
<arg>${containsS}</arg>
<doc>Returns and logs the length of the given item as an integer.</doc>
<msg timestamp="20231127 17:28:18.099" level="INFO">Length is 0</msg>
<msg timestamp="20231127 17:28:18.100" level="INFO">${cntS} = 0</msg>
<status status="PASS" starttime="20231127 17:28:18.097" endtime="20231127 17:28:18.101"/>
</kw>
<kw name="Get Regexp Matches" library="String">
<var>${contains}</var>
<arg>${text}</arg>
<arg>${symbol}</arg>
<doc>Returns a list of all non-overlapping matches in the given string.</doc>
<msg timestamp="20231127 17:28:18.103" level="INFO">${contains} = []</msg>
<status status="PASS" starttime="20231127 17:28:18.101" endtime="20231127 17:28:18.103"/>
</kw>
<kw name="Get Length" library="BuiltIn">
<var>${cnt}</var>
<arg>${contains}</arg>
<doc>Returns and logs the length of the given item as an integer.</doc>
<msg timestamp="20231127 17:28:18.105" level="INFO">Length is 0</msg>
<msg timestamp="20231127 17:28:18.105" level="INFO">${cnt} = 0</msg>
<status status="PASS" starttime="20231127 17:28:18.104" endtime="20231127 17:28:18.105"/>
</kw>
<if>
<branch type="IF" condition="${cntS} &gt; 0">
<kw name="Set Variable" library="BuiltIn">
<var>${new_text}</var>
<arg>${STATE["${containsS[0]}"]}</arg>
<doc>Returns the given values which can then be assigned to a variables.</doc>
<status status="NOT RUN" starttime="20231127 17:28:18.130" endtime="20231127 17:28:18.131"/>
</kw>
<kw name="Set Variable" library="BuiltIn">
<var>${symbol}</var>
<arg>_@${containsS[0]}@_</arg>
<doc>Returns the given values which can then be assigned to a variables.</doc>
<status status="NOT RUN" starttime="20231127 17:28:18.131" endtime="20231127 17:28:18.132"/>
</kw>
<status status="NOT RUN" starttime="20231127 17:28:18.122" endtime="20231127 17:28:18.132"/>
</branch>
<branch type="ELSE IF" condition="${cnt} &gt; 0 and '${type}' == 'test name'">
<kw name="Sentence" library="FakerLibrary">
<var>${random}</var>
<arg>nb_words=3</arg>
<doc>Generate a sentence.</doc>
<status status="NOT RUN" starttime="20231127 17:28:18.134" endtime="20231127 17:28:18.135"/>
</kw>
<kw name="Split String" library="String">
<var>${words}</var>
<arg>${TEST NAME}</arg>
<arg>${SPACE}</arg>
<doc>Splits the ``string`` using ``separator`` as a delimiter string.</doc>
<status status="NOT RUN" starttime="20231127 17:28:18.135" endtime="20231127 17:28:18.136"/>
</kw>
<kw name="Set Variable" library="BuiltIn">
<var>${new_text}</var>
<arg>${words[0]} ${random}</arg>
<doc>Returns the given values which can then be assigned to a variables.</doc>
<status status="NOT RUN" starttime="20231127 17:28:18.137" endtime="20231127 17:28:18.137"/>
</kw>
<status status="NOT RUN" starttime="20231127 17:28:18.133" endtime="20231127 17:28:18.138"/>
</branch>
<branch type="ELSE IF" condition="${cnt} &gt; 0 and '${type}' == 'number'">
<kw name="Random Int" library="FakerLibrary">
<var>${new_text}</var>
<doc>Generate a random integer between two integers ``min`` and ``max`` inclusive
while observing the provided ``step`` value.</doc>
<status status="NOT RUN" starttime="20231127 17:28:18.139" endtime="20231127 17:28:18.144"/>
</kw>
<kw name="Convert To String" library="BuiltIn">
<var>${new_text}</var>
<arg>${new_text}</arg>
<doc>Converts the given item to a Unicode string.</doc>
<status status="NOT RUN" starttime="20231127 17:28:18.147" endtime="20231127 17:28:18.148"/>
</kw>
<status status="NOT RUN" starttime="20231127 17:28:18.138" endtime="20231127 17:28:18.148"/>
</branch>
<branch type="ELSE IF" condition="${cnt} &gt; 0 and '${type}' == 'percentage'">
<kw name="Random Int" library="FakerLibrary">
<var>${new_text}</var>
<arg>max=100</arg>
<doc>Generate a random integer between two integers ``min`` and ``max`` inclusive
while observing the provided ``step`` value.</doc>
<status status="NOT RUN" starttime="20231127 17:28:18.151" endtime="20231127 17:28:18.151"/>
</kw>
<kw name="Convert To String" library="BuiltIn">
<var>${new_text}</var>
<arg>${new_text}</arg>
<doc>Converts the given item to a Unicode string.</doc>
<status status="NOT RUN" starttime="20231127 17:28:18.152" endtime="20231127 17:28:18.153"/>
</kw>
<status status="NOT RUN" starttime="20231127 17:28:18.149" endtime="20231127 17:28:18.153"/>
</branch>
<branch type="ELSE IF" condition="${cnt} &gt; 0 and '${type}' == 'paragraph'">
<kw name="Paragraph" library="FakerLibrary">
<var>${new_text}</var>
<doc>Generate a paragraph.</doc>
<status status="NOT RUN" starttime="20231127 17:28:18.155" endtime="20231127 17:28:18.156"/>
</kw>
<status status="NOT RUN" starttime="20231127 17:28:18.154" endtime="20231127 17:28:18.160"/>
</branch>
<branch type="ELSE IF" condition="${cnt} &gt; 0 and '${type}' == 'email'">
<kw name="Email" library="FakerLibrary">
<var>${new_text}</var>
<status status="NOT RUN" starttime="20231127 17:28:18.162" endtime="20231127 17:28:18.163"/>
</kw>
<status status="NOT RUN" starttime="20231127 17:28:18.161" endtime="20231127 17:28:18.163"/>
</branch>
<branch type="ELSE IF" condition="${cnt} &gt; 0 and '${type}' == 'phone'">
<kw name="Random Int" library="FakerLibrary">
<var>${new_text}</var>
<arg>min=2000000000</arg>
<arg>max=9999999999</arg>
<doc>Generate a random integer between two integers ``min`` and ``max`` inclusive
while observing the provided ``step`` value.</doc>
<status status="NOT RUN" starttime="20231127 17:28:18.165" endtime="20231127 17:28:18.166"/>
</kw>
<kw name="Convert To String" library="BuiltIn">
<var>${new_text}</var>
<arg>${new_text}</arg>
<doc>Converts the given item to a Unicode string.</doc>
<status status="NOT RUN" starttime="20231127 17:28:18.166" endtime="20231127 17:28:18.167"/>
</kw>
<kw name="Catenate" library="BuiltIn">
<var>${new_text}</var>
<arg>SEPARATOR=</arg>
<arg>0</arg>
<arg>${new_text}</arg>
<doc>Catenates the given items together and returns the resulted string.</doc>
<status status="NOT RUN" starttime="20231127 17:28:18.168" endtime="20231127 17:28:18.168"/>
</kw>
<status status="NOT RUN" starttime="20231127 17:28:18.164" endtime="20231127 17:28:18.229"/>
</branch>
<branch type="ELSE IF" condition="${cnt} &gt; 0 and '${type}' == 'color'">
<kw name="Safe Hex Color" library="FakerLibrary">
<var>${new_text}</var>
<doc>Generate a web-safe color formatted as a hex triplet.</doc>
<status status="NOT RUN" starttime="20231127 17:28:18.231" endtime="20231127 17:28:18.232"/>
</kw>
<status status="NOT RUN" starttime="20231127 17:28:18.230" endtime="20231127 17:28:18.233"/>
</branch>
<branch type="ELSE IF" condition="${cnt} &gt; 0 and &quot;${type}&quot; == 'password'">
<kw name="Password" library="FakerLibrary">
<var>${new_text}</var>
<arg>10</arg>
<arg>True</arg>
<arg>True</arg>
<arg>True</arg>
<arg>True</arg>
<doc>Generate a random password of the specified ``length``.</doc>
<status status="NOT RUN" starttime="20231127 17:28:18.234" endtime="20231127 17:28:18.235"/>
</kw>
<status status="NOT RUN" starttime="20231127 17:28:18.233" endtime="20231127 17:28:18.235"/>
</branch>
<branch type="ELSE IF" condition="${cnt} &gt; 0 and '${type}' == 'date'">
<kw name="Date" library="FakerLibrary">
<var>${new_text}</var>
<arg>pattern=%d-%m-%Y</arg>
<doc>Get a date string between January 1, 1970 and now.</doc>
<status status="NOT RUN" starttime="20231127 17:28:18.237" endtime="20231127 17:28:18.238"/>
</kw>
<status status="NOT RUN" starttime="20231127 17:28:18.236" endtime="20231127 17:28:18.238"/>
</branch>
<branch type="ELSE IF" condition="${cnt} &gt; 0 and '${type}' == 'word'">
<kw name="Sentence" library="FakerLibrary">
<var>${new_text}</var>
<arg>nb_words=2</arg>
<doc>Generate a sentence.</doc>
<status status="NOT RUN" starttime="20231127 17:28:18.243" endtime="20231127 17:28:18.243"/>
</kw>
<status status="NOT RUN" starttime="20231127 17:28:18.239" endtime="20231127 17:28:18.244"/>
</branch>
<branch type="ELSE IF" condition="${cnt} &gt; 0">
<kw name="Sentence" library="FakerLibrary">
<var>${new_text}</var>
<doc>Generate a sentence.</doc>
<status status="NOT RUN" starttime="20231127 17:28:18.246" endtime="20231127 17:28:18.246"/>
</kw>
<status status="NOT RUN" starttime="20231127 17:28:18.244" endtime="20231127 17:28:18.247"/>
</branch>
<status status="PASS" starttime="20231127 17:28:18.122" endtime="20231127 17:28:18.248"/>
</if>
<kw name="Get Length" library="BuiltIn">
<var>${cnt}</var>
<arg>${text}</arg>
<doc>Returns and logs the length of the given item as an integer.</doc>
<msg timestamp="20231127 17:28:18.249" level="INFO">Length is 15</msg>
<msg timestamp="20231127 17:28:18.251" level="INFO">${cnt} = 15</msg>
<status status="PASS" starttime="20231127 17:28:18.248" endtime="20231127 17:28:18.251"/>
</kw>
<if>
<branch type="IF" condition="${cnt} &gt; 0">
<kw name="Replace String" library="String">
<var>${text}</var>
<arg>${text}</arg>
<arg>${symbol}</arg>
<arg>${new_text}</arg>
<doc>Replaces ``search_for`` in the given ``string`` with ``replace_with``.</doc>
<msg timestamp="20231127 17:28:18.254" level="INFO">${text} = admin@gmail.com</msg>
<status status="PASS" starttime="20231127 17:28:18.253" endtime="20231127 17:28:18.255"/>
</kw>
<status status="PASS" starttime="20231127 17:28:18.252" endtime="20231127 17:28:18.255"/>
</branch>
<status status="PASS" starttime="20231127 17:28:18.252" endtime="20231127 17:28:18.256"/>
</if>
<msg timestamp="20231127 17:28:18.260" level="INFO">${text} = admin@gmail.com</msg>
<status status="PASS" starttime="20231127 17:28:18.081" endtime="20231127 17:28:18.260"/>
</kw>
<kw name="Get Element Form Item By Name" library="common">
<var>${element}</var>
<arg>${name}</arg>
<arg>//*[contains(@class, "ant-input")]</arg>
<msg timestamp="20231127 17:28:18.264" level="INFO">${element} = xpath=//*[contains(@class, "ant-form-item-label")]/label[text()="Email"]/../../*[contains(@class, "ant-form-item")]//*[contains(@class, "ant-input")]</msg>
<status status="PASS" starttime="20231127 17:28:18.261" endtime="20231127 17:28:18.265"/>
</kw>
<kw name="Click" library="Browser">
<arg>${element}</arg>
<tag>PageContent</tag>
<tag>Setter</tag>
<doc>Simulates mouse click on the element found by ``selector``.</doc>
<status status="PASS" starttime="20231127 17:28:18.267" endtime="20231127 17:28:18.454"/>
</kw>
<kw name="Clear Text" library="Browser">
<arg>${element}</arg>
<tag>PageContent</tag>
<tag>Setter</tag>
<doc>Clears the text field found by ``selector``.</doc>
<status status="PASS" starttime="20231127 17:28:18.455" endtime="20231127 17:28:18.555"/>
</kw>
<kw name="Fill Text" library="Browser">
<arg>${element}</arg>
<arg>${text}</arg>
<arg>True</arg>
<tag>PageContent</tag>
<tag>Setter</tag>
<doc>Clears and fills the given ``txt`` into the text field found by ``selector``.</doc>
<msg timestamp="20231127 17:28:18.558" level="INFO">Fills the text 'admin@gmail.com' in the given field.</msg>
<status status="PASS" starttime="20231127 17:28:18.556" endtime="20231127 17:28:18.643"/>
</kw>
<kw name="Get Text" library="Browser">
<var>${condition}</var>
<arg>${element}</arg>
<tag>Assertion</tag>
<tag>Getter</tag>
<tag>PageContent</tag>
<doc>Returns text attribute of the element found by ``selector``.</doc>
<msg timestamp="20231127 17:28:18.753" level="INFO">Text: 'admin@gmail.com'</msg>
<msg timestamp="20231127 17:28:18.754" level="INFO">${condition} = admin@gmail.com</msg>
<status status="PASS" starttime="20231127 17:28:18.645" endtime="20231127 17:28:18.754"/>
</kw>
<while condition="'${condition}' != '${text}'" limit="10">
<iter>
<kw name="Fill Text" library="Browser">
<arg>${element}</arg>
<arg>${text}</arg>
<tag>PageContent</tag>
<tag>Setter</tag>
<doc>Clears and fills the given ``txt`` into the text field found by ``selector``.</doc>
<status status="NOT RUN" starttime="20231127 17:28:18.760" endtime="20231127 17:28:18.761"/>
</kw>
<kw name="Get Text" library="Browser">
<var>${condition}</var>
<arg>${element}</arg>
<tag>Assertion</tag>
<tag>Getter</tag>
<tag>PageContent</tag>
<doc>Returns text attribute of the element found by ``selector``.</doc>
<status status="NOT RUN" starttime="20231127 17:28:18.762" endtime="20231127 17:28:18.763"/>
</kw>
<status status="NOT RUN" starttime="20231127 17:28:18.755" endtime="20231127 17:28:18.764"/>
</iter>
<status status="NOT RUN" starttime="20231127 17:28:18.755" endtime="20231127 17:28:18.764"/>
</while>
<kw name="Scroll To Element" library="Browser">
<arg>${element}</arg>
<tag>PageContent</tag>
<tag>Setter</tag>
<doc>This method waits for actionability checks, then tries to scroll element into view,
unless it is completely visible.</doc>
<status status="PASS" starttime="20231127 17:28:18.765" endtime="20231127 17:28:18.968"/>
</kw>
<kw name="Get Length" library="BuiltIn">
<var>${cnt}</var>
<arg>${text}</arg>
<doc>Returns and logs the length of the given item as an integer.</doc>
<msg timestamp="20231127 17:28:18.971" level="INFO">Length is 15</msg>
<msg timestamp="20231127 17:28:18.971" level="INFO">${cnt} = 15</msg>
<status status="PASS" starttime="20231127 17:28:18.970" endtime="20231127 17:28:18.971"/>
</kw>
<if>
<branch type="IF" condition="${cnt} &gt; 0">
<kw name="Set Global Variable" library="BuiltIn">
<arg>\${STATE["${name}"]}</arg>
<arg>${text}</arg>
<doc>Makes a variable available globally in all tests and suites.</doc>
<msg timestamp="20231127 17:28:18.977" level="INFO">${STATE["Email"]} = admin@gmail.com</msg>
<status status="PASS" starttime="20231127 17:28:18.974" endtime="20231127 17:28:18.977"/>
</kw>
<status status="PASS" starttime="20231127 17:28:18.972" endtime="20231127 17:28:18.978"/>
</branch>
<status status="PASS" starttime="20231127 17:28:18.972" endtime="20231127 17:28:18.979"/>
</if>
<kw name="Wait Until Network Is Idle" library="Browser">
<tag>HTTP</tag>
<tag>Wait</tag>
<doc>Waits until there has been at least one instance of 500 ms of no network traffic on the page after loading.</doc>
<status status="PASS" starttime="20231127 17:28:18.979" endtime="20231127 17:28:21.848"/>
</kw>
<status status="PASS" starttime="20231127 17:28:18.080" endtime="20231127 17:28:21.849"/>
</kw>
<kw name="Enter &quot;password&quot; in &quot;Mật khẩu&quot; with &quot;123123&quot;" library="common" sourcename="Enter &quot;${type}&quot; in &quot;${name}&quot; with &quot;${text}&quot;">
<kw name="Get Random Text" library="common">
<var>${text}</var>
<arg>${type}</arg>
<arg>${text}</arg>
<kw name="Set Variable" library="BuiltIn">
<var>${symbol}</var>
<arg>_RANDOM_</arg>
<doc>Returns the given values which can then be assigned to a variables.</doc>
<msg timestamp="20231127 17:28:21.852" level="INFO">${symbol} = _RANDOM_</msg>
<status status="PASS" starttime="20231127 17:28:21.852" endtime="20231127 17:28:21.852"/>
</kw>
<kw name="Set Variable" library="BuiltIn">
<var>${new_text}</var>
<doc>Returns the given values which can then be assigned to a variables.</doc>
<msg timestamp="20231127 17:28:21.853" level="INFO">${new_text} = </msg>
<status status="PASS" starttime="20231127 17:28:21.853" endtime="20231127 17:28:21.853"/>
</kw>
<kw name="Get Regexp Matches" library="String">
<var>${containsS}</var>
<arg>${text}</arg>
<arg>_@(.+)@_</arg>
<arg>1</arg>
<doc>Returns a list of all non-overlapping matches in the given string.</doc>
<msg timestamp="20231127 17:28:21.855" level="INFO">${containsS} = []</msg>
<status status="PASS" starttime="20231127 17:28:21.854" endtime="20231127 17:28:21.857"/>
</kw>
<kw name="Get Length" library="BuiltIn">
<var>${cntS}</var>
<arg>${containsS}</arg>
<doc>Returns and logs the length of the given item as an integer.</doc>
<msg timestamp="20231127 17:28:21.860" level="INFO">Length is 0</msg>
<msg timestamp="20231127 17:28:21.860" level="INFO">${cntS} = 0</msg>
<status status="PASS" starttime="20231127 17:28:21.859" endtime="20231127 17:28:21.860"/>
</kw>
<kw name="Get Regexp Matches" library="String">
<var>${contains}</var>
<arg>${text}</arg>
<arg>${symbol}</arg>
<doc>Returns a list of all non-overlapping matches in the given string.</doc>
<msg timestamp="20231127 17:28:21.862" level="INFO">${contains} = []</msg>
<status status="PASS" starttime="20231127 17:28:21.861" endtime="20231127 17:28:21.862"/>
</kw>
<kw name="Get Length" library="BuiltIn">
<var>${cnt}</var>
<arg>${contains}</arg>
<doc>Returns and logs the length of the given item as an integer.</doc>
<msg timestamp="20231127 17:28:21.864" level="INFO">Length is 0</msg>
<msg timestamp="20231127 17:28:21.864" level="INFO">${cnt} = 0</msg>
<status status="PASS" starttime="20231127 17:28:21.863" endtime="20231127 17:28:21.864"/>
</kw>
<if>
<branch type="IF" condition="${cntS} &gt; 0">
<kw name="Set Variable" library="BuiltIn">
<var>${new_text}</var>
<arg>${STATE["${containsS[0]}"]}</arg>
<doc>Returns the given values which can then be assigned to a variables.</doc>
<status status="NOT RUN" starttime="20231127 17:28:21.866" endtime="20231127 17:28:21.866"/>
</kw>
<kw name="Set Variable" library="BuiltIn">
<var>${symbol}</var>
<arg>_@${containsS[0]}@_</arg>
<doc>Returns the given values which can then be assigned to a variables.</doc>
<status status="NOT RUN" starttime="20231127 17:28:21.867" endtime="20231127 17:28:21.867"/>
</kw>
<status status="NOT RUN" starttime="20231127 17:28:21.865" endtime="20231127 17:28:21.868"/>
</branch>
<branch type="ELSE IF" condition="${cnt} &gt; 0 and '${type}' == 'test name'">
<kw name="Sentence" library="FakerLibrary">
<var>${random}</var>
<arg>nb_words=3</arg>
<doc>Generate a sentence.</doc>
<status status="NOT RUN" starttime="20231127 17:28:21.869" endtime="20231127 17:28:21.870"/>
</kw>
<kw name="Split String" library="String">
<var>${words}</var>
<arg>${TEST NAME}</arg>
<arg>${SPACE}</arg>
<doc>Splits the ``string`` using ``separator`` as a delimiter string.</doc>
<status status="NOT RUN" starttime="20231127 17:28:21.870" endtime="20231127 17:28:21.871"/>
</kw>
<kw name="Set Variable" library="BuiltIn">
<var>${new_text}</var>
<arg>${words[0]} ${random}</arg>
<doc>Returns the given values which can then be assigned to a variables.</doc>
<status status="NOT RUN" starttime="20231127 17:28:21.872" endtime="20231127 17:28:21.872"/>
</kw>
<status status="NOT RUN" starttime="20231127 17:28:21.868" endtime="20231127 17:28:21.872"/>
</branch>
<branch type="ELSE IF" condition="${cnt} &gt; 0 and '${type}' == 'number'">
<kw name="Random Int" library="FakerLibrary">
<var>${new_text}</var>
<doc>Generate a random integer between two integers ``min`` and ``max`` inclusive
while observing the provided ``step`` value.</doc>
<status status="NOT RUN" starttime="20231127 17:28:21.877" endtime="20231127 17:28:21.877"/>
</kw>
<kw name="Convert To String" library="BuiltIn">
<var>${new_text}</var>
<arg>${new_text}</arg>
<doc>Converts the given item to a Unicode string.</doc>
<status status="NOT RUN" starttime="20231127 17:28:21.878" endtime="20231127 17:28:21.878"/>
</kw>
<status status="NOT RUN" starttime="20231127 17:28:21.875" endtime="20231127 17:28:21.878"/>
</branch>
<branch type="ELSE IF" condition="${cnt} &gt; 0 and '${type}' == 'percentage'">
<kw name="Random Int" library="FakerLibrary">
<var>${new_text}</var>
<arg>max=100</arg>
<doc>Generate a random integer between two integers ``min`` and ``max`` inclusive
while observing the provided ``step`` value.</doc>
<status status="NOT RUN" starttime="20231127 17:28:21.880" endtime="20231127 17:28:21.880"/>
</kw>
<kw name="Convert To String" library="BuiltIn">
<var>${new_text}</var>
<arg>${new_text}</arg>
<doc>Converts the given item to a Unicode string.</doc>
<status status="NOT RUN" starttime="20231127 17:28:21.880" endtime="20231127 17:28:21.881"/>
</kw>
<status status="NOT RUN" starttime="20231127 17:28:21.879" endtime="20231127 17:28:21.881"/>
</branch>
<branch type="ELSE IF" condition="${cnt} &gt; 0 and '${type}' == 'paragraph'">
<kw name="Paragraph" library="FakerLibrary">
<var>${new_text}</var>
<doc>Generate a paragraph.</doc>
<status status="NOT RUN" starttime="20231127 17:28:21.882" endtime="20231127 17:28:21.882"/>
</kw>
<status status="NOT RUN" starttime="20231127 17:28:21.881" endtime="20231127 17:28:21.883"/>
</branch>
<branch type="ELSE IF" condition="${cnt} &gt; 0 and '${type}' == 'email'">
<kw name="Email" library="FakerLibrary">
<var>${new_text}</var>
<status status="NOT RUN" starttime="20231127 17:28:21.883" endtime="20231127 17:28:21.884"/>
</kw>
<status status="NOT RUN" starttime="20231127 17:28:21.883" endtime="20231127 17:28:21.884"/>
</branch>
<branch type="ELSE IF" condition="${cnt} &gt; 0 and '${type}' == 'phone'">
<kw name="Random Int" library="FakerLibrary">
<var>${new_text}</var>
<arg>min=2000000000</arg>
<arg>max=9999999999</arg>
<doc>Generate a random integer between two integers ``min`` and ``max`` inclusive
while observing the provided ``step`` value.</doc>
<status status="NOT RUN" starttime="20231127 17:28:21.885" endtime="20231127 17:28:21.886"/>
</kw>
<kw name="Convert To String" library="BuiltIn">
<var>${new_text}</var>
<arg>${new_text}</arg>
<doc>Converts the given item to a Unicode string.</doc>
<status status="NOT RUN" starttime="20231127 17:28:21.886" endtime="20231127 17:28:21.887"/>
</kw>
<kw name="Catenate" library="BuiltIn">
<var>${new_text}</var>
<arg>SEPARATOR=</arg>
<arg>0</arg>
<arg>${new_text}</arg>
<doc>Catenates the given items together and returns the resulted string.</doc>
<status status="NOT RUN" starttime="20231127 17:28:21.887" endtime="20231127 17:28:21.888"/>
</kw>
<status status="NOT RUN" starttime="20231127 17:28:21.884" endtime="20231127 17:28:21.888"/>
</branch>
<branch type="ELSE IF" condition="${cnt} &gt; 0 and '${type}' == 'color'">
<kw name="Safe Hex Color" library="FakerLibrary">
<var>${new_text}</var>
<doc>Generate a web-safe color formatted as a hex triplet.</doc>
<status status="NOT RUN" starttime="20231127 17:28:21.892" endtime="20231127 17:28:21.893"/>
</kw>
<status status="NOT RUN" starttime="20231127 17:28:21.888" endtime="20231127 17:28:21.893"/>
</branch>
<branch type="ELSE IF" condition="${cnt} &gt; 0 and &quot;${type}&quot; == 'password'">
<kw name="Password" library="FakerLibrary">
<var>${new_text}</var>
<arg>10</arg>
<arg>True</arg>
<arg>True</arg>
<arg>True</arg>
<arg>True</arg>
<doc>Generate a random password of the specified ``length``.</doc>
<status status="NOT RUN" starttime="20231127 17:28:21.894" endtime="20231127 17:28:21.894"/>
</kw>
<status status="NOT RUN" starttime="20231127 17:28:21.893" endtime="20231127 17:28:21.895"/>
</branch>
<branch type="ELSE IF" condition="${cnt} &gt; 0 and '${type}' == 'date'">
<kw name="Date" library="FakerLibrary">
<var>${new_text}</var>
<arg>pattern=%d-%m-%Y</arg>
<doc>Get a date string between January 1, 1970 and now.</doc>
<status status="NOT RUN" starttime="20231127 17:28:21.896" endtime="20231127 17:28:21.896"/>
</kw>
<status status="NOT RUN" starttime="20231127 17:28:21.895" endtime="20231127 17:28:21.896"/>
</branch>
<branch type="ELSE IF" condition="${cnt} &gt; 0 and '${type}' == 'word'">
<kw name="Sentence" library="FakerLibrary">
<var>${new_text}</var>
<arg>nb_words=2</arg>
<doc>Generate a sentence.</doc>
<status status="NOT RUN" starttime="20231127 17:28:21.897" endtime="20231127 17:28:21.897"/>
</kw>
<status status="NOT RUN" starttime="20231127 17:28:21.896" endtime="20231127 17:28:21.897"/>
</branch>
<branch type="ELSE IF" condition="${cnt} &gt; 0">
<kw name="Sentence" library="FakerLibrary">
<var>${new_text}</var>
<doc>Generate a sentence.</doc>
<status status="NOT RUN" starttime="20231127 17:28:21.898" endtime="20231127 17:28:21.898"/>
</kw>
<status status="NOT RUN" starttime="20231127 17:28:21.898" endtime="20231127 17:28:21.899"/>
</branch>
<status status="PASS" starttime="20231127 17:28:21.865" endtime="20231127 17:28:21.899"/>
</if>
<kw name="Get Length" library="BuiltIn">
<var>${cnt}</var>
<arg>${text}</arg>
<doc>Returns and logs the length of the given item as an integer.</doc>
<msg timestamp="20231127 17:28:21.900" level="INFO">Length is 6</msg>
<msg timestamp="20231127 17:28:21.901" level="INFO">${cnt} = 6</msg>
<status status="PASS" starttime="20231127 17:28:21.899" endtime="20231127 17:28:21.901"/>
</kw>
<if>
<branch type="IF" condition="${cnt} &gt; 0">
<kw name="Replace String" library="String">
<var>${text}</var>
<arg>${text}</arg>
<arg>${symbol}</arg>
<arg>${new_text}</arg>
<doc>Replaces ``search_for`` in the given ``string`` with ``replace_with``.</doc>
<msg timestamp="20231127 17:28:21.904" level="INFO">${text} = 123123</msg>
<status status="PASS" starttime="20231127 17:28:21.903" endtime="20231127 17:28:21.904"/>
</kw>
<status status="PASS" starttime="20231127 17:28:21.902" endtime="20231127 17:28:21.905"/>
</branch>
<status status="PASS" starttime="20231127 17:28:21.902" endtime="20231127 17:28:21.905"/>
</if>
<msg timestamp="20231127 17:28:21.908" level="INFO">${text} = 123123</msg>
<status status="PASS" starttime="20231127 17:28:21.851" endtime="20231127 17:28:21.909"/>
</kw>
<kw name="Get Element Form Item By Name" library="common">
<var>${element}</var>
<arg>${name}</arg>
<arg>//*[contains(@class, "ant-input")]</arg>
<msg timestamp="20231127 17:28:21.910" level="INFO">${element} = xpath=//*[contains(@class, "ant-form-item-label")]/label[text()="Mật khẩu"]/../../*[contains(@class, "ant-form-item")]//*[contains(@class, "ant-input")]</msg>
<status status="PASS" starttime="20231127 17:28:21.910" endtime="20231127 17:28:21.911"/>
</kw>
<kw name="Click" library="Browser">
<arg>${element}</arg>
<tag>PageContent</tag>
<tag>Setter</tag>
<doc>Simulates mouse click on the element found by ``selector``.</doc>
<status status="PASS" starttime="20231127 17:28:21.911" endtime="20231127 17:28:22.022"/>
</kw>
<kw name="Clear Text" library="Browser">
<arg>${element}</arg>
<tag>PageContent</tag>
<tag>Setter</tag>
<doc>Clears the text field found by ``selector``.</doc>
<status status="PASS" starttime="20231127 17:28:22.026" endtime="20231127 17:28:22.086"/>
</kw>
<kw name="Fill Text" library="Browser">
<arg>${element}</arg>
<arg>${text}</arg>
<arg>True</arg>
<tag>PageContent</tag>
<tag>Setter</tag>
<doc>Clears and fills the given ``txt`` into the text field found by ``selector``.</doc>
<msg timestamp="20231127 17:28:22.088" level="INFO">Fills the text '123123' in the given field.</msg>
<status status="PASS" starttime="20231127 17:28:22.086" endtime="20231127 17:28:22.162"/>
</kw>
<kw name="Get Text" library="Browser">
<var>${condition}</var>
<arg>${element}</arg>
<tag>Assertion</tag>
<tag>Getter</tag>
<tag>PageContent</tag>
<doc>Returns text attribute of the element found by ``selector``.</doc>
<msg timestamp="20231127 17:28:22.217" level="INFO">Text: '123123'</msg>
<msg timestamp="20231127 17:28:22.218" level="INFO">${condition} = 123123</msg>
<status status="PASS" starttime="20231127 17:28:22.163" endtime="20231127 17:28:22.218"/>
</kw>
<while condition="'${condition}' != '${text}'" limit="10">
<iter>
<kw name="Fill Text" library="Browser">
<arg>${element}</arg>
<arg>${text}</arg>
<tag>PageContent</tag>
<tag>Setter</tag>
<doc>Clears and fills the given ``txt`` into the text field found by ``selector``.</doc>
<status status="NOT RUN" starttime="20231127 17:28:22.220" endtime="20231127 17:28:22.221"/>
</kw>
<kw name="Get Text" library="Browser">
<var>${condition}</var>
<arg>${element}</arg>
<tag>Assertion</tag>
<tag>Getter</tag>
<tag>PageContent</tag>
<doc>Returns text attribute of the element found by ``selector``.</doc>
<status status="NOT RUN" starttime="20231127 17:28:22.222" endtime="20231127 17:28:22.224"/>
</kw>
<status status="NOT RUN" starttime="20231127 17:28:22.219" endtime="20231127 17:28:22.226"/>
</iter>
<status status="NOT RUN" starttime="20231127 17:28:22.219" endtime="20231127 17:28:22.227"/>
</while>
<kw name="Scroll To Element" library="Browser">
<arg>${element}</arg>
<tag>PageContent</tag>
<tag>Setter</tag>
<doc>This method waits for actionability checks, then tries to scroll element into view,
unless it is completely visible.</doc>
<status status="PASS" starttime="20231127 17:28:22.228" endtime="20231127 17:28:22.454"/>
</kw>
<kw name="Get Length" library="BuiltIn">
<var>${cnt}</var>
<arg>${text}</arg>
<doc>Returns and logs the length of the given item as an integer.</doc>
<msg timestamp="20231127 17:28:22.458" level="INFO">Length is 6</msg>
<msg timestamp="20231127 17:28:22.459" level="INFO">${cnt} = 6</msg>
<status status="PASS" starttime="20231127 17:28:22.455" endtime="20231127 17:28:22.459"/>
</kw>
<if>
<branch type="IF" condition="${cnt} &gt; 0">
<kw name="Set Global Variable" library="BuiltIn">
<arg>\${STATE["${name}"]}</arg>
<arg>${text}</arg>
<doc>Makes a variable available globally in all tests and suites.</doc>
<msg timestamp="20231127 17:28:22.463" level="INFO">${STATE["Mật khẩu"]} = 123123</msg>
<status status="PASS" starttime="20231127 17:28:22.461" endtime="20231127 17:28:22.464"/>
</kw>
<status status="PASS" starttime="20231127 17:28:22.460" endtime="20231127 17:28:22.464"/>
</branch>
<status status="PASS" starttime="20231127 17:28:22.460" endtime="20231127 17:28:22.465"/>
</if>
<kw name="Wait Until Network Is Idle" library="Browser">
<tag>HTTP</tag>
<tag>Wait</tag>
<doc>Waits until there has been at least one instance of 500 ms of no network traffic on the page after loading.</doc>
<status status="PASS" starttime="20231127 17:28:22.466" endtime="20231127 17:28:22.477"/>
</kw>
<status status="PASS" starttime="20231127 17:28:21.850" endtime="20231127 17:28:22.478"/>
</kw>
<kw name="Click &quot;Đăng nhập&quot; button" library="common" sourcename="Click &quot;${text}&quot; button">
<kw name="Sleep" library="BuiltIn">
<arg>${SHOULD_TIMEOUT}</arg>
<doc>Pauses the test executed for the given time.</doc>
<msg timestamp="20231127 17:28:22.582" level="INFO">Slept 100 milliseconds</msg>
<status status="PASS" starttime="20231127 17:28:22.480" endtime="20231127 17:28:22.582"/>
</kw>
<kw name="Get Element Count" library="Browser">
<var>${cnt}</var>
<arg>//button[@title = "${text}"]</arg>
<tag>Assertion</tag>
<tag>Getter</tag>
<tag>PageContent</tag>
<doc>Returns the count of elements found with ``selector``.</doc>
<msg timestamp="20231127 17:28:22.597" level="INFO">${cnt} = 1</msg>
<status status="PASS" starttime="20231127 17:28:22.583" endtime="20231127 17:28:22.598"/>
</kw>
<if>
<branch type="IF" condition="${cnt} &gt; 0">
<kw name="Click" library="Browser">
<arg>xpath=//button[@title = "${text}"]</arg>
<tag>PageContent</tag>
<tag>Setter</tag>
<doc>Simulates mouse click on the element found by ``selector``.</doc>
<status status="PASS" starttime="20231127 17:28:22.600" endtime="20231127 17:28:22.741"/>
</kw>
<kw name="Click Confirm To Action" library="common">
<kw name="Set Variable" library="BuiltIn">
<var>${element}</var>
<arg>xpath=//*[contains(@class, "ant-popover")]//*[contains(@class, "ant-btn-primary")]</arg>
<doc>Returns the given values which can then be assigned to a variables.</doc>
<msg timestamp="20231127 17:28:22.746" level="INFO">${element} = xpath=//*[contains(@class, "ant-popover")]//*[contains(@class, "ant-btn-primary")]</msg>
<status status="PASS" starttime="20231127 17:28:22.745" endtime="20231127 17:28:22.747"/>
</kw>
<kw name="Get Element Count" library="Browser">
<var>${count}</var>
<arg>${element}</arg>
<tag>Assertion</tag>
<tag>Getter</tag>
<tag>PageContent</tag>
<doc>Returns the count of elements found with ``selector``.</doc>
<msg timestamp="20231127 17:28:22.769" level="INFO">${count} = 0</msg>
<status status="PASS" starttime="20231127 17:28:22.748" endtime="20231127 17:28:22.770"/>
</kw>
<if>
<branch type="IF" condition="${count} &gt; 0">
<kw name="Click" library="Browser">
<arg>${element}</arg>
<tag>PageContent</tag>
<tag>Setter</tag>
<doc>Simulates mouse click on the element found by ``selector``.</doc>
<status status="NOT RUN" starttime="20231127 17:28:22.772" endtime="20231127 17:28:22.779"/>
</kw>
<kw name="Sleep" library="BuiltIn">
<arg>${SHOULD_TIMEOUT}</arg>
<doc>Pauses the test executed for the given time.</doc>
<status status="NOT RUN" starttime="20231127 17:28:22.780" endtime="20231127 17:28:22.781"/>
</kw>
<kw name="Wait Until Element Spin" library="common">
<status status="NOT RUN" starttime="20231127 17:28:22.782" endtime="20231127 17:28:22.782"/>
</kw>
<status status="NOT RUN" starttime="20231127 17:28:22.771" endtime="20231127 17:28:22.783"/>
</branch>
<status status="PASS" starttime="20231127 17:28:22.771" endtime="20231127 17:28:22.784"/>
</if>
<status status="PASS" starttime="20231127 17:28:22.743" endtime="20231127 17:28:22.784"/>
</kw>
<kw name="Scroll By" library="Browser">
<arg>${None}</arg>
<tag>PageContent</tag>
<tag>Setter</tag>
<doc>Scrolls an element or the page relative from current position by the given values.</doc>
<msg timestamp="20231127 17:28:22.845" level="INFO">JavaScript executed successfully.</msg>
<msg timestamp="20231127 17:28:22.846" level="INFO">JavaScript executed successfully.</msg>
<msg timestamp="20231127 17:28:23.136" level="INFO">JavaScript executed successfully.</msg>
<msg timestamp="20231127 17:28:23.136" level="INFO">JavaScript executed successfully.</msg>
<msg timestamp="20231127 17:28:23.168" level="INFO">JavaScript executed successfully.</msg>
<status status="PASS" starttime="20231127 17:28:22.785" endtime="20231127 17:28:23.169"/>
</kw>
<status status="PASS" starttime="20231127 17:28:22.599" endtime="20231127 17:28:23.170"/>
</branch>
<branch type="ELSE">
<kw name="Click" library="Browser">
<arg>//span[contains(text(),"${text}")]</arg>
<tag>PageContent</tag>
<tag>Setter</tag>
<doc>Simulates mouse click on the element found by ``selector``.</doc>
<status status="NOT RUN" starttime="20231127 17:28:23.171" endtime="20231127 17:28:23.172"/>
</kw>
<kw name="Click Confirm To Action" library="common">
<status status="NOT RUN" starttime="20231127 17:28:23.174" endtime="20231127 17:28:23.174"/>
</kw>
<kw name="Scroll By" library="Browser">
<arg>${None}</arg>
<tag>PageContent</tag>
<tag>Setter</tag>
<doc>Scrolls an element or the page relative from current position by the given values.</doc>
<status status="NOT RUN" starttime="20231127 17:28:23.175" endtime="20231127 17:28:23.176"/>
</kw>
<status status="NOT RUN" starttime="20231127 17:28:23.170" endtime="20231127 17:28:23.177"/>
</branch>
<status status="PASS" starttime="20231127 17:28:22.598" endtime="20231127 17:28:23.177"/>
</if>
<kw name="Wait Until Network Is Idle" library="Browser">
<tag>HTTP</tag>
<tag>Wait</tag>
<doc>Waits until there has been at least one instance of 500 ms of no network traffic on the page after loading.</doc>
<status status="PASS" starttime="20231127 17:28:23.178" endtime="20231127 17:28:23.191"/>
</kw>
<status status="PASS" starttime="20231127 17:28:22.479" endtime="20231127 17:28:23.191"/>
</kw>
<kw name="User look message &quot;Success&quot; popup" library="common" sourcename="User look message &quot;${message}&quot; popup">
<kw name="Get Regexp Matches" library="String">
<var>${contains}</var>
<arg>${message}</arg>
<arg>_@(.+)@_</arg>
<arg>1</arg>
<doc>Returns a list of all non-overlapping matches in the given string.</doc>
<msg timestamp="20231127 17:28:23.194" level="INFO">${contains} = []</msg>
<status status="PASS" starttime="20231127 17:28:23.193" endtime="20231127 17:28:23.195"/>
</kw>
<kw name="Get Length" library="BuiltIn">
<var>${cnt}</var>
<arg>${contains}</arg>
<doc>Returns and logs the length of the given item as an integer.</doc>
<msg timestamp="20231127 17:28:23.196" level="INFO">Length is 0</msg>
<msg timestamp="20231127 17:28:23.196" level="INFO">${cnt} = 0</msg>
<status status="PASS" starttime="20231127 17:28:23.195" endtime="20231127 17:28:23.197"/>
</kw>
<if>
<branch type="IF" condition="${cnt} &gt; 0">
<kw name="Replace String" library="String">
<var>${message}</var>
<arg>${message}</arg>
<arg>_@${contains[0]}@_</arg>
<arg>${STATE["${contains[0]}"]}</arg>
<doc>Replaces ``search_for`` in the given ``string`` with ``replace_with``.</doc>
<status status="NOT RUN" starttime="20231127 17:28:23.198" endtime="20231127 17:28:23.199"/>
</kw>
<status status="NOT RUN" starttime="20231127 17:28:23.197" endtime="20231127 17:28:23.199"/>
</branch>
<status status="PASS" starttime="20231127 17:28:23.197" endtime="20231127 17:28:23.200"/>
</if>
<kw name="Wait Until Keyword Succeeds" library="BuiltIn">
<arg>${SHOULD_TIMEOUT}</arg>
<arg>${TIME_TRY}</arg>
<arg>Element Text Should Be</arg>
<arg>id=swal2-html-container</arg>
<arg>${message}</arg>
<doc>Runs the specified keyword and retries if it fails.</doc>
<kw name="Element Text Should Be" library="common">
<arg>id=swal2-html-container</arg>
<arg>${message}</arg>
<kw name="Get Text" library="Browser">
<arg>${locator}</arg>
<arg>equal</arg>
<arg>${expected}</arg>
<arg>${message}</arg>
<tag>Assertion</tag>
<tag>Getter</tag>
<tag>PageContent</tag>
<doc>Returns text attribute of the element found by ``selector``.</doc>
<msg timestamp="20231127 17:28:23.510" level="INFO">Text: 'Success'</msg>
<status status="PASS" starttime="20231127 17:28:23.205" endtime="20231127 17:28:23.511"/>
</kw>
<status status="PASS" starttime="20231127 17:28:23.201" endtime="20231127 17:28:23.512"/>
</kw>
<status status="PASS" starttime="20231127 17:28:23.200" endtime="20231127 17:28:23.512"/>
</kw>
<kw name="Set Variable" library="BuiltIn">
<var>${element}</var>
<arg>xpath=//*[contains(@class, "swal2-confirm")]</arg>
<doc>Returns the given values which can then be assigned to a variables.</doc>
<msg timestamp="20231127 17:28:23.514" level="INFO">${element} = xpath=//*[contains(@class, "swal2-confirm")]</msg>
<status status="PASS" starttime="20231127 17:28:23.513" endtime="20231127 17:28:23.514"/>
</kw>
<kw name="Run Keyword And Return Status" library="BuiltIn">
<var>${passed}</var>
<arg>Element Should Be Visible</arg>
<arg>${element}</arg>
<doc>Runs the given keyword with given arguments and returns the status as a Boolean value.</doc>
<kw name="Element Should Be Visible" library="common">
<arg>${element}</arg>
<kw name="Wait For Elements State" library="Browser">
<arg>${locator}</arg>
<arg>visible</arg>
<arg>${timeout}</arg>
<arg>${message}</arg>
<tag>PageContent</tag>
<tag>Wait</tag>
<doc>Waits for the element found by ``selector`` to satisfy state option.</doc>
<msg timestamp="20231127 17:28:24.026" level="INFO" html="true">&lt;/td&gt;&lt;/tr&gt;&lt;tr&gt;&lt;td colspan="3"&gt;&lt;a href="browser/screenshot/fail-screenshot-1.png" target="_blank"&gt;&lt;img src="browser/screenshot/fail-screenshot-1.png" width="800px"/&gt;&lt;/a&gt;</msg>
<msg timestamp="20231127 17:28:24.026" level="INFO">See also file:///D:/TESTER/Automation/playwright-log.txt for additional details.</msg>
<msg timestamp="20231127 17:28:24.027" level="FAIL">TimeoutError: locator.waitFor: Timeout 100ms exceeded.
=========================== logs ===========================
waiting for locator('xpath=//*[contains(@class, "swal2-confirm")]') to be visible
  locator resolved to hidden &lt;button type="button" aria-label="" class="swal2-confirm…&gt;OK&lt;/button&gt;
  locator resolved to hidden &lt;button type="button" aria-label="" class="swal2-confirm…&gt;OK&lt;/button&gt;
  locator resolved to hidden &lt;button type="button" aria-label="" class="swal2-confirm…&gt;OK&lt;/button&gt;
============================================================
Tip: Use "Set Browser Timeout" for increasing the timeout or double check your locator as the targeted element(s) couldn't be found.</msg>
<status status="FAIL" starttime="20231127 17:28:23.518" endtime="20231127 17:28:24.038"/>
</kw>
<status status="FAIL" starttime="20231127 17:28:23.516" endtime="20231127 17:28:24.040"/>
</kw>
<msg timestamp="20231127 17:28:24.041" level="INFO">${passed} = False</msg>
<status status="PASS" starttime="20231127 17:28:23.515" endtime="20231127 17:28:24.042"/>
</kw>
<if>
<branch type="IF" condition="'${passed}' == 'True'">
<kw name="Click" library="Browser">
<arg>${element}</arg>
<tag>PageContent</tag>
<tag>Setter</tag>
<doc>Simulates mouse click on the element found by ``selector``.</doc>
<status status="NOT RUN" starttime="20231127 17:28:24.044" endtime="20231127 17:28:24.045"/>
</kw>
<status status="NOT RUN" starttime="20231127 17:28:24.043" endtime="20231127 17:28:24.046"/>
</branch>
<status status="PASS" starttime="20231127 17:28:24.043" endtime="20231127 17:28:24.047"/>
</if>
<status status="PASS" starttime="20231127 17:28:23.192" endtime="20231127 17:28:24.047"/>
</kw>
<status status="PASS" starttime="20231127 17:28:18.079" endtime="20231127 17:28:24.048"/>
</kw>
<kw name="Click &quot;QUẢN LÝ DANH MỤC&quot; menu" library="common" sourcename="Click &quot;${text}&quot; menu">
<kw name="Click" library="Browser">
<arg>xpath=//li[contains(@class, "menu") and descendant::span[contains(text(), "${text}")]]</arg>
<tag>PageContent</tag>
<tag>Setter</tag>
<doc>Simulates mouse click on the element found by ``selector``.</doc>
<status status="PASS" starttime="20231127 17:28:24.050" endtime="20231127 17:28:24.638"/>
</kw>
<status status="PASS" starttime="20231127 17:28:24.049" endtime="20231127 17:28:24.640"/>
</kw>
<kw name="Click &quot;Post&quot; sub menu to &quot;/post&quot;" library="common" sourcename="Click &quot;${text}&quot; sub menu to &quot;${url}&quot;">
<kw name="Wait Until Element Spin" library="common">
<kw name="Sleep" library="BuiltIn">
<arg>${SHOULD_TIMEOUT}</arg>
<doc>Pauses the test executed for the given time.</doc>
<msg timestamp="20231127 17:28:24.746" level="INFO">Slept 100 milliseconds</msg>
<status status="PASS" starttime="20231127 17:28:24.645" endtime="20231127 17:28:24.746"/>
</kw>
<kw name="Set Variable" library="BuiltIn">
<var>${element}</var>
<arg>xpath=//*[contains(@class, "ant-spin-spinning")]</arg>
<doc>Returns the given values which can then be assigned to a variables.</doc>
<msg timestamp="20231127 17:28:24.748" level="INFO">${element} = xpath=//*[contains(@class, "ant-spin-spinning")]</msg>
<status status="PASS" starttime="20231127 17:28:24.747" endtime="20231127 17:28:24.748"/>
</kw>
<kw name="Get Element Count" library="Browser">
<var>${count}</var>
<arg>${element}</arg>
<tag>Assertion</tag>
<tag>Getter</tag>
<tag>PageContent</tag>
<doc>Returns the count of elements found with ``selector``.</doc>
<msg timestamp="20231127 17:28:24.760" level="INFO">${count} = 0</msg>
<status status="PASS" starttime="20231127 17:28:24.748" endtime="20231127 17:28:24.760"/>
</kw>
<if>
<branch type="IF" condition="${count} &gt; 0">
<kw name="Wait Until Page Does Not Contain Element" library="common">
<arg>${element}</arg>
<status status="NOT RUN" starttime="20231127 17:28:24.762" endtime="20231127 17:28:24.763"/>
</kw>
<status status="NOT RUN" starttime="20231127 17:28:24.761" endtime="20231127 17:28:24.764"/>
</branch>
<status status="PASS" starttime="20231127 17:28:24.761" endtime="20231127 17:28:24.764"/>
</if>
<status status="PASS" starttime="20231127 17:28:24.644" endtime="20231127 17:28:24.765"/>
</kw>
<kw name="Click" library="Browser">
<arg>xpath=//a[contains(@class, "sub-menu") and descendant::span[contains(text(), "${text}")]]</arg>
<tag>PageContent</tag>
<tag>Setter</tag>
<doc>Simulates mouse click on the element found by ``selector``.</doc>
<status status="PASS" starttime="20231127 17:28:24.765" endtime="20231127 17:28:25.151"/>
</kw>
<kw name="Get Url" library="Browser">
<var>${curent_url}</var>
<tag>Assertion</tag>
<tag>Getter</tag>
<tag>PageContent</tag>
<doc>Returns the current URL.</doc>
<msg timestamp="20231127 17:28:25.159" level="INFO">${curent_url} = http://dev1.geneat.vn:7802/#/vn/post</msg>
<status status="PASS" starttime="20231127 17:28:25.152" endtime="20231127 17:28:25.159"/>
</kw>
<kw name="Should Contain" library="BuiltIn">
<arg>${curent_url}</arg>
<arg>${URL_DEFAULT}${url}</arg>
<doc>Fails if ``container`` does not contain ``item`` one or more times.</doc>
<status status="PASS" starttime="20231127 17:28:25.160" endtime="20231127 17:28:25.161"/>
</kw>
<status status="PASS" starttime="20231127 17:28:24.642" endtime="20231127 17:28:25.162"/>
</kw>
<status status="PASS" starttime="20231127 17:28:18.076" endtime="20231127 17:28:25.162"/>
</kw>
<kw name="Wait Until Element Spin" library="common">
<kw name="Sleep" library="BuiltIn">
<arg>${SHOULD_TIMEOUT}</arg>
<doc>Pauses the test executed for the given time.</doc>
<msg timestamp="20231127 17:28:25.266" level="INFO">Slept 100 milliseconds</msg>
<status status="PASS" starttime="20231127 17:28:25.164" endtime="20231127 17:28:25.266"/>
</kw>
<kw name="Set Variable" library="BuiltIn">
<var>${element}</var>
<arg>xpath=//*[contains(@class, "ant-spin-spinning")]</arg>
<doc>Returns the given values which can then be assigned to a variables.</doc>
<msg timestamp="20231127 17:28:25.268" level="INFO">${element} = xpath=//*[contains(@class, "ant-spin-spinning")]</msg>
<status status="PASS" starttime="20231127 17:28:25.267" endtime="20231127 17:28:25.268"/>
</kw>
<kw name="Get Element Count" library="Browser">
<var>${count}</var>
<arg>${element}</arg>
<tag>Assertion</tag>
<tag>Getter</tag>
<tag>PageContent</tag>
<doc>Returns the count of elements found with ``selector``.</doc>
<msg timestamp="20231127 17:28:25.528" level="INFO">${count} = 0</msg>
<status status="PASS" starttime="20231127 17:28:25.269" endtime="20231127 17:28:25.529"/>
</kw>
<if>
<branch type="IF" condition="${count} &gt; 0">
<kw name="Wait Until Page Does Not Contain Element" library="common">
<arg>${element}</arg>
<status status="NOT RUN" starttime="20231127 17:28:25.531" endtime="20231127 17:28:25.534"/>
</kw>
<status status="NOT RUN" starttime="20231127 17:28:25.530" endtime="20231127 17:28:25.536"/>
</branch>
<status status="PASS" starttime="20231127 17:28:25.529" endtime="20231127 17:28:25.536"/>
</if>
<status status="PASS" starttime="20231127 17:28:25.163" endtime="20231127 17:28:25.537"/>
</kw>
<kw name="Sleep" library="BuiltIn">
<arg>${SHOULD_TIMEOUT}</arg>
<doc>Pauses the test executed for the given time.</doc>
<msg timestamp="20231127 17:28:25.644" level="INFO">Slept 100 milliseconds</msg>
<status status="PASS" starttime="20231127 17:28:25.538" endtime="20231127 17:28:25.645"/>
</kw>
<kw name="Set Variable" library="BuiltIn">
<var>${element}</var>
<arg>//*[contains(@class,'ant-spin-container')]//span[contains(text(),'${name}')]</arg>
<doc>Returns the given values which can then be assigned to a variables.</doc>
<msg timestamp="20231127 17:28:25.647" level="INFO">${element} = //*[contains(@class,'ant-spin-container')]//span[contains(text(),'Cate1')]</msg>
<status status="PASS" starttime="20231127 17:28:25.646" endtime="20231127 17:28:25.647"/>
</kw>
<kw name="Get Element Count" library="Browser">
<var>${cnt}</var>
<arg>${element}</arg>
<tag>Assertion</tag>
<tag>Getter</tag>
<tag>PageContent</tag>
<doc>Returns the count of elements found with ``selector``.</doc>
<msg timestamp="20231127 17:28:25.677" level="INFO">${cnt} = 1</msg>
<status status="PASS" starttime="20231127 17:28:25.648" endtime="20231127 17:28:25.678"/>
</kw>
<if>
<branch type="IF" condition="${cnt} &lt; 1">
<kw name="Click &quot;Tạo mới&quot; button" library="common" sourcename="Click &quot;${text}&quot; button">
<status status="NOT RUN" starttime="20231127 17:28:25.682" endtime="20231127 17:28:25.682"/>
</kw>
<kw name="Enter &quot;test name&quot; in &quot;Tiêu đề&quot; with &quot;${name}&quot;" library="common" sourcename="Enter &quot;${type}&quot; in &quot;${name}&quot; with &quot;${text}&quot;">
<status status="NOT RUN" starttime="20231127 17:28:25.683" endtime="20231127 17:28:25.684"/>
</kw>
<kw name="Enter &quot;paragraph&quot; in textarea &quot;Giới thiệu&quot; with &quot;_RANDOM_&quot;" library="common" sourcename="Enter &quot;${type}&quot; in textarea &quot;${name}&quot; with &quot;${text}&quot;">
<status status="NOT RUN" starttime="20231127 17:28:25.685" endtime="20231127 17:28:25.686"/>
</kw>
<kw name="Click &quot;Lưu lại&quot; button" library="common" sourcename="Click &quot;${text}&quot; button">
<status status="NOT RUN" starttime="20231127 17:28:25.687" endtime="20231127 17:28:25.687"/>
</kw>
<kw name="User look message &quot;Thêm mới danh mục bài viết thành công&quot; popup" library="common" sourcename="User look message &quot;${message}&quot; popup">
<status status="NOT RUN" starttime="20231127 17:28:25.688" endtime="20231127 17:28:25.690"/>
</kw>
<status status="NOT RUN" starttime="20231127 17:28:25.680" endtime="20231127 17:28:25.702"/>
</branch>
<branch type="ELSE">
<kw name="Select on the &quot;${name}&quot; item line" library="common" sourcename="Select on the &quot;${text}&quot; item line">
<kw name="Wait Until Element Spin" library="common">
<kw name="Sleep" library="BuiltIn">
<arg>${SHOULD_TIMEOUT}</arg>
<doc>Pauses the test executed for the given time.</doc>
<msg timestamp="20231127 17:28:25.814" level="INFO">Slept 100 milliseconds</msg>
<status status="PASS" starttime="20231127 17:28:25.713" endtime="20231127 17:28:25.814"/>
</kw>
<kw name="Set Variable" library="BuiltIn">
<var>${element}</var>
<arg>xpath=//*[contains(@class, "ant-spin-spinning")]</arg>
<doc>Returns the given values which can then be assigned to a variables.</doc>
<msg timestamp="20231127 17:28:25.815" level="INFO">${element} = xpath=//*[contains(@class, "ant-spin-spinning")]</msg>
<status status="PASS" starttime="20231127 17:28:25.814" endtime="20231127 17:28:25.815"/>
</kw>
<kw name="Get Element Count" library="Browser">
<var>${count}</var>
<arg>${element}</arg>
<tag>Assertion</tag>
<tag>Getter</tag>
<tag>PageContent</tag>
<doc>Returns the count of elements found with ``selector``.</doc>
<msg timestamp="20231127 17:28:25.831" level="INFO">${count} = 0</msg>
<status status="PASS" starttime="20231127 17:28:25.816" endtime="20231127 17:28:25.831"/>
</kw>
<if>
<branch type="IF" condition="${count} &gt; 0">
<kw name="Wait Until Page Does Not Contain Element" library="common">
<arg>${element}</arg>
<status status="NOT RUN" starttime="20231127 17:28:25.834" endtime="20231127 17:28:25.834"/>
</kw>
<status status="NOT RUN" starttime="20231127 17:28:25.832" endtime="20231127 17:28:25.835"/>
</branch>
<status status="PASS" starttime="20231127 17:28:25.832" endtime="20231127 17:28:25.836"/>
</if>
<status status="PASS" starttime="20231127 17:28:25.712" endtime="20231127 17:28:25.836"/>
</kw>
<kw name="Check Text" library="common">
<var>${text}</var>
<arg>${text}</arg>
<kw name="Get Regexp Matches" library="String">
<var>${containsS}</var>
<arg>${text}</arg>
<arg>_@(.+)@_</arg>
<arg>1</arg>
<doc>Returns a list of all non-overlapping matches in the given string.</doc>
<msg timestamp="20231127 17:28:25.842" level="INFO">${containsS} = []</msg>
<status status="PASS" starttime="20231127 17:28:25.839" endtime="20231127 17:28:25.842"/>
</kw>
<kw name="Get Length" library="BuiltIn">
<var>${cntS}</var>
<arg>${containsS}</arg>
<doc>Returns and logs the length of the given item as an integer.</doc>
<msg timestamp="20231127 17:28:25.844" level="INFO">Length is 0</msg>
<msg timestamp="20231127 17:28:25.845" level="INFO">${cntS} = 0</msg>
<status status="PASS" starttime="20231127 17:28:25.843" endtime="20231127 17:28:25.845"/>
</kw>
<if>
<branch type="IF" condition="${cntS} &gt; 0">
<kw name="Set Variable" library="BuiltIn">
<var>${text}</var>
<arg>${STATE["${containsS[0]}"]}</arg>
<doc>Returns the given values which can then be assigned to a variables.</doc>
<status status="NOT RUN" starttime="20231127 17:28:25.848" endtime="20231127 17:28:25.849"/>
</kw>
<status status="NOT RUN" starttime="20231127 17:28:25.846" endtime="20231127 17:28:25.849"/>
</branch>
<status status="PASS" starttime="20231127 17:28:25.846" endtime="20231127 17:28:25.850"/>
</if>
<msg timestamp="20231127 17:28:25.850" level="INFO">${text} = Cate1</msg>
<status status="PASS" starttime="20231127 17:28:25.837" endtime="20231127 17:28:25.851"/>
</kw>
<kw name="Get Element Item By Name" library="common">
<var>${element}</var>
<arg>${text}</arg>
<msg timestamp="20231127 17:28:25.853" level="INFO">${element} = xpath=//*[contains(@class, "item-text") and contains(text(), "Cate1")]/ancestor::*[contains(@class, "item")]</msg>
<status status="PASS" starttime="20231127 17:28:25.851" endtime="20231127 17:28:25.854"/>
</kw>
<kw name="Click" library="Browser">
<arg>${element}</arg>
<tag>PageContent</tag>
<tag>Setter</tag>
<doc>Simulates mouse click on the element found by ``selector``.</doc>
<status status="PASS" starttime="20231127 17:28:25.854" endtime="20231127 17:28:26.209"/>
</kw>
<kw name="Wait Until Network Is Idle" library="Browser">
<tag>HTTP</tag>
<tag>Wait</tag>
<doc>Waits until there has been at least one instance of 500 ms of no network traffic on the page after loading.</doc>
<status status="PASS" starttime="20231127 17:28:26.210" endtime="20231127 17:28:26.220"/>
</kw>
<status status="PASS" starttime="20231127 17:28:25.704" endtime="20231127 17:28:26.221"/>
</kw>
<status status="PASS" starttime="20231127 17:28:25.703" endtime="20231127 17:28:26.221"/>
</branch>
<status status="PASS" starttime="20231127 17:28:25.680" endtime="20231127 17:28:26.226"/>
</if>
<status status="PASS" starttime="20231127 17:28:18.072" endtime="20231127 17:28:26.226"/>
</branch>
<status status="PASS" starttime="20231127 17:28:18.029" endtime="20231127 17:28:26.227"/>
</if>
<status status="PASS" starttime="20231127 17:28:17.649" endtime="20231127 17:28:26.227"/>
</kw>
<kw name="Create a test post with &quot;Cate1&quot; type" sourcename="Create a test post with &quot;${type}&quot; type">
<kw name="Click &quot;Tạo mới bài viết&quot; button" library="common" sourcename="Click &quot;${text}&quot; button">
<kw name="Sleep" library="BuiltIn">
<arg>${SHOULD_TIMEOUT}</arg>
<doc>Pauses the test executed for the given time.</doc>
<msg timestamp="20231127 17:28:26.336" level="INFO">Slept 100 milliseconds</msg>
<status status="PASS" starttime="20231127 17:28:26.235" endtime="20231127 17:28:26.336"/>
</kw>
<kw name="Get Element Count" library="Browser">
<var>${cnt}</var>
<arg>//button[@title = "${text}"]</arg>
<tag>Assertion</tag>
<tag>Getter</tag>
<tag>PageContent</tag>
<doc>Returns the count of elements found with ``selector``.</doc>
<msg timestamp="20231127 17:28:26.348" level="INFO">${cnt} = 1</msg>
<status status="PASS" starttime="20231127 17:28:26.336" endtime="20231127 17:28:26.349"/>
</kw>
<if>
<branch type="IF" condition="${cnt} &gt; 0">
<kw name="Click" library="Browser">
<arg>xpath=//button[@title = "${text}"]</arg>
<tag>PageContent</tag>
<tag>Setter</tag>
<doc>Simulates mouse click on the element found by ``selector``.</doc>
<status status="PASS" starttime="20231127 17:28:26.350" endtime="20231127 17:28:26.899"/>
</kw>
<kw name="Click Confirm To Action" library="common">
<kw name="Set Variable" library="BuiltIn">
<var>${element}</var>
<arg>xpath=//*[contains(@class, "ant-popover")]//*[contains(@class, "ant-btn-primary")]</arg>
<doc>Returns the given values which can then be assigned to a variables.</doc>
<msg timestamp="20231127 17:28:26.901" level="INFO">${element} = xpath=//*[contains(@class, "ant-popover")]//*[contains(@class, "ant-btn-primary")]</msg>
<status status="PASS" starttime="20231127 17:28:26.900" endtime="20231127 17:28:26.902"/>
</kw>
<kw name="Get Element Count" library="Browser">
<var>${count}</var>
<arg>${element}</arg>
<tag>Assertion</tag>
<tag>Getter</tag>
<tag>PageContent</tag>
<doc>Returns the count of elements found with ``selector``.</doc>
<msg timestamp="20231127 17:28:26.914" level="INFO">${count} = 0</msg>
<status status="PASS" starttime="20231127 17:28:26.903" endtime="20231127 17:28:26.914"/>
</kw>
<if>
<branch type="IF" condition="${count} &gt; 0">
<kw name="Click" library="Browser">
<arg>${element}</arg>
<tag>PageContent</tag>
<tag>Setter</tag>
<doc>Simulates mouse click on the element found by ``selector``.</doc>
<status status="NOT RUN" starttime="20231127 17:28:26.916" endtime="20231127 17:28:26.916"/>
</kw>
<kw name="Sleep" library="BuiltIn">
<arg>${SHOULD_TIMEOUT}</arg>
<doc>Pauses the test executed for the given time.</doc>
<status status="NOT RUN" starttime="20231127 17:28:26.917" endtime="20231127 17:28:26.917"/>
</kw>
<kw name="Wait Until Element Spin" library="common">
<status status="NOT RUN" starttime="20231127 17:28:26.918" endtime="20231127 17:28:26.919"/>
</kw>
<status status="NOT RUN" starttime="20231127 17:28:26.915" endtime="20231127 17:28:26.919"/>
</branch>
<status status="PASS" starttime="20231127 17:28:26.915" endtime="20231127 17:28:26.920"/>
</if>
<status status="PASS" starttime="20231127 17:28:26.899" endtime="20231127 17:28:26.920"/>
</kw>
<kw name="Scroll By" library="Browser">
<arg>${None}</arg>
<tag>PageContent</tag>
<tag>Setter</tag>
<doc>Scrolls an element or the page relative from current position by the given values.</doc>
<msg timestamp="20231127 17:28:26.970" level="INFO">JavaScript executed successfully.</msg>
<msg timestamp="20231127 17:28:26.970" level="INFO">JavaScript executed successfully.</msg>
<msg timestamp="20231127 17:28:26.987" level="INFO">JavaScript executed successfully.</msg>
<msg timestamp="20231127 17:28:26.988" level="INFO">JavaScript executed successfully.</msg>
<msg timestamp="20231127 17:28:26.997" level="INFO">JavaScript executed successfully.</msg>
<status status="PASS" starttime="20231127 17:28:26.921" endtime="20231127 17:28:26.998"/>
</kw>
<status status="PASS" starttime="20231127 17:28:26.350" endtime="20231127 17:28:26.998"/>
</branch>
<branch type="ELSE">
<kw name="Click" library="Browser">
<arg>//span[contains(text(),"${text}")]</arg>
<tag>PageContent</tag>
<tag>Setter</tag>
<doc>Simulates mouse click on the element found by ``selector``.</doc>
<status status="NOT RUN" starttime="20231127 17:28:26.999" endtime="20231127 17:28:27.000"/>
</kw>
<kw name="Click Confirm To Action" library="common">
<status status="NOT RUN" starttime="20231127 17:28:27.001" endtime="20231127 17:28:27.001"/>
</kw>
<kw name="Scroll By" library="Browser">
<arg>${None}</arg>
<tag>PageContent</tag>
<tag>Setter</tag>
<doc>Scrolls an element or the page relative from current position by the given values.</doc>
<status status="NOT RUN" starttime="20231127 17:28:27.002" endtime="20231127 17:28:27.003"/>
</kw>
<status status="NOT RUN" starttime="20231127 17:28:26.999" endtime="20231127 17:28:27.003"/>
</branch>
<status status="PASS" starttime="20231127 17:28:26.349" endtime="20231127 17:28:27.004"/>
</if>
<kw name="Wait Until Network Is Idle" library="Browser">
<tag>HTTP</tag>
<tag>Wait</tag>
<doc>Waits until there has been at least one instance of 500 ms of no network traffic on the page after loading.</doc>
<status status="PASS" starttime="20231127 17:28:27.004" endtime="20231127 17:28:27.013"/>
</kw>
<status status="PASS" starttime="20231127 17:28:26.234" endtime="20231127 17:28:27.013"/>
</kw>
<kw name="Click radio &quot;Loại editor&quot; in line &quot;Block&quot;" library="common" sourcename="Click radio &quot;${name}&quot; in line &quot;${text}&quot;">
<kw name="Get Element Form Item By Name" library="common">
<var>${element}</var>
<arg>${name}</arg>
<arg>//*[contains(@class, "ant-radio-button-wrapper")]/span[contains(text(), "${text}")]</arg>
<msg timestamp="20231127 17:28:27.017" level="INFO">${element} = xpath=//*[contains(@class, "ant-form-item-label")]/label[text()="Loại editor"]/../../*[contains(@class, "ant-form-item")]//*[contains(@class, "ant-radio-button-wrapper")]/span[contains(text(), "Block"...</msg>
<status status="PASS" starttime="20231127 17:28:27.015" endtime="20231127 17:28:27.017"/>
</kw>
<kw name="Click" library="Browser">
<arg>${element}</arg>
<tag>PageContent</tag>
<tag>Setter</tag>
<doc>Simulates mouse click on the element found by ``selector``.</doc>
<status status="PASS" starttime="20231127 17:28:27.018" endtime="20231127 17:28:27.293"/>
</kw>
<status status="PASS" starttime="20231127 17:28:27.014" endtime="20231127 17:28:27.294"/>
</kw>
<kw name="Click select &quot;Chuyên mục&quot; with &quot;${type}&quot;" library="common" sourcename="Click select &quot;${name}&quot; with &quot;${text}&quot;">
<kw name="Get Random Text" library="common">
<var>${text}</var>
<arg>Text</arg>
<arg>${text}</arg>
<kw name="Set Variable" library="BuiltIn">
<var>${symbol}</var>
<arg>_RANDOM_</arg>
<doc>Returns the given values which can then be assigned to a variables.</doc>
<msg timestamp="20231127 17:28:27.298" level="INFO">${symbol} = _RANDOM_</msg>
<status status="PASS" starttime="20231127 17:28:27.298" endtime="20231127 17:28:27.298"/>
</kw>
<kw name="Set Variable" library="BuiltIn">
<var>${new_text}</var>
<doc>Returns the given values which can then be assigned to a variables.</doc>
<msg timestamp="20231127 17:28:27.299" level="INFO">${new_text} = </msg>
<status status="PASS" starttime="20231127 17:28:27.299" endtime="20231127 17:28:27.299"/>
</kw>
<kw name="Get Regexp Matches" library="String">
<var>${containsS}</var>
<arg>${text}</arg>
<arg>_@(.+)@_</arg>
<arg>1</arg>
<doc>Returns a list of all non-overlapping matches in the given string.</doc>
<msg timestamp="20231127 17:28:27.300" level="INFO">${containsS} = []</msg>
<status status="PASS" starttime="20231127 17:28:27.300" endtime="20231127 17:28:27.300"/>
</kw>
<kw name="Get Length" library="BuiltIn">
<var>${cntS}</var>
<arg>${containsS}</arg>
<doc>Returns and logs the length of the given item as an integer.</doc>
<msg timestamp="20231127 17:28:27.301" level="INFO">Length is 0</msg>
<msg timestamp="20231127 17:28:27.301" level="INFO">${cntS} = 0</msg>
<status status="PASS" starttime="20231127 17:28:27.300" endtime="20231127 17:28:27.301"/>
</kw>
<kw name="Get Regexp Matches" library="String">
<var>${contains}</var>
<arg>${text}</arg>
<arg>${symbol}</arg>
<doc>Returns a list of all non-overlapping matches in the given string.</doc>
<msg timestamp="20231127 17:28:27.302" level="INFO">${contains} = []</msg>
<status status="PASS" starttime="20231127 17:28:27.301" endtime="20231127 17:28:27.302"/>
</kw>
<kw name="Get Length" library="BuiltIn">
<var>${cnt}</var>
<arg>${contains}</arg>
<doc>Returns and logs the length of the given item as an integer.</doc>
<msg timestamp="20231127 17:28:27.303" level="INFO">Length is 0</msg>
<msg timestamp="20231127 17:28:27.303" level="INFO">${cnt} = 0</msg>
<status status="PASS" starttime="20231127 17:28:27.302" endtime="20231127 17:28:27.303"/>
</kw>
<if>
<branch type="IF" condition="${cntS} &gt; 0">
<kw name="Set Variable" library="BuiltIn">
<var>${new_text}</var>
<arg>${STATE["${containsS[0]}"]}</arg>
<doc>Returns the given values which can then be assigned to a variables.</doc>
<status status="NOT RUN" starttime="20231127 17:28:27.305" endtime="20231127 17:28:27.306"/>
</kw>
<kw name="Set Variable" library="BuiltIn">
<var>${symbol}</var>
<arg>_@${containsS[0]}@_</arg>
<doc>Returns the given values which can then be assigned to a variables.</doc>
<status status="NOT RUN" starttime="20231127 17:28:27.308" endtime="20231127 17:28:27.309"/>
</kw>
<status status="NOT RUN" starttime="20231127 17:28:27.304" endtime="20231127 17:28:27.309"/>
</branch>
<branch type="ELSE IF" condition="${cnt} &gt; 0 and '${type}' == 'test name'">
<kw name="Sentence" library="FakerLibrary">
<var>${random}</var>
<arg>nb_words=3</arg>
<doc>Generate a sentence.</doc>
<status status="NOT RUN" starttime="20231127 17:28:27.311" endtime="20231127 17:28:27.312"/>
</kw>
<kw name="Split String" library="String">
<var>${words}</var>
<arg>${TEST NAME}</arg>
<arg>${SPACE}</arg>
<doc>Splits the ``string`` using ``separator`` as a delimiter string.</doc>
<status status="NOT RUN" starttime="20231127 17:28:27.313" endtime="20231127 17:28:27.314"/>
</kw>
<kw name="Set Variable" library="BuiltIn">
<var>${new_text}</var>
<arg>${words[0]} ${random}</arg>
<doc>Returns the given values which can then be assigned to a variables.</doc>
<status status="NOT RUN" starttime="20231127 17:28:27.314" endtime="20231127 17:28:27.315"/>
</kw>
<status status="NOT RUN" starttime="20231127 17:28:27.310" endtime="20231127 17:28:27.315"/>
</branch>
<branch type="ELSE IF" condition="${cnt} &gt; 0 and '${type}' == 'number'">
<kw name="Random Int" library="FakerLibrary">
<var>${new_text}</var>
<doc>Generate a random integer between two integers ``min`` and ``max`` inclusive
while observing the provided ``step`` value.</doc>
<status status="NOT RUN" starttime="20231127 17:28:27.317" endtime="20231127 17:28:27.317"/>
</kw>
<kw name="Convert To String" library="BuiltIn">
<var>${new_text}</var>
<arg>${new_text}</arg>
<doc>Converts the given item to a Unicode string.</doc>
<status status="NOT RUN" starttime="20231127 17:28:27.318" endtime="20231127 17:28:27.318"/>
</kw>
<status status="NOT RUN" starttime="20231127 17:28:27.316" endtime="20231127 17:28:27.319"/>
</branch>
<branch type="ELSE IF" condition="${cnt} &gt; 0 and '${type}' == 'percentage'">
<kw name="Random Int" library="FakerLibrary">
<var>${new_text}</var>
<arg>max=100</arg>
<doc>Generate a random integer between two integers ``min`` and ``max`` inclusive
while observing the provided ``step`` value.</doc>
<status status="NOT RUN" starttime="20231127 17:28:27.320" endtime="20231127 17:28:27.320"/>
</kw>
<kw name="Convert To String" library="BuiltIn">
<var>${new_text}</var>
<arg>${new_text}</arg>
<doc>Converts the given item to a Unicode string.</doc>
<status status="NOT RUN" starttime="20231127 17:28:27.321" endtime="20231127 17:28:27.321"/>
</kw>
<status status="NOT RUN" starttime="20231127 17:28:27.319" endtime="20231127 17:28:27.323"/>
</branch>
<branch type="ELSE IF" condition="${cnt} &gt; 0 and '${type}' == 'paragraph'">
<kw name="Paragraph" library="FakerLibrary">
<var>${new_text}</var>
<doc>Generate a paragraph.</doc>
<status status="NOT RUN" starttime="20231127 17:28:27.325" endtime="20231127 17:28:27.326"/>
</kw>
<status status="NOT RUN" starttime="20231127 17:28:27.324" endtime="20231127 17:28:27.326"/>
</branch>
<branch type="ELSE IF" condition="${cnt} &gt; 0 and '${type}' == 'email'">
<kw name="Email" library="FakerLibrary">
<var>${new_text}</var>
<status status="NOT RUN" starttime="20231127 17:28:27.329" endtime="20231127 17:28:27.331"/>
</kw>
<status status="NOT RUN" starttime="20231127 17:28:27.327" endtime="20231127 17:28:27.331"/>
</branch>
<branch type="ELSE IF" condition="${cnt} &gt; 0 and '${type}' == 'phone'">
<kw name="Random Int" library="FakerLibrary">
<var>${new_text}</var>
<arg>min=2000000000</arg>
<arg>max=9999999999</arg>
<doc>Generate a random integer between two integers ``min`` and ``max`` inclusive
while observing the provided ``step`` value.</doc>
<status status="NOT RUN" starttime="20231127 17:28:27.333" endtime="20231127 17:28:27.334"/>
</kw>
<kw name="Convert To String" library="BuiltIn">
<var>${new_text}</var>
<arg>${new_text}</arg>
<doc>Converts the given item to a Unicode string.</doc>
<status status="NOT RUN" starttime="20231127 17:28:27.334" endtime="20231127 17:28:27.335"/>
</kw>
<kw name="Catenate" library="BuiltIn">
<var>${new_text}</var>
<arg>SEPARATOR=</arg>
<arg>0</arg>
<arg>${new_text}</arg>
<doc>Catenates the given items together and returns the resulted string.</doc>
<status status="NOT RUN" starttime="20231127 17:28:27.336" endtime="20231127 17:28:27.336"/>
</kw>
<status status="NOT RUN" starttime="20231127 17:28:27.332" endtime="20231127 17:28:27.336"/>
</branch>
<branch type="ELSE IF" condition="${cnt} &gt; 0 and '${type}' == 'color'">
<kw name="Safe Hex Color" library="FakerLibrary">
<var>${new_text}</var>
<doc>Generate a web-safe color formatted as a hex triplet.</doc>
<status status="NOT RUN" starttime="20231127 17:28:27.337" endtime="20231127 17:28:27.337"/>
</kw>
<status status="NOT RUN" starttime="20231127 17:28:27.336" endtime="20231127 17:28:27.338"/>
</branch>
<branch type="ELSE IF" condition="${cnt} &gt; 0 and &quot;${type}&quot; == 'password'">
<kw name="Password" library="FakerLibrary">
<var>${new_text}</var>
<arg>10</arg>
<arg>True</arg>
<arg>True</arg>
<arg>True</arg>
<arg>True</arg>
<doc>Generate a random password of the specified ``length``.</doc>
<status status="NOT RUN" starttime="20231127 17:28:27.341" endtime="20231127 17:28:27.341"/>
</kw>
<status status="NOT RUN" starttime="20231127 17:28:27.340" endtime="20231127 17:28:27.341"/>
</branch>
<branch type="ELSE IF" condition="${cnt} &gt; 0 and '${type}' == 'date'">
<kw name="Date" library="FakerLibrary">
<var>${new_text}</var>
<arg>pattern=%d-%m-%Y</arg>
<doc>Get a date string between January 1, 1970 and now.</doc>
<status status="NOT RUN" starttime="20231127 17:28:27.343" endtime="20231127 17:28:27.344"/>
</kw>
<status status="NOT RUN" starttime="20231127 17:28:27.342" endtime="20231127 17:28:27.345"/>
</branch>
<branch type="ELSE IF" condition="${cnt} &gt; 0 and '${type}' == 'word'">
<kw name="Sentence" library="FakerLibrary">
<var>${new_text}</var>
<arg>nb_words=2</arg>
<doc>Generate a sentence.</doc>
<status status="NOT RUN" starttime="20231127 17:28:27.346" endtime="20231127 17:28:27.347"/>
</kw>
<status status="NOT RUN" starttime="20231127 17:28:27.345" endtime="20231127 17:28:27.347"/>
</branch>
<branch type="ELSE IF" condition="${cnt} &gt; 0">
<kw name="Sentence" library="FakerLibrary">
<var>${new_text}</var>
<doc>Generate a sentence.</doc>
<status status="NOT RUN" starttime="20231127 17:28:27.349" endtime="20231127 17:28:27.349"/>
</kw>
<status status="NOT RUN" starttime="20231127 17:28:27.348" endtime="20231127 17:28:27.349"/>
</branch>
<status status="PASS" starttime="20231127 17:28:27.303" endtime="20231127 17:28:27.350"/>
</if>
<kw name="Get Length" library="BuiltIn">
<var>${cnt}</var>
<arg>${text}</arg>
<doc>Returns and logs the length of the given item as an integer.</doc>
<msg timestamp="20231127 17:28:27.351" level="INFO">Length is 5</msg>
<msg timestamp="20231127 17:28:27.351" level="INFO">${cnt} = 5</msg>
<status status="PASS" starttime="20231127 17:28:27.350" endtime="20231127 17:28:27.352"/>
</kw>
<if>
<branch type="IF" condition="${cnt} &gt; 0">
<kw name="Replace String" library="String">
<var>${text}</var>
<arg>${text}</arg>
<arg>${symbol}</arg>
<arg>${new_text}</arg>
<doc>Replaces ``search_for`` in the given ``string`` with ``replace_with``.</doc>
[...]
<tag>HTTP</tag>
<tag>Wait</tag>
<doc>Waits until there has been at least one instance of 500 ms of no network traffic on the page after loading.</doc>
<status status="PASS" starttime="20231127 17:28:49.317" endtime="20231127 17:28:49.333"/>
</kw>
<status status="PASS" starttime="20231127 17:28:48.289" endtime="20231127 17:28:49.333"/>
</kw>
<kw name="When Click on the &quot;Xóa&quot; button in the &quot;_@Tiêu đề@_&quot; table line" library="common" sourcename="Click on the &quot;${text}&quot; button in the &quot;${name}&quot; table line">
<kw name="Sleep" library="BuiltIn">
<arg>${SHOULD_TIMEOUT}</arg>
<doc>Pauses the test executed for the given time.</doc>
<msg timestamp="20231127 17:28:49.450" level="INFO">Slept 100 milliseconds</msg>
<status status="PASS" starttime="20231127 17:28:49.348" endtime="20231127 17:28:49.450"/>
</kw>
<kw name="Wait Until Element Spin" library="common">
<kw name="Sleep" library="BuiltIn">
<arg>${SHOULD_TIMEOUT}</arg>
<doc>Pauses the test executed for the given time.</doc>
<msg timestamp="20231127 17:28:49.552" level="INFO">Slept 100 milliseconds</msg>
<status status="PASS" starttime="20231127 17:28:49.451" endtime="20231127 17:28:49.552"/>
</kw>
<kw name="Set Variable" library="BuiltIn">
<var>${element}</var>
<arg>xpath=//*[contains(@class, "ant-spin-spinning")]</arg>
<doc>Returns the given values which can then be assigned to a variables.</doc>
<msg timestamp="20231127 17:28:49.554" level="INFO">${element} = xpath=//*[contains(@class, "ant-spin-spinning")]</msg>
<status status="PASS" starttime="20231127 17:28:49.553" endtime="20231127 17:28:49.555"/>
</kw>
<kw name="Get Element Count" library="Browser">
<var>${count}</var>
<arg>${element}</arg>
<tag>Assertion</tag>
<tag>Getter</tag>
<tag>PageContent</tag>
<doc>Returns the count of elements found with ``selector``.</doc>
<msg timestamp="20231127 17:28:49.563" level="INFO">${count} = 0</msg>
<status status="PASS" starttime="20231127 17:28:49.555" endtime="20231127 17:28:49.564"/>
</kw>
<if>
<branch type="IF" condition="${count} &gt; 0">
<kw name="Wait Until Page Does Not Contain Element" library="common">
<arg>${element}</arg>
<status status="NOT RUN" starttime="20231127 17:28:49.566" endtime="20231127 17:28:49.566"/>
</kw>
<status status="NOT RUN" starttime="20231127 17:28:49.565" endtime="20231127 17:28:49.567"/>
</branch>
<status status="PASS" starttime="20231127 17:28:49.564" endtime="20231127 17:28:49.568"/>
</if>
<status status="PASS" starttime="20231127 17:28:49.450" endtime="20231127 17:28:49.568"/>
</kw>
<kw name="Check Text" library="common">
<var>${name}</var>
<arg>${name}</arg>
<kw name="Get Regexp Matches" library="String">
<var>${containsS}</var>
<arg>${text}</arg>
<arg>_@(.+)@_</arg>
<arg>1</arg>
<doc>Returns a list of all non-overlapping matches in the given string.</doc>
<msg timestamp="20231127 17:28:49.572" level="INFO">${containsS} = ['Tiêu đề']</msg>
<status status="PASS" starttime="20231127 17:28:49.571" endtime="20231127 17:28:49.572"/>
</kw>
<kw name="Get Length" library="BuiltIn">
<var>${cntS}</var>
<arg>${containsS}</arg>
<doc>Returns and logs the length of the given item as an integer.</doc>
<msg timestamp="20231127 17:28:49.573" level="INFO">Length is 1</msg>
<msg timestamp="20231127 17:28:49.573" level="INFO">${cntS} = 1</msg>
<status status="PASS" starttime="20231127 17:28:49.573" endtime="20231127 17:28:49.574"/>
</kw>
<if>
<branch type="IF" condition="${cntS} &gt; 0">
<kw name="Set Variable" library="BuiltIn">
<var>${text}</var>
<arg>${STATE["${containsS[0]}"]}</arg>
<doc>Returns the given values which can then be assigned to a variables.</doc>
<msg timestamp="20231127 17:28:49.577" level="INFO">${text} = PO_37 Porro dolor ipsam.</msg>
<status status="PASS" starttime="20231127 17:28:49.575" endtime="20231127 17:28:49.577"/>
</kw>
<status status="PASS" starttime="20231127 17:28:49.574" endtime="20231127 17:28:49.577"/>
</branch>
<status status="PASS" starttime="20231127 17:28:49.574" endtime="20231127 17:28:49.577"/>
</if>
<msg timestamp="20231127 17:28:49.577" level="INFO">${name} = PO_37 Porro dolor ipsam.</msg>
<status status="PASS" starttime="20231127 17:28:49.569" endtime="20231127 17:28:49.578"/>
</kw>
<if>
<branch type="IF" condition="'${text}' == 'Chi tiết'">
<kw name="Get Element Table Item By Name" library="common">
<var>${element1}</var>
<arg>${name}</arg>
<arg>//button[@title = "${text}"]</arg>
<status status="NOT RUN" starttime="20231127 17:28:49.579" endtime="20231127 17:28:49.580"/>
</kw>
<kw name="Get Element Count" library="Browser">
<var>${count}</var>
<arg>${element1}</arg>
<tag>Assertion</tag>
<tag>Getter</tag>
<tag>PageContent</tag>
<doc>Returns the count of elements found with ``selector``.</doc>
<status status="NOT RUN" starttime="20231127 17:28:49.580" endtime="20231127 17:28:49.580"/>
</kw>
<if>
<branch type="IF" condition="${count} &gt; 0">
<kw name="Click" library="Browser">
<arg>${element1}</arg>
<tag>PageContent</tag>
<tag>Setter</tag>
<doc>Simulates mouse click on the element found by ``selector``.</doc>
<status status="NOT RUN" starttime="20231127 17:28:49.581" endtime="20231127 17:28:49.581"/>
</kw>
<status status="NOT RUN" starttime="20231127 17:28:49.580" endtime="20231127 17:28:49.581"/>
</branch>
<branch type="ELSE">
<kw name="Get Element Table Item By Name" library="common">
<var>${elementS}</var>
<arg>${name}</arg>
<arg>//p[contains(text(),"${name}")]</arg>
<status status="NOT RUN" starttime="20231127 17:28:49.582" endtime="20231127 17:28:49.582"/>
</kw>
<kw name="Click" library="Browser">
<arg>${elementS}</arg>
<tag>PageContent</tag>
<tag>Setter</tag>
<doc>Simulates mouse click on the element found by ``selector``.</doc>
<status status="NOT RUN" starttime="20231127 17:28:49.582" endtime="20231127 17:28:49.583"/>
</kw>
<status status="NOT RUN" starttime="20231127 17:28:49.581" endtime="20231127 17:28:49.583"/>
</branch>
<status status="NOT RUN" starttime="20231127 17:28:49.580" endtime="20231127 17:28:49.583"/>
</if>
<status status="NOT RUN" starttime="20231127 17:28:49.578" endtime="20231127 17:28:49.583"/>
</branch>
<branch type="ELSE">
<kw name="Get Element Table Item By Name" library="common">
<var>${element}</var>
<arg>${name}</arg>
<arg>//button[@title = "${text}"]</arg>
<msg timestamp="20231127 17:28:49.584" level="INFO">${element} = xpath=//*[contains(@class, "ant-table-row")]//*[contains(text(),"PO_37 Porro dolor ipsam.")]/ancestor::tr//button[@title = "Xóa"]</msg>
<status status="PASS" starttime="20231127 17:28:49.584" endtime="20231127 17:28:49.585"/>
</kw>
<kw name="Click" library="Browser">
<arg>${element}</arg>
<tag>PageContent</tag>
<tag>Setter</tag>
<doc>Simulates mouse click on the element found by ``selector``.</doc>
<status status="PASS" starttime="20231127 17:28:49.585" endtime="20231127 17:28:49.859"/>
</kw>
<status status="PASS" starttime="20231127 17:28:49.583" endtime="20231127 17:28:49.860"/>
</branch>
<status status="PASS" starttime="20231127 17:28:49.578" endtime="20231127 17:28:49.860"/>
</if>
<kw name="Click Confirm To Action" library="common">
<kw name="Set Variable" library="BuiltIn">
<var>${element}</var>
<arg>xpath=//*[contains(@class, "ant-popover")]//*[contains(@class, "ant-btn-primary")]</arg>
<doc>Returns the given values which can then be assigned to a variables.</doc>
<msg timestamp="20231127 17:28:49.864" level="INFO">${element} = xpath=//*[contains(@class, "ant-popover")]//*[contains(@class, "ant-btn-primary")]</msg>
<status status="PASS" starttime="20231127 17:28:49.862" endtime="20231127 17:28:49.864"/>
</kw>
<kw name="Get Element Count" library="Browser">
<var>${count}</var>
<arg>${element}</arg>
<tag>Assertion</tag>
<tag>Getter</tag>
<tag>PageContent</tag>
<doc>Returns the count of elements found with ``selector``.</doc>
<msg timestamp="20231127 17:28:49.882" level="INFO">${count} = 1</msg>
<status status="PASS" starttime="20231127 17:28:49.865" endtime="20231127 17:28:49.883"/>
</kw>
<if>
<branch type="IF" condition="${count} &gt; 0">
<kw name="Click" library="Browser">
<arg>${element}</arg>
<tag>PageContent</tag>
<tag>Setter</tag>
<doc>Simulates mouse click on the element found by ``selector``.</doc>
<status status="PASS" starttime="20231127 17:28:49.885" endtime="20231127 17:28:50.231"/>
</kw>
<kw name="Sleep" library="BuiltIn">
<arg>${SHOULD_TIMEOUT}</arg>
<doc>Pauses the test executed for the given time.</doc>
<msg timestamp="20231127 17:28:50.334" level="INFO">Slept 100 milliseconds</msg>
<status status="PASS" starttime="20231127 17:28:50.232" endtime="20231127 17:28:50.334"/>
</kw>
<kw name="Wait Until Element Spin" library="common">
<kw name="Sleep" library="BuiltIn">
<arg>${SHOULD_TIMEOUT}</arg>
<doc>Pauses the test executed for the given time.</doc>
<msg timestamp="20231127 17:28:50.442" level="INFO">Slept 100 milliseconds</msg>
<status status="PASS" starttime="20231127 17:28:50.338" endtime="20231127 17:28:50.442"/>
</kw>
<kw name="Set Variable" library="BuiltIn">
<var>${element}</var>
<arg>xpath=//*[contains(@class, "ant-spin-spinning")]</arg>
<doc>Returns the given values which can then be assigned to a variables.</doc>
<msg timestamp="20231127 17:28:50.444" level="INFO">${element} = xpath=//*[contains(@class, "ant-spin-spinning")]</msg>
<status status="PASS" starttime="20231127 17:28:50.443" endtime="20231127 17:28:50.444"/>
</kw>
<kw name="Get Element Count" library="Browser">
<var>${count}</var>
<arg>${element}</arg>
<tag>Assertion</tag>
<tag>Getter</tag>
<tag>PageContent</tag>
<doc>Returns the count of elements found with ``selector``.</doc>
<msg timestamp="20231127 17:28:50.584" level="INFO">${count} = 0</msg>
<status status="PASS" starttime="20231127 17:28:50.445" endtime="20231127 17:28:50.584"/>
</kw>
<if>
<branch type="IF" condition="${count} &gt; 0">
<kw name="Wait Until Page Does Not Contain Element" library="common">
<arg>${element}</arg>
<status status="NOT RUN" starttime="20231127 17:28:50.588" endtime="20231127 17:28:50.589"/>
</kw>
<status status="NOT RUN" starttime="20231127 17:28:50.585" endtime="20231127 17:28:50.590"/>
</branch>
<status status="PASS" starttime="20231127 17:28:50.585" endtime="20231127 17:28:50.591"/>
</if>
<status status="PASS" starttime="20231127 17:28:50.335" endtime="20231127 17:28:50.592"/>
</kw>
<status status="PASS" starttime="20231127 17:28:49.884" endtime="20231127 17:28:50.594"/>
</branch>
<status status="PASS" starttime="20231127 17:28:49.883" endtime="20231127 17:28:50.597"/>
</if>
<status status="PASS" starttime="20231127 17:28:49.861" endtime="20231127 17:28:50.597"/>
</kw>
<kw name="Wait Until Network Is Idle" library="Browser">
<tag>HTTP</tag>
<tag>Wait</tag>
<doc>Waits until there has been at least one instance of 500 ms of no network traffic on the page after loading.</doc>
<status status="PASS" starttime="20231127 17:28:50.598" endtime="20231127 17:28:50.613"/>
</kw>
<status status="PASS" starttime="20231127 17:28:49.346" endtime="20231127 17:28:50.614"/>
</kw>
<kw name="When Click on the &quot;Xóa&quot; button in the &quot;Cate1&quot; item line" library="common" sourcename="Click on the &quot;${text}&quot; button in the &quot;${name}&quot; item line">
<kw name="Wait Until Element Spin" library="common">
<kw name="Sleep" library="BuiltIn">
<arg>${SHOULD_TIMEOUT}</arg>
<doc>Pauses the test executed for the given time.</doc>
<msg timestamp="20231127 17:28:50.727" level="INFO">Slept 100 milliseconds</msg>
<status status="PASS" starttime="20231127 17:28:50.624" endtime="20231127 17:28:50.727"/>
</kw>
<kw name="Set Variable" library="BuiltIn">
<var>${element}</var>
<arg>xpath=//*[contains(@class, "ant-spin-spinning")]</arg>
<doc>Returns the given values which can then be assigned to a variables.</doc>
<msg timestamp="20231127 17:28:50.729" level="INFO">${element} = xpath=//*[contains(@class, "ant-spin-spinning")]</msg>
<status status="PASS" starttime="20231127 17:28:50.728" endtime="20231127 17:28:50.729"/>
</kw>
<kw name="Get Element Count" library="Browser">
<var>${count}</var>
<arg>${element}</arg>
<tag>Assertion</tag>
<tag>Getter</tag>
<tag>PageContent</tag>
<doc>Returns the count of elements found with ``selector``.</doc>
<msg timestamp="20231127 17:28:50.748" level="INFO">${count} = 0</msg>
<status status="PASS" starttime="20231127 17:28:50.730" endtime="20231127 17:28:50.748"/>
</kw>
<if>
<branch type="IF" condition="${count} &gt; 0">
<kw name="Wait Until Page Does Not Contain Element" library="common">
<arg>${element}</arg>
<status status="NOT RUN" starttime="20231127 17:28:50.750" endtime="20231127 17:28:50.751"/>
</kw>
<status status="NOT RUN" starttime="20231127 17:28:50.749" endtime="20231127 17:28:50.751"/>
</branch>
<status status="PASS" starttime="20231127 17:28:50.749" endtime="20231127 17:28:50.752"/>
</if>
<status status="PASS" starttime="20231127 17:28:50.621" endtime="20231127 17:28:50.754"/>
</kw>
<kw name="Check Text" library="common">
<var>${name}</var>
<arg>${name}</arg>
<kw name="Get Regexp Matches" library="String">
<var>${containsS}</var>
<arg>${text}</arg>
<arg>_@(.+)@_</arg>
<arg>1</arg>
<doc>Returns a list of all non-overlapping matches in the given string.</doc>
<msg timestamp="20231127 17:28:50.760" level="INFO">${containsS} = []</msg>
<status status="PASS" starttime="20231127 17:28:50.759" endtime="20231127 17:28:50.760"/>
</kw>
<kw name="Get Length" library="BuiltIn">
<var>${cntS}</var>
<arg>${containsS}</arg>
<doc>Returns and logs the length of the given item as an integer.</doc>
<msg timestamp="20231127 17:28:50.762" level="INFO">Length is 0</msg>
<msg timestamp="20231127 17:28:50.762" level="INFO">${cntS} = 0</msg>
<status status="PASS" starttime="20231127 17:28:50.761" endtime="20231127 17:28:50.763"/>
</kw>
<if>
<branch type="IF" condition="${cntS} &gt; 0">
<kw name="Set Variable" library="BuiltIn">
<var>${text}</var>
<arg>${STATE["${containsS[0]}"]}</arg>
<doc>Returns the given values which can then be assigned to a variables.</doc>
<status status="NOT RUN" starttime="20231127 17:28:50.764" endtime="20231127 17:28:50.765"/>
</kw>
<status status="NOT RUN" starttime="20231127 17:28:50.763" endtime="20231127 17:28:50.765"/>
</branch>
<status status="PASS" starttime="20231127 17:28:50.763" endtime="20231127 17:28:50.766"/>
</if>
<msg timestamp="20231127 17:28:50.766" level="INFO">${name} = Cate1</msg>
<status status="PASS" starttime="20231127 17:28:50.755" endtime="20231127 17:28:50.767"/>
</kw>
<kw name="Get Element Item By Name" library="common">
<var>${element}</var>
<arg>${name}</arg>
<arg>//button[@title = "${text}"]</arg>
<msg timestamp="20231127 17:28:50.768" level="INFO">${element} = xpath=//*[contains(@class, "item-text") and contains(text(), "Cate1")]/ancestor::*[contains(@class, "item")]//button[@title = "Xóa"]</msg>
<status status="PASS" starttime="20231127 17:28:50.767" endtime="20231127 17:28:50.771"/>
</kw>
<kw name="Click" library="Browser">
<arg>${element}</arg>
<tag>PageContent</tag>
<tag>Setter</tag>
<doc>Simulates mouse click on the element found by ``selector``.</doc>
<status status="PASS" starttime="20231127 17:28:50.774" endtime="20231127 17:28:52.479"/>
</kw>
<kw name="Click Confirm To Action" library="common">
<kw name="Set Variable" library="BuiltIn">
<var>${element}</var>
<arg>xpath=//*[contains(@class, "ant-popover")]//*[contains(@class, "ant-btn-primary")]</arg>
<doc>Returns the given values which can then be assigned to a variables.</doc>
<msg timestamp="20231127 17:28:52.481" level="INFO">${element} = xpath=//*[contains(@class, "ant-popover")]//*[contains(@class, "ant-btn-primary")]</msg>
<status status="PASS" starttime="20231127 17:28:52.481" endtime="20231127 17:28:52.482"/>
</kw>
<kw name="Get Element Count" library="Browser">
<var>${count}</var>
<arg>${element}</arg>
<tag>Assertion</tag>
<tag>Getter</tag>
<tag>PageContent</tag>
<doc>Returns the count of elements found with ``selector``.</doc>
<msg timestamp="20231127 17:28:52.495" level="INFO">${count} = 1</msg>
<status status="PASS" starttime="20231127 17:28:52.482" endtime="20231127 17:28:52.495"/>
</kw>
<if>
<branch type="IF" condition="${count} &gt; 0">
<kw name="Click" library="Browser">
<arg>${element}</arg>
<tag>PageContent</tag>
<tag>Setter</tag>
<doc>Simulates mouse click on the element found by ``selector``.</doc>
<status status="PASS" starttime="20231127 17:28:52.497" endtime="20231127 17:28:52.801"/>
</kw>
<kw name="Sleep" library="BuiltIn">
<arg>${SHOULD_TIMEOUT}</arg>
<doc>Pauses the test executed for the given time.</doc>
<msg timestamp="20231127 17:28:52.905" level="INFO">Slept 100 milliseconds</msg>
<status status="PASS" starttime="20231127 17:28:52.802" endtime="20231127 17:28:52.905"/>
</kw>
<kw name="Wait Until Element Spin" library="common">
<kw name="Sleep" library="BuiltIn">
<arg>${SHOULD_TIMEOUT}</arg>
<doc>Pauses the test executed for the given time.</doc>
<msg timestamp="20231127 17:28:53.012" level="INFO">Slept 100 milliseconds</msg>
<status status="PASS" starttime="20231127 17:28:52.908" endtime="20231127 17:28:53.012"/>
</kw>
<kw name="Set Variable" library="BuiltIn">
<var>${element}</var>
<arg>xpath=//*[contains(@class, "ant-spin-spinning")]</arg>
<doc>Returns the given values which can then be assigned to a variables.</doc>
<msg timestamp="20231127 17:28:53.015" level="INFO">${element} = xpath=//*[contains(@class, "ant-spin-spinning")]</msg>
<status status="PASS" starttime="20231127 17:28:53.014" endtime="20231127 17:28:53.015"/>
</kw>
<kw name="Get Element Count" library="Browser">
<var>${count}</var>
<arg>${element}</arg>
<tag>Assertion</tag>
<tag>Getter</tag>
<tag>PageContent</tag>
<doc>Returns the count of elements found with ``selector``.</doc>
<msg timestamp="20231127 17:28:53.039" level="INFO">${count} = 0</msg>
<status status="PASS" starttime="20231127 17:28:53.016" endtime="20231127 17:28:53.039"/>
</kw>
<if>
<branch type="IF" condition="${count} &gt; 0">
<kw name="Wait Until Page Does Not Contain Element" library="common">
<arg>${element}</arg>
<status status="NOT RUN" starttime="20231127 17:28:53.042" endtime="20231127 17:28:53.042"/>
</kw>
<status status="NOT RUN" starttime="20231127 17:28:53.040" endtime="20231127 17:28:53.043"/>
</branch>
<status status="PASS" starttime="20231127 17:28:53.040" endtime="20231127 17:28:53.044"/>
</if>
<status status="PASS" starttime="20231127 17:28:52.907" endtime="20231127 17:28:53.044"/>
</kw>
<status status="PASS" starttime="20231127 17:28:52.496" endtime="20231127 17:28:53.045"/>
</branch>
<status status="PASS" starttime="20231127 17:28:52.496" endtime="20231127 17:28:53.045"/>
</if>
<status status="PASS" starttime="20231127 17:28:52.480" endtime="20231127 17:28:53.046"/>
</kw>
<kw name="Wait Until Network Is Idle" library="Browser">
<tag>HTTP</tag>
<tag>Wait</tag>
<doc>Waits until there has been at least one instance of 500 ms of no network traffic on the page after loading.</doc>
<status status="PASS" starttime="20231127 17:28:53.047" endtime="20231127 17:28:53.058"/>
</kw>
<status status="PASS" starttime="20231127 17:28:50.617" endtime="20231127 17:28:53.061"/>
</kw>
<kw name="Tear Down" library="common" type="TEARDOWN">
<kw name="Close Browser" library="Browser">
<arg>ALL</arg>
<tag>BrowserControl</tag>
<tag>Setter</tag>
<doc>Closes the current browser.</doc>
<msg timestamp="20231127 17:28:54.542" level="INFO">Closed all browsers</msg>
<status status="PASS" starttime="20231127 17:28:53.080" endtime="20231127 17:28:54.542"/>
</kw>
<status status="PASS" starttime="20231127 17:28:53.077" endtime="20231127 17:28:54.543"/>
</kw>
<tag>ChangeInfo</tag>
<status status="PASS" starttime="20231127 17:28:12.928" endtime="20231127 17:28:54.544"/>
</test>
<status status="PASS" starttime="20231127 17:28:09.451" endtime="20231127 17:28:54.611"/>
</suite>
<statistics>
<total>
<stat pass="1" fail="0" skip="0">All Tests</stat>
</total>
<tag>
<stat pass="1" fail="0" skip="0">ChangeInfo</stat>
</tag>
<suite>
<stat pass="1" fail="0" skip="0" id="s1" name="Post">Post</stat>
</suite>
</statistics>
<errors>
</errors>
</robot>
