<?xml version="1.0" encoding="UTF-8"?>
<robot generator="Robot 6.1.1 (Python 3.11.4 on win32)" generated="20231102 10:22:05.742" rpa="false" schemaversion="4">
<suite id="s1" name="Categories Data" source="d:\TESTER\Automation\Auto_Web\testcases\categories_data.robot">
<test id="s1-t1" name="CA_DA_02 Verify that navigating to the right &quot;Categories Data&quot; page" line="21">
<kw name="Setup" library="common" type="SETUP">
<kw name="Set Browser Timeout" library="Browser">
<arg>${BROWSER_TIMEOUT}</arg>
<tag>Config</tag>
<tag>Setter</tag>
<doc>Sets the timeout used by most input and getter keywords.</doc>
<status status="PASS" starttime="20231102 10:22:07.959" endtime="20231102 10:22:07.960"/>
</kw>
<kw name="New Browser" library="Browser">
<arg>${BROWSER}</arg>
<arg>headless=${HEADLESS}</arg>
<tag>BrowserControl</tag>
<tag>Setter</tag>
<doc>Create a new playwright Browser with specified options.</doc>
<msg timestamp="20231102 10:22:07.962" level="INFO">{"browser": "chromium", "headless": false, "chromiumSandbox": false, "devtools": false, "handleSIGHUP": true, "handleSIGINT": true, "handleSIGTERM": true, "ignoreDefaultArgs": false, "slowMo": 0.0, "timeout": 30000.0, "tracesDir": "D:\\TESTER\\Automation\\browser\\traces\\2bb89af3-cbe0-4b16-865c-f7ad50efc169"}</msg>
<msg timestamp="20231102 10:22:09.703" level="INFO">Successfully created browser with options: {"browser":"chromium","headless":false,"chromiumSandbox":false,"devtools":false,"handleSIGHUP":true,"handleSIGINT":true,"handleSIGTERM":true,"ignoreDefaultArgs":false,"slowMo":0,"timeout":30000,"tracesDir":"D:\\TESTER\\Automation\\browser\\traces\\2bb89af3-cbe0-4b16-865c-f7ad50efc169"}</msg>
<status status="PASS" starttime="20231102 10:22:07.961" endtime="20231102 10:22:09.704"/>
</kw>
<kw name="New Page" library="Browser">
<arg>${URL_DEFAULT}</arg>
<tag>BrowserControl</tag>
<tag>Setter</tag>
<doc>Open a new Page.</doc>
<msg timestamp="20231102 10:22:13.104" level="INFO">Successfully initialized new page object and opened url: http://dev1.geneat.vn:7802/vn</msg>
<msg timestamp="20231102 10:22:13.104" level="INFO">No context was open. New context was automatically opened when this page is created.</msg>
<status status="PASS" starttime="20231102 10:22:09.705" endtime="20231102 10:22:13.105"/>
</kw>
<kw name="Evaluate" library="BuiltIn">
<var>${STATE}</var>
<arg>json.loads('''{}''')</arg>
<arg>json</arg>
<doc>Evaluates the given expression in Python and returns the result.</doc>
<msg timestamp="20231102 10:22:13.107" level="INFO">${STATE} = {}</msg>
<status status="PASS" starttime="20231102 10:22:13.105" endtime="20231102 10:22:13.108"/>
</kw>
<status status="PASS" starttime="20231102 10:22:07.957" endtime="20231102 10:22:13.108"/>
</kw>
<kw name="Go to &quot;Quản lý dữ liệu&quot; page">
<kw name="Login to admin" library="common">
<kw name="Enter &quot;email&quot; in &quot;Email&quot; with &quot;admin@gmail.com&quot;" library="common" sourcename="Enter &quot;${type}&quot; in &quot;${name}&quot; with &quot;${text}&quot;">
<kw name="Get Random Text" library="common">
<var>${text}</var>
<arg>${type}</arg>
<arg>${text}</arg>
<kw name="Set Variable" library="BuiltIn">
<var>${symbol}</var>
<arg>_RANDOM_</arg>
<doc>Returns the given values which can then be assigned to a variables.</doc>
<msg timestamp="20231102 10:22:13.132" level="INFO">${symbol} = _RANDOM_</msg>
<status status="PASS" starttime="20231102 10:22:13.131" endtime="20231102 10:22:13.132"/>
</kw>
<kw name="Set Variable" library="BuiltIn">
<var>${new_text}</var>
<doc>Returns the given values which can then be assigned to a variables.</doc>
<msg timestamp="20231102 10:22:13.134" level="INFO">${new_text} = </msg>
<status status="PASS" starttime="20231102 10:22:13.133" endtime="20231102 10:22:13.135"/>
</kw>
<kw name="Get Regexp Matches" library="String">
<var>${containsS}</var>
<arg>${text}</arg>
<arg>_@(.+)@_</arg>
<arg>1</arg>
<doc>Returns a list of all non-overlapping matches in the given string.</doc>
<msg timestamp="20231102 10:22:13.137" level="INFO">${containsS} = []</msg>
<status status="PASS" starttime="20231102 10:22:13.135" endtime="20231102 10:22:13.137"/>
</kw>
<kw name="Get Length" library="BuiltIn">
<var>${cntS}</var>
<arg>${containsS}</arg>
<doc>Returns and logs the length of the given item as an integer.</doc>
<msg timestamp="20231102 10:22:13.139" level="INFO">Length is 0</msg>
<msg timestamp="20231102 10:22:13.140" level="INFO">${cntS} = 0</msg>
<status status="PASS" starttime="20231102 10:22:13.138" endtime="20231102 10:22:13.141"/>
</kw>
<kw name="Get Regexp Matches" library="String">
<var>${contains}</var>
<arg>${text}</arg>
<arg>${symbol}</arg>
<doc>Returns a list of all non-overlapping matches in the given string.</doc>
<msg timestamp="20231102 10:22:13.145" level="INFO">${contains} = []</msg>
<status status="PASS" starttime="20231102 10:22:13.143" endtime="20231102 10:22:13.148"/>
</kw>
<kw name="Get Length" library="BuiltIn">
<var>${cnt}</var>
<arg>${contains}</arg>
<doc>Returns and logs the length of the given item as an integer.</doc>
<msg timestamp="20231102 10:22:13.149" level="INFO">Length is 0</msg>
<msg timestamp="20231102 10:22:13.150" level="INFO">${cnt} = 0</msg>
<status status="PASS" starttime="20231102 10:22:13.148" endtime="20231102 10:22:13.150"/>
</kw>
<if>
<branch type="IF" condition="${cntS} &gt; 0">
<kw name="Set Variable" library="BuiltIn">
<var>${new_text}</var>
<arg>${STATE["${containsS[0]}"]}</arg>
<doc>Returns the given values which can then be assigned to a variables.</doc>
<status status="NOT RUN" starttime="20231102 10:22:13.151" endtime="20231102 10:22:13.152"/>
</kw>
<kw name="Set Variable" library="BuiltIn">
<var>${symbol}</var>
<arg>_@${containsS[0]}@_</arg>
<doc>Returns the given values which can then be assigned to a variables.</doc>
<status status="NOT RUN" starttime="20231102 10:22:13.153" endtime="20231102 10:22:13.153"/>
</kw>
<status status="NOT RUN" starttime="20231102 10:22:13.150" endtime="20231102 10:22:13.154"/>
</branch>
<branch type="ELSE IF" condition="${cnt} &gt; 0 and '${type}' == 'test name'">
<kw name="Sentence" library="FakerLibrary">
<var>${random}</var>
<arg>nb_words=3</arg>
<doc>Generate a sentence.</doc>
<status status="NOT RUN" starttime="20231102 10:22:13.156" endtime="20231102 10:22:13.156"/>
</kw>
<kw name="Split String" library="String">
<var>${words}</var>
<arg>${TEST NAME}</arg>
<arg>${SPACE}</arg>
<doc>Splits the ``string`` using ``separator`` as a delimiter string.</doc>
<status status="NOT RUN" starttime="20231102 10:22:13.157" endtime="20231102 10:22:13.159"/>
</kw>
<kw name="Set Variable" library="BuiltIn">
<var>${new_text}</var>
<arg>${words[0]} ${random}</arg>
<doc>Returns the given values which can then be assigned to a variables.</doc>
<status status="NOT RUN" starttime="20231102 10:22:13.160" endtime="20231102 10:22:13.162"/>
</kw>
<status status="NOT RUN" starttime="20231102 10:22:13.154" endtime="20231102 10:22:13.163"/>
</branch>
<branch type="ELSE IF" condition="${cnt} &gt; 0 and '${type}' == 'number'">
<kw name="Random Int" library="FakerLibrary">
<var>${new_text}</var>
<doc>Generate a random integer between two integers ``min`` and ``max`` inclusive
while observing the provided ``step`` value.</doc>
<status status="NOT RUN" starttime="20231102 10:22:13.166" endtime="20231102 10:22:13.166"/>
</kw>
<kw name="Convert To String" library="BuiltIn">
<var>${new_text}</var>
<arg>${new_text}</arg>
<doc>Converts the given item to a Unicode string.</doc>
<status status="NOT RUN" starttime="20231102 10:22:13.167" endtime="20231102 10:22:13.168"/>
</kw>
<status status="NOT RUN" starttime="20231102 10:22:13.164" endtime="20231102 10:22:13.168"/>
</branch>
<branch type="ELSE IF" condition="${cnt} &gt; 0 and '${type}' == 'percentage'">
<kw name="Random Int" library="FakerLibrary">
<var>${new_text}</var>
<arg>max=100</arg>
<doc>Generate a random integer between two integers ``min`` and ``max`` inclusive
while observing the provided ``step`` value.</doc>
<status status="NOT RUN" starttime="20231102 10:22:13.170" endtime="20231102 10:22:13.171"/>
</kw>
<kw name="Convert To String" library="BuiltIn">
<var>${new_text}</var>
<arg>${new_text}</arg>
<doc>Converts the given item to a Unicode string.</doc>
<status status="NOT RUN" starttime="20231102 10:22:13.171" endtime="20231102 10:22:13.172"/>
</kw>
<status status="NOT RUN" starttime="20231102 10:22:13.169" endtime="20231102 10:22:13.172"/>
</branch>
<branch type="ELSE IF" condition="${cnt} &gt; 0 and '${type}' == 'paragraph'">
<kw name="Paragraph" library="FakerLibrary">
<var>${new_text}</var>
<doc>Generate a paragraph.</doc>
<status status="NOT RUN" starttime="20231102 10:22:13.180" endtime="20231102 10:22:13.181"/>
</kw>
<status status="NOT RUN" starttime="20231102 10:22:13.173" endtime="20231102 10:22:13.182"/>
</branch>
<branch type="ELSE IF" condition="${cnt} &gt; 0 and '${type}' == 'email'">
<kw name="Email" library="FakerLibrary">
<var>${new_text}</var>
<status status="NOT RUN" starttime="20231102 10:22:13.184" endtime="20231102 10:22:13.185"/>
</kw>
<status status="NOT RUN" starttime="20231102 10:22:13.183" endtime="20231102 10:22:13.185"/>
</branch>
<branch type="ELSE IF" condition="${cnt} &gt; 0 and '${type}' == 'phone'">
<kw name="Random Int" library="FakerLibrary">
<var>${new_text}</var>
<arg>min=2000000000</arg>
<arg>max=9999999999</arg>
<doc>Generate a random integer between two integers ``min`` and ``max`` inclusive
while observing the provided ``step`` value.</doc>
<status status="NOT RUN" starttime="20231102 10:22:13.187" endtime="20231102 10:22:13.187"/>
</kw>
<kw name="Convert To String" library="BuiltIn">
<var>${new_text}</var>
<arg>${new_text}</arg>
<doc>Converts the given item to a Unicode string.</doc>
<status status="NOT RUN" starttime="20231102 10:22:13.188" endtime="20231102 10:22:13.188"/>
</kw>
<kw name="Catenate" library="BuiltIn">
<var>${new_text}</var>
<arg>SEPARATOR=</arg>
<arg>0</arg>
<arg>${new_text}</arg>
<doc>Catenates the given items together and returns the resulted string.</doc>
<status status="NOT RUN" starttime="20231102 10:22:13.223" endtime="20231102 10:22:13.224"/>
</kw>
<status status="NOT RUN" starttime="20231102 10:22:13.186" endtime="20231102 10:22:13.225"/>
</branch>
<branch type="ELSE IF" condition="${cnt} &gt; 0 and '${type}' == 'color'">
<kw name="Safe Hex Color" library="FakerLibrary">
<var>${new_text}</var>
<doc>Generate a web-safe color formatted as a hex triplet.</doc>
<status status="NOT RUN" starttime="20231102 10:22:13.312" endtime="20231102 10:22:13.313"/>
</kw>
<status status="NOT RUN" starttime="20231102 10:22:13.229" endtime="20231102 10:22:13.314"/>
</branch>
<branch type="ELSE IF" condition="${cnt} &gt; 0 and &quot;${type}&quot; == 'password'">
<kw name="Password" library="FakerLibrary">
<var>${new_text}</var>
<arg>10</arg>
<arg>True</arg>
<arg>True</arg>
<arg>True</arg>
<arg>True</arg>
<doc>Generate a random password of the specified ``length``.</doc>
<status status="NOT RUN" starttime="20231102 10:22:13.315" endtime="20231102 10:22:13.316"/>
</kw>
<status status="NOT RUN" starttime="20231102 10:22:13.314" endtime="20231102 10:22:13.317"/>
</branch>
<branch type="ELSE IF" condition="${cnt} &gt; 0 and '${type}' == 'date'">
<kw name="Date" library="FakerLibrary">
<var>${new_text}</var>
<arg>pattern=%d-%m-%Y</arg>
<doc>Get a date string between January 1, 1970 and now.</doc>
<status status="NOT RUN" starttime="20231102 10:22:13.319" endtime="20231102 10:22:13.320"/>
</kw>
<status status="NOT RUN" starttime="20231102 10:22:13.317" endtime="20231102 10:22:13.321"/>
</branch>
<branch type="ELSE IF" condition="${cnt} &gt; 0 and '${type}' == 'word'">
<kw name="Sentence" library="FakerLibrary">
<var>${new_text}</var>
<arg>nb_words=2</arg>
<doc>Generate a sentence.</doc>
<status status="NOT RUN" starttime="20231102 10:22:13.322" endtime="20231102 10:22:13.323"/>
</kw>
<status status="NOT RUN" starttime="20231102 10:22:13.321" endtime="20231102 10:22:13.323"/>
</branch>
<branch type="ELSE IF" condition="${cnt} &gt; 0">
<kw name="Sentence" library="FakerLibrary">
<var>${new_text}</var>
<doc>Generate a sentence.</doc>
<status status="NOT RUN" starttime="20231102 10:22:13.325" endtime="20231102 10:22:13.326"/>
</kw>
<status status="NOT RUN" starttime="20231102 10:22:13.324" endtime="20231102 10:22:13.326"/>
</branch>
<status status="PASS" starttime="20231102 10:22:13.150" endtime="20231102 10:22:13.329"/>
</if>
<kw name="Get Length" library="BuiltIn">
<var>${cnt}</var>
<arg>${text}</arg>
<doc>Returns and logs the length of the given item as an integer.</doc>
<msg timestamp="20231102 10:22:13.330" level="INFO">Length is 15</msg>
<msg timestamp="20231102 10:22:13.331" level="INFO">${cnt} = 15</msg>
<status status="PASS" starttime="20231102 10:22:13.330" endtime="20231102 10:22:13.331"/>
</kw>
<if>
<branch type="IF" condition="${cnt} &gt; 0">
<kw name="Replace String" library="String">
<var>${text}</var>
<arg>${text}</arg>
<arg>${symbol}</arg>
<arg>${new_text}</arg>
<doc>Replaces ``search_for`` in the given ``string`` with ``replace_with``.</doc>
<msg timestamp="20231102 10:22:13.335" level="INFO">${text} = admin@gmail.com</msg>
<status status="PASS" starttime="20231102 10:22:13.333" endtime="20231102 10:22:13.335"/>
</kw>
<status status="PASS" starttime="20231102 10:22:13.332" endtime="20231102 10:22:13.336"/>
</branch>
<status status="PASS" starttime="20231102 10:22:13.332" endtime="20231102 10:22:13.336"/>
</if>
<msg timestamp="20231102 10:22:13.337" level="INFO">${text} = admin@gmail.com</msg>
<status status="PASS" starttime="20231102 10:22:13.129" endtime="20231102 10:22:13.337"/>
</kw>
<kw name="Get Element Form Item By Name" library="common">
<var>${element}</var>
<arg>${name}</arg>
<arg>//input[contains(@class, "ant-input")]</arg>
<msg timestamp="20231102 10:22:13.340" level="INFO">${element} = xpath=//*[contains(@class, "ant-form-item-label")]/label[text()="Email"]/../../*[contains(@class, "ant-form-item")]//input[contains(@class, "ant-input")]</msg>
<status status="PASS" starttime="20231102 10:22:13.338" endtime="20231102 10:22:13.341"/>
</kw>
<kw name="Click" library="Browser">
<arg>${element}</arg>
<tag>PageContent</tag>
<tag>Setter</tag>
<doc>Simulates mouse click on the element found by ``selector``.</doc>
<status status="PASS" starttime="20231102 10:22:13.342" endtime="20231102 10:22:13.819"/>
</kw>
<kw name="Clear Text" library="Browser">
<arg>${element}</arg>
<tag>PageContent</tag>
<tag>Setter</tag>
<doc>Clears the text field found by ``selector``.</doc>
<status status="PASS" starttime="20231102 10:22:13.819" endtime="20231102 10:22:13.920"/>
</kw>
<kw name="Fill Text" library="Browser">
<arg>${element}</arg>
<arg>${text}</arg>
<arg>True</arg>
<tag>PageContent</tag>
<tag>Setter</tag>
<doc>Clears and fills the given ``txt`` into the text field found by ``selector``.</doc>
<msg timestamp="20231102 10:22:13.923" level="INFO">Fills the text 'admin@gmail.com' in the given field.</msg>
<status status="PASS" starttime="20231102 10:22:13.921" endtime="20231102 10:22:13.992"/>
</kw>
<kw name="Get Text" library="Browser">
<var>${condition}</var>
<arg>${element}</arg>
<tag>Assertion</tag>
<tag>Getter</tag>
<tag>PageContent</tag>
<doc>Returns text attribute of the element found by ``selector``.</doc>
<msg timestamp="20231102 10:22:14.058" level="INFO">Text: 'admin@gmail.com'</msg>
<msg timestamp="20231102 10:22:14.059" level="INFO">${condition} = admin@gmail.com</msg>
<status status="PASS" starttime="20231102 10:22:13.992" endtime="20231102 10:22:14.059"/>
</kw>
<while condition="'${condition}' != '${text}'" limit="10">
<iter>
<kw name="Fill Text" library="Browser">
<arg>${element}</arg>
<arg>${text}</arg>
<tag>PageContent</tag>
<tag>Setter</tag>
<doc>Clears and fills the given ``txt`` into the text field found by ``selector``.</doc>
<status status="NOT RUN" starttime="20231102 10:22:14.060" endtime="20231102 10:22:14.063"/>
</kw>
<kw name="Get Text" library="Browser">
<var>${condition}</var>
<arg>${element}</arg>
<tag>Assertion</tag>
<tag>Getter</tag>
<tag>PageContent</tag>
<doc>Returns text attribute of the element found by ``selector``.</doc>
<status status="NOT RUN" starttime="20231102 10:22:14.065" endtime="20231102 10:22:14.066"/>
</kw>
<status status="NOT RUN" starttime="20231102 10:22:14.060" endtime="20231102 10:22:14.066"/>
</iter>
<status status="NOT RUN" starttime="20231102 10:22:14.059" endtime="20231102 10:22:14.066"/>
</while>
<kw name="Get Length" library="BuiltIn">
<var>${cnt}</var>
<arg>${text}</arg>
<doc>Returns and logs the length of the given item as an integer.</doc>
<msg timestamp="20231102 10:22:14.067" level="INFO">Length is 15</msg>
<msg timestamp="20231102 10:22:14.068" level="INFO">${cnt} = 15</msg>
<status status="PASS" starttime="20231102 10:22:14.067" endtime="20231102 10:22:14.068"/>
</kw>
<if>
<branch type="IF" condition="${cnt} &gt; 0">
<kw name="Set Global Variable" library="BuiltIn">
<arg>\${STATE["${name}"]}</arg>
<arg>${text}</arg>
<doc>Makes a variable available globally in all tests and suites.</doc>
<msg timestamp="20231102 10:22:14.069" level="INFO">${STATE["Email"]} = admin@gmail.com</msg>
<status status="PASS" starttime="20231102 10:22:14.069" endtime="20231102 10:22:14.070"/>
</kw>
<status status="PASS" starttime="20231102 10:22:14.068" endtime="20231102 10:22:14.070"/>
</branch>
<status status="PASS" starttime="20231102 10:22:14.068" endtime="20231102 10:22:14.070"/>
</if>
<kw name="Wait Until Network Is Idle" library="Browser">
<tag>HTTP</tag>
<tag>Wait</tag>
<doc>Waits until there has been at least one instance of 500 ms of no network traffic on the page after loading.</doc>
<status status="PASS" starttime="20231102 10:22:14.070" endtime="20231102 10:22:14.085"/>
</kw>
<status status="PASS" starttime="20231102 10:22:13.126" endtime="20231102 10:22:14.086"/>
</kw>
<kw name="Enter &quot;password&quot; in &quot;Mật khẩu&quot; with &quot;123123&quot;" library="common" sourcename="Enter &quot;${type}&quot; in &quot;${name}&quot; with &quot;${text}&quot;">
<kw name="Get Random Text" library="common">
<var>${text}</var>
<arg>${type}</arg>
<arg>${text}</arg>
<kw name="Set Variable" library="BuiltIn">
<var>${symbol}</var>
<arg>_RANDOM_</arg>
<doc>Returns the given values which can then be assigned to a variables.</doc>
<msg timestamp="20231102 10:22:14.090" level="INFO">${symbol} = _RANDOM_</msg>
<status status="PASS" starttime="20231102 10:22:14.089" endtime="20231102 10:22:14.091"/>
</kw>
<kw name="Set Variable" library="BuiltIn">
<var>${new_text}</var>
<doc>Returns the given values which can then be assigned to a variables.</doc>
<msg timestamp="20231102 10:22:14.092" level="INFO">${new_text} = </msg>
<status status="PASS" starttime="20231102 10:22:14.092" endtime="20231102 10:22:14.093"/>
</kw>
<kw name="Get Regexp Matches" library="String">
<var>${containsS}</var>
<arg>${text}</arg>
<arg>_@(.+)@_</arg>
<arg>1</arg>
<doc>Returns a list of all non-overlapping matches in the given string.</doc>
<msg timestamp="20231102 10:22:14.097" level="INFO">${containsS} = []</msg>
<status status="PASS" starttime="20231102 10:22:14.093" endtime="20231102 10:22:14.097"/>
</kw>
<kw name="Get Length" library="BuiltIn">
<var>${cntS}</var>
<arg>${containsS}</arg>
<doc>Returns and logs the length of the given item as an integer.</doc>
<msg timestamp="20231102 10:22:14.099" level="INFO">Length is 0</msg>
<msg timestamp="20231102 10:22:14.100" level="INFO">${cntS} = 0</msg>
<status status="PASS" starttime="20231102 10:22:14.098" endtime="20231102 10:22:14.100"/>
</kw>
<kw name="Get Regexp Matches" library="String">
<var>${contains}</var>
<arg>${text}</arg>
<arg>${symbol}</arg>
<doc>Returns a list of all non-overlapping matches in the given string.</doc>
<msg timestamp="20231102 10:22:14.102" level="INFO">${contains} = []</msg>
<status status="PASS" starttime="20231102 10:22:14.100" endtime="20231102 10:22:14.102"/>
</kw>
<kw name="Get Length" library="BuiltIn">
<var>${cnt}</var>
<arg>${contains}</arg>
<doc>Returns and logs the length of the given item as an integer.</doc>
<msg timestamp="20231102 10:22:14.103" level="INFO">Length is 0</msg>
<msg timestamp="20231102 10:22:14.104" level="INFO">${cnt} = 0</msg>
<status status="PASS" starttime="20231102 10:22:14.102" endtime="20231102 10:22:14.104"/>
</kw>
<if>
<branch type="IF" condition="${cntS} &gt; 0">
<kw name="Set Variable" library="BuiltIn">
<var>${new_text}</var>
<arg>${STATE["${containsS[0]}"]}</arg>
<doc>Returns the given values which can then be assigned to a variables.</doc>
<status status="NOT RUN" starttime="20231102 10:22:14.106" endtime="20231102 10:22:14.107"/>
</kw>
<kw name="Set Variable" library="BuiltIn">
<var>${symbol}</var>
<arg>_@${containsS[0]}@_</arg>
<doc>Returns the given values which can then be assigned to a variables.</doc>
<status status="NOT RUN" starttime="20231102 10:22:14.107" endtime="20231102 10:22:14.108"/>
</kw>
<status status="NOT RUN" starttime="20231102 10:22:14.105" endtime="20231102 10:22:14.108"/>
</branch>
<branch type="ELSE IF" condition="${cnt} &gt; 0 and '${type}' == 'test name'">
<kw name="Sentence" library="FakerLibrary">
<var>${random}</var>
<arg>nb_words=3</arg>
<doc>Generate a sentence.</doc>
<status status="NOT RUN" starttime="20231102 10:22:14.110" endtime="20231102 10:22:14.110"/>
</kw>
<kw name="Split String" library="String">
<var>${words}</var>
<arg>${TEST NAME}</arg>
<arg>${SPACE}</arg>
<doc>Splits the ``string`` using ``separator`` as a delimiter string.</doc>
<status status="NOT RUN" starttime="20231102 10:22:14.115" endtime="20231102 10:22:14.115"/>
</kw>
<kw name="Set Variable" library="BuiltIn">
<var>${new_text}</var>
<arg>${words[0]} ${random}</arg>
<doc>Returns the given values which can then be assigned to a variables.</doc>
<status status="NOT RUN" starttime="20231102 10:22:14.116" endtime="20231102 10:22:14.117"/>
</kw>
<status status="NOT RUN" starttime="20231102 10:22:14.109" endtime="20231102 10:22:14.117"/>
</branch>
<branch type="ELSE IF" condition="${cnt} &gt; 0 and '${type}' == 'number'">
<kw name="Random Int" library="FakerLibrary">
<var>${new_text}</var>
<doc>Generate a random integer between two integers ``min`` and ``max`` inclusive
while observing the provided ``step`` value.</doc>
<status status="NOT RUN" starttime="20231102 10:22:14.119" endtime="20231102 10:22:14.120"/>
</kw>
<kw name="Convert To String" library="BuiltIn">
<var>${new_text}</var>
<arg>${new_text}</arg>
<doc>Converts the given item to a Unicode string.</doc>
<status status="NOT RUN" starttime="20231102 10:22:14.121" endtime="20231102 10:22:14.121"/>
</kw>
<status status="NOT RUN" starttime="20231102 10:22:14.118" endtime="20231102 10:22:14.121"/>
</branch>
<branch type="ELSE IF" condition="${cnt} &gt; 0 and '${type}' == 'percentage'">
<kw name="Random Int" library="FakerLibrary">
<var>${new_text}</var>
<arg>max=100</arg>
<doc>Generate a random integer between two integers ``min`` and ``max`` inclusive
while observing the provided ``step`` value.</doc>
<status status="NOT RUN" starttime="20231102 10:22:14.122" endtime="20231102 10:22:14.123"/>
</kw>
<kw name="Convert To String" library="BuiltIn">
<var>${new_text}</var>
<arg>${new_text}</arg>
<doc>Converts the given item to a Unicode string.</doc>
<status status="NOT RUN" starttime="20231102 10:22:14.124" endtime="20231102 10:22:14.124"/>
</kw>
<status status="NOT RUN" starttime="20231102 10:22:14.121" endtime="20231102 10:22:14.125"/>
</branch>
<branch type="ELSE IF" condition="${cnt} &gt; 0 and '${type}' == 'paragraph'">
<kw name="Paragraph" library="FakerLibrary">
<var>${new_text}</var>
<doc>Generate a paragraph.</doc>
<status status="NOT RUN" starttime="20231102 10:22:14.126" endtime="20231102 10:22:14.126"/>
</kw>
<status status="NOT RUN" starttime="20231102 10:22:14.125" endtime="20231102 10:22:14.127"/>
</branch>
<branch type="ELSE IF" condition="${cnt} &gt; 0 and '${type}' == 'email'">
<kw name="Email" library="FakerLibrary">
<var>${new_text}</var>
<status status="NOT RUN" starttime="20231102 10:22:14.131" endtime="20231102 10:22:14.131"/>
</kw>
<status status="NOT RUN" starttime="20231102 10:22:14.127" endtime="20231102 10:22:14.132"/>
</branch>
<branch type="ELSE IF" condition="${cnt} &gt; 0 and '${type}' == 'phone'">
<kw name="Random Int" library="FakerLibrary">
<var>${new_text}</var>
<arg>min=2000000000</arg>
<arg>max=9999999999</arg>
<doc>Generate a random integer between two integers ``min`` and ``max`` inclusive
while observing the provided ``step`` value.</doc>
<status status="NOT RUN" starttime="20231102 10:22:14.133" endtime="20231102 10:22:14.134"/>
</kw>
<kw name="Convert To String" library="BuiltIn">
<var>${new_text}</var>
<arg>${new_text}</arg>
<doc>Converts the given item to a Unicode string.</doc>
<status status="NOT RUN" starttime="20231102 10:22:14.134" endtime="20231102 10:22:14.134"/>
</kw>
<kw name="Catenate" library="BuiltIn">
<var>${new_text}</var>
<arg>SEPARATOR=</arg>
<arg>0</arg>
<arg>${new_text}</arg>
<doc>Catenates the given items together and returns the resulted string.</doc>
<status status="NOT RUN" starttime="20231102 10:22:14.135" endtime="20231102 10:22:14.135"/>
</kw>
<status status="NOT RUN" starttime="20231102 10:22:14.132" endtime="20231102 10:22:14.135"/>
</branch>
<branch type="ELSE IF" condition="${cnt} &gt; 0 and '${type}' == 'color'">
<kw name="Safe Hex Color" library="FakerLibrary">
<var>${new_text}</var>
<doc>Generate a web-safe color formatted as a hex triplet.</doc>
<status status="NOT RUN" starttime="20231102 10:22:14.136" endtime="20231102 10:22:14.136"/>
</kw>
<status status="NOT RUN" starttime="20231102 10:22:14.136" endtime="20231102 10:22:14.137"/>
</branch>
<branch type="ELSE IF" condition="${cnt} &gt; 0 and &quot;${type}&quot; == 'password'">
<kw name="Password" library="FakerLibrary">
<var>${new_text}</var>
<arg>10</arg>
<arg>True</arg>
<arg>True</arg>
<arg>True</arg>
<arg>True</arg>
<doc>Generate a random password of the specified ``length``.</doc>
<status status="NOT RUN" starttime="20231102 10:22:14.137" endtime="20231102 10:22:14.138"/>
</kw>
<status status="NOT RUN" starttime="20231102 10:22:14.137" endtime="20231102 10:22:14.138"/>
</branch>
<branch type="ELSE IF" condition="${cnt} &gt; 0 and '${type}' == 'date'">
<kw name="Date" library="FakerLibrary">
<var>${new_text}</var>
<arg>pattern=%d-%m-%Y</arg>
<doc>Get a date string between January 1, 1970 and now.</doc>
<status status="NOT RUN" starttime="20231102 10:22:14.139" endtime="20231102 10:22:14.139"/>
</kw>
<status status="NOT RUN" starttime="20231102 10:22:14.138" endtime="20231102 10:22:14.139"/>
</branch>
<branch type="ELSE IF" condition="${cnt} &gt; 0 and '${type}' == 'word'">
<kw name="Sentence" library="FakerLibrary">
<var>${new_text}</var>
<arg>nb_words=2</arg>
<doc>Generate a sentence.</doc>
<status status="NOT RUN" starttime="20231102 10:22:14.140" endtime="20231102 10:22:14.140"/>
</kw>
<status status="NOT RUN" starttime="20231102 10:22:14.139" endtime="20231102 10:22:14.140"/>
</branch>
<branch type="ELSE IF" condition="${cnt} &gt; 0">
<kw name="Sentence" library="FakerLibrary">
<var>${new_text}</var>
<doc>Generate a sentence.</doc>
<status status="NOT RUN" starttime="20231102 10:22:14.141" endtime="20231102 10:22:14.141"/>
</kw>
<status status="NOT RUN" starttime="20231102 10:22:14.141" endtime="20231102 10:22:14.142"/>
</branch>
<status status="PASS" starttime="20231102 10:22:14.105" endtime="20231102 10:22:14.142"/>
</if>
<kw name="Get Length" library="BuiltIn">
<var>${cnt}</var>
<arg>${text}</arg>
<doc>Returns and logs the length of the given item as an integer.</doc>
<msg timestamp="20231102 10:22:14.143" level="INFO">Length is 6</msg>
<msg timestamp="20231102 10:22:14.143" level="INFO">${cnt} = 6</msg>
<status status="PASS" starttime="20231102 10:22:14.142" endtime="20231102 10:22:14.143"/>
</kw>
<if>
<branch type="IF" condition="${cnt} &gt; 0">
<kw name="Replace String" library="String">
<var>${text}</var>
<arg>${text}</arg>
<arg>${symbol}</arg>
<arg>${new_text}</arg>
<doc>Replaces ``search_for`` in the given ``string`` with ``replace_with``.</doc>
<msg timestamp="20231102 10:22:14.148" level="INFO">${text} = 123123</msg>
<status status="PASS" starttime="20231102 10:22:14.147" endtime="20231102 10:22:14.148"/>
</kw>
<status status="PASS" starttime="20231102 10:22:14.144" endtime="20231102 10:22:14.149"/>
</branch>
<status status="PASS" starttime="20231102 10:22:14.143" endtime="20231102 10:22:14.149"/>
</if>
<msg timestamp="20231102 10:22:14.149" level="INFO">${text} = 123123</msg>
<status status="PASS" starttime="20231102 10:22:14.088" endtime="20231102 10:22:14.149"/>
</kw>
<kw name="Get Element Form Item By Name" library="common">
<var>${element}</var>
<arg>${name}</arg>
<arg>//input[contains(@class, "ant-input")]</arg>
<msg timestamp="20231102 10:22:14.169" level="INFO">${element} = xpath=//*[contains(@class, "ant-form-item-label")]/label[text()="Mật khẩu"]/../../*[contains(@class, "ant-form-item")]//input[contains(@class, "ant-input")]</msg>
<status status="PASS" starttime="20231102 10:22:14.150" endtime="20231102 10:22:14.169"/>
</kw>
<kw name="Click" library="Browser">
<arg>${element}</arg>
<tag>PageContent</tag>
<tag>Setter</tag>
<doc>Simulates mouse click on the element found by ``selector``.</doc>
<status status="PASS" starttime="20231102 10:22:14.170" endtime="20231102 10:22:14.299"/>
</kw>
<kw name="Clear Text" library="Browser">
<arg>${element}</arg>
<tag>PageContent</tag>
<tag>Setter</tag>
<doc>Clears the text field found by ``selector``.</doc>
<status status="PASS" starttime="20231102 10:22:14.300" endtime="20231102 10:22:14.355"/>
</kw>
<kw name="Fill Text" library="Browser">
<arg>${element}</arg>
<arg>${text}</arg>
<arg>True</arg>
<tag>PageContent</tag>
<tag>Setter</tag>
<doc>Clears and fills the given ``txt`` into the text field found by ``selector``.</doc>
<msg timestamp="20231102 10:22:14.357" level="INFO">Fills the text '123123' in the given field.</msg>
<status status="PASS" starttime="20231102 10:22:14.355" endtime="20231102 10:22:14.425"/>
</kw>
<kw name="Get Text" library="Browser">
<var>${condition}</var>
<arg>${element}</arg>
<tag>Assertion</tag>
<tag>Getter</tag>
<tag>PageContent</tag>
<doc>Returns text attribute of the element found by ``selector``.</doc>
<msg timestamp="20231102 10:22:14.489" level="INFO">Text: '123123'</msg>
<msg timestamp="20231102 10:22:14.490" level="INFO">${condition} = 123123</msg>
<status status="PASS" starttime="20231102 10:22:14.426" endtime="20231102 10:22:14.490"/>
</kw>
<while condition="'${condition}' != '${text}'" limit="10">
<iter>
<kw name="Fill Text" library="Browser">
<arg>${element}</arg>
<arg>${text}</arg>
<tag>PageContent</tag>
<tag>Setter</tag>
<doc>Clears and fills the given ``txt`` into the text field found by ``selector``.</doc>
<status status="NOT RUN" starttime="20231102 10:22:14.492" endtime="20231102 10:22:14.493"/>
</kw>
<kw name="Get Text" library="Browser">
<var>${condition}</var>
<arg>${element}</arg>
<tag>Assertion</tag>
<tag>Getter</tag>
<tag>PageContent</tag>
<doc>Returns text attribute of the element found by ``selector``.</doc>
<status status="NOT RUN" starttime="20231102 10:22:14.493" endtime="20231102 10:22:14.496"/>
</kw>
<status status="NOT RUN" starttime="20231102 10:22:14.491" endtime="20231102 10:22:14.497"/>
</iter>
<status status="NOT RUN" starttime="20231102 10:22:14.491" endtime="20231102 10:22:14.498"/>
</while>
<kw name="Get Length" library="BuiltIn">
<var>${cnt}</var>
<arg>${text}</arg>
<doc>Returns and logs the length of the given item as an integer.</doc>
<msg timestamp="20231102 10:22:14.499" level="INFO">Length is 6</msg>
<msg timestamp="20231102 10:22:14.500" level="INFO">${cnt} = 6</msg>
<status status="PASS" starttime="20231102 10:22:14.499" endtime="20231102 10:22:14.500"/>
</kw>
<if>
<branch type="IF" condition="${cnt} &gt; 0">
<kw name="Set Global Variable" library="BuiltIn">
<arg>\${STATE["${name}"]}</arg>
<arg>${text}</arg>
<doc>Makes a variable available globally in all tests and suites.</doc>
<msg timestamp="20231102 10:22:14.504" level="INFO">${STATE["Mật khẩu"]} = 123123</msg>
<status status="PASS" starttime="20231102 10:22:14.502" endtime="20231102 10:22:14.504"/>
</kw>
<status status="PASS" starttime="20231102 10:22:14.501" endtime="20231102 10:22:14.504"/>
</branch>
<status status="PASS" starttime="20231102 10:22:14.501" endtime="20231102 10:22:14.505"/>
</if>
<kw name="Wait Until Network Is Idle" library="Browser">
<tag>HTTP</tag>
<tag>Wait</tag>
<doc>Waits until there has been at least one instance of 500 ms of no network traffic on the page after loading.</doc>
<status status="PASS" starttime="20231102 10:22:14.505" endtime="20231102 10:22:14.516"/>
</kw>
<status status="PASS" starttime="20231102 10:22:14.087" endtime="20231102 10:22:14.517"/>
</kw>
<kw name="Click &quot;Đăng nhập&quot; button" library="common" sourcename="Click &quot;${text}&quot; button">
<kw name="Sleep" library="BuiltIn">
<arg>${SHOULD_TIMEOUT}</arg>
<doc>Pauses the test executed for the given time.</doc>
<msg timestamp="20231102 10:22:14.621" level="INFO">Slept 100 milliseconds</msg>
<status status="PASS" starttime="20231102 10:22:14.519" endtime="20231102 10:22:14.621"/>
</kw>
<kw name="Get Element Count" library="Browser">
<var>${cnt}</var>
<arg>//button[@title = "${text}"]</arg>
<tag>Assertion</tag>
<tag>Getter</tag>
<tag>PageContent</tag>
<doc>Returns the count of elements found with ``selector``.</doc>
<msg timestamp="20231102 10:22:14.635" level="INFO">${cnt} = 1</msg>
<status status="PASS" starttime="20231102 10:22:14.622" endtime="20231102 10:22:14.635"/>
</kw>
<if>
<branch type="IF" condition="${cnt} &gt; 0">
<kw name="Click" library="Browser">
<arg>xpath=//button[@title = "${text}"]</arg>
<tag>PageContent</tag>
<tag>Setter</tag>
<doc>Simulates mouse click on the element found by ``selector``.</doc>
<status status="PASS" starttime="20231102 10:22:14.637" endtime="20231102 10:22:14.738"/>
</kw>
<kw name="Click Confirm To Action" library="common">
<kw name="Set Variable" library="BuiltIn">
<var>${element}</var>
<arg>xpath=//*[contains(@class, "ant-popover")]//*[contains(@class, "ant-btn-primary")]</arg>
<doc>Returns the given values which can then be assigned to a variables.</doc>
<msg timestamp="20231102 10:22:14.739" level="INFO">${element} = xpath=//*[contains(@class, "ant-popover")]//*[contains(@class, "ant-btn-primary")]</msg>
<status status="PASS" starttime="20231102 10:22:14.739" endtime="20231102 10:22:14.740"/>
</kw>
<kw name="Get Element Count" library="Browser">
<var>${count}</var>
<arg>${element}</arg>
<tag>Assertion</tag>
<tag>Getter</tag>
<tag>PageContent</tag>
<doc>Returns the count of elements found with ``selector``.</doc>
<msg timestamp="20231102 10:22:14.759" level="INFO">${count} = 0</msg>
<status status="PASS" starttime="20231102 10:22:14.740" endtime="20231102 10:22:14.759"/>
</kw>
<if>
<branch type="IF" condition="${count} &gt; 0">
<kw name="Click" library="Browser">
<arg>${element}</arg>
<tag>PageContent</tag>
<tag>Setter</tag>
<doc>Simulates mouse click on the element found by ``selector``.</doc>
<status status="NOT RUN" starttime="20231102 10:22:14.763" endtime="20231102 10:22:14.764"/>
</kw>
<kw name="Sleep" library="BuiltIn">
<arg>${SHOULD_TIMEOUT}</arg>
<doc>Pauses the test executed for the given time.</doc>
<status status="NOT RUN" starttime="20231102 10:22:14.764" endtime="20231102 10:22:14.765"/>
</kw>
<kw name="Wait Until Element Spin" library="common">
<status status="NOT RUN" starttime="20231102 10:22:14.766" endtime="20231102 10:22:14.766"/>
</kw>
<status status="NOT RUN" starttime="20231102 10:22:14.762" endtime="20231102 10:22:14.767"/>
</branch>
<status status="PASS" starttime="20231102 10:22:14.762" endtime="20231102 10:22:14.767"/>
</if>
<status status="PASS" starttime="20231102 10:22:14.738" endtime="20231102 10:22:14.768"/>
</kw>
<kw name="Scroll By" library="Browser">
<arg>${None}</arg>
<tag>PageContent</tag>
<tag>Setter</tag>
<doc>Scrolls an element or the page relative from current position by the given values.</doc>
<msg timestamp="20231102 10:22:14.808" level="INFO">JavaScript executed successfully.</msg>
<msg timestamp="20231102 10:22:14.808" level="INFO">JavaScript executed successfully.</msg>
<msg timestamp="20231102 10:22:14.834" level="INFO">JavaScript executed successfully.</msg>
<msg timestamp="20231102 10:22:14.835" level="INFO">JavaScript executed successfully.</msg>
<msg timestamp="20231102 10:22:14.846" level="INFO">JavaScript executed successfully.</msg>
<status status="PASS" starttime="20231102 10:22:14.769" endtime="20231102 10:22:14.847"/>
</kw>
<status status="PASS" starttime="20231102 10:22:14.636" endtime="20231102 10:22:14.847"/>
</branch>
<branch type="ELSE">
<kw name="Click" library="Browser">
<arg>//span[contains(text(),"${text}")]</arg>
<tag>PageContent</tag>
<tag>Setter</tag>
<doc>Simulates mouse click on the element found by ``selector``.</doc>
<status status="NOT RUN" starttime="20231102 10:22:14.849" endtime="20231102 10:22:14.850"/>
</kw>
<kw name="Click Confirm To Action" library="common">
<status status="NOT RUN" starttime="20231102 10:22:14.850" endtime="20231102 10:22:14.851"/>
</kw>
<kw name="Scroll By" library="Browser">
<arg>${None}</arg>
<tag>PageContent</tag>
<tag>Setter</tag>
<doc>Scrolls an element or the page relative from current position by the given values.</doc>
<status status="NOT RUN" starttime="20231102 10:22:14.852" endtime="20231102 10:22:14.852"/>
</kw>
<status status="NOT RUN" starttime="20231102 10:22:14.848" endtime="20231102 10:22:14.854"/>
</branch>
<status status="PASS" starttime="20231102 10:22:14.636" endtime="20231102 10:22:14.855"/>
</if>
<kw name="Wait Until Network Is Idle" library="Browser">
<tag>HTTP</tag>
<tag>Wait</tag>
<doc>Waits until there has been at least one instance of 500 ms of no network traffic on the page after loading.</doc>
<status status="PASS" starttime="20231102 10:22:14.855" endtime="20231102 10:22:14.870"/>
</kw>
<status status="PASS" starttime="20231102 10:22:14.518" endtime="20231102 10:22:14.870"/>
</kw>
<kw name="User look message &quot;Success&quot; popup" library="common" sourcename="User look message &quot;${message}&quot; popup">
<kw name="Get Regexp Matches" library="String">
<var>${contains}</var>
<arg>${message}</arg>
<arg>_@(.+)@_</arg>
<arg>1</arg>
<doc>Returns a list of all non-overlapping matches in the given string.</doc>
<msg timestamp="20231102 10:22:14.873" level="INFO">${contains} = []</msg>
<status status="PASS" starttime="20231102 10:22:14.872" endtime="20231102 10:22:14.873"/>
</kw>
<kw name="Get Length" library="BuiltIn">
<var>${cnt}</var>
<arg>${contains}</arg>
<doc>Returns and logs the length of the given item as an integer.</doc>
<msg timestamp="20231102 10:22:14.875" level="INFO">Length is 0</msg>
<msg timestamp="20231102 10:22:14.875" level="INFO">${cnt} = 0</msg>
<status status="PASS" starttime="20231102 10:22:14.874" endtime="20231102 10:22:14.876"/>
</kw>
<if>
<branch type="IF" condition="${cnt} &gt; 0">
<kw name="Replace String" library="String">
<var>${message}</var>
<arg>${message}</arg>
<arg>_@${contains[0]}@_</arg>
<arg>${STATE["${contains[0]}"]}</arg>
<doc>Replaces ``search_for`` in the given ``string`` with ``replace_with``.</doc>
<status status="NOT RUN" starttime="20231102 10:22:14.879" endtime="20231102 10:22:14.880"/>
</kw>
<status status="NOT RUN" starttime="20231102 10:22:14.876" endtime="20231102 10:22:14.880"/>
</branch>
<status status="PASS" starttime="20231102 10:22:14.876" endtime="20231102 10:22:14.881"/>
</if>
<kw name="Wait Until Keyword Succeeds" library="BuiltIn">
<arg>${SHOULD_TIMEOUT}</arg>
<arg>${TIME_TRY}</arg>
<arg>Element Text Should Be</arg>
<arg>id=swal2-html-container</arg>
<arg>${message}</arg>
<doc>Runs the specified keyword and retries if it fails.</doc>
<kw name="Element Text Should Be" library="common">
<arg>id=swal2-html-container</arg>
<arg>${message}</arg>
<kw name="Get Text" library="Browser">
<arg>${locator}</arg>
<arg>equal</arg>
<arg>${expected}</arg>
<arg>${message}</arg>
<tag>Assertion</tag>
<tag>Getter</tag>
<tag>PageContent</tag>
<doc>Returns text attribute of the element found by ``selector``.</doc>
<msg timestamp="20231102 10:22:15.300" level="INFO">Text: 'Success'</msg>
<status status="PASS" starttime="20231102 10:22:14.889" endtime="20231102 10:22:15.300"/>
</kw>
<status status="PASS" starttime="20231102 10:22:14.883" endtime="20231102 10:22:15.301"/>
</kw>
<status status="PASS" starttime="20231102 10:22:14.882" endtime="20231102 10:22:15.301"/>
</kw>
<kw name="Set Variable" library="BuiltIn">
<var>${element}</var>
<arg>xpath=//*[contains(@class, "swal2-confirm")]</arg>
<doc>Returns the given values which can then be assigned to a variables.</doc>
<msg timestamp="20231102 10:22:15.302" level="INFO">${element} = xpath=//*[contains(@class, "swal2-confirm")]</msg>
<status status="PASS" starttime="20231102 10:22:15.301" endtime="20231102 10:22:15.302"/>
</kw>
<kw name="Run Keyword And Return Status" library="BuiltIn">
<var>${passed}</var>
<arg>Element Should Be Visible</arg>
<arg>${element}</arg>
<doc>Runs the given keyword with given arguments and returns the status as a Boolean value.</doc>
<kw name="Element Should Be Visible" library="common">
<arg>${element}</arg>
<kw name="Wait For Elements State" library="Browser">
<arg>${locator}</arg>
<arg>visible</arg>
<arg>${timeout}</arg>
<arg>${message}</arg>
<tag>PageContent</tag>
<tag>Wait</tag>
<doc>Waits for the element found by ``selector`` to satisfy state option.</doc>
<msg timestamp="20231102 10:22:15.625" level="INFO" html="true">&lt;/td&gt;&lt;/tr&gt;&lt;tr&gt;&lt;td colspan="3"&gt;&lt;a href="browser/screenshot/fail-screenshot-1.png" target="_blank"&gt;&lt;img src="browser/screenshot/fail-screenshot-1.png" width="800px"/&gt;&lt;/a&gt;</msg>
<msg timestamp="20231102 10:22:15.626" level="INFO">See also file:///D:/TESTER/Automation/playwright-log.txt for additional details.</msg>
<msg timestamp="20231102 10:22:15.626" level="FAIL">TimeoutError: locator.waitFor: Timeout 100ms exceeded.
=========================== logs ===========================
waiting for locator('xpath=//*[contains(@class, "swal2-confirm")]') to be visible
  locator resolved to hidden &lt;button type="button" aria-label="" class="swal2-confirm…&gt;OK&lt;/button&gt;
  locator resolved to hidden &lt;button type="button" aria-label="" class="swal2-confirm…&gt;OK&lt;/button&gt;
  locator resolved to hidden &lt;button type="button" aria-label="" class="swal2-confirm…&gt;OK&lt;/button&gt;
============================================================
Tip: Use "Set Browser Timeout" for increasing the timeout or double check your locator as the targeted element(s) couldn't be found.</msg>
<status status="FAIL" starttime="20231102 10:22:15.304" endtime="20231102 10:22:15.643"/>
</kw>
<status status="FAIL" starttime="20231102 10:22:15.303" endtime="20231102 10:22:15.644"/>
</kw>
<msg timestamp="20231102 10:22:15.645" level="INFO">${passed} = False</msg>
<status status="PASS" starttime="20231102 10:22:15.303" endtime="20231102 10:22:15.646"/>
</kw>
<if>
<branch type="IF" condition="'${passed}' == 'True'">
<kw name="Click" library="Browser">
<arg>${element}</arg>
<tag>PageContent</tag>
<tag>Setter</tag>
<doc>Simulates mouse click on the element found by ``selector``.</doc>
<status status="NOT RUN" starttime="20231102 10:22:15.647" endtime="20231102 10:22:15.648"/>
</kw>
<status status="NOT RUN" starttime="20231102 10:22:15.646" endtime="20231102 10:22:15.648"/>
</branch>
<status status="PASS" starttime="20231102 10:22:15.646" endtime="20231102 10:22:15.649"/>
</if>
<status status="PASS" starttime="20231102 10:22:14.871" endtime="20231102 10:22:15.649"/>
</kw>
<status status="PASS" starttime="20231102 10:22:13.124" endtime="20231102 10:22:15.649"/>
</kw>
<kw name="Click &quot;QUẢN LÝ DANH MỤC&quot; menu" library="common" sourcename="Click &quot;${text}&quot; menu">
<kw name="Click" library="Browser">
<arg>xpath=//li[contains(@class, "menu") and descendant::span[contains(text(), "${text}")]]</arg>
<tag>PageContent</tag>
<tag>Setter</tag>
<doc>Simulates mouse click on the element found by ``selector``.</doc>
<status status="PASS" starttime="20231102 10:22:15.651" endtime="20231102 10:22:16.686"/>
</kw>
<status status="PASS" starttime="20231102 10:22:15.650" endtime="20231102 10:22:16.686"/>
</kw>
<kw name="Click &quot;Quản lý dữ liệu&quot; sub menu to &quot;/data&quot;" library="common" sourcename="Click &quot;${text}&quot; sub menu to &quot;${url}&quot;">
<kw name="Wait Until Element Spin" library="common">
<kw name="Sleep" library="BuiltIn">
<arg>${SHOULD_TIMEOUT}</arg>
<doc>Pauses the test executed for the given time.</doc>
<msg timestamp="20231102 10:22:16.788" level="INFO">Slept 100 milliseconds</msg>
<status status="PASS" starttime="20231102 10:22:16.687" endtime="20231102 10:22:16.788"/>
</kw>
<kw name="Set Variable" library="BuiltIn">
<var>${element}</var>
<arg>xpath=//*[contains(@class, "ant-spin-spinning")]</arg>
<doc>Returns the given values which can then be assigned to a variables.</doc>
<msg timestamp="20231102 10:22:16.789" level="INFO">${element} = xpath=//*[contains(@class, "ant-spin-spinning")]</msg>
<status status="PASS" starttime="20231102 10:22:16.788" endtime="20231102 10:22:16.789"/>
</kw>
<kw name="Get Element Count" library="Browser">
<var>${count}</var>
<arg>${element}</arg>
<tag>Assertion</tag>
<tag>Getter</tag>
<tag>PageContent</tag>
<doc>Returns the count of elements found with ``selector``.</doc>
<msg timestamp="20231102 10:22:16.799" level="INFO">${count} = 0</msg>
<status status="PASS" starttime="20231102 10:22:16.789" endtime="20231102 10:22:16.799"/>
</kw>
<if>
<branch type="IF" condition="${count} &gt; 0">
<kw name="Wait Until Page Does Not Contain Element" library="common">
<arg>${element}</arg>
<status status="NOT RUN" starttime="20231102 10:22:16.801" endtime="20231102 10:22:16.801"/>
</kw>
<status status="NOT RUN" starttime="20231102 10:22:16.800" endtime="20231102 10:22:16.802"/>
</branch>
<status status="PASS" starttime="20231102 10:22:16.800" endtime="20231102 10:22:16.802"/>
</if>
<status status="PASS" starttime="20231102 10:22:16.687" endtime="20231102 10:22:16.803"/>
</kw>
<kw name="Click" library="Browser">
<arg>xpath=//a[contains(@class, "sub-menu") and descendant::span[contains(text(), "${text}")]]</arg>
<tag>PageContent</tag>
<tag>Setter</tag>
<doc>Simulates mouse click on the element found by ``selector``.</doc>
<status status="PASS" starttime="20231102 10:22:16.803" endtime="20231102 10:22:17.187"/>
</kw>
<kw name="Get Url" library="Browser">
<var>${curent_url}</var>
<tag>Assertion</tag>
<tag>Getter</tag>
<tag>PageContent</tag>
<doc>Returns the current URL.</doc>
<msg timestamp="20231102 10:22:17.192" level="INFO">${curent_url} = http://dev1.geneat.vn:7802/vn/data</msg>
<status status="PASS" starttime="20231102 10:22:17.187" endtime="20231102 10:22:17.193"/>
</kw>
<kw name="Should Contain" library="BuiltIn">
<arg>${curent_url}</arg>
<arg>${URL_DEFAULT}${url}</arg>
<doc>Fails if ``container`` does not contain ``item`` one or more times.</doc>
<status status="PASS" starttime="20231102 10:22:17.195" endtime="20231102 10:22:17.196"/>
</kw>
<status status="PASS" starttime="20231102 10:22:16.686" endtime="20231102 10:22:17.197"/>
</kw>
<status status="PASS" starttime="20231102 10:22:13.122" endtime="20231102 10:22:17.198"/>
</kw>
<kw name="When Click &quot;QUẢN LÝ DANH MỤC&quot; menu" library="common" sourcename="Click &quot;${text}&quot; menu">
<kw name="Click" library="Browser">
<arg>xpath=//li[contains(@class, "menu") and descendant::span[contains(text(), "${text}")]]</arg>
<tag>PageContent</tag>
<tag>Setter</tag>
<doc>Simulates mouse click on the element found by ``selector``.</doc>
<status status="PASS" starttime="20231102 10:22:17.218" endtime="20231102 10:22:18.114"/>
</kw>
<status status="PASS" starttime="20231102 10:22:17.216" endtime="20231102 10:22:18.115"/>
</kw>
<kw name="When Click &quot;Quản lý dữ liệu&quot; sub menu to &quot;/data&quot;" library="common" sourcename="Click &quot;${text}&quot; sub menu to &quot;${url}&quot;">
<kw name="Wait Until Element Spin" library="common">
<kw name="Sleep" library="BuiltIn">
<arg>${SHOULD_TIMEOUT}</arg>
<doc>Pauses the test executed for the given time.</doc>
<msg timestamp="20231102 10:22:18.222" level="INFO">Slept 100 milliseconds</msg>
<status status="PASS" starttime="20231102 10:22:18.120" endtime="20231102 10:22:18.222"/>
</kw>
<kw name="Set Variable" library="BuiltIn">
<var>${element}</var>
<arg>xpath=//*[contains(@class, "ant-spin-spinning")]</arg>
<doc>Returns the given values which can then be assigned to a variables.</doc>
<msg timestamp="20231102 10:22:18.223" level="INFO">${element} = xpath=//*[contains(@class, "ant-spin-spinning")]</msg>
<status status="PASS" starttime="20231102 10:22:18.223" endtime="20231102 10:22:18.223"/>
</kw>
<kw name="Get Element Count" library="Browser">
<var>${count}</var>
<arg>${element}</arg>
<tag>Assertion</tag>
<tag>Getter</tag>
<tag>PageContent</tag>
<doc>Returns the count of elements found with ``selector``.</doc>
<msg timestamp="20231102 10:22:18.240" level="INFO">${count} = 0</msg>
<status status="PASS" starttime="20231102 10:22:18.224" endtime="20231102 10:22:18.240"/>
</kw>
<if>
<branch type="IF" condition="${count} &gt; 0">
<kw name="Wait Until Page Does Not Contain Element" library="common">
<arg>${element}</arg>
<status status="NOT RUN" starttime="20231102 10:22:18.242" endtime="20231102 10:22:18.244"/>
</kw>
<status status="NOT RUN" starttime="20231102 10:22:18.241" endtime="20231102 10:22:18.245"/>
</branch>
<status status="PASS" starttime="20231102 10:22:18.241" endtime="20231102 10:22:18.245"/>
</if>
<status status="PASS" starttime="20231102 10:22:18.119" endtime="20231102 10:22:18.246"/>
</kw>
<kw name="Click" library="Browser">
<arg>xpath=//a[contains(@class, "sub-menu") and descendant::span[contains(text(), "${text}")]]</arg>
<tag>PageContent</tag>
<tag>Setter</tag>
<doc>Simulates mouse click on the element found by ``selector``.</doc>
<status status="PASS" starttime="20231102 10:22:18.246" endtime="20231102 10:22:18.855"/>
</kw>
<kw name="Get Url" library="Browser">
<var>${curent_url}</var>
<tag>Assertion</tag>
<tag>Getter</tag>
<tag>PageContent</tag>
<doc>Returns the current URL.</doc>
<msg timestamp="20231102 10:22:18.863" level="INFO">${curent_url} = http://dev1.geneat.vn:7802/vn/data</msg>
<status status="PASS" starttime="20231102 10:22:18.856" endtime="20231102 10:22:18.864"/>
</kw>
<kw name="Should Contain" library="BuiltIn">
<arg>${curent_url}</arg>
<arg>${URL_DEFAULT}${url}</arg>
<doc>Fails if ``container`` does not contain ``item`` one or more times.</doc>
<status status="PASS" starttime="20231102 10:22:18.865" endtime="20231102 10:22:18.866"/>
</kw>
<status status="PASS" starttime="20231102 10:22:18.117" endtime="20231102 10:22:18.867"/>
</kw>
<kw name="When Click &quot;Tạo mới&quot; button" library="common" sourcename="Click &quot;${text}&quot; button">
<kw name="Sleep" library="BuiltIn">
<arg>${SHOULD_TIMEOUT}</arg>
<doc>Pauses the test executed for the given time.</doc>
<msg timestamp="20231102 10:22:18.999" level="INFO">Slept 100 milliseconds</msg>
<status status="PASS" starttime="20231102 10:22:18.893" endtime="20231102 10:22:18.999"/>
</kw>
<kw name="Get Element Count" library="Browser">
<var>${cnt}</var>
<arg>//button[@title = "${text}"]</arg>
<tag>Assertion</tag>
<tag>Getter</tag>
<tag>PageContent</tag>
<doc>Returns the count of elements found with ``selector``.</doc>
<msg timestamp="20231102 10:22:19.315" level="INFO">${cnt} = 1</msg>
<status status="PASS" starttime="20231102 10:22:19.000" endtime="20231102 10:22:19.315"/>
</kw>
<if>
<branch type="IF" condition="${cnt} &gt; 0">
<kw name="Click" library="Browser">
<arg>xpath=//button[@title = "${text}"]</arg>
<tag>PageContent</tag>
<tag>Setter</tag>
<doc>Simulates mouse click on the element found by ``selector``.</doc>
<status status="PASS" starttime="20231102 10:22:19.317" endtime="20231102 10:22:19.536"/>
</kw>
<kw name="Click Confirm To Action" library="common">
<kw name="Set Variable" library="BuiltIn">
<var>${element}</var>
<arg>xpath=//*[contains(@class, "ant-popover")]//*[contains(@class, "ant-btn-primary")]</arg>
<doc>Returns the given values which can then be assigned to a variables.</doc>
<msg timestamp="20231102 10:22:19.539" level="INFO">${element} = xpath=//*[contains(@class, "ant-popover")]//*[contains(@class, "ant-btn-primary")]</msg>
<status status="PASS" starttime="20231102 10:22:19.538" endtime="20231102 10:22:19.539"/>
</kw>
<kw name="Get Element Count" library="Browser">
<var>${count}</var>
<arg>${element}</arg>
<tag>Assertion</tag>
<tag>Getter</tag>
<tag>PageContent</tag>
<doc>Returns the count of elements found with ``selector``.</doc>
<msg timestamp="20231102 10:22:19.553" level="INFO">${count} = 0</msg>
<status status="PASS" starttime="20231102 10:22:19.540" endtime="20231102 10:22:19.553"/>
</kw>
<if>
<branch type="IF" condition="${count} &gt; 0">
<kw name="Click" library="Browser">
<arg>${element}</arg>
<tag>PageContent</tag>
<tag>Setter</tag>
<doc>Simulates mouse click on the element found by ``selector``.</doc>
<status status="NOT RUN" starttime="20231102 10:22:19.555" endtime="20231102 10:22:19.555"/>
</kw>
<kw name="Sleep" library="BuiltIn">
<arg>${SHOULD_TIMEOUT}</arg>
<doc>Pauses the test executed for the given time.</doc>
<status status="NOT RUN" starttime="20231102 10:22:19.556" endtime="20231102 10:22:19.556"/>
</kw>
<kw name="Wait Until Element Spin" library="common">
<status status="NOT RUN" starttime="20231102 10:22:19.557" endtime="20231102 10:22:19.557"/>
</kw>
<status status="NOT RUN" starttime="20231102 10:22:19.554" endtime="20231102 10:22:19.558"/>
</branch>
<status status="PASS" starttime="20231102 10:22:19.554" endtime="20231102 10:22:19.558"/>
</if>
<status status="PASS" starttime="20231102 10:22:19.537" endtime="20231102 10:22:19.559"/>
</kw>
<kw name="Scroll By" library="Browser">
<arg>${None}</arg>
<tag>PageContent</tag>
<tag>Setter</tag>
<doc>Scrolls an element or the page relative from current position by the given values.</doc>
<msg timestamp="20231102 10:22:19.583" level="INFO">JavaScript executed successfully.</msg>
<msg timestamp="20231102 10:22:19.584" level="INFO">JavaScript executed successfully.</msg>
<msg timestamp="20231102 10:22:19.601" level="INFO">JavaScript executed successfully.</msg>
<msg timestamp="20231102 10:22:19.601" level="INFO">JavaScript executed successfully.</msg>
<msg timestamp="20231102 10:22:19.610" level="INFO">JavaScript executed successfully.</msg>
<status status="PASS" starttime="20231102 10:22:19.560" endtime="20231102 10:22:19.612"/>
</kw>
<status status="PASS" starttime="20231102 10:22:19.316" endtime="20231102 10:22:19.613"/>
</branch>
<branch type="ELSE">
<kw name="Click" library="Browser">
<arg>//span[contains(text(),"${text}")]</arg>
<tag>PageContent</tag>
<tag>Setter</tag>
<doc>Simulates mouse click on the element found by ``selector``.</doc>
<status status="NOT RUN" starttime="20231102 10:22:19.614" endtime="20231102 10:22:19.615"/>
</kw>
<kw name="Click Confirm To Action" library="common">
<status status="NOT RUN" starttime="20231102 10:22:19.615" endtime="20231102 10:22:19.616"/>
</kw>
<kw name="Scroll By" library="Browser">
<arg>${None}</arg>
<tag>PageContent</tag>
<tag>Setter</tag>
<doc>Scrolls an element or the page relative from current position by the given values.</doc>
<status status="NOT RUN" starttime="20231102 10:22:19.617" endtime="20231102 10:22:19.618"/>
</kw>
<status status="NOT RUN" starttime="20231102 10:22:19.613" endtime="20231102 10:22:19.618"/>
</branch>
<status status="PASS" starttime="20231102 10:22:19.316" endtime="20231102 10:22:19.618"/>
</if>
<kw name="Wait Until Network Is Idle" library="Browser">
<tag>HTTP</tag>
<tag>Wait</tag>
<doc>Waits until there has been at least one instance of 500 ms of no network traffic on the page after loading.</doc>
<status status="PASS" starttime="20231102 10:22:19.619" endtime="20231102 10:22:19.766"/>
</kw>
<status status="PASS" starttime="20231102 10:22:18.891" endtime="20231102 10:22:19.767"/>
</kw>
<kw name="When Enter &quot;test name&quot; in &quot;Tên loại&quot; with &quot;_RANDOM_&quot;" library="common" sourcename="Enter &quot;${type}&quot; in &quot;${name}&quot; with &quot;${text}&quot;">
<kw name="Get Random Text" library="common">
<var>${text}</var>
<arg>${type}</arg>
<arg>${text}</arg>
<kw name="Set Variable" library="BuiltIn">
<var>${symbol}</var>
<arg>_RANDOM_</arg>
<doc>Returns the given values which can then be assigned to a variables.</doc>
<msg timestamp="20231102 10:22:19.773" level="INFO">${symbol} = _RANDOM_</msg>
<status status="PASS" starttime="20231102 10:22:19.772" endtime="20231102 10:22:19.774"/>
</kw>
<kw name="Set Variable" library="BuiltIn">
<var>${new_text}</var>
<doc>Returns the given values which can then be assigned to a variables.</doc>
<msg timestamp="20231102 10:22:19.775" level="INFO">${new_text} = </msg>
<status status="PASS" starttime="20231102 10:22:19.774" endtime="20231102 10:22:19.775"/>
</kw>
<kw name="Get Regexp Matches" library="String">
<var>${containsS}</var>
<arg>${text}</arg>
<arg>_@(.+)@_</arg>
<arg>1</arg>
<doc>Returns a list of all non-overlapping matches in the given string.</doc>
<msg timestamp="20231102 10:22:19.780" level="INFO">${containsS} = []</msg>
<status status="PASS" starttime="20231102 10:22:19.776" endtime="20231102 10:22:19.780"/>
</kw>
<kw name="Get Length" library="BuiltIn">
<var>${cntS}</var>
<arg>${containsS}</arg>
<doc>Returns and logs the length of the given item as an integer.</doc>
<msg timestamp="20231102 10:22:19.783" level="INFO">Length is 0</msg>
<msg timestamp="20231102 10:22:19.784" level="INFO">${cntS} = 0</msg>
<status status="PASS" starttime="20231102 10:22:19.782" endtime="20231102 10:22:19.784"/>
</kw>
<kw name="Get Regexp Matches" library="String">
<var>${contains}</var>
<arg>${text}</arg>
<arg>${symbol}</arg>
<doc>Returns a list of all non-overlapping matches in the given string.</doc>
<msg timestamp="20231102 10:22:19.785" level="INFO">${contains} = ['_RANDOM_']</msg>
<status status="PASS" starttime="20231102 10:22:19.784" endtime="20231102 10:22:19.786"/>
</kw>
<kw name="Get Length" library="BuiltIn">
<var>${cnt}</var>
<arg>${contains}</arg>
<doc>Returns and logs the length of the given item as an integer.</doc>
<msg timestamp="20231102 10:22:19.787" level="INFO">Length is 1</msg>
<msg timestamp="20231102 10:22:19.788" level="INFO">${cnt} = 1</msg>
<status status="PASS" starttime="20231102 10:22:19.786" endtime="20231102 10:22:19.788"/>
</kw>
<if>
<branch type="IF" condition="${cntS} &gt; 0">
<kw name="Set Variable" library="BuiltIn">
<var>${new_text}</var>
<arg>${STATE["${containsS[0]}"]}</arg>
<doc>Returns the given values which can then be assigned to a variables.</doc>
<status status="NOT RUN" starttime="20231102 10:22:19.789" endtime="20231102 10:22:19.790"/>
</kw>
<kw name="Set Variable" library="BuiltIn">
<var>${symbol}</var>
<arg>_@${containsS[0]}@_</arg>
<doc>Returns the given values which can then be assigned to a variables.</doc>
<status status="NOT RUN" starttime="20231102 10:22:19.790" endtime="20231102 10:22:19.791"/>
</kw>
<status status="NOT RUN" starttime="20231102 10:22:19.789" endtime="20231102 10:22:19.791"/>
</branch>
<branch type="ELSE IF" condition="${cnt} &gt; 0 and '${type}' == 'test name'">
<kw name="Sentence" library="FakerLibrary">
<var>${random}</var>
<arg>nb_words=3</arg>
<doc>Generate a sentence.</doc>
<msg timestamp="20231102 10:22:19.795" level="INFO">${random} = Ad quasi.</msg>
<status status="PASS" starttime="20231102 10:22:19.792" endtime="20231102 10:22:19.796"/>
</kw>
<kw name="Split String" library="String">
<var>${words}</var>
<arg>${TEST NAME}</arg>
<arg>${SPACE}</arg>
<doc>Splits the ``string`` using ``separator`` as a delimiter string.</doc>
<msg timestamp="20231102 10:22:19.799" level="INFO">${words} = ['CA_DA_02', 'Verify', 'that', 'navigating', 'to', 'the', 'right', '"Categories', 'Data"', 'page']</msg>
<status status="PASS" starttime="20231102 10:22:19.797" endtime="20231102 10:22:19.799"/>
</kw>
<kw name="Set Variable" library="BuiltIn">
<var>${new_text}</var>
<arg>${words[0]} ${random}</arg>
<doc>Returns the given values which can then be assigned to a variables.</doc>
<msg timestamp="20231102 10:22:19.802" level="INFO">${new_text} = CA_DA_02 Ad quasi.</msg>
<status status="PASS" starttime="20231102 10:22:19.800" endtime="20231102 10:22:19.803"/>
</kw>
<status status="PASS" starttime="20231102 10:22:19.792" endtime="20231102 10:22:19.803"/>
</branch>
<branch type="ELSE IF" condition="${cnt} &gt; 0 and '${type}' == 'number'">
<kw name="Random Int" library="FakerLibrary">
<var>${new_text}</var>
<doc>Generate a random integer between two integers ``min`` and ``max`` inclusive
while observing the provided ``step`` value.</doc>
<status status="NOT RUN" starttime="20231102 10:22:19.805" endtime="20231102 10:22:19.805"/>
</kw>
<kw name="Convert To String" library="BuiltIn">
<var>${new_text}</var>
<arg>${new_text}</arg>
<doc>Converts the given item to a Unicode string.</doc>
<status status="NOT RUN" starttime="20231102 10:22:19.806" endtime="20231102 10:22:19.807"/>
</kw>
<status status="NOT RUN" starttime="20231102 10:22:19.804" endtime="20231102 10:22:19.807"/>
</branch>
<branch type="ELSE IF" condition="${cnt} &gt; 0 and '${type}' == 'percentage'">
<kw name="Random Int" library="FakerLibrary">
<var>${new_text}</var>
<arg>max=100</arg>
<doc>Generate a random integer between two integers ``min`` and ``max`` inclusive
while observing the provided ``step`` value.</doc>
<status status="NOT RUN" starttime="20231102 10:22:19.808" endtime="20231102 10:22:19.809"/>
</kw>
<kw name="Convert To String" library="BuiltIn">
<var>${new_text}</var>
<arg>${new_text}</arg>
<doc>Converts the given item to a Unicode string.</doc>
<status status="NOT RUN" starttime="20231102 10:22:19.812" endtime="20231102 10:22:19.813"/>
</kw>
<status status="NOT RUN" starttime="20231102 10:22:19.807" endtime="20231102 10:22:19.813"/>
</branch>
<branch type="ELSE IF" condition="${cnt} &gt; 0 and '${type}' == 'paragraph'">
<kw name="Paragraph" library="FakerLibrary">
<var>${new_text}</var>
<doc>Generate a paragraph.</doc>
<status status="NOT RUN" starttime="20231102 10:22:19.815" endtime="20231102 10:22:19.815"/>
</kw>
<status status="NOT RUN" starttime="20231102 10:22:19.814" endtime="20231102 10:22:19.816"/>
</branch>
<branch type="ELSE IF" condition="${cnt} &gt; 0 and '${type}' == 'email'">
<kw name="Email" library="FakerLibrary">
<var>${new_text}</var>
<status status="NOT RUN" starttime="20231102 10:22:19.817" endtime="20231102 10:22:19.817"/>
</kw>
<status status="NOT RUN" starttime="20231102 10:22:19.816" endtime="20231102 10:22:19.818"/>
</branch>
<branch type="ELSE IF" condition="${cnt} &gt; 0 and '${type}' == 'phone'">
<kw name="Random Int" library="FakerLibrary">
<var>${new_text}</var>
<arg>min=2000000000</arg>
<arg>max=9999999999</arg>
<doc>Generate a random integer between two integers ``min`` and ``max`` inclusive
while observing the provided ``step`` value.</doc>
<status status="NOT RUN" starttime="20231102 10:22:19.819" endtime="20231102 10:22:19.820"/>
</kw>
<kw name="Convert To String" library="BuiltIn">
<var>${new_text}</var>
<arg>${new_text}</arg>
<doc>Converts the given item to a Unicode string.</doc>
<status status="NOT RUN" starttime="20231102 10:22:19.821" endtime="20231102 10:22:19.821"/>
</kw>
<kw name="Catenate" library="BuiltIn">
<var>${new_text}</var>
<arg>SEPARATOR=</arg>
<arg>0</arg>
<arg>${new_text}</arg>
<doc>Catenates the given items together and returns the resulted string.</doc>
<status status="NOT RUN" starttime="20231102 10:22:19.822" endtime="20231102 10:22:19.823"/>
</kw>
<status status="NOT RUN" starttime="20231102 10:22:19.819" endtime="20231102 10:22:19.823"/>
</branch>
<branch type="ELSE IF" condition="${cnt} &gt; 0 and '${type}' == 'color'">
<kw name="Safe Hex Color" library="FakerLibrary">
<var>${new_text}</var>
<doc>Generate a web-safe color formatted as a hex triplet.</doc>
<status status="NOT RUN" starttime="20231102 10:22:19.825" endtime="20231102 10:22:19.826"/>
</kw>
<status status="NOT RUN" starttime="20231102 10:22:19.824" endtime="20231102 10:22:19.826"/>
</branch>
<branch type="ELSE IF" condition="${cnt} &gt; 0 and &quot;${type}&quot; == 'password'">
<kw name="Password" library="FakerLibrary">
<var>${new_text}</var>
<arg>10</arg>
<arg>True</arg>
<arg>True</arg>
<arg>True</arg>
<arg>True</arg>
<doc>Generate a random password of the specified ``length``.</doc>
<status status="NOT RUN" starttime="20231102 10:22:19.831" endtime="20231102 10:22:19.831"/>
</kw>
<status status="NOT RUN" starttime="20231102 10:22:19.830" endtime="20231102 10:22:19.832"/>
</branch>
<branch type="ELSE IF" condition="${cnt} &gt; 0 and '${type}' == 'date'">
<kw name="Date" library="FakerLibrary">
<var>${new_text}</var>
<arg>pattern=%d-%m-%Y</arg>
<doc>Get a date string between January 1, 1970 and now.</doc>
<status status="NOT RUN" starttime="20231102 10:22:19.834" endtime="20231102 10:22:19.834"/>
</kw>
<status status="NOT RUN" starttime="20231102 10:22:19.833" endtime="20231102 10:22:19.835"/>
</branch>
<branch type="ELSE IF" condition="${cnt} &gt; 0 and '${type}' == 'word'">
<kw name="Sentence" library="FakerLibrary">
<var>${new_text}</var>
<arg>nb_words=2</arg>
<doc>Generate a sentence.</doc>
<status status="NOT RUN" starttime="20231102 10:22:19.836" endtime="20231102 10:22:19.836"/>
</kw>
<status status="NOT RUN" starttime="20231102 10:22:19.835" endtime="20231102 10:22:19.837"/>
</branch>
<branch type="ELSE IF" condition="${cnt} &gt; 0">
<kw name="Sentence" library="FakerLibrary">
<var>${new_text}</var>
<doc>Generate a sentence.</doc>
<status status="NOT RUN" starttime="20231102 10:22:19.838" endtime="20231102 10:22:19.839"/>
</kw>
<status status="NOT RUN" starttime="20231102 10:22:19.837" endtime="20231102 10:22:19.839"/>
</branch>
<status status="PASS" starttime="20231102 10:22:19.788" endtime="20231102 10:22:19.840"/>
</if>
<kw name="Get Length" library="BuiltIn">
<var>${cnt}</var>
<arg>${text}</arg>
<doc>Returns and logs the length of the given item as an integer.</doc>
<msg timestamp="20231102 10:22:19.841" level="INFO">Length is 8</msg>
<msg timestamp="20231102 10:22:19.842" level="INFO">${cnt} = 8</msg>
<status status="PASS" starttime="20231102 10:22:19.840" endtime="20231102 10:22:19.842"/>
</kw>
<if>
<branch type="IF" condition="${cnt} &gt; 0">
<kw name="Replace String" library="String">
<var>${text}</var>
<arg>${text}</arg>
<arg>${symbol}</arg>
<arg>${new_text}</arg>
<doc>Replaces ``search_for`` in the given ``string`` with ``replace_with``.</doc>
<msg timestamp="20231102 10:22:19.850" level="INFO">${text} = CA_DA_02 Ad quasi.</msg>
<status status="PASS" starttime="20231102 10:22:19.849" endtime="20231102 10:22:19.852"/>
</kw>
<status status="PASS" starttime="20231102 10:22:19.843" endtime="20231102 10:22:19.852"/>
</branch>
<status status="PASS" starttime="20231102 10:22:19.843" endtime="20231102 10:22:19.852"/>
</if>
<msg timestamp="20231102 10:22:19.853" level="INFO">${text} = CA_DA_02 Ad quasi.</msg>
<status status="PASS" starttime="20231102 10:22:19.771" endtime="20231102 10:22:19.853"/>
</kw>
<kw name="Get Element Form Item By Name" library="common">
<var>${element}</var>
<arg>${name}</arg>
<arg>//input[contains(@class, "ant-input")]</arg>
<msg timestamp="20231102 10:22:19.855" level="INFO">${element} = xpath=//*[contains(@class, "ant-form-item-label")]/label[text()="Tên loại"]/../../*[contains(@class, "ant-form-item")]//input[contains(@class, "ant-input")]</msg>
<status status="PASS" starttime="20231102 10:22:19.854" endtime="20231102 10:22:19.855"/>
</kw>
<kw name="Click" library="Browser">
<arg>${element}</arg>
<tag>PageContent</tag>
<tag>Setter</tag>
<doc>Simulates mouse click on the element found by ``selector``.</doc>
<status status="PASS" starttime="20231102 10:22:19.856" endtime="20231102 10:22:20.072"/>
</kw>
<kw name="Clear Text" library="Browser">
<arg>${element}</arg>
<tag>PageContent</tag>
<tag>Setter</tag>
<doc>Clears the text field found by ``selector``.</doc>
<status status="PASS" starttime="20231102 10:22:20.072" endtime="20231102 10:22:20.106"/>
</kw>
<kw name="Fill Text" library="Browser">
<arg>${element}</arg>
<arg>${text}</arg>
<arg>True</arg>
<tag>PageContent</tag>
<tag>Setter</tag>
<doc>Clears and fills the given ``txt`` into the text field found by ``selector``.</doc>
<msg timestamp="20231102 10:22:20.108" level="INFO">Fills the text 'CA_DA_02 Ad quasi.' in the given field.</msg>
<status status="PASS" starttime="20231102 10:22:20.107" endtime="20231102 10:22:20.175"/>
</kw>
<kw name="Get Text" library="Browser">
<var>${condition}</var>
<arg>${element}</arg>
<tag>Assertion</tag>
<tag>Getter</tag>
<tag>PageContent</tag>
<doc>Returns text attribute of the element found by ``selector``.</doc>
<msg timestamp="20231102 10:22:20.209" level="INFO">Text: 'CA_DA_02 Ad quasi.'</msg>
<msg timestamp="20231102 10:22:20.209" level="INFO">${condition} = CA_DA_02 Ad quasi.</msg>
<status status="PASS" starttime="20231102 10:22:20.176" endtime="20231102 10:22:20.209"/>
</kw>
<while condition="'${condition}' != '${text}'" limit="10">
<iter>
<kw name="Fill Text" library="Browser">
<arg>${element}</arg>
<arg>${text}</arg>
<tag>PageContent</tag>
<tag>Setter</tag>
<doc>Clears and fills the given ``txt`` into the text field found by ``selector``.</doc>
<status status="NOT RUN" starttime="20231102 10:22:20.213" endtime="20231102 10:22:20.213"/>
</kw>
<kw name="Get Text" library="Browser">
<var>${condition}</var>
<arg>${element}</arg>
<tag>Assertion</tag>
<tag>Getter</tag>
<tag>PageContent</tag>
<doc>Returns text attribute of the element found by ``selector``.</doc>
<status status="NOT RUN" starttime="20231102 10:22:20.214" endtime="20231102 10:22:20.215"/>
</kw>
<status status="NOT RUN" starttime="20231102 10:22:20.210" endtime="20231102 10:22:20.215"/>
</iter>
<status status="NOT RUN" starttime="20231102 10:22:20.210" endtime="20231102 10:22:20.215"/>
</while>
<kw name="Get Length" library="BuiltIn">
<var>${cnt}</var>
<arg>${text}</arg>
<doc>Returns and logs the length of the given item as an integer.</doc>
<msg timestamp="20231102 10:22:20.217" level="INFO">Length is 18</msg>
<msg timestamp="20231102 10:22:20.217" level="INFO">${cnt} = 18</msg>
<status status="PASS" starttime="20231102 10:22:20.216" endtime="20231102 10:22:20.218"/>
</kw>
<if>
<branch type="IF" condition="${cnt} &gt; 0">
<kw name="Set Global Variable" library="BuiltIn">
<arg>\${STATE["${name}"]}</arg>
<arg>${text}</arg>
<doc>Makes a variable available globally in all tests and suites.</doc>
<msg timestamp="20231102 10:22:20.220" level="INFO">${STATE["Tên loại"]} = CA_DA_02 Ad quasi.</msg>
<status status="PASS" starttime="20231102 10:22:20.219" endtime="20231102 10:22:20.220"/>
</kw>
<status status="PASS" starttime="20231102 10:22:20.218" endtime="20231102 10:22:20.221"/>
</branch>
<status status="PASS" starttime="20231102 10:22:20.218" endtime="20231102 10:22:20.221"/>
</if>
<kw name="Wait Until Network Is Idle" library="Browser">
<tag>HTTP</tag>
<tag>Wait</tag>
<doc>Waits until there has been at least one instance of 500 ms of no network traffic on the page after loading.</doc>
<status status="PASS" starttime="20231102 10:22:20.221" endtime="20231102 10:22:20.229"/>
</kw>
<status status="PASS" starttime="20231102 10:22:19.770" endtime="20231102 10:22:20.229"/>
</kw>
<kw name="When Enter &quot;number&quot; in &quot;Mã&quot; with &quot;_RANDOM_&quot;" library="common" sourcename="Enter &quot;${type}&quot; in &quot;${name}&quot; with &quot;${text}&quot;">
<kw name="Get Random Text" library="common">
<var>${text}</var>
<arg>${type}</arg>
<arg>${text}</arg>
<kw name="Set Variable" library="BuiltIn">
<var>${symbol}</var>
<arg>_RANDOM_</arg>
<doc>Returns the given values which can then be assigned to a variables.</doc>
<msg timestamp="20231102 10:22:20.282" level="INFO">${symbol} = _RANDOM_</msg>
<status status="PASS" starttime="20231102 10:22:20.281" endtime="20231102 10:22:20.283"/>
</kw>
<kw name="Set Variable" library="BuiltIn">
<var>${new_text}</var>
<doc>Returns the given values which can then be assigned to a variables.</doc>
<msg timestamp="20231102 10:22:20.284" level="INFO">${new_text} = </msg>
<status status="PASS" starttime="20231102 10:22:20.283" endtime="20231102 10:22:20.284"/>
</kw>
<kw name="Get Regexp Matches" library="String">
<var>${containsS}</var>
<arg>${text}</arg>
<arg>_@(.+)@_</arg>
<arg>1</arg>
<doc>Returns a list of all non-overlapping matches in the given string.</doc>
<msg timestamp="20231102 10:22:20.286" level="INFO">${containsS} = []</msg>
<status status="PASS" starttime="20231102 10:22:20.285" endtime="20231102 10:22:20.287"/>
</kw>
<kw name="Get Length" library="BuiltIn">
<var>${cntS}</var>
<arg>${containsS}</arg>
<doc>Returns and logs the length of the given item as an integer.</doc>
<msg timestamp="20231102 10:22:20.288" level="INFO">Length is 0</msg>
<msg timestamp="20231102 10:22:20.288" level="INFO">${cntS} = 0</msg>
<status status="PASS" starttime="20231102 10:22:20.287" endtime="20231102 10:22:20.289"/>
</kw>
<kw name="Get Regexp Matches" library="String">
<var>${contains}</var>
<arg>${text}</arg>
<arg>${symbol}</arg>
<doc>Returns a list of all non-overlapping matches in the given string.</doc>
<msg timestamp="20231102 10:22:20.291" level="INFO">${contains} = ['_RANDOM_']</msg>
<status status="PASS" starttime="20231102 10:22:20.290" endtime="20231102 10:22:20.291"/>
</kw>
<kw name="Get Length" library="BuiltIn">
<var>${cnt}</var>
<arg>${contains}</arg>
<doc>Returns and logs the length of the given item as an integer.</doc>
<msg timestamp="20231102 10:22:20.293" level="INFO">Length is 1</msg>
<msg timestamp="20231102 10:22:20.295" level="INFO">${cnt} = 1</msg>
<status status="PASS" starttime="20231102 10:22:20.292" endtime="20231102 10:22:20.296"/>
</kw>
<if>
<branch type="IF" condition="${cntS} &gt; 0">
<kw name="Set Variable" library="BuiltIn">
<var>${new_text}</var>
<arg>${STATE["${containsS[0]}"]}</arg>
<doc>Returns the given values which can then be assigned to a variables.</doc>
<status status="NOT RUN" starttime="20231102 10:22:20.298" endtime="20231102 10:22:20.298"/>
</kw>
<kw name="Set Variable" library="BuiltIn">
<var>${symbol}</var>
<arg>_@${containsS[0]}@_</arg>
<doc>Returns the given values which can then be assigned to a variables.</doc>
<status status="NOT RUN" starttime="20231102 10:22:20.299" endtime="20231102 10:22:20.300"/>
</kw>
<status status="NOT RUN" starttime="20231102 10:22:20.297" endtime="20231102 10:22:20.300"/>
</branch>
<branch type="ELSE IF" condition="${cnt} &gt; 0 and '${type}' == 'test name'">
<kw name="Sentence" library="FakerLibrary">
<var>${random}</var>
<arg>nb_words=3</arg>
<doc>Generate a sentence.</doc>
<status status="NOT RUN" starttime="20231102 10:22:20.302" endtime="20231102 10:22:20.302"/>
</kw>
<kw name="Split String" library="String">
<var>${words}</var>
<arg>${TEST NAME}</arg>
<arg>${SPACE}</arg>
<doc>Splits the ``string`` using ``separator`` as a delimiter string.</doc>
<status status="NOT RUN" starttime="20231102 10:22:20.303" endtime="20231102 10:22:20.303"/>
</kw>
<kw name="Set Variable" library="BuiltIn">
<var>${new_text}</var>
<arg>${words[0]} ${random}</arg>
<doc>Returns the given values which can then be assigned to a variables.</doc>
<status status="NOT RUN" starttime="20231102 10:22:20.304" endtime="20231102 10:22:20.305"/>
</kw>
<status status="NOT RUN" starttime="20231102 10:22:20.301" endtime="20231102 10:22:20.306"/>
</branch>
<branch type="ELSE IF" condition="${cnt} &gt; 0 and '${type}' == 'number'">
<kw name="Random Int" library="FakerLibrary">
<var>${new_text}</var>
<doc>Generate a random integer between two integers ``min`` and ``max`` inclusive
while observing the provided ``step`` value.</doc>
<msg timestamp="20231102 10:22:20.310" level="INFO">${new_text} = 8034</msg>
<status status="PASS" starttime="20231102 10:22:20.307" endtime="20231102 10:22:20.312"/>
</kw>
<kw name="Convert To String" library="BuiltIn">
<var>${new_text}</var>
<arg>${new_text}</arg>
<doc>Converts the given item to a Unicode string.</doc>
<msg timestamp="20231102 10:22:20.314" level="INFO">${new_text} = 8034</msg>
<status status="PASS" starttime="20231102 10:22:20.313" endtime="20231102 10:22:20.315"/>
</kw>
<status status="PASS" starttime="20231102 10:22:20.306" endtime="20231102 10:22:20.315"/>
</branch>
<branch type="ELSE IF" condition="${cnt} &gt; 0 and '${type}' == 'percentage'">
<kw name="Random Int" library="FakerLibrary">
<var>${new_text}</var>
<arg>max=100</arg>
<doc>Generate a random integer between two integers ``min`` and ``max`` inclusive
while observing the provided ``step`` value.</doc>
<status status="NOT RUN" starttime="20231102 10:22:20.328" endtime="20231102 10:22:20.329"/>
</kw>
<kw name="Convert To String" library="BuiltIn">
<var>${new_text}</var>
<arg>${new_text}</arg>
<doc>Converts the given item to a Unicode string.</doc>
<status status="NOT RUN" starttime="20231102 10:22:20.329" endtime="20231102 10:22:20.330"/>
</kw>
<status status="NOT RUN" starttime="20231102 10:22:20.326" endtime="20231102 10:22:20.331"/>
</branch>
<branch type="ELSE IF" condition="${cnt} &gt; 0 and '${type}' == 'paragraph'">
<kw name="Paragraph" library="FakerLibrary">
<var>${new_text}</var>
<doc>Generate a paragraph.</doc>
<status status="NOT RUN" starttime="20231102 10:22:20.332" endtime="20231102 10:22:20.333"/>
</kw>
<status status="NOT RUN" starttime="20231102 10:22:20.331" endtime="20231102 10:22:20.333"/>
</branch>
<branch type="ELSE IF" condition="${cnt} &gt; 0 and '${type}' == 'email'">
<kw name="Email" library="FakerLibrary">
<var>${new_text}</var>
<status status="NOT RUN" starttime="20231102 10:22:20.334" endtime="20231102 10:22:20.335"/>
</kw>
<status status="NOT RUN" starttime="20231102 10:22:20.334" endtime="20231102 10:22:20.336"/>
</branch>
<branch type="ELSE IF" condition="${cnt} &gt; 0 and '${type}' == 'phone'">
<kw name="Random Int" library="FakerLibrary">
<var>${new_text}</var>
<arg>min=2000000000</arg>
<arg>max=9999999999</arg>
<doc>Generate a random integer between two integers ``min`` and ``max`` inclusive
while observing the provided ``step`` value.</doc>
<status status="NOT RUN" starttime="20231102 10:22:20.337" endtime="20231102 10:22:20.337"/>
</kw>
<kw name="Convert To String" library="BuiltIn">
<var>${new_text}</var>
<arg>${new_text}</arg>
<doc>Converts the given item to a Unicode string.</doc>
<status status="NOT RUN" starttime="20231102 10:22:20.338" endtime="20231102 10:22:20.338"/>
</kw>
<kw name="Catenate" library="BuiltIn">
<var>${new_text}</var>
<arg>SEPARATOR=</arg>
<arg>0</arg>
<arg>${new_text}</arg>
<doc>Catenates the given items together and returns the resulted string.</doc>
<status status="NOT RUN" starttime="20231102 10:22:20.339" endtime="20231102 10:22:20.340"/>
</kw>
<status status="NOT RUN" starttime="20231102 10:22:20.336" endtime="20231102 10:22:20.340"/>
</branch>
<branch type="ELSE IF" condition="${cnt} &gt; 0 and '${type}' == 'color'">
<kw name="Safe Hex Color" library="FakerLibrary">
<var>${new_text}</var>
<doc>Generate a web-safe color formatted as a hex triplet.</doc>
<status status="NOT RUN" starttime="20231102 10:22:20.342" endtime="20231102 10:22:20.342"/>
</kw>
<status status="NOT RUN" starttime="20231102 10:22:20.340" endtime="20231102 10:22:20.346"/>
</branch>
<branch type="ELSE IF" condition="${cnt} &gt; 0 and &quot;${type}&quot; == 'password'">
<kw name="Password" library="FakerLibrary">
<var>${new_text}</var>
<arg>10</arg>
<arg>True</arg>
<arg>True</arg>
<arg>True</arg>
<arg>True</arg>
<doc>Generate a random password of the specified ``length``.</doc>
<status status="NOT RUN" starttime="20231102 10:22:20.348" endtime="20231102 10:22:20.349"/>
</kw>
[...]
</branch>
<branch type="ELSE">
<kw name="Click" library="Browser">
<arg>//span[contains(text(),"${text}")]</arg>
<tag>PageContent</tag>
<tag>Setter</tag>
<doc>Simulates mouse click on the element found by ``selector``.</doc>
<status status="NOT RUN" starttime="20231102 10:22:20.963" endtime="20231102 10:22:20.964"/>
</kw>
<kw name="Click Confirm To Action" library="common">
<status status="NOT RUN" starttime="20231102 10:22:20.965" endtime="20231102 10:22:20.965"/>
</kw>
<kw name="Scroll By" library="Browser">
<arg>${None}</arg>
<tag>PageContent</tag>
<tag>Setter</tag>
<doc>Scrolls an element or the page relative from current position by the given values.</doc>
<status status="NOT RUN" starttime="20231102 10:22:20.966" endtime="20231102 10:22:20.967"/>
</kw>
<status status="NOT RUN" starttime="20231102 10:22:20.962" endtime="20231102 10:22:20.967"/>
</branch>
<status status="PASS" starttime="20231102 10:22:20.790" endtime="20231102 10:22:20.968"/>
</if>
<kw name="Wait Until Network Is Idle" library="Browser">
<tag>HTTP</tag>
<tag>Wait</tag>
<doc>Waits until there has been at least one instance of 500 ms of no network traffic on the page after loading.</doc>
<status status="PASS" starttime="20231102 10:22:20.968" endtime="20231102 10:22:20.979"/>
</kw>
<status status="PASS" starttime="20231102 10:22:20.669" endtime="20231102 10:22:20.980"/>
</kw>
<kw name="When Select on the &quot;_@Tên loại@_&quot; item line" library="common" sourcename="Select on the &quot;${text}&quot; item line">
<kw name="Wait Until Element Spin" library="common">
<kw name="Sleep" library="BuiltIn">
<arg>${SHOULD_TIMEOUT}</arg>
<doc>Pauses the test executed for the given time.</doc>
<msg timestamp="20231102 10:22:21.119" level="INFO">Slept 100 milliseconds</msg>
<status status="PASS" starttime="20231102 10:22:21.017" endtime="20231102 10:22:21.119"/>
</kw>
<kw name="Set Variable" library="BuiltIn">
<var>${element}</var>
<arg>xpath=//*[contains(@class, "ant-spin-spinning")]</arg>
<doc>Returns the given values which can then be assigned to a variables.</doc>
<msg timestamp="20231102 10:22:21.121" level="INFO">${element} = xpath=//*[contains(@class, "ant-spin-spinning")]</msg>
<status status="PASS" starttime="20231102 10:22:21.120" endtime="20231102 10:22:21.121"/>
</kw>
<kw name="Get Element Count" library="Browser">
<var>${count}</var>
<arg>${element}</arg>
<tag>Assertion</tag>
<tag>Getter</tag>
<tag>PageContent</tag>
<doc>Returns the count of elements found with ``selector``.</doc>
<msg timestamp="20231102 10:22:21.250" level="INFO">${count} = 2</msg>
<status status="PASS" starttime="20231102 10:22:21.122" endtime="20231102 10:22:21.250"/>
</kw>
<if>
<branch type="IF" condition="${count} &gt; 0">
<kw name="Wait Until Page Does Not Contain Element" library="common">
<arg>${element}</arg>
<kw name="Wait For Elements State" library="Browser">
<arg>${locator}</arg>
<arg>detached</arg>
<arg>${timeout}</arg>
<arg>${message}</arg>
<tag>PageContent</tag>
<tag>Wait</tag>
<doc>Waits for the element found by ``selector`` to satisfy state option.</doc>
<msg timestamp="20231102 10:22:21.959" level="INFO">Waited for Element with selector xpath=//*[contains(@class, "ant-spin-spinning")] at state detached</msg>
<status status="PASS" starttime="20231102 10:22:21.254" endtime="20231102 10:22:21.959"/>
</kw>
<status status="PASS" starttime="20231102 10:22:21.252" endtime="20231102 10:22:21.961"/>
</kw>
<status status="PASS" starttime="20231102 10:22:21.251" endtime="20231102 10:22:21.962"/>
</branch>
<status status="PASS" starttime="20231102 10:22:21.251" endtime="20231102 10:22:21.963"/>
</if>
<status status="PASS" starttime="20231102 10:22:21.015" endtime="20231102 10:22:21.963"/>
</kw>
<kw name="Check Text" library="common">
<var>${text}</var>
<arg>${text}</arg>
<kw name="Get Regexp Matches" library="String">
<var>${containsS}</var>
<arg>${text}</arg>
<arg>_@(.+)@_</arg>
<arg>1</arg>
<doc>Returns a list of all non-overlapping matches in the given string.</doc>
<msg timestamp="20231102 10:22:21.967" level="INFO">${containsS} = ['Tên loại']</msg>
<status status="PASS" starttime="20231102 10:22:21.965" endtime="20231102 10:22:21.969"/>
</kw>
<kw name="Get Length" library="BuiltIn">
<var>${cntS}</var>
<arg>${containsS}</arg>
<doc>Returns and logs the length of the given item as an integer.</doc>
<msg timestamp="20231102 10:22:21.972" level="INFO">Length is 1</msg>
<msg timestamp="20231102 10:22:21.972" level="INFO">${cntS} = 1</msg>
<status status="PASS" starttime="20231102 10:22:21.971" endtime="20231102 10:22:21.973"/>
</kw>
<if>
<branch type="IF" condition="${cntS} &gt; 0">
<kw name="Set Variable" library="BuiltIn">
<var>${text}</var>
<arg>${STATE["${containsS[0]}"]}</arg>
<doc>Returns the given values which can then be assigned to a variables.</doc>
<msg timestamp="20231102 10:22:21.983" level="INFO">${text} = CA_DA_02 Ad quasi.</msg>
<status status="PASS" starttime="20231102 10:22:21.980" endtime="20231102 10:22:21.984"/>
</kw>
<status status="PASS" starttime="20231102 10:22:21.973" endtime="20231102 10:22:21.984"/>
</branch>
<status status="PASS" starttime="20231102 10:22:21.973" endtime="20231102 10:22:21.985"/>
</if>
<msg timestamp="20231102 10:22:21.986" level="INFO">${text} = CA_DA_02 Ad quasi.</msg>
<status status="PASS" starttime="20231102 10:22:21.963" endtime="20231102 10:22:21.986"/>
</kw>
<kw name="Get Element Item By Name" library="common">
<var>${element}</var>
<arg>${text}</arg>
<msg timestamp="20231102 10:22:21.989" level="INFO">${element} = xpath=//*[contains(@class, "item-text") and contains(text(), "CA_DA_02 Ad quasi.")]/ancestor::*[contains(@class, "item")]</msg>
<status status="PASS" starttime="20231102 10:22:21.987" endtime="20231102 10:22:21.990"/>
</kw>
<kw name="Click" library="Browser">
<arg>${element}</arg>
<tag>PageContent</tag>
<tag>Setter</tag>
<doc>Simulates mouse click on the element found by ``selector``.</doc>
<status status="PASS" starttime="20231102 10:22:21.990" endtime="20231102 10:22:23.176"/>
</kw>
<status status="PASS" starttime="20231102 10:22:21.014" endtime="20231102 10:22:23.176"/>
</kw>
<kw name="Then &quot;_@Tên loại@_&quot; item line should be highlighted" library="common" sourcename="&quot;${name}&quot; item line should be highlighted">
<kw name="Wait Until Element Spin" library="common">
<kw name="Sleep" library="BuiltIn">
<arg>${SHOULD_TIMEOUT}</arg>
<doc>Pauses the test executed for the given time.</doc>
<msg timestamp="20231102 10:22:23.295" level="INFO">Slept 100 milliseconds</msg>
<status status="PASS" starttime="20231102 10:22:23.192" endtime="20231102 10:22:23.295"/>
</kw>
<kw name="Set Variable" library="BuiltIn">
<var>${element}</var>
<arg>xpath=//*[contains(@class, "ant-spin-spinning")]</arg>
<doc>Returns the given values which can then be assigned to a variables.</doc>
<msg timestamp="20231102 10:22:23.297" level="INFO">${element} = xpath=//*[contains(@class, "ant-spin-spinning")]</msg>
<status status="PASS" starttime="20231102 10:22:23.296" endtime="20231102 10:22:23.297"/>
</kw>
<kw name="Get Element Count" library="Browser">
<var>${count}</var>
<arg>${element}</arg>
<tag>Assertion</tag>
<tag>Getter</tag>
<tag>PageContent</tag>
<doc>Returns the count of elements found with ``selector``.</doc>
<msg timestamp="20231102 10:22:23.306" level="INFO">${count} = 0</msg>
<status status="PASS" starttime="20231102 10:22:23.298" endtime="20231102 10:22:23.306"/>
</kw>
<if>
<branch type="IF" condition="${count} &gt; 0">
<kw name="Wait Until Page Does Not Contain Element" library="common">
<arg>${element}</arg>
<status status="NOT RUN" starttime="20231102 10:22:23.308" endtime="20231102 10:22:23.308"/>
</kw>
<status status="NOT RUN" starttime="20231102 10:22:23.307" endtime="20231102 10:22:23.309"/>
</branch>
<status status="PASS" starttime="20231102 10:22:23.307" endtime="20231102 10:22:23.310"/>
</if>
<status status="PASS" starttime="20231102 10:22:23.192" endtime="20231102 10:22:23.311"/>
</kw>
<kw name="Check Text" library="common">
<var>${name}</var>
<arg>${name}</arg>
<kw name="Get Regexp Matches" library="String">
<var>${containsS}</var>
<arg>${text}</arg>
<arg>_@(.+)@_</arg>
<arg>1</arg>
<doc>Returns a list of all non-overlapping matches in the given string.</doc>
<msg timestamp="20231102 10:22:23.314" level="INFO">${containsS} = ['Tên loại']</msg>
<status status="PASS" starttime="20231102 10:22:23.313" endtime="20231102 10:22:23.315"/>
</kw>
<kw name="Get Length" library="BuiltIn">
<var>${cntS}</var>
<arg>${containsS}</arg>
<doc>Returns and logs the length of the given item as an integer.</doc>
<msg timestamp="20231102 10:22:23.316" level="INFO">Length is 1</msg>
<msg timestamp="20231102 10:22:23.317" level="INFO">${cntS} = 1</msg>
<status status="PASS" starttime="20231102 10:22:23.315" endtime="20231102 10:22:23.317"/>
</kw>
<if>
<branch type="IF" condition="${cntS} &gt; 0">
<kw name="Set Variable" library="BuiltIn">
<var>${text}</var>
<arg>${STATE["${containsS[0]}"]}</arg>
<doc>Returns the given values which can then be assigned to a variables.</doc>
<msg timestamp="20231102 10:22:23.321" level="INFO">${text} = CA_DA_02 Ad quasi.</msg>
<status status="PASS" starttime="20231102 10:22:23.319" endtime="20231102 10:22:23.322"/>
</kw>
<status status="PASS" starttime="20231102 10:22:23.318" endtime="20231102 10:22:23.322"/>
</branch>
<status status="PASS" starttime="20231102 10:22:23.318" endtime="20231102 10:22:23.322"/>
</if>
<msg timestamp="20231102 10:22:23.322" level="INFO">${name} = CA_DA_02 Ad quasi.</msg>
<status status="PASS" starttime="20231102 10:22:23.312" endtime="20231102 10:22:23.323"/>
</kw>
<kw name="Get Element Item By Name" library="common">
<var>${element}</var>
<arg>${name}</arg>
<msg timestamp="20231102 10:22:23.324" level="INFO">${element} = xpath=//*[contains(@class, "item-text") and contains(text(), "CA_DA_02 Ad quasi.")]/ancestor::*[contains(@class, "item")]</msg>
<status status="PASS" starttime="20231102 10:22:23.323" endtime="20231102 10:22:23.324"/>
</kw>
<kw name="Get Property" library="Browser">
<arg>${element}</arg>
<arg>className</arg>
<arg>contains</arg>
<arg>bg-blue-100</arg>
<tag>Assertion</tag>
<tag>Getter</tag>
<tag>PageContent</tag>
<doc>Returns the ``property`` of the element found by ``selector``.</doc>
<msg timestamp="20231102 10:22:23.420" level="INFO">Property: 'item text-gray-700 font-medium hover:bg-gray-100 flex justify-between items-center border-b border-gray-100 transition-all duration-300 w-full text-left px-4 h-10 ng-star-inserted bg-blue-100'</msg>
<status status="PASS" starttime="20231102 10:22:23.324" endtime="20231102 10:22:23.421"/>
</kw>
<status status="PASS" starttime="20231102 10:22:23.190" endtime="20231102 10:22:23.421"/>
</kw>
<kw name="When Click on the &quot;Xóa&quot; button in the &quot;_@Tên loại@_&quot; item line" library="common" sourcename="Click on the &quot;${text}&quot; button in the &quot;${name}&quot; item line">
<kw name="Wait Until Element Spin" library="common">
<kw name="Sleep" library="BuiltIn">
<arg>${SHOULD_TIMEOUT}</arg>
<doc>Pauses the test executed for the given time.</doc>
<msg timestamp="20231102 10:22:23.607" level="INFO">Slept 100 milliseconds</msg>
<status status="PASS" starttime="20231102 10:22:23.505" endtime="20231102 10:22:23.607"/>
</kw>
<kw name="Set Variable" library="BuiltIn">
<var>${element}</var>
<arg>xpath=//*[contains(@class, "ant-spin-spinning")]</arg>
<doc>Returns the given values which can then be assigned to a variables.</doc>
<msg timestamp="20231102 10:22:23.608" level="INFO">${element} = xpath=//*[contains(@class, "ant-spin-spinning")]</msg>
<status status="PASS" starttime="20231102 10:22:23.607" endtime="20231102 10:22:23.608"/>
</kw>
<kw name="Get Element Count" library="Browser">
<var>${count}</var>
<arg>${element}</arg>
<tag>Assertion</tag>
<tag>Getter</tag>
<tag>PageContent</tag>
<doc>Returns the count of elements found with ``selector``.</doc>
<msg timestamp="20231102 10:22:23.619" level="INFO">${count} = 0</msg>
<status status="PASS" starttime="20231102 10:22:23.608" endtime="20231102 10:22:23.619"/>
</kw>
<if>
<branch type="IF" condition="${count} &gt; 0">
<kw name="Wait Until Page Does Not Contain Element" library="common">
<arg>${element}</arg>
<status status="NOT RUN" starttime="20231102 10:22:23.621" endtime="20231102 10:22:23.621"/>
</kw>
<status status="NOT RUN" starttime="20231102 10:22:23.620" endtime="20231102 10:22:23.622"/>
</branch>
<status status="PASS" starttime="20231102 10:22:23.620" endtime="20231102 10:22:23.622"/>
</if>
<status status="PASS" starttime="20231102 10:22:23.504" endtime="20231102 10:22:23.623"/>
</kw>
<kw name="Check Text" library="common">
<var>${name}</var>
<arg>${name}</arg>
<kw name="Get Regexp Matches" library="String">
<var>${containsS}</var>
<arg>${text}</arg>
<arg>_@(.+)@_</arg>
<arg>1</arg>
<doc>Returns a list of all non-overlapping matches in the given string.</doc>
<msg timestamp="20231102 10:22:23.625" level="INFO">${containsS} = ['Tên loại']</msg>
<status status="PASS" starttime="20231102 10:22:23.624" endtime="20231102 10:22:23.626"/>
</kw>
<kw name="Get Length" library="BuiltIn">
<var>${cntS}</var>
<arg>${containsS}</arg>
<doc>Returns and logs the length of the given item as an integer.</doc>
<msg timestamp="20231102 10:22:23.627" level="INFO">Length is 1</msg>
<msg timestamp="20231102 10:22:23.628" level="INFO">${cntS} = 1</msg>
<status status="PASS" starttime="20231102 10:22:23.627" endtime="20231102 10:22:23.628"/>
</kw>
<if>
<branch type="IF" condition="${cntS} &gt; 0">
<kw name="Set Variable" library="BuiltIn">
<var>${text}</var>
<arg>${STATE["${containsS[0]}"]}</arg>
<doc>Returns the given values which can then be assigned to a variables.</doc>
<msg timestamp="20231102 10:22:23.631" level="INFO">${text} = CA_DA_02 Ad quasi.</msg>
<status status="PASS" starttime="20231102 10:22:23.630" endtime="20231102 10:22:23.631"/>
</kw>
<status status="PASS" starttime="20231102 10:22:23.629" endtime="20231102 10:22:23.632"/>
</branch>
<status status="PASS" starttime="20231102 10:22:23.629" endtime="20231102 10:22:23.632"/>
</if>
<msg timestamp="20231102 10:22:23.632" level="INFO">${name} = CA_DA_02 Ad quasi.</msg>
<status status="PASS" starttime="20231102 10:22:23.623" endtime="20231102 10:22:23.632"/>
</kw>
<kw name="Get Element Item By Name" library="common">
<var>${element}</var>
<arg>${name}</arg>
<arg>//button[@title = "${text}"]</arg>
<msg timestamp="20231102 10:22:23.633" level="INFO">${element} = xpath=//*[contains(@class, "item-text") and contains(text(), "CA_DA_02 Ad quasi.")]/ancestor::*[contains(@class, "item")]//button[@title = "Xóa"]</msg>
<status status="PASS" starttime="20231102 10:22:23.632" endtime="20231102 10:22:23.633"/>
</kw>
<kw name="Click" library="Browser">
<arg>${element}</arg>
<tag>PageContent</tag>
<tag>Setter</tag>
<doc>Simulates mouse click on the element found by ``selector``.</doc>
<status status="PASS" starttime="20231102 10:22:23.634" endtime="20231102 10:22:23.736"/>
</kw>
<kw name="Click Confirm To Action" library="common">
<kw name="Set Variable" library="BuiltIn">
<var>${element}</var>
<arg>xpath=//*[contains(@class, "ant-popover")]//*[contains(@class, "ant-btn-primary")]</arg>
<doc>Returns the given values which can then be assigned to a variables.</doc>
<msg timestamp="20231102 10:22:23.738" level="INFO">${element} = xpath=//*[contains(@class, "ant-popover")]//*[contains(@class, "ant-btn-primary")]</msg>
<status status="PASS" starttime="20231102 10:22:23.737" endtime="20231102 10:22:23.738"/>
</kw>
<kw name="Get Element Count" library="Browser">
<var>${count}</var>
<arg>${element}</arg>
<tag>Assertion</tag>
<tag>Getter</tag>
<tag>PageContent</tag>
<doc>Returns the count of elements found with ``selector``.</doc>
<msg timestamp="20231102 10:22:23.752" level="INFO">${count} = 1</msg>
<status status="PASS" starttime="20231102 10:22:23.739" endtime="20231102 10:22:23.753"/>
</kw>
<if>
<branch type="IF" condition="${count} &gt; 0">
<kw name="Click" library="Browser">
<arg>${element}</arg>
<tag>PageContent</tag>
<tag>Setter</tag>
<doc>Simulates mouse click on the element found by ``selector``.</doc>
<status status="PASS" starttime="20231102 10:22:23.754" endtime="20231102 10:22:24.022"/>
</kw>
<kw name="Sleep" library="BuiltIn">
<arg>${SHOULD_TIMEOUT}</arg>
<doc>Pauses the test executed for the given time.</doc>
<msg timestamp="20231102 10:22:24.124" level="INFO">Slept 100 milliseconds</msg>
<status status="PASS" starttime="20231102 10:22:24.022" endtime="20231102 10:22:24.124"/>
</kw>
<kw name="Wait Until Element Spin" library="common">
<kw name="Sleep" library="BuiltIn">
<arg>${SHOULD_TIMEOUT}</arg>
<doc>Pauses the test executed for the given time.</doc>
<msg timestamp="20231102 10:22:24.231" level="INFO">Slept 100 milliseconds</msg>
<status status="PASS" starttime="20231102 10:22:24.129" endtime="20231102 10:22:24.231"/>
</kw>
<kw name="Set Variable" library="BuiltIn">
<var>${element}</var>
<arg>xpath=//*[contains(@class, "ant-spin-spinning")]</arg>
<doc>Returns the given values which can then be assigned to a variables.</doc>
<msg timestamp="20231102 10:22:24.233" level="INFO">${element} = xpath=//*[contains(@class, "ant-spin-spinning")]</msg>
<status status="PASS" starttime="20231102 10:22:24.233" endtime="20231102 10:22:24.234"/>
</kw>
<kw name="Get Element Count" library="Browser">
<var>${count}</var>
<arg>${element}</arg>
<tag>Assertion</tag>
<tag>Getter</tag>
<tag>PageContent</tag>
<doc>Returns the count of elements found with ``selector``.</doc>
<msg timestamp="20231102 10:22:24.249" level="INFO">${count} = 0</msg>
<status status="PASS" starttime="20231102 10:22:24.234" endtime="20231102 10:22:24.250"/>
</kw>
<if>
<branch type="IF" condition="${count} &gt; 0">
<kw name="Wait Until Page Does Not Contain Element" library="common">
<arg>${element}</arg>
<status status="NOT RUN" starttime="20231102 10:22:24.252" endtime="20231102 10:22:24.253"/>
</kw>
<status status="NOT RUN" starttime="20231102 10:22:24.251" endtime="20231102 10:22:24.254"/>
</branch>
<status status="PASS" starttime="20231102 10:22:24.251" endtime="20231102 10:22:24.254"/>
</if>
<status status="PASS" starttime="20231102 10:22:24.125" endtime="20231102 10:22:24.255"/>
</kw>
<status status="PASS" starttime="20231102 10:22:23.753" endtime="20231102 10:22:24.255"/>
</branch>
<status status="PASS" starttime="20231102 10:22:23.753" endtime="20231102 10:22:24.256"/>
</if>
<status status="PASS" starttime="20231102 10:22:23.736" endtime="20231102 10:22:24.256"/>
</kw>
<kw name="Wait Until Network Is Idle" library="Browser">
<tag>HTTP</tag>
<tag>Wait</tag>
<doc>Waits until there has been at least one instance of 500 ms of no network traffic on the page after loading.</doc>
<status status="PASS" starttime="20231102 10:22:24.257" endtime="20231102 10:22:24.272"/>
</kw>
<status status="PASS" starttime="20231102 10:22:23.503" endtime="20231102 10:22:24.272"/>
</kw>
<kw name="Tear Down" library="common" type="TEARDOWN">
<kw name="Close Browser" library="Browser">
<arg>ALL</arg>
<tag>BrowserControl</tag>
<tag>Setter</tag>
<doc>Closes the current browser.</doc>
<msg timestamp="20231102 10:22:25.263" level="INFO">Closed all browsers</msg>
<status status="PASS" starttime="20231102 10:22:24.280" endtime="20231102 10:22:25.263"/>
</kw>
<status status="PASS" starttime="20231102 10:22:24.275" endtime="20231102 10:22:25.264"/>
</kw>
<tag>MainPage</tag>
<tag>Smoketest</tag>
<tag>UI</tag>
<status status="PASS" starttime="20231102 10:22:07.950" endtime="20231102 10:22:25.265"/>
</test>
<status status="PASS" starttime="20231102 10:22:05.752" endtime="20231102 10:22:25.278"/>
</suite>
<statistics>
<total>
<stat pass="1" fail="0" skip="0">All Tests</stat>
</total>
<tag>
<stat pass="1" fail="0" skip="0">MainPage</stat>
<stat pass="1" fail="0" skip="0">Smoketest</stat>
<stat pass="1" fail="0" skip="0">UI</stat>
</tag>
<suite>
<stat pass="1" fail="0" skip="0" id="s1" name="Categories Data">Categories Data</stat>
</suite>
</statistics>
<errors>
</errors>
</robot>
