<?xml version="1.0" encoding="UTF-8"?>
<robot generator="Robot 6.1.1 (Python 3.11.4 on win32)" generated="20231101 23:35:18.240" rpa="false" schemaversion="4">
<suite id="s1" name="Data" source="d:\TESTER\Automation\Auto_Web\testcases\data.robot">
<test id="s1-t1" name="DA_10 Verify the search function when enter the name was not existed" line="118">
<kw name="Setup" library="common" type="SETUP">
<kw name="Set Browser Timeout" library="Browser">
<arg>${BROWSER_TIMEOUT}</arg>
<tag>Config</tag>
<tag>Setter</tag>
<doc>Sets the timeout used by most input and getter keywords.</doc>
<status status="PASS" starttime="20231101 23:35:20.564" endtime="20231101 23:35:20.565"/>
</kw>
<kw name="New Browser" library="Browser">
<arg>${BROWSER}</arg>
<arg>headless=${HEADLESS}</arg>
<tag>BrowserControl</tag>
<tag>Setter</tag>
<doc>Create a new playwright Browser with specified options.</doc>
<msg timestamp="20231101 23:35:20.566" level="INFO">{"browser": "chromium", "headless": false, "chromiumSandbox": false, "devtools": false, "handleSIGHUP": true, "handleSIGINT": true, "handleSIGTERM": true, "ignoreDefaultArgs": false, "slowMo": 0.0, "timeout": 30000.0, "tracesDir": "D:\\TESTER\\Automation\\browser\\traces\\2566909b-3f1e-48f6-ab62-7c1edbd99f50"}</msg>
<msg timestamp="20231101 23:35:21.684" level="INFO">Successfully created browser with options: {"browser":"chromium","headless":false,"chromiumSandbox":false,"devtools":false,"handleSIGHUP":true,"handleSIGINT":true,"handleSIGTERM":true,"ignoreDefaultArgs":false,"slowMo":0,"timeout":30000,"tracesDir":"D:\\TESTER\\Automation\\browser\\traces\\2566909b-3f1e-48f6-ab62-7c1edbd99f50"}</msg>
<status status="PASS" starttime="20231101 23:35:20.565" endtime="20231101 23:35:21.684"/>
</kw>
<kw name="New Page" library="Browser">
<arg>${URL_DEFAULT}</arg>
<tag>BrowserControl</tag>
<tag>Setter</tag>
<doc>Open a new Page.</doc>
<msg timestamp="20231101 23:35:25.229" level="INFO">Successfully initialized new page object and opened url: http://dev1.geneat.vn:7802/vn</msg>
<msg timestamp="20231101 23:35:25.230" level="INFO">No context was open. New context was automatically opened when this page is created.</msg>
<status status="PASS" starttime="20231101 23:35:21.685" endtime="20231101 23:35:25.231"/>
</kw>
<kw name="Evaluate" library="BuiltIn">
<var>${STATE}</var>
<arg>json.loads('''{}''')</arg>
<arg>json</arg>
<doc>Evaluates the given expression in Python and returns the result.</doc>
<msg timestamp="20231101 23:35:25.233" level="INFO">${STATE} = {}</msg>
<status status="PASS" starttime="20231101 23:35:25.232" endtime="20231101 23:35:25.234"/>
</kw>
<status status="PASS" starttime="20231101 23:35:20.562" endtime="20231101 23:35:25.234"/>
</kw>
<kw name="Create a category">
<kw name="Run Keyword And Return Status" library="BuiltIn">
<var>${condition}</var>
<arg>Confirm locating exactly in "Quản lý dữ liệu" page</arg>
<doc>Runs the given keyword with given arguments and returns the status as a Boolean value.</doc>
<kw name="Confirm locating exactly in &quot;Quản lý dữ liệu&quot; page" library="common" sourcename="Confirm locating exactly in &quot;${name}&quot; page">
<kw name="Get Element Count" library="Browser">
<var>${cnt}</var>
<arg>//header//span[contains(text(),"${name}")]</arg>
<tag>Assertion</tag>
<tag>Getter</tag>
<tag>PageContent</tag>
<doc>Returns the count of elements found with ``selector``.</doc>
<msg timestamp="20231101 23:35:25.325" level="INFO">${cnt} = 0</msg>
<status status="PASS" starttime="20231101 23:35:25.251" endtime="20231101 23:35:25.326"/>
</kw>
<kw name="Should Be True" library="BuiltIn">
<arg>${cnt} &gt; 0</arg>
<doc>Fails if the given condition is not true.</doc>
<msg timestamp="20231101 23:35:25.328" level="FAIL">'0 &gt; 0' should be true.</msg>
<status status="FAIL" starttime="20231101 23:35:25.327" endtime="20231101 23:35:25.329"/>
</kw>
<status status="FAIL" starttime="20231101 23:35:25.249" endtime="20231101 23:35:25.330"/>
</kw>
<msg timestamp="20231101 23:35:25.331" level="INFO">${condition} = False</msg>
<status status="PASS" starttime="20231101 23:35:25.248" endtime="20231101 23:35:25.332"/>
</kw>
<if>
<branch type="IF" condition="'${condition}' == 'True'">
<kw name="Click &quot;Tạo mới&quot; button" library="common" sourcename="Click &quot;${text}&quot; button">
<status status="NOT RUN" starttime="20231101 23:35:25.334" endtime="20231101 23:35:25.335"/>
</kw>
<status status="NOT RUN" starttime="20231101 23:35:25.333" endtime="20231101 23:35:25.336"/>
</branch>
<branch type="ELSE">
<kw name="Go to &quot;Quản lý dữ liệu&quot; page">
<kw name="Login to admin" library="common">
<kw name="Enter &quot;email&quot; in &quot;Email&quot; with &quot;admin@gmail.com&quot;" library="common" sourcename="Enter &quot;${type}&quot; in &quot;${name}&quot; with &quot;${text}&quot;">
<kw name="Get Random Text" library="common">
<var>${text}</var>
<arg>${type}</arg>
<arg>${text}</arg>
<kw name="Set Variable" library="BuiltIn">
<var>${symbol}</var>
<arg>_RANDOM_</arg>
<doc>Returns the given values which can then be assigned to a variables.</doc>
<msg timestamp="20231101 23:35:25.349" level="INFO">${symbol} = _RANDOM_</msg>
<status status="PASS" starttime="20231101 23:35:25.348" endtime="20231101 23:35:25.349"/>
</kw>
<kw name="Set Variable" library="BuiltIn">
<var>${new_text}</var>
<doc>Returns the given values which can then be assigned to a variables.</doc>
<msg timestamp="20231101 23:35:25.351" level="INFO">${new_text} = </msg>
<status status="PASS" starttime="20231101 23:35:25.350" endtime="20231101 23:35:25.351"/>
</kw>
<kw name="Get Regexp Matches" library="String">
<var>${containsS}</var>
<arg>${text}</arg>
<arg>_@(.+)@_</arg>
<arg>1</arg>
<doc>Returns a list of all non-overlapping matches in the given string.</doc>
<msg timestamp="20231101 23:35:25.353" level="INFO">${containsS} = []</msg>
<status status="PASS" starttime="20231101 23:35:25.352" endtime="20231101 23:35:25.354"/>
</kw>
<kw name="Get Length" library="BuiltIn">
<var>${cntS}</var>
<arg>${containsS}</arg>
<doc>Returns and logs the length of the given item as an integer.</doc>
<msg timestamp="20231101 23:35:25.356" level="INFO">Length is 0</msg>
<msg timestamp="20231101 23:35:25.357" level="INFO">${cntS} = 0</msg>
<status status="PASS" starttime="20231101 23:35:25.355" endtime="20231101 23:35:25.357"/>
</kw>
<kw name="Get Regexp Matches" library="String">
<var>${contains}</var>
<arg>${text}</arg>
<arg>${symbol}</arg>
<doc>Returns a list of all non-overlapping matches in the given string.</doc>
<msg timestamp="20231101 23:35:25.362" level="INFO">${contains} = []</msg>
<status status="PASS" starttime="20231101 23:35:25.358" endtime="20231101 23:35:25.362"/>
</kw>
<kw name="Get Length" library="BuiltIn">
<var>${cnt}</var>
<arg>${contains}</arg>
<doc>Returns and logs the length of the given item as an integer.</doc>
<msg timestamp="20231101 23:35:25.365" level="INFO">Length is 0</msg>
<msg timestamp="20231101 23:35:25.365" level="INFO">${cnt} = 0</msg>
<status status="PASS" starttime="20231101 23:35:25.363" endtime="20231101 23:35:25.366"/>
</kw>
<if>
<branch type="IF" condition="${cntS} &gt; 0">
<kw name="Set Variable" library="BuiltIn">
<var>${new_text}</var>
<arg>${STATE["${containsS[0]}"]}</arg>
<doc>Returns the given values which can then be assigned to a variables.</doc>
<status status="NOT RUN" starttime="20231101 23:35:25.368" endtime="20231101 23:35:25.368"/>
</kw>
<kw name="Set Variable" library="BuiltIn">
<var>${symbol}</var>
<arg>_@${containsS[0]}@_</arg>
<doc>Returns the given values which can then be assigned to a variables.</doc>
<status status="NOT RUN" starttime="20231101 23:35:25.369" endtime="20231101 23:35:25.375"/>
</kw>
<status status="NOT RUN" starttime="20231101 23:35:25.367" endtime="20231101 23:35:25.376"/>
</branch>
<branch type="ELSE IF" condition="${cnt} &gt; 0 and '${type}' == 'test name'">
<kw name="Sentence" library="FakerLibrary">
<var>${random}</var>
<arg>nb_words=3</arg>
<doc>Generate a sentence.</doc>
<status status="NOT RUN" starttime="20231101 23:35:25.378" endtime="20231101 23:35:25.379"/>
</kw>
<kw name="Split String" library="String">
<var>${words}</var>
<arg>${TEST NAME}</arg>
<arg>${SPACE}</arg>
<doc>Splits the ``string`` using ``separator`` as a delimiter string.</doc>
<status status="NOT RUN" starttime="20231101 23:35:25.379" endtime="20231101 23:35:25.380"/>
</kw>
<kw name="Set Variable" library="BuiltIn">
<var>${new_text}</var>
<arg>${words[0]} ${random}</arg>
<doc>Returns the given values which can then be assigned to a variables.</doc>
<status status="NOT RUN" starttime="20231101 23:35:25.381" endtime="20231101 23:35:25.381"/>
</kw>
<status status="NOT RUN" starttime="20231101 23:35:25.377" endtime="20231101 23:35:25.382"/>
</branch>
<branch type="ELSE IF" condition="${cnt} &gt; 0 and '${type}' == 'number'">
<kw name="Random Int" library="FakerLibrary">
<var>${new_text}</var>
<doc>Generate a random integer between two integers ``min`` and ``max`` inclusive
while observing the provided ``step`` value.</doc>
<status status="NOT RUN" starttime="20231101 23:35:25.384" endtime="20231101 23:35:25.384"/>
</kw>
<kw name="Convert To String" library="BuiltIn">
<var>${new_text}</var>
<arg>${new_text}</arg>
<doc>Converts the given item to a Unicode string.</doc>
<status status="NOT RUN" starttime="20231101 23:35:25.385" endtime="20231101 23:35:25.390"/>
</kw>
<status status="NOT RUN" starttime="20231101 23:35:25.383" endtime="20231101 23:35:25.392"/>
</branch>
<branch type="ELSE IF" condition="${cnt} &gt; 0 and '${type}' == 'percentage'">
<kw name="Random Int" library="FakerLibrary">
<var>${new_text}</var>
<arg>max=100</arg>
<doc>Generate a random integer between two integers ``min`` and ``max`` inclusive
while observing the provided ``step`` value.</doc>
<status status="NOT RUN" starttime="20231101 23:35:25.395" endtime="20231101 23:35:25.395"/>
</kw>
<kw name="Convert To String" library="BuiltIn">
<var>${new_text}</var>
<arg>${new_text}</arg>
<doc>Converts the given item to a Unicode string.</doc>
<status status="NOT RUN" starttime="20231101 23:35:25.396" endtime="20231101 23:35:25.397"/>
</kw>
<status status="NOT RUN" starttime="20231101 23:35:25.393" endtime="20231101 23:35:25.397"/>
</branch>
<branch type="ELSE IF" condition="${cnt} &gt; 0 and '${type}' == 'paragraph'">
<kw name="Paragraph" library="FakerLibrary">
<var>${new_text}</var>
<doc>Generate a paragraph.</doc>
<status status="NOT RUN" starttime="20231101 23:35:25.399" endtime="20231101 23:35:25.400"/>
</kw>
<status status="NOT RUN" starttime="20231101 23:35:25.398" endtime="20231101 23:35:25.400"/>
</branch>
<branch type="ELSE IF" condition="${cnt} &gt; 0 and '${type}' == 'email'">
<kw name="Email" library="FakerLibrary">
<var>${new_text}</var>
<status status="NOT RUN" starttime="20231101 23:35:25.402" endtime="20231101 23:35:25.402"/>
</kw>
<status status="NOT RUN" starttime="20231101 23:35:25.401" endtime="20231101 23:35:25.408"/>
</branch>
<branch type="ELSE IF" condition="${cnt} &gt; 0 and '${type}' == 'phone'">
<kw name="Random Int" library="FakerLibrary">
<var>${new_text}</var>
<arg>min=2000000000</arg>
<arg>max=9999999999</arg>
<doc>Generate a random integer between two integers ``min`` and ``max`` inclusive
while observing the provided ``step`` value.</doc>
<status status="NOT RUN" starttime="20231101 23:35:25.445" endtime="20231101 23:35:25.447"/>
</kw>
<kw name="Convert To String" library="BuiltIn">
<var>${new_text}</var>
<arg>${new_text}</arg>
<doc>Converts the given item to a Unicode string.</doc>
<status status="NOT RUN" starttime="20231101 23:35:25.453" endtime="20231101 23:35:25.460"/>
</kw>
<kw name="Catenate" library="BuiltIn">
<var>${new_text}</var>
<arg>SEPARATOR=</arg>
<arg>0</arg>
<arg>${new_text}</arg>
<doc>Catenates the given items together and returns the resulted string.</doc>
<status status="NOT RUN" starttime="20231101 23:35:25.468" endtime="20231101 23:35:25.475"/>
</kw>
<status status="NOT RUN" starttime="20231101 23:35:25.409" endtime="20231101 23:35:25.476"/>
</branch>
<branch type="ELSE IF" condition="${cnt} &gt; 0 and '${type}' == 'color'">
<kw name="Safe Hex Color" library="FakerLibrary">
<var>${new_text}</var>
<doc>Generate a web-safe color formatted as a hex triplet.</doc>
<status status="NOT RUN" starttime="20231101 23:35:25.480" endtime="20231101 23:35:25.485"/>
</kw>
<status status="NOT RUN" starttime="20231101 23:35:25.477" endtime="20231101 23:35:25.492"/>
</branch>
<branch type="ELSE IF" condition="${cnt} &gt; 0 and &quot;${type}&quot; == 'password'">
<kw name="Password" library="FakerLibrary">
<var>${new_text}</var>
<arg>10</arg>
<arg>True</arg>
<arg>True</arg>
<arg>True</arg>
<arg>True</arg>
<doc>Generate a random password of the specified ``length``.</doc>
<status status="NOT RUN" starttime="20231101 23:35:25.495" endtime="20231101 23:35:25.496"/>
</kw>
<status status="NOT RUN" starttime="20231101 23:35:25.494" endtime="20231101 23:35:25.498"/>
</branch>
<branch type="ELSE IF" condition="${cnt} &gt; 0 and '${type}' == 'date'">
<kw name="Date" library="FakerLibrary">
<var>${new_text}</var>
<arg>pattern=%d-%m-%Y</arg>
<doc>Get a date string between January 1, 1970 and now.</doc>
<status status="NOT RUN" starttime="20231101 23:35:25.510" endtime="20231101 23:35:25.511"/>
</kw>
<status status="NOT RUN" starttime="20231101 23:35:25.499" endtime="20231101 23:35:25.512"/>
</branch>
<branch type="ELSE IF" condition="${cnt} &gt; 0 and '${type}' == 'word'">
<kw name="Sentence" library="FakerLibrary">
<var>${new_text}</var>
<arg>nb_words=2</arg>
<doc>Generate a sentence.</doc>
<status status="NOT RUN" starttime="20231101 23:35:25.514" endtime="20231101 23:35:25.514"/>
</kw>
<status status="NOT RUN" starttime="20231101 23:35:25.512" endtime="20231101 23:35:25.515"/>
</branch>
<branch type="ELSE IF" condition="${cnt} &gt; 0">
<kw name="Sentence" library="FakerLibrary">
<var>${new_text}</var>
<doc>Generate a sentence.</doc>
<status status="NOT RUN" starttime="20231101 23:35:25.517" endtime="20231101 23:35:25.518"/>
</kw>
<status status="NOT RUN" starttime="20231101 23:35:25.516" endtime="20231101 23:35:25.519"/>
</branch>
<status status="PASS" starttime="20231101 23:35:25.366" endtime="20231101 23:35:25.523"/>
</if>
<kw name="Get Length" library="BuiltIn">
<var>${cnt}</var>
<arg>${text}</arg>
<doc>Returns and logs the length of the given item as an integer.</doc>
<msg timestamp="20231101 23:35:25.525" level="INFO">Length is 15</msg>
<msg timestamp="20231101 23:35:25.525" level="INFO">${cnt} = 15</msg>
<status status="PASS" starttime="20231101 23:35:25.524" endtime="20231101 23:35:25.526"/>
</kw>
<if>
<branch type="IF" condition="${cnt} &gt; 0">
<kw name="Replace String" library="String">
<var>${text}</var>
<arg>${text}</arg>
<arg>${symbol}</arg>
<arg>${new_text}</arg>
<doc>Replaces ``search_for`` in the given ``string`` with ``replace_with``.</doc>
<msg timestamp="20231101 23:35:25.528" level="INFO">${text} = admin@gmail.com</msg>
<status status="PASS" starttime="20231101 23:35:25.527" endtime="20231101 23:35:25.529"/>
</kw>
<status status="PASS" starttime="20231101 23:35:25.526" endtime="20231101 23:35:25.530"/>
</branch>
<status status="PASS" starttime="20231101 23:35:25.526" endtime="20231101 23:35:25.531"/>
</if>
<msg timestamp="20231101 23:35:25.532" level="INFO">${text} = admin@gmail.com</msg>
<status status="PASS" starttime="20231101 23:35:25.346" endtime="20231101 23:35:25.532"/>
</kw>
<kw name="Get Element Form Item By Name" library="common">
<var>${element}</var>
<arg>${name}</arg>
<arg>//input[contains(@class, "ant-input")]</arg>
<msg timestamp="20231101 23:35:25.539" level="INFO">${element} = xpath=//*[contains(@class, "ant-form-item-label")]/label[text()="Email"]/../../*[contains(@class, "ant-form-item")]//input[contains(@class, "ant-input")]</msg>
<status status="PASS" starttime="20231101 23:35:25.534" endtime="20231101 23:35:25.540"/>
</kw>
<kw name="Click" library="Browser">
<arg>${element}</arg>
<tag>PageContent</tag>
<tag>Setter</tag>
<doc>Simulates mouse click on the element found by ``selector``.</doc>
<status status="PASS" starttime="20231101 23:35:25.542" endtime="20231101 23:35:25.944"/>
</kw>
<kw name="Clear Text" library="Browser">
<arg>${element}</arg>
<tag>PageContent</tag>
<tag>Setter</tag>
<doc>Clears the text field found by ``selector``.</doc>
<status status="PASS" starttime="20231101 23:35:25.945" endtime="20231101 23:35:26.040"/>
</kw>
<kw name="Fill Text" library="Browser">
<arg>${element}</arg>
<arg>${text}</arg>
<arg>True</arg>
<tag>PageContent</tag>
<tag>Setter</tag>
<doc>Clears and fills the given ``txt`` into the text field found by ``selector``.</doc>
<msg timestamp="20231101 23:35:26.041" level="INFO">Fills the text 'admin@gmail.com' in the given field.</msg>
<status status="PASS" starttime="20231101 23:35:26.040" endtime="20231101 23:35:26.094"/>
</kw>
<kw name="Get Text" library="Browser">
<var>${condition}</var>
<arg>${element}</arg>
<tag>Assertion</tag>
<tag>Getter</tag>
<tag>PageContent</tag>
<doc>Returns text attribute of the element found by ``selector``.</doc>
<msg timestamp="20231101 23:35:26.150" level="INFO">Text: 'admin@gmail.com'</msg>
<msg timestamp="20231101 23:35:26.150" level="INFO">${condition} = admin@gmail.com</msg>
<status status="PASS" starttime="20231101 23:35:26.095" endtime="20231101 23:35:26.150"/>
</kw>
<while condition="'${condition}' != '${text}'" limit="10">
<iter>
<kw name="Fill Text" library="Browser">
<arg>${element}</arg>
<arg>${text}</arg>
<tag>PageContent</tag>
<tag>Setter</tag>
<doc>Clears and fills the given ``txt`` into the text field found by ``selector``.</doc>
<status status="NOT RUN" starttime="20231101 23:35:26.151" endtime="20231101 23:35:26.152"/>
</kw>
<kw name="Get Text" library="Browser">
<var>${condition}</var>
<arg>${element}</arg>
<tag>Assertion</tag>
<tag>Getter</tag>
<tag>PageContent</tag>
<doc>Returns text attribute of the element found by ``selector``.</doc>
<status status="NOT RUN" starttime="20231101 23:35:26.152" endtime="20231101 23:35:26.155"/>
</kw>
<status status="NOT RUN" starttime="20231101 23:35:26.151" endtime="20231101 23:35:26.156"/>
</iter>
<status status="NOT RUN" starttime="20231101 23:35:26.151" endtime="20231101 23:35:26.157"/>
</while>
<kw name="Get Length" library="BuiltIn">
<var>${cnt}</var>
<arg>${text}</arg>
<doc>Returns and logs the length of the given item as an integer.</doc>
<msg timestamp="20231101 23:35:26.158" level="INFO">Length is 15</msg>
<msg timestamp="20231101 23:35:26.159" level="INFO">${cnt} = 15</msg>
<status status="PASS" starttime="20231101 23:35:26.158" endtime="20231101 23:35:26.159"/>
</kw>
<if>
<branch type="IF" condition="${cnt} &gt; 0">
<kw name="Set Global Variable" library="BuiltIn">
<arg>\${STATE["${name}"]}</arg>
<arg>${text}</arg>
<doc>Makes a variable available globally in all tests and suites.</doc>
<msg timestamp="20231101 23:35:26.161" level="INFO">${STATE["Email"]} = admin@gmail.com</msg>
<status status="PASS" starttime="20231101 23:35:26.160" endtime="20231101 23:35:26.161"/>
</kw>
<status status="PASS" starttime="20231101 23:35:26.159" endtime="20231101 23:35:26.161"/>
</branch>
<status status="PASS" starttime="20231101 23:35:26.159" endtime="20231101 23:35:26.161"/>
</if>
<kw name="Wait Until Network Is Idle" library="Browser">
<tag>HTTP</tag>
<tag>Wait</tag>
<doc>Waits until there has been at least one instance of 500 ms of no network traffic on the page after loading.</doc>
<status status="PASS" starttime="20231101 23:35:26.162" endtime="20231101 23:35:26.178"/>
</kw>
<status status="PASS" starttime="20231101 23:35:25.344" endtime="20231101 23:35:26.179"/>
</kw>
<kw name="Enter &quot;password&quot; in &quot;Mật khẩu&quot; with &quot;123123&quot;" library="common" sourcename="Enter &quot;${type}&quot; in &quot;${name}&quot; with &quot;${text}&quot;">
<kw name="Get Random Text" library="common">
<var>${text}</var>
<arg>${type}</arg>
<arg>${text}</arg>
<kw name="Set Variable" library="BuiltIn">
<var>${symbol}</var>
<arg>_RANDOM_</arg>
<doc>Returns the given values which can then be assigned to a variables.</doc>
<msg timestamp="20231101 23:35:26.183" level="INFO">${symbol} = _RANDOM_</msg>
<status status="PASS" starttime="20231101 23:35:26.182" endtime="20231101 23:35:26.184"/>
</kw>
<kw name="Set Variable" library="BuiltIn">
<var>${new_text}</var>
<doc>Returns the given values which can then be assigned to a variables.</doc>
<msg timestamp="20231101 23:35:26.185" level="INFO">${new_text} = </msg>
<status status="PASS" starttime="20231101 23:35:26.184" endtime="20231101 23:35:26.188"/>
</kw>
<kw name="Get Regexp Matches" library="String">
<var>${containsS}</var>
<arg>${text}</arg>
<arg>_@(.+)@_</arg>
<arg>1</arg>
<doc>Returns a list of all non-overlapping matches in the given string.</doc>
<msg timestamp="20231101 23:35:26.191" level="INFO">${containsS} = []</msg>
<status status="PASS" starttime="20231101 23:35:26.190" endtime="20231101 23:35:26.191"/>
</kw>
<kw name="Get Length" library="BuiltIn">
<var>${cntS}</var>
<arg>${containsS}</arg>
<doc>Returns and logs the length of the given item as an integer.</doc>
<msg timestamp="20231101 23:35:26.192" level="INFO">Length is 0</msg>
<msg timestamp="20231101 23:35:26.193" level="INFO">${cntS} = 0</msg>
<status status="PASS" starttime="20231101 23:35:26.192" endtime="20231101 23:35:26.193"/>
</kw>
<kw name="Get Regexp Matches" library="String">
<var>${contains}</var>
<arg>${text}</arg>
<arg>${symbol}</arg>
<doc>Returns a list of all non-overlapping matches in the given string.</doc>
<msg timestamp="20231101 23:35:26.195" level="INFO">${contains} = []</msg>
<status status="PASS" starttime="20231101 23:35:26.194" endtime="20231101 23:35:26.195"/>
</kw>
<kw name="Get Length" library="BuiltIn">
<var>${cnt}</var>
<arg>${contains}</arg>
<doc>Returns and logs the length of the given item as an integer.</doc>
<msg timestamp="20231101 23:35:26.196" level="INFO">Length is 0</msg>
<msg timestamp="20231101 23:35:26.197" level="INFO">${cnt} = 0</msg>
<status status="PASS" starttime="20231101 23:35:26.196" endtime="20231101 23:35:26.197"/>
</kw>
<if>
<branch type="IF" condition="${cntS} &gt; 0">
<kw name="Set Variable" library="BuiltIn">
<var>${new_text}</var>
<arg>${STATE["${containsS[0]}"]}</arg>
<doc>Returns the given values which can then be assigned to a variables.</doc>
<status status="NOT RUN" starttime="20231101 23:35:26.198" endtime="20231101 23:35:26.199"/>
</kw>
<kw name="Set Variable" library="BuiltIn">
<var>${symbol}</var>
<arg>_@${containsS[0]}@_</arg>
<doc>Returns the given values which can then be assigned to a variables.</doc>
<status status="NOT RUN" starttime="20231101 23:35:26.200" endtime="20231101 23:35:26.201"/>
</kw>
<status status="NOT RUN" starttime="20231101 23:35:26.198" endtime="20231101 23:35:26.201"/>
</branch>
<branch type="ELSE IF" condition="${cnt} &gt; 0 and '${type}' == 'test name'">
<kw name="Sentence" library="FakerLibrary">
<var>${random}</var>
<arg>nb_words=3</arg>
<doc>Generate a sentence.</doc>
<status status="NOT RUN" starttime="20231101 23:35:26.207" endtime="20231101 23:35:26.208"/>
</kw>
<kw name="Split String" library="String">
<var>${words}</var>
<arg>${TEST NAME}</arg>
<arg>${SPACE}</arg>
<doc>Splits the ``string`` using ``separator`` as a delimiter string.</doc>
<status status="NOT RUN" starttime="20231101 23:35:26.208" endtime="20231101 23:35:26.209"/>
</kw>
<kw name="Set Variable" library="BuiltIn">
<var>${new_text}</var>
<arg>${words[0]} ${random}</arg>
<doc>Returns the given values which can then be assigned to a variables.</doc>
<status status="NOT RUN" starttime="20231101 23:35:26.209" endtime="20231101 23:35:26.210"/>
</kw>
<status status="NOT RUN" starttime="20231101 23:35:26.202" endtime="20231101 23:35:26.210"/>
</branch>
<branch type="ELSE IF" condition="${cnt} &gt; 0 and '${type}' == 'number'">
<kw name="Random Int" library="FakerLibrary">
<var>${new_text}</var>
<doc>Generate a random integer between two integers ``min`` and ``max`` inclusive
while observing the provided ``step`` value.</doc>
<status status="NOT RUN" starttime="20231101 23:35:26.211" endtime="20231101 23:35:26.212"/>
</kw>
<kw name="Convert To String" library="BuiltIn">
<var>${new_text}</var>
<arg>${new_text}</arg>
<doc>Converts the given item to a Unicode string.</doc>
<status status="NOT RUN" starttime="20231101 23:35:26.213" endtime="20231101 23:35:26.213"/>
</kw>
<status status="NOT RUN" starttime="20231101 23:35:26.210" endtime="20231101 23:35:26.213"/>
</branch>
<branch type="ELSE IF" condition="${cnt} &gt; 0 and '${type}' == 'percentage'">
<kw name="Random Int" library="FakerLibrary">
<var>${new_text}</var>
<arg>max=100</arg>
<doc>Generate a random integer between two integers ``min`` and ``max`` inclusive
while observing the provided ``step`` value.</doc>
<status status="NOT RUN" starttime="20231101 23:35:26.215" endtime="20231101 23:35:26.215"/>
</kw>
<kw name="Convert To String" library="BuiltIn">
<var>${new_text}</var>
<arg>${new_text}</arg>
<doc>Converts the given item to a Unicode string.</doc>
<status status="NOT RUN" starttime="20231101 23:35:26.216" endtime="20231101 23:35:26.217"/>
</kw>
<status status="NOT RUN" starttime="20231101 23:35:26.214" endtime="20231101 23:35:26.217"/>
</branch>
<branch type="ELSE IF" condition="${cnt} &gt; 0 and '${type}' == 'paragraph'">
<kw name="Paragraph" library="FakerLibrary">
<var>${new_text}</var>
<doc>Generate a paragraph.</doc>
<status status="NOT RUN" starttime="20231101 23:35:26.218" endtime="20231101 23:35:26.218"/>
</kw>
<status status="NOT RUN" starttime="20231101 23:35:26.217" endtime="20231101 23:35:26.219"/>
</branch>
<branch type="ELSE IF" condition="${cnt} &gt; 0 and '${type}' == 'email'">
<kw name="Email" library="FakerLibrary">
<var>${new_text}</var>
<status status="NOT RUN" starttime="20231101 23:35:26.223" endtime="20231101 23:35:26.224"/>
</kw>
<status status="NOT RUN" starttime="20231101 23:35:26.222" endtime="20231101 23:35:26.224"/>
</branch>
<branch type="ELSE IF" condition="${cnt} &gt; 0 and '${type}' == 'phone'">
<kw name="Random Int" library="FakerLibrary">
<var>${new_text}</var>
<arg>min=2000000000</arg>
<arg>max=9999999999</arg>
<doc>Generate a random integer between two integers ``min`` and ``max`` inclusive
while observing the provided ``step`` value.</doc>
<status status="NOT RUN" starttime="20231101 23:35:26.225" endtime="20231101 23:35:26.225"/>
</kw>
<kw name="Convert To String" library="BuiltIn">
<var>${new_text}</var>
<arg>${new_text}</arg>
<doc>Converts the given item to a Unicode string.</doc>
<status status="NOT RUN" starttime="20231101 23:35:26.226" endtime="20231101 23:35:26.226"/>
</kw>
<kw name="Catenate" library="BuiltIn">
<var>${new_text}</var>
<arg>SEPARATOR=</arg>
<arg>0</arg>
<arg>${new_text}</arg>
<doc>Catenates the given items together and returns the resulted string.</doc>
<status status="NOT RUN" starttime="20231101 23:35:26.226" endtime="20231101 23:35:26.226"/>
</kw>
<status status="NOT RUN" starttime="20231101 23:35:26.224" endtime="20231101 23:35:26.227"/>
</branch>
<branch type="ELSE IF" condition="${cnt} &gt; 0 and '${type}' == 'color'">
<kw name="Safe Hex Color" library="FakerLibrary">
<var>${new_text}</var>
<doc>Generate a web-safe color formatted as a hex triplet.</doc>
<status status="NOT RUN" starttime="20231101 23:35:26.227" endtime="20231101 23:35:26.228"/>
</kw>
<status status="NOT RUN" starttime="20231101 23:35:26.227" endtime="20231101 23:35:26.228"/>
</branch>
<branch type="ELSE IF" condition="${cnt} &gt; 0 and &quot;${type}&quot; == 'password'">
<kw name="Password" library="FakerLibrary">
<var>${new_text}</var>
<arg>10</arg>
<arg>True</arg>
<arg>True</arg>
<arg>True</arg>
<arg>True</arg>
<doc>Generate a random password of the specified ``length``.</doc>
<status status="NOT RUN" starttime="20231101 23:35:26.228" endtime="20231101 23:35:26.229"/>
</kw>
<status status="NOT RUN" starttime="20231101 23:35:26.228" endtime="20231101 23:35:26.229"/>
</branch>
<branch type="ELSE IF" condition="${cnt} &gt; 0 and '${type}' == 'date'">
<kw name="Date" library="FakerLibrary">
<var>${new_text}</var>
<arg>pattern=%d-%m-%Y</arg>
<doc>Get a date string between January 1, 1970 and now.</doc>
<status status="NOT RUN" starttime="20231101 23:35:26.230" endtime="20231101 23:35:26.231"/>
</kw>
<status status="NOT RUN" starttime="20231101 23:35:26.229" endtime="20231101 23:35:26.231"/>
</branch>
<branch type="ELSE IF" condition="${cnt} &gt; 0 and '${type}' == 'word'">
<kw name="Sentence" library="FakerLibrary">
<var>${new_text}</var>
<arg>nb_words=2</arg>
<doc>Generate a sentence.</doc>
<status status="NOT RUN" starttime="20231101 23:35:26.232" endtime="20231101 23:35:26.232"/>
</kw>
<status status="NOT RUN" starttime="20231101 23:35:26.231" endtime="20231101 23:35:26.232"/>
</branch>
<branch type="ELSE IF" condition="${cnt} &gt; 0">
<kw name="Sentence" library="FakerLibrary">
<var>${new_text}</var>
<doc>Generate a sentence.</doc>
<status status="NOT RUN" starttime="20231101 23:35:26.233" endtime="20231101 23:35:26.233"/>
</kw>
<status status="NOT RUN" starttime="20231101 23:35:26.232" endtime="20231101 23:35:26.233"/>
</branch>
<status status="PASS" starttime="20231101 23:35:26.197" endtime="20231101 23:35:26.234"/>
</if>
<kw name="Get Length" library="BuiltIn">
<var>${cnt}</var>
<arg>${text}</arg>
<doc>Returns and logs the length of the given item as an integer.</doc>
<msg timestamp="20231101 23:35:26.234" level="INFO">Length is 6</msg>
<msg timestamp="20231101 23:35:26.235" level="INFO">${cnt} = 6</msg>
<status status="PASS" starttime="20231101 23:35:26.234" endtime="20231101 23:35:26.235"/>
</kw>
<if>
<branch type="IF" condition="${cnt} &gt; 0">
<kw name="Replace String" library="String">
<var>${text}</var>
<arg>${text}</arg>
<arg>${symbol}</arg>
<arg>${new_text}</arg>
<doc>Replaces ``search_for`` in the given ``string`` with ``replace_with``.</doc>
<msg timestamp="20231101 23:35:26.240" level="INFO">${text} = 123123</msg>
<status status="PASS" starttime="20231101 23:35:26.239" endtime="20231101 23:35:26.240"/>
</kw>
<status status="PASS" starttime="20231101 23:35:26.235" endtime="20231101 23:35:26.240"/>
</branch>
<status status="PASS" starttime="20231101 23:35:26.235" endtime="20231101 23:35:26.241"/>
</if>
<msg timestamp="20231101 23:35:26.241" level="INFO">${text} = 123123</msg>
<status status="PASS" starttime="20231101 23:35:26.181" endtime="20231101 23:35:26.241"/>
</kw>
<kw name="Get Element Form Item By Name" library="common">
<var>${element}</var>
<arg>${name}</arg>
<arg>//input[contains(@class, "ant-input")]</arg>
<msg timestamp="20231101 23:35:26.242" level="INFO">${element} = xpath=//*[contains(@class, "ant-form-item-label")]/label[text()="Mật khẩu"]/../../*[contains(@class, "ant-form-item")]//input[contains(@class, "ant-input")]</msg>
<status status="PASS" starttime="20231101 23:35:26.241" endtime="20231101 23:35:26.242"/>
</kw>
<kw name="Click" library="Browser">
<arg>${element}</arg>
<tag>PageContent</tag>
<tag>Setter</tag>
<doc>Simulates mouse click on the element found by ``selector``.</doc>
<status status="PASS" starttime="20231101 23:35:26.243" endtime="20231101 23:35:26.356"/>
</kw>
<kw name="Clear Text" library="Browser">
<arg>${element}</arg>
<tag>PageContent</tag>
<tag>Setter</tag>
<doc>Clears the text field found by ``selector``.</doc>
<status status="PASS" starttime="20231101 23:35:26.357" endtime="20231101 23:35:26.401"/>
</kw>
<kw name="Fill Text" library="Browser">
<arg>${element}</arg>
<arg>${text}</arg>
<arg>True</arg>
<tag>PageContent</tag>
<tag>Setter</tag>
<doc>Clears and fills the given ``txt`` into the text field found by ``selector``.</doc>
<msg timestamp="20231101 23:35:26.406" level="INFO">Fills the text '123123' in the given field.</msg>
<status status="PASS" starttime="20231101 23:35:26.402" endtime="20231101 23:35:26.457"/>
</kw>
<kw name="Get Text" library="Browser">
<var>${condition}</var>
<arg>${element}</arg>
<tag>Assertion</tag>
<tag>Getter</tag>
<tag>PageContent</tag>
<doc>Returns text attribute of the element found by ``selector``.</doc>
<msg timestamp="20231101 23:35:26.507" level="INFO">Text: '123123'</msg>
<msg timestamp="20231101 23:35:26.508" level="INFO">${condition} = 123123</msg>
<status status="PASS" starttime="20231101 23:35:26.458" endtime="20231101 23:35:26.508"/>
</kw>
<while condition="'${condition}' != '${text}'" limit="10">
<iter>
<kw name="Fill Text" library="Browser">
<arg>${element}</arg>
<arg>${text}</arg>
<tag>PageContent</tag>
<tag>Setter</tag>
<doc>Clears and fills the given ``txt`` into the text field found by ``selector``.</doc>
<status status="NOT RUN" starttime="20231101 23:35:26.510" endtime="20231101 23:35:26.510"/>
</kw>
<kw name="Get Text" library="Browser">
<var>${condition}</var>
<arg>${element}</arg>
<tag>Assertion</tag>
<tag>Getter</tag>
<tag>PageContent</tag>
<doc>Returns text attribute of the element found by ``selector``.</doc>
<status status="NOT RUN" starttime="20231101 23:35:26.511" endtime="20231101 23:35:26.511"/>
</kw>
<status status="NOT RUN" starttime="20231101 23:35:26.509" endtime="20231101 23:35:26.511"/>
</iter>
<status status="NOT RUN" starttime="20231101 23:35:26.509" endtime="20231101 23:35:26.511"/>
</while>
<kw name="Get Length" library="BuiltIn">
<var>${cnt}</var>
<arg>${text}</arg>
<doc>Returns and logs the length of the given item as an integer.</doc>
<msg timestamp="20231101 23:35:26.512" level="INFO">Length is 6</msg>
<msg timestamp="20231101 23:35:26.512" level="INFO">${cnt} = 6</msg>
<status status="PASS" starttime="20231101 23:35:26.512" endtime="20231101 23:35:26.512"/>
</kw>
<if>
<branch type="IF" condition="${cnt} &gt; 0">
<kw name="Set Global Variable" library="BuiltIn">
<arg>\${STATE["${name}"]}</arg>
<arg>${text}</arg>
<doc>Makes a variable available globally in all tests and suites.</doc>
<msg timestamp="20231101 23:35:26.515" level="INFO">${STATE["Mật khẩu"]} = 123123</msg>
<status status="PASS" starttime="20231101 23:35:26.514" endtime="20231101 23:35:26.516"/>
</kw>
<status status="PASS" starttime="20231101 23:35:26.513" endtime="20231101 23:35:26.516"/>
</branch>
<status status="PASS" starttime="20231101 23:35:26.513" endtime="20231101 23:35:26.517"/>
</if>
<kw name="Wait Until Network Is Idle" library="Browser">
<tag>HTTP</tag>
<tag>Wait</tag>
<doc>Waits until there has been at least one instance of 500 ms of no network traffic on the page after loading.</doc>
<status status="PASS" starttime="20231101 23:35:26.517" endtime="20231101 23:35:26.529"/>
</kw>
<status status="PASS" starttime="20231101 23:35:26.180" endtime="20231101 23:35:26.530"/>
</kw>
<kw name="Click &quot;Đăng nhập&quot; button" library="common" sourcename="Click &quot;${text}&quot; button">
<kw name="Sleep" library="BuiltIn">
<arg>${SHOULD_TIMEOUT}</arg>
<doc>Pauses the test executed for the given time.</doc>
<msg timestamp="20231101 23:35:26.634" level="INFO">Slept 100 milliseconds</msg>
<status status="PASS" starttime="20231101 23:35:26.532" endtime="20231101 23:35:26.634"/>
</kw>
<kw name="Get Element Count" library="Browser">
<var>${cnt}</var>
<arg>//button[@title = "${text}"]</arg>
<tag>Assertion</tag>
<tag>Getter</tag>
<tag>PageContent</tag>
<doc>Returns the count of elements found with ``selector``.</doc>
<msg timestamp="20231101 23:35:26.667" level="INFO">${cnt} = 1</msg>
<status status="PASS" starttime="20231101 23:35:26.635" endtime="20231101 23:35:26.667"/>
</kw>
<if>
<branch type="IF" condition="${cnt} &gt; 0">
<kw name="Click" library="Browser">
<arg>xpath=//button[@title = "${text}"]</arg>
<tag>PageContent</tag>
<tag>Setter</tag>
<doc>Simulates mouse click on the element found by ``selector``.</doc>
<status status="PASS" starttime="20231101 23:35:26.669" endtime="20231101 23:35:26.785"/>
</kw>
<kw name="Click Confirm To Action" library="common">
<kw name="Set Variable" library="BuiltIn">
<var>${element}</var>
<arg>xpath=//*[contains(@class, "ant-popover")]//*[contains(@class, "ant-btn-primary")]</arg>
<doc>Returns the given values which can then be assigned to a variables.</doc>
<msg timestamp="20231101 23:35:26.791" level="INFO">${element} = xpath=//*[contains(@class, "ant-popover")]//*[contains(@class, "ant-btn-primary")]</msg>
<status status="PASS" starttime="20231101 23:35:26.790" endtime="20231101 23:35:26.791"/>
</kw>
<kw name="Get Element Count" library="Browser">
<var>${count}</var>
<arg>${element}</arg>
<tag>Assertion</tag>
<tag>Getter</tag>
<tag>PageContent</tag>
<doc>Returns the count of elements found with ``selector``.</doc>
<msg timestamp="20231101 23:35:26.800" level="INFO">${count} = 0</msg>
<status status="PASS" starttime="20231101 23:35:26.792" endtime="20231101 23:35:26.801"/>
</kw>
<if>
<branch type="IF" condition="${count} &gt; 0">
<kw name="Click" library="Browser">
<arg>${element}</arg>
<tag>PageContent</tag>
<tag>Setter</tag>
<doc>Simulates mouse click on the element found by ``selector``.</doc>
<status status="NOT RUN" starttime="20231101 23:35:26.804" endtime="20231101 23:35:26.805"/>
</kw>
<kw name="Sleep" library="BuiltIn">
<arg>${SHOULD_TIMEOUT}</arg>
<doc>Pauses the test executed for the given time.</doc>
<status status="NOT RUN" starttime="20231101 23:35:26.806" endtime="20231101 23:35:26.806"/>
</kw>
<kw name="Wait Until Element Spin" library="common">
<status status="NOT RUN" starttime="20231101 23:35:26.807" endtime="20231101 23:35:26.808"/>
</kw>
<status status="NOT RUN" starttime="20231101 23:35:26.801" endtime="20231101 23:35:26.808"/>
</branch>
<status status="PASS" starttime="20231101 23:35:26.801" endtime="20231101 23:35:26.809"/>
</if>
<status status="PASS" starttime="20231101 23:35:26.788" endtime="20231101 23:35:26.809"/>
</kw>
<kw name="Scroll By" library="Browser">
<arg>${None}</arg>
<tag>PageContent</tag>
<tag>Setter</tag>
<doc>Scrolls an element or the page relative from current position by the given values.</doc>
<msg timestamp="20231101 23:35:26.848" level="INFO">JavaScript executed successfully.</msg>
<msg timestamp="20231101 23:35:26.849" level="INFO">JavaScript executed successfully.</msg>
<msg timestamp="20231101 23:35:26.877" level="INFO">JavaScript executed successfully.</msg>
<msg timestamp="20231101 23:35:26.877" level="INFO">JavaScript executed successfully.</msg>
<msg timestamp="20231101 23:35:26.943" level="INFO">JavaScript executed successfully.</msg>
<status status="PASS" starttime="20231101 23:35:26.810" endtime="20231101 23:35:26.943"/>
</kw>
<status status="PASS" starttime="20231101 23:35:26.668" endtime="20231101 23:35:26.944"/>
</branch>
<branch type="ELSE">
<kw name="Click" library="Browser">
<arg>//span[contains(text(),"${text}")]</arg>
<tag>PageContent</tag>
<tag>Setter</tag>
<doc>Simulates mouse click on the element found by ``selector``.</doc>
<status status="NOT RUN" starttime="20231101 23:35:26.945" endtime="20231101 23:35:26.945"/>
</kw>
<kw name="Click Confirm To Action" library="common">
<status status="NOT RUN" starttime="20231101 23:35:26.946" endtime="20231101 23:35:26.946"/>
</kw>
<kw name="Scroll By" library="Browser">
<arg>${None}</arg>
<tag>PageContent</tag>
<tag>Setter</tag>
<doc>Scrolls an element or the page relative from current position by the given values.</doc>
<status status="NOT RUN" starttime="20231101 23:35:26.947" endtime="20231101 23:35:26.948"/>
</kw>
<status status="NOT RUN" starttime="20231101 23:35:26.944" endtime="20231101 23:35:26.948"/>
</branch>
<status status="PASS" starttime="20231101 23:35:26.668" endtime="20231101 23:35:26.948"/>
</if>
<kw name="Wait Until Network Is Idle" library="Browser">
<tag>HTTP</tag>
<tag>Wait</tag>
<doc>Waits until there has been at least one instance of 500 ms of no network traffic on the page after loading.</doc>
<status status="PASS" starttime="20231101 23:35:26.949" endtime="20231101 23:35:26.960"/>
</kw>
<status status="PASS" starttime="20231101 23:35:26.531" endtime="20231101 23:35:26.961"/>
</kw>
<kw name="User look message &quot;Success&quot; popup" library="common" sourcename="User look message &quot;${message}&quot; popup">
<kw name="Get Regexp Matches" library="String">
<var>${contains}</var>
<arg>${message}</arg>
<arg>_@(.+)@_</arg>
<arg>1</arg>
<doc>Returns a list of all non-overlapping matches in the given string.</doc>
<msg timestamp="20231101 23:35:26.965" level="INFO">${contains} = []</msg>
<status status="PASS" starttime="20231101 23:35:26.964" endtime="20231101 23:35:26.965"/>
</kw>
<kw name="Get Length" library="BuiltIn">
<var>${cnt}</var>
<arg>${contains}</arg>
<doc>Returns and logs the length of the given item as an integer.</doc>
<msg timestamp="20231101 23:35:26.967" level="INFO">Length is 0</msg>
<msg timestamp="20231101 23:35:26.968" level="INFO">${cnt} = 0</msg>
<status status="PASS" starttime="20231101 23:35:26.966" endtime="20231101 23:35:26.968"/>
</kw>
<if>
<branch type="IF" condition="${cnt} &gt; 0">
<kw name="Replace String" library="String">
<var>${message}</var>
<arg>${message}</arg>
<arg>_@${contains[0]}@_</arg>
<arg>${STATE["${contains[0]}"]}</arg>
<doc>Replaces ``search_for`` in the given ``string`` with ``replace_with``.</doc>
<status status="NOT RUN" starttime="20231101 23:35:26.973" endtime="20231101 23:35:26.974"/>
</kw>
<status status="NOT RUN" starttime="20231101 23:35:26.969" endtime="20231101 23:35:26.974"/>
</branch>
<status status="PASS" starttime="20231101 23:35:26.969" endtime="20231101 23:35:26.975"/>
</if>
<kw name="Wait Until Keyword Succeeds" library="BuiltIn">
<arg>${SHOULD_TIMEOUT}</arg>
<arg>${TIME_TRY}</arg>
<arg>Element Text Should Be</arg>
<arg>id=swal2-html-container</arg>
<arg>${message}</arg>
<doc>Runs the specified keyword and retries if it fails.</doc>
<kw name="Element Text Should Be" library="common">
<arg>id=swal2-html-container</arg>
<arg>${message}</arg>
<kw name="Get Text" library="Browser">
<arg>${locator}</arg>
<arg>equal</arg>
<arg>${expected}</arg>
<arg>${message}</arg>
<tag>Assertion</tag>
<tag>Getter</tag>
<tag>PageContent</tag>
<doc>Returns text attribute of the element found by ``selector``.</doc>
<msg timestamp="20231101 23:35:27.314" level="INFO">Text: 'Success'</msg>
<status status="PASS" starttime="20231101 23:35:26.981" endtime="20231101 23:35:27.314"/>
</kw>
<status status="PASS" starttime="20231101 23:35:26.978" endtime="20231101 23:35:27.314"/>
</kw>
<status status="PASS" starttime="20231101 23:35:26.976" endtime="20231101 23:35:27.314"/>
</kw>
<kw name="Set Variable" library="BuiltIn">
<var>${element}</var>
<arg>xpath=//*[contains(@class, "swal2-confirm")]</arg>
<doc>Returns the given values which can then be assigned to a variables.</doc>
<msg timestamp="20231101 23:35:27.315" level="INFO">${element} = xpath=//*[contains(@class, "swal2-confirm")]</msg>
<status status="PASS" starttime="20231101 23:35:27.315" endtime="20231101 23:35:27.315"/>
</kw>
<kw name="Run Keyword And Return Status" library="BuiltIn">
<var>${passed}</var>
<arg>Element Should Be Visible</arg>
<arg>${element}</arg>
<doc>Runs the given keyword with given arguments and returns the status as a Boolean value.</doc>
<kw name="Element Should Be Visible" library="common">
<arg>${element}</arg>
<kw name="Wait For Elements State" library="Browser">
<arg>${locator}</arg>
<arg>visible</arg>
<arg>${timeout}</arg>
<arg>${message}</arg>
<tag>PageContent</tag>
<tag>Wait</tag>
<doc>Waits for the element found by ``selector`` to satisfy state option.</doc>
<msg timestamp="20231101 23:35:27.644" level="INFO" html="true">&lt;/td&gt;&lt;/tr&gt;&lt;tr&gt;&lt;td colspan="3"&gt;&lt;a href="browser/screenshot/fail-screenshot-1.png" target="_blank"&gt;&lt;img src="browser/screenshot/fail-screenshot-1.png" width="800px"/&gt;&lt;/a&gt;</msg>
<msg timestamp="20231101 23:35:27.644" level="INFO">See also file:///D:/TESTER/Automation/playwright-log.txt for additional details.</msg>
<msg timestamp="20231101 23:35:27.645" level="FAIL">TimeoutError: locator.waitFor: Timeout 100ms exceeded.
=========================== logs ===========================
waiting for locator('xpath=//*[contains(@class, "swal2-confirm")]') to be visible
  locator resolved to hidden &lt;button type="button" aria-label="" class="swal2-confirm…&gt;OK&lt;/button&gt;
  locator resolved to hidden &lt;button type="button" aria-label="" class="swal2-confirm…&gt;OK&lt;/button&gt;
  locator resolved to hidden &lt;button type="button" aria-label="" class="swal2-confirm…&gt;OK&lt;/button&gt;
============================================================
Tip: Use "Set Browser Timeout" for increasing the timeout or double check your locator as the targeted element(s) couldn't be found.</msg>
<status status="FAIL" starttime="20231101 23:35:27.317" endtime="20231101 23:35:27.654"/>
</kw>
<status status="FAIL" starttime="20231101 23:35:27.316" endtime="20231101 23:35:27.656"/>
</kw>
<msg timestamp="20231101 23:35:27.657" level="INFO">${passed} = False</msg>
<status status="PASS" starttime="20231101 23:35:27.316" endtime="20231101 23:35:27.657"/>
</kw>
<if>
<branch type="IF" condition="'${passed}' == 'True'">
<kw name="Click" library="Browser">
<arg>${element}</arg>
<tag>PageContent</tag>
<tag>Setter</tag>
<doc>Simulates mouse click on the element found by ``selector``.</doc>
<status status="NOT RUN" starttime="20231101 23:35:27.659" endtime="20231101 23:35:27.660"/>
</kw>
<status status="NOT RUN" starttime="20231101 23:35:27.658" endtime="20231101 23:35:27.660"/>
</branch>
<status status="PASS" starttime="20231101 23:35:27.658" endtime="20231101 23:35:27.661"/>
</if>
<status status="PASS" starttime="20231101 23:35:26.962" endtime="20231101 23:35:27.661"/>
</kw>
<status status="PASS" starttime="20231101 23:35:25.343" endtime="20231101 23:35:27.662"/>
</kw>
<kw name="Click &quot;QUẢN LÝ DANH MỤC&quot; menu" library="common" sourcename="Click &quot;${text}&quot; menu">
<kw name="Click" library="Browser">
<arg>xpath=//li[contains(@class, "menu") and descendant::span[contains(text(), "${text}")]]</arg>
<tag>PageContent</tag>
<tag>Setter</tag>
<doc>Simulates mouse click on the element found by ``selector``.</doc>
<status status="PASS" starttime="20231101 23:35:27.664" endtime="20231101 23:35:28.661"/>
</kw>
<status status="PASS" starttime="20231101 23:35:27.663" endtime="20231101 23:35:28.661"/>
</kw>
<kw name="Click &quot;Quản lý dữ liệu&quot; sub menu to &quot;/data&quot;" library="common" sourcename="Click &quot;${text}&quot; sub menu to &quot;${url}&quot;">
<kw name="Wait Until Element Spin" library="common">
<kw name="Sleep" library="BuiltIn">
<arg>${SHOULD_TIMEOUT}</arg>
<doc>Pauses the test executed for the given time.</doc>
<msg timestamp="20231101 23:35:28.764" level="INFO">Slept 100 milliseconds</msg>
<status status="PASS" starttime="20231101 23:35:28.662" endtime="20231101 23:35:28.764"/>
</kw>
<kw name="Set Variable" library="BuiltIn">
<var>${element}</var>
<arg>xpath=//*[contains(@class, "ant-spin-spinning")]</arg>
<doc>Returns the given values which can then be assigned to a variables.</doc>
<msg timestamp="20231101 23:35:28.764" level="INFO">${element} = xpath=//*[contains(@class, "ant-spin-spinning")]</msg>
<status status="PASS" starttime="20231101 23:35:28.764" endtime="20231101 23:35:28.764"/>
</kw>
<kw name="Get Element Count" library="Browser">
<var>${count}</var>
<arg>${element}</arg>
<tag>Assertion</tag>
<tag>Getter</tag>
<tag>PageContent</tag>
<doc>Returns the count of elements found with ``selector``.</doc>
<msg timestamp="20231101 23:35:28.774" level="INFO">${count} = 0</msg>
<status status="PASS" starttime="20231101 23:35:28.764" endtime="20231101 23:35:28.774"/>
</kw>
<if>
<branch type="IF" condition="${count} &gt; 0">
<kw name="Wait Until Page Does Not Contain Element" library="common">
<arg>${element}</arg>
<status status="NOT RUN" starttime="20231101 23:35:28.776" endtime="20231101 23:35:28.777"/>
</kw>
<status status="NOT RUN" starttime="20231101 23:35:28.775" endtime="20231101 23:35:28.777"/>
</branch>
<status status="PASS" starttime="20231101 23:35:28.775" endtime="20231101 23:35:28.778"/>
</if>
<status status="PASS" starttime="20231101 23:35:28.662" endtime="20231101 23:35:28.778"/>
</kw>
<kw name="Click" library="Browser">
<arg>xpath=//a[contains(@class, "sub-menu") and descendant::span[contains(text(), "${text}")]]</arg>
<tag>PageContent</tag>
<tag>Setter</tag>
<doc>Simulates mouse click on the element found by ``selector``.</doc>
<status status="PASS" starttime="20231101 23:35:28.779" endtime="20231101 23:35:29.706"/>
</kw>
<kw name="Get Url" library="Browser">
<var>${curent_url}</var>
<tag>Assertion</tag>
<tag>Getter</tag>
<tag>PageContent</tag>
<doc>Returns the current URL.</doc>
<msg timestamp="20231101 23:35:29.712" level="INFO">${curent_url} = http://dev1.geneat.vn:7802/vn/data</msg>
<status status="PASS" starttime="20231101 23:35:29.707" endtime="20231101 23:35:29.713"/>
</kw>
<kw name="Should Contain" library="BuiltIn">
<arg>${curent_url}</arg>
<arg>${URL_DEFAULT}${url}</arg>
<doc>Fails if ``container`` does not contain ``item`` one or more times.</doc>
<status status="PASS" starttime="20231101 23:35:29.714" endtime="20231101 23:35:29.715"/>
</kw>
<status status="PASS" starttime="20231101 23:35:28.662" endtime="20231101 23:35:29.715"/>
</kw>
<status status="PASS" starttime="20231101 23:35:25.341" endtime="20231101 23:35:29.716"/>
</kw>
<kw name="Click &quot;Tạo mới&quot; button" library="common" sourcename="Click &quot;${text}&quot; button">
<kw name="Sleep" library="BuiltIn">
<arg>${SHOULD_TIMEOUT}</arg>
<doc>Pauses the test executed for the given time.</doc>
<msg timestamp="20231101 23:35:29.822" level="INFO">Slept 100 milliseconds</msg>
<status status="PASS" starttime="20231101 23:35:29.718" endtime="20231101 23:35:29.823"/>
</kw>
<kw name="Get Element Count" library="Browser">
<var>${cnt}</var>
<arg>//button[@title = "${text}"]</arg>
<tag>Assertion</tag>
<tag>Getter</tag>
<tag>PageContent</tag>
<doc>Returns the count of elements found with ``selector``.</doc>
<msg timestamp="20231101 23:35:29.841" level="INFO">${cnt} = 1</msg>
<status status="PASS" starttime="20231101 23:35:29.824" endtime="20231101 23:35:29.842"/>
</kw>
<if>
<branch type="IF" condition="${cnt} &gt; 0">
<kw name="Click" library="Browser">
<arg>xpath=//button[@title = "${text}"]</arg>
<tag>PageContent</tag>
<tag>Setter</tag>
<doc>Simulates mouse click on the element found by ``selector``.</doc>
<status status="PASS" starttime="20231101 23:35:29.844" endtime="20231101 23:35:30.073"/>
</kw>
<kw name="Click Confirm To Action" library="common">
<kw name="Set Variable" library="BuiltIn">
<var>${element}</var>
<arg>xpath=//*[contains(@class, "ant-popover")]//*[contains(@class, "ant-btn-primary")]</arg>
<doc>Returns the given values which can then be assigned to a variables.</doc>
<msg timestamp="20231101 23:35:30.076" level="INFO">${element} = xpath=//*[contains(@class, "ant-popover")]//*[contains(@class, "ant-btn-primary")]</msg>
<status status="PASS" starttime="20231101 23:35:30.075" endtime="20231101 23:35:30.076"/>
</kw>
<kw name="Get Element Count" library="Browser">
<var>${count}</var>
<arg>${element}</arg>
<tag>Assertion</tag>
<tag>Getter</tag>
<tag>PageContent</tag>
<doc>Returns the count of elements found with ``selector``.</doc>
<msg timestamp="20231101 23:35:30.085" level="INFO">${count} = 0</msg>
<status status="PASS" starttime="20231101 23:35:30.077" endtime="20231101 23:35:30.086"/>
</kw>
<if>
<branch type="IF" condition="${count} &gt; 0">
<kw name="Click" library="Browser">
<arg>${element}</arg>
<tag>PageContent</tag>
<tag>Setter</tag>
<doc>Simulates mouse click on the element found by ``selector``.</doc>
<status status="NOT RUN" starttime="20231101 23:35:30.090" endtime="20231101 23:35:30.091"/>
</kw>
<kw name="Sleep" library="BuiltIn">
<arg>${SHOULD_TIMEOUT}</arg>
<doc>Pauses the test executed for the given time.</doc>
<status status="NOT RUN" starttime="20231101 23:35:30.092" endtime="20231101 23:35:30.093"/>
</kw>
<kw name="Wait Until Element Spin" library="common">
<status status="NOT RUN" starttime="20231101 23:35:30.093" endtime="20231101 23:35:30.094"/>
</kw>
<status status="NOT RUN" starttime="20231101 23:35:30.088" endtime="20231101 23:35:30.094"/>
</branch>
<status status="PASS" starttime="20231101 23:35:30.088" endtime="20231101 23:35:30.095"/>
</if>
<status status="PASS" starttime="20231101 23:35:30.074" endtime="20231101 23:35:30.095"/>
</kw>
<kw name="Scroll By" library="Browser">
<arg>${None}</arg>
<tag>PageContent</tag>
<tag>Setter</tag>
<doc>Scrolls an element or the page relative from current position by the given values.</doc>
<msg timestamp="20231101 23:35:30.116" level="INFO">JavaScript executed successfully.</msg>
<msg timestamp="20231101 23:35:30.116" level="INFO">JavaScript executed successfully.</msg>
<msg timestamp="20231101 23:35:30.145" level="INFO">JavaScript executed successfully.</msg>
<msg timestamp="20231101 23:35:30.145" level="INFO">JavaScript executed successfully.</msg>
<msg timestamp="20231101 23:35:30.156" level="INFO">JavaScript executed successfully.</msg>
<status status="PASS" starttime="20231101 23:35:30.096" endtime="20231101 23:35:30.157"/>
</kw>
<status status="PASS" starttime="20231101 23:35:29.843" endtime="20231101 23:35:30.157"/>
</branch>
<branch type="ELSE">
<kw name="Click" library="Browser">
<arg>//span[contains(text(),"${text}")]</arg>
<tag>PageContent</tag>
<tag>Setter</tag>
<doc>Simulates mouse click on the element found by ``selector``.</doc>
<status status="NOT RUN" starttime="20231101 23:35:30.159" endtime="20231101 23:35:30.160"/>
</kw>
<kw name="Click Confirm To Action" library="common">
<status status="NOT RUN" starttime="20231101 23:35:30.161" endtime="20231101 23:35:30.161"/>
</kw>
<kw name="Scroll By" library="Browser">
<arg>${None}</arg>
<tag>PageContent</tag>
<tag>Setter</tag>
<doc>Scrolls an element or the page relative from current position by the given values.</doc>
<status status="NOT RUN" starttime="20231101 23:35:30.162" endtime="20231101 23:35:30.163"/>
</kw>
<status status="NOT RUN" starttime="20231101 23:35:30.158" endtime="20231101 23:35:30.163"/>
</branch>
<status status="PASS" starttime="20231101 23:35:29.842" endtime="20231101 23:35:30.163"/>
</if>
<kw name="Wait Until Network Is Idle" library="Browser">
<tag>HTTP</tag>
<tag>Wait</tag>
<doc>Waits until there has been at least one instance of 500 ms of no network traffic on the page after loading.</doc>
<status status="PASS" starttime="20231101 23:35:30.164" endtime="20231101 23:35:30.358"/>
</kw>
<status status="PASS" starttime="20231101 23:35:29.717" endtime="20231101 23:35:30.359"/>
</kw>
<status status="PASS" starttime="20231101 23:35:25.339" endtime="20231101 23:35:30.359"/>
</branch>
<status status="PASS" starttime="20231101 23:35:25.333" endtime="20231101 23:35:30.360"/>
</if>
<kw name="Enter &quot;test name&quot; in &quot;Tên loại&quot; with &quot;_RANDOM_&quot;" library="common" sourcename="Enter &quot;${type}&quot; in &quot;${name}&quot; with &quot;${text}&quot;">
<kw name="Get Random Text" library="common">
<var>${text}</var>
<arg>${type}</arg>
<arg>${text}</arg>
<kw name="Set Variable" library="BuiltIn">
<var>${symbol}</var>
<arg>_RANDOM_</arg>
<doc>Returns the given values which can then be assigned to a variables.</doc>
<msg timestamp="20231101 23:35:30.363" level="INFO">${symbol} = _RANDOM_</msg>
<status status="PASS" starttime="20231101 23:35:30.362" endtime="20231101 23:35:30.363"/>
</kw>
<kw name="Set Variable" library="BuiltIn">
<var>${new_text}</var>
<doc>Returns the given values which can then be assigned to a variables.</doc>
<msg timestamp="20231101 23:35:30.364" level="INFO">${new_text} = </msg>
<status status="PASS" starttime="20231101 23:35:30.364" endtime="20231101 23:35:30.364"/>
</kw>
<kw name="Get Regexp Matches" library="String">
<var>${containsS}</var>
<arg>${text}</arg>
<arg>_@(.+)@_</arg>
<arg>1</arg>
<doc>Returns a list of all non-overlapping matches in the given string.</doc>
<msg timestamp="20231101 23:35:30.366" level="INFO">${containsS} = []</msg>
<status status="PASS" starttime="20231101 23:35:30.365" endtime="20231101 23:35:30.366"/>
</kw>
<kw name="Get Length" library="BuiltIn">
<var>${cntS}</var>
<arg>${containsS}</arg>
<doc>Returns and logs the length of the given item as an integer.</doc>
<msg timestamp="20231101 23:35:30.368" level="INFO">Length is 0</msg>
<msg timestamp="20231101 23:35:30.370" level="INFO">${cntS} = 0</msg>
<status status="PASS" starttime="20231101 23:35:30.367" endtime="20231101 23:35:30.371"/>
</kw>
<kw name="Get Regexp Matches" library="String">
<var>${contains}</var>
<arg>${text}</arg>
<arg>${symbol}</arg>
<doc>Returns a list of all non-overlapping matches in the given string.</doc>
<msg timestamp="20231101 23:35:30.374" level="INFO">${contains} = ['_RANDOM_']</msg>
<status status="PASS" starttime="20231101 23:35:30.372" endtime="20231101 23:35:30.374"/>
</kw>
<kw name="Get Length" library="BuiltIn">
<var>${cnt}</var>
<arg>${contains}</arg>
<doc>Returns and logs the length of the given item as an integer.</doc>
<msg timestamp="20231101 23:35:30.376" level="INFO">Length is 1</msg>
<msg timestamp="20231101 23:35:30.376" level="INFO">${cnt} = 1</msg>
<status status="PASS" starttime="20231101 23:35:30.375" endtime="20231101 23:35:30.376"/>
</kw>
<if>
<branch type="IF" condition="${cntS} &gt; 0">
<kw name="Set Variable" library="BuiltIn">
<var>${new_text}</var>
<arg>${STATE["${containsS[0]}"]}</arg>
<doc>Returns the given values which can then be assigned to a variables.</doc>
<status status="NOT RUN" starttime="20231101 23:35:30.378" endtime="20231101 23:35:30.379"/>
</kw>
<kw name="Set Variable" library="BuiltIn">
<var>${symbol}</var>
<arg>_@${containsS[0]}@_</arg>
<doc>Returns the given values which can then be assigned to a variables.</doc>
<status status="NOT RUN" starttime="20231101 23:35:30.379" endtime="20231101 23:35:30.379"/>
</kw>
<status status="NOT RUN" starttime="20231101 23:35:30.377" endtime="20231101 23:35:30.380"/>
</branch>
<branch type="ELSE IF" condition="${cnt} &gt; 0 and '${type}' == 'test name'">
<kw name="Sentence" library="FakerLibrary">
<var>${random}</var>
<arg>nb_words=3</arg>
<doc>Generate a sentence.</doc>
<msg timestamp="20231101 23:35:30.381" level="INFO">${random} = Voluptatum quisquam.</msg>
<status status="PASS" starttime="20231101 23:35:30.380" endtime="20231101 23:35:30.381"/>
</kw>
<kw name="Split String" library="String">
<var>${words}</var>
<arg>${TEST NAME}</arg>
<arg>${SPACE}</arg>
<doc>Splits the ``string`` using ``separator`` as a delimiter string.</doc>
<msg timestamp="20231101 23:35:30.382" level="INFO">${words} = ['DA_10', 'Verify', 'the', 'search', 'function', 'when', 'enter', 'the', 'name', 'was', 'not', 'existed']</msg>
<status status="PASS" starttime="20231101 23:35:30.381" endtime="20231101 23:35:30.383"/>
</kw>
<kw name="Set Variable" library="BuiltIn">
<var>${new_text}</var>
<arg>${words[0]} ${random}</arg>
<doc>Returns the given values which can then be assigned to a variables.</doc>
<msg timestamp="20231101 23:35:30.387" level="INFO">${new_text} = DA_10 Voluptatum quisquam.</msg>
<status status="PASS" starttime="20231101 23:35:30.383" endtime="20231101 23:35:30.389"/>
</kw>
<status status="PASS" starttime="20231101 23:35:30.380" endtime="20231101 23:35:30.390"/>
</branch>
<branch type="ELSE IF" condition="${cnt} &gt; 0 and '${type}' == 'number'">
<kw name="Random Int" library="FakerLibrary">
<var>${new_text}</var>
<doc>Generate a random integer between two integers ``min`` and ``max`` inclusive
while observing the provided ``step`` value.</doc>
<status status="NOT RUN" starttime="20231101 23:35:30.390" endtime="20231101 23:35:30.391"/>
</kw>
<kw name="Convert To String" library="BuiltIn">
<var>${new_text}</var>
<arg>${new_text}</arg>
<doc>Converts the given item to a Unicode string.</doc>
<status status="NOT RUN" starttime="20231101 23:35:30.391" endtime="20231101 23:35:30.391"/>
</kw>
<status status="NOT RUN" starttime="20231101 23:35:30.390" endtime="20231101 23:35:30.392"/>
</branch>
<branch type="ELSE IF" condition="${cnt} &gt; 0 and '${type}' == 'percentage'">
<kw name="Random Int" library="FakerLibrary">
<var>${new_text}</var>
<arg>max=100</arg>
<doc>Generate a random integer between two integers ``min`` and ``max`` inclusive
while observing the provided ``step`` value.</doc>
<status status="NOT RUN" starttime="20231101 23:35:30.393" endtime="20231101 23:35:30.393"/>
</kw>
<kw name="Convert To String" library="BuiltIn">
<var>${new_text}</var>
<arg>${new_text}</arg>
<doc>Converts the given item to a Unicode string.</doc>
<status status="NOT RUN" starttime="20231101 23:35:30.394" endtime="20231101 23:35:30.395"/>
</kw>
<status status="NOT RUN" starttime="20231101 23:35:30.392" endtime="20231101 23:35:30.395"/>
</branch>
<branch type="ELSE IF" condition="${cnt} &gt; 0 and '${type}' == 'paragraph'">
<kw name="Paragraph" library="FakerLibrary">
<var>${new_text}</var>
<doc>Generate a paragraph.</doc>
<status status="NOT RUN" starttime="20231101 23:35:30.396" endtime="20231101 23:35:30.396"/>
</kw>
<status status="NOT RUN" starttime="20231101 23:35:30.395" endtime="20231101 23:35:30.397"/>
</branch>
<branch type="ELSE IF" condition="${cnt} &gt; 0 and '${type}' == 'email'">
<kw name="Email" library="FakerLibrary">
<var>${new_text}</var>
<status status="NOT RUN" starttime="20231101 23:35:30.398" endtime="20231101 23:35:30.399"/>
</kw>
<status status="NOT RUN" starttime="20231101 23:35:30.397" endtime="20231101 23:35:30.399"/>
</branch>
<branch type="ELSE IF" condition="${cnt} &gt; 0 and '${type}' == 'phone'">
<kw name="Random Int" library="FakerLibrary">
<var>${new_text}</var>
<arg>min=2000000000</arg>
<arg>max=9999999999</arg>
<doc>Generate a random integer between two integers ``min`` and ``max`` inclusive
while observing the provided ``step`` value.</doc>
<status status="NOT RUN" starttime="20231101 23:35:30.400" endtime="20231101 23:35:30.401"/>
</kw>
<kw name="Convert To String" library="BuiltIn">
<var>${new_text}</var>
<arg>${new_text}</arg>
<doc>Converts the given item to a Unicode string.</doc>
<status status="NOT RUN" starttime="20231101 23:35:30.404" endtime="20231101 23:35:30.405"/>
</kw>
<kw name="Catenate" library="BuiltIn">
<var>${new_text}</var>
<arg>SEPARATOR=</arg>
<arg>0</arg>
<arg>${new_text}</arg>
<doc>Catenates the given items together and returns the resulted string.</doc>
<status status="NOT RUN" starttime="20231101 23:35:30.406" endtime="20231101 23:35:30.406"/>
</kw>
<status status="NOT RUN" starttime="20231101 23:35:30.400" endtime="20231101 23:35:30.407"/>
</branch>
<branch type="ELSE IF" condition="${cnt} &gt; 0 and '${type}' == 'color'">
<kw name="Safe Hex Color" library="FakerLibrary">
<var>${new_text}</var>
<doc>Generate a web-safe color formatted as a hex triplet.</doc>
<status status="NOT RUN" starttime="20231101 23:35:30.408" endtime="20231101 23:35:30.408"/>
</kw>
<status status="NOT RUN" starttime="20231101 23:35:30.407" endtime="20231101 23:35:30.409"/>
</branch>
<branch type="ELSE IF" condition="${cnt} &gt; 0 and &quot;${type}&quot; == 'password'">
<kw name="Password" library="FakerLibrary">
<var>${new_text}</var>
<arg>10</arg>
<arg>True</arg>
<arg>True</arg>
<arg>True</arg>
<arg>True</arg>
<doc>Generate a random password of the specified ``length``.</doc>
<status status="NOT RUN" starttime="20231101 23:35:30.410" endtime="20231101 23:35:30.411"/>
</kw>
<status status="NOT RUN" starttime="20231101 23:35:30.409" endtime="20231101 23:35:30.411"/>
</branch>
<branch type="ELSE IF" condition="${cnt} &gt; 0 and '${type}' == 'date'">
<kw name="Date" library="FakerLibrary">
<var>${new_text}</var>
<arg>pattern=%d-%m-%Y</arg>
<doc>Get a date string between January 1, 1970 and now.</doc>
<status status="NOT RUN" starttime="20231101 23:35:30.413" endtime="20231101 23:35:30.414"/>
</kw>
<status status="NOT RUN" starttime="20231101 23:35:30.412" endtime="20231101 23:35:30.414"/>
</branch>
<branch type="ELSE IF" condition="${cnt} &gt; 0 and '${type}' == 'word'">
<kw name="Sentence" library="FakerLibrary">
<var>${new_text}</var>
<arg>nb_words=2</arg>
<doc>Generate a sentence.</doc>
<status status="NOT RUN" starttime="20231101 23:35:30.416" endtime="20231101 23:35:30.416"/>
</kw>
<status status="NOT RUN" starttime="20231101 23:35:30.415" endtime="20231101 23:35:30.417"/>
</branch>
<branch type="ELSE IF" condition="${cnt} &gt; 0">
<kw name="Sentence" library="FakerLibrary">
<var>${new_text}</var>
<doc>Generate a sentence.</doc>
<status status="NOT RUN" starttime="20231101 23:35:30.418" endtime="20231101 23:35:30.422"/>
</kw>
<status status="NOT RUN" starttime="20231101 23:35:30.417" endtime="20231101 23:35:30.423"/>
</branch>
<status status="PASS" starttime="20231101 23:35:30.377" endtime="20231101 23:35:30.424"/>
</if>
<kw name="Get Length" library="BuiltIn">
<var>${cnt}</var>
<arg>${text}</arg>
<doc>Returns and logs the length of the given item as an integer.</doc>
<msg timestamp="20231101 23:35:30.425" level="INFO">Length is 8</msg>
<msg timestamp="20231101 23:35:30.426" level="INFO">${cnt} = 8</msg>
<status status="PASS" starttime="20231101 23:35:30.424" endtime="20231101 23:35:30.426"/>
</kw>
<if>
<branch type="IF" condition="${cnt} &gt; 0">
<kw name="Replace String" library="String">
<var>${text}</var>
<arg>${text}</arg>
<arg>${symbol}</arg>
<arg>${new_text}</arg>
<doc>Replaces ``search_for`` in the given ``string`` with ``replace_with``.</doc>
<msg timestamp="20231101 23:35:30.429" level="INFO">${text} = DA_10 Voluptatum quisquam.</msg>
<status status="PASS" starttime="20231101 23:35:30.428" endtime="20231101 23:35:30.429"/>
</kw>
<status status="PASS" starttime="20231101 23:35:30.427" endtime="20231101 23:35:30.430"/>
</branch>
<status status="PASS" starttime="20231101 23:35:30.426" endtime="20231101 23:35:30.430"/>
</if>
<msg timestamp="20231101 23:35:30.431" level="INFO">${text} = DA_10 Voluptatum quisquam.</msg>
<status status="PASS" starttime="20231101 23:35:30.362" endtime="20231101 23:35:30.431"/>
</kw>
<kw name="Get Element Form Item By Name" library="common">
<var>${element}</var>
<arg>${name}</arg>
<arg>//input[contains(@class, "ant-input")]</arg>
<msg timestamp="20231101 23:35:30.434" level="INFO">${element} = xpath=//*[contains(@class, "ant-form-item-label")]/label[text()="Tên loại"]/../../*[contains(@class, "ant-form-item")]//input[contains(@class, "ant-input")]</msg>
<status status="PASS" starttime="20231101 23:35:30.432" endtime="20231101 23:35:30.434"/>
</kw>
<kw name="Click" library="Browser">
<arg>${element}</arg>
<tag>PageContent</tag>
<tag>Setter</tag>
<doc>Simulates mouse click on the element found by ``selector``.</doc>
<status status="PASS" starttime="20231101 23:35:30.438" endtime="20231101 23:35:30.628"/>
</kw>
<kw name="Clear Text" library="Browser">
<arg>${element}</arg>
<tag>PageContent</tag>
<tag>Setter</tag>
<doc>Clears the text field found by ``selector``.</doc>
<status status="PASS" starttime="20231101 23:35:30.629" endtime="20231101 23:35:30.688"/>
</kw>
<kw name="Fill Text" library="Browser">
<arg>${element}</arg>
<arg>${text}</arg>
<arg>True</arg>
<tag>PageContent</tag>
<tag>Setter</tag>
<doc>Clears and fills the given ``txt`` into the text field found by ``selector``.</doc>
<msg timestamp="20231101 23:35:30.690" level="INFO">Fills the text 'DA_10 Voluptatum quisquam.' in the given field.</msg>
<status status="PASS" starttime="20231101 23:35:30.689" endtime="20231101 23:35:30.749"/>
</kw>
<kw name="Get Text" library="Browser">
<var>${condition}</var>
<arg>${element}</arg>
<tag>Assertion</tag>
<tag>Getter</tag>
<tag>PageContent</tag>
<doc>Returns text attribute of the element found by ``selector``.</doc>
<msg timestamp="20231101 23:35:30.785" level="INFO">Text: 'DA_10 Voluptatum quisquam.'</msg>
<msg timestamp="20231101 23:35:30.786" level="INFO">${condition} = DA_10 Voluptatum quisquam.</msg>
<status status="PASS" starttime="20231101 23:35:30.750" endtime="20231101 23:35:30.787"/>
</kw>
<while condition="'${condition}' != '${text}'" limit="10">
<iter>
<kw name="Fill Text" library="Browser">
<arg>${element}</arg>
<arg>${text}</arg>
<tag>PageContent</tag>
<tag>Setter</tag>
<doc>Clears and fills the given ``txt`` into the text field found by ``selector``.</doc>
<status status="NOT RUN" starttime="20231101 23:35:30.789" endtime="20231101 23:35:30.790"/>
</kw>
<kw name="Get Text" library="Browser">
<var>${condition}</var>
<arg>${element}</arg>
<tag>Assertion</tag>
<tag>Getter</tag>
<tag>PageContent</tag>
<doc>Returns text attribute of the element found by ``selector``.</doc>
<status status="NOT RUN" starttime="20231101 23:35:30.791" endtime="20231101 23:35:30.791"/>
</kw>
<status status="NOT RUN" starttime="20231101 23:35:30.787" endtime="20231101 23:35:30.792"/>
</iter>
<status status="NOT RUN" starttime="20231101 23:35:30.787" endtime="20231101 23:35:30.793"/>
</while>
<kw name="Get Length" library="BuiltIn">
<var>${cnt}</var>
<arg>${text}</arg>
<doc>Returns and logs the length of the given item as an integer.</doc>
<msg timestamp="20231101 23:35:30.794" level="INFO">Length is 26</msg>
<msg timestamp="20231101 23:35:30.795" level="INFO">${cnt} = 26</msg>
<status status="PASS" starttime="20231101 23:35:30.794" endtime="20231101 23:35:30.795"/>
</kw>
<if>
<branch type="IF" condition="${cnt} &gt; 0">
<kw name="Set Global Variable" library="BuiltIn">
<arg>\${STATE["${name}"]}</arg>
<arg>${text}</arg>
<doc>Makes a variable available globally in all tests and suites.</doc>
<msg timestamp="20231101 23:35:30.798" level="INFO">${STATE["Tên loại"]} = DA_10 Voluptatum quisquam.</msg>
<status status="PASS" starttime="20231101 23:35:30.797" endtime="20231101 23:35:30.799"/>
</kw>
<status status="PASS" starttime="20231101 23:35:30.796" endtime="20231101 23:35:30.799"/>
</branch>
<status status="PASS" starttime="20231101 23:35:30.796" endtime="20231101 23:35:30.800"/>
</if>
<kw name="Wait Until Network Is Idle" library="Browser">
<tag>HTTP</tag>
<tag>Wait</tag>
<doc>Waits until there has been at least one instance of 500 ms of no network traffic on the page after loading.</doc>
<status status="PASS" starttime="20231101 23:35:30.800" endtime="20231101 23:35:30.808"/>
</kw>
<status status="PASS" starttime="20231101 23:35:30.361" endtime="20231101 23:35:30.809"/>
</kw>
<kw name="Check Text" library="common">
<var>${text}</var>
<arg>_@Tên loại@_</arg>
<kw name="Get Regexp Matches" library="String">
<var>${containsS}</var>
<arg>${text}</arg>
<arg>_@(.+)@_</arg>
<arg>1</arg>
<doc>Returns a list of all non-overlapping matches in the given string.</doc>
<msg timestamp="20231101 23:35:30.812" level="INFO">${containsS} = ['Tên loại']</msg>
<status status="PASS" starttime="20231101 23:35:30.810" endtime="20231101 23:35:30.812"/>
</kw>
<kw name="Get Length" library="BuiltIn">
<var>${cntS}</var>
<arg>${containsS}</arg>
<doc>Returns and logs the length of the given item as an integer.</doc>
<msg timestamp="20231101 23:35:30.814" level="INFO">Length is 1</msg>
<msg timestamp="20231101 23:35:30.814" level="INFO">${cntS} = 1</msg>
<status status="PASS" starttime="20231101 23:35:30.813" endtime="20231101 23:35:30.815"/>
</kw>
<if>
<branch type="IF" condition="${cntS} &gt; 0">
<kw name="Set Variable" library="BuiltIn">
<var>${text}</var>
<arg>${STATE["${containsS[0]}"]}</arg>
<doc>Returns the given values which can then be assigned to a variables.</doc>
<msg timestamp="20231101 23:35:30.818" level="INFO">${text} = DA_10 Voluptatum quisquam.</msg>
<status status="PASS" starttime="20231101 23:35:30.816" endtime="20231101 23:35:30.819"/>
</kw>
<status status="PASS" starttime="20231101 23:35:30.815" endtime="20231101 23:35:30.820"/>
</branch>
<status status="PASS" starttime="20231101 23:35:30.815" endtime="20231101 23:35:30.821"/>
</if>
<msg timestamp="20231101 23:35:30.822" level="INFO">${text} = DA_10 Voluptatum quisquam.</msg>
<status status="PASS" starttime="20231101 23:35:30.809" endtime="20231101 23:35:30.823"/>
</kw>
<kw name="Set Variable" library="BuiltIn">
<var>${name}</var>
<arg>${text}</arg>
<doc>Returns the given values which can then be assigned to a variables.</doc>
<msg timestamp="20231101 23:35:30.825" level="INFO">${name} = DA_10 Voluptatum quisquam.</msg>
<status status="PASS" starttime="20231101 23:35:30.824" endtime="20231101 23:35:30.826"/>
</kw>
<kw name="Enter &quot;number&quot; in &quot;Mã&quot; with &quot;_RANDOM_&quot;" library="common" sourcename="Enter &quot;${type}&quot; in &quot;${name}&quot; with &quot;${text}&quot;">
<kw name="Get Random Text" library="common">
<var>${text}</var>
<arg>${type}</arg>
<arg>${text}</arg>
<kw name="Set Variable" library="BuiltIn">
<var>${symbol}</var>
<arg>_RANDOM_</arg>
<doc>Returns the given values which can then be assigned to a variables.</doc>
<msg timestamp="20231101 23:35:30.829" level="INFO">${symbol} = _RANDOM_</msg>
<status status="PASS" starttime="20231101 23:35:30.829" endtime="20231101 23:35:30.830"/>
</kw>
<kw name="Set Variable" library="BuiltIn">
<var>${new_text}</var>
<doc>Returns the given values which can then be assigned to a variables.</doc>
<msg timestamp="20231101 23:35:30.831" level="INFO">${new_text} = </msg>
<status status="PASS" starttime="20231101 23:35:30.831" endtime="20231101 23:35:30.832"/>
</kw>
<kw name="Get Regexp Matches" library="String">
<var>${containsS}</var>
<arg>${text}</arg>
<arg>_@(.+)@_</arg>
<arg>1</arg>
<doc>Returns a list of all non-overlapping matches in the given string.</doc>
<msg timestamp="20231101 23:35:30.833" level="INFO">${containsS} = []</msg>
<status status="PASS" starttime="20231101 23:35:30.832" endtime="20231101 23:35:30.834"/>
</kw>
<kw name="Get Length" library="BuiltIn">
<var>${cntS}</var>
<arg>${containsS}</arg>
<doc>Returns and logs the length of the given item as an integer.</doc>
<msg timestamp="20231101 23:35:30.837" level="INFO">Length is 0</msg>
<msg timestamp="20231101 23:35:30.837" level="INFO">${cntS} = 0</msg>
<status status="PASS" starttime="20231101 23:35:30.834" endtime="20231101 23:35:30.838"/>
</kw>
<kw name="Get Regexp Matches" library="String">
<var>${contains}</var>
<arg>${text}</arg>
<arg>${symbol}</arg>
<doc>Returns a list of all non-overlapping matches in the given string.</doc>
<msg timestamp="20231101 23:35:30.840" level="INFO">${contains} = ['_RANDOM_']</msg>
<status status="PASS" starttime="20231101 23:35:30.839" endtime="20231101 23:35:30.841"/>
</kw>
<kw name="Get Length" library="BuiltIn">
<var>${cnt}</var>
<arg>${contains}</arg>
<doc>Returns and logs the length of the given item as an integer.</doc>
<msg timestamp="20231101 23:35:30.843" level="INFO">Length is 1</msg>
<msg timestamp="20231101 23:35:30.844" level="INFO">${cnt} = 1</msg>
<status status="PASS" starttime="20231101 23:35:30.842" endtime="20231101 23:35:30.844"/>
</kw>
<if>
<branch type="IF" condition="${cntS} &gt; 0">
<kw name="Set Variable" library="BuiltIn">
<var>${new_text}</var>
<arg>${STATE["${containsS[0]}"]}</arg>
<doc>Returns the given values which can then be assigned to a variables.</doc>
<status status="NOT RUN" starttime="20231101 23:35:30.846" endtime="20231101 23:35:30.847"/>
</kw>
<kw name="Set Variable" library="BuiltIn">
<var>${symbol}</var>
<arg>_@${containsS[0]}@_</arg>
<doc>Returns the given values which can then be assigned to a variables.</doc>
<status status="NOT RUN" starttime="20231101 23:35:30.848" endtime="20231101 23:35:30.849"/>
</kw>
<status status="NOT RUN" starttime="20231101 23:35:30.845" endtime="20231101 23:35:30.849"/>
</branch>
<branch type="ELSE IF" condition="${cnt} &gt; 0 and '${type}' == 'test name'">
<kw name="Sentence" library="FakerLibrary">
<var>${random}</var>
<arg>nb_words=3</arg>
<doc>Generate a sentence.</doc>
<status status="NOT RUN" starttime="20231101 23:35:30.851" endtime="20231101 23:35:30.851"/>
</kw>
<kw name="Split String" library="String">
<var>${words}</var>
<arg>${TEST NAME}</arg>
<arg>${SPACE}</arg>
<doc>Splits the ``string`` using ``separator`` as a delimiter string.</doc>
<status status="NOT RUN" starttime="20231101 23:35:30.854" endtime="20231101 23:35:30.854"/>
</kw>
<kw name="Set Variable" library="BuiltIn">
<var>${new_text}</var>
<arg>${words[0]} ${random}</arg>
<doc>Returns the given values which can then be assigned to a variables.</doc>
<status status="NOT RUN" starttime="20231101 23:35:30.855" endtime="20231101 23:35:30.856"/>
</kw>
<status status="NOT RUN" starttime="20231101 23:35:30.850" endtime="20231101 23:35:30.857"/>
</branch>
<branch type="ELSE IF" condition="${cnt} &gt; 0 and '${type}' == 'number'">
<kw name="Random Int" library="FakerLibrary">
<var>${new_text}</var>
<doc>Generate a random integer between two integers ``min`` and ``max`` inclusive
while observing the provided ``step`` value.</doc>
<msg timestamp="20231101 23:35:30.860" level="INFO">${new_text} = 4581</msg>
<status status="PASS" starttime="20231101 23:35:30.860" endtime="20231101 23:35:30.861"/>
</kw>
<kw name="Convert To String" library="BuiltIn">
<var>${new_text}</var>
<arg>${new_text}</arg>
<doc>Converts the given item to a Unicode string.</doc>
<msg timestamp="20231101 23:35:30.863" level="INFO">${new_text} = 4581</msg>
<status status="PASS" starttime="20231101 23:35:30.862" endtime="20231101 23:35:30.863"/>
</kw>
<status status="PASS" starttime="20231101 23:35:30.858" endtime="20231101 23:35:30.863"/>
</branch>
<branch type="ELSE IF" condition="${cnt} &gt; 0 and '${type}' == 'percentage'">
<kw name="Random Int" library="FakerLibrary">
<var>${new_text}</var>
<arg>max=100</arg>
<doc>Generate a random integer between two integers ``min`` and ``max`` inclusive
while observing the provided ``step`` value.</doc>
<status status="NOT RUN" starttime="20231101 23:35:30.864" endtime="20231101 23:35:30.864"/>
</kw>
<kw name="Convert To String" library="BuiltIn">
<var>${new_text}</var>
<arg>${new_text}</arg>
<doc>Converts the given item to a Unicode string.</doc>
<status status="NOT RUN" starttime="20231101 23:35:30.865" endtime="20231101 23:35:30.866"/>
</kw>
<status status="NOT RUN" starttime="20231101 23:35:30.863" endtime="20231101 23:35:30.866"/>
</branch>
<branch type="ELSE IF" condition="${cnt} &gt; 0 and '${type}' == 'paragraph'">
<kw name="Paragraph" library="FakerLibrary">
<var>${new_text}</var>
<doc>Generate a paragraph.</doc>
<status status="NOT RUN" starttime="20231101 23:35:30.867" endtime="20231101 23:35:30.868"/>
</kw>
<status status="NOT RUN" starttime="20231101 23:35:30.867" endtime="20231101 23:35:30.870"/>
</branch>
<branch type="ELSE IF" condition="${cnt} &gt; 0 and '${type}' == 'email'">
<kw name="Email" library="FakerLibrary">
<var>${new_text}</var>
<status status="NOT RUN" starttime="20231101 23:35:30.871" endtime="20231101 23:35:30.872"/>
</kw>
<status status="NOT RUN" starttime="20231101 23:35:30.871" endtime="20231101 23:35:30.873"/>
</branch>
<branch type="ELSE IF" condition="${cnt} &gt; 0 and '${type}' == 'phone'">
<kw name="Random Int" library="FakerLibrary">
<var>${new_text}</var>
<arg>min=2000000000</arg>
<arg>max=9999999999</arg>
<doc>Generate a random integer between two integers ``min`` and ``max`` inclusive
while observing the provided ``step`` value.</doc>
<status status="NOT RUN" starttime="20231101 23:35:30.874" endtime="20231101 23:35:30.875"/>
</kw>
<kw name="Convert To String" library="BuiltIn">
<var>${new_text}</var>
<arg>${new_text}</arg>
<doc>Converts the given item to a Unicode string.</doc>
<status status="NOT RUN" starttime="20231101 23:35:30.876" endtime="20231101 23:35:30.876"/>
</kw>
<kw name="Catenate" library="BuiltIn">
<var>${new_text}</var>
<arg>SEPARATOR=</arg>
<arg>0</arg>
<arg>${new_text}</arg>
<doc>Catenates the given items together and returns the resulted string.</doc>
<status status="NOT RUN" starttime="20231101 23:35:30.877" endtime="20231101 23:35:30.878"/>
</kw>
<status status="NOT RUN" starttime="20231101 23:35:30.874" endtime="20231101 23:35:30.878"/>
</branch>
<branch type="ELSE IF" condition="${cnt} &gt; 0 and '${type}' == 'color'">
<kw name="Safe Hex Color" library="FakerLibrary">
<var>${new_text}</var>
<doc>Generate a web-safe color formatted as a hex triplet.</doc>
<status status="NOT RUN" starttime="20231101 23:35:30.880" endtime="20231101 23:35:30.880"/>
</kw>
[...]
<status status="PASS" starttime="20231101 23:35:39.766" endtime="20231101 23:35:39.767"/>
</kw>
<status status="PASS" starttime="20231101 23:35:39.612" endtime="20231101 23:35:39.768"/>
</kw>
<kw name="When Click on the &quot;Xóa&quot; button in the &quot;_@Tiêu đề@_&quot; table line" library="common" sourcename="Click on the &quot;${text}&quot; button in the &quot;${name}&quot; table line">
<kw name="Sleep" library="BuiltIn">
<arg>${SHOULD_TIMEOUT}</arg>
<doc>Pauses the test executed for the given time.</doc>
<msg timestamp="20231101 23:35:40.009" level="INFO">Slept 100 milliseconds</msg>
<status status="PASS" starttime="20231101 23:35:39.907" endtime="20231101 23:35:40.009"/>
</kw>
<kw name="Wait Until Element Spin" library="common">
<kw name="Sleep" library="BuiltIn">
<arg>${SHOULD_TIMEOUT}</arg>
<doc>Pauses the test executed for the given time.</doc>
<msg timestamp="20231101 23:35:40.111" level="INFO">Slept 100 milliseconds</msg>
<status status="PASS" starttime="20231101 23:35:40.010" endtime="20231101 23:35:40.111"/>
</kw>
<kw name="Set Variable" library="BuiltIn">
<var>${element}</var>
<arg>xpath=//*[contains(@class, "ant-spin-spinning")]</arg>
<doc>Returns the given values which can then be assigned to a variables.</doc>
<msg timestamp="20231101 23:35:40.112" level="INFO">${element} = xpath=//*[contains(@class, "ant-spin-spinning")]</msg>
<status status="PASS" starttime="20231101 23:35:40.111" endtime="20231101 23:35:40.112"/>
</kw>
<kw name="Get Element Count" library="Browser">
<var>${count}</var>
<arg>${element}</arg>
<tag>Assertion</tag>
<tag>Getter</tag>
<tag>PageContent</tag>
<doc>Returns the count of elements found with ``selector``.</doc>
<msg timestamp="20231101 23:35:40.121" level="INFO">${count} = 0</msg>
<status status="PASS" starttime="20231101 23:35:40.113" endtime="20231101 23:35:40.121"/>
</kw>
<if>
<branch type="IF" condition="${count} &gt; 0">
<kw name="Wait Until Page Does Not Contain Element" library="common">
<arg>${element}</arg>
<status status="NOT RUN" starttime="20231101 23:35:40.123" endtime="20231101 23:35:40.124"/>
</kw>
<status status="NOT RUN" starttime="20231101 23:35:40.122" endtime="20231101 23:35:40.124"/>
</branch>
<status status="PASS" starttime="20231101 23:35:40.122" endtime="20231101 23:35:40.125"/>
</if>
<status status="PASS" starttime="20231101 23:35:40.009" endtime="20231101 23:35:40.125"/>
</kw>
<kw name="Check Text" library="common">
<var>${name}</var>
<arg>${name}</arg>
<kw name="Get Regexp Matches" library="String">
<var>${containsS}</var>
<arg>${text}</arg>
<arg>_@(.+)@_</arg>
<arg>1</arg>
<doc>Returns a list of all non-overlapping matches in the given string.</doc>
<msg timestamp="20231101 23:35:40.129" level="INFO">${containsS} = ['Tiêu đề']</msg>
<status status="PASS" starttime="20231101 23:35:40.127" endtime="20231101 23:35:40.129"/>
</kw>
<kw name="Get Length" library="BuiltIn">
<var>${cntS}</var>
<arg>${containsS}</arg>
<doc>Returns and logs the length of the given item as an integer.</doc>
<msg timestamp="20231101 23:35:40.131" level="INFO">Length is 1</msg>
<msg timestamp="20231101 23:35:40.131" level="INFO">${cntS} = 1</msg>
<status status="PASS" starttime="20231101 23:35:40.130" endtime="20231101 23:35:40.131"/>
</kw>
<if>
<branch type="IF" condition="${cntS} &gt; 0">
<kw name="Set Variable" library="BuiltIn">
<var>${text}</var>
<arg>${STATE["${containsS[0]}"]}</arg>
<doc>Returns the given values which can then be assigned to a variables.</doc>
<msg timestamp="20231101 23:35:40.136" level="INFO">${text} = DA_10 Hic minus explicabo provident.</msg>
<status status="PASS" starttime="20231101 23:35:40.133" endtime="20231101 23:35:40.137"/>
</kw>
<status status="PASS" starttime="20231101 23:35:40.132" endtime="20231101 23:35:40.137"/>
</branch>
<status status="PASS" starttime="20231101 23:35:40.132" endtime="20231101 23:35:40.137"/>
</if>
<msg timestamp="20231101 23:35:40.138" level="INFO">${name} = DA_10 Hic minus explicabo provident.</msg>
<status status="PASS" starttime="20231101 23:35:40.126" endtime="20231101 23:35:40.138"/>
</kw>
<if>
<branch type="IF" condition="'${text}' == 'Chi tiết'">
<kw name="Get Element Table Item By Name" library="common">
<var>${element1}</var>
<arg>${name}</arg>
<arg>//button[@title = "${text}"]</arg>
<status status="NOT RUN" starttime="20231101 23:35:40.140" endtime="20231101 23:35:40.141"/>
</kw>
<kw name="Get Element Count" library="Browser">
<var>${count}</var>
<arg>${element1}</arg>
<tag>Assertion</tag>
<tag>Getter</tag>
<tag>PageContent</tag>
<doc>Returns the count of elements found with ``selector``.</doc>
<status status="NOT RUN" starttime="20231101 23:35:40.141" endtime="20231101 23:35:40.142"/>
</kw>
<if>
<branch type="IF" condition="${count} &gt; 0">
<kw name="Click" library="Browser">
<arg>${element1}</arg>
<tag>PageContent</tag>
<tag>Setter</tag>
<doc>Simulates mouse click on the element found by ``selector``.</doc>
<status status="NOT RUN" starttime="20231101 23:35:40.143" endtime="20231101 23:35:40.143"/>
</kw>
<status status="NOT RUN" starttime="20231101 23:35:40.142" endtime="20231101 23:35:40.143"/>
</branch>
<branch type="ELSE">
<kw name="Get Element Table Item By Name" library="common">
<var>${elementS}</var>
<arg>${name}</arg>
<arg>//p[contains(text(),"${name}")]</arg>
<status status="NOT RUN" starttime="20231101 23:35:40.144" endtime="20231101 23:35:40.144"/>
</kw>
<kw name="Click" library="Browser">
<arg>${elementS}</arg>
<tag>PageContent</tag>
<tag>Setter</tag>
<doc>Simulates mouse click on the element found by ``selector``.</doc>
<status status="NOT RUN" starttime="20231101 23:35:40.144" endtime="20231101 23:35:40.144"/>
</kw>
<status status="NOT RUN" starttime="20231101 23:35:40.143" endtime="20231101 23:35:40.145"/>
</branch>
<status status="NOT RUN" starttime="20231101 23:35:40.142" endtime="20231101 23:35:40.145"/>
</if>
<status status="NOT RUN" starttime="20231101 23:35:40.139" endtime="20231101 23:35:40.145"/>
</branch>
<branch type="ELSE">
<kw name="Get Element Table Item By Name" library="common">
<var>${element}</var>
<arg>${name}</arg>
<arg>//button[@title = "${text}"]</arg>
<msg timestamp="20231101 23:35:40.146" level="INFO">${element} = xpath=//*[contains(@class, "ant-table-row")]//*[contains(text(),"DA_10 Hic minus explicabo provident.")]/ancestor::tr//button[@title = "Xóa"]</msg>
<status status="PASS" starttime="20231101 23:35:40.145" endtime="20231101 23:35:40.146"/>
</kw>
<kw name="Click" library="Browser">
<arg>${element}</arg>
<tag>PageContent</tag>
<tag>Setter</tag>
<doc>Simulates mouse click on the element found by ``selector``.</doc>
<status status="PASS" starttime="20231101 23:35:40.147" endtime="20231101 23:35:40.280"/>
</kw>
<status status="PASS" starttime="20231101 23:35:40.145" endtime="20231101 23:35:40.281"/>
</branch>
<status status="PASS" starttime="20231101 23:35:40.139" endtime="20231101 23:35:40.281"/>
</if>
<kw name="Click Confirm To Action" library="common">
<kw name="Set Variable" library="BuiltIn">
<var>${element}</var>
<arg>xpath=//*[contains(@class, "ant-popover")]//*[contains(@class, "ant-btn-primary")]</arg>
<doc>Returns the given values which can then be assigned to a variables.</doc>
<msg timestamp="20231101 23:35:40.283" level="INFO">${element} = xpath=//*[contains(@class, "ant-popover")]//*[contains(@class, "ant-btn-primary")]</msg>
<status status="PASS" starttime="20231101 23:35:40.283" endtime="20231101 23:35:40.284"/>
</kw>
<kw name="Get Element Count" library="Browser">
<var>${count}</var>
<arg>${element}</arg>
<tag>Assertion</tag>
<tag>Getter</tag>
<tag>PageContent</tag>
<doc>Returns the count of elements found with ``selector``.</doc>
<msg timestamp="20231101 23:35:40.299" level="INFO">${count} = 1</msg>
<status status="PASS" starttime="20231101 23:35:40.285" endtime="20231101 23:35:40.299"/>
</kw>
<if>
<branch type="IF" condition="${count} &gt; 0">
<kw name="Click" library="Browser">
<arg>${element}</arg>
<tag>PageContent</tag>
<tag>Setter</tag>
<doc>Simulates mouse click on the element found by ``selector``.</doc>
<status status="PASS" starttime="20231101 23:35:40.301" endtime="20231101 23:35:40.650"/>
</kw>
<kw name="Sleep" library="BuiltIn">
<arg>${SHOULD_TIMEOUT}</arg>
<doc>Pauses the test executed for the given time.</doc>
<msg timestamp="20231101 23:35:40.755" level="INFO">Slept 100 milliseconds</msg>
<status status="PASS" starttime="20231101 23:35:40.650" endtime="20231101 23:35:40.756"/>
</kw>
<kw name="Wait Until Element Spin" library="common">
<kw name="Sleep" library="BuiltIn">
<arg>${SHOULD_TIMEOUT}</arg>
<doc>Pauses the test executed for the given time.</doc>
<msg timestamp="20231101 23:35:40.860" level="INFO">Slept 100 milliseconds</msg>
<status status="PASS" starttime="20231101 23:35:40.759" endtime="20231101 23:35:40.860"/>
</kw>
<kw name="Set Variable" library="BuiltIn">
<var>${element}</var>
<arg>xpath=//*[contains(@class, "ant-spin-spinning")]</arg>
<doc>Returns the given values which can then be assigned to a variables.</doc>
<msg timestamp="20231101 23:35:40.861" level="INFO">${element} = xpath=//*[contains(@class, "ant-spin-spinning")]</msg>
<status status="PASS" starttime="20231101 23:35:40.861" endtime="20231101 23:35:40.862"/>
</kw>
<kw name="Get Element Count" library="Browser">
<var>${count}</var>
<arg>${element}</arg>
<tag>Assertion</tag>
<tag>Getter</tag>
<tag>PageContent</tag>
<doc>Returns the count of elements found with ``selector``.</doc>
<msg timestamp="20231101 23:35:40.979" level="INFO">${count} = 0</msg>
<status status="PASS" starttime="20231101 23:35:40.862" endtime="20231101 23:35:40.979"/>
</kw>
<if>
<branch type="IF" condition="${count} &gt; 0">
<kw name="Wait Until Page Does Not Contain Element" library="common">
<arg>${element}</arg>
<status status="NOT RUN" starttime="20231101 23:35:40.981" endtime="20231101 23:35:40.982"/>
</kw>
<status status="NOT RUN" starttime="20231101 23:35:40.980" endtime="20231101 23:35:40.982"/>
</branch>
<status status="PASS" starttime="20231101 23:35:40.980" endtime="20231101 23:35:40.983"/>
</if>
<status status="PASS" starttime="20231101 23:35:40.757" endtime="20231101 23:35:40.987"/>
</kw>
<status status="PASS" starttime="20231101 23:35:40.300" endtime="20231101 23:35:40.987"/>
</branch>
<status status="PASS" starttime="20231101 23:35:40.299" endtime="20231101 23:35:40.988"/>
</if>
<status status="PASS" starttime="20231101 23:35:40.282" endtime="20231101 23:35:40.989"/>
</kw>
<kw name="Wait Until Network Is Idle" library="Browser">
<tag>HTTP</tag>
<tag>Wait</tag>
<doc>Waits until there has been at least one instance of 500 ms of no network traffic on the page after loading.</doc>
<status status="PASS" starttime="20231101 23:35:40.990" endtime="20231101 23:35:40.997"/>
</kw>
<status status="PASS" starttime="20231101 23:35:39.905" endtime="20231101 23:35:40.997"/>
</kw>
<kw name="When Click on the &quot;Xóa&quot; button in the &quot;_@Tên loại@_&quot; item line" library="common" sourcename="Click on the &quot;${text}&quot; button in the &quot;${name}&quot; item line">
<kw name="Wait Until Element Spin" library="common">
<kw name="Sleep" library="BuiltIn">
<arg>${SHOULD_TIMEOUT}</arg>
<doc>Pauses the test executed for the given time.</doc>
<msg timestamp="20231101 23:35:41.109" level="INFO">Slept 100 milliseconds</msg>
<status status="PASS" starttime="20231101 23:35:41.007" endtime="20231101 23:35:41.109"/>
</kw>
<kw name="Set Variable" library="BuiltIn">
<var>${element}</var>
<arg>xpath=//*[contains(@class, "ant-spin-spinning")]</arg>
<doc>Returns the given values which can then be assigned to a variables.</doc>
<msg timestamp="20231101 23:35:41.110" level="INFO">${element} = xpath=//*[contains(@class, "ant-spin-spinning")]</msg>
<status status="PASS" starttime="20231101 23:35:41.110" endtime="20231101 23:35:41.111"/>
</kw>
<kw name="Get Element Count" library="Browser">
<var>${count}</var>
<arg>${element}</arg>
<tag>Assertion</tag>
<tag>Getter</tag>
<tag>PageContent</tag>
<doc>Returns the count of elements found with ``selector``.</doc>
<msg timestamp="20231101 23:35:41.124" level="INFO">${count} = 0</msg>
<status status="PASS" starttime="20231101 23:35:41.111" endtime="20231101 23:35:41.125"/>
</kw>
<if>
<branch type="IF" condition="${count} &gt; 0">
<kw name="Wait Until Page Does Not Contain Element" library="common">
<arg>${element}</arg>
<status status="NOT RUN" starttime="20231101 23:35:41.126" endtime="20231101 23:35:41.127"/>
</kw>
<status status="NOT RUN" starttime="20231101 23:35:41.125" endtime="20231101 23:35:41.128"/>
</branch>
<status status="PASS" starttime="20231101 23:35:41.125" endtime="20231101 23:35:41.128"/>
</if>
<status status="PASS" starttime="20231101 23:35:41.005" endtime="20231101 23:35:41.128"/>
</kw>
<kw name="Check Text" library="common">
<var>${name}</var>
<arg>${name}</arg>
<kw name="Get Regexp Matches" library="String">
<var>${containsS}</var>
<arg>${text}</arg>
<arg>_@(.+)@_</arg>
<arg>1</arg>
<doc>Returns a list of all non-overlapping matches in the given string.</doc>
<msg timestamp="20231101 23:35:41.132" level="INFO">${containsS} = ['Tên loại']</msg>
<status status="PASS" starttime="20231101 23:35:41.130" endtime="20231101 23:35:41.132"/>
</kw>
<kw name="Get Length" library="BuiltIn">
<var>${cntS}</var>
<arg>${containsS}</arg>
<doc>Returns and logs the length of the given item as an integer.</doc>
<msg timestamp="20231101 23:35:41.138" level="INFO">Length is 1</msg>
<msg timestamp="20231101 23:35:41.138" level="INFO">${cntS} = 1</msg>
<status status="PASS" starttime="20231101 23:35:41.133" endtime="20231101 23:35:41.139"/>
</kw>
<if>
<branch type="IF" condition="${cntS} &gt; 0">
<kw name="Set Variable" library="BuiltIn">
<var>${text}</var>
<arg>${STATE["${containsS[0]}"]}</arg>
<doc>Returns the given values which can then be assigned to a variables.</doc>
<msg timestamp="20231101 23:35:41.143" level="INFO">${text} = DA_10 Voluptatum quisquam.</msg>
<status status="PASS" starttime="20231101 23:35:41.140" endtime="20231101 23:35:41.143"/>
</kw>
<status status="PASS" starttime="20231101 23:35:41.139" endtime="20231101 23:35:41.144"/>
</branch>
<status status="PASS" starttime="20231101 23:35:41.139" endtime="20231101 23:35:41.144"/>
</if>
<msg timestamp="20231101 23:35:41.145" level="INFO">${name} = DA_10 Voluptatum quisquam.</msg>
<status status="PASS" starttime="20231101 23:35:41.129" endtime="20231101 23:35:41.145"/>
</kw>
<kw name="Get Element Item By Name" library="common">
<var>${element}</var>
<arg>${name}</arg>
<arg>//button[@title = "${text}"]</arg>
<msg timestamp="20231101 23:35:41.147" level="INFO">${element} = xpath=//*[contains(@class, "item-text") and contains(text(), "DA_10 Voluptatum quisquam.")]/ancestor::*[contains(@class, "item")]//button[@title = "Xóa"]</msg>
<status status="PASS" starttime="20231101 23:35:41.146" endtime="20231101 23:35:41.148"/>
</kw>
<kw name="Click" library="Browser">
<arg>${element}</arg>
<tag>PageContent</tag>
<tag>Setter</tag>
<doc>Simulates mouse click on the element found by ``selector``.</doc>
<status status="PASS" starttime="20231101 23:35:41.148" endtime="20231101 23:35:42.765"/>
</kw>
<kw name="Click Confirm To Action" library="common">
<kw name="Set Variable" library="BuiltIn">
<var>${element}</var>
<arg>xpath=//*[contains(@class, "ant-popover")]//*[contains(@class, "ant-btn-primary")]</arg>
<doc>Returns the given values which can then be assigned to a variables.</doc>
<msg timestamp="20231101 23:35:42.767" level="INFO">${element} = xpath=//*[contains(@class, "ant-popover")]//*[contains(@class, "ant-btn-primary")]</msg>
<status status="PASS" starttime="20231101 23:35:42.766" endtime="20231101 23:35:42.768"/>
</kw>
<kw name="Get Element Count" library="Browser">
<var>${count}</var>
<arg>${element}</arg>
<tag>Assertion</tag>
<tag>Getter</tag>
<tag>PageContent</tag>
<doc>Returns the count of elements found with ``selector``.</doc>
<msg timestamp="20231101 23:35:42.783" level="INFO">${count} = 1</msg>
<status status="PASS" starttime="20231101 23:35:42.771" endtime="20231101 23:35:42.783"/>
</kw>
<if>
<branch type="IF" condition="${count} &gt; 0">
<kw name="Click" library="Browser">
<arg>${element}</arg>
<tag>PageContent</tag>
<tag>Setter</tag>
<doc>Simulates mouse click on the element found by ``selector``.</doc>
<status status="PASS" starttime="20231101 23:35:42.786" endtime="20231101 23:35:43.046"/>
</kw>
<kw name="Sleep" library="BuiltIn">
<arg>${SHOULD_TIMEOUT}</arg>
<doc>Pauses the test executed for the given time.</doc>
<msg timestamp="20231101 23:35:43.149" level="INFO">Slept 100 milliseconds</msg>
<status status="PASS" starttime="20231101 23:35:43.047" endtime="20231101 23:35:43.149"/>
</kw>
<kw name="Wait Until Element Spin" library="common">
<kw name="Sleep" library="BuiltIn">
<arg>${SHOULD_TIMEOUT}</arg>
<doc>Pauses the test executed for the given time.</doc>
<msg timestamp="20231101 23:35:43.255" level="INFO">Slept 100 milliseconds</msg>
<status status="PASS" starttime="20231101 23:35:43.151" endtime="20231101 23:35:43.255"/>
</kw>
<kw name="Set Variable" library="BuiltIn">
<var>${element}</var>
<arg>xpath=//*[contains(@class, "ant-spin-spinning")]</arg>
<doc>Returns the given values which can then be assigned to a variables.</doc>
<msg timestamp="20231101 23:35:43.257" level="INFO">${element} = xpath=//*[contains(@class, "ant-spin-spinning")]</msg>
<status status="PASS" starttime="20231101 23:35:43.256" endtime="20231101 23:35:43.257"/>
</kw>
<kw name="Get Element Count" library="Browser">
<var>${count}</var>
<arg>${element}</arg>
<tag>Assertion</tag>
<tag>Getter</tag>
<tag>PageContent</tag>
<doc>Returns the count of elements found with ``selector``.</doc>
<msg timestamp="20231101 23:35:43.316" level="INFO">${count} = 0</msg>
<status status="PASS" starttime="20231101 23:35:43.258" endtime="20231101 23:35:43.316"/>
</kw>
<if>
<branch type="IF" condition="${count} &gt; 0">
<kw name="Wait Until Page Does Not Contain Element" library="common">
<arg>${element}</arg>
<status status="NOT RUN" starttime="20231101 23:35:43.324" endtime="20231101 23:35:43.325"/>
</kw>
<status status="NOT RUN" starttime="20231101 23:35:43.317" endtime="20231101 23:35:43.325"/>
</branch>
<status status="PASS" starttime="20231101 23:35:43.316" endtime="20231101 23:35:43.326"/>
</if>
<status status="PASS" starttime="20231101 23:35:43.150" endtime="20231101 23:35:43.326"/>
</kw>
<status status="PASS" starttime="20231101 23:35:42.784" endtime="20231101 23:35:43.327"/>
</branch>
<status status="PASS" starttime="20231101 23:35:42.783" endtime="20231101 23:35:43.327"/>
</if>
<status status="PASS" starttime="20231101 23:35:42.766" endtime="20231101 23:35:43.328"/>
</kw>
<kw name="Wait Until Network Is Idle" library="Browser">
<tag>HTTP</tag>
<tag>Wait</tag>
<doc>Waits until there has been at least one instance of 500 ms of no network traffic on the page after loading.</doc>
<status status="PASS" starttime="20231101 23:35:43.329" endtime="20231101 23:35:43.340"/>
</kw>
<status status="PASS" starttime="20231101 23:35:41.003" endtime="20231101 23:35:43.341"/>
</kw>
<kw name="Tear Down" library="common" type="TEARDOWN">
<kw name="Close Browser" library="Browser">
<arg>ALL</arg>
<tag>BrowserControl</tag>
<tag>Setter</tag>
<doc>Closes the current browser.</doc>
<msg timestamp="20231101 23:35:44.353" level="INFO">Closed all browsers</msg>
<status status="PASS" starttime="20231101 23:35:43.346" endtime="20231101 23:35:44.354"/>
</kw>
<status status="PASS" starttime="20231101 23:35:43.345" endtime="20231101 23:35:44.354"/>
</kw>
<tag>Search</tag>
<status status="PASS" starttime="20231101 23:35:20.556" endtime="20231101 23:35:44.356"/>
</test>
<status status="PASS" starttime="20231101 23:35:18.252" endtime="20231101 23:35:44.366"/>
</suite>
<statistics>
<total>
<stat pass="1" fail="0" skip="0">All Tests</stat>
</total>
<tag>
<stat pass="1" fail="0" skip="0">Search</stat>
</tag>
<suite>
<stat pass="1" fail="0" skip="0" id="s1" name="Data">Data</stat>
</suite>
</statistics>
<errors>
</errors>
</robot>
