<?xml version="1.0" encoding="UTF-8"?>
<robot generator="Robot 6.1.1 (Python 3.11.4 on win32)" generated="20230905 15:08:11.619" rpa="false" schemaversion="4">
<suite id="s1" name="Customer Account" source="d:\Intern test\test\test\testcases\customer_account.robot">
<test id="s1-t1" name="CA_15 Verify the date selection filter function" line="153">
<kw name="Setup" library="common" type="SETUP">
<kw name="Set Browser Timeout" library="Browser">
<arg>${BROWSER_TIMEOUT}</arg>
<tag>Config</tag>
<tag>Setter</tag>
<doc>Sets the timeout used by most input and getter keywords.</doc>
<status status="PASS" starttime="20230905 15:08:13.942" endtime="20230905 15:08:13.960"/>
</kw>
<kw name="New Browser" library="Browser">
<arg>${BROWSER}</arg>
<arg>headless=${HEADLESS}</arg>
<tag>BrowserControl</tag>
<tag>Setter</tag>
<doc>Create a new playwright Browser with specified options.</doc>
<msg timestamp="20230905 15:08:13.962" level="INFO">{"browser": "chromium", "headless": false, "chromiumSandbox": false, "devtools": false, "handleSIGHUP": true, "handleSIGINT": true, "handleSIGTERM": true, "ignoreDefaultArgs": false, "slowMo": 0.0, "timeout": 30000.0, "tracesDir": "D:\\Intern test\\test\\browser\\traces\\d4f12735-1786-4c4f-a428-bcdc68a78c9a"}</msg>
<msg timestamp="20230905 15:08:16.170" level="INFO">Successfully created browser with options: {"browser":"chromium","headless":false,"chromiumSandbox":false,"devtools":false,"handleSIGHUP":true,"handleSIGINT":true,"handleSIGTERM":true,"ignoreDefaultArgs":false,"slowMo":0,"timeout":30000,"tracesDir":"D:\\Intern test\\test\\browser\\traces\\d4f12735-1786-4c4f-a428-bcdc68a78c9a"}</msg>
<status status="PASS" starttime="20230905 15:08:13.961" endtime="20230905 15:08:16.171"/>
</kw>
<kw name="New Page" library="Browser">
<arg>${URL_DEFAULT}</arg>
<tag>BrowserControl</tag>
<tag>Setter</tag>
<doc>Open a new Page.</doc>
<msg timestamp="20230905 15:08:20.242" level="INFO">Successfully initialized new page object and opened url: http://dev1.geneat.vn:7802/vn</msg>
<msg timestamp="20230905 15:08:20.243" level="INFO">No context was open. New context was automatically opened when this page is created.</msg>
<status status="PASS" starttime="20230905 15:08:16.172" endtime="20230905 15:08:20.244"/>
</kw>
<kw name="Evaluate" library="BuiltIn">
<var>${STATE}</var>
<arg>json.loads('''{}''')</arg>
<arg>json</arg>
<doc>Evaluates the given expression in Python and returns the result.</doc>
<msg timestamp="20230905 15:08:20.248" level="INFO">${STATE} = {}</msg>
<status status="PASS" starttime="20230905 15:08:20.244" endtime="20230905 15:08:20.249"/>
</kw>
<status status="PASS" starttime="20230905 15:08:13.940" endtime="20230905 15:08:20.250"/>
</kw>
<kw name="When Go to CA page">
<kw name="When Login to admin" library="common">
<kw name="Enter &quot;email&quot; in &quot;Email&quot; with &quot;admin@gmail.com&quot;" library="common" sourcename="Enter &quot;${type}&quot; in &quot;${name}&quot; with &quot;${text}&quot;">
<kw name="Get Random Text" library="common">
<var>${text}</var>
<arg>${type}</arg>
<arg>${text}</arg>
<kw name="Set Variable" library="BuiltIn">
<var>${symbol}</var>
<arg>_RANDOM_</arg>
<doc>Returns the given values which can then be assigned to a variables.</doc>
<msg timestamp="20230905 15:08:20.273" level="INFO">${symbol} = _RANDOM_</msg>
<status status="PASS" starttime="20230905 15:08:20.272" endtime="20230905 15:08:20.274"/>
</kw>
<kw name="Set Variable" library="BuiltIn">
<var>${new_text}</var>
<doc>Returns the given values which can then be assigned to a variables.</doc>
<msg timestamp="20230905 15:08:20.276" level="INFO">${new_text} = </msg>
<status status="PASS" starttime="20230905 15:08:20.276" endtime="20230905 15:08:20.277"/>
</kw>
<kw name="Get Regexp Matches" library="String">
<var>${containsS}</var>
<arg>${text}</arg>
<arg>_@(.+)@_</arg>
<arg>1</arg>
<doc>Returns a list of all non-overlapping matches in the given string.</doc>
<msg timestamp="20230905 15:08:20.280" level="INFO">${containsS} = []</msg>
<status status="PASS" starttime="20230905 15:08:20.277" endtime="20230905 15:08:20.281"/>
</kw>
<kw name="Get Length" library="BuiltIn">
<var>${cntS}</var>
<arg>${containsS}</arg>
<doc>Returns and logs the length of the given item as an integer.</doc>
<msg timestamp="20230905 15:08:20.283" level="INFO">Length is 0</msg>
<msg timestamp="20230905 15:08:20.283" level="INFO">${cntS} = 0</msg>
<status status="PASS" starttime="20230905 15:08:20.282" endtime="20230905 15:08:20.283"/>
</kw>
<kw name="Get Regexp Matches" library="String">
<var>${contains}</var>
<arg>${text}</arg>
<arg>${symbol}</arg>
<doc>Returns a list of all non-overlapping matches in the given string.</doc>
<msg timestamp="20230905 15:08:20.285" level="INFO">${contains} = []</msg>
<status status="PASS" starttime="20230905 15:08:20.284" endtime="20230905 15:08:20.286"/>
</kw>
<kw name="Get Length" library="BuiltIn">
<var>${cnt}</var>
<arg>${contains}</arg>
<doc>Returns and logs the length of the given item as an integer.</doc>
<msg timestamp="20230905 15:08:20.287" level="INFO">Length is 0</msg>
<msg timestamp="20230905 15:08:20.288" level="INFO">${cnt} = 0</msg>
<status status="PASS" starttime="20230905 15:08:20.286" endtime="20230905 15:08:20.298"/>
</kw>
<if>
<branch type="IF" condition="${cntS} &gt; 0">
<kw name="Set Variable" library="BuiltIn">
<var>${new_text}</var>
<arg>${STATE["${containsS[0]}"]}</arg>
<doc>Returns the given values which can then be assigned to a variables.</doc>
<status status="NOT RUN" starttime="20230905 15:08:20.300" endtime="20230905 15:08:20.301"/>
</kw>
<kw name="Set Variable" library="BuiltIn">
<var>${symbol}</var>
<arg>_@${containsS[0]}@_</arg>
<doc>Returns the given values which can then be assigned to a variables.</doc>
<status status="NOT RUN" starttime="20230905 15:08:20.302" endtime="20230905 15:08:20.303"/>
</kw>
<status status="NOT RUN" starttime="20230905 15:08:20.299" endtime="20230905 15:08:20.303"/>
</branch>
<branch type="ELSE IF" condition="${cnt} &gt; 0 and '${type}' == 'test name'">
<kw name="Sentence" library="FakerLibrary">
<var>${random}</var>
<arg>nb_words=3</arg>
<doc>Generate a sentence.</doc>
<status status="NOT RUN" starttime="20230905 15:08:20.305" endtime="20230905 15:08:20.305"/>
</kw>
<kw name="Split String" library="String">
<var>${words}</var>
<arg>${TEST NAME}</arg>
<arg>${SPACE}</arg>
<doc>Splits the ``string`` using ``separator`` as a delimiter string.</doc>
<status status="NOT RUN" starttime="20230905 15:08:20.306" endtime="20230905 15:08:20.306"/>
</kw>
<kw name="Set Variable" library="BuiltIn">
<var>${new_text}</var>
<arg>${words[0]} ${random}</arg>
<doc>Returns the given values which can then be assigned to a variables.</doc>
<status status="NOT RUN" starttime="20230905 15:08:20.307" endtime="20230905 15:08:20.308"/>
</kw>
<status status="NOT RUN" starttime="20230905 15:08:20.304" endtime="20230905 15:08:20.310"/>
</branch>
<branch type="ELSE IF" condition="${cnt} &gt; 0 and '${type}' == 'number'">
<kw name="Random Int" library="FakerLibrary">
<var>${new_text}</var>
<doc>Generate a random integer between two integers ``min`` and ``max`` inclusive
while observing the provided ``step`` value.</doc>
<status status="NOT RUN" starttime="20230905 15:08:20.312" endtime="20230905 15:08:20.315"/>
</kw>
<kw name="Convert To String" library="BuiltIn">
<var>${new_text}</var>
<arg>${new_text}</arg>
<doc>Converts the given item to a Unicode string.</doc>
<status status="NOT RUN" starttime="20230905 15:08:20.315" endtime="20230905 15:08:20.316"/>
</kw>
<status status="NOT RUN" starttime="20230905 15:08:20.311" endtime="20230905 15:08:20.317"/>
</branch>
<branch type="ELSE IF" condition="${cnt} &gt; 0 and '${type}' == 'percentage'">
<kw name="Random Int" library="FakerLibrary">
<var>${new_text}</var>
<arg>max=100</arg>
<doc>Generate a random integer between two integers ``min`` and ``max`` inclusive
while observing the provided ``step`` value.</doc>
<status status="NOT RUN" starttime="20230905 15:08:20.323" endtime="20230905 15:08:20.324"/>
</kw>
<kw name="Convert To String" library="BuiltIn">
<var>${new_text}</var>
<arg>${new_text}</arg>
<doc>Converts the given item to a Unicode string.</doc>
<status status="NOT RUN" starttime="20230905 15:08:20.325" endtime="20230905 15:08:20.326"/>
</kw>
<status status="NOT RUN" starttime="20230905 15:08:20.317" endtime="20230905 15:08:20.327"/>
</branch>
<branch type="ELSE IF" condition="${cnt} &gt; 0 and '${type}' == 'paragraph'">
<kw name="Paragraph" library="FakerLibrary">
<var>${new_text}</var>
<doc>Generate a paragraph.</doc>
<status status="NOT RUN" starttime="20230905 15:08:20.353" endtime="20230905 15:08:20.355"/>
</kw>
<status status="NOT RUN" starttime="20230905 15:08:20.339" endtime="20230905 15:08:20.355"/>
</branch>
<branch type="ELSE IF" condition="${cnt} &gt; 0 and '${type}' == 'email'">
<kw name="Email" library="FakerLibrary">
<var>${new_text}</var>
<status status="NOT RUN" starttime="20230905 15:08:20.361" endtime="20230905 15:08:20.366"/>
</kw>
<status status="NOT RUN" starttime="20230905 15:08:20.356" endtime="20230905 15:08:20.370"/>
</branch>
<branch type="ELSE IF" condition="${cnt} &gt; 0 and '${type}' == 'phone'">
<kw name="Random Int" library="FakerLibrary">
<var>${new_text}</var>
<arg>min=55555555</arg>
<arg>max=999999999999</arg>
<doc>Generate a random integer between two integers ``min`` and ``max`` inclusive
while observing the provided ``step`` value.</doc>
<status status="NOT RUN" starttime="20230905 15:08:20.372" endtime="20230905 15:08:20.373"/>
</kw>
<kw name="Convert To String" library="BuiltIn">
<var>${new_text}</var>
<arg>${new_text}</arg>
<doc>Converts the given item to a Unicode string.</doc>
<status status="NOT RUN" starttime="20230905 15:08:20.376" endtime="20230905 15:08:20.377"/>
</kw>
<status status="NOT RUN" starttime="20230905 15:08:20.371" endtime="20230905 15:08:20.378"/>
</branch>
<branch type="ELSE IF" condition="${cnt} &gt; 0 and '${type}' == 'color'">
<kw name="Safe Hex Color" library="FakerLibrary">
<var>${new_text}</var>
<doc>Generate a web-safe color formatted as a hex triplet.</doc>
<status status="NOT RUN" starttime="20230905 15:08:20.418" endtime="20230905 15:08:20.418"/>
</kw>
<status status="NOT RUN" starttime="20230905 15:08:20.410" endtime="20230905 15:08:20.419"/>
</branch>
<branch type="ELSE IF" condition="${cnt} &gt; 0 and '${type}' == 'date'">
<kw name="Date" library="FakerLibrary">
<var>${new_text}</var>
<arg>pattern=%d-%m-%Y</arg>
<doc>Get a date string between January 1, 1970 and now.</doc>
<status status="NOT RUN" starttime="20230905 15:08:20.420" endtime="20230905 15:08:20.421"/>
</kw>
<status status="NOT RUN" starttime="20230905 15:08:20.419" endtime="20230905 15:08:20.422"/>
</branch>
<branch type="ELSE IF" condition="${cnt} &gt; 0 and '${type}' == 'word'">
<kw name="Sentence" library="FakerLibrary">
<var>${new_text}</var>
<arg>nb_words=2</arg>
<doc>Generate a sentence.</doc>
<status status="NOT RUN" starttime="20230905 15:08:20.423" endtime="20230905 15:08:20.424"/>
</kw>
<status status="NOT RUN" starttime="20230905 15:08:20.422" endtime="20230905 15:08:20.424"/>
</branch>
<branch type="ELSE IF" condition="${cnt} &gt; 0">
<kw name="Sentence" library="FakerLibrary">
<var>${new_text}</var>
<doc>Generate a sentence.</doc>
<status status="NOT RUN" starttime="20230905 15:08:20.434" endtime="20230905 15:08:20.435"/>
</kw>
<status status="NOT RUN" starttime="20230905 15:08:20.425" endtime="20230905 15:08:20.435"/>
</branch>
<status status="PASS" starttime="20230905 15:08:20.299" endtime="20230905 15:08:20.436"/>
</if>
<kw name="Get Length" library="BuiltIn">
<var>${cnt}</var>
<arg>${text}</arg>
<doc>Returns and logs the length of the given item as an integer.</doc>
<msg timestamp="20230905 15:08:20.437" level="INFO">Length is 15</msg>
<msg timestamp="20230905 15:08:20.438" level="INFO">${cnt} = 15</msg>
<status status="PASS" starttime="20230905 15:08:20.436" endtime="20230905 15:08:20.438"/>
</kw>
<if>
<branch type="IF" condition="${cnt} &gt; 0">
<kw name="Replace String" library="String">
<var>${text}</var>
<arg>${text}</arg>
<arg>${symbol}</arg>
<arg>${new_text}</arg>
<doc>Replaces ``search_for`` in the given ``string`` with ``replace_with``.</doc>
<msg timestamp="20230905 15:08:20.443" level="INFO">${text} = admin@gmail.com</msg>
<status status="PASS" starttime="20230905 15:08:20.441" endtime="20230905 15:08:20.444"/>
</kw>
<status status="PASS" starttime="20230905 15:08:20.439" endtime="20230905 15:08:20.444"/>
</branch>
<status status="PASS" starttime="20230905 15:08:20.439" endtime="20230905 15:08:20.445"/>
</if>
<msg timestamp="20230905 15:08:20.448" level="INFO">${text} = admin@gmail.com</msg>
<status status="PASS" starttime="20230905 15:08:20.270" endtime="20230905 15:08:20.448"/>
</kw>
<kw name="Get Element Form Item By Name" library="common">
<var>${element}</var>
<arg>${name}</arg>
<arg>//input[contains(@class, "ant-input")]</arg>
<msg timestamp="20230905 15:08:20.450" level="INFO">${element} = xpath=//*[contains(@class, "ant-form-item-label")]/label[text()="Email"]/../../*[contains(@class, "ant-form-item")]//input[contains(@class, "ant-input")]</msg>
<status status="PASS" starttime="20230905 15:08:20.449" endtime="20230905 15:08:20.450"/>
</kw>
<kw name="Clear Text" library="Browser">
<arg>${element}</arg>
<tag>PageContent</tag>
<tag>Setter</tag>
<doc>Clears the text field found by ``selector``.</doc>
<status status="PASS" starttime="20230905 15:08:20.451" endtime="20230905 15:08:20.645"/>
</kw>
<kw name="Fill Text" library="Browser">
<arg>${element}</arg>
<arg>${text}</arg>
<arg>True</arg>
<tag>PageContent</tag>
<tag>Setter</tag>
<doc>Clears and fills the given ``txt`` into the text field found by ``selector``.</doc>
<msg timestamp="20230905 15:08:20.654" level="INFO">Fills the text 'admin@gmail.com' in the given field.</msg>
<status status="PASS" starttime="20230905 15:08:20.653" endtime="20230905 15:08:20.770"/>
</kw>
<kw name="Get Length" library="BuiltIn">
<var>${cnt}</var>
<arg>${text}</arg>
<doc>Returns and logs the length of the given item as an integer.</doc>
<msg timestamp="20230905 15:08:20.771" level="INFO">Length is 15</msg>
<msg timestamp="20230905 15:08:20.772" level="INFO">${cnt} = 15</msg>
<status status="PASS" starttime="20230905 15:08:20.770" endtime="20230905 15:08:20.772"/>
</kw>
<if>
<branch type="IF" condition="${cnt} &gt; 0">
<kw name="Set Global Variable" library="BuiltIn">
<arg>${STATE["${name}"]}</arg>
<arg>${text}</arg>
<doc>Makes a variable available globally in all tests and suites.</doc>
<msg timestamp="20230905 15:08:20.777" level="INFO">${STATE["Email"]} = admin@gmail.com</msg>
<status status="PASS" starttime="20230905 15:08:20.774" endtime="20230905 15:08:20.778"/>
</kw>
<status status="PASS" starttime="20230905 15:08:20.773" endtime="20230905 15:08:20.780"/>
</branch>
<status status="PASS" starttime="20230905 15:08:20.772" endtime="20230905 15:08:20.781"/>
</if>
<status status="PASS" starttime="20230905 15:08:20.269" endtime="20230905 15:08:20.781"/>
</kw>
<kw name="Enter &quot;text&quot; in &quot;Mật khẩu&quot; with &quot;123123&quot;" library="common" sourcename="Enter &quot;${type}&quot; in &quot;${name}&quot; with &quot;${text}&quot;">
<kw name="Get Random Text" library="common">
<var>${text}</var>
<arg>${type}</arg>
<arg>${text}</arg>
<kw name="Set Variable" library="BuiltIn">
<var>${symbol}</var>
<arg>_RANDOM_</arg>
<doc>Returns the given values which can then be assigned to a variables.</doc>
<msg timestamp="20230905 15:08:20.793" level="INFO">${symbol} = _RANDOM_</msg>
<status status="PASS" starttime="20230905 15:08:20.792" endtime="20230905 15:08:20.793"/>
</kw>
<kw name="Set Variable" library="BuiltIn">
<var>${new_text}</var>
<doc>Returns the given values which can then be assigned to a variables.</doc>
<msg timestamp="20230905 15:08:20.796" level="INFO">${new_text} = </msg>
<status status="PASS" starttime="20230905 15:08:20.794" endtime="20230905 15:08:20.797"/>
</kw>
<kw name="Get Regexp Matches" library="String">
<var>${containsS}</var>
<arg>${text}</arg>
<arg>_@(.+)@_</arg>
<arg>1</arg>
<doc>Returns a list of all non-overlapping matches in the given string.</doc>
<msg timestamp="20230905 15:08:20.801" level="INFO">${containsS} = []</msg>
<status status="PASS" starttime="20230905 15:08:20.798" endtime="20230905 15:08:20.802"/>
</kw>
<kw name="Get Length" library="BuiltIn">
<var>${cntS}</var>
<arg>${containsS}</arg>
<doc>Returns and logs the length of the given item as an integer.</doc>
<msg timestamp="20230905 15:08:20.804" level="INFO">Length is 0</msg>
<msg timestamp="20230905 15:08:20.805" level="INFO">${cntS} = 0</msg>
<status status="PASS" starttime="20230905 15:08:20.803" endtime="20230905 15:08:20.805"/>
</kw>
<kw name="Get Regexp Matches" library="String">
<var>${contains}</var>
<arg>${text}</arg>
<arg>${symbol}</arg>
<doc>Returns a list of all non-overlapping matches in the given string.</doc>
<msg timestamp="20230905 15:08:20.807" level="INFO">${contains} = []</msg>
<status status="PASS" starttime="20230905 15:08:20.806" endtime="20230905 15:08:20.807"/>
</kw>
<kw name="Get Length" library="BuiltIn">
<var>${cnt}</var>
<arg>${contains}</arg>
<doc>Returns and logs the length of the given item as an integer.</doc>
<msg timestamp="20230905 15:08:20.809" level="INFO">Length is 0</msg>
<msg timestamp="20230905 15:08:20.810" level="INFO">${cnt} = 0</msg>
<status status="PASS" starttime="20230905 15:08:20.808" endtime="20230905 15:08:20.810"/>
</kw>
<if>
<branch type="IF" condition="${cntS} &gt; 0">
<kw name="Set Variable" library="BuiltIn">
<var>${new_text}</var>
<arg>${STATE["${containsS[0]}"]}</arg>
<doc>Returns the given values which can then be assigned to a variables.</doc>
<status status="NOT RUN" starttime="20230905 15:08:20.818" endtime="20230905 15:08:20.819"/>
</kw>
<kw name="Set Variable" library="BuiltIn">
<var>${symbol}</var>
<arg>_@${containsS[0]}@_</arg>
<doc>Returns the given values which can then be assigned to a variables.</doc>
<status status="NOT RUN" starttime="20230905 15:08:20.819" endtime="20230905 15:08:20.820"/>
</kw>
<status status="NOT RUN" starttime="20230905 15:08:20.811" endtime="20230905 15:08:20.821"/>
</branch>
<branch type="ELSE IF" condition="${cnt} &gt; 0 and '${type}' == 'test name'">
<kw name="Sentence" library="FakerLibrary">
<var>${random}</var>
<arg>nb_words=3</arg>
<doc>Generate a sentence.</doc>
<status status="NOT RUN" starttime="20230905 15:08:20.822" endtime="20230905 15:08:20.823"/>
</kw>
<kw name="Split String" library="String">
<var>${words}</var>
<arg>${TEST NAME}</arg>
<arg>${SPACE}</arg>
<doc>Splits the ``string`` using ``separator`` as a delimiter string.</doc>
<status status="NOT RUN" starttime="20230905 15:08:20.824" endtime="20230905 15:08:20.825"/>
</kw>
<kw name="Set Variable" library="BuiltIn">
<var>${new_text}</var>
<arg>${words[0]} ${random}</arg>
<doc>Returns the given values which can then be assigned to a variables.</doc>
<status status="NOT RUN" starttime="20230905 15:08:20.826" endtime="20230905 15:08:20.826"/>
</kw>
<status status="NOT RUN" starttime="20230905 15:08:20.821" endtime="20230905 15:08:20.827"/>
</branch>
<branch type="ELSE IF" condition="${cnt} &gt; 0 and '${type}' == 'number'">
<kw name="Random Int" library="FakerLibrary">
<var>${new_text}</var>
<doc>Generate a random integer between two integers ``min`` and ``max`` inclusive
while observing the provided ``step`` value.</doc>
<status status="NOT RUN" starttime="20230905 15:08:20.835" endtime="20230905 15:08:20.836"/>
</kw>
<kw name="Convert To String" library="BuiltIn">
<var>${new_text}</var>
<arg>${new_text}</arg>
<doc>Converts the given item to a Unicode string.</doc>
<status status="NOT RUN" starttime="20230905 15:08:20.838" endtime="20230905 15:08:20.838"/>
</kw>
<status status="NOT RUN" starttime="20230905 15:08:20.827" endtime="20230905 15:08:20.839"/>
</branch>
<branch type="ELSE IF" condition="${cnt} &gt; 0 and '${type}' == 'percentage'">
<kw name="Random Int" library="FakerLibrary">
<var>${new_text}</var>
<arg>max=100</arg>
<doc>Generate a random integer between two integers ``min`` and ``max`` inclusive
while observing the provided ``step`` value.</doc>
<status status="NOT RUN" starttime="20230905 15:08:20.841" endtime="20230905 15:08:20.842"/>
</kw>
<kw name="Convert To String" library="BuiltIn">
<var>${new_text}</var>
<arg>${new_text}</arg>
<doc>Converts the given item to a Unicode string.</doc>
<status status="NOT RUN" starttime="20230905 15:08:20.843" endtime="20230905 15:08:20.843"/>
</kw>
<status status="NOT RUN" starttime="20230905 15:08:20.840" endtime="20230905 15:08:20.844"/>
</branch>
<branch type="ELSE IF" condition="${cnt} &gt; 0 and '${type}' == 'paragraph'">
<kw name="Paragraph" library="FakerLibrary">
<var>${new_text}</var>
<doc>Generate a paragraph.</doc>
<status status="NOT RUN" starttime="20230905 15:08:20.852" endtime="20230905 15:08:20.853"/>
</kw>
<status status="NOT RUN" starttime="20230905 15:08:20.845" endtime="20230905 15:08:20.854"/>
</branch>
<branch type="ELSE IF" condition="${cnt} &gt; 0 and '${type}' == 'email'">
<kw name="Email" library="FakerLibrary">
<var>${new_text}</var>
<status status="NOT RUN" starttime="20230905 15:08:20.855" endtime="20230905 15:08:20.856"/>
</kw>
<status status="NOT RUN" starttime="20230905 15:08:20.854" endtime="20230905 15:08:20.857"/>
</branch>
<branch type="ELSE IF" condition="${cnt} &gt; 0 and '${type}' == 'phone'">
<kw name="Random Int" library="FakerLibrary">
<var>${new_text}</var>
<arg>min=55555555</arg>
<arg>max=999999999999</arg>
<doc>Generate a random integer between two integers ``min`` and ``max`` inclusive
while observing the provided ``step`` value.</doc>
<status status="NOT RUN" starttime="20230905 15:08:20.858" endtime="20230905 15:08:20.859"/>
</kw>
<kw name="Convert To String" library="BuiltIn">
<var>${new_text}</var>
<arg>${new_text}</arg>
<doc>Converts the given item to a Unicode string.</doc>
<status status="NOT RUN" starttime="20230905 15:08:20.860" endtime="20230905 15:08:20.861"/>
</kw>
<status status="NOT RUN" starttime="20230905 15:08:20.857" endtime="20230905 15:08:20.861"/>
</branch>
<branch type="ELSE IF" condition="${cnt} &gt; 0 and '${type}' == 'color'">
<kw name="Safe Hex Color" library="FakerLibrary">
<var>${new_text}</var>
<doc>Generate a web-safe color formatted as a hex triplet.</doc>
<status status="NOT RUN" starttime="20230905 15:08:20.870" endtime="20230905 15:08:20.871"/>
</kw>
<status status="NOT RUN" starttime="20230905 15:08:20.869" endtime="20230905 15:08:20.871"/>
</branch>
<branch type="ELSE IF" condition="${cnt} &gt; 0 and '${type}' == 'date'">
<kw name="Date" library="FakerLibrary">
<var>${new_text}</var>
<arg>pattern=%d-%m-%Y</arg>
<doc>Get a date string between January 1, 1970 and now.</doc>
<status status="NOT RUN" starttime="20230905 15:08:20.873" endtime="20230905 15:08:20.874"/>
</kw>
<status status="NOT RUN" starttime="20230905 15:08:20.872" endtime="20230905 15:08:20.874"/>
</branch>
<branch type="ELSE IF" condition="${cnt} &gt; 0 and '${type}' == 'word'">
<kw name="Sentence" library="FakerLibrary">
<var>${new_text}</var>
<arg>nb_words=2</arg>
<doc>Generate a sentence.</doc>
<status status="NOT RUN" starttime="20230905 15:08:20.876" endtime="20230905 15:08:20.877"/>
</kw>
<status status="NOT RUN" starttime="20230905 15:08:20.875" endtime="20230905 15:08:20.877"/>
</branch>
<branch type="ELSE IF" condition="${cnt} &gt; 0">
<kw name="Sentence" library="FakerLibrary">
<var>${new_text}</var>
<doc>Generate a sentence.</doc>
<status status="NOT RUN" starttime="20230905 15:08:20.886" endtime="20230905 15:08:20.887"/>
</kw>
<status status="NOT RUN" starttime="20230905 15:08:20.878" endtime="20230905 15:08:20.888"/>
</branch>
<status status="PASS" starttime="20230905 15:08:20.811" endtime="20230905 15:08:20.888"/>
</if>
<kw name="Get Length" library="BuiltIn">
<var>${cnt}</var>
<arg>${text}</arg>
<doc>Returns and logs the length of the given item as an integer.</doc>
<msg timestamp="20230905 15:08:20.890" level="INFO">Length is 6</msg>
<msg timestamp="20230905 15:08:20.891" level="INFO">${cnt} = 6</msg>
<status status="PASS" starttime="20230905 15:08:20.889" endtime="20230905 15:08:20.892"/>
</kw>
<if>
<branch type="IF" condition="${cnt} &gt; 0">
<kw name="Replace String" library="String">
<var>${text}</var>
<arg>${text}</arg>
<arg>${symbol}</arg>
<arg>${new_text}</arg>
<doc>Replaces ``search_for`` in the given ``string`` with ``replace_with``.</doc>
<msg timestamp="20230905 15:08:20.899" level="INFO">${text} = 123123</msg>
<status status="PASS" starttime="20230905 15:08:20.894" endtime="20230905 15:08:20.901"/>
</kw>
<status status="PASS" starttime="20230905 15:08:20.893" endtime="20230905 15:08:20.902"/>
</branch>
<status status="PASS" starttime="20230905 15:08:20.892" endtime="20230905 15:08:20.903"/>
</if>
<msg timestamp="20230905 15:08:20.904" level="INFO">${text} = 123123</msg>
<status status="PASS" starttime="20230905 15:08:20.790" endtime="20230905 15:08:20.904"/>
</kw>
<kw name="Get Element Form Item By Name" library="common">
<var>${element}</var>
<arg>${name}</arg>
<arg>//input[contains(@class, "ant-input")]</arg>
<msg timestamp="20230905 15:08:20.918" level="INFO">${element} = xpath=//*[contains(@class, "ant-form-item-label")]/label[text()="Mật khẩu"]/../../*[contains(@class, "ant-form-item")]//input[contains(@class, "ant-input")]</msg>
<status status="PASS" starttime="20230905 15:08:20.905" endtime="20230905 15:08:20.918"/>
</kw>
<kw name="Clear Text" library="Browser">
<arg>${element}</arg>
<tag>PageContent</tag>
<tag>Setter</tag>
<doc>Clears the text field found by ``selector``.</doc>
<status status="PASS" starttime="20230905 15:08:20.919" endtime="20230905 15:08:21.051"/>
</kw>
<kw name="Fill Text" library="Browser">
<arg>${element}</arg>
<arg>${text}</arg>
<arg>True</arg>
<tag>PageContent</tag>
<tag>Setter</tag>
<doc>Clears and fills the given ``txt`` into the text field found by ``selector``.</doc>
<msg timestamp="20230905 15:08:21.053" level="INFO">Fills the text '123123' in the given field.</msg>
<status status="PASS" starttime="20230905 15:08:21.052" endtime="20230905 15:08:21.119"/>
</kw>
<kw name="Get Length" library="BuiltIn">
<var>${cnt}</var>
<arg>${text}</arg>
<doc>Returns and logs the length of the given item as an integer.</doc>
<msg timestamp="20230905 15:08:21.121" level="INFO">Length is 6</msg>
<msg timestamp="20230905 15:08:21.122" level="INFO">${cnt} = 6</msg>
<status status="PASS" starttime="20230905 15:08:21.120" endtime="20230905 15:08:21.122"/>
</kw>
<if>
<branch type="IF" condition="${cnt} &gt; 0">
<kw name="Set Global Variable" library="BuiltIn">
<arg>${STATE["${name}"]}</arg>
<arg>${text}</arg>
<doc>Makes a variable available globally in all tests and suites.</doc>
<msg timestamp="20230905 15:08:21.127" level="INFO">${STATE["Mật khẩu"]} = 123123</msg>
<status status="PASS" starttime="20230905 15:08:21.124" endtime="20230905 15:08:21.128"/>
</kw>
<status status="PASS" starttime="20230905 15:08:21.123" endtime="20230905 15:08:21.131"/>
</branch>
<status status="PASS" starttime="20230905 15:08:21.123" endtime="20230905 15:08:21.131"/>
</if>
<status status="PASS" starttime="20230905 15:08:20.782" endtime="20230905 15:08:21.133"/>
</kw>
<kw name="Click &quot;Đăng nhập&quot; button" library="common" sourcename="Click &quot;${text}&quot; button">
<kw name="Click" library="Browser">
<arg>xpath=//button[@title = "${text}"]</arg>
<tag>PageContent</tag>
<tag>Setter</tag>
<doc>Simulates mouse click on the element found by ``selector``.</doc>
<status status="PASS" starttime="20230905 15:08:21.136" endtime="20230905 15:08:21.489"/>
</kw>
<kw name="Click Confirm To Action" library="common">
<kw name="Set Variable" library="BuiltIn">
<var>${element}</var>
<arg>xpath=//*[contains(@class, "ant-popover")]//*[contains(@class, "ant-btn-primary")]</arg>
<doc>Returns the given values which can then be assigned to a variables.</doc>
<msg timestamp="20230905 15:08:21.492" level="INFO">${element} = xpath=//*[contains(@class, "ant-popover")]//*[contains(@class, "ant-btn-primary")]</msg>
<status status="PASS" starttime="20230905 15:08:21.491" endtime="20230905 15:08:21.492"/>
</kw>
<kw name="Get Element Count" library="Browser">
<var>${count}</var>
<arg>${element}</arg>
<tag>Assertion</tag>
<tag>Getter</tag>
<tag>PageContent</tag>
<doc>Returns the count of elements found with ``selector``.</doc>
<msg timestamp="20230905 15:08:21.574" level="INFO">${count} = 0</msg>
<status status="PASS" starttime="20230905 15:08:21.493" endtime="20230905 15:08:21.574"/>
</kw>
<if>
<branch type="IF" condition="${count} &gt; 0">
<kw name="Click" library="Browser">
<arg>${element}</arg>
<tag>PageContent</tag>
<tag>Setter</tag>
<doc>Simulates mouse click on the element found by ``selector``.</doc>
<status status="NOT RUN" starttime="20230905 15:08:21.576" endtime="20230905 15:08:21.577"/>
</kw>
<kw name="Sleep" library="BuiltIn">
<arg>${SHOULD_TIMEOUT}</arg>
<doc>Pauses the test executed for the given time.</doc>
<status status="NOT RUN" starttime="20230905 15:08:21.577" endtime="20230905 15:08:21.578"/>
</kw>
<status status="NOT RUN" starttime="20230905 15:08:21.575" endtime="20230905 15:08:21.583"/>
</branch>
<status status="PASS" starttime="20230905 15:08:21.575" endtime="20230905 15:08:21.584"/>
</if>
<status status="PASS" starttime="20230905 15:08:21.490" endtime="20230905 15:08:21.584"/>
</kw>
<kw name="Scroll By" library="Browser">
<arg>${None}</arg>
<tag>PageContent</tag>
<tag>Setter</tag>
<doc>Scrolls an element or the page relative from current position by the given values.</doc>
<msg timestamp="20230905 15:08:21.794" level="INFO">JavaScript executed successfully.</msg>
<msg timestamp="20230905 15:08:21.795" level="INFO">JavaScript executed successfully.</msg>
<msg timestamp="20230905 15:08:22.246" level="INFO">JavaScript executed successfully.</msg>
<msg timestamp="20230905 15:08:22.248" level="INFO">JavaScript executed successfully.</msg>
<msg timestamp="20230905 15:08:22.274" level="INFO">JavaScript executed successfully.</msg>
<status status="PASS" starttime="20230905 15:08:21.585" endtime="20230905 15:08:22.275"/>
</kw>
<status status="PASS" starttime="20230905 15:08:21.135" endtime="20230905 15:08:22.275"/>
</kw>
<kw name="User look message &quot;Success&quot; popup" library="common" sourcename="User look message &quot;${message}&quot; popup">
<kw name="Get Regexp Matches" library="String">
<var>${contains}</var>
<arg>${message}</arg>
<arg>_@(.+)@_</arg>
<arg>1</arg>
<doc>Returns a list of all non-overlapping matches in the given string.</doc>
<msg timestamp="20230905 15:08:22.281" level="INFO">${contains} = []</msg>
<status status="PASS" starttime="20230905 15:08:22.278" endtime="20230905 15:08:22.281"/>
</kw>
<kw name="Get Length" library="BuiltIn">
<var>${cnt}</var>
<arg>${contains}</arg>
<doc>Returns and logs the length of the given item as an integer.</doc>
<msg timestamp="20230905 15:08:22.284" level="INFO">Length is 0</msg>
<msg timestamp="20230905 15:08:22.285" level="INFO">${cnt} = 0</msg>
<status status="PASS" starttime="20230905 15:08:22.283" endtime="20230905 15:08:22.285"/>
</kw>
<if>
<branch type="IF" condition="${cnt} &gt; 0">
<kw name="Replace String" library="String">
<var>${message}</var>
<arg>${message}</arg>
<arg>_@${contains[0]}@_</arg>
<arg>${STATE["${contains[0]}"]}</arg>
<doc>Replaces ``search_for`` in the given ``string`` with ``replace_with``.</doc>
<status status="NOT RUN" starttime="20230905 15:08:22.287" endtime="20230905 15:08:22.287"/>
</kw>
<status status="NOT RUN" starttime="20230905 15:08:22.286" endtime="20230905 15:08:22.288"/>
</branch>
<status status="PASS" starttime="20230905 15:08:22.286" endtime="20230905 15:08:22.288"/>
</if>
<kw name="Element Text Should Be" library="common">
<arg>id=swal2-html-container</arg>
<arg>${message}</arg>
<kw name="Get Text" library="Browser">
<arg>${locator}</arg>
<arg>equal</arg>
<arg>${expected}</arg>
<arg>${message}</arg>
<tag>Assertion</tag>
<tag>Getter</tag>
<tag>PageContent</tag>
<doc>Returns text attribute of the element found by ``selector``.</doc>
<msg timestamp="20230905 15:08:22.433" level="INFO">Text: 'Success'</msg>
<status status="PASS" starttime="20230905 15:08:22.292" endtime="20230905 15:08:22.434"/>
</kw>
<status status="PASS" starttime="20230905 15:08:22.289" endtime="20230905 15:08:22.435"/>
</kw>
<kw name="Set Variable" library="BuiltIn">
<var>${element}</var>
<arg>xpath=//*[contains(@class, "swal2-confirm")]</arg>
<doc>Returns the given values which can then be assigned to a variables.</doc>
<msg timestamp="20230905 15:08:22.436" level="INFO">${element} = xpath=//*[contains(@class, "swal2-confirm")]</msg>
<status status="PASS" starttime="20230905 15:08:22.435" endtime="20230905 15:08:22.437"/>
</kw>
<kw name="Run Keyword And Return Status" library="BuiltIn">
<var>${passed}</var>
<arg>Element Should Be Visible</arg>
<arg>${element}</arg>
<doc>Runs the given keyword with given arguments and returns the status as a Boolean value.</doc>
<kw name="Element Should Be Visible" library="common">
<arg>${element}</arg>
<kw name="Wait For Elements State" library="Browser">
<arg>${locator}</arg>
<arg>visible</arg>
<arg>${timeout}</arg>
<arg>${message}</arg>
<tag>PageContent</tag>
<tag>Wait</tag>
<doc>Waits for the element found by ``selector`` to satisfy state option.</doc>
<msg timestamp="20230905 15:08:22.841" level="INFO" html="true">&lt;/td&gt;&lt;/tr&gt;&lt;tr&gt;&lt;td colspan="3"&gt;&lt;a href="browser/screenshot/fail-screenshot-1.png" target="_blank"&gt;&lt;img src="browser/screenshot/fail-screenshot-1.png" width="800px"/&gt;&lt;/a&gt;</msg>
<msg timestamp="20230905 15:08:22.841" level="INFO">See also file:///D:/Intern%20test/test/playwright-log.txt for additional details.</msg>
<msg timestamp="20230905 15:08:22.841" level="FAIL">TimeoutError: locator.waitFor: Timeout 100ms exceeded.
=========================== logs ===========================
waiting for locator('xpath=//*[contains(@class, "swal2-confirm")]') to be visible
  locator resolved to hidden &lt;button type="button" aria-label="" class="swal2-confirm…&gt;OK&lt;/button&gt;
  locator resolved to hidden &lt;button type="button" aria-label="" class="swal2-confirm…&gt;OK&lt;/button&gt;
============================================================
Tip: Use "Set Browser Timeout" for increasing the timeout or double check your locator as the targeted element(s) couldn't be found.</msg>
<status status="FAIL" starttime="20230905 15:08:22.441" endtime="20230905 15:08:22.858"/>
</kw>
<status status="FAIL" starttime="20230905 15:08:22.438" endtime="20230905 15:08:22.859"/>
</kw>
<msg timestamp="20230905 15:08:22.860" level="INFO">${passed} = False</msg>
<status status="PASS" starttime="20230905 15:08:22.437" endtime="20230905 15:08:22.861"/>
</kw>
<if>
<branch type="IF" condition="'${passed}' == 'True'">
<kw name="Click" library="Browser">
<arg>${element}</arg>
<tag>PageContent</tag>
<tag>Setter</tag>
<doc>Simulates mouse click on the element found by ``selector``.</doc>
<status status="NOT RUN" starttime="20230905 15:08:22.866" endtime="20230905 15:08:22.867"/>
</kw>
<status status="NOT RUN" starttime="20230905 15:08:22.861" endtime="20230905 15:08:22.867"/>
</branch>
<status status="PASS" starttime="20230905 15:08:22.861" endtime="20230905 15:08:22.868"/>
</if>
<status status="PASS" starttime="20230905 15:08:22.276" endtime="20230905 15:08:22.868"/>
</kw>
<status status="PASS" starttime="20230905 15:08:20.268" endtime="20230905 15:08:22.869"/>
</kw>
<kw name="When Click &quot;QUẢN LÝ TÀI KHOẢN&quot; menu" library="common" sourcename="Click &quot;${text}&quot; menu">
<kw name="Click" library="Browser">
<arg>xpath=//li[contains(@class, "menu") and descendant::span[contains(text(), "${text}")]]</arg>
<tag>PageContent</tag>
<tag>Setter</tag>
<doc>Simulates mouse click on the element found by ``selector``.</doc>
<status status="PASS" starttime="20230905 15:08:22.871" endtime="20230905 15:08:23.890"/>
</kw>
<status status="PASS" starttime="20230905 15:08:22.870" endtime="20230905 15:08:23.890"/>
</kw>
<kw name="When Click &quot;Tài khoản Người dùng&quot; sub menu to &quot;/customer-account&quot;" library="common" sourcename="Click &quot;${text}&quot; sub menu to &quot;${url}&quot;">
<kw name="Wait Until Element Spin" library="common">
<kw name="Sleep" library="BuiltIn">
<arg>${SHOULD_TIMEOUT}</arg>
<doc>Pauses the test executed for the given time.</doc>
<msg timestamp="20230905 15:08:23.992" level="INFO">Slept 100 milliseconds</msg>
<status status="PASS" starttime="20230905 15:08:23.892" endtime="20230905 15:08:23.992"/>
</kw>
<kw name="Set Variable" library="BuiltIn">
<var>${element}</var>
<arg>xpath=//*[contains(@class, "ant-spin-spinning")]</arg>
<doc>Returns the given values which can then be assigned to a variables.</doc>
<msg timestamp="20230905 15:08:23.993" level="INFO">${element} = xpath=//*[contains(@class, "ant-spin-spinning")]</msg>
<status status="PASS" starttime="20230905 15:08:23.992" endtime="20230905 15:08:23.993"/>
</kw>
<kw name="Get Element Count" library="Browser">
<var>${count}</var>
<arg>${element}</arg>
<tag>Assertion</tag>
<tag>Getter</tag>
<tag>PageContent</tag>
<doc>Returns the count of elements found with ``selector``.</doc>
<msg timestamp="20230905 15:08:24.009" level="INFO">${count} = 0</msg>
<status status="PASS" starttime="20230905 15:08:23.993" endtime="20230905 15:08:24.009"/>
</kw>
<if>
<branch type="IF" condition="${count} &gt; 0">
<kw name="Wait Until Page Does Not Contain Element" library="common">
<arg>${element}</arg>
<status status="NOT RUN" starttime="20230905 15:08:24.012" endtime="20230905 15:08:24.013"/>
</kw>
<status status="NOT RUN" starttime="20230905 15:08:24.010" endtime="20230905 15:08:24.014"/>
</branch>
<status status="PASS" starttime="20230905 15:08:24.010" endtime="20230905 15:08:24.015"/>
</if>
<status status="PASS" starttime="20230905 15:08:23.891" endtime="20230905 15:08:24.016"/>
</kw>
<kw name="Click" library="Browser">
<arg>xpath=//a[contains(@class, "sub-menu") and descendant::span[contains(text(), "${text}")]]</arg>
<tag>PageContent</tag>
<tag>Setter</tag>
<doc>Simulates mouse click on the element found by ``selector``.</doc>
<status status="PASS" starttime="20230905 15:08:24.017" endtime="20230905 15:08:24.441"/>
</kw>
<kw name="Get Url" library="Browser">
<var>${curent_url}</var>
<tag>Assertion</tag>
<tag>Getter</tag>
<tag>PageContent</tag>
<doc>Returns the current URL.</doc>
<msg timestamp="20230905 15:08:24.452" level="INFO">${curent_url} = http://dev1.geneat.vn:7802/vn/customer-account</msg>
<status status="PASS" starttime="20230905 15:08:24.443" endtime="20230905 15:08:24.453"/>
</kw>
<kw name="Should Contain" library="BuiltIn">
<arg>${curent_url}</arg>
<arg>${URL_DEFAULT}${url}</arg>
<doc>Fails if ``container`` does not contain ``item`` one or more times.</doc>
<status status="PASS" starttime="20230905 15:08:24.454" endtime="20230905 15:08:24.456"/>
</kw>
<status status="PASS" starttime="20230905 15:08:23.891" endtime="20230905 15:08:24.456"/>
</kw>
<status status="PASS" starttime="20230905 15:08:20.266" endtime="20230905 15:08:24.457"/>
</kw>
<kw name="When Enter date in &quot;Ngày tham gia&quot; with &quot;2023-08-02&quot;" library="common" sourcename="Enter date in &quot;${name}&quot; with &quot;${text}&quot;">
<kw name="Get Random Text" library="common">
<var>${text}</var>
<arg>date</arg>
<arg>${text}</arg>
<kw name="Set Variable" library="BuiltIn">
<var>${symbol}</var>
<arg>_RANDOM_</arg>
<doc>Returns the given values which can then be assigned to a variables.</doc>
<msg timestamp="20230905 15:08:24.488" level="INFO">${symbol} = _RANDOM_</msg>
<status status="PASS" starttime="20230905 15:08:24.487" endtime="20230905 15:08:24.488"/>
</kw>
<kw name="Set Variable" library="BuiltIn">
<var>${new_text}</var>
<doc>Returns the given values which can then be assigned to a variables.</doc>
<msg timestamp="20230905 15:08:24.491" level="INFO">${new_text} = </msg>
