<?xml version="1.0" encoding="UTF-8"?>
<robot generator="Robot 6.1.1 (Python 3.11.4 on win32)" generated="20231030 15:17:20.616" rpa="false" schemaversion="4">
<suite id="s1" name="Customer Account" source="D:\Intern test\Automation\Auto_Web\testcases\customer_account.robot">
<test id="s1-t1" name="CA_01 Verify that navigating to the right &quot;Customer-Account&quot; page" line="13">
<kw name="Setup" library="common" type="SETUP">
<kw name="Set Browser Timeout" library="Browser">
<arg>${BROWSER_TIMEOUT}</arg>
<tag>Config</tag>
<tag>Setter</tag>
<doc>Sets the timeout used by most input and getter keywords.</doc>
<status status="PASS" starttime="20231030 15:17:26.176" endtime="20231030 15:17:26.176"/>
</kw>
<kw name="New Browser" library="Browser">
<arg>${BROWSER}</arg>
<arg>headless=${HEADLESS}</arg>
<tag>BrowserControl</tag>
<tag>Setter</tag>
<doc>Create a new playwright Browser with specified options.</doc>
<msg timestamp="20231030 15:17:26.176" level="INFO">{"browser": "chromium", "headless": false, "chromiumSandbox": false, "devtools": false, "handleSIGHUP": true, "handleSIGINT": true, "handleSIGTERM": true, "ignoreDefaultArgs": false, "slowMo": 0.0, "timeout": 30000.0, "tracesDir": "D:\\Intern test\\Automation\\browser\\traces\\985b779f-3ca7-41e9-89a5-a14fe3c60faf"}</msg>
<msg timestamp="20231030 15:17:28.517" level="INFO">Successfully created browser with options: {"browser":"chromium","headless":false,"chromiumSandbox":false,"devtools":false,"handleSIGHUP":true,"handleSIGINT":true,"handleSIGTERM":true,"ignoreDefaultArgs":false,"slowMo":0,"timeout":30000,"tracesDir":"D:\\Intern test\\Automation\\browser\\traces\\985b779f-3ca7-41e9-89a5-a14fe3c60faf"}</msg>
<status status="PASS" starttime="20231030 15:17:26.176" endtime="20231030 15:17:28.517"/>
</kw>
<kw name="New Page" library="Browser">
<arg>${URL_DEFAULT}</arg>
<tag>BrowserControl</tag>
<tag>Setter</tag>
<doc>Open a new Page.</doc>
<msg timestamp="20231030 15:17:34.271" level="INFO">Successfully initialized new page object and opened url: http://dev1.geneat.vn:7802/vn</msg>
<msg timestamp="20231030 15:17:34.271" level="INFO">No context was open. New context was automatically opened when this page is created.</msg>
<status status="PASS" starttime="20231030 15:17:28.517" endtime="20231030 15:17:34.274"/>
</kw>
<kw name="Evaluate" library="BuiltIn">
<var>${STATE}</var>
<arg>json.loads('''{}''')</arg>
<arg>json</arg>
<doc>Evaluates the given expression in Python and returns the result.</doc>
<msg timestamp="20231030 15:17:34.276" level="INFO">${STATE} = {}</msg>
<status status="PASS" starttime="20231030 15:17:34.275" endtime="20231030 15:17:34.276"/>
</kw>
<status status="PASS" starttime="20231030 15:17:26.176" endtime="20231030 15:17:34.277"/>
</kw>
<kw name="Login to admin" library="common">
<kw name="Enter &quot;email&quot; in &quot;Email&quot; with &quot;admin@gmail.com&quot;" library="common" sourcename="Enter &quot;${type}&quot; in &quot;${name}&quot; with &quot;${text}&quot;">
<kw name="Get Random Text" library="common">
<var>${text}</var>
<arg>${type}</arg>
<arg>${text}</arg>
<kw name="Set Variable" library="BuiltIn">
<var>${symbol}</var>
<arg>_RANDOM_</arg>
<doc>Returns the given values which can then be assigned to a variables.</doc>
<msg timestamp="20231030 15:17:34.286" level="INFO">${symbol} = _RANDOM_</msg>
<status status="PASS" starttime="20231030 15:17:34.285" endtime="20231030 15:17:34.286"/>
</kw>
<kw name="Set Variable" library="BuiltIn">
<var>${new_text}</var>
<doc>Returns the given values which can then be assigned to a variables.</doc>
<msg timestamp="20231030 15:17:34.286" level="INFO">${new_text} = </msg>
<status status="PASS" starttime="20231030 15:17:34.286" endtime="20231030 15:17:34.286"/>
</kw>
<kw name="Get Regexp Matches" library="String">
<var>${containsS}</var>
<arg>${text}</arg>
<arg>_@(.+)@_</arg>
<arg>1</arg>
<doc>Returns a list of all non-overlapping matches in the given string.</doc>
<msg timestamp="20231030 15:17:34.288" level="INFO">${containsS} = []</msg>
<status status="PASS" starttime="20231030 15:17:34.287" endtime="20231030 15:17:34.288"/>
</kw>
<kw name="Get Length" library="BuiltIn">
<var>${cntS}</var>
<arg>${containsS}</arg>
<doc>Returns and logs the length of the given item as an integer.</doc>
<msg timestamp="20231030 15:17:34.293" level="INFO">Length is 0</msg>
<msg timestamp="20231030 15:17:34.293" level="INFO">${cntS} = 0</msg>
<status status="PASS" starttime="20231030 15:17:34.291" endtime="20231030 15:17:34.293"/>
</kw>
<kw name="Get Regexp Matches" library="String">
<var>${contains}</var>
<arg>${text}</arg>
<arg>${symbol}</arg>
<doc>Returns a list of all non-overlapping matches in the given string.</doc>
<msg timestamp="20231030 15:17:34.295" level="INFO">${contains} = []</msg>
<status status="PASS" starttime="20231030 15:17:34.294" endtime="20231030 15:17:34.295"/>
</kw>
<kw name="Get Length" library="BuiltIn">
<var>${cnt}</var>
<arg>${contains}</arg>
<doc>Returns and logs the length of the given item as an integer.</doc>
<msg timestamp="20231030 15:17:34.296" level="INFO">Length is 0</msg>
<msg timestamp="20231030 15:17:34.297" level="INFO">${cnt} = 0</msg>
<status status="PASS" starttime="20231030 15:17:34.296" endtime="20231030 15:17:34.297"/>
</kw>
<if>
<branch type="IF" condition="${cntS} &gt; 0">
<kw name="Set Variable" library="BuiltIn">
<var>${new_text}</var>
<arg>${STATE["${containsS[0]}"]}</arg>
<doc>Returns the given values which can then be assigned to a variables.</doc>
<status status="NOT RUN" starttime="20231030 15:17:34.298" endtime="20231030 15:17:34.298"/>
</kw>
<kw name="Set Variable" library="BuiltIn">
<var>${symbol}</var>
<arg>_@${containsS[0]}@_</arg>
<doc>Returns the given values which can then be assigned to a variables.</doc>
<status status="NOT RUN" starttime="20231030 15:17:34.298" endtime="20231030 15:17:34.298"/>
</kw>
<status status="NOT RUN" starttime="20231030 15:17:34.297" endtime="20231030 15:17:34.298"/>
</branch>
<branch type="ELSE IF" condition="${cnt} &gt; 0 and '${type}' == 'test name'">
<kw name="Sentence" library="FakerLibrary">
<var>${random}</var>
<arg>nb_words=3</arg>
<doc>Generate a sentence.</doc>
<status status="NOT RUN" starttime="20231030 15:17:34.299" endtime="20231030 15:17:34.299"/>
</kw>
<kw name="Split String" library="String">
<var>${words}</var>
<arg>${TEST NAME}</arg>
<arg>${SPACE}</arg>
<doc>Splits the ``string`` using ``separator`` as a delimiter string.</doc>
<status status="NOT RUN" starttime="20231030 15:17:34.299" endtime="20231030 15:17:34.300"/>
</kw>
<kw name="Set Variable" library="BuiltIn">
<var>${new_text}</var>
<arg>${words[0]} ${random}</arg>
<doc>Returns the given values which can then be assigned to a variables.</doc>
<status status="NOT RUN" starttime="20231030 15:17:34.300" endtime="20231030 15:17:34.300"/>
</kw>
<status status="NOT RUN" starttime="20231030 15:17:34.299" endtime="20231030 15:17:34.300"/>
</branch>
<branch type="ELSE IF" condition="${cnt} &gt; 0 and '${type}' == 'number'">
<kw name="Random Int" library="FakerLibrary">
<var>${new_text}</var>
<doc>Generate a random integer between two integers ``min`` and ``max`` inclusive
while observing the provided ``step`` value.</doc>
<status status="NOT RUN" starttime="20231030 15:17:34.300" endtime="20231030 15:17:34.301"/>
</kw>
<kw name="Convert To String" library="BuiltIn">
<var>${new_text}</var>
<arg>${new_text}</arg>
<doc>Converts the given item to a Unicode string.</doc>
<status status="NOT RUN" starttime="20231030 15:17:34.301" endtime="20231030 15:17:34.301"/>
</kw>
<status status="NOT RUN" starttime="20231030 15:17:34.300" endtime="20231030 15:17:34.301"/>
</branch>
<branch type="ELSE IF" condition="${cnt} &gt; 0 and '${type}' == 'percentage'">
<kw name="Random Int" library="FakerLibrary">
<var>${new_text}</var>
<arg>max=100</arg>
<doc>Generate a random integer between two integers ``min`` and ``max`` inclusive
while observing the provided ``step`` value.</doc>
<status status="NOT RUN" starttime="20231030 15:17:34.302" endtime="20231030 15:17:34.302"/>
</kw>
<kw name="Convert To String" library="BuiltIn">
<var>${new_text}</var>
<arg>${new_text}</arg>
<doc>Converts the given item to a Unicode string.</doc>
<status status="NOT RUN" starttime="20231030 15:17:34.303" endtime="20231030 15:17:34.303"/>
</kw>
<status status="NOT RUN" starttime="20231030 15:17:34.301" endtime="20231030 15:17:34.303"/>
</branch>
<branch type="ELSE IF" condition="${cnt} &gt; 0 and '${type}' == 'paragraph'">
<kw name="Paragraph" library="FakerLibrary">
<var>${new_text}</var>
<doc>Generate a paragraph.</doc>
<status status="NOT RUN" starttime="20231030 15:17:34.304" endtime="20231030 15:17:34.304"/>
</kw>
<status status="NOT RUN" starttime="20231030 15:17:34.304" endtime="20231030 15:17:34.305"/>
</branch>
<branch type="ELSE IF" condition="${cnt} &gt; 0 and '${type}' == 'email'">
<kw name="Email" library="FakerLibrary">
<var>${new_text}</var>
<status status="NOT RUN" starttime="20231030 15:17:34.307" endtime="20231030 15:17:34.307"/>
</kw>
<status status="NOT RUN" starttime="20231030 15:17:34.305" endtime="20231030 15:17:34.307"/>
</branch>
<branch type="ELSE IF" condition="${cnt} &gt; 0 and '${type}' == 'phone'">
<kw name="Random Int" library="FakerLibrary">
<var>${new_text}</var>
<arg>min=2000000000</arg>
<arg>max=9999999999</arg>
<doc>Generate a random integer between two integers ``min`` and ``max`` inclusive
while observing the provided ``step`` value.</doc>
<status status="NOT RUN" starttime="20231030 15:17:34.310" endtime="20231030 15:17:34.311"/>
</kw>
<kw name="Convert To String" library="BuiltIn">
<var>${new_text}</var>
<arg>${new_text}</arg>
<doc>Converts the given item to a Unicode string.</doc>
<status status="NOT RUN" starttime="20231030 15:17:34.313" endtime="20231030 15:17:34.313"/>
</kw>
<kw name="Catenate" library="BuiltIn">
<var>${new_text}</var>
<arg>SEPARATOR=</arg>
<arg>0</arg>
<arg>${new_text}</arg>
<doc>Catenates the given items together and returns the resulted string.</doc>
<status status="NOT RUN" starttime="20231030 15:17:34.314" endtime="20231030 15:17:34.314"/>
</kw>
<status status="NOT RUN" starttime="20231030 15:17:34.308" endtime="20231030 15:17:34.314"/>
</branch>
<branch type="ELSE IF" condition="${cnt} &gt; 0 and '${type}' == 'color'">
<kw name="Safe Hex Color" library="FakerLibrary">
<var>${new_text}</var>
<doc>Generate a web-safe color formatted as a hex triplet.</doc>
<status status="NOT RUN" starttime="20231030 15:17:34.315" endtime="20231030 15:17:34.315"/>
</kw>
<status status="NOT RUN" starttime="20231030 15:17:34.314" endtime="20231030 15:17:34.315"/>
</branch>
<branch type="ELSE IF" condition="${cnt} &gt; 0 and &quot;${type}&quot; == 'password'">
<kw name="Password" library="FakerLibrary">
<var>${new_text}</var>
<arg>10</arg>
<arg>True</arg>
<arg>True</arg>
<arg>True</arg>
<arg>True</arg>
<doc>Generate a random password of the specified ``length``.</doc>
<status status="NOT RUN" starttime="20231030 15:17:34.316" endtime="20231030 15:17:34.319"/>
</kw>
<status status="NOT RUN" starttime="20231030 15:17:34.316" endtime="20231030 15:17:34.320"/>
</branch>
<branch type="ELSE IF" condition="${cnt} &gt; 0 and '${type}' == 'date'">
<kw name="Date" library="FakerLibrary">
<var>${new_text}</var>
<arg>pattern=%d-%m-%Y</arg>
<doc>Get a date string between January 1, 1970 and now.</doc>
<status status="NOT RUN" starttime="20231030 15:17:34.321" endtime="20231030 15:17:34.322"/>
</kw>
<status status="NOT RUN" starttime="20231030 15:17:34.320" endtime="20231030 15:17:34.325"/>
</branch>
<branch type="ELSE IF" condition="${cnt} &gt; 0 and '${type}' == 'word'">
<kw name="Sentence" library="FakerLibrary">
<var>${new_text}</var>
<arg>nb_words=2</arg>
<doc>Generate a sentence.</doc>
<status status="NOT RUN" starttime="20231030 15:17:34.329" endtime="20231030 15:17:34.329"/>
</kw>
<status status="NOT RUN" starttime="20231030 15:17:34.325" endtime="20231030 15:17:34.329"/>
</branch>
<branch type="ELSE IF" condition="${cnt} &gt; 0">
<kw name="Sentence" library="FakerLibrary">
<var>${new_text}</var>
<doc>Generate a sentence.</doc>
<status status="NOT RUN" starttime="20231030 15:17:34.331" endtime="20231030 15:17:34.331"/>
</kw>
<status status="NOT RUN" starttime="20231030 15:17:34.330" endtime="20231030 15:17:34.331"/>
</branch>
<status status="PASS" starttime="20231030 15:17:34.297" endtime="20231030 15:17:34.331"/>
</if>
<kw name="Get Length" library="BuiltIn">
<var>${cnt}</var>
<arg>${text}</arg>
<doc>Returns and logs the length of the given item as an integer.</doc>
<msg timestamp="20231030 15:17:34.332" level="INFO">Length is 15</msg>
<msg timestamp="20231030 15:17:34.332" level="INFO">${cnt} = 15</msg>
<status status="PASS" starttime="20231030 15:17:34.332" endtime="20231030 15:17:34.332"/>
</kw>
<if>
<branch type="IF" condition="${cnt} &gt; 0">
<kw name="Replace String" library="String">
<var>${text}</var>
<arg>${text}</arg>
<arg>${symbol}</arg>
<arg>${new_text}</arg>
<doc>Replaces ``search_for`` in the given ``string`` with ``replace_with``.</doc>
<msg timestamp="20231030 15:17:34.333" level="INFO">${text} = admin@gmail.com</msg>
<status status="PASS" starttime="20231030 15:17:34.333" endtime="20231030 15:17:34.333"/>
</kw>
<status status="PASS" starttime="20231030 15:17:34.332" endtime="20231030 15:17:34.333"/>
</branch>
<status status="PASS" starttime="20231030 15:17:34.332" endtime="20231030 15:17:34.334"/>
</if>
<msg timestamp="20231030 15:17:34.334" level="INFO">${text} = admin@gmail.com</msg>
<status status="PASS" starttime="20231030 15:17:34.284" endtime="20231030 15:17:34.334"/>
</kw>
<kw name="Get Element Form Item By Name" library="common">
<var>${element}</var>
<arg>${name}</arg>
<arg>//input[contains(@class, "ant-input")]</arg>
<msg timestamp="20231030 15:17:34.335" level="INFO">${element} = xpath=//*[contains(@class, "ant-form-item-label")]/label[text()="Email"]/../../*[contains(@class, "ant-form-item")]//input[contains(@class, "ant-input")]</msg>
<status status="PASS" starttime="20231030 15:17:34.334" endtime="20231030 15:17:34.335"/>
</kw>
<kw name="Click" library="Browser">
<arg>${element}</arg>
<tag>PageContent</tag>
<tag>Setter</tag>
<doc>Simulates mouse click on the element found by ``selector``.</doc>
<status status="PASS" starttime="20231030 15:17:34.336" endtime="20231030 15:17:34.518"/>
</kw>
<kw name="Clear Text" library="Browser">
<arg>${element}</arg>
<tag>PageContent</tag>
<tag>Setter</tag>
<doc>Clears the text field found by ``selector``.</doc>
<status status="PASS" starttime="20231030 15:17:34.518" endtime="20231030 15:17:34.565"/>
</kw>
<kw name="Fill Text" library="Browser">
<arg>${element}</arg>
<arg>${text}</arg>
<arg>True</arg>
<tag>PageContent</tag>
<tag>Setter</tag>
<doc>Clears and fills the given ``txt`` into the text field found by ``selector``.</doc>
<msg timestamp="20231030 15:17:34.566" level="INFO">Fills the text 'admin@gmail.com' in the given field.</msg>
<status status="PASS" starttime="20231030 15:17:34.566" endtime="20231030 15:17:34.610"/>
</kw>
<kw name="Get Length" library="BuiltIn">
<var>${cnt}</var>
<arg>${text}</arg>
<doc>Returns and logs the length of the given item as an integer.</doc>
<msg timestamp="20231030 15:17:34.610" level="INFO">Length is 15</msg>
<msg timestamp="20231030 15:17:34.611" level="INFO">${cnt} = 15</msg>
<status status="PASS" starttime="20231030 15:17:34.610" endtime="20231030 15:17:34.611"/>
</kw>
<if>
<branch type="IF" condition="${cnt} &gt; 0">
<kw name="Set Global Variable" library="BuiltIn">
<arg>\${STATE["${name}"]}</arg>
<arg>${text}</arg>
<doc>Makes a variable available globally in all tests and suites.</doc>
<msg timestamp="20231030 15:17:34.612" level="INFO">${STATE["Email"]} = admin@gmail.com</msg>
<status status="PASS" starttime="20231030 15:17:34.611" endtime="20231030 15:17:34.612"/>
</kw>
<status status="PASS" starttime="20231030 15:17:34.611" endtime="20231030 15:17:34.612"/>
</branch>
<status status="PASS" starttime="20231030 15:17:34.611" endtime="20231030 15:17:34.612"/>
</if>
<status status="PASS" starttime="20231030 15:17:34.283" endtime="20231030 15:17:34.612"/>
</kw>
<kw name="Enter &quot;password&quot; in &quot;Mật khẩu&quot; with &quot;123123&quot;" library="common" sourcename="Enter &quot;${type}&quot; in &quot;${name}&quot; with &quot;${text}&quot;">
<kw name="Get Random Text" library="common">
<var>${text}</var>
<arg>${type}</arg>
<arg>${text}</arg>
<kw name="Set Variable" library="BuiltIn">
<var>${symbol}</var>
<arg>_RANDOM_</arg>
<doc>Returns the given values which can then be assigned to a variables.</doc>
<msg timestamp="20231030 15:17:34.614" level="INFO">${symbol} = _RANDOM_</msg>
<status status="PASS" starttime="20231030 15:17:34.613" endtime="20231030 15:17:34.614"/>
</kw>
<kw name="Set Variable" library="BuiltIn">
<var>${new_text}</var>
<doc>Returns the given values which can then be assigned to a variables.</doc>
<msg timestamp="20231030 15:17:34.614" level="INFO">${new_text} = </msg>
<status status="PASS" starttime="20231030 15:17:34.614" endtime="20231030 15:17:34.614"/>
</kw>
<kw name="Get Regexp Matches" library="String">
<var>${containsS}</var>
<arg>${text}</arg>
<arg>_@(.+)@_</arg>
<arg>1</arg>
<doc>Returns a list of all non-overlapping matches in the given string.</doc>
<msg timestamp="20231030 15:17:34.615" level="INFO">${containsS} = []</msg>
<status status="PASS" starttime="20231030 15:17:34.614" endtime="20231030 15:17:34.615"/>
</kw>
<kw name="Get Length" library="BuiltIn">
<var>${cntS}</var>
<arg>${containsS}</arg>
<doc>Returns and logs the length of the given item as an integer.</doc>
<msg timestamp="20231030 15:17:34.615" level="INFO">Length is 0</msg>
<msg timestamp="20231030 15:17:34.615" level="INFO">${cntS} = 0</msg>
<status status="PASS" starttime="20231030 15:17:34.615" endtime="20231030 15:17:34.615"/>
</kw>
<kw name="Get Regexp Matches" library="String">
<var>${contains}</var>
<arg>${text}</arg>
<arg>${symbol}</arg>
<doc>Returns a list of all non-overlapping matches in the given string.</doc>
<msg timestamp="20231030 15:17:34.616" level="INFO">${contains} = []</msg>
<status status="PASS" starttime="20231030 15:17:34.615" endtime="20231030 15:17:34.616"/>
</kw>
<kw name="Get Length" library="BuiltIn">
<var>${cnt}</var>
<arg>${contains}</arg>
<doc>Returns and logs the length of the given item as an integer.</doc>
<msg timestamp="20231030 15:17:34.616" level="INFO">Length is 0</msg>
<msg timestamp="20231030 15:17:34.616" level="INFO">${cnt} = 0</msg>
<status status="PASS" starttime="20231030 15:17:34.616" endtime="20231030 15:17:34.616"/>
</kw>
<if>
<branch type="IF" condition="${cntS} &gt; 0">
<kw name="Set Variable" library="BuiltIn">
<var>${new_text}</var>
<arg>${STATE["${containsS[0]}"]}</arg>
<doc>Returns the given values which can then be assigned to a variables.</doc>
<status status="NOT RUN" starttime="20231030 15:17:34.617" endtime="20231030 15:17:34.617"/>
</kw>
<kw name="Set Variable" library="BuiltIn">
<var>${symbol}</var>
<arg>_@${containsS[0]}@_</arg>
<doc>Returns the given values which can then be assigned to a variables.</doc>
<status status="NOT RUN" starttime="20231030 15:17:34.617" endtime="20231030 15:17:34.617"/>
</kw>
<status status="NOT RUN" starttime="20231030 15:17:34.616" endtime="20231030 15:17:34.617"/>
</branch>
<branch type="ELSE IF" condition="${cnt} &gt; 0 and '${type}' == 'test name'">
<kw name="Sentence" library="FakerLibrary">
<var>${random}</var>
<arg>nb_words=3</arg>
<doc>Generate a sentence.</doc>
<status status="NOT RUN" starttime="20231030 15:17:34.618" endtime="20231030 15:17:34.618"/>
</kw>
<kw name="Split String" library="String">
<var>${words}</var>
<arg>${TEST NAME}</arg>
<arg>${SPACE}</arg>
<doc>Splits the ``string`` using ``separator`` as a delimiter string.</doc>
<status status="NOT RUN" starttime="20231030 15:17:34.618" endtime="20231030 15:17:34.618"/>
</kw>
<kw name="Set Variable" library="BuiltIn">
<var>${new_text}</var>
<arg>${words[0]} ${random}</arg>
<doc>Returns the given values which can then be assigned to a variables.</doc>
<status status="NOT RUN" starttime="20231030 15:17:34.618" endtime="20231030 15:17:34.618"/>
</kw>
<status status="NOT RUN" starttime="20231030 15:17:34.617" endtime="20231030 15:17:34.618"/>
</branch>
<branch type="ELSE IF" condition="${cnt} &gt; 0 and '${type}' == 'number'">
<kw name="Random Int" library="FakerLibrary">
<var>${new_text}</var>
<doc>Generate a random integer between two integers ``min`` and ``max`` inclusive
while observing the provided ``step`` value.</doc>
<status status="NOT RUN" starttime="20231030 15:17:34.619" endtime="20231030 15:17:34.619"/>
</kw>
<kw name="Convert To String" library="BuiltIn">
<var>${new_text}</var>
<arg>${new_text}</arg>
<doc>Converts the given item to a Unicode string.</doc>
<status status="NOT RUN" starttime="20231030 15:17:34.619" endtime="20231030 15:17:34.619"/>
</kw>
<status status="NOT RUN" starttime="20231030 15:17:34.618" endtime="20231030 15:17:34.619"/>
</branch>
<branch type="ELSE IF" condition="${cnt} &gt; 0 and '${type}' == 'percentage'">
<kw name="Random Int" library="FakerLibrary">
<var>${new_text}</var>
<arg>max=100</arg>
<doc>Generate a random integer between two integers ``min`` and ``max`` inclusive
while observing the provided ``step`` value.</doc>
<status status="NOT RUN" starttime="20231030 15:17:34.620" endtime="20231030 15:17:34.620"/>
</kw>
<kw name="Convert To String" library="BuiltIn">
<var>${new_text}</var>
<arg>${new_text}</arg>
<doc>Converts the given item to a Unicode string.</doc>
<status status="NOT RUN" starttime="20231030 15:17:34.620" endtime="20231030 15:17:34.620"/>
</kw>
<status status="NOT RUN" starttime="20231030 15:17:34.620" endtime="20231030 15:17:34.620"/>
</branch>
<branch type="ELSE IF" condition="${cnt} &gt; 0 and '${type}' == 'paragraph'">
<kw name="Paragraph" library="FakerLibrary">
<var>${new_text}</var>
<doc>Generate a paragraph.</doc>
<status status="NOT RUN" starttime="20231030 15:17:34.621" endtime="20231030 15:17:34.621"/>
</kw>
<status status="NOT RUN" starttime="20231030 15:17:34.620" endtime="20231030 15:17:34.621"/>
</branch>
<branch type="ELSE IF" condition="${cnt} &gt; 0 and '${type}' == 'email'">
<kw name="Email" library="FakerLibrary">
<var>${new_text}</var>
<status status="NOT RUN" starttime="20231030 15:17:34.621" endtime="20231030 15:17:34.621"/>
</kw>
<status status="NOT RUN" starttime="20231030 15:17:34.621" endtime="20231030 15:17:34.622"/>
</branch>
<branch type="ELSE IF" condition="${cnt} &gt; 0 and '${type}' == 'phone'">
<kw name="Random Int" library="FakerLibrary">
<var>${new_text}</var>
<arg>min=2000000000</arg>
<arg>max=9999999999</arg>
<doc>Generate a random integer between two integers ``min`` and ``max`` inclusive
while observing the provided ``step`` value.</doc>
<status status="NOT RUN" starttime="20231030 15:17:34.622" endtime="20231030 15:17:34.625"/>
</kw>
<kw name="Convert To String" library="BuiltIn">
<var>${new_text}</var>
<arg>${new_text}</arg>
<doc>Converts the given item to a Unicode string.</doc>
<status status="NOT RUN" starttime="20231030 15:17:34.626" endtime="20231030 15:17:34.626"/>
</kw>
<kw name="Catenate" library="BuiltIn">
<var>${new_text}</var>
<arg>SEPARATOR=</arg>
<arg>0</arg>
<arg>${new_text}</arg>
<doc>Catenates the given items together and returns the resulted string.</doc>
<status status="NOT RUN" starttime="20231030 15:17:34.626" endtime="20231030 15:17:34.626"/>
</kw>
<status status="NOT RUN" starttime="20231030 15:17:34.622" endtime="20231030 15:17:34.627"/>
</branch>
<branch type="ELSE IF" condition="${cnt} &gt; 0 and '${type}' == 'color'">
<kw name="Safe Hex Color" library="FakerLibrary">
<var>${new_text}</var>
<doc>Generate a web-safe color formatted as a hex triplet.</doc>
<status status="NOT RUN" starttime="20231030 15:17:34.627" endtime="20231030 15:17:34.627"/>
</kw>
<status status="NOT RUN" starttime="20231030 15:17:34.627" endtime="20231030 15:17:34.627"/>
</branch>
<branch type="ELSE IF" condition="${cnt} &gt; 0 and &quot;${type}&quot; == 'password'">
<kw name="Password" library="FakerLibrary">
<var>${new_text}</var>
<arg>10</arg>
<arg>True</arg>
<arg>True</arg>
<arg>True</arg>
<arg>True</arg>
<doc>Generate a random password of the specified ``length``.</doc>
<status status="NOT RUN" starttime="20231030 15:17:34.628" endtime="20231030 15:17:34.628"/>
</kw>
<status status="NOT RUN" starttime="20231030 15:17:34.627" endtime="20231030 15:17:34.628"/>
</branch>
<branch type="ELSE IF" condition="${cnt} &gt; 0 and '${type}' == 'date'">
<kw name="Date" library="FakerLibrary">
<var>${new_text}</var>
<arg>pattern=%d-%m-%Y</arg>
<doc>Get a date string between January 1, 1970 and now.</doc>
<status status="NOT RUN" starttime="20231030 15:17:34.629" endtime="20231030 15:17:34.629"/>
</kw>
<status status="NOT RUN" starttime="20231030 15:17:34.628" endtime="20231030 15:17:34.629"/>
</branch>
<branch type="ELSE IF" condition="${cnt} &gt; 0 and '${type}' == 'word'">
<kw name="Sentence" library="FakerLibrary">
<var>${new_text}</var>
<arg>nb_words=2</arg>
<doc>Generate a sentence.</doc>
<status status="NOT RUN" starttime="20231030 15:17:34.629" endtime="20231030 15:17:34.630"/>
</kw>
<status status="NOT RUN" starttime="20231030 15:17:34.629" endtime="20231030 15:17:34.630"/>
</branch>
<branch type="ELSE IF" condition="${cnt} &gt; 0">
<kw name="Sentence" library="FakerLibrary">
<var>${new_text}</var>
<doc>Generate a sentence.</doc>
<status status="NOT RUN" starttime="20231030 15:17:34.630" endtime="20231030 15:17:34.630"/>
</kw>
<status status="NOT RUN" starttime="20231030 15:17:34.630" endtime="20231030 15:17:34.630"/>
</branch>
<status status="PASS" starttime="20231030 15:17:34.616" endtime="20231030 15:17:34.631"/>
</if>
<kw name="Get Length" library="BuiltIn">
<var>${cnt}</var>
<arg>${text}</arg>
<doc>Returns and logs the length of the given item as an integer.</doc>
<msg timestamp="20231030 15:17:34.631" level="INFO">Length is 6</msg>
<msg timestamp="20231030 15:17:34.631" level="INFO">${cnt} = 6</msg>
<status status="PASS" starttime="20231030 15:17:34.631" endtime="20231030 15:17:34.631"/>
</kw>
<if>
<branch type="IF" condition="${cnt} &gt; 0">
<kw name="Replace String" library="String">
<var>${text}</var>
<arg>${text}</arg>
<arg>${symbol}</arg>
<arg>${new_text}</arg>
<doc>Replaces ``search_for`` in the given ``string`` with ``replace_with``.</doc>
<msg timestamp="20231030 15:17:34.632" level="INFO">${text} = 123123</msg>
<status status="PASS" starttime="20231030 15:17:34.632" endtime="20231030 15:17:34.632"/>
</kw>
<status status="PASS" starttime="20231030 15:17:34.631" endtime="20231030 15:17:34.632"/>
</branch>
<status status="PASS" starttime="20231030 15:17:34.631" endtime="20231030 15:17:34.633"/>
</if>
<msg timestamp="20231030 15:17:34.633" level="INFO">${text} = 123123</msg>
<status status="PASS" starttime="20231030 15:17:34.613" endtime="20231030 15:17:34.633"/>
</kw>
<kw name="Get Element Form Item By Name" library="common">
<var>${element}</var>
<arg>${name}</arg>
<arg>//input[contains(@class, "ant-input")]</arg>
<msg timestamp="20231030 15:17:34.669" level="INFO">${element} = xpath=//*[contains(@class, "ant-form-item-label")]/label[text()="Mật khẩu"]/../../*[contains(@class, "ant-form-item")]//input[contains(@class, "ant-input")]</msg>
<status status="PASS" starttime="20231030 15:17:34.633" endtime="20231030 15:17:34.669"/>
</kw>
<kw name="Click" library="Browser">
<arg>${element}</arg>
<tag>PageContent</tag>
<tag>Setter</tag>
<doc>Simulates mouse click on the element found by ``selector``.</doc>
<status status="PASS" starttime="20231030 15:17:34.669" endtime="20231030 15:17:34.747"/>
</kw>
<kw name="Clear Text" library="Browser">
<arg>${element}</arg>
<tag>PageContent</tag>
<tag>Setter</tag>
<doc>Clears the text field found by ``selector``.</doc>
<status status="PASS" starttime="20231030 15:17:34.747" endtime="20231030 15:17:34.781"/>
</kw>
<kw name="Fill Text" library="Browser">
<arg>${element}</arg>
<arg>${text}</arg>
<arg>True</arg>
<tag>PageContent</tag>
<tag>Setter</tag>
<doc>Clears and fills the given ``txt`` into the text field found by ``selector``.</doc>
<msg timestamp="20231030 15:17:34.796" level="INFO">Fills the text '123123' in the given field.</msg>
<status status="PASS" starttime="20231030 15:17:34.796" endtime="20231030 15:17:34.834"/>
</kw>
<kw name="Get Length" library="BuiltIn">
<var>${cnt}</var>
<arg>${text}</arg>
<doc>Returns and logs the length of the given item as an integer.</doc>
<msg timestamp="20231030 15:17:34.834" level="INFO">Length is 6</msg>
<msg timestamp="20231030 15:17:34.834" level="INFO">${cnt} = 6</msg>
<status status="PASS" starttime="20231030 15:17:34.834" endtime="20231030 15:17:34.834"/>
</kw>
<if>
<branch type="IF" condition="${cnt} &gt; 0">
<kw name="Set Global Variable" library="BuiltIn">
<arg>\${STATE["${name}"]}</arg>
<arg>${text}</arg>
<doc>Makes a variable available globally in all tests and suites.</doc>
<msg timestamp="20231030 15:17:34.835" level="INFO">${STATE["Mật khẩu"]} = 123123</msg>
<status status="PASS" starttime="20231030 15:17:34.835" endtime="20231030 15:17:34.836"/>
</kw>
<status status="PASS" starttime="20231030 15:17:34.835" endtime="20231030 15:17:34.836"/>
</branch>
<status status="PASS" starttime="20231030 15:17:34.835" endtime="20231030 15:17:34.836"/>
</if>
<status status="PASS" starttime="20231030 15:17:34.612" endtime="20231030 15:17:34.836"/>
</kw>
<kw name="Click &quot;Đăng nhập&quot; button" library="common" sourcename="Click &quot;${text}&quot; button">
<kw name="Sleep" library="BuiltIn">
<arg>${SHOULD_TIMEOUT}</arg>
<doc>Pauses the test executed for the given time.</doc>
<msg timestamp="20231030 15:17:34.937" level="INFO">Slept 100 milliseconds</msg>
<status status="PASS" starttime="20231030 15:17:34.836" endtime="20231030 15:17:34.937"/>
</kw>
<kw name="Get Element Count" library="Browser">
<var>${cnt}</var>
<arg>//button[@title = "${text}"]</arg>
<tag>Assertion</tag>
<tag>Getter</tag>
<tag>PageContent</tag>
<doc>Returns the count of elements found with ``selector``.</doc>
<msg timestamp="20231030 15:17:34.947" level="INFO">${cnt} = 1</msg>
<status status="PASS" starttime="20231030 15:17:34.937" endtime="20231030 15:17:34.947"/>
</kw>
<if>
<branch type="IF" condition="${cnt} &gt; 0">
<kw name="Click" library="Browser">
<arg>xpath=//button[@title = "${text}"]</arg>
<tag>PageContent</tag>
<tag>Setter</tag>
<doc>Simulates mouse click on the element found by ``selector``.</doc>
<status status="PASS" starttime="20231030 15:17:34.947" endtime="20231030 15:17:35.055"/>
</kw>
<kw name="Click Confirm To Action" library="common">
<kw name="Set Variable" library="BuiltIn">
<var>${element}</var>
<arg>xpath=//*[contains(@class, "ant-popover")]//*[contains(@class, "ant-btn-primary")]</arg>
<doc>Returns the given values which can then be assigned to a variables.</doc>
<msg timestamp="20231030 15:17:35.055" level="INFO">${element} = xpath=//*[contains(@class, "ant-popover")]//*[contains(@class, "ant-btn-primary")]</msg>
<status status="PASS" starttime="20231030 15:17:35.055" endtime="20231030 15:17:35.055"/>
</kw>
<kw name="Get Element Count" library="Browser">
<var>${count}</var>
<arg>${element}</arg>
<tag>Assertion</tag>
<tag>Getter</tag>
<tag>PageContent</tag>
<doc>Returns the count of elements found with ``selector``.</doc>
<msg timestamp="20231030 15:17:35.070" level="INFO">${count} = 0</msg>
<status status="PASS" starttime="20231030 15:17:35.055" endtime="20231030 15:17:35.070"/>
</kw>
<if>
<branch type="IF" condition="${count} &gt; 0">
<kw name="Click" library="Browser">
<arg>${element}</arg>
<tag>PageContent</tag>
<tag>Setter</tag>
<doc>Simulates mouse click on the element found by ``selector``.</doc>
<status status="NOT RUN" starttime="20231030 15:17:35.076" endtime="20231030 15:17:35.076"/>
</kw>
<kw name="Sleep" library="BuiltIn">
<arg>${SHOULD_TIMEOUT}</arg>
<doc>Pauses the test executed for the given time.</doc>
<status status="NOT RUN" starttime="20231030 15:17:35.077" endtime="20231030 15:17:35.077"/>
</kw>
<kw name="Wait Until Element Spin" library="common">
<status status="NOT RUN" starttime="20231030 15:17:35.077" endtime="20231030 15:17:35.078"/>
</kw>
<status status="NOT RUN" starttime="20231030 15:17:35.075" endtime="20231030 15:17:35.078"/>
</branch>
<status status="PASS" starttime="20231030 15:17:35.073" endtime="20231030 15:17:35.079"/>
</if>
<status status="PASS" starttime="20231030 15:17:35.055" endtime="20231030 15:17:35.079"/>
</kw>
<kw name="Scroll By" library="Browser">
<arg>${None}</arg>
<tag>PageContent</tag>
<tag>Setter</tag>
<doc>Scrolls an element or the page relative from current position by the given values.</doc>
<msg timestamp="20231030 15:17:35.115" level="INFO">JavaScript executed successfully.</msg>
<msg timestamp="20231030 15:17:35.115" level="INFO">JavaScript executed successfully.</msg>
<msg timestamp="20231030 15:17:35.142" level="INFO">JavaScript executed successfully.</msg>
<msg timestamp="20231030 15:17:35.142" level="INFO">JavaScript executed successfully.</msg>
<msg timestamp="20231030 15:17:35.148" level="INFO">JavaScript executed successfully.</msg>
<status status="PASS" starttime="20231030 15:17:35.080" endtime="20231030 15:17:35.148"/>
</kw>
<status status="PASS" starttime="20231030 15:17:34.947" endtime="20231030 15:17:35.148"/>
</branch>
<branch type="ELSE">
<kw name="Click" library="Browser">
<arg>//span[contains(text(),"${text}")]</arg>
<tag>PageContent</tag>
<tag>Setter</tag>
<doc>Simulates mouse click on the element found by ``selector``.</doc>
<status status="NOT RUN" starttime="20231030 15:17:35.148" endtime="20231030 15:17:35.148"/>
</kw>
<kw name="Click Confirm To Action" library="common">
<status status="NOT RUN" starttime="20231030 15:17:35.148" endtime="20231030 15:17:35.148"/>
</kw>
<kw name="Scroll By" library="Browser">
<arg>${None}</arg>
<tag>PageContent</tag>
<tag>Setter</tag>
<doc>Scrolls an element or the page relative from current position by the given values.</doc>
<status status="NOT RUN" starttime="20231030 15:17:35.148" endtime="20231030 15:17:35.155"/>
</kw>
<status status="NOT RUN" starttime="20231030 15:17:35.148" endtime="20231030 15:17:35.155"/>
</branch>
<status status="PASS" starttime="20231030 15:17:34.947" endtime="20231030 15:17:35.155"/>
</if>
<status status="PASS" starttime="20231030 15:17:34.836" endtime="20231030 15:17:35.158"/>
</kw>
<kw name="User look message &quot;Success&quot; popup" library="common" sourcename="User look message &quot;${message}&quot; popup">
<kw name="Get Regexp Matches" library="String">
<var>${contains}</var>
<arg>${message}</arg>
<arg>_@(.+)@_</arg>
<arg>1</arg>
<doc>Returns a list of all non-overlapping matches in the given string.</doc>
<msg timestamp="20231030 15:17:35.158" level="INFO">${contains} = []</msg>
<status status="PASS" starttime="20231030 15:17:35.158" endtime="20231030 15:17:35.158"/>
</kw>
<kw name="Get Length" library="BuiltIn">
<var>${cnt}</var>
<arg>${contains}</arg>
<doc>Returns and logs the length of the given item as an integer.</doc>
<msg timestamp="20231030 15:17:35.158" level="INFO">Length is 0</msg>
<msg timestamp="20231030 15:17:35.158" level="INFO">${cnt} = 0</msg>
<status status="PASS" starttime="20231030 15:17:35.158" endtime="20231030 15:17:35.158"/>
</kw>
<if>
<branch type="IF" condition="${cnt} &gt; 0">
<kw name="Replace String" library="String">
<var>${message}</var>
<arg>${message}</arg>
<arg>_@${contains[0]}@_</arg>
<arg>${STATE["${contains[0]}"]}</arg>
<doc>Replaces ``search_for`` in the given ``string`` with ``replace_with``.</doc>
<status status="NOT RUN" starttime="20231030 15:17:35.158" endtime="20231030 15:17:35.158"/>
</kw>
<status status="NOT RUN" starttime="20231030 15:17:35.158" endtime="20231030 15:17:35.158"/>
</branch>
<status status="PASS" starttime="20231030 15:17:35.158" endtime="20231030 15:17:35.158"/>
</if>
<kw name="Element Text Should Be" library="common">
<arg>id=swal2-html-container</arg>
<arg>${message}</arg>
<kw name="Get Text" library="Browser">
<arg>${locator}</arg>
<arg>equal</arg>
<arg>${expected}</arg>
<arg>${message}</arg>
<tag>Assertion</tag>
<tag>Getter</tag>
<tag>PageContent</tag>
<doc>Returns text attribute of the element found by ``selector``.</doc>
<msg timestamp="20231030 15:17:35.551" level="INFO">Text: 'Success'</msg>
<status status="PASS" starttime="20231030 15:17:35.158" endtime="20231030 15:17:35.552"/>
</kw>
<status status="PASS" starttime="20231030 15:17:35.158" endtime="20231030 15:17:35.552"/>
</kw>
<kw name="Set Variable" library="BuiltIn">
<var>${element}</var>
<arg>xpath=//*[contains(@class, "swal2-confirm")]</arg>
<doc>Returns the given values which can then be assigned to a variables.</doc>
<msg timestamp="20231030 15:17:35.552" level="INFO">${element} = xpath=//*[contains(@class, "swal2-confirm")]</msg>
<status status="PASS" starttime="20231030 15:17:35.552" endtime="20231030 15:17:35.552"/>
</kw>
<kw name="Run Keyword And Return Status" library="BuiltIn">
<var>${passed}</var>
<arg>Element Should Be Visible</arg>
<arg>${element}</arg>
<doc>Runs the given keyword with given arguments and returns the status as a Boolean value.</doc>
<kw name="Element Should Be Visible" library="common">
<arg>${element}</arg>
<kw name="Wait For Elements State" library="Browser">
<arg>${locator}</arg>
<arg>visible</arg>
<arg>${timeout}</arg>
<arg>${message}</arg>
<tag>PageContent</tag>
<tag>Wait</tag>
<doc>Waits for the element found by ``selector`` to satisfy state option.</doc>
<msg timestamp="20231030 15:17:35.896" level="INFO" html="true">&lt;/td&gt;&lt;/tr&gt;&lt;tr&gt;&lt;td colspan="3"&gt;&lt;a href="browser/screenshot/fail-screenshot-1.png" target="_blank"&gt;&lt;img src="browser/screenshot/fail-screenshot-1.png" width="800px"/&gt;&lt;/a&gt;</msg>
<msg timestamp="20231030 15:17:35.897" level="INFO">See also file:///D:/Intern%20test/Automation/playwright-log.txt for additional details.</msg>
<msg timestamp="20231030 15:17:35.897" level="FAIL">TimeoutError: locator.waitFor: Timeout 100ms exceeded.
=========================== logs ===========================
waiting for locator('xpath=//*[contains(@class, "swal2-confirm")]') to be visible
  locator resolved to hidden &lt;button type="button" aria-label="" class="swal2-confirm…&gt;OK&lt;/button&gt;
  locator resolved to hidden &lt;button type="button" aria-label="" class="swal2-confirm…&gt;OK&lt;/button&gt;
  locator resolved to hidden &lt;button type="button" aria-label="" class="swal2-confirm…&gt;OK&lt;/button&gt;
============================================================
Tip: Use "Set Browser Timeout" for increasing the timeout or double check your locator as the targeted element(s) couldn't be found.</msg>
<status status="FAIL" starttime="20231030 15:17:35.554" endtime="20231030 15:17:35.920"/>
</kw>
<status status="FAIL" starttime="20231030 15:17:35.553" endtime="20231030 15:17:35.920"/>
</kw>
<msg timestamp="20231030 15:17:35.921" level="INFO">${passed} = False</msg>
<status status="PASS" starttime="20231030 15:17:35.553" endtime="20231030 15:17:35.921"/>
</kw>
<if>
<branch type="IF" condition="'${passed}' == 'True'">
<kw name="Click" library="Browser">
<arg>${element}</arg>
<tag>PageContent</tag>
<tag>Setter</tag>
<doc>Simulates mouse click on the element found by ``selector``.</doc>
<status status="NOT RUN" starttime="20231030 15:17:35.922" endtime="20231030 15:17:35.923"/>
</kw>
<status status="NOT RUN" starttime="20231030 15:17:35.921" endtime="20231030 15:17:35.923"/>
</branch>
<status status="PASS" starttime="20231030 15:17:35.921" endtime="20231030 15:17:35.923"/>
</if>
<status status="PASS" starttime="20231030 15:17:35.158" endtime="20231030 15:17:35.924"/>
</kw>
<status status="PASS" starttime="20231030 15:17:34.280" endtime="20231030 15:17:35.924"/>
</kw>
<kw name="When Click &quot;QUẢN LÝ TÀI KHOẢN&quot; menu" library="common" sourcename="Click &quot;${text}&quot; menu">
<kw name="Click" library="Browser">
<arg>xpath=//li[contains(@class, "menu") and descendant::span[contains(text(), "${text}")]]</arg>
<tag>PageContent</tag>
<tag>Setter</tag>
<doc>Simulates mouse click on the element found by ``selector``.</doc>
<status status="PASS" starttime="20231030 15:17:35.926" endtime="20231030 15:17:36.946"/>
</kw>
<status status="PASS" starttime="20231030 15:17:35.925" endtime="20231030 15:17:36.946"/>
</kw>
<kw name="When Click &quot;Tài khoản Người dùng&quot; sub menu to &quot;/customer-account&quot;" library="common" sourcename="Click &quot;${text}&quot; sub menu to &quot;${url}&quot;">
<kw name="Wait Until Element Spin" library="common">
<kw name="Sleep" library="BuiltIn">
<arg>${SHOULD_TIMEOUT}</arg>
<doc>Pauses the test executed for the given time.</doc>
<msg timestamp="20231030 15:17:37.048" level="INFO">Slept 100 milliseconds</msg>
<status status="PASS" starttime="20231030 15:17:36.948" endtime="20231030 15:17:37.048"/>
</kw>
<kw name="Set Variable" library="BuiltIn">
<var>${element}</var>
<arg>xpath=//*[contains(@class, "ant-spin-spinning")]</arg>
<doc>Returns the given values which can then be assigned to a variables.</doc>
<msg timestamp="20231030 15:17:37.048" level="INFO">${element} = xpath=//*[contains(@class, "ant-spin-spinning")]</msg>
<status status="PASS" starttime="20231030 15:17:37.048" endtime="20231030 15:17:37.048"/>
</kw>
<kw name="Get Element Count" library="Browser">
<var>${count}</var>
<arg>${element}</arg>
<tag>Assertion</tag>
<tag>Getter</tag>
<tag>PageContent</tag>
<doc>Returns the count of elements found with ``selector``.</doc>
<msg timestamp="20231030 15:17:37.054" level="INFO">${count} = 0</msg>
<status status="PASS" starttime="20231030 15:17:37.049" endtime="20231030 15:17:37.054"/>
</kw>
<if>
<branch type="IF" condition="${count} &gt; 0">
<kw name="Wait Until Page Does Not Contain Element" library="common">
<arg>${element}</arg>
<status status="NOT RUN" starttime="20231030 15:17:37.054" endtime="20231030 15:17:37.054"/>
</kw>
<status status="NOT RUN" starttime="20231030 15:17:37.054" endtime="20231030 15:17:37.054"/>
</branch>
<status status="PASS" starttime="20231030 15:17:37.054" endtime="20231030 15:17:37.054"/>
</if>
<status status="PASS" starttime="20231030 15:17:36.947" endtime="20231030 15:17:37.055"/>
</kw>
<kw name="Click" library="Browser">
<arg>xpath=//a[contains(@class, "sub-menu") and descendant::span[contains(text(), "${text}")]]</arg>
<tag>PageContent</tag>
<tag>Setter</tag>
<doc>Simulates mouse click on the element found by ``selector``.</doc>
<status status="PASS" starttime="20231030 15:17:37.055" endtime="20231030 15:17:37.368"/>
</kw>
<kw name="Get Url" library="Browser">
<var>${curent_url}</var>
<tag>Assertion</tag>
<tag>Getter</tag>
<tag>PageContent</tag>
<doc>Returns the current URL.</doc>
<msg timestamp="20231030 15:17:37.368" level="INFO">${curent_url} = http://dev1.geneat.vn:7802/vn/customer-account</msg>
<status status="PASS" starttime="20231030 15:17:37.368" endtime="20231030 15:17:37.368"/>
</kw>
<kw name="Should Contain" library="BuiltIn">
<arg>${curent_url}</arg>
<arg>${URL_DEFAULT}${url}</arg>
<doc>Fails if ``container`` does not contain ``item`` one or more times.</doc>
<status status="PASS" starttime="20231030 15:17:37.368" endtime="20231030 15:17:37.368"/>
</kw>
<status status="PASS" starttime="20231030 15:17:36.947" endtime="20231030 15:17:37.368"/>
</kw>
<kw name="Then Heading should contain &quot;Danh sách tài khoản khách hàng&quot; inner Text" library="common" sourcename="Heading should contain &quot;${text}&quot; inner Text">
<kw name="Get Text" library="Browser">
<arg>//h2</arg>
<arg>equal</arg>
<arg>${text}</arg>
<tag>Assertion</tag>
<tag>Getter</tag>
<tag>PageContent</tag>
<doc>Returns text attribute of the element found by ``selector``.</doc>
<msg timestamp="20231030 15:17:37.444" level="INFO">Text: 'Danh sách tài khoản khách hàng'</msg>
<status status="PASS" starttime="20231030 15:17:37.368" endtime="20231030 15:17:37.444"/>
</kw>
<status status="PASS" starttime="20231030 15:17:37.368" endtime="20231030 15:17:37.444"/>
</kw>
<kw name="Then Webpage should contain the list data from database" library="common">
<kw name="Get Element" library="Browser">
<var>${element}</var>
<arg>//div[contains(@class,'datatable-wrapper')]</arg>
<tag>Getter</tag>
<tag>PageContent</tag>
<doc>Returns a reference to a Playwright [https://playwright.dev/docs/api/class-locator|Locator].</doc>
<msg timestamp="20231030 15:17:37.459" level="INFO">Locator found successfully.</msg>
<msg timestamp="20231030 15:17:37.459" level="INFO">${element} = //div[contains(@class,'datatable-wrapper')]</msg>
<status status="PASS" starttime="20231030 15:17:37.444" endtime="20231030 15:17:37.459"/>
</kw>
<kw name="Get Element Count" library="Browser">
<var>${count}</var>
<arg>${element}</arg>
<tag>Assertion</tag>
<tag>Getter</tag>
<tag>PageContent</tag>
<doc>Returns the count of elements found with ``selector``.</doc>
<msg timestamp="20231030 15:17:37.497" level="INFO">${count} = 1</msg>
<status status="PASS" starttime="20231030 15:17:37.459" endtime="20231030 15:17:37.497"/>
</kw>
<if>
<branch type="IF" condition="${count} &gt; 0">
<kw name="Set Global Variable" library="BuiltIn">
<arg>\${STATE["${count}"]}</arg>
<arg>${count}</arg>
<doc>Makes a variable available globally in all tests and suites.</doc>
<msg timestamp="20231030 15:17:37.500" level="INFO">${STATE["1"]} = 1</msg>
<status status="PASS" starttime="20231030 15:17:37.498" endtime="20231030 15:17:37.500"/>
</kw>
<status status="PASS" starttime="20231030 15:17:37.497" endtime="20231030 15:17:37.500"/>
</branch>
<status status="PASS" starttime="20231030 15:17:37.497" endtime="20231030 15:17:37.501"/>
</if>
<status status="PASS" starttime="20231030 15:17:37.444" endtime="20231030 15:17:37.501"/>
</kw>
<kw name="Then Webpage should contain the search function" library="common">
<kw name="Get Element" library="Browser">
<var>${element}</var>
<arg>//*[contains(@class,'flex-col')]//label[contains(text(),"Tìm kiếm")]</arg>
<tag>Getter</tag>
<tag>PageContent</tag>
<doc>Returns a reference to a Playwright [https://playwright.dev/docs/api/class-locator|Locator].</doc>
<msg timestamp="20231030 15:17:37.533" level="INFO">Locator found successfully.</msg>
<msg timestamp="20231030 15:17:37.533" level="INFO">${element} = //*[contains(@class,'flex-col')]//label[contains(text(),"Tìm kiếm")]</msg>
<status status="PASS" starttime="20231030 15:17:37.501" endtime="20231030 15:17:37.533"/>
</kw>
<kw name="Get Element Count" library="Browser">
<var>${count}</var>
<arg>${element}</arg>
<tag>Assertion</tag>
<tag>Getter</tag>
<tag>PageContent</tag>
<doc>Returns the count of elements found with ``selector``.</doc>
<msg timestamp="20231030 15:17:37.564" level="INFO">${count} = 1</msg>
<status status="PASS" starttime="20231030 15:17:37.534" endtime="20231030 15:17:37.564"/>
</kw>
<kw name="Should Be True" library="BuiltIn">
<arg>${count} &gt;= 1</arg>
<doc>Fails if the given condition is not true.</doc>
<status status="PASS" starttime="20231030 15:17:37.565" endtime="20231030 15:17:37.566"/>
</kw>
<status status="PASS" starttime="20231030 15:17:37.501" endtime="20231030 15:17:37.566"/>
</kw>
<kw name="Then Webpage should contain the &quot;Ngày tham gia&quot; filter function" library="common" sourcename="Webpage should contain the &quot;${name}&quot; filter function">
<kw name="Get Element" library="Browser">
<var>${element}</var>
<arg>//*[contains(@class,'flex-col')]//label[contains(text(),"${name}")]</arg>
<tag>Getter</tag>
<tag>PageContent</tag>
<doc>Returns a reference to a Playwright [https://playwright.dev/docs/api/class-locator|Locator].</doc>
<msg timestamp="20231030 15:17:37.915" level="INFO">Locator found successfully.</msg>
<msg timestamp="20231030 15:17:37.915" level="INFO">${element} = //*[contains(@class,'flex-col')]//label[contains(text(),"Ngày tham gia")]</msg>
<status status="PASS" starttime="20231030 15:17:37.568" endtime="20231030 15:17:37.916"/>
</kw>
<kw name="Get Element Count" library="Browser">
<var>${count}</var>
<arg>${element}</arg>
<tag>Assertion</tag>
<tag>Getter</tag>
<tag>PageContent</tag>
<doc>Returns the count of elements found with ``selector``.</doc>
<msg timestamp="20231030 15:17:37.931" level="INFO">${count} = 1</msg>
<status status="PASS" starttime="20231030 15:17:37.916" endtime="20231030 15:17:37.931"/>
</kw>
<kw name="Should Be True" library="BuiltIn">
<arg>${count} &gt;= 1</arg>
<doc>Fails if the given condition is not true.</doc>
<status status="PASS" starttime="20231030 15:17:37.931" endtime="20231030 15:17:37.931"/>
</kw>
<status status="PASS" starttime="20231030 15:17:37.567" endtime="20231030 15:17:37.931"/>
</kw>
<kw name="Then Webpage should contain the &quot;Loại tài khoản&quot; filter function" library="common" sourcename="Webpage should contain the &quot;${name}&quot; filter function">
<kw name="Get Element" library="Browser">
<var>${element}</var>
<arg>//*[contains(@class,'flex-col')]//label[contains(text(),"${name}")]</arg>
<tag>Getter</tag>
<tag>PageContent</tag>
<doc>Returns a reference to a Playwright [https://playwright.dev/docs/api/class-locator|Locator].</doc>
<msg timestamp="20231030 15:17:37.953" level="INFO">Locator found successfully.</msg>
<msg timestamp="20231030 15:17:37.953" level="INFO">${element} = //*[contains(@class,'flex-col')]//label[contains(text(),"Loại tài khoản")]</msg>
<status status="PASS" starttime="20231030 15:17:37.931" endtime="20231030 15:17:37.953"/>
</kw>
<kw name="Get Element Count" library="Browser">
<var>${count}</var>
<arg>${element}</arg>
<tag>Assertion</tag>
<tag>Getter</tag>
<tag>PageContent</tag>
<doc>Returns the count of elements found with ``selector``.</doc>
<msg timestamp="20231030 15:17:37.966" level="INFO">${count} = 1</msg>
<status status="PASS" starttime="20231030 15:17:37.954" endtime="20231030 15:17:37.966"/>
</kw>
<kw name="Should Be True" library="BuiltIn">
<arg>${count} &gt;= 1</arg>
<doc>Fails if the given condition is not true.</doc>
<status status="PASS" starttime="20231030 15:17:37.966" endtime="20231030 15:17:37.966"/>
</kw>
<status status="PASS" starttime="20231030 15:17:37.931" endtime="20231030 15:17:37.966"/>
</kw>
<kw name="Then Webpage should contain the &quot;Trạng thái&quot; filter function" library="common" sourcename="Webpage should contain the &quot;${name}&quot; filter function">
<kw name="Get Element" library="Browser">
<var>${element}</var>
<arg>//*[contains(@class,'flex-col')]//label[contains(text(),"${name}")]</arg>
<tag>Getter</tag>
<tag>PageContent</tag>
<doc>Returns a reference to a Playwright [https://playwright.dev/docs/api/class-locator|Locator].</doc>
<msg timestamp="20231030 15:17:37.992" level="INFO">Locator found successfully.</msg>
<msg timestamp="20231030 15:17:37.992" level="INFO">${element} = //*[contains(@class,'flex-col')]//label[contains(text(),"Trạng thái")]</msg>
<status status="PASS" starttime="20231030 15:17:37.979" endtime="20231030 15:17:37.992"/>
</kw>
<kw name="Get Element Count" library="Browser">
<var>${count}</var>
<arg>${element}</arg>
<tag>Assertion</tag>
<tag>Getter</tag>
<tag>PageContent</tag>
<doc>Returns the count of elements found with ``selector``.</doc>
<msg timestamp="20231030 15:17:38.001" level="INFO">${count} = 1</msg>
<status status="PASS" starttime="20231030 15:17:37.993" endtime="20231030 15:17:38.001"/>
</kw>
<kw name="Should Be True" library="BuiltIn">
<arg>${count} &gt;= 1</arg>
<doc>Fails if the given condition is not true.</doc>
<status status="PASS" starttime="20231030 15:17:38.002" endtime="20231030 15:17:38.002"/>
</kw>
<status status="PASS" starttime="20231030 15:17:37.978" endtime="20231030 15:17:38.002"/>
</kw>
<kw name="Then Webpage should contain the &quot;Kích hoạt&quot; filter function" library="common" sourcename="Webpage should contain the &quot;${name}&quot; filter function">
<kw name="Get Element" library="Browser">
<var>${element}</var>
<arg>//*[contains(@class,'flex-col')]//label[contains(text(),"${name}")]</arg>
<tag>Getter</tag>
<tag>PageContent</tag>
<doc>Returns a reference to a Playwright [https://playwright.dev/docs/api/class-locator|Locator].</doc>
<msg timestamp="20231030 15:17:38.017" level="INFO">Locator found successfully.</msg>
<msg timestamp="20231030 15:17:38.017" level="INFO">${element} = //*[contains(@class,'flex-col')]//label[contains(text(),"Kích hoạt")]</msg>
<status status="PASS" starttime="20231030 15:17:38.004" endtime="20231030 15:17:38.017"/>
</kw>
<kw name="Get Element Count" library="Browser">
<var>${count}</var>
<arg>${element}</arg>
<tag>Assertion</tag>
<tag>Getter</tag>
<tag>PageContent</tag>
<doc>Returns the count of elements found with ``selector``.</doc>
<msg timestamp="20231030 15:17:38.030" level="INFO">${count} = 1</msg>
<status status="PASS" starttime="20231030 15:17:38.019" endtime="20231030 15:17:38.030"/>
</kw>
<kw name="Should Be True" library="BuiltIn">
<arg>${count} &gt;= 1</arg>
<doc>Fails if the given condition is not true.</doc>
<status status="PASS" starttime="20231030 15:17:38.031" endtime="20231030 15:17:38.031"/>
</kw>
<status status="PASS" starttime="20231030 15:17:38.003" endtime="20231030 15:17:38.032"/>
</kw>
<kw name="Tear Down" library="common" type="TEARDOWN">
<kw name="Close Browser" library="Browser">
<arg>ALL</arg>
<tag>BrowserControl</tag>
<tag>Setter</tag>
<doc>Closes the current browser.</doc>
<msg timestamp="20231030 15:17:38.931" level="INFO">Closed all browsers</msg>
<status status="PASS" starttime="20231030 15:17:38.037" endtime="20231030 15:17:38.931"/>
</kw>
<status status="PASS" starttime="20231030 15:17:38.036" endtime="20231030 15:17:38.931"/>
</kw>
<tag>MainPage</tag>
<tag>Smoketest</tag>
<tag>UI</tag>
<status status="PASS" starttime="20231030 15:17:26.160" endtime="20231030 15:17:38.931"/>
</test>
<test id="s1-t2" name="CA_02 Verify the function changing the number of accounts show in each list" line="26">
<kw name="Setup" library="common" type="SETUP">
<kw name="Set Browser Timeout" library="Browser">
<arg>${BROWSER_TIMEOUT}</arg>
<tag>Config</tag>
<tag>Setter</tag>
<doc>Sets the timeout used by most input and getter keywords.</doc>
<status status="PASS" starttime="20231030 15:17:38.959" endtime="20231030 15:17:38.959"/>
</kw>
<kw name="New Browser" library="Browser">
<arg>${BROWSER}</arg>
<arg>headless=${HEADLESS}</arg>
<tag>BrowserControl</tag>
<tag>Setter</tag>
<doc>Create a new playwright Browser with specified options.</doc>
<msg timestamp="20231030 15:17:38.961" level="INFO">{"browser": "chromium", "headless": false, "chromiumSandbox": false, "devtools": false, "handleSIGHUP": true, "handleSIGINT": true, "handleSIGTERM": true, "ignoreDefaultArgs": false, "slowMo": 0.0, "timeout": 30000.0, "tracesDir": "D:\\Intern test\\Automation\\browser\\traces\\34f68020-69ae-46f4-807a-3bcf7066a530"}</msg>
<msg timestamp="20231030 15:17:39.968" level="INFO">Successfully created browser with options: {"browser":"chromium","headless":false,"chromiumSandbox":false,"devtools":false,"handleSIGHUP":true,"handleSIGINT":true,"handleSIGTERM":true,"ignoreDefaultArgs":false,"slowMo":0,"timeout":30000,"tracesDir":"D:\\Intern test\\Automation\\browser\\traces\\34f68020-69ae-46f4-807a-3bcf7066a530"}</msg>
<status status="PASS" starttime="20231030 15:17:38.960" endtime="20231030 15:17:39.968"/>
</kw>
<kw name="New Page" library="Browser">
<arg>${URL_DEFAULT}</arg>
<tag>BrowserControl</tag>
<tag>Setter</tag>
<doc>Open a new Page.</doc>
<msg timestamp="20231030 15:17:45.039" level="INFO">Successfully initialized new page object and opened url: http://dev1.geneat.vn:7802/vn</msg>
<msg timestamp="20231030 15:17:45.039" level="INFO">No context was open. New context was automatically opened when this page is created.</msg>
<status status="PASS" starttime="20231030 15:17:39.968" endtime="20231030 15:17:45.039"/>
</kw>
<kw name="Evaluate" library="BuiltIn">
<var>${STATE}</var>
<arg>json.loads('''{}''')</arg>
<arg>json</arg>
<doc>Evaluates the given expression in Python and returns the result.</doc>
<msg timestamp="20231030 15:17:45.039" level="INFO">${STATE} = {}</msg>
<status status="PASS" starttime="20231030 15:17:45.039" endtime="20231030 15:17:45.039"/>
</kw>
<status status="PASS" starttime="20231030 15:17:38.958" endtime="20231030 15:17:45.039"/>
</kw>
<kw name="Go to &quot;Customer Account&quot; page" sourcename="Go to &quot;${page}&quot; page">
<kw name="Login to admin" library="common">
<kw name="Enter &quot;email&quot; in &quot;Email&quot; with &quot;admin@gmail.com&quot;" library="common" sourcename="Enter &quot;${type}&quot; in &quot;${name}&quot; with &quot;${text}&quot;">
<kw name="Get Random Text" library="common">
<var>${text}</var>
<arg>${type}</arg>
<arg>${text}</arg>
<kw name="Set Variable" library="BuiltIn">
<var>${symbol}</var>
<arg>_RANDOM_</arg>
<doc>Returns the given values which can then be assigned to a variables.</doc>
<msg timestamp="20231030 15:17:45.045" level="INFO">${symbol} = _RANDOM_</msg>
<status status="PASS" starttime="20231030 15:17:45.045" endtime="20231030 15:17:45.045"/>
</kw>
<kw name="Set Variable" library="BuiltIn">
<var>${new_text}</var>
<doc>Returns the given values which can then be assigned to a variables.</doc>
<msg timestamp="20231030 15:17:45.045" level="INFO">${new_text} = </msg>
<status status="PASS" starttime="20231030 15:17:45.045" endtime="20231030 15:17:45.045"/>
</kw>
<kw name="Get Regexp Matches" library="String">
<var>${containsS}</var>
<arg>${text}</arg>
<arg>_@(.+)@_</arg>
<arg>1</arg>
<doc>Returns a list of all non-overlapping matches in the given string.</doc>
<msg timestamp="20231030 15:17:45.045" level="INFO">${containsS} = []</msg>
<status status="PASS" starttime="20231030 15:17:45.045" endtime="20231030 15:17:45.045"/>
</kw>
<kw name="Get Length" library="BuiltIn">
<var>${cntS}</var>
<arg>${containsS}</arg>
<doc>Returns and logs the length of the given item as an integer.</doc>
<msg timestamp="20231030 15:17:45.045" level="INFO">Length is 0</msg>
<msg timestamp="20231030 15:17:45.045" level="INFO">${cntS} = 0</msg>
<status status="PASS" starttime="20231030 15:17:45.045" endtime="20231030 15:17:45.045"/>
</kw>
<kw name="Get Regexp Matches" library="String">
<var>${contains}</var>
<arg>${text}</arg>
<arg>${symbol}</arg>
<doc>Returns a list of all non-overlapping matches in the given string.</doc>
<msg timestamp="20231030 15:17:45.045" level="INFO">${contains} = []</msg>
<status status="PASS" starttime="20231030 15:17:45.045" endtime="20231030 15:17:45.045"/>
</kw>
<kw name="Get Length" library="BuiltIn">
<var>${cnt}</var>
<arg>${contains}</arg>
<doc>Returns and logs the length of the given item as an integer.</doc>
<msg timestamp="20231030 15:17:45.045" level="INFO">Length is 0</msg>
<msg timestamp="20231030 15:17:45.045" level="INFO">${cnt} = 0</msg>
<status status="PASS" starttime="20231030 15:17:45.045" endtime="20231030 15:17:45.045"/>
</kw>
<if>
<branch type="IF" condition="${cntS} &gt; 0">
<kw name="Set Variable" library="BuiltIn">
<var>${new_text}</var>
<arg>${STATE["${containsS[0]}"]}</arg>
<doc>Returns the given values which can then be assigned to a variables.</doc>
<status status="NOT RUN" starttime="20231030 15:17:45.045" endtime="20231030 15:17:45.045"/>
</kw>
<kw name="Set Variable" library="BuiltIn">
<var>${symbol}</var>
<arg>_@${containsS[0]}@_</arg>
<doc>Returns the given values which can then be assigned to a variables.</doc>
<status status="NOT RUN" starttime="20231030 15:17:45.045" endtime="20231030 15:17:45.045"/>
</kw>
<status status="NOT RUN" starttime="20231030 15:17:45.045" endtime="20231030 15:17:45.045"/>
</branch>
<branch type="ELSE IF" condition="${cnt} &gt; 0 and '${type}' == 'test name'">
<kw name="Sentence" library="FakerLibrary">
<var>${random}</var>
<arg>nb_words=3</arg>
<doc>Generate a sentence.</doc>
<status status="NOT RUN" starttime="20231030 15:17:45.045" endtime="20231030 15:17:45.045"/>
</kw>
<kw name="Split String" library="String">
<var>${words}</var>
<arg>${TEST NAME}</arg>
<arg>${SPACE}</arg>
<doc>Splits the ``string`` using ``separator`` as a delimiter string.</doc>
<status status="NOT RUN" starttime="20231030 15:17:45.045" endtime="20231030 15:17:45.045"/>
</kw>
<kw name="Set Variable" library="BuiltIn">
<var>${new_text}</var>
<arg>${words[0]} ${random}</arg>
<doc>Returns the given values which can then be assigned to a variables.</doc>
<status status="NOT RUN" starttime="20231030 15:17:45.045" endtime="20231030 15:17:45.045"/>
</kw>
<status status="NOT RUN" starttime="20231030 15:17:45.045" endtime="20231030 15:17:45.045"/>
</branch>
<branch type="ELSE IF" condition="${cnt} &gt; 0 and '${type}' == 'number'">
<kw name="Random Int" library="FakerLibrary">
<var>${new_text}</var>
<doc>Generate a random integer between two integers ``min`` and ``max`` inclusive
while observing the provided ``step`` value.</doc>
<status status="NOT RUN" starttime="20231030 15:17:45.045" endtime="20231030 15:17:45.045"/>
</kw>
<kw name="Convert To String" library="BuiltIn">
<var>${new_text}</var>
<arg>${new_text}</arg>
<doc>Converts the given item to a Unicode string.</doc>
<status status="NOT RUN" starttime="20231030 15:17:45.045" endtime="20231030 15:17:45.045"/>
</kw>
<status status="NOT RUN" starttime="20231030 15:17:45.045" endtime="20231030 15:17:45.045"/>
</branch>
<branch type="ELSE IF" condition="${cnt} &gt; 0 and '${type}' == 'percentage'">
<kw name="Random Int" library="FakerLibrary">
<var>${new_text}</var>
<arg>max=100</arg>
<doc>Generate a random integer between two integers ``min`` and ``max`` inclusive
while observing the provided ``step`` value.</doc>
<status status="NOT RUN" starttime="20231030 15:17:45.045" endtime="20231030 15:17:45.045"/>
</kw>
<kw name="Convert To String" library="BuiltIn">
<var>${new_text}</var>
<arg>${new_text}</arg>
<doc>Converts the given item to a Unicode string.</doc>
<status status="NOT RUN" starttime="20231030 15:17:45.045" endtime="20231030 15:17:45.045"/>
</kw>
<status status="NOT RUN" starttime="20231030 15:17:45.045" endtime="20231030 15:17:45.045"/>
</branch>
<branch type="ELSE IF" condition="${cnt} &gt; 0 and '${type}' == 'paragraph'">
<kw name="Paragraph" library="FakerLibrary">
<var>${new_text}</var>
<doc>Generate a paragraph.</doc>
<status status="NOT RUN" starttime="20231030 15:17:45.062" endtime="20231030 15:17:45.062"/>
</kw>
<status status="NOT RUN" starttime="20231030 15:17:45.045" endtime="20231030 15:17:45.063"/>
</branch>
<branch type="ELSE IF" condition="${cnt} &gt; 0 and '${type}' == 'email'">
<kw name="Email" library="FakerLibrary">
<var>${new_text}</var>
<status status="NOT RUN" starttime="20231030 15:17:45.076" endtime="20231030 15:17:45.076"/>
</kw>
<status status="NOT RUN" starttime="20231030 15:17:45.063" endtime="20231030 15:17:45.076"/>
</branch>
<branch type="ELSE IF" condition="${cnt} &gt; 0 and '${type}' == 'phone'">
<kw name="Random Int" library="FakerLibrary">
<var>${new_text}</var>
<arg>min=2000000000</arg>
<arg>max=9999999999</arg>
<doc>Generate a random integer between two integers ``min`` and ``max`` inclusive
while observing the provided ``step`` value.</doc>
<status status="NOT RUN" starttime="20231030 15:17:45.076" endtime="20231030 15:17:45.076"/>
</kw>
<kw name="Convert To String" library="BuiltIn">
<var>${new_text}</var>
<arg>${new_text}</arg>
<doc>Converts the given item to a Unicode string.</doc>
<status status="NOT RUN" starttime="20231030 15:17:45.076" endtime="20231030 15:17:45.076"/>
</kw>
<kw name="Catenate" library="BuiltIn">
<var>${new_text}</var>
<arg>SEPARATOR=</arg>
<arg>0</arg>
<arg>${new_text}</arg>
<doc>Catenates the given items together and returns the resulted string.</doc>
<status status="NOT RUN" starttime="20231030 15:17:45.076" endtime="20231030 15:17:45.076"/>
</kw>
<status status="NOT RUN" starttime="20231030 15:17:45.076" endtime="20231030 15:17:45.076"/>
</branch>
<branch type="ELSE IF" condition="${cnt} &gt; 0 and '${type}' == 'color'">
<kw name="Safe Hex Color" library="FakerLibrary">
<var>${new_text}</var>
<doc>Generate a web-safe color formatted as a hex triplet.</doc>
<status status="NOT RUN" starttime="20231030 15:17:45.076" endtime="20231030 15:17:45.076"/>
</kw>
<status status="NOT RUN" starttime="20231030 15:17:45.076" endtime="20231030 15:17:45.076"/>
</branch>
<branch type="ELSE IF" condition="${cnt} &gt; 0 and &quot;${type}&quot; == 'password'">
<kw name="Password" library="FakerLibrary">
<var>${new_text}</var>
<arg>10</arg>
<arg>True</arg>
<arg>True</arg>
<arg>True</arg>
<arg>True</arg>
<doc>Generate a random password of the specified ``length``.</doc>
<status status="NOT RUN" starttime="20231030 15:17:45.076" endtime="20231030 15:17:45.076"/>
</kw>
<status status="NOT RUN" starttime="20231030 15:17:45.076" endtime="20231030 15:17:45.076"/>
</branch>
<branch type="ELSE IF" condition="${cnt} &gt; 0 and '${type}' == 'date'">
<kw name="Date" library="FakerLibrary">
<var>${new_text}</var>
<arg>pattern=%d-%m-%Y</arg>
<doc>Get a date string between January 1, 1970 and now.</doc>
<status status="NOT RUN" starttime="20231030 15:17:45.076" endtime="20231030 15:17:45.076"/>
</kw>
<status status="NOT RUN" starttime="20231030 15:17:45.076" endtime="20231030 15:17:45.076"/>
</branch>
<branch type="ELSE IF" condition="${cnt} &gt; 0 and '${type}' == 'word'">
<kw name="Sentence" library="FakerLibrary">
<var>${new_text}</var>
<arg>nb_words=2</arg>
<doc>Generate a sentence.</doc>
<status status="NOT RUN" starttime="20231030 15:17:45.095" endtime="20231030 15:17:45.095"/>
</kw>
<status status="NOT RUN" starttime="20231030 15:17:45.091" endtime="20231030 15:17:45.095"/>
</branch>
<branch type="ELSE IF" condition="${cnt} &gt; 0">
<kw name="Sentence" library="FakerLibrary">
<var>${new_text}</var>
<doc>Generate a sentence.</doc>
<status status="NOT RUN" starttime="20231030 15:17:45.095" endtime="20231030 15:17:45.095"/>
</kw>
<status status="NOT RUN" starttime="20231030 15:17:45.095" endtime="20231030 15:17:45.095"/>
</branch>
<status status="PASS" starttime="20231030 15:17:45.045" endtime="20231030 15:17:45.095"/>
</if>
<kw name="Get Length" library="BuiltIn">
<var>${cnt}</var>
<arg>${text}</arg>
<doc>Returns and logs the length of the given item as an integer.</doc>
<msg timestamp="20231030 15:17:45.095" level="INFO">Length is 15</msg>
<msg timestamp="20231030 15:17:45.095" level="INFO">${cnt} = 15</msg>
<status status="PASS" starttime="20231030 15:17:45.095" endtime="20231030 15:17:45.095"/>
</kw>
<if>
<branch type="IF" condition="${cnt} &gt; 0">
<kw name="Replace String" library="String">
<var>${text}</var>
<arg>${text}</arg>
<arg>${symbol}</arg>
<arg>${new_text}</arg>
<doc>Replaces ``search_for`` in the given ``string`` with ``replace_with``.</doc>
<msg timestamp="20231030 15:17:45.095" level="INFO">${text} = admin@gmail.com</msg>
<status status="PASS" starttime="20231030 15:17:45.095" endtime="20231030 15:17:45.095"/>
</kw>
<status status="PASS" starttime="20231030 15:17:45.095" endtime="20231030 15:17:45.095"/>
</branch>
<status status="PASS" starttime="20231030 15:17:45.095" endtime="20231030 15:17:45.095"/>
</if>
<msg timestamp="20231030 15:17:45.095" level="INFO">${text} = admin@gmail.com</msg>
<status status="PASS" starttime="20231030 15:17:45.039" endtime="20231030 15:17:45.095"/>
</kw>
<kw name="Get Element Form Item By Name" library="common">
<var>${element}</var>
<arg>${name}</arg>
<arg>//input[contains(@class, "ant-input")]</arg>
<msg timestamp="20231030 15:17:45.095" level="INFO">${element} = xpath=//*[contains(@class, "ant-form-item-label")]/label[text()="Email"]/../../*[contains(@class, "ant-form-item")]//input[contains(@class, "ant-input")]</msg>
<status status="PASS" starttime="20231030 15:17:45.095" endtime="20231030 15:17:45.095"/>
</kw>
<kw name="Click" library="Browser">
<arg>${element}</arg>
<tag>PageContent</tag>
<tag>Setter</tag>
<doc>Simulates mouse click on the element found by ``selector``.</doc>
<status status="PASS" starttime="20231030 15:17:45.095" endtime="20231030 15:17:45.293"/>
</kw>
<kw name="Clear Text" library="Browser">
<arg>${element}</arg>
<tag>PageContent</tag>
<tag>Setter</tag>
<doc>Clears the text field found by ``selector``.</doc>
<status status="PASS" starttime="20231030 15:17:45.293" endtime="20231030 15:17:45.349"/>
</kw>
<kw name="Fill Text" library="Browser">
<arg>${element}</arg>
<arg>${text}</arg>
<arg>True</arg>
<tag>PageContent</tag>
<tag>Setter</tag>
<doc>Clears and fills the given ``txt`` into the text field found by ``selector``.</doc>
<msg timestamp="20231030 15:17:45.349" level="INFO">Fills the text 'admin@gmail.com' in the given field.</msg>
<status status="PASS" starttime="20231030 15:17:45.349" endtime="20231030 15:17:45.399"/>
</kw>
<kw name="Get Length" library="BuiltIn">
<var>${cnt}</var>
<arg>${text}</arg>
<doc>Returns and logs the length of the given item as an integer.</doc>
<msg timestamp="20231030 15:17:45.400" level="INFO">Length is 15</msg>
<msg timestamp="20231030 15:17:45.400" level="INFO">${cnt} = 15</msg>
<status status="PASS" starttime="20231030 15:17:45.400" endtime="20231030 15:17:45.400"/>
</kw>
<if>
<branch type="IF" condition="${cnt} &gt; 0">
<kw name="Set Global Variable" library="BuiltIn">
<arg>\${STATE["${name}"]}</arg>
<arg>${text}</arg>
<doc>Makes a variable available globally in all tests and suites.</doc>
<msg timestamp="20231030 15:17:45.401" level="INFO">${STATE["Email"]} = admin@gmail.com</msg>
<status status="PASS" starttime="20231030 15:17:45.401" endtime="20231030 15:17:45.401"/>
</kw>
<status status="PASS" starttime="20231030 15:17:45.400" endtime="20231030 15:17:45.401"/>
</branch>
<status status="PASS" starttime="20231030 15:17:45.400" endtime="20231030 15:17:45.402"/>
</if>
<status status="PASS" starttime="20231030 15:17:45.039" endtime="20231030 15:17:45.402"/>
</kw>
<kw name="Enter &quot;password&quot; in &quot;Mật khẩu&quot; with &quot;123123&quot;" library="common" sourcename="Enter &quot;${type}&quot; in &quot;${name}&quot; with &quot;${text}&quot;">
<kw name="Get Random Text" library="common">
<var>${text}</var>
<arg>${type}</arg>
<arg>${text}</arg>
<kw name="Set Variable" library="BuiltIn">
<var>${symbol}</var>
<arg>_RANDOM_</arg>
<doc>Returns the given values which can then be assigned to a variables.</doc>
<msg timestamp="20231030 15:17:45.403" level="INFO">${symbol} = _RANDOM_</msg>
<status status="PASS" starttime="20231030 15:17:45.403" endtime="20231030 15:17:45.403"/>
</kw>
<kw name="Set Variable" library="BuiltIn">
<var>${new_text}</var>
<doc>Returns the given values which can then be assigned to a variables.</doc>
<msg timestamp="20231030 15:17:45.403" level="INFO">${new_text} = </msg>
<status status="PASS" starttime="20231030 15:17:45.403" endtime="20231030 15:17:45.403"/>
</kw>
<kw name="Get Regexp Matches" library="String">
<var>${containsS}</var>
<arg>${text}</arg>
<arg>_@(.+)@_</arg>
<arg>1</arg>
<doc>Returns a list of all non-overlapping matches in the given string.</doc>
<msg timestamp="20231030 15:17:45.406" level="INFO">${containsS} = []</msg>
<status status="PASS" starttime="20231030 15:17:45.404" endtime="20231030 15:17:45.406"/>
</kw>
<kw name="Get Length" library="BuiltIn">
<var>${cntS}</var>
<arg>${containsS}</arg>
<doc>Returns and logs the length of the given item as an integer.</doc>
<msg timestamp="20231030 15:17:45.409" level="INFO">Length is 0</msg>
<msg timestamp="20231030 15:17:45.409" level="INFO">${cntS} = 0</msg>
<status status="PASS" starttime="20231030 15:17:45.408" endtime="20231030 15:17:45.409"/>
</kw>
<kw name="Get Regexp Matches" library="String">
<var>${contains}</var>
<arg>${text}</arg>
<arg>${symbol}</arg>
<doc>Returns a list of all non-overlapping matches in the given string.</doc>
<msg timestamp="20231030 15:17:45.410" level="INFO">${contains} = []</msg>
<status status="PASS" starttime="20231030 15:17:45.410" endtime="20231030 15:17:45.410"/>
</kw>
<kw name="Get Length" library="BuiltIn">
<var>${cnt}</var>
<arg>${contains}</arg>
<doc>Returns and logs the length of the given item as an integer.</doc>
<msg timestamp="20231030 15:17:45.412" level="INFO">Length is 0</msg>
<msg timestamp="20231030 15:17:45.412" level="INFO">${cnt} = 0</msg>
<status status="PASS" starttime="20231030 15:17:45.411" endtime="20231030 15:17:45.412"/>
</kw>
<if>
<branch type="IF" condition="${cntS} &gt; 0">
<kw name="Set Variable" library="BuiltIn">
<var>${new_text}</var>
<arg>${STATE["${containsS[0]}"]}</arg>
<doc>Returns the given values which can then be assigned to a variables.</doc>
<status status="NOT RUN" starttime="20231030 15:17:45.412" endtime="20231030 15:17:45.413"/>
</kw>
<kw name="Set Variable" library="BuiltIn">
<var>${symbol}</var>
<arg>_@${containsS[0]}@_</arg>
<doc>Returns the given values which can then be assigned to a variables.</doc>
<status status="NOT RUN" starttime="20231030 15:17:45.413" endtime="20231030 15:17:45.413"/>
</kw>
<status status="NOT RUN" starttime="20231030 15:17:45.412" endtime="20231030 15:17:45.413"/>
</branch>
<branch type="ELSE IF" condition="${cnt} &gt; 0 and '${type}' == 'test name'">
<kw name="Sentence" library="FakerLibrary">
<var>${random}</var>
<arg>nb_words=3</arg>
<doc>Generate a sentence.</doc>
<status status="NOT RUN" starttime="20231030 15:17:45.413" endtime="20231030 15:17:45.414"/>
</kw>
<kw name="Split String" library="String">
<var>${words}</var>
<arg>${TEST NAME}</arg>
<arg>${SPACE}</arg>
<doc>Splits the ``string`` using ``separator`` as a delimiter string.</doc>
<status status="NOT RUN" starttime="20231030 15:17:45.414" endtime="20231030 15:17:45.414"/>
</kw>
<kw name="Set Variable" library="BuiltIn">
<var>${new_text}</var>
<arg>${words[0]} ${random}</arg>
<doc>Returns the given values which can then be assigned to a variables.</doc>
<status status="NOT RUN" starttime="20231030 15:17:45.414" endtime="20231030 15:17:45.414"/>
</kw>
<status status="NOT RUN" starttime="20231030 15:17:45.413" endtime="20231030 15:17:45.414"/>
</branch>
<branch type="ELSE IF" condition="${cnt} &gt; 0 and '${type}' == 'number'">
<kw name="Random Int" library="FakerLibrary">
<var>${new_text}</var>
<doc>Generate a random integer between two integers ``min`` and ``max`` inclusive
while observing the provided ``step`` value.</doc>
<status status="NOT RUN" starttime="20231030 15:17:45.415" endtime="20231030 15:17:45.415"/>
</kw>
<kw name="Convert To String" library="BuiltIn">
<var>${new_text}</var>
<arg>${new_text}</arg>
<doc>Converts the given item to a Unicode string.</doc>
<status status="NOT RUN" starttime="20231030 15:17:45.415" endtime="20231030 15:17:45.415"/>
</kw>
<status status="NOT RUN" starttime="20231030 15:17:45.414" endtime="20231030 15:17:45.415"/>
</branch>
<branch type="ELSE IF" condition="${cnt} &gt; 0 and '${type}' == 'percentage'">
<kw name="Random Int" library="FakerLibrary">
<var>${new_text}</var>
<arg>max=100</arg>
<doc>Generate a random integer between two integers ``min`` and ``max`` inclusive
while observing the provided ``step`` value.</doc>
<status status="NOT RUN" starttime="20231030 15:17:45.416" endtime="20231030 15:17:45.416"/>
</kw>
<kw name="Convert To String" library="BuiltIn">
<var>${new_text}</var>
<arg>${new_text}</arg>
<doc>Converts the given item to a Unicode string.</doc>
<status status="NOT RUN" starttime="20231030 15:17:45.416" endtime="20231030 15:17:45.416"/>
</kw>
<status status="NOT RUN" starttime="20231030 15:17:45.415" endtime="20231030 15:17:45.416"/>
</branch>
<branch type="ELSE IF" condition="${cnt} &gt; 0 and '${type}' == 'paragraph'">
<kw name="Paragraph" library="FakerLibrary">
<var>${new_text}</var>
<doc>Generate a paragraph.</doc>
<status status="NOT RUN" starttime="20231030 15:17:45.417" endtime="20231030 15:17:45.417"/>
</kw>
<status status="NOT RUN" starttime="20231030 15:17:45.416" endtime="20231030 15:17:45.417"/>
</branch>
<branch type="ELSE IF" condition="${cnt} &gt; 0 and '${type}' == 'email'">
<kw name="Email" library="FakerLibrary">
<var>${new_text}</var>
<status status="NOT RUN" starttime="20231030 15:17:45.417" endtime="20231030 15:17:45.417"/>
</kw>
<status status="NOT RUN" starttime="20231030 15:17:45.417" endtime="20231030 15:17:45.417"/>
</branch>
<branch type="ELSE IF" condition="${cnt} &gt; 0 and '${type}' == 'phone'">
<kw name="Random Int" library="FakerLibrary">
<var>${new_text}</var>
<arg>min=2000000000</arg>
<arg>max=9999999999</arg>
<doc>Generate a random integer between two integers ``min`` and ``max`` inclusive
while observing the provided ``step`` value.</doc>
<status status="NOT RUN" starttime="20231030 15:17:45.418" endtime="20231030 15:17:45.418"/>
</kw>
<kw name="Convert To String" library="BuiltIn">
<var>${new_text}</var>
<arg>${new_text}</arg>
<doc>Converts the given item to a Unicode string.</doc>
<status status="NOT RUN" starttime="20231030 15:17:45.418" endtime="20231030 15:17:45.418"/>
</kw>
<kw name="Catenate" library="BuiltIn">
<var>${new_text}</var>
<arg>SEPARATOR=</arg>
<arg>0</arg>
<arg>${new_text}</arg>
<doc>Catenates the given items together and returns the resulted string.</doc>
<status status="NOT RUN" starttime="20231030 15:17:45.418" endtime="20231030 15:17:45.418"/>
</kw>
<status status="NOT RUN" starttime="20231030 15:17:45.417" endtime="20231030 15:17:45.418"/>
</branch>
<branch type="ELSE IF" condition="${cnt} &gt; 0 and '${type}' == 'color'">
<kw name="Safe Hex Color" library="FakerLibrary">
<var>${new_text}</var>
<doc>Generate a web-safe color formatted as a hex triplet.</doc>
<status status="NOT RUN" starttime="20231030 15:17:45.419" endtime="20231030 15:17:45.419"/>
</kw>
<status status="NOT RUN" starttime="20231030 15:17:45.419" endtime="20231030 15:17:45.419"/>
</branch>
<branch type="ELSE IF" condition="${cnt} &gt; 0 and &quot;${type}&quot; == 'password'">
<kw name="Password" library="FakerLibrary">
<var>${new_text}</var>
<arg>10</arg>
<arg>True</arg>
<arg>True</arg>
<arg>True</arg>
<arg>True</arg>
<doc>Generate a random password of the specified ``length``.</doc>
<status status="NOT RUN" starttime="20231030 15:17:45.419" endtime="20231030 15:17:45.420"/>
</kw>
<status status="NOT RUN" starttime="20231030 15:17:45.419" endtime="20231030 15:17:45.420"/>
</branch>
<branch type="ELSE IF" condition="${cnt} &gt; 0 and '${type}' == 'date'">
<kw name="Date" library="FakerLibrary">
<var>${new_text}</var>
<arg>pattern=%d-%m-%Y</arg>
<doc>Get a date string between January 1, 1970 and now.</doc>
<status status="NOT RUN" starttime="20231030 15:17:45.423" endtime="20231030 15:17:45.424"/>
</kw>
<status status="NOT RUN" starttime="20231030 15:17:45.420" endtime="20231030 15:17:45.425"/>
</branch>
<branch type="ELSE IF" condition="${cnt} &gt; 0 and '${type}' == 'word'">
<kw name="Sentence" library="FakerLibrary">
<var>${new_text}</var>
<arg>nb_words=2</arg>
<doc>Generate a sentence.</doc>
<status status="NOT RUN" starttime="20231030 15:17:45.426" endtime="20231030 15:17:45.426"/>
</kw>
<status status="NOT RUN" starttime="20231030 15:17:45.425" endtime="20231030 15:17:45.426"/>
</branch>
<branch type="ELSE IF" condition="${cnt} &gt; 0">
<kw name="Sentence" library="FakerLibrary">
<var>${new_text}</var>
<doc>Generate a sentence.</doc>
<status status="NOT RUN" starttime="20231030 15:17:45.427" endtime="20231030 15:17:45.427"/>
</kw>
<status status="NOT RUN" starttime="20231030 15:17:45.426" endtime="20231030 15:17:45.427"/>
</branch>
<status status="PASS" starttime="20231030 15:17:45.412" endtime="20231030 15:17:45.427"/>
</if>
<kw name="Get Length" library="BuiltIn">
<var>${cnt}</var>
<arg>${text}</arg>
<doc>Returns and logs the length of the given item as an integer.</doc>
<msg timestamp="20231030 15:17:45.428" level="INFO">Length is 6</msg>
<msg timestamp="20231030 15:17:45.428" level="INFO">${cnt} = 6</msg>
<status status="PASS" starttime="20231030 15:17:45.428" endtime="20231030 15:17:45.428"/>
</kw>
<if>
<branch type="IF" condition="${cnt} &gt; 0">
<kw name="Replace String" library="String">
<var>${text}</var>
<arg>${text}</arg>
<arg>${symbol}</arg>
<arg>${new_text}</arg>
<doc>Replaces ``search_for`` in the given ``string`` with ``replace_with``.</doc>
<msg timestamp="20231030 15:17:45.429" level="INFO">${text} = 123123</msg>
[...]
<kw name="Click" library="Browser">
<arg>xpath=//button[@title = "${text}"]</arg>
<tag>PageContent</tag>
<tag>Setter</tag>
<doc>Simulates mouse click on the element found by ``selector``.</doc>
<status status="PASS" starttime="20231030 15:18:39.744" endtime="20231030 15:18:40.648"/>
</kw>
<kw name="Click Confirm To Action" library="common">
<kw name="Set Variable" library="BuiltIn">
<var>${element}</var>
<arg>xpath=//*[contains(@class, "ant-popover")]//*[contains(@class, "ant-btn-primary")]</arg>
<doc>Returns the given values which can then be assigned to a variables.</doc>
<msg timestamp="20231030 15:18:40.651" level="INFO">${element} = xpath=//*[contains(@class, "ant-popover")]//*[contains(@class, "ant-btn-primary")]</msg>
<status status="PASS" starttime="20231030 15:18:40.650" endtime="20231030 15:18:40.652"/>
</kw>
<kw name="Get Element Count" library="Browser">
<var>${count}</var>
<arg>${element}</arg>
<tag>Assertion</tag>
<tag>Getter</tag>
<tag>PageContent</tag>
<doc>Returns the count of elements found with ``selector``.</doc>
<msg timestamp="20231030 15:18:40.665" level="INFO">${count} = 0</msg>
<status status="PASS" starttime="20231030 15:18:40.654" endtime="20231030 15:18:40.665"/>
</kw>
<if>
<branch type="IF" condition="${count} &gt; 0">
<kw name="Click" library="Browser">
<arg>${element}</arg>
<tag>PageContent</tag>
<tag>Setter</tag>
<doc>Simulates mouse click on the element found by ``selector``.</doc>
<status status="NOT RUN" starttime="20231030 15:18:40.665" endtime="20231030 15:18:40.665"/>
</kw>
<kw name="Sleep" library="BuiltIn">
<arg>${SHOULD_TIMEOUT}</arg>
<doc>Pauses the test executed for the given time.</doc>
<status status="NOT RUN" starttime="20231030 15:18:40.665" endtime="20231030 15:18:40.665"/>
</kw>
<kw name="Wait Until Element Spin" library="common">
<status status="NOT RUN" starttime="20231030 15:18:40.665" endtime="20231030 15:18:40.665"/>
</kw>
<status status="NOT RUN" starttime="20231030 15:18:40.665" endtime="20231030 15:18:40.665"/>
</branch>
<status status="PASS" starttime="20231030 15:18:40.665" endtime="20231030 15:18:40.665"/>
</if>
<status status="PASS" starttime="20231030 15:18:40.648" endtime="20231030 15:18:40.665"/>
</kw>
<kw name="Scroll By" library="Browser">
<arg>${None}</arg>
<tag>PageContent</tag>
<tag>Setter</tag>
<doc>Scrolls an element or the page relative from current position by the given values.</doc>
<msg timestamp="20231030 15:18:40.709" level="INFO">JavaScript executed successfully.</msg>
<msg timestamp="20231030 15:18:40.709" level="INFO">JavaScript executed successfully.</msg>
<msg timestamp="20231030 15:18:40.747" level="INFO">JavaScript executed successfully.</msg>
<msg timestamp="20231030 15:18:40.747" level="INFO">JavaScript executed successfully.</msg>
<msg timestamp="20231030 15:18:40.758" level="INFO">JavaScript executed successfully.</msg>
<status status="PASS" starttime="20231030 15:18:40.665" endtime="20231030 15:18:40.758"/>
</kw>
<status status="PASS" starttime="20231030 15:18:39.738" endtime="20231030 15:18:40.758"/>
</branch>
<branch type="ELSE">
<kw name="Click" library="Browser">
<arg>//span[contains(text(),"${text}")]</arg>
<tag>PageContent</tag>
<tag>Setter</tag>
<doc>Simulates mouse click on the element found by ``selector``.</doc>
<status status="NOT RUN" starttime="20231030 15:18:40.758" endtime="20231030 15:18:40.758"/>
</kw>
<kw name="Click Confirm To Action" library="common">
<status status="NOT RUN" starttime="20231030 15:18:40.758" endtime="20231030 15:18:40.758"/>
</kw>
<kw name="Scroll By" library="Browser">
<arg>${None}</arg>
<tag>PageContent</tag>
<tag>Setter</tag>
<doc>Scrolls an element or the page relative from current position by the given values.</doc>
<status status="NOT RUN" starttime="20231030 15:18:40.758" endtime="20231030 15:18:40.758"/>
</kw>
<status status="NOT RUN" starttime="20231030 15:18:40.758" endtime="20231030 15:18:40.758"/>
</branch>
<status status="PASS" starttime="20231030 15:18:39.738" endtime="20231030 15:18:40.758"/>
</if>
<status status="PASS" starttime="20231030 15:18:39.637" endtime="20231030 15:18:40.758"/>
</kw>
<kw name="Then &quot;_@Họ và tên@_&quot; table line should be highlighted" library="common" sourcename="&quot;${name}&quot; table line should be highlighted">
<kw name="Wait Until Element Spin" library="common">
<kw name="Sleep" library="BuiltIn">
<arg>${SHOULD_TIMEOUT}</arg>
<doc>Pauses the test executed for the given time.</doc>
<msg timestamp="20231030 15:18:40.858" level="INFO">Slept 100 milliseconds</msg>
<status status="PASS" starttime="20231030 15:18:40.758" endtime="20231030 15:18:40.858"/>
</kw>
<kw name="Set Variable" library="BuiltIn">
<var>${element}</var>
<arg>xpath=//*[contains(@class, "ant-spin-spinning")]</arg>
<doc>Returns the given values which can then be assigned to a variables.</doc>
<msg timestamp="20231030 15:18:40.859" level="INFO">${element} = xpath=//*[contains(@class, "ant-spin-spinning")]</msg>
<status status="PASS" starttime="20231030 15:18:40.858" endtime="20231030 15:18:40.859"/>
</kw>
<kw name="Get Element Count" library="Browser">
<var>${count}</var>
<arg>${element}</arg>
<tag>Assertion</tag>
<tag>Getter</tag>
<tag>PageContent</tag>
<doc>Returns the count of elements found with ``selector``.</doc>
<msg timestamp="20231030 15:18:40.865" level="INFO">${count} = 0</msg>
<status status="PASS" starttime="20231030 15:18:40.859" endtime="20231030 15:18:40.866"/>
</kw>
<if>
<branch type="IF" condition="${count} &gt; 0">
<kw name="Wait Until Page Does Not Contain Element" library="common">
<arg>${element}</arg>
<status status="NOT RUN" starttime="20231030 15:18:40.868" endtime="20231030 15:18:40.869"/>
</kw>
<status status="NOT RUN" starttime="20231030 15:18:40.867" endtime="20231030 15:18:40.869"/>
</branch>
<status status="PASS" starttime="20231030 15:18:40.866" endtime="20231030 15:18:40.870"/>
</if>
<status status="PASS" starttime="20231030 15:18:40.758" endtime="20231030 15:18:40.870"/>
</kw>
<kw name="Check Text" library="common">
<var>${name}</var>
<arg>${name}</arg>
<kw name="Get Regexp Matches" library="String">
<var>${containsS}</var>
<arg>${text}</arg>
<arg>_@(.+)@_</arg>
<arg>1</arg>
<doc>Returns a list of all non-overlapping matches in the given string.</doc>
<msg timestamp="20231030 15:18:40.872" level="INFO">${containsS} = ['Họ và tên']</msg>
<status status="PASS" starttime="20231030 15:18:40.871" endtime="20231030 15:18:40.872"/>
</kw>
<kw name="Get Length" library="BuiltIn">
<var>${cntS}</var>
<arg>${containsS}</arg>
<doc>Returns and logs the length of the given item as an integer.</doc>
<msg timestamp="20231030 15:18:40.872" level="INFO">Length is 1</msg>
<msg timestamp="20231030 15:18:40.873" level="INFO">${cntS} = 1</msg>
<status status="PASS" starttime="20231030 15:18:40.872" endtime="20231030 15:18:40.873"/>
</kw>
<if>
<branch type="IF" condition="${cntS} &gt; 0">
<kw name="Set Variable" library="BuiltIn">
<var>${text}</var>
<arg>${STATE["${containsS[0]}"]}</arg>
<doc>Returns the given values which can then be assigned to a variables.</doc>
<msg timestamp="20231030 15:18:40.874" level="INFO">${text} = CA_04 Reiciendis necessitatibus assumenda.</msg>
<status status="PASS" starttime="20231030 15:18:40.873" endtime="20231030 15:18:40.874"/>
</kw>
<status status="PASS" starttime="20231030 15:18:40.873" endtime="20231030 15:18:40.875"/>
</branch>
<status status="PASS" starttime="20231030 15:18:40.873" endtime="20231030 15:18:40.875"/>
</if>
<msg timestamp="20231030 15:18:40.875" level="INFO">${name} = CA_04 Reiciendis necessitatibus assumenda.</msg>
<status status="PASS" starttime="20231030 15:18:40.870" endtime="20231030 15:18:40.875"/>
</kw>
<kw name="Get Property" library="Browser">
<arg>//button[contains(text(),"${name}")]//ancestor::tr</arg>
<arg>className</arg>
<arg>contains</arg>
<arg>bg-blue-100</arg>
<tag>Assertion</tag>
<tag>Getter</tag>
<tag>PageContent</tag>
<doc>Returns the ``property`` of the element found by ``selector``.</doc>
<msg timestamp="20231030 15:18:40.884" level="INFO">Property: 'bg-blue-100 ant-table-row ng-star-inserted'</msg>
<status status="PASS" starttime="20231030 15:18:40.875" endtime="20231030 15:18:40.884"/>
</kw>
<status status="PASS" starttime="20231030 15:18:40.758" endtime="20231030 15:18:40.884"/>
</kw>
<kw name="When Click on the &quot;Xóa&quot; button in the &quot;_@Họ và tên@_&quot; table line" library="common" sourcename="Click on the &quot;${text}&quot; button in the &quot;${name}&quot; table line">
<kw name="Sleep" library="BuiltIn">
<arg>${SHOULD_TIMEOUT}</arg>
<doc>Pauses the test executed for the given time.</doc>
<msg timestamp="20231030 15:18:41.004" level="INFO">Slept 100 milliseconds</msg>
<status status="PASS" starttime="20231030 15:18:40.902" endtime="20231030 15:18:41.004"/>
</kw>
<kw name="Wait Until Element Spin" library="common">
<kw name="Sleep" library="BuiltIn">
<arg>${SHOULD_TIMEOUT}</arg>
<doc>Pauses the test executed for the given time.</doc>
<msg timestamp="20231030 15:18:41.105" level="INFO">Slept 100 milliseconds</msg>
<status status="PASS" starttime="20231030 15:18:41.004" endtime="20231030 15:18:41.105"/>
</kw>
<kw name="Set Variable" library="BuiltIn">
<var>${element}</var>
<arg>xpath=//*[contains(@class, "ant-spin-spinning")]</arg>
<doc>Returns the given values which can then be assigned to a variables.</doc>
<msg timestamp="20231030 15:18:41.105" level="INFO">${element} = xpath=//*[contains(@class, "ant-spin-spinning")]</msg>
<status status="PASS" starttime="20231030 15:18:41.105" endtime="20231030 15:18:41.105"/>
</kw>
<kw name="Get Element Count" library="Browser">
<var>${count}</var>
<arg>${element}</arg>
<tag>Assertion</tag>
<tag>Getter</tag>
<tag>PageContent</tag>
<doc>Returns the count of elements found with ``selector``.</doc>
<msg timestamp="20231030 15:18:41.105" level="INFO">${count} = 0</msg>
<status status="PASS" starttime="20231030 15:18:41.105" endtime="20231030 15:18:41.105"/>
</kw>
<if>
<branch type="IF" condition="${count} &gt; 0">
<kw name="Wait Until Page Does Not Contain Element" library="common">
<arg>${element}</arg>
<status status="NOT RUN" starttime="20231030 15:18:41.105" endtime="20231030 15:18:41.105"/>
</kw>
<status status="NOT RUN" starttime="20231030 15:18:41.105" endtime="20231030 15:18:41.105"/>
</branch>
<status status="PASS" starttime="20231030 15:18:41.105" endtime="20231030 15:18:41.105"/>
</if>
<status status="PASS" starttime="20231030 15:18:41.004" endtime="20231030 15:18:41.105"/>
</kw>
<kw name="Check Text" library="common">
<var>${name}</var>
<arg>${name}</arg>
<kw name="Get Regexp Matches" library="String">
<var>${containsS}</var>
<arg>${text}</arg>
<arg>_@(.+)@_</arg>
<arg>1</arg>
<doc>Returns a list of all non-overlapping matches in the given string.</doc>
<msg timestamp="20231030 15:18:41.105" level="INFO">${containsS} = ['Họ và tên']</msg>
<status status="PASS" starttime="20231030 15:18:41.105" endtime="20231030 15:18:41.105"/>
</kw>
<kw name="Get Length" library="BuiltIn">
<var>${cntS}</var>
<arg>${containsS}</arg>
<doc>Returns and logs the length of the given item as an integer.</doc>
<msg timestamp="20231030 15:18:41.105" level="INFO">Length is 1</msg>
<msg timestamp="20231030 15:18:41.105" level="INFO">${cntS} = 1</msg>
<status status="PASS" starttime="20231030 15:18:41.105" endtime="20231030 15:18:41.105"/>
</kw>
<if>
<branch type="IF" condition="${cntS} &gt; 0">
<kw name="Set Variable" library="BuiltIn">
<var>${text}</var>
<arg>${STATE["${containsS[0]}"]}</arg>
<doc>Returns the given values which can then be assigned to a variables.</doc>
<msg timestamp="20231030 15:18:41.105" level="INFO">${text} = CA_04 Reiciendis necessitatibus assumenda.</msg>
<status status="PASS" starttime="20231030 15:18:41.105" endtime="20231030 15:18:41.105"/>
</kw>
<status status="PASS" starttime="20231030 15:18:41.105" endtime="20231030 15:18:41.105"/>
</branch>
<status status="PASS" starttime="20231030 15:18:41.105" endtime="20231030 15:18:41.105"/>
</if>
<msg timestamp="20231030 15:18:41.105" level="INFO">${name} = CA_04 Reiciendis necessitatibus assumenda.</msg>
<status status="PASS" starttime="20231030 15:18:41.105" endtime="20231030 15:18:41.105"/>
</kw>
<if>
<branch type="IF" condition="'${text}' == 'Chi tiết'">
<kw name="Get Element Table Item By Name" library="common">
<var>${element1}</var>
<arg>${name}</arg>
<arg>//button[@title = "${text}"]</arg>
<status status="NOT RUN" starttime="20231030 15:18:41.105" endtime="20231030 15:18:41.105"/>
</kw>
<kw name="Get Element Count" library="Browser">
<var>${count}</var>
<arg>${element1}</arg>
<tag>Assertion</tag>
<tag>Getter</tag>
<tag>PageContent</tag>
<doc>Returns the count of elements found with ``selector``.</doc>
<status status="NOT RUN" starttime="20231030 15:18:41.105" endtime="20231030 15:18:41.105"/>
</kw>
<if>
<branch type="IF" condition="${count} &gt; 0">
<kw name="Click" library="Browser">
<arg>${element1}</arg>
<tag>PageContent</tag>
<tag>Setter</tag>
<doc>Simulates mouse click on the element found by ``selector``.</doc>
<status status="NOT RUN" starttime="20231030 15:18:41.105" endtime="20231030 15:18:41.105"/>
</kw>
<status status="NOT RUN" starttime="20231030 15:18:41.105" endtime="20231030 15:18:41.105"/>
</branch>
<branch type="ELSE">
<kw name="Get Element Table Item By Name" library="common">
<var>${elementS}</var>
<arg>${name}</arg>
<arg>//p[contains(text(),"${name}")]</arg>
<status status="NOT RUN" starttime="20231030 15:18:41.105" endtime="20231030 15:18:41.105"/>
</kw>
<kw name="Click" library="Browser">
<arg>${elementS}</arg>
<tag>PageContent</tag>
<tag>Setter</tag>
<doc>Simulates mouse click on the element found by ``selector``.</doc>
<status status="NOT RUN" starttime="20231030 15:18:41.105" endtime="20231030 15:18:41.105"/>
</kw>
<status status="NOT RUN" starttime="20231030 15:18:41.105" endtime="20231030 15:18:41.105"/>
</branch>
<status status="NOT RUN" starttime="20231030 15:18:41.105" endtime="20231030 15:18:41.105"/>
</if>
<status status="NOT RUN" starttime="20231030 15:18:41.105" endtime="20231030 15:18:41.105"/>
</branch>
<branch type="ELSE">
<kw name="Get Element Table Item By Name" library="common">
<var>${element}</var>
<arg>${name}</arg>
<arg>//button[@title = "${text}"]</arg>
<msg timestamp="20231030 15:18:41.105" level="INFO">${element} = xpath=//*[contains(@class, "ant-table-row")]//*[contains(text(),"CA_04 Reiciendis necessitatibus assumenda.")]/ancestor::tr//button[@title = "Xóa"]</msg>
<status status="PASS" starttime="20231030 15:18:41.105" endtime="20231030 15:18:41.105"/>
</kw>
<kw name="Click" library="Browser">
<arg>${element}</arg>
<tag>PageContent</tag>
<tag>Setter</tag>
<doc>Simulates mouse click on the element found by ``selector``.</doc>
<status status="PASS" starttime="20231030 15:18:41.105" endtime="20231030 15:18:41.209"/>
</kw>
<status status="PASS" starttime="20231030 15:18:41.105" endtime="20231030 15:18:41.209"/>
</branch>
<status status="PASS" starttime="20231030 15:18:41.105" endtime="20231030 15:18:41.209"/>
</if>
<kw name="Click Confirm To Action" library="common">
<kw name="Set Variable" library="BuiltIn">
<var>${element}</var>
<arg>xpath=//*[contains(@class, "ant-popover")]//*[contains(@class, "ant-btn-primary")]</arg>
<doc>Returns the given values which can then be assigned to a variables.</doc>
<msg timestamp="20231030 15:18:41.209" level="INFO">${element} = xpath=//*[contains(@class, "ant-popover")]//*[contains(@class, "ant-btn-primary")]</msg>
<status status="PASS" starttime="20231030 15:18:41.209" endtime="20231030 15:18:41.209"/>
</kw>
<kw name="Get Element Count" library="Browser">
<var>${count}</var>
<arg>${element}</arg>
<tag>Assertion</tag>
<tag>Getter</tag>
<tag>PageContent</tag>
<doc>Returns the count of elements found with ``selector``.</doc>
<msg timestamp="20231030 15:18:41.219" level="INFO">${count} = 1</msg>
<status status="PASS" starttime="20231030 15:18:41.209" endtime="20231030 15:18:41.219"/>
</kw>
<if>
<branch type="IF" condition="${count} &gt; 0">
<kw name="Click" library="Browser">
<arg>${element}</arg>
<tag>PageContent</tag>
<tag>Setter</tag>
<doc>Simulates mouse click on the element found by ``selector``.</doc>
<status status="PASS" starttime="20231030 15:18:41.219" endtime="20231030 15:18:41.620"/>
</kw>
<kw name="Sleep" library="BuiltIn">
<arg>${SHOULD_TIMEOUT}</arg>
<doc>Pauses the test executed for the given time.</doc>
<msg timestamp="20231030 15:18:41.721" level="INFO">Slept 100 milliseconds</msg>
<status status="PASS" starttime="20231030 15:18:41.620" endtime="20231030 15:18:41.721"/>
</kw>
<kw name="Wait Until Element Spin" library="common">
<kw name="Sleep" library="BuiltIn">
<arg>${SHOULD_TIMEOUT}</arg>
<doc>Pauses the test executed for the given time.</doc>
<msg timestamp="20231030 15:18:41.824" level="INFO">Slept 100 milliseconds</msg>
<status status="PASS" starttime="20231030 15:18:41.723" endtime="20231030 15:18:41.824"/>
</kw>
<kw name="Set Variable" library="BuiltIn">
<var>${element}</var>
<arg>xpath=//*[contains(@class, "ant-spin-spinning")]</arg>
<doc>Returns the given values which can then be assigned to a variables.</doc>
<msg timestamp="20231030 15:18:41.825" level="INFO">${element} = xpath=//*[contains(@class, "ant-spin-spinning")]</msg>
<status status="PASS" starttime="20231030 15:18:41.824" endtime="20231030 15:18:41.825"/>
</kw>
<kw name="Get Element Count" library="Browser">
<var>${count}</var>
<arg>${element}</arg>
<tag>Assertion</tag>
<tag>Getter</tag>
<tag>PageContent</tag>
<doc>Returns the count of elements found with ``selector``.</doc>
<msg timestamp="20231030 15:18:41.860" level="INFO">${count} = 0</msg>
<status status="PASS" starttime="20231030 15:18:41.825" endtime="20231030 15:18:41.860"/>
</kw>
<if>
<branch type="IF" condition="${count} &gt; 0">
<kw name="Wait Until Page Does Not Contain Element" library="common">
<arg>${element}</arg>
<status status="NOT RUN" starttime="20231030 15:18:41.860" endtime="20231030 15:18:41.860"/>
</kw>
<status status="NOT RUN" starttime="20231030 15:18:41.860" endtime="20231030 15:18:41.860"/>
</branch>
<status status="PASS" starttime="20231030 15:18:41.860" endtime="20231030 15:18:41.860"/>
</if>
<status status="PASS" starttime="20231030 15:18:41.722" endtime="20231030 15:18:41.860"/>
</kw>
<status status="PASS" starttime="20231030 15:18:41.219" endtime="20231030 15:18:41.860"/>
</branch>
<status status="PASS" starttime="20231030 15:18:41.219" endtime="20231030 15:18:41.860"/>
</if>
<status status="PASS" starttime="20231030 15:18:41.209" endtime="20231030 15:18:41.860"/>
</kw>
<kw name="Wait Until Network Is Idle" library="Browser">
<tag>HTTP</tag>
<tag>Wait</tag>
<doc>Waits until there has been at least one instance of 500 ms of no network traffic on the page after loading.</doc>
<status status="PASS" starttime="20231030 15:18:41.860" endtime="20231030 15:18:41.876"/>
</kw>
<status status="PASS" starttime="20231030 15:18:40.901" endtime="20231030 15:18:41.876"/>
</kw>
<kw name="Tear Down" library="common" type="TEARDOWN">
<kw name="Close Browser" library="Browser">
<arg>ALL</arg>
<tag>BrowserControl</tag>
<tag>Setter</tag>
<doc>Closes the current browser.</doc>
<msg timestamp="20231030 15:18:42.823" level="INFO">Closed all browsers</msg>
<status status="PASS" starttime="20231030 15:18:41.876" endtime="20231030 15:18:42.823"/>
</kw>
<status status="PASS" starttime="20231030 15:18:41.876" endtime="20231030 15:18:42.823"/>
</kw>
<tag>MainPage</tag>
<tag>UI</tag>
<status status="PASS" starttime="20231030 15:18:23.695" endtime="20231030 15:18:42.823"/>
</test>
<status status="PASS" starttime="20231030 15:17:20.616" endtime="20231030 15:18:42.823"/>
</suite>
<statistics>
<total>
<stat pass="4" fail="0" skip="0">All Tests</stat>
</total>
<tag>
<stat pass="4" fail="0" skip="0">MainPage</stat>
<stat pass="3" fail="0" skip="0">Smoketest</stat>
<stat pass="4" fail="0" skip="0">UI</stat>
</tag>
<suite>
<stat pass="4" fail="0" skip="0" id="s1" name="Customer Account">Customer Account</stat>
</suite>
</statistics>
<errors>
</errors>
</robot>
