<?xml version="1.0" encoding="UTF-8"?>
<robot generator="Robot 6.1.1 (Python 3.11.4 on win32)" generated="20231005 08:16:42.289" rpa="false" schemaversion="4">
<suite id="s1" name="Login" source="d:\Intern test\Automation\Auto_Web\testcases\login.robot">
<test id="s1-t1" name="LO_02 Verify showing password when click on eye icon in &quot;Mật khẩu&quot; field" line="10">
<kw name="Setup" library="common" type="SETUP">
<kw name="Set Browser Timeout" library="Browser">
<arg>${BROWSER_TIMEOUT}</arg>
<tag>Config</tag>
<tag>Setter</tag>
<doc>Sets the timeout used by most input and getter keywords.</doc>
<status status="PASS" starttime="20231005 08:16:46.345" endtime="20231005 08:16:46.359"/>
</kw>
<kw name="New Browser" library="Browser">
<arg>${BROWSER}</arg>
<arg>headless=${HEADLESS}</arg>
<tag>BrowserControl</tag>
<tag>Setter</tag>
<doc>Create a new playwright Browser with specified options.</doc>
<msg timestamp="20231005 08:16:46.361" level="INFO">{"browser": "chromium", "headless": false, "chromiumSandbox": false, "devtools": false, "handleSIGHUP": true, "handleSIGINT": true, "handleSIGTERM": true, "ignoreDefaultArgs": false, "slowMo": 0.0, "timeout": 30000.0, "tracesDir": "D:\\Intern test\\Automation\\browser\\traces\\d8cc2968-ddab-4ce7-ac93-688a74659c4e"}</msg>
<msg timestamp="20231005 08:16:49.160" level="INFO">Successfully created browser with options: {"browser":"chromium","headless":false,"chromiumSandbox":false,"devtools":false,"handleSIGHUP":true,"handleSIGINT":true,"handleSIGTERM":true,"ignoreDefaultArgs":false,"slowMo":0,"timeout":30000,"tracesDir":"D:\\Intern test\\Automation\\browser\\traces\\d8cc2968-ddab-4ce7-ac93-688a74659c4e"}</msg>
<status status="PASS" starttime="20231005 08:16:46.360" endtime="20231005 08:16:49.160"/>
</kw>
<kw name="New Page" library="Browser">
<arg>${URL_DEFAULT}</arg>
<tag>BrowserControl</tag>
<tag>Setter</tag>
<doc>Open a new Page.</doc>
<msg timestamp="20231005 08:16:53.184" level="INFO">Successfully initialized new page object and opened url: http://dev1.geneat.vn:7802/vn</msg>
<msg timestamp="20231005 08:16:53.185" level="INFO">No context was open. New context was automatically opened when this page is created.</msg>
<status status="PASS" starttime="20231005 08:16:49.161" endtime="20231005 08:16:53.186"/>
</kw>
<kw name="Evaluate" library="BuiltIn">
<var>${STATE}</var>
<arg>json.loads('''{}''')</arg>
<arg>json</arg>
<doc>Evaluates the given expression in Python and returns the result.</doc>
<msg timestamp="20231005 08:16:53.188" level="INFO">${STATE} = {}</msg>
<status status="PASS" starttime="20231005 08:16:53.187" endtime="20231005 08:16:53.189"/>
</kw>
<status status="PASS" starttime="20231005 08:16:46.344" endtime="20231005 08:16:53.189"/>
</kw>
<kw name="When Enter &quot;password&quot; in &quot;Mật khẩu&quot; with &quot;_RANDOM_&quot;" library="common" sourcename="Enter &quot;${type}&quot; in &quot;${name}&quot; with &quot;${text}&quot;">
<kw name="Get Random Text" library="common">
<var>${text}</var>
<arg>${type}</arg>
<arg>${text}</arg>
<kw name="Set Variable" library="BuiltIn">
<var>${symbol}</var>
<arg>_RANDOM_</arg>
<doc>Returns the given values which can then be assigned to a variables.</doc>
<msg timestamp="20231005 08:16:53.210" level="INFO">${symbol} = _RANDOM_</msg>
<status status="PASS" starttime="20231005 08:16:53.209" endtime="20231005 08:16:53.211"/>
</kw>
<kw name="Set Variable" library="BuiltIn">
<var>${new_text}</var>
<doc>Returns the given values which can then be assigned to a variables.</doc>
<msg timestamp="20231005 08:16:53.213" level="INFO">${new_text} = </msg>
<status status="PASS" starttime="20231005 08:16:53.212" endtime="20231005 08:16:53.213"/>
</kw>
<kw name="Get Regexp Matches" library="String">
<var>${containsS}</var>
<arg>${text}</arg>
<arg>_@(.+)@_</arg>
<arg>1</arg>
<doc>Returns a list of all non-overlapping matches in the given string.</doc>
<msg timestamp="20231005 08:16:53.217" level="INFO">${containsS} = []</msg>
<status status="PASS" starttime="20231005 08:16:53.215" endtime="20231005 08:16:53.217"/>
</kw>
<kw name="Get Length" library="BuiltIn">
<var>${cntS}</var>
<arg>${containsS}</arg>
<doc>Returns and logs the length of the given item as an integer.</doc>
<msg timestamp="20231005 08:16:53.219" level="INFO">Length is 0</msg>
<msg timestamp="20231005 08:16:53.220" level="INFO">${cntS} = 0</msg>
<status status="PASS" starttime="20231005 08:16:53.218" endtime="20231005 08:16:53.220"/>
</kw>
<kw name="Get Regexp Matches" library="String">
<var>${contains}</var>
<arg>${text}</arg>
<arg>${symbol}</arg>
<doc>Returns a list of all non-overlapping matches in the given string.</doc>
<msg timestamp="20231005 08:16:53.222" level="INFO">${contains} = ['_RANDOM_']</msg>
<status status="PASS" starttime="20231005 08:16:53.221" endtime="20231005 08:16:53.222"/>
</kw>
<kw name="Get Length" library="BuiltIn">
<var>${cnt}</var>
<arg>${contains}</arg>
<doc>Returns and logs the length of the given item as an integer.</doc>
<msg timestamp="20231005 08:16:53.224" level="INFO">Length is 1</msg>
<msg timestamp="20231005 08:16:53.224" level="INFO">${cnt} = 1</msg>
<status status="PASS" starttime="20231005 08:16:53.223" endtime="20231005 08:16:53.225"/>
</kw>
<if>
<branch type="IF" condition="${cntS} &gt; 0">
<kw name="Set Variable" library="BuiltIn">
<var>${new_text}</var>
<arg>${STATE["${containsS[0]}"]}</arg>
<doc>Returns the given values which can then be assigned to a variables.</doc>
<status status="NOT RUN" starttime="20231005 08:16:53.227" endtime="20231005 08:16:53.228"/>
</kw>
<kw name="Set Variable" library="BuiltIn">
<var>${symbol}</var>
<arg>_@${containsS[0]}@_</arg>
<doc>Returns the given values which can then be assigned to a variables.</doc>
<status status="NOT RUN" starttime="20231005 08:16:53.229" endtime="20231005 08:16:53.229"/>
</kw>
<status status="NOT RUN" starttime="20231005 08:16:53.226" endtime="20231005 08:16:53.230"/>
</branch>
<branch type="ELSE IF" condition="${cnt} &gt; 0 and '${type}' == 'test name'">
<kw name="Sentence" library="FakerLibrary">
<var>${random}</var>
<arg>nb_words=3</arg>
<doc>Generate a sentence.</doc>
<status status="NOT RUN" starttime="20231005 08:16:53.233" endtime="20231005 08:16:53.236"/>
</kw>
<kw name="Split String" library="String">
<var>${words}</var>
<arg>${TEST NAME}</arg>
<arg>${SPACE}</arg>
<doc>Splits the ``string`` using ``separator`` as a delimiter string.</doc>
<status status="NOT RUN" starttime="20231005 08:16:53.237" endtime="20231005 08:16:53.238"/>
</kw>
<kw name="Set Variable" library="BuiltIn">
<var>${new_text}</var>
<arg>${words[0]} ${random}</arg>
<doc>Returns the given values which can then be assigned to a variables.</doc>
<status status="NOT RUN" starttime="20231005 08:16:53.239" endtime="20231005 08:16:53.240"/>
</kw>
<status status="NOT RUN" starttime="20231005 08:16:53.232" endtime="20231005 08:16:53.240"/>
</branch>
<branch type="ELSE IF" condition="${cnt} &gt; 0 and '${type}' == 'number'">
<kw name="Random Int" library="FakerLibrary">
<var>${new_text}</var>
<doc>Generate a random integer between two integers ``min`` and ``max`` inclusive
while observing the provided ``step`` value.</doc>
<status status="NOT RUN" starttime="20231005 08:16:53.242" endtime="20231005 08:16:53.243"/>
</kw>
<kw name="Convert To String" library="BuiltIn">
<var>${new_text}</var>
<arg>${new_text}</arg>
<doc>Converts the given item to a Unicode string.</doc>
<status status="NOT RUN" starttime="20231005 08:16:53.244" endtime="20231005 08:16:53.244"/>
</kw>
<status status="NOT RUN" starttime="20231005 08:16:53.241" endtime="20231005 08:16:53.245"/>
</branch>
<branch type="ELSE IF" condition="${cnt} &gt; 0 and '${type}' == 'percentage'">
<kw name="Random Int" library="FakerLibrary">
<var>${new_text}</var>
<arg>max=100</arg>
<doc>Generate a random integer between two integers ``min`` and ``max`` inclusive
while observing the provided ``step`` value.</doc>
<status status="NOT RUN" starttime="20231005 08:16:53.249" endtime="20231005 08:16:53.249"/>
</kw>
<kw name="Convert To String" library="BuiltIn">
<var>${new_text}</var>
<arg>${new_text}</arg>
<doc>Converts the given item to a Unicode string.</doc>
<status status="NOT RUN" starttime="20231005 08:16:53.250" endtime="20231005 08:16:53.251"/>
</kw>
<status status="NOT RUN" starttime="20231005 08:16:53.245" endtime="20231005 08:16:53.251"/>
</branch>
<branch type="ELSE IF" condition="${cnt} &gt; 0 and '${type}' == 'paragraph'">
<kw name="Paragraph" library="FakerLibrary">
<var>${new_text}</var>
<doc>Generate a paragraph.</doc>
<status status="NOT RUN" starttime="20231005 08:16:53.252" endtime="20231005 08:16:53.253"/>
</kw>
<status status="NOT RUN" starttime="20231005 08:16:53.251" endtime="20231005 08:16:53.253"/>
</branch>
<branch type="ELSE IF" condition="${cnt} &gt; 0 and '${type}' == 'email'">
<kw name="Email" library="FakerLibrary">
<var>${new_text}</var>
<status status="NOT RUN" starttime="20231005 08:16:53.254" endtime="20231005 08:16:53.258"/>
</kw>
<status status="NOT RUN" starttime="20231005 08:16:53.253" endtime="20231005 08:16:53.258"/>
</branch>
<branch type="ELSE IF" condition="${cnt} &gt; 0 and '${type}' == 'phone'">
<kw name="Random Int" library="FakerLibrary">
<var>${new_text}</var>
<arg>min=2000000000</arg>
<arg>max=9999999999</arg>
<doc>Generate a random integer between two integers ``min`` and ``max`` inclusive
while observing the provided ``step`` value.</doc>
<status status="NOT RUN" starttime="20231005 08:16:53.260" endtime="20231005 08:16:53.261"/>
</kw>
<kw name="Convert To String" library="BuiltIn">
<var>${new_text}</var>
<arg>${new_text}</arg>
<doc>Converts the given item to a Unicode string.</doc>
<status status="NOT RUN" starttime="20231005 08:16:53.262" endtime="20231005 08:16:53.262"/>
</kw>
<kw name="Catenate" library="BuiltIn">
<var>${new_text}</var>
<arg>SEPARATOR=</arg>
<arg>0</arg>
<arg>${new_text}</arg>
<doc>Catenates the given items together and returns the resulted string.</doc>
<status status="NOT RUN" starttime="20231005 08:16:53.265" endtime="20231005 08:16:53.267"/>
</kw>
<status status="NOT RUN" starttime="20231005 08:16:53.259" endtime="20231005 08:16:53.268"/>
</branch>
<branch type="ELSE IF" condition="${cnt} &gt; 0 and '${type}' == 'color'">
<kw name="Safe Hex Color" library="FakerLibrary">
<var>${new_text}</var>
<doc>Generate a web-safe color formatted as a hex triplet.</doc>
<status status="NOT RUN" starttime="20231005 08:16:53.270" endtime="20231005 08:16:53.270"/>
</kw>
<status status="NOT RUN" starttime="20231005 08:16:53.269" endtime="20231005 08:16:53.271"/>
</branch>
<branch type="ELSE IF" condition="${cnt} &gt; 0 and &quot;${type}&quot; == 'password'">
<kw name="Password" library="FakerLibrary">
<var>${new_text}</var>
<arg>10</arg>
<arg>True</arg>
<arg>True</arg>
<arg>True</arg>
<arg>True</arg>
<doc>Generate a random password of the specified ``length``.</doc>
<msg timestamp="20231005 08:16:53.273" level="INFO">${new_text} = +17BiAmBNk</msg>
<status status="PASS" starttime="20231005 08:16:53.272" endtime="20231005 08:16:53.274"/>
</kw>
<status status="PASS" starttime="20231005 08:16:53.271" endtime="20231005 08:16:53.274"/>
</branch>
<branch type="ELSE IF" condition="${cnt} &gt; 0 and '${type}' == 'date'">
<kw name="Date" library="FakerLibrary">
<var>${new_text}</var>
<arg>pattern=%d-%m-%Y</arg>
<doc>Get a date string between January 1, 1970 and now.</doc>
<status status="NOT RUN" starttime="20231005 08:16:53.275" endtime="20231005 08:16:53.284"/>
</kw>
<status status="NOT RUN" starttime="20231005 08:16:53.275" endtime="20231005 08:16:53.284"/>
</branch>
<branch type="ELSE IF" condition="${cnt} &gt; 0 and '${type}' == 'word'">
<kw name="Sentence" library="FakerLibrary">
<var>${new_text}</var>
<arg>nb_words=2</arg>
<doc>Generate a sentence.</doc>
<status status="NOT RUN" starttime="20231005 08:16:53.285" endtime="20231005 08:16:53.285"/>
</kw>
<status status="NOT RUN" starttime="20231005 08:16:53.284" endtime="20231005 08:16:53.286"/>
</branch>
<branch type="ELSE IF" condition="${cnt} &gt; 0">
<kw name="Sentence" library="FakerLibrary">
<var>${new_text}</var>
<doc>Generate a sentence.</doc>
<status status="NOT RUN" starttime="20231005 08:16:53.287" endtime="20231005 08:16:53.287"/>
</kw>
<status status="NOT RUN" starttime="20231005 08:16:53.286" endtime="20231005 08:16:53.288"/>
</branch>
<status status="PASS" starttime="20231005 08:16:53.225" endtime="20231005 08:16:53.288"/>
</if>
<kw name="Get Length" library="BuiltIn">
<var>${cnt}</var>
<arg>${text}</arg>
<doc>Returns and logs the length of the given item as an integer.</doc>
<msg timestamp="20231005 08:16:53.289" level="INFO">Length is 8</msg>
<msg timestamp="20231005 08:16:53.290" level="INFO">${cnt} = 8</msg>
<status status="PASS" starttime="20231005 08:16:53.288" endtime="20231005 08:16:53.290"/>
</kw>
<if>
<branch type="IF" condition="${cnt} &gt; 0">
<kw name="Replace String" library="String">
<var>${text}</var>
<arg>${text}</arg>
<arg>${symbol}</arg>
<arg>${new_text}</arg>
<doc>Replaces ``search_for`` in the given ``string`` with ``replace_with``.</doc>
<msg timestamp="20231005 08:16:53.306" level="INFO">${text} = +17BiAmBNk</msg>
<status status="PASS" starttime="20231005 08:16:53.295" endtime="20231005 08:16:53.306"/>
</kw>
<status status="PASS" starttime="20231005 08:16:53.291" endtime="20231005 08:16:53.307"/>
</branch>
<status status="PASS" starttime="20231005 08:16:53.290" endtime="20231005 08:16:53.307"/>
</if>
<msg timestamp="20231005 08:16:53.313" level="INFO">${text} = +17BiAmBNk</msg>
<status status="PASS" starttime="20231005 08:16:53.207" endtime="20231005 08:16:53.317"/>
</kw>
<kw name="Get Element Form Item By Name" library="common">
<var>${element}</var>
<arg>${name}</arg>
<arg>//input[contains(@class, "ant-input")]</arg>
<msg timestamp="20231005 08:16:53.320" level="INFO">${element} = xpath=//*[contains(@class, "ant-form-item-label")]/label[text()="Mật khẩu"]/../../*[contains(@class, "ant-form-item")]//input[contains(@class, "ant-input")]</msg>
<status status="PASS" starttime="20231005 08:16:53.318" endtime="20231005 08:16:53.322"/>
</kw>
<kw name="Clear Text" library="Browser">
<arg>${element}</arg>
<tag>PageContent</tag>
<tag>Setter</tag>
<doc>Clears the text field found by ``selector``.</doc>
<status status="PASS" starttime="20231005 08:16:53.323" endtime="20231005 08:16:53.566"/>
</kw>
<kw name="Fill Text" library="Browser">
<arg>${element}</arg>
<arg>${text}</arg>
<arg>True</arg>
<tag>PageContent</tag>
<tag>Setter</tag>
<doc>Clears and fills the given ``txt`` into the text field found by ``selector``.</doc>
<msg timestamp="20231005 08:16:53.568" level="INFO">Fills the text '+17BiAmBNk' in the given field.</msg>
<status status="PASS" starttime="20231005 08:16:53.567" endtime="20231005 08:16:53.661"/>
</kw>
<kw name="Get Length" library="BuiltIn">
<var>${cnt}</var>
<arg>${text}</arg>
<doc>Returns and logs the length of the given item as an integer.</doc>
<msg timestamp="20231005 08:16:53.663" level="INFO">Length is 10</msg>
<msg timestamp="20231005 08:16:53.665" level="INFO">${cnt} = 10</msg>
<status status="PASS" starttime="20231005 08:16:53.662" endtime="20231005 08:16:53.666"/>
</kw>
<if>
<branch type="IF" condition="${cnt} &gt; 0">
<kw name="Set Global Variable" library="BuiltIn">
<arg>${STATE["${name}"]}</arg>
<arg>${text}</arg>
<doc>Makes a variable available globally in all tests and suites.</doc>
<msg timestamp="20231005 08:16:53.672" level="INFO">${STATE["Mật khẩu"]} = +17BiAmBNk</msg>
<status status="PASS" starttime="20231005 08:16:53.669" endtime="20231005 08:16:53.672"/>
</kw>
<status status="PASS" starttime="20231005 08:16:53.668" endtime="20231005 08:16:53.673"/>
</branch>
<status status="PASS" starttime="20231005 08:16:53.668" endtime="20231005 08:16:53.673"/>
</if>
<status status="PASS" starttime="20231005 08:16:53.206" endtime="20231005 08:16:53.674"/>
</kw>
<kw name="When Click on eye icon in &quot;Mật khẩu&quot; field" library="common" sourcename="Click on eye icon in &quot;${name}&quot; field">
<kw name="Wait Until Element Spin" library="common">
<kw name="Sleep" library="BuiltIn">
<arg>${SHOULD_TIMEOUT}</arg>
<doc>Pauses the test executed for the given time.</doc>
<msg timestamp="20231005 08:16:53.785" level="INFO">Slept 100 milliseconds</msg>
<status status="PASS" starttime="20231005 08:16:53.679" endtime="20231005 08:16:53.786"/>
</kw>
<kw name="Set Variable" library="BuiltIn">
<var>${element}</var>
<arg>xpath=//*[contains(@class, "ant-spin-spinning")]</arg>
<doc>Returns the given values which can then be assigned to a variables.</doc>
<msg timestamp="20231005 08:16:53.787" level="INFO">${element} = xpath=//*[contains(@class, "ant-spin-spinning")]</msg>
<status status="PASS" starttime="20231005 08:16:53.786" endtime="20231005 08:16:53.787"/>
</kw>
<kw name="Get Element Count" library="Browser">
<var>${count}</var>
<arg>${element}</arg>
<tag>Assertion</tag>
<tag>Getter</tag>
<tag>PageContent</tag>
<doc>Returns the count of elements found with ``selector``.</doc>
<msg timestamp="20231005 08:16:53.810" level="INFO">${count} = 0</msg>
<status status="PASS" starttime="20231005 08:16:53.788" endtime="20231005 08:16:53.810"/>
</kw>
<if>
<branch type="IF" condition="${count} &gt; 0">
<kw name="Wait Until Page Does Not Contain Element" library="common">
<arg>${element}</arg>
<status status="NOT RUN" starttime="20231005 08:16:53.812" endtime="20231005 08:16:53.813"/>
</kw>
<status status="NOT RUN" starttime="20231005 08:16:53.811" endtime="20231005 08:16:53.813"/>
</branch>
<status status="PASS" starttime="20231005 08:16:53.811" endtime="20231005 08:16:53.817"/>
</if>
<status status="PASS" starttime="20231005 08:16:53.677" endtime="20231005 08:16:53.818"/>
</kw>
<kw name="Get Element" library="Browser">
<var>${element}</var>
<arg>//*[contains(@class, "ant-form-item-label")]/label[text()="${name}"]/../../*[contains(@class, "ant-form-item")]//input//ancestor::div[contains(@class, 'relative ng-star-inserted')]</arg>
<tag>Getter</tag>
<tag>PageContent</tag>
<doc>Returns a reference to a Playwright [https://playwright.dev/docs/api/class-locator|Locator].</doc>
<msg timestamp="20231005 08:16:53.841" level="INFO">Locator found successfully.</msg>
<msg timestamp="20231005 08:16:53.842" level="INFO">${element} = //*[contains(@class, "ant-form-item-label")]/label[text()="Mật khẩu"]/../../*[contains(@class, "ant-form-item")]//input//ancestor::div[contains(@class, 'relative ng-star-inserted')]</msg>
<status status="PASS" starttime="20231005 08:16:53.819" endtime="20231005 08:16:53.842"/>
</kw>
<kw name="Click" library="Browser">
<arg>${element}/i[contains(@class, "la-eye-slash")]</arg>
<tag>PageContent</tag>
<tag>Setter</tag>
<doc>Simulates mouse click on the element found by ``selector``.</doc>
<status status="PASS" starttime="20231005 08:16:53.843" endtime="20231005 08:16:54.060"/>
</kw>
<kw name="Sleep" library="BuiltIn">
<arg>${SHOULD_TIMEOUT}</arg>
<doc>Pauses the test executed for the given time.</doc>
<msg timestamp="20231005 08:16:54.163" level="INFO">Slept 100 milliseconds</msg>
<status status="PASS" starttime="20231005 08:16:54.061" endtime="20231005 08:16:54.163"/>
</kw>
<status status="PASS" starttime="20231005 08:16:53.676" endtime="20231005 08:16:54.164"/>
</kw>
<kw name="Then The hidden password in &quot;Mật khẩu&quot; field should be visibled as &quot;_@Mật khẩu@_&quot;" library="common" sourcename="The hidden password in &quot;${name}&quot; field should be visibled as &quot;${text}&quot;">
<kw name="Check Text" library="common">
<var>${text}</var>
<arg>${text}</arg>
<kw name="Get Regexp Matches" library="String">
<var>${containsS}</var>
<arg>${text}</arg>
<arg>_@(.+)@_</arg>
<arg>1</arg>
<doc>Returns a list of all non-overlapping matches in the given string.</doc>
<msg timestamp="20231005 08:16:54.179" level="INFO">${containsS} = ['Mật khẩu']</msg>
<status status="PASS" starttime="20231005 08:16:54.178" endtime="20231005 08:16:54.180"/>
</kw>
<kw name="Get Length" library="BuiltIn">
<var>${cntS}</var>
<arg>${containsS}</arg>
<doc>Returns and logs the length of the given item as an integer.</doc>
<msg timestamp="20231005 08:16:54.184" level="INFO">Length is 1</msg>
<msg timestamp="20231005 08:16:54.185" level="INFO">${cntS} = 1</msg>
<status status="PASS" starttime="20231005 08:16:54.180" endtime="20231005 08:16:54.185"/>
</kw>
<if>
<branch type="IF" condition="${cntS} &gt; 0">
<kw name="Set Variable" library="BuiltIn">
<var>${text}</var>
<arg>${STATE["${containsS[0]}"]}</arg>
<doc>Returns the given values which can then be assigned to a variables.</doc>
<msg timestamp="20231005 08:16:54.189" level="INFO">${text} = +17BiAmBNk</msg>
<status status="PASS" starttime="20231005 08:16:54.187" endtime="20231005 08:16:54.190"/>
</kw>
<status status="PASS" starttime="20231005 08:16:54.186" endtime="20231005 08:16:54.190"/>
</branch>
<status status="PASS" starttime="20231005 08:16:54.186" endtime="20231005 08:16:54.191"/>
</if>
<msg timestamp="20231005 08:16:54.191" level="INFO">${text} = +17BiAmBNk</msg>
<status status="PASS" starttime="20231005 08:16:54.177" endtime="20231005 08:16:54.192"/>
</kw>
<kw name="Get Element" library="Browser">
<var>${element}</var>
<arg>//*[contains(@class, "ant-form-item-label")]/label[text()="${name}"]/../../*[contains(@class, "ant-form-item")]//input</arg>
<tag>Getter</tag>
<tag>PageContent</tag>
<doc>Returns a reference to a Playwright [https://playwright.dev/docs/api/class-locator|Locator].</doc>
<msg timestamp="20231005 08:16:54.213" level="INFO">Locator found successfully.</msg>
<msg timestamp="20231005 08:16:54.214" level="INFO">${element} = //*[contains(@class, "ant-form-item-label")]/label[text()="Mật khẩu"]/../../*[contains(@class, "ant-form-item")]//input</msg>
<status status="PASS" starttime="20231005 08:16:54.192" endtime="20231005 08:16:54.218"/>
</kw>
<kw name="Get Property" library="Browser">
<arg>${element}</arg>
<arg>type</arg>
<arg>==</arg>
<arg>text</arg>
<tag>Assertion</tag>
<tag>Getter</tag>
<tag>PageContent</tag>
<doc>Returns the ``property`` of the element found by ``selector``.</doc>
<msg timestamp="20231005 08:16:54.283" level="INFO">Property: 'text'</msg>
<status status="PASS" starttime="20231005 08:16:54.219" endtime="20231005 08:16:54.285"/>
</kw>
<kw name="Get Text" library="Browser">
<arg>${element}</arg>
<arg>equal</arg>
<arg>${text}</arg>
<tag>Assertion</tag>
<tag>Getter</tag>
<tag>PageContent</tag>
<doc>Returns text attribute of the element found by ``selector``.</doc>
<msg timestamp="20231005 08:16:54.323" level="INFO">Text: '+17BiAmBNk'</msg>
<status status="PASS" starttime="20231005 08:16:54.286" endtime="20231005 08:16:54.324"/>
</kw>
<status status="PASS" starttime="20231005 08:16:54.175" endtime="20231005 08:16:54.324"/>
</kw>
<kw name="Tear Down" library="common" type="TEARDOWN">
<kw name="Close Browser" library="Browser">
<arg>ALL</arg>
<tag>BrowserControl</tag>
<tag>Setter</tag>
<doc>Closes the current browser.</doc>
<msg timestamp="20231005 08:16:55.091" level="INFO">Closed all browsers</msg>
<status status="PASS" starttime="20231005 08:16:54.327" endtime="20231005 08:16:55.092"/>
</kw>
<status status="PASS" starttime="20231005 08:16:54.325" endtime="20231005 08:16:55.092"/>
</kw>
<tag>MainPage</tag>
<tag>UI</tag>
<status status="PASS" starttime="20231005 08:16:46.337" endtime="20231005 08:16:55.093"/>
</test>
<status status="PASS" starttime="20231005 08:16:42.301" endtime="20231005 08:16:55.107"/>
</suite>
<statistics>
<total>
<stat pass="1" fail="0" skip="0">All Tests</stat>
</total>
<tag>
<stat pass="1" fail="0" skip="0">MainPage</stat>
<stat pass="1" fail="0" skip="0">UI</stat>
</tag>
<suite>
<stat pass="1" fail="0" skip="0" id="s1" name="Login">Login</stat>
</suite>
</statistics>
<errors>
</errors>
</robot>
