<?xml version="1.0" encoding="UTF-8"?>
<robot generator="Robot 6.1.1 (Python 3.11.4 on win32)" generated="20231123 16:41:09.991" rpa="false" schemaversion="4">
<suite id="s1" name="Post" source="d:\TESTER\Automation\Auto_Web\testcases\post.robot">
<test id="s1-t1" name="PO_05 Verify that navigating to the right &quot;Edit post&quot; page" line="58">
<kw name="Setup" library="common" type="SETUP">
<kw name="Set Browser Timeout" library="Browser">
<arg>${BROWSER_TIMEOUT}</arg>
<tag>Config</tag>
<tag>Setter</tag>
<doc>Sets the timeout used by most input and getter keywords.</doc>
<status status="PASS" starttime="20231123 16:41:12.406" endtime="20231123 16:41:12.407"/>
</kw>
<kw name="New Browser" library="Browser">
<arg>${BROWSER}</arg>
<arg>headless=${HEADLESS}</arg>
<tag>BrowserControl</tag>
<tag>Setter</tag>
<doc>Create a new playwright Browser with specified options.</doc>
<msg timestamp="20231123 16:41:12.408" level="INFO">{"browser": "chromium", "headless": false, "chromiumSandbox": false, "devtools": false, "handleSIGHUP": true, "handleSIGINT": true, "handleSIGTERM": true, "slowMo": 0.0, "timeout": 30000.0, "tracesDir": "D:\\TESTER\\Automation\\browser\\traces\\1797b542-1a5d-4334-9f51-b84ab880e151"}</msg>
<msg timestamp="20231123 16:41:13.775" level="INFO">Successfully created browser with options: {"browser":"chromium","headless":false,"chromiumSandbox":false,"devtools":false,"handleSIGHUP":true,"handleSIGINT":true,"handleSIGTERM":true,"slowMo":0,"timeout":30000,"tracesDir":"D:\\TESTER\\Automation\\browser\\traces\\1797b542-1a5d-4334-9f51-b84ab880e151"}</msg>
<status status="PASS" starttime="20231123 16:41:12.407" endtime="20231123 16:41:13.776"/>
</kw>
<kw name="New Page" library="Browser">
<arg>${URL_DEFAULT}</arg>
<tag>BrowserControl</tag>
<tag>Setter</tag>
<doc>Open a new Page.</doc>
<msg timestamp="20231123 16:41:17.237" level="INFO">Successfully initialized new page object and opened url: http://dev1.geneat.vn:7802/#/vn</msg>
<msg timestamp="20231123 16:41:17.238" level="INFO">No context was open. New context was automatically opened when this page is created.</msg>
<status status="PASS" starttime="20231123 16:41:13.777" endtime="20231123 16:41:17.239"/>
</kw>
<kw name="Evaluate" library="BuiltIn">
<var>${STATE}</var>
<arg>json.loads('''{}''')</arg>
<arg>json</arg>
<doc>Evaluates the given expression in Python and returns the result.</doc>
<msg timestamp="20231123 16:41:17.242" level="INFO">${STATE} = {}</msg>
<status status="PASS" starttime="20231123 16:41:17.240" endtime="20231123 16:41:17.243"/>
</kw>
<status status="PASS" starttime="20231123 16:41:12.404" endtime="20231123 16:41:17.245"/>
</kw>
<kw name="Create a category with &quot;Cate1&quot; name" sourcename="Create a category with &quot;${name}&quot; name">
<kw name="Check Text" library="common">
<var>${name}</var>
<arg>${name}</arg>
<kw name="Get Regexp Matches" library="String">
<var>${containsS}</var>
<arg>${text}</arg>
<arg>_@(.+)@_</arg>
<arg>1</arg>
<doc>Returns a list of all non-overlapping matches in the given string.</doc>
<msg timestamp="20231123 16:41:17.284" level="INFO">${containsS} = []</msg>
<status status="PASS" starttime="20231123 16:41:17.283" endtime="20231123 16:41:17.285"/>
</kw>
<kw name="Get Length" library="BuiltIn">
<var>${cntS}</var>
<arg>${containsS}</arg>
<doc>Returns and logs the length of the given item as an integer.</doc>
<msg timestamp="20231123 16:41:17.286" level="INFO">Length is 0</msg>
<msg timestamp="20231123 16:41:17.287" level="INFO">${cntS} = 0</msg>
<status status="PASS" starttime="20231123 16:41:17.285" endtime="20231123 16:41:17.287"/>
</kw>
<if>
<branch type="IF" condition="${cntS} &gt; 0">
<kw name="Set Variable" library="BuiltIn">
<var>${text}</var>
<arg>${STATE["${containsS[0]}"]}</arg>
<doc>Returns the given values which can then be assigned to a variables.</doc>
<status status="NOT RUN" starttime="20231123 16:41:17.289" endtime="20231123 16:41:17.290"/>
</kw>
<status status="NOT RUN" starttime="20231123 16:41:17.288" endtime="20231123 16:41:17.291"/>
</branch>
<status status="PASS" starttime="20231123 16:41:17.288" endtime="20231123 16:41:17.291"/>
</if>
<msg timestamp="20231123 16:41:17.292" level="INFO">${name} = Cate1</msg>
<status status="PASS" starttime="20231123 16:41:17.281" endtime="20231123 16:41:17.294"/>
</kw>
<kw name="Run Keyword And Return Status" library="BuiltIn">
<var>${condition}</var>
<arg>Confirm locating exactly in "Post" page</arg>
<doc>Runs the given keyword with given arguments and returns the status as a Boolean value.</doc>
<kw name="Confirm locating exactly in &quot;Post&quot; page" library="common" sourcename="Confirm locating exactly in &quot;${name}&quot; page">
<kw name="Get Element Count" library="Browser">
<var>${cnt}</var>
<arg>//header//span[contains(text(),"${name}")]</arg>
<tag>Assertion</tag>
<tag>Getter</tag>
<tag>PageContent</tag>
<doc>Returns the count of elements found with ``selector``.</doc>
<msg timestamp="20231123 16:41:17.392" level="INFO">${cnt} = 0</msg>
<status status="PASS" starttime="20231123 16:41:17.300" endtime="20231123 16:41:17.392"/>
</kw>
<kw name="Should Be True" library="BuiltIn">
<arg>${cnt} &gt; 0</arg>
<doc>Fails if the given condition is not true.</doc>
<msg timestamp="20231123 16:41:17.398" level="FAIL">'0 &gt; 0' should be true.</msg>
<status status="FAIL" starttime="20231123 16:41:17.393" endtime="20231123 16:41:17.399"/>
</kw>
<status status="FAIL" starttime="20231123 16:41:17.299" endtime="20231123 16:41:17.400"/>
</kw>
<msg timestamp="20231123 16:41:17.400" level="INFO">${condition} = False</msg>
<status status="PASS" starttime="20231123 16:41:17.297" endtime="20231123 16:41:17.400"/>
</kw>
<if>
<branch type="IF" condition="'${condition}' == 'True'">
<kw name="Get Element Count" library="Browser">
<var>${cnt}</var>
<arg>//*[contains(@class,'ant-spin-container')]//span[contains(text(),'${name}')]</arg>
<tag>Assertion</tag>
<tag>Getter</tag>
<tag>PageContent</tag>
<doc>Returns the count of elements found with ``selector``.</doc>
<status status="NOT RUN" starttime="20231123 16:41:17.402" endtime="20231123 16:41:17.403"/>
</kw>
<if>
<branch type="IF" condition="${cnt} &lt; 1">
<kw name="Click &quot;Tạo mới&quot; button" library="common" sourcename="Click &quot;${text}&quot; button">
<status status="NOT RUN" starttime="20231123 16:41:17.405" endtime="20231123 16:41:17.406"/>
</kw>
<kw name="Enter &quot;test name&quot; in &quot;Tiêu đề&quot; with &quot;${name}&quot;" library="common" sourcename="Enter &quot;${type}&quot; in &quot;${name}&quot; with &quot;${text}&quot;">
<status status="NOT RUN" starttime="20231123 16:41:17.409" endtime="20231123 16:41:17.415"/>
</kw>
<kw name="Enter &quot;paragraph&quot; in textarea &quot;Giới thiệu&quot; with &quot;_RANDOM_&quot;" library="common" sourcename="Enter &quot;${type}&quot; in textarea &quot;${name}&quot; with &quot;${text}&quot;">
<status status="NOT RUN" starttime="20231123 16:41:17.416" endtime="20231123 16:41:17.417"/>
</kw>
<kw name="Click &quot;Lưu lại&quot; button" library="common" sourcename="Click &quot;${text}&quot; button">
<status status="NOT RUN" starttime="20231123 16:41:17.418" endtime="20231123 16:41:17.419"/>
</kw>
<kw name="User look message &quot;Thêm mới danh mục bài viết thành công&quot; popup" library="common" sourcename="User look message &quot;${message}&quot; popup">
<status status="NOT RUN" starttime="20231123 16:41:17.421" endtime="20231123 16:41:17.422"/>
</kw>
<status status="NOT RUN" starttime="20231123 16:41:17.404" endtime="20231123 16:41:17.422"/>
</branch>
<branch type="ELSE">
<kw name="Select on the &quot;${name}&quot; item line" library="common" sourcename="Select on the &quot;${text}&quot; item line">
<status status="NOT RUN" starttime="20231123 16:41:17.424" endtime="20231123 16:41:17.424"/>
</kw>
<status status="NOT RUN" starttime="20231123 16:41:17.423" endtime="20231123 16:41:17.425"/>
</branch>
<status status="NOT RUN" starttime="20231123 16:41:17.403" endtime="20231123 16:41:17.425"/>
</if>
<status status="NOT RUN" starttime="20231123 16:41:17.401" endtime="20231123 16:41:17.426"/>
</branch>
<branch type="ELSE">
<kw name="Go to &quot;Post&quot; page">
<kw name="Login to admin" library="common">
<kw name="Enter &quot;email&quot; in &quot;Email&quot; with &quot;admin@gmail.com&quot;" library="common" sourcename="Enter &quot;${type}&quot; in &quot;${name}&quot; with &quot;${text}&quot;">
<kw name="Get Random Text" library="common">
<var>${text}</var>
<arg>${type}</arg>
<arg>${text}</arg>
<kw name="Set Variable" library="BuiltIn">
<var>${symbol}</var>
<arg>_RANDOM_</arg>
<doc>Returns the given values which can then be assigned to a variables.</doc>
<msg timestamp="20231123 16:41:17.442" level="INFO">${symbol} = _RANDOM_</msg>
<status status="PASS" starttime="20231123 16:41:17.442" endtime="20231123 16:41:17.448"/>
</kw>
<kw name="Set Variable" library="BuiltIn">
<var>${new_text}</var>
<doc>Returns the given values which can then be assigned to a variables.</doc>
<msg timestamp="20231123 16:41:17.450" level="INFO">${new_text} = </msg>
<status status="PASS" starttime="20231123 16:41:17.449" endtime="20231123 16:41:17.450"/>
</kw>
<kw name="Get Regexp Matches" library="String">
<var>${containsS}</var>
<arg>${text}</arg>
<arg>_@(.+)@_</arg>
<arg>1</arg>
<doc>Returns a list of all non-overlapping matches in the given string.</doc>
<msg timestamp="20231123 16:41:17.453" level="INFO">${containsS} = []</msg>
<status status="PASS" starttime="20231123 16:41:17.452" endtime="20231123 16:41:17.454"/>
</kw>
<kw name="Get Length" library="BuiltIn">
<var>${cntS}</var>
<arg>${containsS}</arg>
<doc>Returns and logs the length of the given item as an integer.</doc>
<msg timestamp="20231123 16:41:17.457" level="INFO">Length is 0</msg>
<msg timestamp="20231123 16:41:17.458" level="INFO">${cntS} = 0</msg>
<status status="PASS" starttime="20231123 16:41:17.455" endtime="20231123 16:41:17.458"/>
</kw>
<kw name="Get Regexp Matches" library="String">
<var>${contains}</var>
<arg>${text}</arg>
<arg>${symbol}</arg>
<doc>Returns a list of all non-overlapping matches in the given string.</doc>
<msg timestamp="20231123 16:41:17.464" level="INFO">${contains} = []</msg>
<status status="PASS" starttime="20231123 16:41:17.459" endtime="20231123 16:41:17.471"/>
</kw>
<kw name="Get Length" library="BuiltIn">
<var>${cnt}</var>
<arg>${contains}</arg>
<doc>Returns and logs the length of the given item as an integer.</doc>
<msg timestamp="20231123 16:41:17.473" level="INFO">Length is 0</msg>
<msg timestamp="20231123 16:41:17.474" level="INFO">${cnt} = 0</msg>
<status status="PASS" starttime="20231123 16:41:17.471" endtime="20231123 16:41:17.474"/>
</kw>
<if>
<branch type="IF" condition="${cntS} &gt; 0">
<kw name="Set Variable" library="BuiltIn">
<var>${new_text}</var>
<arg>${STATE["${containsS[0]}"]}</arg>
<doc>Returns the given values which can then be assigned to a variables.</doc>
<status status="NOT RUN" starttime="20231123 16:41:17.476" endtime="20231123 16:41:17.477"/>
</kw>
<kw name="Set Variable" library="BuiltIn">
<var>${symbol}</var>
<arg>_@${containsS[0]}@_</arg>
<doc>Returns the given values which can then be assigned to a variables.</doc>
<status status="NOT RUN" starttime="20231123 16:41:17.480" endtime="20231123 16:41:17.481"/>
</kw>
<status status="NOT RUN" starttime="20231123 16:41:17.475" endtime="20231123 16:41:17.482"/>
</branch>
<branch type="ELSE IF" condition="${cnt} &gt; 0 and '${type}' == 'test name'">
<kw name="Sentence" library="FakerLibrary">
<var>${random}</var>
<arg>nb_words=3</arg>
<doc>Generate a sentence.</doc>
<status status="NOT RUN" starttime="20231123 16:41:17.484" endtime="20231123 16:41:17.485"/>
</kw>
<kw name="Split String" library="String">
<var>${words}</var>
<arg>${TEST NAME}</arg>
<arg>${SPACE}</arg>
<doc>Splits the ``string`` using ``separator`` as a delimiter string.</doc>
<status status="NOT RUN" starttime="20231123 16:41:17.486" endtime="20231123 16:41:17.487"/>
</kw>
<kw name="Set Variable" library="BuiltIn">
<var>${new_text}</var>
<arg>${words[0]} ${random}</arg>
<doc>Returns the given values which can then be assigned to a variables.</doc>
<status status="NOT RUN" starttime="20231123 16:41:17.488" endtime="20231123 16:41:17.489"/>
</kw>
<status status="NOT RUN" starttime="20231123 16:41:17.483" endtime="20231123 16:41:17.489"/>
</branch>
<branch type="ELSE IF" condition="${cnt} &gt; 0 and '${type}' == 'number'">
<kw name="Random Int" library="FakerLibrary">
<var>${new_text}</var>
<doc>Generate a random integer between two integers ``min`` and ``max`` inclusive
while observing the provided ``step`` value.</doc>
<status status="NOT RUN" starttime="20231123 16:41:17.523" endtime="20231123 16:41:17.524"/>
</kw>
<kw name="Convert To String" library="BuiltIn">
<var>${new_text}</var>
<arg>${new_text}</arg>
<doc>Converts the given item to a Unicode string.</doc>
<status status="NOT RUN" starttime="20231123 16:41:17.534" endtime="20231123 16:41:17.535"/>
</kw>
<status status="NOT RUN" starttime="20231123 16:41:17.490" endtime="20231123 16:41:17.537"/>
</branch>
<branch type="ELSE IF" condition="${cnt} &gt; 0 and '${type}' == 'percentage'">
<kw name="Random Int" library="FakerLibrary">
<var>${new_text}</var>
<arg>max=100</arg>
<doc>Generate a random integer between two integers ``min`` and ``max`` inclusive
while observing the provided ``step`` value.</doc>
<status status="NOT RUN" starttime="20231123 16:41:17.541" endtime="20231123 16:41:17.542"/>
</kw>
<kw name="Convert To String" library="BuiltIn">
<var>${new_text}</var>
<arg>${new_text}</arg>
<doc>Converts the given item to a Unicode string.</doc>
<status status="NOT RUN" starttime="20231123 16:41:17.543" endtime="20231123 16:41:17.547"/>
</kw>
<status status="NOT RUN" starttime="20231123 16:41:17.539" endtime="20231123 16:41:17.547"/>
</branch>
<branch type="ELSE IF" condition="${cnt} &gt; 0 and '${type}' == 'paragraph'">
<kw name="Paragraph" library="FakerLibrary">
<var>${new_text}</var>
<doc>Generate a paragraph.</doc>
<status status="NOT RUN" starttime="20231123 16:41:17.549" endtime="20231123 16:41:17.550"/>
</kw>
<status status="NOT RUN" starttime="20231123 16:41:17.548" endtime="20231123 16:41:17.550"/>
</branch>
<branch type="ELSE IF" condition="${cnt} &gt; 0 and '${type}' == 'email'">
<kw name="Email" library="FakerLibrary">
<var>${new_text}</var>
<status status="NOT RUN" starttime="20231123 16:41:17.552" endtime="20231123 16:41:17.553"/>
</kw>
<status status="NOT RUN" starttime="20231123 16:41:17.551" endtime="20231123 16:41:17.554"/>
</branch>
<branch type="ELSE IF" condition="${cnt} &gt; 0 and '${type}' == 'phone'">
<kw name="Random Int" library="FakerLibrary">
<var>${new_text}</var>
<arg>min=2000000000</arg>
<arg>max=9999999999</arg>
<doc>Generate a random integer between two integers ``min`` and ``max`` inclusive
while observing the provided ``step`` value.</doc>
<status status="NOT RUN" starttime="20231123 16:41:17.555" endtime="20231123 16:41:17.556"/>
</kw>
<kw name="Convert To String" library="BuiltIn">
<var>${new_text}</var>
<arg>${new_text}</arg>
<doc>Converts the given item to a Unicode string.</doc>
<status status="NOT RUN" starttime="20231123 16:41:17.556" endtime="20231123 16:41:17.557"/>
</kw>
<kw name="Catenate" library="BuiltIn">
<var>${new_text}</var>
<arg>SEPARATOR=</arg>
<arg>0</arg>
<arg>${new_text}</arg>
<doc>Catenates the given items together and returns the resulted string.</doc>
<status status="NOT RUN" starttime="20231123 16:41:17.558" endtime="20231123 16:41:17.559"/>
</kw>
<status status="NOT RUN" starttime="20231123 16:41:17.554" endtime="20231123 16:41:17.559"/>
</branch>
<branch type="ELSE IF" condition="${cnt} &gt; 0 and '${type}' == 'color'">
<kw name="Safe Hex Color" library="FakerLibrary">
<var>${new_text}</var>
<doc>Generate a web-safe color formatted as a hex triplet.</doc>
<status status="NOT RUN" starttime="20231123 16:41:17.563" endtime="20231123 16:41:17.564"/>
</kw>
<status status="NOT RUN" starttime="20231123 16:41:17.560" endtime="20231123 16:41:17.565"/>
</branch>
<branch type="ELSE IF" condition="${cnt} &gt; 0 and &quot;${type}&quot; == 'password'">
<kw name="Password" library="FakerLibrary">
<var>${new_text}</var>
<arg>10</arg>
<arg>True</arg>
<arg>True</arg>
<arg>True</arg>
<arg>True</arg>
<doc>Generate a random password of the specified ``length``.</doc>
<status status="NOT RUN" starttime="20231123 16:41:17.567" endtime="20231123 16:41:17.568"/>
</kw>
<status status="NOT RUN" starttime="20231123 16:41:17.566" endtime="20231123 16:41:17.569"/>
</branch>
<branch type="ELSE IF" condition="${cnt} &gt; 0 and '${type}' == 'date'">
<kw name="Date" library="FakerLibrary">
<var>${new_text}</var>
<arg>pattern=%d-%m-%Y</arg>
<doc>Get a date string between January 1, 1970 and now.</doc>
<status status="NOT RUN" starttime="20231123 16:41:17.572" endtime="20231123 16:41:17.574"/>
</kw>
<status status="NOT RUN" starttime="20231123 16:41:17.570" endtime="20231123 16:41:17.575"/>
</branch>
<branch type="ELSE IF" condition="${cnt} &gt; 0 and '${type}' == 'word'">
<kw name="Sentence" library="FakerLibrary">
<var>${new_text}</var>
<arg>nb_words=2</arg>
<doc>Generate a sentence.</doc>
<status status="NOT RUN" starttime="20231123 16:41:17.582" endtime="20231123 16:41:17.583"/>
</kw>
<status status="NOT RUN" starttime="20231123 16:41:17.580" endtime="20231123 16:41:17.584"/>
</branch>
<branch type="ELSE IF" condition="${cnt} &gt; 0">
<kw name="Sentence" library="FakerLibrary">
<var>${new_text}</var>
<doc>Generate a sentence.</doc>
<status status="NOT RUN" starttime="20231123 16:41:17.586" endtime="20231123 16:41:17.587"/>
</kw>
<status status="NOT RUN" starttime="20231123 16:41:17.584" endtime="20231123 16:41:17.588"/>
</branch>
<status status="PASS" starttime="20231123 16:41:17.474" endtime="20231123 16:41:17.589"/>
</if>
<kw name="Get Length" library="BuiltIn">
<var>${cnt}</var>
<arg>${text}</arg>
<doc>Returns and logs the length of the given item as an integer.</doc>
<msg timestamp="20231123 16:41:17.592" level="INFO">Length is 15</msg>
<msg timestamp="20231123 16:41:17.593" level="INFO">${cnt} = 15</msg>
<status status="PASS" starttime="20231123 16:41:17.591" endtime="20231123 16:41:17.593"/>
</kw>
<if>
<branch type="IF" condition="${cnt} &gt; 0">
<kw name="Replace String" library="String">
<var>${text}</var>
<arg>${text}</arg>
<arg>${symbol}</arg>
<arg>${new_text}</arg>
<doc>Replaces ``search_for`` in the given ``string`` with ``replace_with``.</doc>
<msg timestamp="20231123 16:41:17.616" level="INFO">${text} = admin@gmail.com</msg>
<status status="PASS" starttime="20231123 16:41:17.598" endtime="20231123 16:41:17.617"/>
</kw>
<status status="PASS" starttime="20231123 16:41:17.596" endtime="20231123 16:41:17.618"/>
</branch>
<status status="PASS" starttime="20231123 16:41:17.594" endtime="20231123 16:41:17.619"/>
</if>
<msg timestamp="20231123 16:41:17.619" level="INFO">${text} = admin@gmail.com</msg>
<status status="PASS" starttime="20231123 16:41:17.440" endtime="20231123 16:41:17.620"/>
</kw>
<kw name="Get Element Form Item By Name" library="common">
<var>${element}</var>
<arg>${name}</arg>
<arg>//*[contains(@class, "ant-input")]</arg>
<msg timestamp="20231123 16:41:17.622" level="INFO">${element} = xpath=//*[contains(@class, "ant-form-item-label")]/label[text()="Email"]/../../*[contains(@class, "ant-form-item")]//*[contains(@class, "ant-input")]</msg>
<status status="PASS" starttime="20231123 16:41:17.621" endtime="20231123 16:41:17.623"/>
</kw>
<kw name="Click" library="Browser">
<arg>${element}</arg>
<tag>PageContent</tag>
<tag>Setter</tag>
<doc>Simulates mouse click on the element found by ``selector``.</doc>
<status status="PASS" starttime="20231123 16:41:17.623" endtime="20231123 16:41:17.834"/>
</kw>
<kw name="Clear Text" library="Browser">
<arg>${element}</arg>
<tag>PageContent</tag>
<tag>Setter</tag>
<doc>Clears the text field found by ``selector``.</doc>
<status status="PASS" starttime="20231123 16:41:17.836" endtime="20231123 16:41:17.936"/>
</kw>
<kw name="Fill Text" library="Browser">
<arg>${element}</arg>
<arg>${text}</arg>
<arg>True</arg>
<tag>PageContent</tag>
<tag>Setter</tag>
<doc>Clears and fills the given ``txt`` into the text field found by ``selector``.</doc>
<msg timestamp="20231123 16:41:17.938" level="INFO">Fills the text 'admin@gmail.com' in the given field.</msg>
<status status="PASS" starttime="20231123 16:41:17.937" endtime="20231123 16:41:18.007"/>
</kw>
<kw name="Get Text" library="Browser">
<var>${condition}</var>
<arg>${element}</arg>
<tag>Assertion</tag>
<tag>Getter</tag>
<tag>PageContent</tag>
<doc>Returns text attribute of the element found by ``selector``.</doc>
<msg timestamp="20231123 16:41:18.091" level="INFO">Text: 'admin@gmail.com'</msg>
<msg timestamp="20231123 16:41:18.092" level="INFO">${condition} = admin@gmail.com</msg>
<status status="PASS" starttime="20231123 16:41:18.008" endtime="20231123 16:41:18.092"/>
</kw>
<while condition="'${condition}' != '${text}'" limit="10">
<iter>
<kw name="Fill Text" library="Browser">
<arg>${element}</arg>
<arg>${text}</arg>
<tag>PageContent</tag>
<tag>Setter</tag>
<doc>Clears and fills the given ``txt`` into the text field found by ``selector``.</doc>
<status status="NOT RUN" starttime="20231123 16:41:18.097" endtime="20231123 16:41:18.099"/>
</kw>
<kw name="Get Text" library="Browser">
<var>${condition}</var>
<arg>${element}</arg>
<tag>Assertion</tag>
<tag>Getter</tag>
<tag>PageContent</tag>
<doc>Returns text attribute of the element found by ``selector``.</doc>
<status status="NOT RUN" starttime="20231123 16:41:18.100" endtime="20231123 16:41:18.101"/>
</kw>
<status status="NOT RUN" starttime="20231123 16:41:18.093" endtime="20231123 16:41:18.102"/>
</iter>
<status status="NOT RUN" starttime="20231123 16:41:18.093" endtime="20231123 16:41:18.103"/>
</while>
<kw name="Scroll To Element" library="Browser">
<arg>${element}</arg>
<tag>PageContent</tag>
<tag>Setter</tag>
<doc>This method waits for actionability checks, then tries to scroll element into view,
unless it is completely visible.</doc>
<status status="PASS" starttime="20231123 16:41:18.104" endtime="20231123 16:41:18.174"/>
</kw>
<kw name="Get Length" library="BuiltIn">
<var>${cnt}</var>
<arg>${text}</arg>
<doc>Returns and logs the length of the given item as an integer.</doc>
<msg timestamp="20231123 16:41:18.175" level="INFO">Length is 15</msg>
<msg timestamp="20231123 16:41:18.176" level="INFO">${cnt} = 15</msg>
<status status="PASS" starttime="20231123 16:41:18.175" endtime="20231123 16:41:18.176"/>
</kw>
<if>
<branch type="IF" condition="${cnt} &gt; 0">
<kw name="Set Global Variable" library="BuiltIn">
<arg>\${STATE["${name}"]}</arg>
<arg>${text}</arg>
<doc>Makes a variable available globally in all tests and suites.</doc>
<msg timestamp="20231123 16:41:18.182" level="INFO">${STATE["Email"]} = admin@gmail.com</msg>
<status status="PASS" starttime="20231123 16:41:18.180" endtime="20231123 16:41:18.182"/>
</kw>
<status status="PASS" starttime="20231123 16:41:18.178" endtime="20231123 16:41:18.183"/>
</branch>
<status status="PASS" starttime="20231123 16:41:18.177" endtime="20231123 16:41:18.183"/>
</if>
<kw name="Wait Until Network Is Idle" library="Browser">
<tag>HTTP</tag>
<tag>Wait</tag>
<doc>Waits until there has been at least one instance of 500 ms of no network traffic on the page after loading.</doc>
<status status="PASS" starttime="20231123 16:41:18.184" endtime="20231123 16:41:18.198"/>
</kw>
<status status="PASS" starttime="20231123 16:41:17.439" endtime="20231123 16:41:18.200"/>
</kw>
<kw name="Enter &quot;password&quot; in &quot;Mật khẩu&quot; with &quot;123123&quot;" library="common" sourcename="Enter &quot;${type}&quot; in &quot;${name}&quot; with &quot;${text}&quot;">
<kw name="Get Random Text" library="common">
<var>${text}</var>
<arg>${type}</arg>
<arg>${text}</arg>
<kw name="Set Variable" library="BuiltIn">
<var>${symbol}</var>
<arg>_RANDOM_</arg>
<doc>Returns the given values which can then be assigned to a variables.</doc>
<msg timestamp="20231123 16:41:18.205" level="INFO">${symbol} = _RANDOM_</msg>
<status status="PASS" starttime="20231123 16:41:18.204" endtime="20231123 16:41:18.205"/>
</kw>
<kw name="Set Variable" library="BuiltIn">
<var>${new_text}</var>
<doc>Returns the given values which can then be assigned to a variables.</doc>
<msg timestamp="20231123 16:41:18.207" level="INFO">${new_text} = </msg>
<status status="PASS" starttime="20231123 16:41:18.206" endtime="20231123 16:41:18.208"/>
</kw>
<kw name="Get Regexp Matches" library="String">
<var>${containsS}</var>
<arg>${text}</arg>
<arg>_@(.+)@_</arg>
<arg>1</arg>
<doc>Returns a list of all non-overlapping matches in the given string.</doc>
<msg timestamp="20231123 16:41:18.210" level="INFO">${containsS} = []</msg>
<status status="PASS" starttime="20231123 16:41:18.209" endtime="20231123 16:41:18.210"/>
</kw>
<kw name="Get Length" library="BuiltIn">
<var>${cntS}</var>
<arg>${containsS}</arg>
<doc>Returns and logs the length of the given item as an integer.</doc>
<msg timestamp="20231123 16:41:18.213" level="INFO">Length is 0</msg>
<msg timestamp="20231123 16:41:18.214" level="INFO">${cntS} = 0</msg>
<status status="PASS" starttime="20231123 16:41:18.212" endtime="20231123 16:41:18.215"/>
</kw>
<kw name="Get Regexp Matches" library="String">
<var>${contains}</var>
<arg>${text}</arg>
<arg>${symbol}</arg>
<doc>Returns a list of all non-overlapping matches in the given string.</doc>
<msg timestamp="20231123 16:41:18.217" level="INFO">${contains} = []</msg>
<status status="PASS" starttime="20231123 16:41:18.216" endtime="20231123 16:41:18.217"/>
</kw>
<kw name="Get Length" library="BuiltIn">
<var>${cnt}</var>
<arg>${contains}</arg>
<doc>Returns and logs the length of the given item as an integer.</doc>
<msg timestamp="20231123 16:41:18.221" level="INFO">Length is 0</msg>
<msg timestamp="20231123 16:41:18.222" level="INFO">${cnt} = 0</msg>
<status status="PASS" starttime="20231123 16:41:18.221" endtime="20231123 16:41:18.222"/>
</kw>
<if>
<branch type="IF" condition="${cntS} &gt; 0">
<kw name="Set Variable" library="BuiltIn">
<var>${new_text}</var>
<arg>${STATE["${containsS[0]}"]}</arg>
<doc>Returns the given values which can then be assigned to a variables.</doc>
<status status="NOT RUN" starttime="20231123 16:41:18.224" endtime="20231123 16:41:18.224"/>
</kw>
<kw name="Set Variable" library="BuiltIn">
<var>${symbol}</var>
<arg>_@${containsS[0]}@_</arg>
<doc>Returns the given values which can then be assigned to a variables.</doc>
<status status="NOT RUN" starttime="20231123 16:41:18.225" endtime="20231123 16:41:18.226"/>
</kw>
<status status="NOT RUN" starttime="20231123 16:41:18.223" endtime="20231123 16:41:18.226"/>
</branch>
<branch type="ELSE IF" condition="${cnt} &gt; 0 and '${type}' == 'test name'">
<kw name="Sentence" library="FakerLibrary">
<var>${random}</var>
<arg>nb_words=3</arg>
<doc>Generate a sentence.</doc>
<status status="NOT RUN" starttime="20231123 16:41:18.229" endtime="20231123 16:41:18.230"/>
</kw>
<kw name="Split String" library="String">
<var>${words}</var>
<arg>${TEST NAME}</arg>
<arg>${SPACE}</arg>
<doc>Splits the ``string`` using ``separator`` as a delimiter string.</doc>
<status status="NOT RUN" starttime="20231123 16:41:18.231" endtime="20231123 16:41:18.232"/>
</kw>
<kw name="Set Variable" library="BuiltIn">
<var>${new_text}</var>
<arg>${words[0]} ${random}</arg>
<doc>Returns the given values which can then be assigned to a variables.</doc>
<status status="NOT RUN" starttime="20231123 16:41:18.233" endtime="20231123 16:41:18.234"/>
</kw>
<status status="NOT RUN" starttime="20231123 16:41:18.227" endtime="20231123 16:41:18.234"/>
</branch>
<branch type="ELSE IF" condition="${cnt} &gt; 0 and '${type}' == 'number'">
<kw name="Random Int" library="FakerLibrary">
<var>${new_text}</var>
<doc>Generate a random integer between two integers ``min`` and ``max`` inclusive
while observing the provided ``step`` value.</doc>
<status status="NOT RUN" starttime="20231123 16:41:18.236" endtime="20231123 16:41:18.236"/>
</kw>
<kw name="Convert To String" library="BuiltIn">
<var>${new_text}</var>
<arg>${new_text}</arg>
<doc>Converts the given item to a Unicode string.</doc>
<status status="NOT RUN" starttime="20231123 16:41:18.237" endtime="20231123 16:41:18.237"/>
</kw>
<status status="NOT RUN" starttime="20231123 16:41:18.235" endtime="20231123 16:41:18.238"/>
</branch>
<branch type="ELSE IF" condition="${cnt} &gt; 0 and '${type}' == 'percentage'">
<kw name="Random Int" library="FakerLibrary">
<var>${new_text}</var>
<arg>max=100</arg>
<doc>Generate a random integer between two integers ``min`` and ``max`` inclusive
while observing the provided ``step`` value.</doc>
<status status="NOT RUN" starttime="20231123 16:41:18.239" endtime="20231123 16:41:18.240"/>
</kw>
<kw name="Convert To String" library="BuiltIn">
<var>${new_text}</var>
<arg>${new_text}</arg>
<doc>Converts the given item to a Unicode string.</doc>
<status status="NOT RUN" starttime="20231123 16:41:18.240" endtime="20231123 16:41:18.241"/>
</kw>
<status status="NOT RUN" starttime="20231123 16:41:18.238" endtime="20231123 16:41:18.241"/>
</branch>
<branch type="ELSE IF" condition="${cnt} &gt; 0 and '${type}' == 'paragraph'">
<kw name="Paragraph" library="FakerLibrary">
<var>${new_text}</var>
<doc>Generate a paragraph.</doc>
<status status="NOT RUN" starttime="20231123 16:41:18.243" endtime="20231123 16:41:18.243"/>
</kw>
<status status="NOT RUN" starttime="20231123 16:41:18.242" endtime="20231123 16:41:18.246"/>
</branch>
<branch type="ELSE IF" condition="${cnt} &gt; 0 and '${type}' == 'email'">
<kw name="Email" library="FakerLibrary">
<var>${new_text}</var>
<status status="NOT RUN" starttime="20231123 16:41:18.248" endtime="20231123 16:41:18.249"/>
</kw>
<status status="NOT RUN" starttime="20231123 16:41:18.247" endtime="20231123 16:41:18.250"/>
</branch>
<branch type="ELSE IF" condition="${cnt} &gt; 0 and '${type}' == 'phone'">
<kw name="Random Int" library="FakerLibrary">
<var>${new_text}</var>
<arg>min=2000000000</arg>
<arg>max=9999999999</arg>
<doc>Generate a random integer between two integers ``min`` and ``max`` inclusive
while observing the provided ``step`` value.</doc>
<status status="NOT RUN" starttime="20231123 16:41:18.252" endtime="20231123 16:41:18.253"/>
</kw>
<kw name="Convert To String" library="BuiltIn">
<var>${new_text}</var>
<arg>${new_text}</arg>
<doc>Converts the given item to a Unicode string.</doc>
<status status="NOT RUN" starttime="20231123 16:41:18.254" endtime="20231123 16:41:18.254"/>
</kw>
<kw name="Catenate" library="BuiltIn">
<var>${new_text}</var>
<arg>SEPARATOR=</arg>
<arg>0</arg>
<arg>${new_text}</arg>
<doc>Catenates the given items together and returns the resulted string.</doc>
<status status="NOT RUN" starttime="20231123 16:41:18.255" endtime="20231123 16:41:18.255"/>
</kw>
<status status="NOT RUN" starttime="20231123 16:41:18.251" endtime="20231123 16:41:18.289"/>
</branch>
<branch type="ELSE IF" condition="${cnt} &gt; 0 and '${type}' == 'color'">
<kw name="Safe Hex Color" library="FakerLibrary">
<var>${new_text}</var>
<doc>Generate a web-safe color formatted as a hex triplet.</doc>
<status status="NOT RUN" starttime="20231123 16:41:18.291" endtime="20231123 16:41:18.291"/>
</kw>
<status status="NOT RUN" starttime="20231123 16:41:18.290" endtime="20231123 16:41:18.292"/>
</branch>
<branch type="ELSE IF" condition="${cnt} &gt; 0 and &quot;${type}&quot; == 'password'">
<kw name="Password" library="FakerLibrary">
<var>${new_text}</var>
<arg>10</arg>
<arg>True</arg>
<arg>True</arg>
<arg>True</arg>
<arg>True</arg>
<doc>Generate a random password of the specified ``length``.</doc>
<status status="NOT RUN" starttime="20231123 16:41:18.299" endtime="20231123 16:41:18.301"/>
</kw>
<status status="NOT RUN" starttime="20231123 16:41:18.293" endtime="20231123 16:41:18.301"/>
</branch>
<branch type="ELSE IF" condition="${cnt} &gt; 0 and '${type}' == 'date'">
<kw name="Date" library="FakerLibrary">
<var>${new_text}</var>
<arg>pattern=%d-%m-%Y</arg>
<doc>Get a date string between January 1, 1970 and now.</doc>
<status status="NOT RUN" starttime="20231123 16:41:18.309" endtime="20231123 16:41:18.310"/>
</kw>
<status status="NOT RUN" starttime="20231123 16:41:18.302" endtime="20231123 16:41:18.310"/>
</branch>
<branch type="ELSE IF" condition="${cnt} &gt; 0 and '${type}' == 'word'">
<kw name="Sentence" library="FakerLibrary">
<var>${new_text}</var>
<arg>nb_words=2</arg>
<doc>Generate a sentence.</doc>
<status status="NOT RUN" starttime="20231123 16:41:18.317" endtime="20231123 16:41:18.317"/>
</kw>
<status status="NOT RUN" starttime="20231123 16:41:18.315" endtime="20231123 16:41:18.318"/>
</branch>
<branch type="ELSE IF" condition="${cnt} &gt; 0">
<kw name="Sentence" library="FakerLibrary">
<var>${new_text}</var>
<doc>Generate a sentence.</doc>
<status status="NOT RUN" starttime="20231123 16:41:18.320" endtime="20231123 16:41:18.321"/>
</kw>
<status status="NOT RUN" starttime="20231123 16:41:18.319" endtime="20231123 16:41:18.322"/>
</branch>
<status status="PASS" starttime="20231123 16:41:18.223" endtime="20231123 16:41:18.323"/>
</if>
<kw name="Get Length" library="BuiltIn">
<var>${cnt}</var>
<arg>${text}</arg>
<doc>Returns and logs the length of the given item as an integer.</doc>
<msg timestamp="20231123 16:41:18.325" level="INFO">Length is 6</msg>
<msg timestamp="20231123 16:41:18.325" level="INFO">${cnt} = 6</msg>
<status status="PASS" starttime="20231123 16:41:18.323" endtime="20231123 16:41:18.326"/>
</kw>
<if>
<branch type="IF" condition="${cnt} &gt; 0">
<kw name="Replace String" library="String">
<var>${text}</var>
<arg>${text}</arg>
<arg>${symbol}</arg>
<arg>${new_text}</arg>
<doc>Replaces ``search_for`` in the given ``string`` with ``replace_with``.</doc>
<msg timestamp="20231123 16:41:18.332" level="INFO">${text} = 123123</msg>
<status status="PASS" starttime="20231123 16:41:18.330" endtime="20231123 16:41:18.332"/>
</kw>
<status status="PASS" starttime="20231123 16:41:18.327" endtime="20231123 16:41:18.333"/>
</branch>
<status status="PASS" starttime="20231123 16:41:18.326" endtime="20231123 16:41:18.334"/>
</if>
<msg timestamp="20231123 16:41:18.334" level="INFO">${text} = 123123</msg>
<status status="PASS" starttime="20231123 16:41:18.202" endtime="20231123 16:41:18.335"/>
</kw>
<kw name="Get Element Form Item By Name" library="common">
<var>${element}</var>
<arg>${name}</arg>
<arg>//*[contains(@class, "ant-input")]</arg>
<msg timestamp="20231123 16:41:18.337" level="INFO">${element} = xpath=//*[contains(@class, "ant-form-item-label")]/label[text()="Mật khẩu"]/../../*[contains(@class, "ant-form-item")]//*[contains(@class, "ant-input")]</msg>
<status status="PASS" starttime="20231123 16:41:18.335" endtime="20231123 16:41:18.337"/>
</kw>
<kw name="Click" library="Browser">
<arg>${element}</arg>
<tag>PageContent</tag>
<tag>Setter</tag>
<doc>Simulates mouse click on the element found by ``selector``.</doc>
<status status="PASS" starttime="20231123 16:41:18.338" endtime="20231123 16:41:18.438"/>
</kw>
<kw name="Clear Text" library="Browser">
<arg>${element}</arg>
<tag>PageContent</tag>
<tag>Setter</tag>
<doc>Clears the text field found by ``selector``.</doc>
<status status="PASS" starttime="20231123 16:41:18.439" endtime="20231123 16:41:18.487"/>
</kw>
<kw name="Fill Text" library="Browser">
<arg>${element}</arg>
<arg>${text}</arg>
<arg>True</arg>
<tag>PageContent</tag>
<tag>Setter</tag>
<doc>Clears and fills the given ``txt`` into the text field found by ``selector``.</doc>
<msg timestamp="20231123 16:41:18.490" level="INFO">Fills the text '123123' in the given field.</msg>
<status status="PASS" starttime="20231123 16:41:18.488" endtime="20231123 16:41:18.551"/>
</kw>
<kw name="Get Text" library="Browser">
<var>${condition}</var>
<arg>${element}</arg>
<tag>Assertion</tag>
<tag>Getter</tag>
<tag>PageContent</tag>
<doc>Returns text attribute of the element found by ``selector``.</doc>
<msg timestamp="20231123 16:41:18.600" level="INFO">Text: '123123'</msg>
<msg timestamp="20231123 16:41:18.601" level="INFO">${condition} = 123123</msg>
<status status="PASS" starttime="20231123 16:41:18.553" endtime="20231123 16:41:18.601"/>
</kw>
<while condition="'${condition}' != '${text}'" limit="10">
<iter>
<kw name="Fill Text" library="Browser">
<arg>${element}</arg>
<arg>${text}</arg>
<tag>PageContent</tag>
<tag>Setter</tag>
<doc>Clears and fills the given ``txt`` into the text field found by ``selector``.</doc>
<status status="NOT RUN" starttime="20231123 16:41:18.603" endtime="20231123 16:41:18.603"/>
</kw>
<kw name="Get Text" library="Browser">
<var>${condition}</var>
<arg>${element}</arg>
<tag>Assertion</tag>
<tag>Getter</tag>
<tag>PageContent</tag>
<doc>Returns text attribute of the element found by ``selector``.</doc>
<status status="NOT RUN" starttime="20231123 16:41:18.604" endtime="20231123 16:41:18.604"/>
</kw>
<status status="NOT RUN" starttime="20231123 16:41:18.601" endtime="20231123 16:41:18.604"/>
</iter>
<status status="NOT RUN" starttime="20231123 16:41:18.601" endtime="20231123 16:41:18.604"/>
</while>
<kw name="Scroll To Element" library="Browser">
<arg>${element}</arg>
<tag>PageContent</tag>
<tag>Setter</tag>
<doc>This method waits for actionability checks, then tries to scroll element into view,
unless it is completely visible.</doc>
<status status="PASS" starttime="20231123 16:41:18.605" endtime="20231123 16:41:18.682"/>
</kw>
<kw name="Get Length" library="BuiltIn">
<var>${cnt}</var>
<arg>${text}</arg>
<doc>Returns and logs the length of the given item as an integer.</doc>
<msg timestamp="20231123 16:41:18.685" level="INFO">Length is 6</msg>
<msg timestamp="20231123 16:41:18.685" level="INFO">${cnt} = 6</msg>
<status status="PASS" starttime="20231123 16:41:18.684" endtime="20231123 16:41:18.686"/>
</kw>
<if>
<branch type="IF" condition="${cnt} &gt; 0">
<kw name="Set Global Variable" library="BuiltIn">
<arg>\${STATE["${name}"]}</arg>
<arg>${text}</arg>
<doc>Makes a variable available globally in all tests and suites.</doc>
<msg timestamp="20231123 16:41:18.689" level="INFO">${STATE["Mật khẩu"]} = 123123</msg>
<status status="PASS" starttime="20231123 16:41:18.688" endtime="20231123 16:41:18.689"/>
</kw>
<status status="PASS" starttime="20231123 16:41:18.686" endtime="20231123 16:41:18.690"/>
</branch>
<status status="PASS" starttime="20231123 16:41:18.686" endtime="20231123 16:41:18.691"/>
</if>
<kw name="Wait Until Network Is Idle" library="Browser">
<tag>HTTP</tag>
<tag>Wait</tag>
<doc>Waits until there has been at least one instance of 500 ms of no network traffic on the page after loading.</doc>
<status status="PASS" starttime="20231123 16:41:18.691" endtime="20231123 16:41:18.705"/>
</kw>
<status status="PASS" starttime="20231123 16:41:18.201" endtime="20231123 16:41:18.706"/>
</kw>
<kw name="Click &quot;Đăng nhập&quot; button" library="common" sourcename="Click &quot;${text}&quot; button">
<kw name="Sleep" library="BuiltIn">
<arg>${SHOULD_TIMEOUT}</arg>
<doc>Pauses the test executed for the given time.</doc>
<msg timestamp="20231123 16:41:18.809" level="INFO">Slept 100 milliseconds</msg>
<status status="PASS" starttime="20231123 16:41:18.708" endtime="20231123 16:41:18.809"/>
</kw>
<kw name="Get Element Count" library="Browser">
<var>${cnt}</var>
<arg>//button[@title = "${text}"]</arg>
<tag>Assertion</tag>
<tag>Getter</tag>
<tag>PageContent</tag>
<doc>Returns the count of elements found with ``selector``.</doc>
<msg timestamp="20231123 16:41:18.822" level="INFO">${cnt} = 1</msg>
<status status="PASS" starttime="20231123 16:41:18.811" endtime="20231123 16:41:18.822"/>
</kw>
<if>
<branch type="IF" condition="${cnt} &gt; 0">
<kw name="Click" library="Browser">
<arg>xpath=//button[@title = "${text}"]</arg>
<tag>PageContent</tag>
<tag>Setter</tag>
<doc>Simulates mouse click on the element found by ``selector``.</doc>
<status status="PASS" starttime="20231123 16:41:18.824" endtime="20231123 16:41:18.958"/>
</kw>
<kw name="Click Confirm To Action" library="common">
<kw name="Set Variable" library="BuiltIn">
<var>${element}</var>
<arg>xpath=//*[contains(@class, "ant-popover")]//*[contains(@class, "ant-btn-primary")]</arg>
<doc>Returns the given values which can then be assigned to a variables.</doc>
<msg timestamp="20231123 16:41:18.964" level="INFO">${element} = xpath=//*[contains(@class, "ant-popover")]//*[contains(@class, "ant-btn-primary")]</msg>
<status status="PASS" starttime="20231123 16:41:18.962" endtime="20231123 16:41:18.964"/>
</kw>
<kw name="Get Element Count" library="Browser">
<var>${count}</var>
<arg>${element}</arg>
<tag>Assertion</tag>
<tag>Getter</tag>
<tag>PageContent</tag>
<doc>Returns the count of elements found with ``selector``.</doc>
<msg timestamp="20231123 16:41:18.989" level="INFO">${count} = 0</msg>
<status status="PASS" starttime="20231123 16:41:18.966" endtime="20231123 16:41:18.990"/>
</kw>
<if>
<branch type="IF" condition="${count} &gt; 0">
<kw name="Click" library="Browser">
<arg>${element}</arg>
<tag>PageContent</tag>
<tag>Setter</tag>
<doc>Simulates mouse click on the element found by ``selector``.</doc>
<status status="NOT RUN" starttime="20231123 16:41:18.992" endtime="20231123 16:41:18.995"/>
</kw>
<kw name="Sleep" library="BuiltIn">
<arg>${SHOULD_TIMEOUT}</arg>
<doc>Pauses the test executed for the given time.</doc>
<status status="NOT RUN" starttime="20231123 16:41:18.999" endtime="20231123 16:41:19.000"/>
</kw>
<kw name="Wait Until Element Spin" library="common">
<status status="NOT RUN" starttime="20231123 16:41:19.001" endtime="20231123 16:41:19.002"/>
</kw>
<status status="NOT RUN" starttime="20231123 16:41:18.991" endtime="20231123 16:41:19.002"/>
</branch>
<status status="PASS" starttime="20231123 16:41:18.990" endtime="20231123 16:41:19.003"/>
</if>
<status status="PASS" starttime="20231123 16:41:18.959" endtime="20231123 16:41:19.003"/>
</kw>
<kw name="Scroll By" library="Browser">
<arg>${None}</arg>
<tag>PageContent</tag>
<tag>Setter</tag>
<doc>Scrolls an element or the page relative from current position by the given values.</doc>
<msg timestamp="20231123 16:41:19.039" level="INFO">JavaScript executed successfully.</msg>
<msg timestamp="20231123 16:41:19.039" level="INFO">JavaScript executed successfully.</msg>
<msg timestamp="20231123 16:41:19.065" level="INFO">JavaScript executed successfully.</msg>
<msg timestamp="20231123 16:41:19.066" level="INFO">JavaScript executed successfully.</msg>
<msg timestamp="20231123 16:41:19.076" level="INFO">JavaScript executed successfully.</msg>
<status status="PASS" starttime="20231123 16:41:19.004" endtime="20231123 16:41:19.080"/>
</kw>
<status status="PASS" starttime="20231123 16:41:18.823" endtime="20231123 16:41:19.080"/>
</branch>
<branch type="ELSE">
<kw name="Click" library="Browser">
<arg>//span[contains(text(),"${text}")]</arg>
<tag>PageContent</tag>
<tag>Setter</tag>
<doc>Simulates mouse click on the element found by ``selector``.</doc>
<status status="NOT RUN" starttime="20231123 16:41:19.082" endtime="20231123 16:41:19.083"/>
</kw>
<kw name="Click Confirm To Action" library="common">
<status status="NOT RUN" starttime="20231123 16:41:19.084" endtime="20231123 16:41:19.084"/>
</kw>
<kw name="Scroll By" library="Browser">
<arg>${None}</arg>
<tag>PageContent</tag>
<tag>Setter</tag>
<doc>Scrolls an element or the page relative from current position by the given values.</doc>
<status status="NOT RUN" starttime="20231123 16:41:19.085" endtime="20231123 16:41:19.086"/>
</kw>
<status status="NOT RUN" starttime="20231123 16:41:19.081" endtime="20231123 16:41:19.086"/>
</branch>
<status status="PASS" starttime="20231123 16:41:18.823" endtime="20231123 16:41:19.087"/>
</if>
<kw name="Wait Until Network Is Idle" library="Browser">
<tag>HTTP</tag>
<tag>Wait</tag>
<doc>Waits until there has been at least one instance of 500 ms of no network traffic on the page after loading.</doc>
<status status="PASS" starttime="20231123 16:41:19.087" endtime="20231123 16:41:19.097"/>
</kw>
<status status="PASS" starttime="20231123 16:41:18.707" endtime="20231123 16:41:19.098"/>
</kw>
<kw name="User look message &quot;Success&quot; popup" library="common" sourcename="User look message &quot;${message}&quot; popup">
<kw name="Get Regexp Matches" library="String">
<var>${contains}</var>
<arg>${message}</arg>
<arg>_@(.+)@_</arg>
<arg>1</arg>
<doc>Returns a list of all non-overlapping matches in the given string.</doc>
<msg timestamp="20231123 16:41:19.102" level="INFO">${contains} = []</msg>
<status status="PASS" starttime="20231123 16:41:19.100" endtime="20231123 16:41:19.104"/>
</kw>
<kw name="Get Length" library="BuiltIn">
<var>${cnt}</var>
<arg>${contains}</arg>
<doc>Returns and logs the length of the given item as an integer.</doc>
<msg timestamp="20231123 16:41:19.108" level="INFO">Length is 0</msg>
<msg timestamp="20231123 16:41:19.109" level="INFO">${cnt} = 0</msg>
<status status="PASS" starttime="20231123 16:41:19.106" endtime="20231123 16:41:19.109"/>
</kw>
<if>
<branch type="IF" condition="${cnt} &gt; 0">
<kw name="Replace String" library="String">
<var>${message}</var>
<arg>${message}</arg>
<arg>_@${contains[0]}@_</arg>
<arg>${STATE["${contains[0]}"]}</arg>
<doc>Replaces ``search_for`` in the given ``string`` with ``replace_with``.</doc>
<status status="NOT RUN" starttime="20231123 16:41:19.115" endtime="20231123 16:41:19.117"/>
</kw>
<status status="NOT RUN" starttime="20231123 16:41:19.112" endtime="20231123 16:41:19.117"/>
</branch>
<status status="PASS" starttime="20231123 16:41:19.110" endtime="20231123 16:41:19.118"/>
</if>
<kw name="Wait Until Keyword Succeeds" library="BuiltIn">
<arg>${SHOULD_TIMEOUT}</arg>
<arg>${TIME_TRY}</arg>
<arg>Element Text Should Be</arg>
<arg>id=swal2-html-container</arg>
<arg>${message}</arg>
<doc>Runs the specified keyword and retries if it fails.</doc>
<kw name="Element Text Should Be" library="common">
<arg>id=swal2-html-container</arg>
<arg>${message}</arg>
<kw name="Get Text" library="Browser">
<arg>${locator}</arg>
<arg>equal</arg>
<arg>${expected}</arg>
<arg>${message}</arg>
<tag>Assertion</tag>
<tag>Getter</tag>
<tag>PageContent</tag>
<doc>Returns text attribute of the element found by ``selector``.</doc>
<msg timestamp="20231123 16:41:19.486" level="INFO">Text: 'Success'</msg>
<status status="PASS" starttime="20231123 16:41:19.124" endtime="20231123 16:41:19.486"/>
</kw>
<status status="PASS" starttime="20231123 16:41:19.120" endtime="20231123 16:41:19.487"/>
</kw>
<status status="PASS" starttime="20231123 16:41:19.118" endtime="20231123 16:41:19.488"/>
</kw>
<kw name="Set Variable" library="BuiltIn">
<var>${element}</var>
<arg>xpath=//*[contains(@class, "swal2-confirm")]</arg>
<doc>Returns the given values which can then be assigned to a variables.</doc>
<msg timestamp="20231123 16:41:19.490" level="INFO">${element} = xpath=//*[contains(@class, "swal2-confirm")]</msg>
<status status="PASS" starttime="20231123 16:41:19.489" endtime="20231123 16:41:19.490"/>
</kw>
<kw name="Run Keyword And Return Status" library="BuiltIn">
<var>${passed}</var>
<arg>Element Should Be Visible</arg>
<arg>${element}</arg>
<doc>Runs the given keyword with given arguments and returns the status as a Boolean value.</doc>
<kw name="Element Should Be Visible" library="common">
<arg>${element}</arg>
<kw name="Wait For Elements State" library="Browser">
<arg>${locator}</arg>
<arg>visible</arg>
<arg>${timeout}</arg>
<arg>${message}</arg>
<tag>PageContent</tag>
<tag>Wait</tag>
<doc>Waits for the element found by ``selector`` to satisfy state option.</doc>
<msg timestamp="20231123 16:41:19.920" level="INFO" html="true">&lt;/td&gt;&lt;/tr&gt;&lt;tr&gt;&lt;td colspan="3"&gt;&lt;a href="browser/screenshot/fail-screenshot-1.png" target="_blank"&gt;&lt;img src="browser/screenshot/fail-screenshot-1.png" width="800px"/&gt;&lt;/a&gt;</msg>
<msg timestamp="20231123 16:41:19.920" level="INFO">See also file:///D:/TESTER/Automation/playwright-log.txt for additional details.</msg>
<msg timestamp="20231123 16:41:19.921" level="FAIL">TimeoutError: locator.waitFor: Timeout 100ms exceeded.
=========================== logs ===========================
waiting for locator('xpath=//*[contains(@class, "swal2-confirm")]') to be visible
============================================================
Tip: Use "Set Browser Timeout" for increasing the timeout or double check your locator as the targeted element(s) couldn't be found.</msg>
<status status="FAIL" starttime="20231123 16:41:19.497" endtime="20231123 16:41:19.934"/>
</kw>
<status status="FAIL" starttime="20231123 16:41:19.492" endtime="20231123 16:41:19.934"/>
</kw>
<msg timestamp="20231123 16:41:19.935" level="INFO">${passed} = False</msg>
<status status="PASS" starttime="20231123 16:41:19.491" endtime="20231123 16:41:19.935"/>
</kw>
<if>
<branch type="IF" condition="'${passed}' == 'True'">
<kw name="Click" library="Browser">
<arg>${element}</arg>
<tag>PageContent</tag>
<tag>Setter</tag>
<doc>Simulates mouse click on the element found by ``selector``.</doc>
<status status="NOT RUN" starttime="20231123 16:41:19.937" endtime="20231123 16:41:19.937"/>
</kw>
<status status="NOT RUN" starttime="20231123 16:41:19.936" endtime="20231123 16:41:19.937"/>
</branch>
<status status="PASS" starttime="20231123 16:41:19.936" endtime="20231123 16:41:19.938"/>
</if>
<status status="PASS" starttime="20231123 16:41:19.099" endtime="20231123 16:41:19.938"/>
</kw>
<status status="PASS" starttime="20231123 16:41:17.433" endtime="20231123 16:41:19.938"/>
</kw>
<kw name="Click &quot;QUẢN LÝ DANH MỤC&quot; menu" library="common" sourcename="Click &quot;${text}&quot; menu">
<kw name="Click" library="Browser">
<arg>xpath=//li[contains(@class, "menu") and descendant::span[contains(text(), "${text}")]]</arg>
<tag>PageContent</tag>
<tag>Setter</tag>
<doc>Simulates mouse click on the element found by ``selector``.</doc>
<status status="PASS" starttime="20231123 16:41:19.939" endtime="20231123 16:41:20.990"/>
</kw>
<status status="PASS" starttime="20231123 16:41:19.938" endtime="20231123 16:41:20.990"/>
</kw>
<kw name="Click &quot;Post&quot; sub menu to &quot;/post&quot;" library="common" sourcename="Click &quot;${text}&quot; sub menu to &quot;${url}&quot;">
<kw name="Wait Until Element Spin" library="common">
<kw name="Sleep" library="BuiltIn">
<arg>${SHOULD_TIMEOUT}</arg>
<doc>Pauses the test executed for the given time.</doc>
<msg timestamp="20231123 16:41:21.092" level="INFO">Slept 100 milliseconds</msg>
<status status="PASS" starttime="20231123 16:41:20.992" endtime="20231123 16:41:21.092"/>
</kw>
<kw name="Set Variable" library="BuiltIn">
<var>${element}</var>
<arg>xpath=//*[contains(@class, "ant-spin-spinning")]</arg>
<doc>Returns the given values which can then be assigned to a variables.</doc>
<msg timestamp="20231123 16:41:21.095" level="INFO">${element} = xpath=//*[contains(@class, "ant-spin-spinning")]</msg>
<status status="PASS" starttime="20231123 16:41:21.092" endtime="20231123 16:41:21.096"/>
</kw>
<kw name="Get Element Count" library="Browser">
<var>${count}</var>
<arg>${element}</arg>
<tag>Assertion</tag>
<tag>Getter</tag>
<tag>PageContent</tag>
<doc>Returns the count of elements found with ``selector``.</doc>
<msg timestamp="20231123 16:41:21.108" level="INFO">${count} = 0</msg>
<status status="PASS" starttime="20231123 16:41:21.096" endtime="20231123 16:41:21.108"/>
</kw>
<if>
<branch type="IF" condition="${count} &gt; 0">
<kw name="Wait Until Page Does Not Contain Element" library="common">
<arg>${element}</arg>
<status status="NOT RUN" starttime="20231123 16:41:21.111" endtime="20231123 16:41:21.112"/>
</kw>
<status status="NOT RUN" starttime="20231123 16:41:21.110" endtime="20231123 16:41:21.113"/>
</branch>
<status status="PASS" starttime="20231123 16:41:21.109" endtime="20231123 16:41:21.113"/>
</if>
<status status="PASS" starttime="20231123 16:41:20.991" endtime="20231123 16:41:21.114"/>
</kw>
<kw name="Click" library="Browser">
<arg>xpath=//a[contains(@class, "sub-menu") and descendant::span[contains(text(), "${text}")]]</arg>
<tag>PageContent</tag>
<tag>Setter</tag>
<doc>Simulates mouse click on the element found by ``selector``.</doc>
<status status="PASS" starttime="20231123 16:41:21.115" endtime="20231123 16:41:21.475"/>
</kw>
<kw name="Get Url" library="Browser">
<var>${curent_url}</var>
<tag>Assertion</tag>
<tag>Getter</tag>
<tag>PageContent</tag>
<doc>Returns the current URL.</doc>
<msg timestamp="20231123 16:41:21.483" level="INFO">${curent_url} = http://dev1.geneat.vn:7802/#/vn/post</msg>
<status status="PASS" starttime="20231123 16:41:21.476" endtime="20231123 16:41:21.484"/>
</kw>
<kw name="Should Contain" library="BuiltIn">
<arg>${curent_url}</arg>
<arg>${URL_DEFAULT}${url}</arg>
<doc>Fails if ``container`` does not contain ``item`` one or more times.</doc>
<status status="PASS" starttime="20231123 16:41:21.485" endtime="20231123 16:41:21.486"/>
</kw>
<status status="PASS" starttime="20231123 16:41:20.991" endtime="20231123 16:41:21.487"/>
</kw>
<status status="PASS" starttime="20231123 16:41:17.431" endtime="20231123 16:41:21.488"/>
</kw>
<kw name="Get Element Count" library="Browser">
<var>${cnt}</var>
<arg>//*[contains(@class,'ant-spin-container')]//span[contains(text(),'${name}')]</arg>
<tag>Assertion</tag>
<tag>Getter</tag>
<tag>PageContent</tag>
<doc>Returns the count of elements found with ``selector``.</doc>
<msg timestamp="20231123 16:41:21.583" level="INFO">${cnt} = 1</msg>
<status status="PASS" starttime="20231123 16:41:21.489" endtime="20231123 16:41:21.584"/>
</kw>
<if>
<branch type="IF" condition="${cnt} &lt; 1">
<kw name="Click &quot;Tạo mới&quot; button" library="common" sourcename="Click &quot;${text}&quot; button">
<status status="NOT RUN" starttime="20231123 16:41:21.586" endtime="20231123 16:41:21.586"/>
</kw>
<kw name="Enter &quot;test name&quot; in &quot;Tiêu đề&quot; with &quot;${name}&quot;" library="common" sourcename="Enter &quot;${type}&quot; in &quot;${name}&quot; with &quot;${text}&quot;">
<status status="NOT RUN" starttime="20231123 16:41:21.587" endtime="20231123 16:41:21.588"/>
</kw>
<kw name="Enter &quot;paragraph&quot; in textarea &quot;Giới thiệu&quot; with &quot;_RANDOM_&quot;" library="common" sourcename="Enter &quot;${type}&quot; in textarea &quot;${name}&quot; with &quot;${text}&quot;">
<status status="NOT RUN" starttime="20231123 16:41:21.590" endtime="20231123 16:41:21.590"/>
</kw>
<kw name="Click &quot;Lưu lại&quot; button" library="common" sourcename="Click &quot;${text}&quot; button">
<status status="NOT RUN" starttime="20231123 16:41:21.591" endtime="20231123 16:41:21.591"/>
</kw>
<kw name="User look message &quot;Thêm mới danh mục bài viết thành công&quot; popup" library="common" sourcename="User look message &quot;${message}&quot; popup">
<status status="NOT RUN" starttime="20231123 16:41:21.592" endtime="20231123 16:41:21.594"/>
</kw>
<status status="NOT RUN" starttime="20231123 16:41:21.585" endtime="20231123 16:41:21.595"/>
</branch>
<branch type="ELSE">
<kw name="Select on the &quot;${name}&quot; item line" library="common" sourcename="Select on the &quot;${text}&quot; item line">
<kw name="Wait Until Element Spin" library="common">
<kw name="Sleep" library="BuiltIn">
<arg>${SHOULD_TIMEOUT}</arg>
<doc>Pauses the test executed for the given time.</doc>
<msg timestamp="20231123 16:41:21.701" level="INFO">Slept 100 milliseconds</msg>
<status status="PASS" starttime="20231123 16:41:21.598" endtime="20231123 16:41:21.701"/>
</kw>
<kw name="Set Variable" library="BuiltIn">
<var>${element}</var>
<arg>xpath=//*[contains(@class, "ant-spin-spinning")]</arg>
<doc>Returns the given values which can then be assigned to a variables.</doc>
<msg timestamp="20231123 16:41:21.702" level="INFO">${element} = xpath=//*[contains(@class, "ant-spin-spinning")]</msg>
<status status="PASS" starttime="20231123 16:41:21.702" endtime="20231123 16:41:21.703"/>
</kw>
<kw name="Get Element Count" library="Browser">
<var>${count}</var>
<arg>${element}</arg>
<tag>Assertion</tag>
<tag>Getter</tag>
<tag>PageContent</tag>
<doc>Returns the count of elements found with ``selector``.</doc>
<msg timestamp="20231123 16:41:21.714" level="INFO">${count} = 0</msg>
<status status="PASS" starttime="20231123 16:41:21.703" endtime="20231123 16:41:21.714"/>
</kw>
<if>
<branch type="IF" condition="${count} &gt; 0">
<kw name="Wait Until Page Does Not Contain Element" library="common">
<arg>${element}</arg>
<status status="NOT RUN" starttime="20231123 16:41:21.716" endtime="20231123 16:41:21.717"/>
</kw>
<status status="NOT RUN" starttime="20231123 16:41:21.715" endtime="20231123 16:41:21.717"/>
</branch>
<status status="PASS" starttime="20231123 16:41:21.715" endtime="20231123 16:41:21.718"/>
</if>
<status status="PASS" starttime="20231123 16:41:21.597" endtime="20231123 16:41:21.718"/>
</kw>
<kw name="Check Text" library="common">
<var>${text}</var>
<arg>${text}</arg>
<kw name="Get Regexp Matches" library="String">
<var>${containsS}</var>
<arg>${text}</arg>
<arg>_@(.+)@_</arg>
<arg>1</arg>
<doc>Returns a list of all non-overlapping matches in the given string.</doc>
<msg timestamp="20231123 16:41:21.722" level="INFO">${containsS} = []</msg>
<status status="PASS" starttime="20231123 16:41:21.721" endtime="20231123 16:41:21.722"/>
</kw>
<kw name="Get Length" library="BuiltIn">
<var>${cntS}</var>
<arg>${containsS}</arg>
<doc>Returns and logs the length of the given item as an integer.</doc>
<msg timestamp="20231123 16:41:21.725" level="INFO">Length is 0</msg>
<msg timestamp="20231123 16:41:21.726" level="INFO">${cntS} = 0</msg>
<status status="PASS" starttime="20231123 16:41:21.723" endtime="20231123 16:41:21.727"/>
</kw>
<if>
<branch type="IF" condition="${cntS} &gt; 0">
<kw name="Set Variable" library="BuiltIn">
<var>${text}</var>
<arg>${STATE["${containsS[0]}"]}</arg>
<doc>Returns the given values which can then be assigned to a variables.</doc>
<status status="NOT RUN" starttime="20231123 16:41:21.730" endtime="20231123 16:41:21.730"/>
</kw>
<status status="NOT RUN" starttime="20231123 16:41:21.729" endtime="20231123 16:41:21.731"/>
</branch>
<status status="PASS" starttime="20231123 16:41:21.728" endtime="20231123 16:41:21.732"/>
</if>
<msg timestamp="20231123 16:41:21.732" level="INFO">${text} = Cate1</msg>
<status status="PASS" starttime="20231123 16:41:21.719" endtime="20231123 16:41:21.732"/>
</kw>
<kw name="Get Element Item By Name" library="common">
<var>${element}</var>
<arg>${text}</arg>
<msg timestamp="20231123 16:41:21.740" level="INFO">${element} = xpath=//*[contains(@class, "item-text") and contains(text(), "Cate1")]/ancestor::*[contains(@class, "item")]</msg>
<status status="PASS" starttime="20231123 16:41:21.734" endtime="20231123 16:41:21.741"/>
</kw>
<kw name="Click" library="Browser">
<arg>${element}</arg>
<tag>PageContent</tag>
<tag>Setter</tag>
<doc>Simulates mouse click on the element found by ``selector``.</doc>
<status status="PASS" starttime="20231123 16:41:21.742" endtime="20231123 16:41:22.092"/>
</kw>
<kw name="Wait Until Network Is Idle" library="Browser">
<tag>HTTP</tag>
<tag>Wait</tag>
<doc>Waits until there has been at least one instance of 500 ms of no network traffic on the page after loading.</doc>
<status status="PASS" starttime="20231123 16:41:22.095" endtime="20231123 16:41:22.581"/>
</kw>
<status status="PASS" starttime="20231123 16:41:21.596" endtime="20231123 16:41:22.581"/>
</kw>
<status status="PASS" starttime="20231123 16:41:21.595" endtime="20231123 16:41:22.581"/>
</branch>
<status status="PASS" starttime="20231123 16:41:21.584" endtime="20231123 16:41:22.581"/>
</if>
<status status="PASS" starttime="20231123 16:41:17.428" endtime="20231123 16:41:22.582"/>
</branch>
<status status="PASS" starttime="20231123 16:41:17.401" endtime="20231123 16:41:22.582"/>
</if>
<status status="PASS" starttime="20231123 16:41:17.277" endtime="20231123 16:41:22.582"/>
</kw>
<kw name="Create a test post with &quot;Cate1&quot; type" sourcename="Create a test post with &quot;${type}&quot; type">
<kw name="Click &quot;Tạo mới bài viết&quot; button" library="common" sourcename="Click &quot;${text}&quot; button">
<kw name="Sleep" library="BuiltIn">
<arg>${SHOULD_TIMEOUT}</arg>
<doc>Pauses the test executed for the given time.</doc>
<msg timestamp="20231123 16:41:22.686" level="INFO">Slept 100 milliseconds</msg>
<status status="PASS" starttime="20231123 16:41:22.585" endtime="20231123 16:41:22.686"/>
</kw>
<kw name="Get Element Count" library="Browser">
<var>${cnt}</var>
<arg>//button[@title = "${text}"]</arg>
<tag>Assertion</tag>
<tag>Getter</tag>
<tag>PageContent</tag>
<doc>Returns the count of elements found with ``selector``.</doc>
<msg timestamp="20231123 16:41:22.695" level="INFO">${cnt} = 1</msg>
<status status="PASS" starttime="20231123 16:41:22.687" endtime="20231123 16:41:22.696"/>
</kw>
<if>
<branch type="IF" condition="${cnt} &gt; 0">
<kw name="Click" library="Browser">
<arg>xpath=//button[@title = "${text}"]</arg>
<tag>PageContent</tag>
<tag>Setter</tag>
<doc>Simulates mouse click on the element found by ``selector``.</doc>
<status status="PASS" starttime="20231123 16:41:22.697" endtime="20231123 16:41:23.220"/>
</kw>
<kw name="Click Confirm To Action" library="common">
<kw name="Set Variable" library="BuiltIn">
<var>${element}</var>
<arg>xpath=//*[contains(@class, "ant-popover")]//*[contains(@class, "ant-btn-primary")]</arg>
<doc>Returns the given values which can then be assigned to a variables.</doc>
<msg timestamp="20231123 16:41:23.223" level="INFO">${element} = xpath=//*[contains(@class, "ant-popover")]//*[contains(@class, "ant-btn-primary")]</msg>
<status status="PASS" starttime="20231123 16:41:23.222" endtime="20231123 16:41:23.223"/>
</kw>
<kw name="Get Element Count" library="Browser">
<var>${count}</var>
<arg>${element}</arg>
<tag>Assertion</tag>
<tag>Getter</tag>
<tag>PageContent</tag>
<doc>Returns the count of elements found with ``selector``.</doc>
<msg timestamp="20231123 16:41:23.256" level="INFO">${count} = 0</msg>
<status status="PASS" starttime="20231123 16:41:23.224" endtime="20231123 16:41:23.256"/>
</kw>
<if>
<branch type="IF" condition="${count} &gt; 0">
<kw name="Click" library="Browser">
<arg>${element}</arg>
<tag>PageContent</tag>
<tag>Setter</tag>
<doc>Simulates mouse click on the element found by ``selector``.</doc>
<status status="NOT RUN" starttime="20231123 16:41:23.259" endtime="20231123 16:41:23.259"/>
</kw>
<kw name="Sleep" library="BuiltIn">
<arg>${SHOULD_TIMEOUT}</arg>
<doc>Pauses the test executed for the given time.</doc>
<status status="NOT RUN" starttime="20231123 16:41:23.261" endtime="20231123 16:41:23.262"/>
</kw>
<kw name="Wait Until Element Spin" library="common">
<status status="NOT RUN" starttime="20231123 16:41:23.262" endtime="20231123 16:41:23.263"/>
</kw>
<status status="NOT RUN" starttime="20231123 16:41:23.257" endtime="20231123 16:41:23.263"/>
</branch>
<status status="PASS" starttime="20231123 16:41:23.257" endtime="20231123 16:41:23.264"/>
</if>
<status status="PASS" starttime="20231123 16:41:23.220" endtime="20231123 16:41:23.264"/>
</kw>
<kw name="Scroll By" library="Browser">
<arg>${None}</arg>
<tag>PageContent</tag>
<tag>Setter</tag>
<doc>Scrolls an element or the page relative from current position by the given values.</doc>
<msg timestamp="20231123 16:41:23.320" level="INFO">JavaScript executed successfully.</msg>
<msg timestamp="20231123 16:41:23.320" level="INFO">JavaScript executed successfully.</msg>
<msg timestamp="20231123 16:41:23.341" level="INFO">JavaScript executed successfully.</msg>
<msg timestamp="20231123 16:41:23.342" level="INFO">JavaScript executed successfully.</msg>
<msg timestamp="20231123 16:41:23.352" level="INFO">JavaScript executed successfully.</msg>
<status status="PASS" starttime="20231123 16:41:23.265" endtime="20231123 16:41:23.353"/>
</kw>
<status status="PASS" starttime="20231123 16:41:22.696" endtime="20231123 16:41:23.353"/>
</branch>
<branch type="ELSE">
<kw name="Click" library="Browser">
<arg>//span[contains(text(),"${text}")]</arg>
<tag>PageContent</tag>
<tag>Setter</tag>
<doc>Simulates mouse click on the element found by ``selector``.</doc>
<status status="NOT RUN" starttime="20231123 16:41:23.356" endtime="20231123 16:41:23.357"/>
</kw>
<kw name="Click Confirm To Action" library="common">
<status status="NOT RUN" starttime="20231123 16:41:23.358" endtime="20231123 16:41:23.359"/>
</kw>
<kw name="Scroll By" library="Browser">
<arg>${None}</arg>
<tag>PageContent</tag>
<tag>Setter</tag>
<doc>Scrolls an element or the page relative from current position by the given values.</doc>
<status status="NOT RUN" starttime="20231123 16:41:23.360" endtime="20231123 16:41:23.361"/>
</kw>
<status status="NOT RUN" starttime="20231123 16:41:23.355" endtime="20231123 16:41:23.361"/>
</branch>
<status status="PASS" starttime="20231123 16:41:22.696" endtime="20231123 16:41:23.362"/>
</if>
<kw name="Wait Until Network Is Idle" library="Browser">
<tag>HTTP</tag>
<tag>Wait</tag>
<doc>Waits until there has been at least one instance of 500 ms of no network traffic on the page after loading.</doc>
<status status="PASS" starttime="20231123 16:41:23.362" endtime="20231123 16:41:23.370"/>
</kw>
<status status="PASS" starttime="20231123 16:41:22.584" endtime="20231123 16:41:23.371"/>
</kw>
<kw name="Click radio &quot;Loại editor&quot; in line &quot;Block&quot;" library="common" sourcename="Click radio &quot;${name}&quot; in line &quot;${text}&quot;">
<kw name="Get Element Form Item By Name" library="common">
<var>${element}</var>
<arg>${name}</arg>
<arg>//*[contains(@class, "ant-radio-button-wrapper")]/span[contains(text(), "${text}")]</arg>
<msg timestamp="20231123 16:41:23.374" level="INFO">${element} = xpath=//*[contains(@class, "ant-form-item-label")]/label[text()="Loại editor"]/../../*[contains(@class, "ant-form-item")]//*[contains(@class, "ant-radio-button-wrapper")]/span[contains(text(), "Block"...</msg>
<status status="PASS" starttime="20231123 16:41:23.372" endtime="20231123 16:41:23.374"/>
</kw>
<kw name="Click" library="Browser">
<arg>${element}</arg>
<tag>PageContent</tag>
<tag>Setter</tag>
<doc>Simulates mouse click on the element found by ``selector``.</doc>
<status status="PASS" starttime="20231123 16:41:23.375" endtime="20231123 16:41:23.732"/>
</kw>
<status status="PASS" starttime="20231123 16:41:23.371" endtime="20231123 16:41:23.733"/>
</kw>
<kw name="Click select &quot;Chuyên mục&quot; with &quot;${type}&quot;" library="common" sourcename="Click select &quot;${name}&quot; with &quot;${text}&quot;">
<kw name="Get Random Text" library="common">
<var>${text}</var>
<arg>Text</arg>
<arg>${text}</arg>
<kw name="Set Variable" library="BuiltIn">
<var>${symbol}</var>
<arg>_RANDOM_</arg>
<doc>Returns the given values which can then be assigned to a variables.</doc>
<msg timestamp="20231123 16:41:23.737" level="INFO">${symbol} = _RANDOM_</msg>
<status status="PASS" starttime="20231123 16:41:23.736" endtime="20231123 16:41:23.737"/>
</kw>
<kw name="Set Variable" library="BuiltIn">
<var>${new_text}</var>
<doc>Returns the given values which can then be assigned to a variables.</doc>
<msg timestamp="20231123 16:41:23.739" level="INFO">${new_text} = </msg>
<status status="PASS" starttime="20231123 16:41:23.738" endtime="20231123 16:41:23.740"/>
</kw>
<kw name="Get Regexp Matches" library="String">
<var>${containsS}</var>
<arg>${text}</arg>
<arg>_@(.+)@_</arg>
<arg>1</arg>
<doc>Returns a list of all non-overlapping matches in the given string.</doc>
<msg timestamp="20231123 16:41:23.742" level="INFO">${containsS} = []</msg>
<status status="PASS" starttime="20231123 16:41:23.740" endtime="20231123 16:41:23.742"/>
</kw>
<kw name="Get Length" library="BuiltIn">
<var>${cntS}</var>
<arg>${containsS}</arg>
<doc>Returns and logs the length of the given item as an integer.</doc>
<msg timestamp="20231123 16:41:23.746" level="INFO">Length is 0</msg>
<msg timestamp="20231123 16:41:23.746" level="INFO">${cntS} = 0</msg>
<status status="PASS" starttime="20231123 16:41:23.744" endtime="20231123 16:41:23.747"/>
</kw>
<kw name="Get Regexp Matches" library="String">
<var>${contains}</var>
<arg>${text}</arg>
<arg>${symbol}</arg>
<doc>Returns a list of all non-overlapping matches in the given string.</doc>
<msg timestamp="20231123 16:41:23.750" level="INFO">${contains} = []</msg>
<status status="PASS" starttime="20231123 16:41:23.748" endtime="20231123 16:41:23.750"/>
</kw>
<kw name="Get Length" library="BuiltIn">
<var>${cnt}</var>
<arg>${contains}</arg>
<doc>Returns and logs the length of the given item as an integer.</doc>
<msg timestamp="20231123 16:41:23.752" level="INFO">Length is 0</msg>
<msg timestamp="20231123 16:41:23.753" level="INFO">${cnt} = 0</msg>
<status status="PASS" starttime="20231123 16:41:23.751" endtime="20231123 16:41:23.753"/>
</kw>
<if>
<branch type="IF" condition="${cntS} &gt; 0">
<kw name="Set Variable" library="BuiltIn">
<var>${new_text}</var>
<arg>${STATE["${containsS[0]}"]}</arg>
<doc>Returns the given values which can then be assigned to a variables.</doc>
<status status="NOT RUN" starttime="20231123 16:41:23.755" endtime="20231123 16:41:23.757"/>
</kw>
<kw name="Set Variable" library="BuiltIn">
<var>${symbol}</var>
<arg>_@${containsS[0]}@_</arg>
<doc>Returns the given values which can then be assigned to a variables.</doc>
<status status="NOT RUN" starttime="20231123 16:41:23.758" endtime="20231123 16:41:23.759"/>
</kw>
<status status="NOT RUN" starttime="20231123 16:41:23.754" endtime="20231123 16:41:23.759"/>
</branch>
<branch type="ELSE IF" condition="${cnt} &gt; 0 and '${type}' == 'test name'">
<kw name="Sentence" library="FakerLibrary">
<var>${random}</var>
<arg>nb_words=3</arg>
<doc>Generate a sentence.</doc>
<status status="NOT RUN" starttime="20231123 16:41:23.764" endtime="20231123 16:41:23.766"/>
</kw>
<kw name="Split String" library="String">
<var>${words}</var>
<arg>${TEST NAME}</arg>
<arg>${SPACE}</arg>
<doc>Splits the ``string`` using ``separator`` as a delimiter string.</doc>
<status status="NOT RUN" starttime="20231123 16:41:23.767" endtime="20231123 16:41:23.768"/>
</kw>
<kw name="Set Variable" library="BuiltIn">
<var>${new_text}</var>
<arg>${words[0]} ${random}</arg>
<doc>Returns the given values which can then be assigned to a variables.</doc>
<status status="NOT RUN" starttime="20231123 16:41:23.769" endtime="20231123 16:41:23.769"/>
</kw>
<status status="NOT RUN" starttime="20231123 16:41:23.762" endtime="20231123 16:41:23.770"/>
</branch>
<branch type="ELSE IF" condition="${cnt} &gt; 0 and '${type}' == 'number'">
<kw name="Random Int" library="FakerLibrary">
<var>${new_text}</var>
<doc>Generate a random integer between two integers ``min`` and ``max`` inclusive
while observing the provided ``step`` value.</doc>
<status status="NOT RUN" starttime="20231123 16:41:23.771" endtime="20231123 16:41:23.772"/>
</kw>
<kw name="Convert To String" library="BuiltIn">
<var>${new_text}</var>
<arg>${new_text}</arg>
<doc>Converts the given item to a Unicode string.</doc>
<status status="NOT RUN" starttime="20231123 16:41:23.773" endtime="20231123 16:41:23.773"/>
</kw>
<status status="NOT RUN" starttime="20231123 16:41:23.770" endtime="20231123 16:41:23.774"/>
</branch>
<branch type="ELSE IF" condition="${cnt} &gt; 0 and '${type}' == 'percentage'">
<kw name="Random Int" library="FakerLibrary">
<var>${new_text}</var>
<arg>max=100</arg>
<doc>Generate a random integer between two integers ``min`` and ``max`` inclusive
while observing the provided ``step`` value.</doc>
<status status="NOT RUN" starttime="20231123 16:41:23.775" endtime="20231123 16:41:23.779"/>
</kw>
<kw name="Convert To String" library="BuiltIn">
<var>${new_text}</var>
<arg>${new_text}</arg>
<doc>Converts the given item to a Unicode string.</doc>
<status status="NOT RUN" starttime="20231123 16:41:23.779" endtime="20231123 16:41:23.780"/>
</kw>
<status status="NOT RUN" starttime="20231123 16:41:23.774" endtime="20231123 16:41:23.780"/>
</branch>
<branch type="ELSE IF" condition="${cnt} &gt; 0 and '${type}' == 'paragraph'">
<kw name="Paragraph" library="FakerLibrary">
<var>${new_text}</var>
<doc>Generate a paragraph.</doc>
<status status="NOT RUN" starttime="20231123 16:41:23.782" endtime="20231123 16:41:23.782"/>
</kw>
<status status="NOT RUN" starttime="20231123 16:41:23.781" endtime="20231123 16:41:23.783"/>
</branch>
<branch type="ELSE IF" condition="${cnt} &gt; 0 and '${type}' == 'email'">
<kw name="Email" library="FakerLibrary">
<var>${new_text}</var>
<status status="NOT RUN" starttime="20231123 16:41:23.784" endtime="20231123 16:41:23.785"/>
</kw>
<status status="NOT RUN" starttime="20231123 16:41:23.783" endtime="20231123 16:41:23.785"/>
</branch>
<branch type="ELSE IF" condition="${cnt} &gt; 0 and '${type}' == 'phone'">
<kw name="Random Int" library="FakerLibrary">
<var>${new_text}</var>
<arg>min=2000000000</arg>
<arg>max=9999999999</arg>
<doc>Generate a random integer between two integers ``min`` and ``max`` inclusive
while observing the provided ``step`` value.</doc>
<status status="NOT RUN" starttime="20231123 16:41:23.787" endtime="20231123 16:41:23.788"/>
</kw>
<kw name="Convert To String" library="BuiltIn">
<var>${new_text}</var>
<arg>${new_text}</arg>
<doc>Converts the given item to a Unicode string.</doc>
<status status="NOT RUN" starttime="20231123 16:41:23.789" endtime="20231123 16:41:23.789"/>
</kw>
<kw name="Catenate" library="BuiltIn">
<var>${new_text}</var>
<arg>SEPARATOR=</arg>
<arg>0</arg>
<arg>${new_text}</arg>
<doc>Catenates the given items together and returns the resulted string.</doc>
<status status="NOT RUN" starttime="20231123 16:41:23.790" endtime="20231123 16:41:23.791"/>
</kw>
<status status="NOT RUN" starttime="20231123 16:41:23.786" endtime="20231123 16:41:23.791"/>
</branch>
<branch type="ELSE IF" condition="${cnt} &gt; 0 and '${type}' == 'color'">
<kw name="Safe Hex Color" library="FakerLibrary">
<var>${new_text}</var>
<doc>Generate a web-safe color formatted as a hex triplet.</doc>
<status status="NOT RUN" starttime="20231123 16:41:23.797" endtime="20231123 16:41:23.797"/>
</kw>
<status status="NOT RUN" starttime="20231123 16:41:23.792" endtime="20231123 16:41:23.798"/>
</branch>
<branch type="ELSE IF" condition="${cnt} &gt; 0 and &quot;${type}&quot; == 'password'">
<kw name="Password" library="FakerLibrary">
<var>${new_text}</var>
<arg>10</arg>
<arg>True</arg>
<arg>True</arg>
<arg>True</arg>
<arg>True</arg>
<doc>Generate a random password of the specified ``length``.</doc>
<status status="NOT RUN" starttime="20231123 16:41:23.799" endtime="20231123 16:41:23.800"/>
</kw>
<status status="NOT RUN" starttime="20231123 16:41:23.798" endtime="20231123 16:41:23.800"/>
</branch>
<branch type="ELSE IF" condition="${cnt} &gt; 0 and '${type}' == 'date'">
<kw name="Date" library="FakerLibrary">
<var>${new_text}</var>
<arg>pattern=%d-%m-%Y</arg>
<doc>Get a date string between January 1, 1970 and now.</doc>
<status status="NOT RUN" starttime="20231123 16:41:23.802" endtime="20231123 16:41:23.803"/>
</kw>
<status status="NOT RUN" starttime="20231123 16:41:23.801" endtime="20231123 16:41:23.804"/>
</branch>
<branch type="ELSE IF" condition="${cnt} &gt; 0 and '${type}' == 'word'">
<kw name="Sentence" library="FakerLibrary">
<var>${new_text}</var>
<arg>nb_words=2</arg>
<doc>Generate a sentence.</doc>
<status status="NOT RUN" starttime="20231123 16:41:23.806" endtime="20231123 16:41:23.806"/>
</kw>
<status status="NOT RUN" starttime="20231123 16:41:23.804" endtime="20231123 16:41:23.808"/>
</branch>
<branch type="ELSE IF" condition="${cnt} &gt; 0">
<kw name="Sentence" library="FakerLibrary">
<var>${new_text}</var>
<doc>Generate a sentence.</doc>
<status status="NOT RUN" starttime="20231123 16:41:23.815" endtime="20231123 16:41:23.816"/>
</kw>
<status status="NOT RUN" starttime="20231123 16:41:23.809" endtime="20231123 16:41:23.817"/>
</branch>
<status status="PASS" starttime="20231123 16:41:23.754" endtime="20231123 16:41:23.817"/>
</if>
<kw name="Get Length" library="BuiltIn">
<var>${cnt}</var>
<arg>${text}</arg>
<doc>Returns and logs the length of the given item as an integer.</doc>
<msg timestamp="20231123 16:41:23.855" level="INFO">Length is 5</msg>
<msg timestamp="20231123 16:41:23.858" level="INFO">${cnt} = 5</msg>
<status status="PASS" starttime="20231123 16:41:23.850" endtime="20231123 16:41:23.868"/>
</kw>
<if>
<branch type="IF" condition="${cnt} &gt; 0">
<kw name="Replace String" library="String">
<var>${text}</var>
<arg>${text}</arg>
<arg>${symbol}</arg>
<arg>${new_text}</arg>
<doc>Replaces ``search_for`` in the given ``string`` with ``replace_with``.</doc>
<msg timestamp="20231123 16:41:23.873" level="INFO">${text} = Cate1</msg>
<status status="PASS" starttime="20231123 16:41:23.871" endtime="20231123 16:41:23.873"/>
</kw>
<status status="PASS" starttime="20231123 16:41:23.870" endtime="20231123 16:41:23.874"/>
</branch>
<status status="PASS" starttime="20231123 16:41:23.869" endtime="20231123 16:41:23.875"/>
</if>
<msg timestamp="20231123 16:41:23.875" level="INFO">${text} = Cate1</msg>
<status status="PASS" starttime="20231123 16:41:23.735" endtime="20231123 16:41:23.876"/>
</kw>
<kw name="Get Element Form Item By Name" library="common">
<var>${element}</var>
<arg>${name}</arg>
<arg>//*[contains(@class, "ant-select-show-arrow")]</arg>
<msg timestamp="20231123 16:41:23.886" level="INFO">${element} = xpath=//*[contains(@class, "ant-form-item-label")]/label[text()="Chuyên mục"]/../../*[contains(@class, "ant-form-item")]//*[contains(@class, "ant-select-show-arrow")]</msg>
<status status="PASS" starttime="20231123 16:41:23.883" endtime="20231123 16:41:23.886"/>
</kw>
<kw name="Click" library="Browser">
<arg>${element}</arg>
<tag>PageContent</tag>
<tag>Setter</tag>
<doc>Simulates mouse click on the element found by ``selector``.</doc>
<status status="PASS" starttime="20231123 16:41:23.887" endtime="20231123 16:41:24.119"/>
</kw>
<kw name="Get Element Form Item By Name" library="common">
<var>${element}</var>
<arg>${name}</arg>
<arg>//*[contains(@class, "ant-select-selection-search-input")]</arg>
<msg timestamp="20231123 16:41:24.121" level="INFO">${element} = xpath=//*[contains(@class, "ant-form-item-label")]/label[text()="Chuyên mục"]/../../*[contains(@class, "ant-form-item")]//*[contains(@class, "ant-select-selection-search-input")]</msg>
<status status="PASS" starttime="20231123 16:41:24.120" endtime="20231123 16:41:24.122"/>
</kw>
<kw name="Fill Text" library="Browser">
<arg>${element}</arg>
<arg>${text}</arg>
<tag>PageContent</tag>
<tag>Setter</tag>
<doc>Clears and fills the given ``txt`` into the text field found by ``selector``.</doc>
<msg timestamp="20231123 16:41:24.124" level="INFO">Fills the text 'Cate1' in the given field.</msg>
<status status="PASS" starttime="20231123 16:41:24.123" endtime="20231123 16:41:24.192"/>
</kw>
<kw name="Click" library="Browser">
<arg>xpath=//*[contains(@class, "ant-select-item-option") and @title="${text}"]</arg>
<tag>PageContent</tag>
<tag>Setter</tag>
<doc>Simulates mouse click on the element found by ``selector``.</doc>
<status status="PASS" starttime="20231123 16:41:24.195" endtime="20231123 16:41:24.769"/>
</kw>
<kw name="Get Length" library="BuiltIn">
<var>${cnt}</var>
<arg>${text}</arg>
<doc>Returns and logs the length of the given item as an integer.</doc>
<msg timestamp="20231123 16:41:24.770" level="INFO">Length is 5</msg>
<msg timestamp="20231123 16:41:24.770" level="INFO">${cnt} = 5</msg>
<status status="PASS" starttime="20231123 16:41:24.769" endtime="20231123 16:41:24.770"/>
</kw>
<if>
<branch type="IF" condition="${cnt} &gt; 0">
<kw name="Set Global Variable" library="BuiltIn">
<arg>\${STATE["${name}"]}</arg>
<arg>${text}</arg>
<doc>Makes a variable available globally in all tests and suites.</doc>
<msg timestamp="20231123 16:41:24.772" level="INFO">${STATE["Chuyên mục"]} = Cate1</msg>
<status status="PASS" starttime="20231123 16:41:24.771" endtime="20231123 16:41:24.772"/>
</kw>
[...]
<doc>Waits until there has been at least one instance of 500 ms of no network traffic on the page after loading.</doc>
<status status="PASS" starttime="20231123 16:41:50.139" endtime="20231123 16:41:50.161"/>
</kw>
<status status="PASS" starttime="20231123 16:41:49.569" endtime="20231123 16:41:50.162"/>
</kw>
<kw name="When Click on the &quot;Xóa&quot; button in the &quot;_@Tiêu đề@_&quot; table line" library="common" sourcename="Click on the &quot;${text}&quot; button in the &quot;${name}&quot; table line">
<kw name="Sleep" library="BuiltIn">
<arg>${SHOULD_TIMEOUT}</arg>
<doc>Pauses the test executed for the given time.</doc>
<msg timestamp="20231123 16:41:50.270" level="INFO">Slept 100 milliseconds</msg>
<status status="PASS" starttime="20231123 16:41:50.169" endtime="20231123 16:41:50.271"/>
</kw>
<kw name="Wait Until Element Spin" library="common">
<kw name="Sleep" library="BuiltIn">
<arg>${SHOULD_TIMEOUT}</arg>
<doc>Pauses the test executed for the given time.</doc>
<msg timestamp="20231123 16:41:50.379" level="INFO">Slept 100 milliseconds</msg>
<status status="PASS" starttime="20231123 16:41:50.273" endtime="20231123 16:41:50.379"/>
</kw>
<kw name="Set Variable" library="BuiltIn">
<var>${element}</var>
<arg>xpath=//*[contains(@class, "ant-spin-spinning")]</arg>
<doc>Returns the given values which can then be assigned to a variables.</doc>
<msg timestamp="20231123 16:41:50.382" level="INFO">${element} = xpath=//*[contains(@class, "ant-spin-spinning")]</msg>
<status status="PASS" starttime="20231123 16:41:50.380" endtime="20231123 16:41:50.382"/>
</kw>
<kw name="Get Element Count" library="Browser">
<var>${count}</var>
<arg>${element}</arg>
<tag>Assertion</tag>
<tag>Getter</tag>
<tag>PageContent</tag>
<doc>Returns the count of elements found with ``selector``.</doc>
<msg timestamp="20231123 16:41:50.400" level="INFO">${count} = 0</msg>
<status status="PASS" starttime="20231123 16:41:50.383" endtime="20231123 16:41:50.401"/>
</kw>
<if>
<branch type="IF" condition="${count} &gt; 0">
<kw name="Wait Until Page Does Not Contain Element" library="common">
<arg>${element}</arg>
<status status="NOT RUN" starttime="20231123 16:41:50.403" endtime="20231123 16:41:50.404"/>
</kw>
<status status="NOT RUN" starttime="20231123 16:41:50.402" endtime="20231123 16:41:50.405"/>
</branch>
<status status="PASS" starttime="20231123 16:41:50.402" endtime="20231123 16:41:50.405"/>
</if>
<status status="PASS" starttime="20231123 16:41:50.271" endtime="20231123 16:41:50.406"/>
</kw>
<kw name="Check Text" library="common">
<var>${name}</var>
<arg>${name}</arg>
<kw name="Get Regexp Matches" library="String">
<var>${containsS}</var>
<arg>${text}</arg>
<arg>_@(.+)@_</arg>
<arg>1</arg>
<doc>Returns a list of all non-overlapping matches in the given string.</doc>
<msg timestamp="20231123 16:41:50.417" level="INFO">${containsS} = ['Tiêu đề']</msg>
<status status="PASS" starttime="20231123 16:41:50.415" endtime="20231123 16:41:50.417"/>
</kw>
<kw name="Get Length" library="BuiltIn">
<var>${cntS}</var>
<arg>${containsS}</arg>
<doc>Returns and logs the length of the given item as an integer.</doc>
<msg timestamp="20231123 16:41:50.422" level="INFO">Length is 1</msg>
<msg timestamp="20231123 16:41:50.423" level="INFO">${cntS} = 1</msg>
<status status="PASS" starttime="20231123 16:41:50.419" endtime="20231123 16:41:50.423"/>
</kw>
<if>
<branch type="IF" condition="${cntS} &gt; 0">
<kw name="Set Variable" library="BuiltIn">
<var>${text}</var>
<arg>${STATE["${containsS[0]}"]}</arg>
<doc>Returns the given values which can then be assigned to a variables.</doc>
<msg timestamp="20231123 16:41:50.432" level="INFO">${text} = PO_05 Odit reprehenderit.</msg>
<status status="PASS" starttime="20231123 16:41:50.428" endtime="20231123 16:41:50.433"/>
</kw>
<status status="PASS" starttime="20231123 16:41:50.427" endtime="20231123 16:41:50.433"/>
</branch>
<status status="PASS" starttime="20231123 16:41:50.427" endtime="20231123 16:41:50.434"/>
</if>
<msg timestamp="20231123 16:41:50.434" level="INFO">${name} = PO_05 Odit reprehenderit.</msg>
<status status="PASS" starttime="20231123 16:41:50.413" endtime="20231123 16:41:50.435"/>
</kw>
<if>
<branch type="IF" condition="'${text}' == 'Chi tiết'">
<kw name="Get Element Table Item By Name" library="common">
<var>${element1}</var>
<arg>${name}</arg>
<arg>//button[@title = "${text}"]</arg>
<status status="NOT RUN" starttime="20231123 16:41:50.436" endtime="20231123 16:41:50.437"/>
</kw>
<kw name="Get Element Count" library="Browser">
<var>${count}</var>
<arg>${element1}</arg>
<tag>Assertion</tag>
<tag>Getter</tag>
<tag>PageContent</tag>
<doc>Returns the count of elements found with ``selector``.</doc>
<status status="NOT RUN" starttime="20231123 16:41:50.437" endtime="20231123 16:41:50.438"/>
</kw>
<if>
<branch type="IF" condition="${count} &gt; 0">
<kw name="Click" library="Browser">
<arg>${element1}</arg>
<tag>PageContent</tag>
<tag>Setter</tag>
<doc>Simulates mouse click on the element found by ``selector``.</doc>
<status status="NOT RUN" starttime="20231123 16:41:50.439" endtime="20231123 16:41:50.439"/>
</kw>
<status status="NOT RUN" starttime="20231123 16:41:50.438" endtime="20231123 16:41:50.440"/>
</branch>
<branch type="ELSE">
<kw name="Get Element Table Item By Name" library="common">
<var>${elementS}</var>
<arg>${name}</arg>
<arg>//p[contains(text(),"${name}")]</arg>
<status status="NOT RUN" starttime="20231123 16:41:50.445" endtime="20231123 16:41:50.448"/>
</kw>
<kw name="Click" library="Browser">
<arg>${elementS}</arg>
<tag>PageContent</tag>
<tag>Setter</tag>
<doc>Simulates mouse click on the element found by ``selector``.</doc>
<status status="NOT RUN" starttime="20231123 16:41:50.449" endtime="20231123 16:41:50.449"/>
</kw>
<status status="NOT RUN" starttime="20231123 16:41:50.444" endtime="20231123 16:41:50.461"/>
</branch>
<status status="NOT RUN" starttime="20231123 16:41:50.438" endtime="20231123 16:41:50.462"/>
</if>
<status status="NOT RUN" starttime="20231123 16:41:50.435" endtime="20231123 16:41:50.462"/>
</branch>
<branch type="ELSE">
<kw name="Get Element Table Item By Name" library="common">
<var>${element}</var>
<arg>${name}</arg>
<arg>//button[@title = "${text}"]</arg>
<msg timestamp="20231123 16:41:50.467" level="INFO">${element} = xpath=//*[contains(@class, "ant-table-row")]//*[contains(text(),"PO_05 Odit reprehenderit.")]/ancestor::tr//button[@title = "Xóa"]</msg>
<status status="PASS" starttime="20231123 16:41:50.463" endtime="20231123 16:41:50.467"/>
</kw>
<kw name="Click" library="Browser">
<arg>${element}</arg>
<tag>PageContent</tag>
<tag>Setter</tag>
<doc>Simulates mouse click on the element found by ``selector``.</doc>
<status status="PASS" starttime="20231123 16:41:50.468" endtime="20231123 16:41:50.651"/>
</kw>
<status status="PASS" starttime="20231123 16:41:50.463" endtime="20231123 16:41:50.652"/>
</branch>
<status status="PASS" starttime="20231123 16:41:50.435" endtime="20231123 16:41:50.653"/>
</if>
<kw name="Click Confirm To Action" library="common">
<kw name="Set Variable" library="BuiltIn">
<var>${element}</var>
<arg>xpath=//*[contains(@class, "ant-popover")]//*[contains(@class, "ant-btn-primary")]</arg>
<doc>Returns the given values which can then be assigned to a variables.</doc>
<msg timestamp="20231123 16:41:50.655" level="INFO">${element} = xpath=//*[contains(@class, "ant-popover")]//*[contains(@class, "ant-btn-primary")]</msg>
<status status="PASS" starttime="20231123 16:41:50.654" endtime="20231123 16:41:50.656"/>
</kw>
<kw name="Get Element Count" library="Browser">
<var>${count}</var>
<arg>${element}</arg>
<tag>Assertion</tag>
<tag>Getter</tag>
<tag>PageContent</tag>
<doc>Returns the count of elements found with ``selector``.</doc>
<msg timestamp="20231123 16:41:50.668" level="INFO">${count} = 1</msg>
<status status="PASS" starttime="20231123 16:41:50.657" endtime="20231123 16:41:50.669"/>
</kw>
<if>
<branch type="IF" condition="${count} &gt; 0">
<kw name="Click" library="Browser">
<arg>${element}</arg>
<tag>PageContent</tag>
<tag>Setter</tag>
<doc>Simulates mouse click on the element found by ``selector``.</doc>
<status status="PASS" starttime="20231123 16:41:50.670" endtime="20231123 16:41:50.909"/>
</kw>
<kw name="Sleep" library="BuiltIn">
<arg>${SHOULD_TIMEOUT}</arg>
<doc>Pauses the test executed for the given time.</doc>
<msg timestamp="20231123 16:41:51.015" level="INFO">Slept 100 milliseconds</msg>
<status status="PASS" starttime="20231123 16:41:50.913" endtime="20231123 16:41:51.015"/>
</kw>
<kw name="Wait Until Element Spin" library="common">
<kw name="Sleep" library="BuiltIn">
<arg>${SHOULD_TIMEOUT}</arg>
<doc>Pauses the test executed for the given time.</doc>
<msg timestamp="20231123 16:41:51.118" level="INFO">Slept 100 milliseconds</msg>
<status status="PASS" starttime="20231123 16:41:51.016" endtime="20231123 16:41:51.118"/>
</kw>
<kw name="Set Variable" library="BuiltIn">
<var>${element}</var>
<arg>xpath=//*[contains(@class, "ant-spin-spinning")]</arg>
<doc>Returns the given values which can then be assigned to a variables.</doc>
<msg timestamp="20231123 16:41:51.119" level="INFO">${element} = xpath=//*[contains(@class, "ant-spin-spinning")]</msg>
<status status="PASS" starttime="20231123 16:41:51.118" endtime="20231123 16:41:51.119"/>
</kw>
<kw name="Get Element Count" library="Browser">
<var>${count}</var>
<arg>${element}</arg>
<tag>Assertion</tag>
<tag>Getter</tag>
<tag>PageContent</tag>
<doc>Returns the count of elements found with ``selector``.</doc>
<msg timestamp="20231123 16:41:51.133" level="INFO">${count} = 0</msg>
<status status="PASS" starttime="20231123 16:41:51.120" endtime="20231123 16:41:51.134"/>
</kw>
<if>
<branch type="IF" condition="${count} &gt; 0">
<kw name="Wait Until Page Does Not Contain Element" library="common">
<arg>${element}</arg>
<status status="NOT RUN" starttime="20231123 16:41:51.136" endtime="20231123 16:41:51.136"/>
</kw>
<status status="NOT RUN" starttime="20231123 16:41:51.135" endtime="20231123 16:41:51.137"/>
</branch>
<status status="PASS" starttime="20231123 16:41:51.135" endtime="20231123 16:41:51.138"/>
</if>
<status status="PASS" starttime="20231123 16:41:51.016" endtime="20231123 16:41:51.138"/>
</kw>
<status status="PASS" starttime="20231123 16:41:50.669" endtime="20231123 16:41:51.139"/>
</branch>
<status status="PASS" starttime="20231123 16:41:50.669" endtime="20231123 16:41:51.139"/>
</if>
<status status="PASS" starttime="20231123 16:41:50.653" endtime="20231123 16:41:51.140"/>
</kw>
<kw name="Wait Until Network Is Idle" library="Browser">
<tag>HTTP</tag>
<tag>Wait</tag>
<doc>Waits until there has been at least one instance of 500 ms of no network traffic on the page after loading.</doc>
<status status="PASS" starttime="20231123 16:41:51.144" endtime="20231123 16:41:51.153"/>
</kw>
<status status="PASS" starttime="20231123 16:41:50.165" endtime="20231123 16:41:51.154"/>
</kw>
<kw name="When Click on the &quot;Xóa&quot; button in the &quot;Cate1&quot; item line" library="common" sourcename="Click on the &quot;${text}&quot; button in the &quot;${name}&quot; item line">
<kw name="Wait Until Element Spin" library="common">
<kw name="Sleep" library="BuiltIn">
<arg>${SHOULD_TIMEOUT}</arg>
<doc>Pauses the test executed for the given time.</doc>
<msg timestamp="20231123 16:41:51.265" level="INFO">Slept 100 milliseconds</msg>
<status status="PASS" starttime="20231123 16:41:51.162" endtime="20231123 16:41:51.265"/>
</kw>
<kw name="Set Variable" library="BuiltIn">
<var>${element}</var>
<arg>xpath=//*[contains(@class, "ant-spin-spinning")]</arg>
<doc>Returns the given values which can then be assigned to a variables.</doc>
<msg timestamp="20231123 16:41:51.266" level="INFO">${element} = xpath=//*[contains(@class, "ant-spin-spinning")]</msg>
<status status="PASS" starttime="20231123 16:41:51.265" endtime="20231123 16:41:51.266"/>
</kw>
<kw name="Get Element Count" library="Browser">
<var>${count}</var>
<arg>${element}</arg>
<tag>Assertion</tag>
<tag>Getter</tag>
<tag>PageContent</tag>
<doc>Returns the count of elements found with ``selector``.</doc>
<msg timestamp="20231123 16:41:51.278" level="INFO">${count} = 0</msg>
<status status="PASS" starttime="20231123 16:41:51.267" endtime="20231123 16:41:51.278"/>
</kw>
<if>
<branch type="IF" condition="${count} &gt; 0">
<kw name="Wait Until Page Does Not Contain Element" library="common">
<arg>${element}</arg>
<status status="NOT RUN" starttime="20231123 16:41:51.280" endtime="20231123 16:41:51.281"/>
</kw>
<status status="NOT RUN" starttime="20231123 16:41:51.279" endtime="20231123 16:41:51.281"/>
</branch>
<status status="PASS" starttime="20231123 16:41:51.279" endtime="20231123 16:41:51.282"/>
</if>
<status status="PASS" starttime="20231123 16:41:51.160" endtime="20231123 16:41:51.282"/>
</kw>
<kw name="Check Text" library="common">
<var>${name}</var>
<arg>${name}</arg>
<kw name="Get Regexp Matches" library="String">
<var>${containsS}</var>
<arg>${text}</arg>
<arg>_@(.+)@_</arg>
<arg>1</arg>
<doc>Returns a list of all non-overlapping matches in the given string.</doc>
<msg timestamp="20231123 16:41:51.285" level="INFO">${containsS} = []</msg>
<status status="PASS" starttime="20231123 16:41:51.284" endtime="20231123 16:41:51.286"/>
</kw>
<kw name="Get Length" library="BuiltIn">
<var>${cntS}</var>
<arg>${containsS}</arg>
<doc>Returns and logs the length of the given item as an integer.</doc>
<msg timestamp="20231123 16:41:51.287" level="INFO">Length is 0</msg>
<msg timestamp="20231123 16:41:51.287" level="INFO">${cntS} = 0</msg>
<status status="PASS" starttime="20231123 16:41:51.286" endtime="20231123 16:41:51.287"/>
</kw>
<if>
<branch type="IF" condition="${cntS} &gt; 0">
<kw name="Set Variable" library="BuiltIn">
<var>${text}</var>
<arg>${STATE["${containsS[0]}"]}</arg>
<doc>Returns the given values which can then be assigned to a variables.</doc>
<status status="NOT RUN" starttime="20231123 16:41:51.288" endtime="20231123 16:41:51.288"/>
</kw>
<status status="NOT RUN" starttime="20231123 16:41:51.288" endtime="20231123 16:41:51.289"/>
</branch>
<status status="PASS" starttime="20231123 16:41:51.287" endtime="20231123 16:41:51.289"/>
</if>
<msg timestamp="20231123 16:41:51.290" level="INFO">${name} = Cate1</msg>
<status status="PASS" starttime="20231123 16:41:51.282" endtime="20231123 16:41:51.292"/>
</kw>
<kw name="Get Element Item By Name" library="common">
<var>${element}</var>
<arg>${name}</arg>
<arg>//button[@title = "${text}"]</arg>
<msg timestamp="20231123 16:41:51.294" level="INFO">${element} = xpath=//*[contains(@class, "item-text") and contains(text(), "Cate1")]/ancestor::*[contains(@class, "item")]//button[@title = "Xóa"]</msg>
<status status="PASS" starttime="20231123 16:41:51.293" endtime="20231123 16:41:51.295"/>
</kw>
<kw name="Click" library="Browser">
<arg>${element}</arg>
<tag>PageContent</tag>
<tag>Setter</tag>
<doc>Simulates mouse click on the element found by ``selector``.</doc>
<status status="PASS" starttime="20231123 16:41:51.296" endtime="20231123 16:41:52.905"/>
</kw>
<kw name="Click Confirm To Action" library="common">
<kw name="Set Variable" library="BuiltIn">
<var>${element}</var>
<arg>xpath=//*[contains(@class, "ant-popover")]//*[contains(@class, "ant-btn-primary")]</arg>
<doc>Returns the given values which can then be assigned to a variables.</doc>
<msg timestamp="20231123 16:41:52.909" level="INFO">${element} = xpath=//*[contains(@class, "ant-popover")]//*[contains(@class, "ant-btn-primary")]</msg>
<status status="PASS" starttime="20231123 16:41:52.907" endtime="20231123 16:41:52.909"/>
</kw>
<kw name="Get Element Count" library="Browser">
<var>${count}</var>
<arg>${element}</arg>
<tag>Assertion</tag>
<tag>Getter</tag>
<tag>PageContent</tag>
<doc>Returns the count of elements found with ``selector``.</doc>
<msg timestamp="20231123 16:41:52.920" level="INFO">${count} = 1</msg>
<status status="PASS" starttime="20231123 16:41:52.910" endtime="20231123 16:41:52.920"/>
</kw>
<if>
<branch type="IF" condition="${count} &gt; 0">
<kw name="Click" library="Browser">
<arg>${element}</arg>
<tag>PageContent</tag>
<tag>Setter</tag>
<doc>Simulates mouse click on the element found by ``selector``.</doc>
<status status="PASS" starttime="20231123 16:41:52.923" endtime="20231123 16:41:53.197"/>
</kw>
<kw name="Sleep" library="BuiltIn">
<arg>${SHOULD_TIMEOUT}</arg>
<doc>Pauses the test executed for the given time.</doc>
<msg timestamp="20231123 16:41:53.300" level="INFO">Slept 100 milliseconds</msg>
<status status="PASS" starttime="20231123 16:41:53.198" endtime="20231123 16:41:53.302"/>
</kw>
<kw name="Wait Until Element Spin" library="common">
<kw name="Sleep" library="BuiltIn">
<arg>${SHOULD_TIMEOUT}</arg>
<doc>Pauses the test executed for the given time.</doc>
<msg timestamp="20231123 16:41:53.405" level="INFO">Slept 100 milliseconds</msg>
<status status="PASS" starttime="20231123 16:41:53.304" endtime="20231123 16:41:53.405"/>
</kw>
<kw name="Set Variable" library="BuiltIn">
<var>${element}</var>
<arg>xpath=//*[contains(@class, "ant-spin-spinning")]</arg>
<doc>Returns the given values which can then be assigned to a variables.</doc>
<msg timestamp="20231123 16:41:53.406" level="INFO">${element} = xpath=//*[contains(@class, "ant-spin-spinning")]</msg>
<status status="PASS" starttime="20231123 16:41:53.405" endtime="20231123 16:41:53.406"/>
</kw>
<kw name="Get Element Count" library="Browser">
<var>${count}</var>
<arg>${element}</arg>
<tag>Assertion</tag>
<tag>Getter</tag>
<tag>PageContent</tag>
<doc>Returns the count of elements found with ``selector``.</doc>
<msg timestamp="20231123 16:41:53.420" level="INFO">${count} = 0</msg>
<status status="PASS" starttime="20231123 16:41:53.408" endtime="20231123 16:41:53.420"/>
</kw>
<if>
<branch type="IF" condition="${count} &gt; 0">
<kw name="Wait Until Page Does Not Contain Element" library="common">
<arg>${element}</arg>
<status status="NOT RUN" starttime="20231123 16:41:53.422" endtime="20231123 16:41:53.423"/>
</kw>
<status status="NOT RUN" starttime="20231123 16:41:53.421" endtime="20231123 16:41:53.424"/>
</branch>
<status status="PASS" starttime="20231123 16:41:53.421" endtime="20231123 16:41:53.425"/>
</if>
<status status="PASS" starttime="20231123 16:41:53.303" endtime="20231123 16:41:53.425"/>
</kw>
<status status="PASS" starttime="20231123 16:41:52.921" endtime="20231123 16:41:53.426"/>
</branch>
<status status="PASS" starttime="20231123 16:41:52.921" endtime="20231123 16:41:53.427"/>
</if>
<status status="PASS" starttime="20231123 16:41:52.906" endtime="20231123 16:41:53.427"/>
</kw>
<kw name="Wait Until Network Is Idle" library="Browser">
<tag>HTTP</tag>
<tag>Wait</tag>
<doc>Waits until there has been at least one instance of 500 ms of no network traffic on the page after loading.</doc>
<status status="PASS" starttime="20231123 16:41:53.428" endtime="20231123 16:41:53.437"/>
</kw>
<status status="PASS" starttime="20231123 16:41:51.156" endtime="20231123 16:41:53.438"/>
</kw>
<kw name="Tear Down" library="common" type="TEARDOWN">
<kw name="Close Browser" library="Browser">
<arg>ALL</arg>
<tag>BrowserControl</tag>
<tag>Setter</tag>
<doc>Closes the current browser.</doc>
<msg timestamp="20231123 16:41:54.530" level="INFO">Closed all browsers</msg>
<status status="PASS" starttime="20231123 16:41:53.442" endtime="20231123 16:41:54.530"/>
</kw>
<status status="PASS" starttime="20231123 16:41:53.440" endtime="20231123 16:41:54.531"/>
</kw>
<tag>DetailedInfo</tag>
<tag>Smoketest</tag>
<status status="PASS" starttime="20231123 16:41:12.396" endtime="20231123 16:41:54.532"/>
</test>
<status status="PASS" starttime="20231123 16:41:10.001" endtime="20231123 16:41:54.582"/>
</suite>
<statistics>
<total>
<stat pass="1" fail="0" skip="0">All Tests</stat>
</total>
<tag>
<stat pass="1" fail="0" skip="0">DetailedInfo</stat>
<stat pass="1" fail="0" skip="0">Smoketest</stat>
</tag>
<suite>
<stat pass="1" fail="0" skip="0" id="s1" name="Post">Post</stat>
</suite>
</statistics>
<errors>
</errors>
</robot>
