<?xml version="1.0" encoding="UTF-8"?>
<robot generator="Robot 6.1.1 (Python 3.11.4 on win32)" generated="20231030 16:47:12.109" rpa="false" schemaversion="4">
<suite id="s1" name="Customer Account" source="d:\Intern test\Automation\Auto_Web\testcases\customer_account.robot">
<test id="s1-t1" name="CA_11 Check the update of account list after cancel the search action" line="142">
<kw name="Setup" library="common" type="SETUP">
<kw name="Set Browser Timeout" library="Browser">
<arg>${BROWSER_TIMEOUT}</arg>
<tag>Config</tag>
<tag>Setter</tag>
<doc>Sets the timeout used by most input and getter keywords.</doc>
<status status="PASS" starttime="20231030 16:47:14.808" endtime="20231030 16:47:14.831"/>
</kw>
<kw name="New Browser" library="Browser">
<arg>${BROWSER}</arg>
<arg>headless=${HEADLESS}</arg>
<tag>BrowserControl</tag>
<tag>Setter</tag>
<doc>Create a new playwright Browser with specified options.</doc>
<msg timestamp="20231030 16:47:14.833" level="INFO">{"browser": "chromium", "headless": false, "chromiumSandbox": false, "devtools": false, "handleSIGHUP": true, "handleSIGINT": true, "handleSIGTERM": true, "ignoreDefaultArgs": false, "slowMo": 0.0, "timeout": 30000.0, "tracesDir": "D:\\Intern test\\Automation\\browser\\traces\\4a398ebd-89be-473d-9d04-16befc572727"}</msg>
<msg timestamp="20231030 16:47:17.034" level="INFO">Successfully created browser with options: {"browser":"chromium","headless":false,"chromiumSandbox":false,"devtools":false,"handleSIGHUP":true,"handleSIGINT":true,"handleSIGTERM":true,"ignoreDefaultArgs":false,"slowMo":0,"timeout":30000,"tracesDir":"D:\\Intern test\\Automation\\browser\\traces\\4a398ebd-89be-473d-9d04-16befc572727"}</msg>
<status status="PASS" starttime="20231030 16:47:14.832" endtime="20231030 16:47:17.035"/>
</kw>
<kw name="New Page" library="Browser">
<arg>${URL_DEFAULT}</arg>
<tag>BrowserControl</tag>
<tag>Setter</tag>
<doc>Open a new Page.</doc>
<msg timestamp="20231030 16:47:21.123" level="INFO">Successfully initialized new page object and opened url: http://dev1.geneat.vn:7802/vn</msg>
<msg timestamp="20231030 16:47:21.124" level="INFO">No context was open. New context was automatically opened when this page is created.</msg>
<status status="PASS" starttime="20231030 16:47:17.035" endtime="20231030 16:47:21.125"/>
</kw>
<kw name="Evaluate" library="BuiltIn">
<var>${STATE}</var>
<arg>json.loads('''{}''')</arg>
<arg>json</arg>
<doc>Evaluates the given expression in Python and returns the result.</doc>
<msg timestamp="20231030 16:47:21.128" level="INFO">${STATE} = {}</msg>
<status status="PASS" starttime="20231030 16:47:21.126" endtime="20231030 16:47:21.128"/>
</kw>
<status status="PASS" starttime="20231030 16:47:14.808" endtime="20231030 16:47:21.129"/>
</kw>
<kw name="Create a test account with &quot;Farmer Side&quot; type" sourcename="Create a test account with &quot;${type}&quot; type">
<var>${AccountName}</var>
<kw name="Run Keyword And Return Status" library="BuiltIn">
<var>${condition}</var>
<arg>Confirm locating exactly in "Tài khoản khách hàng" page</arg>
<doc>Runs the given keyword with given arguments and returns the status as a Boolean value.</doc>
<kw name="Confirm locating exactly in &quot;Tài khoản khách hàng&quot; page" library="common" sourcename="Confirm locating exactly in &quot;${name}&quot; page">
<kw name="Get Element Count" library="Browser">
<var>${cnt}</var>
<arg>//header//span[contains(text(),"${name}")]</arg>
<tag>Assertion</tag>
<tag>Getter</tag>
<tag>PageContent</tag>
<doc>Returns the count of elements found with ``selector``.</doc>
<msg timestamp="20231030 16:47:21.260" level="INFO">${cnt} = 0</msg>
<status status="PASS" starttime="20231030 16:47:21.174" endtime="20231030 16:47:21.260"/>
</kw>
<kw name="Should Be True" library="BuiltIn">
<arg>${cnt} &gt; 0</arg>
<doc>Fails if the given condition is not true.</doc>
<msg timestamp="20231030 16:47:21.262" level="FAIL">'0 &gt; 0' should be true.</msg>
<status status="FAIL" starttime="20231030 16:47:21.261" endtime="20231030 16:47:21.263"/>
</kw>
<status status="FAIL" starttime="20231030 16:47:21.162" endtime="20231030 16:47:21.264"/>
</kw>
<msg timestamp="20231030 16:47:21.265" level="INFO">${condition} = False</msg>
<status status="PASS" starttime="20231030 16:47:21.158" endtime="20231030 16:47:21.265"/>
</kw>
<if>
<branch type="IF" condition="'${condition}' == 'True'">
<kw name="Click &quot;Tạo mới&quot; button" library="common" sourcename="Click &quot;${text}&quot; button">
<status status="NOT RUN" starttime="20231030 16:47:21.272" endtime="20231030 16:47:21.272"/>
</kw>
<status status="NOT RUN" starttime="20231030 16:47:21.266" endtime="20231030 16:47:21.273"/>
</branch>
<branch type="ELSE">
<kw name="Go to page create account &quot;Tài khoản Người dùng&quot; with &quot;/customer-account&quot;" sourcename="Go to page create account &quot;${name}&quot; with &quot;${url}&quot;">
<kw name="Login to admin" library="common">
<kw name="Enter &quot;email&quot; in &quot;Email&quot; with &quot;admin@gmail.com&quot;" library="common" sourcename="Enter &quot;${type}&quot; in &quot;${name}&quot; with &quot;${text}&quot;">
<kw name="Get Random Text" library="common">
<var>${text}</var>
<arg>${type}</arg>
<arg>${text}</arg>
<kw name="Set Variable" library="BuiltIn">
<var>${symbol}</var>
<arg>_RANDOM_</arg>
<doc>Returns the given values which can then be assigned to a variables.</doc>
<msg timestamp="20231030 16:47:21.281" level="INFO">${symbol} = _RANDOM_</msg>
<status status="PASS" starttime="20231030 16:47:21.280" endtime="20231030 16:47:21.281"/>
</kw>
<kw name="Set Variable" library="BuiltIn">
<var>${new_text}</var>
<doc>Returns the given values which can then be assigned to a variables.</doc>
<msg timestamp="20231030 16:47:21.287" level="INFO">${new_text} = </msg>
<status status="PASS" starttime="20231030 16:47:21.283" endtime="20231030 16:47:21.288"/>
</kw>
<kw name="Get Regexp Matches" library="String">
<var>${containsS}</var>
<arg>${text}</arg>
<arg>_@(.+)@_</arg>
<arg>1</arg>
<doc>Returns a list of all non-overlapping matches in the given string.</doc>
<msg timestamp="20231030 16:47:21.291" level="INFO">${containsS} = []</msg>
<status status="PASS" starttime="20231030 16:47:21.289" endtime="20231030 16:47:21.292"/>
</kw>
<kw name="Get Length" library="BuiltIn">
<var>${cntS}</var>
<arg>${containsS}</arg>
<doc>Returns and logs the length of the given item as an integer.</doc>
<msg timestamp="20231030 16:47:21.294" level="INFO">Length is 0</msg>
<msg timestamp="20231030 16:47:21.294" level="INFO">${cntS} = 0</msg>
<status status="PASS" starttime="20231030 16:47:21.292" endtime="20231030 16:47:21.295"/>
</kw>
<kw name="Get Regexp Matches" library="String">
<var>${contains}</var>
<arg>${text}</arg>
<arg>${symbol}</arg>
<doc>Returns a list of all non-overlapping matches in the given string.</doc>
<msg timestamp="20231030 16:47:21.297" level="INFO">${contains} = []</msg>
<status status="PASS" starttime="20231030 16:47:21.296" endtime="20231030 16:47:21.297"/>
</kw>
<kw name="Get Length" library="BuiltIn">
<var>${cnt}</var>
<arg>${contains}</arg>
<doc>Returns and logs the length of the given item as an integer.</doc>
<msg timestamp="20231030 16:47:21.299" level="INFO">Length is 0</msg>
<msg timestamp="20231030 16:47:21.301" level="INFO">${cnt} = 0</msg>
<status status="PASS" starttime="20231030 16:47:21.298" endtime="20231030 16:47:21.303"/>
</kw>
<if>
<branch type="IF" condition="${cntS} &gt; 0">
<kw name="Set Variable" library="BuiltIn">
<var>${new_text}</var>
<arg>${STATE["${containsS[0]}"]}</arg>
<doc>Returns the given values which can then be assigned to a variables.</doc>
<status status="NOT RUN" starttime="20231030 16:47:21.306" endtime="20231030 16:47:21.307"/>
</kw>
<kw name="Set Variable" library="BuiltIn">
<var>${symbol}</var>
<arg>_@${containsS[0]}@_</arg>
<doc>Returns the given values which can then be assigned to a variables.</doc>
<status status="NOT RUN" starttime="20231030 16:47:21.308" endtime="20231030 16:47:21.309"/>
</kw>
<status status="NOT RUN" starttime="20231030 16:47:21.305" endtime="20231030 16:47:21.309"/>
</branch>
<branch type="ELSE IF" condition="${cnt} &gt; 0 and '${type}' == 'test name'">
<kw name="Sentence" library="FakerLibrary">
<var>${random}</var>
<arg>nb_words=3</arg>
<doc>Generate a sentence.</doc>
<status status="NOT RUN" starttime="20231030 16:47:21.311" endtime="20231030 16:47:21.311"/>
</kw>
<kw name="Split String" library="String">
<var>${words}</var>
<arg>${TEST NAME}</arg>
<arg>${SPACE}</arg>
<doc>Splits the ``string`` using ``separator`` as a delimiter string.</doc>
<status status="NOT RUN" starttime="20231030 16:47:21.311" endtime="20231030 16:47:21.311"/>
</kw>
<kw name="Set Variable" library="BuiltIn">
<var>${new_text}</var>
<arg>${words[0]} ${random}</arg>
<doc>Returns the given values which can then be assigned to a variables.</doc>
<status status="NOT RUN" starttime="20231030 16:47:21.311" endtime="20231030 16:47:21.320"/>
</kw>
<status status="NOT RUN" starttime="20231030 16:47:21.311" endtime="20231030 16:47:21.320"/>
</branch>
<branch type="ELSE IF" condition="${cnt} &gt; 0 and '${type}' == 'number'">
<kw name="Random Int" library="FakerLibrary">
<var>${new_text}</var>
<doc>Generate a random integer between two integers ``min`` and ``max`` inclusive
while observing the provided ``step`` value.</doc>
<status status="NOT RUN" starttime="20231030 16:47:21.323" endtime="20231030 16:47:21.323"/>
</kw>
<kw name="Convert To String" library="BuiltIn">
<var>${new_text}</var>
<arg>${new_text}</arg>
<doc>Converts the given item to a Unicode string.</doc>
<status status="NOT RUN" starttime="20231030 16:47:21.323" endtime="20231030 16:47:21.323"/>
</kw>
<status status="NOT RUN" starttime="20231030 16:47:21.320" endtime="20231030 16:47:21.323"/>
</branch>
<branch type="ELSE IF" condition="${cnt} &gt; 0 and '${type}' == 'percentage'">
<kw name="Random Int" library="FakerLibrary">
<var>${new_text}</var>
<arg>max=100</arg>
<doc>Generate a random integer between two integers ``min`` and ``max`` inclusive
while observing the provided ``step`` value.</doc>
<status status="NOT RUN" starttime="20231030 16:47:21.329" endtime="20231030 16:47:21.329"/>
</kw>
<kw name="Convert To String" library="BuiltIn">
<var>${new_text}</var>
<arg>${new_text}</arg>
<doc>Converts the given item to a Unicode string.</doc>
<status status="NOT RUN" starttime="20231030 16:47:21.331" endtime="20231030 16:47:21.331"/>
</kw>
<status status="NOT RUN" starttime="20231030 16:47:21.323" endtime="20231030 16:47:21.331"/>
</branch>
<branch type="ELSE IF" condition="${cnt} &gt; 0 and '${type}' == 'paragraph'">
<kw name="Paragraph" library="FakerLibrary">
<var>${new_text}</var>
<doc>Generate a paragraph.</doc>
<status status="NOT RUN" starttime="20231030 16:47:21.331" endtime="20231030 16:47:21.331"/>
</kw>
<status status="NOT RUN" starttime="20231030 16:47:21.331" endtime="20231030 16:47:21.331"/>
</branch>
<branch type="ELSE IF" condition="${cnt} &gt; 0 and '${type}' == 'email'">
<kw name="Email" library="FakerLibrary">
<var>${new_text}</var>
<status status="NOT RUN" starttime="20231030 16:47:21.331" endtime="20231030 16:47:21.339"/>
</kw>
<status status="NOT RUN" starttime="20231030 16:47:21.331" endtime="20231030 16:47:21.361"/>
</branch>
<branch type="ELSE IF" condition="${cnt} &gt; 0 and '${type}' == 'phone'">
<kw name="Random Int" library="FakerLibrary">
<var>${new_text}</var>
<arg>min=2000000000</arg>
<arg>max=9999999999</arg>
<doc>Generate a random integer between two integers ``min`` and ``max`` inclusive
while observing the provided ``step`` value.</doc>
<status status="NOT RUN" starttime="20231030 16:47:21.361" endtime="20231030 16:47:21.361"/>
</kw>
<kw name="Convert To String" library="BuiltIn">
<var>${new_text}</var>
<arg>${new_text}</arg>
<doc>Converts the given item to a Unicode string.</doc>
<status status="NOT RUN" starttime="20231030 16:47:21.381" endtime="20231030 16:47:21.381"/>
</kw>
<kw name="Catenate" library="BuiltIn">
<var>${new_text}</var>
<arg>SEPARATOR=</arg>
<arg>0</arg>
<arg>${new_text}</arg>
<doc>Catenates the given items together and returns the resulted string.</doc>
<status status="NOT RUN" starttime="20231030 16:47:21.388" endtime="20231030 16:47:21.389"/>
</kw>
<status status="NOT RUN" starttime="20231030 16:47:21.361" endtime="20231030 16:47:21.389"/>
</branch>
<branch type="ELSE IF" condition="${cnt} &gt; 0 and '${type}' == 'color'">
<kw name="Safe Hex Color" library="FakerLibrary">
<var>${new_text}</var>
<doc>Generate a web-safe color formatted as a hex triplet.</doc>
<status status="NOT RUN" starttime="20231030 16:47:21.391" endtime="20231030 16:47:21.392"/>
</kw>
<status status="NOT RUN" starttime="20231030 16:47:21.390" endtime="20231030 16:47:21.392"/>
</branch>
<branch type="ELSE IF" condition="${cnt} &gt; 0 and &quot;${type}&quot; == 'password'">
<kw name="Password" library="FakerLibrary">
<var>${new_text}</var>
<arg>10</arg>
<arg>True</arg>
<arg>True</arg>
<arg>True</arg>
<arg>True</arg>
<doc>Generate a random password of the specified ``length``.</doc>
<status status="NOT RUN" starttime="20231030 16:47:21.392" endtime="20231030 16:47:21.392"/>
</kw>
<status status="NOT RUN" starttime="20231030 16:47:21.392" endtime="20231030 16:47:21.392"/>
</branch>
<branch type="ELSE IF" condition="${cnt} &gt; 0 and '${type}' == 'date'">
<kw name="Date" library="FakerLibrary">
<var>${new_text}</var>
<arg>pattern=%d-%m-%Y</arg>
<doc>Get a date string between January 1, 1970 and now.</doc>
<status status="NOT RUN" starttime="20231030 16:47:21.392" endtime="20231030 16:47:21.392"/>
</kw>
<status status="NOT RUN" starttime="20231030 16:47:21.392" endtime="20231030 16:47:21.392"/>
</branch>
<branch type="ELSE IF" condition="${cnt} &gt; 0 and '${type}' == 'word'">
<kw name="Sentence" library="FakerLibrary">
<var>${new_text}</var>
<arg>nb_words=2</arg>
<doc>Generate a sentence.</doc>
<status status="NOT RUN" starttime="20231030 16:47:21.404" endtime="20231030 16:47:21.405"/>
</kw>
<status status="NOT RUN" starttime="20231030 16:47:21.399" endtime="20231030 16:47:21.406"/>
</branch>
<branch type="ELSE IF" condition="${cnt} &gt; 0">
<kw name="Sentence" library="FakerLibrary">
<var>${new_text}</var>
<doc>Generate a sentence.</doc>
<status status="NOT RUN" starttime="20231030 16:47:21.411" endtime="20231030 16:47:21.412"/>
</kw>
<status status="NOT RUN" starttime="20231030 16:47:21.406" endtime="20231030 16:47:21.412"/>
</branch>
<status status="PASS" starttime="20231030 16:47:21.304" endtime="20231030 16:47:21.412"/>
</if>
<kw name="Get Length" library="BuiltIn">
<var>${cnt}</var>
<arg>${text}</arg>
<doc>Returns and logs the length of the given item as an integer.</doc>
<msg timestamp="20231030 16:47:21.412" level="INFO">Length is 15</msg>
<msg timestamp="20231030 16:47:21.412" level="INFO">${cnt} = 15</msg>
<status status="PASS" starttime="20231030 16:47:21.412" endtime="20231030 16:47:21.412"/>
</kw>
<if>
<branch type="IF" condition="${cnt} &gt; 0">
<kw name="Replace String" library="String">
<var>${text}</var>
<arg>${text}</arg>
<arg>${symbol}</arg>
<arg>${new_text}</arg>
<doc>Replaces ``search_for`` in the given ``string`` with ``replace_with``.</doc>
<msg timestamp="20231030 16:47:21.423" level="INFO">${text} = admin@gmail.com</msg>
<status status="PASS" starttime="20231030 16:47:21.422" endtime="20231030 16:47:21.423"/>
</kw>
<status status="PASS" starttime="20231030 16:47:21.412" endtime="20231030 16:47:21.424"/>
</branch>
<status status="PASS" starttime="20231030 16:47:21.412" endtime="20231030 16:47:21.426"/>
</if>
<msg timestamp="20231030 16:47:21.427" level="INFO">${text} = admin@gmail.com</msg>
<status status="PASS" starttime="20231030 16:47:21.278" endtime="20231030 16:47:21.427"/>
</kw>
<kw name="Get Element Form Item By Name" library="common">
<var>${element}</var>
<arg>${name}</arg>
<arg>//input[contains(@class, "ant-input")]</arg>
<msg timestamp="20231030 16:47:21.430" level="INFO">${element} = xpath=//*[contains(@class, "ant-form-item-label")]/label[text()="Email"]/../../*[contains(@class, "ant-form-item")]//input[contains(@class, "ant-input")]</msg>
<status status="PASS" starttime="20231030 16:47:21.427" endtime="20231030 16:47:21.430"/>
</kw>
<kw name="Click" library="Browser">
<arg>${element}</arg>
<tag>PageContent</tag>
<tag>Setter</tag>
<doc>Simulates mouse click on the element found by ``selector``.</doc>
<status status="PASS" starttime="20231030 16:47:21.430" endtime="20231030 16:47:21.689"/>
</kw>
<kw name="Clear Text" library="Browser">
<arg>${element}</arg>
<tag>PageContent</tag>
<tag>Setter</tag>
<doc>Clears the text field found by ``selector``.</doc>
<status status="PASS" starttime="20231030 16:47:21.690" endtime="20231030 16:47:21.811"/>
</kw>
<kw name="Fill Text" library="Browser">
<arg>${element}</arg>
<arg>${text}</arg>
<arg>True</arg>
<tag>PageContent</tag>
<tag>Setter</tag>
<doc>Clears and fills the given ``txt`` into the text field found by ``selector``.</doc>
<msg timestamp="20231030 16:47:21.820" level="INFO">Fills the text 'admin@gmail.com' in the given field.</msg>
<status status="PASS" starttime="20231030 16:47:21.811" endtime="20231030 16:47:21.892"/>
</kw>
<kw name="Get Length" library="BuiltIn">
<var>${cnt}</var>
<arg>${text}</arg>
<doc>Returns and logs the length of the given item as an integer.</doc>
<msg timestamp="20231030 16:47:21.892" level="INFO">Length is 15</msg>
<msg timestamp="20231030 16:47:21.892" level="INFO">${cnt} = 15</msg>
<status status="PASS" starttime="20231030 16:47:21.892" endtime="20231030 16:47:21.892"/>
</kw>
<if>
<branch type="IF" condition="${cnt} &gt; 0">
<kw name="Set Global Variable" library="BuiltIn">
<arg>\${STATE["${name}"]}</arg>
<arg>${text}</arg>
<doc>Makes a variable available globally in all tests and suites.</doc>
<msg timestamp="20231030 16:47:21.901" level="INFO">${STATE["Email"]} = admin@gmail.com</msg>
<status status="PASS" starttime="20231030 16:47:21.892" endtime="20231030 16:47:21.901"/>
</kw>
<status status="PASS" starttime="20231030 16:47:21.892" endtime="20231030 16:47:21.901"/>
</branch>
<status status="PASS" starttime="20231030 16:47:21.892" endtime="20231030 16:47:21.901"/>
</if>
<status status="PASS" starttime="20231030 16:47:21.277" endtime="20231030 16:47:21.901"/>
</kw>
<kw name="Enter &quot;password&quot; in &quot;Mật khẩu&quot; with &quot;123123&quot;" library="common" sourcename="Enter &quot;${type}&quot; in &quot;${name}&quot; with &quot;${text}&quot;">
<kw name="Get Random Text" library="common">
<var>${text}</var>
<arg>${type}</arg>
<arg>${text}</arg>
<kw name="Set Variable" library="BuiltIn">
<var>${symbol}</var>
<arg>_RANDOM_</arg>
<doc>Returns the given values which can then be assigned to a variables.</doc>
<msg timestamp="20231030 16:47:21.901" level="INFO">${symbol} = _RANDOM_</msg>
<status status="PASS" starttime="20231030 16:47:21.901" endtime="20231030 16:47:21.901"/>
</kw>
<kw name="Set Variable" library="BuiltIn">
<var>${new_text}</var>
<doc>Returns the given values which can then be assigned to a variables.</doc>
<msg timestamp="20231030 16:47:21.910" level="INFO">${new_text} = </msg>
<status status="PASS" starttime="20231030 16:47:21.910" endtime="20231030 16:47:21.910"/>
</kw>
<kw name="Get Regexp Matches" library="String">
<var>${containsS}</var>
<arg>${text}</arg>
<arg>_@(.+)@_</arg>
<arg>1</arg>
<doc>Returns a list of all non-overlapping matches in the given string.</doc>
<msg timestamp="20231030 16:47:21.912" level="INFO">${containsS} = []</msg>
<status status="PASS" starttime="20231030 16:47:21.912" endtime="20231030 16:47:21.912"/>
</kw>
<kw name="Get Length" library="BuiltIn">
<var>${cntS}</var>
<arg>${containsS}</arg>
<doc>Returns and logs the length of the given item as an integer.</doc>
<msg timestamp="20231030 16:47:21.914" level="INFO">Length is 0</msg>
<msg timestamp="20231030 16:47:21.914" level="INFO">${cntS} = 0</msg>
<status status="PASS" starttime="20231030 16:47:21.914" endtime="20231030 16:47:21.914"/>
</kw>
<kw name="Get Regexp Matches" library="String">
<var>${contains}</var>
<arg>${text}</arg>
<arg>${symbol}</arg>
<doc>Returns a list of all non-overlapping matches in the given string.</doc>
<msg timestamp="20231030 16:47:21.920" level="INFO">${contains} = []</msg>
<status status="PASS" starttime="20231030 16:47:21.914" endtime="20231030 16:47:21.920"/>
</kw>
<kw name="Get Length" library="BuiltIn">
<var>${cnt}</var>
<arg>${contains}</arg>
<doc>Returns and logs the length of the given item as an integer.</doc>
<msg timestamp="20231030 16:47:21.922" level="INFO">Length is 0</msg>
<msg timestamp="20231030 16:47:21.922" level="INFO">${cnt} = 0</msg>
<status status="PASS" starttime="20231030 16:47:21.921" endtime="20231030 16:47:21.922"/>
</kw>
<if>
<branch type="IF" condition="${cntS} &gt; 0">
<kw name="Set Variable" library="BuiltIn">
<var>${new_text}</var>
<arg>${STATE["${containsS[0]}"]}</arg>
<doc>Returns the given values which can then be assigned to a variables.</doc>
<status status="NOT RUN" starttime="20231030 16:47:21.922" endtime="20231030 16:47:21.922"/>
</kw>
<kw name="Set Variable" library="BuiltIn">
<var>${symbol}</var>
<arg>_@${containsS[0]}@_</arg>
<doc>Returns the given values which can then be assigned to a variables.</doc>
<status status="NOT RUN" starttime="20231030 16:47:21.922" endtime="20231030 16:47:21.922"/>
</kw>
<status status="NOT RUN" starttime="20231030 16:47:21.922" endtime="20231030 16:47:21.922"/>
</branch>
<branch type="ELSE IF" condition="${cnt} &gt; 0 and '${type}' == 'test name'">
<kw name="Sentence" library="FakerLibrary">
<var>${random}</var>
<arg>nb_words=3</arg>
<doc>Generate a sentence.</doc>
<status status="NOT RUN" starttime="20231030 16:47:21.930" endtime="20231030 16:47:21.930"/>
</kw>
<kw name="Split String" library="String">
<var>${words}</var>
<arg>${TEST NAME}</arg>
<arg>${SPACE}</arg>
<doc>Splits the ``string`` using ``separator`` as a delimiter string.</doc>
<status status="NOT RUN" starttime="20231030 16:47:21.932" endtime="20231030 16:47:21.932"/>
</kw>
<kw name="Set Variable" library="BuiltIn">
<var>${new_text}</var>
<arg>${words[0]} ${random}</arg>
<doc>Returns the given values which can then be assigned to a variables.</doc>
<status status="NOT RUN" starttime="20231030 16:47:21.932" endtime="20231030 16:47:21.932"/>
</kw>
<status status="NOT RUN" starttime="20231030 16:47:21.930" endtime="20231030 16:47:21.932"/>
</branch>
<branch type="ELSE IF" condition="${cnt} &gt; 0 and '${type}' == 'number'">
<kw name="Random Int" library="FakerLibrary">
<var>${new_text}</var>
<doc>Generate a random integer between two integers ``min`` and ``max`` inclusive
while observing the provided ``step`` value.</doc>
<status status="NOT RUN" starttime="20231030 16:47:21.940" endtime="20231030 16:47:21.940"/>
</kw>
<kw name="Convert To String" library="BuiltIn">
<var>${new_text}</var>
<arg>${new_text}</arg>
<doc>Converts the given item to a Unicode string.</doc>
<status status="NOT RUN" starttime="20231030 16:47:21.940" endtime="20231030 16:47:21.942"/>
</kw>
<status status="NOT RUN" starttime="20231030 16:47:21.932" endtime="20231030 16:47:21.942"/>
</branch>
<branch type="ELSE IF" condition="${cnt} &gt; 0 and '${type}' == 'percentage'">
<kw name="Random Int" library="FakerLibrary">
<var>${new_text}</var>
<arg>max=100</arg>
<doc>Generate a random integer between two integers ``min`` and ``max`` inclusive
while observing the provided ``step`` value.</doc>
<status status="NOT RUN" starttime="20231030 16:47:21.945" endtime="20231030 16:47:21.945"/>
</kw>
<kw name="Convert To String" library="BuiltIn">
<var>${new_text}</var>
<arg>${new_text}</arg>
<doc>Converts the given item to a Unicode string.</doc>
<status status="NOT RUN" starttime="20231030 16:47:21.945" endtime="20231030 16:47:21.945"/>
</kw>
<status status="NOT RUN" starttime="20231030 16:47:21.942" endtime="20231030 16:47:21.945"/>
</branch>
<branch type="ELSE IF" condition="${cnt} &gt; 0 and '${type}' == 'paragraph'">
<kw name="Paragraph" library="FakerLibrary">
<var>${new_text}</var>
<doc>Generate a paragraph.</doc>
<status status="NOT RUN" starttime="20231030 16:47:21.945" endtime="20231030 16:47:21.954"/>
</kw>
<status status="NOT RUN" starttime="20231030 16:47:21.945" endtime="20231030 16:47:21.955"/>
</branch>
<branch type="ELSE IF" condition="${cnt} &gt; 0 and '${type}' == 'email'">
<kw name="Email" library="FakerLibrary">
<var>${new_text}</var>
<status status="NOT RUN" starttime="20231030 16:47:21.955" endtime="20231030 16:47:21.955"/>
</kw>
<status status="NOT RUN" starttime="20231030 16:47:21.955" endtime="20231030 16:47:21.955"/>
</branch>
<branch type="ELSE IF" condition="${cnt} &gt; 0 and '${type}' == 'phone'">
<kw name="Random Int" library="FakerLibrary">
<var>${new_text}</var>
<arg>min=2000000000</arg>
<arg>max=9999999999</arg>
<doc>Generate a random integer between two integers ``min`` and ``max`` inclusive
while observing the provided ``step`` value.</doc>
<status status="NOT RUN" starttime="20231030 16:47:21.955" endtime="20231030 16:47:21.955"/>
</kw>
<kw name="Convert To String" library="BuiltIn">
<var>${new_text}</var>
<arg>${new_text}</arg>
<doc>Converts the given item to a Unicode string.</doc>
<status status="NOT RUN" starttime="20231030 16:47:21.960" endtime="20231030 16:47:21.960"/>
</kw>
<kw name="Catenate" library="BuiltIn">
<var>${new_text}</var>
<arg>SEPARATOR=</arg>
<arg>0</arg>
<arg>${new_text}</arg>
<doc>Catenates the given items together and returns the resulted string.</doc>
<status status="NOT RUN" starttime="20231030 16:47:21.960" endtime="20231030 16:47:21.962"/>
</kw>
<status status="NOT RUN" starttime="20231030 16:47:21.955" endtime="20231030 16:47:21.962"/>
</branch>
<branch type="ELSE IF" condition="${cnt} &gt; 0 and '${type}' == 'color'">
<kw name="Safe Hex Color" library="FakerLibrary">
<var>${new_text}</var>
<doc>Generate a web-safe color formatted as a hex triplet.</doc>
<status status="NOT RUN" starttime="20231030 16:47:21.962" endtime="20231030 16:47:21.962"/>
</kw>
<status status="NOT RUN" starttime="20231030 16:47:21.962" endtime="20231030 16:47:21.962"/>
</branch>
<branch type="ELSE IF" condition="${cnt} &gt; 0 and &quot;${type}&quot; == 'password'">
<kw name="Password" library="FakerLibrary">
<var>${new_text}</var>
<arg>10</arg>
<arg>True</arg>
<arg>True</arg>
<arg>True</arg>
<arg>True</arg>
<doc>Generate a random password of the specified ``length``.</doc>
<status status="NOT RUN" starttime="20231030 16:47:21.970" endtime="20231030 16:47:21.970"/>
</kw>
<status status="NOT RUN" starttime="20231030 16:47:21.969" endtime="20231030 16:47:21.971"/>
</branch>
<branch type="ELSE IF" condition="${cnt} &gt; 0 and '${type}' == 'date'">
<kw name="Date" library="FakerLibrary">
<var>${new_text}</var>
<arg>pattern=%d-%m-%Y</arg>
<doc>Get a date string between January 1, 1970 and now.</doc>
<status status="NOT RUN" starttime="20231030 16:47:21.973" endtime="20231030 16:47:21.973"/>
</kw>
<status status="NOT RUN" starttime="20231030 16:47:21.971" endtime="20231030 16:47:21.973"/>
</branch>
<branch type="ELSE IF" condition="${cnt} &gt; 0 and '${type}' == 'word'">
<kw name="Sentence" library="FakerLibrary">
<var>${new_text}</var>
<arg>nb_words=2</arg>
<doc>Generate a sentence.</doc>
<status status="NOT RUN" starttime="20231030 16:47:21.973" endtime="20231030 16:47:21.973"/>
</kw>
<status status="NOT RUN" starttime="20231030 16:47:21.973" endtime="20231030 16:47:21.973"/>
</branch>
<branch type="ELSE IF" condition="${cnt} &gt; 0">
<kw name="Sentence" library="FakerLibrary">
<var>${new_text}</var>
<doc>Generate a sentence.</doc>
<status status="NOT RUN" starttime="20231030 16:47:21.981" endtime="20231030 16:47:21.981"/>
</kw>
<status status="NOT RUN" starttime="20231030 16:47:21.973" endtime="20231030 16:47:21.981"/>
</branch>
<status status="PASS" starttime="20231030 16:47:21.922" endtime="20231030 16:47:21.983"/>
</if>
<kw name="Get Length" library="BuiltIn">
<var>${cnt}</var>
<arg>${text}</arg>
<doc>Returns and logs the length of the given item as an integer.</doc>
<msg timestamp="20231030 16:47:21.983" level="INFO">Length is 6</msg>
<msg timestamp="20231030 16:47:21.983" level="INFO">${cnt} = 6</msg>
<status status="PASS" starttime="20231030 16:47:21.983" endtime="20231030 16:47:21.983"/>
</kw>
<if>
<branch type="IF" condition="${cnt} &gt; 0">
<kw name="Replace String" library="String">
<var>${text}</var>
<arg>${text}</arg>
<arg>${symbol}</arg>
<arg>${new_text}</arg>
<doc>Replaces ``search_for`` in the given ``string`` with ``replace_with``.</doc>
<msg timestamp="20231030 16:47:21.993" level="INFO">${text} = 123123</msg>
<status status="PASS" starttime="20231030 16:47:21.991" endtime="20231030 16:47:21.993"/>
</kw>
<status status="PASS" starttime="20231030 16:47:21.983" endtime="20231030 16:47:21.993"/>
</branch>
<status status="PASS" starttime="20231030 16:47:21.983" endtime="20231030 16:47:21.993"/>
</if>
<msg timestamp="20231030 16:47:21.993" level="INFO">${text} = 123123</msg>
<status status="PASS" starttime="20231030 16:47:21.901" endtime="20231030 16:47:21.993"/>
</kw>
<kw name="Get Element Form Item By Name" library="common">
<var>${element}</var>
<arg>${name}</arg>
<arg>//input[contains(@class, "ant-input")]</arg>
<msg timestamp="20231030 16:47:21.993" level="INFO">${element} = xpath=//*[contains(@class, "ant-form-item-label")]/label[text()="Mật khẩu"]/../../*[contains(@class, "ant-form-item")]//input[contains(@class, "ant-input")]</msg>
<status status="PASS" starttime="20231030 16:47:21.993" endtime="20231030 16:47:21.993"/>
</kw>
<kw name="Click" library="Browser">
<arg>${element}</arg>
<tag>PageContent</tag>
<tag>Setter</tag>
<doc>Simulates mouse click on the element found by ``selector``.</doc>
<status status="PASS" starttime="20231030 16:47:22.002" endtime="20231030 16:47:22.153"/>
</kw>
<kw name="Clear Text" library="Browser">
<arg>${element}</arg>
<tag>PageContent</tag>
<tag>Setter</tag>
<doc>Clears the text field found by ``selector``.</doc>
<status status="PASS" starttime="20231030 16:47:22.154" endtime="20231030 16:47:22.206"/>
</kw>
<kw name="Fill Text" library="Browser">
<arg>${element}</arg>
<arg>${text}</arg>
<arg>True</arg>
<tag>PageContent</tag>
<tag>Setter</tag>
<doc>Clears and fills the given ``txt`` into the text field found by ``selector``.</doc>
<msg timestamp="20231030 16:47:22.206" level="INFO">Fills the text '123123' in the given field.</msg>
<status status="PASS" starttime="20231030 16:47:22.206" endtime="20231030 16:47:22.271"/>
</kw>
<kw name="Get Length" library="BuiltIn">
<var>${cnt}</var>
<arg>${text}</arg>
<doc>Returns and logs the length of the given item as an integer.</doc>
<msg timestamp="20231030 16:47:22.273" level="INFO">Length is 6</msg>
<msg timestamp="20231030 16:47:22.274" level="INFO">${cnt} = 6</msg>
<status status="PASS" starttime="20231030 16:47:22.272" endtime="20231030 16:47:22.274"/>
</kw>
<if>
<branch type="IF" condition="${cnt} &gt; 0">
<kw name="Set Global Variable" library="BuiltIn">
<arg>\${STATE["${name}"]}</arg>
<arg>${text}</arg>
<doc>Makes a variable available globally in all tests and suites.</doc>
<msg timestamp="20231030 16:47:22.277" level="INFO">${STATE["Mật khẩu"]} = 123123</msg>
<status status="PASS" starttime="20231030 16:47:22.276" endtime="20231030 16:47:22.277"/>
</kw>
<status status="PASS" starttime="20231030 16:47:22.275" endtime="20231030 16:47:22.278"/>
</branch>
<status status="PASS" starttime="20231030 16:47:22.274" endtime="20231030 16:47:22.278"/>
</if>
<status status="PASS" starttime="20231030 16:47:21.901" endtime="20231030 16:47:22.279"/>
</kw>
<kw name="Click &quot;Đăng nhập&quot; button" library="common" sourcename="Click &quot;${text}&quot; button">
<kw name="Sleep" library="BuiltIn">
<arg>${SHOULD_TIMEOUT}</arg>
<doc>Pauses the test executed for the given time.</doc>
<msg timestamp="20231030 16:47:22.382" level="INFO">Slept 100 milliseconds</msg>
<status status="PASS" starttime="20231030 16:47:22.281" endtime="20231030 16:47:22.382"/>
</kw>
<kw name="Get Element Count" library="Browser">
<var>${cnt}</var>
<arg>//button[@title = "${text}"]</arg>
<tag>Assertion</tag>
<tag>Getter</tag>
<tag>PageContent</tag>
<doc>Returns the count of elements found with ``selector``.</doc>
<msg timestamp="20231030 16:47:22.396" level="INFO">${cnt} = 1</msg>
<status status="PASS" starttime="20231030 16:47:22.385" endtime="20231030 16:47:22.396"/>
</kw>
<if>
<branch type="IF" condition="${cnt} &gt; 0">
<kw name="Click" library="Browser">
<arg>xpath=//button[@title = "${text}"]</arg>
<tag>PageContent</tag>
<tag>Setter</tag>
<doc>Simulates mouse click on the element found by ``selector``.</doc>
<status status="PASS" starttime="20231030 16:47:22.398" endtime="20231030 16:47:22.551"/>
</kw>
<kw name="Click Confirm To Action" library="common">
<kw name="Set Variable" library="BuiltIn">
<var>${element}</var>
<arg>xpath=//*[contains(@class, "ant-popover")]//*[contains(@class, "ant-btn-primary")]</arg>
<doc>Returns the given values which can then be assigned to a variables.</doc>
<msg timestamp="20231030 16:47:22.551" level="INFO">${element} = xpath=//*[contains(@class, "ant-popover")]//*[contains(@class, "ant-btn-primary")]</msg>
<status status="PASS" starttime="20231030 16:47:22.551" endtime="20231030 16:47:22.551"/>
</kw>
<kw name="Get Element Count" library="Browser">
<var>${count}</var>
<arg>${element}</arg>
<tag>Assertion</tag>
<tag>Getter</tag>
<tag>PageContent</tag>
<doc>Returns the count of elements found with ``selector``.</doc>
<msg timestamp="20231030 16:47:22.574" level="INFO">${count} = 0</msg>
<status status="PASS" starttime="20231030 16:47:22.559" endtime="20231030 16:47:22.574"/>
</kw>
<if>
<branch type="IF" condition="${count} &gt; 0">
<kw name="Click" library="Browser">
<arg>${element}</arg>
<tag>PageContent</tag>
<tag>Setter</tag>
<doc>Simulates mouse click on the element found by ``selector``.</doc>
<status status="NOT RUN" starttime="20231030 16:47:22.576" endtime="20231030 16:47:22.577"/>
</kw>
<kw name="Sleep" library="BuiltIn">
<arg>${SHOULD_TIMEOUT}</arg>
<doc>Pauses the test executed for the given time.</doc>
<status status="NOT RUN" starttime="20231030 16:47:22.579" endtime="20231030 16:47:22.580"/>
</kw>
<kw name="Wait Until Element Spin" library="common">
<status status="NOT RUN" starttime="20231030 16:47:22.581" endtime="20231030 16:47:22.582"/>
</kw>
<status status="NOT RUN" starttime="20231030 16:47:22.575" endtime="20231030 16:47:22.583"/>
</branch>
<status status="PASS" starttime="20231030 16:47:22.574" endtime="20231030 16:47:22.583"/>
</if>
<status status="PASS" starttime="20231030 16:47:22.551" endtime="20231030 16:47:22.588"/>
</kw>
<kw name="Scroll By" library="Browser">
<arg>${None}</arg>
<tag>PageContent</tag>
<tag>Setter</tag>
<doc>Scrolls an element or the page relative from current position by the given values.</doc>
<msg timestamp="20231030 16:47:22.622" level="INFO">JavaScript executed successfully.</msg>
<msg timestamp="20231030 16:47:22.622" level="INFO">JavaScript executed successfully.</msg>
<msg timestamp="20231030 16:47:23.086" level="INFO">JavaScript executed successfully.</msg>
<msg timestamp="20231030 16:47:23.086" level="INFO">JavaScript executed successfully.</msg>
<msg timestamp="20231030 16:47:23.168" level="INFO">JavaScript executed successfully.</msg>
<status status="PASS" starttime="20231030 16:47:22.588" endtime="20231030 16:47:23.169"/>
</kw>
<status status="PASS" starttime="20231030 16:47:22.397" endtime="20231030 16:47:23.169"/>
</branch>
<branch type="ELSE">
<kw name="Click" library="Browser">
<arg>//span[contains(text(),"${text}")]</arg>
<tag>PageContent</tag>
<tag>Setter</tag>
<doc>Simulates mouse click on the element found by ``selector``.</doc>
<status status="NOT RUN" starttime="20231030 16:47:23.171" endtime="20231030 16:47:23.171"/>
</kw>
<kw name="Click Confirm To Action" library="common">
<status status="NOT RUN" starttime="20231030 16:47:23.172" endtime="20231030 16:47:23.172"/>
</kw>
<kw name="Scroll By" library="Browser">
<arg>${None}</arg>
<tag>PageContent</tag>
<tag>Setter</tag>
<doc>Scrolls an element or the page relative from current position by the given values.</doc>
<status status="NOT RUN" starttime="20231030 16:47:23.173" endtime="20231030 16:47:23.173"/>
</kw>
<status status="NOT RUN" starttime="20231030 16:47:23.170" endtime="20231030 16:47:23.174"/>
</branch>
<status status="PASS" starttime="20231030 16:47:22.397" endtime="20231030 16:47:23.174"/>
</if>
<status status="PASS" starttime="20231030 16:47:22.279" endtime="20231030 16:47:23.174"/>
</kw>
<kw name="User look message &quot;Success&quot; popup" library="common" sourcename="User look message &quot;${message}&quot; popup">
<kw name="Get Regexp Matches" library="String">
<var>${contains}</var>
<arg>${message}</arg>
<arg>_@(.+)@_</arg>
<arg>1</arg>
<doc>Returns a list of all non-overlapping matches in the given string.</doc>
<msg timestamp="20231030 16:47:23.176" level="INFO">${contains} = []</msg>
<status status="PASS" starttime="20231030 16:47:23.176" endtime="20231030 16:47:23.176"/>
</kw>
<kw name="Get Length" library="BuiltIn">
<var>${cnt}</var>
<arg>${contains}</arg>
<doc>Returns and logs the length of the given item as an integer.</doc>
<msg timestamp="20231030 16:47:23.178" level="INFO">Length is 0</msg>
<msg timestamp="20231030 16:47:23.179" level="INFO">${cnt} = 0</msg>
<status status="PASS" starttime="20231030 16:47:23.177" endtime="20231030 16:47:23.179"/>
</kw>
<if>
<branch type="IF" condition="${cnt} &gt; 0">
<kw name="Replace String" library="String">
<var>${message}</var>
<arg>${message}</arg>
<arg>_@${contains[0]}@_</arg>
<arg>${STATE["${contains[0]}"]}</arg>
<doc>Replaces ``search_for`` in the given ``string`` with ``replace_with``.</doc>
<status status="NOT RUN" starttime="20231030 16:47:23.181" endtime="20231030 16:47:23.181"/>
</kw>
<status status="NOT RUN" starttime="20231030 16:47:23.180" endtime="20231030 16:47:23.182"/>
</branch>
<status status="PASS" starttime="20231030 16:47:23.180" endtime="20231030 16:47:23.182"/>
</if>
<kw name="Element Text Should Be" library="common">
<arg>id=swal2-html-container</arg>
<arg>${message}</arg>
<kw name="Get Text" library="Browser">
<arg>${locator}</arg>
<arg>equal</arg>
<arg>${expected}</arg>
<arg>${message}</arg>
<tag>Assertion</tag>
<tag>Getter</tag>
<tag>PageContent</tag>
<doc>Returns text attribute of the element found by ``selector``.</doc>
<msg timestamp="20231030 16:47:23.320" level="INFO">Text: 'Success'</msg>
<status status="PASS" starttime="20231030 16:47:23.189" endtime="20231030 16:47:23.321"/>
</kw>
<status status="PASS" starttime="20231030 16:47:23.182" endtime="20231030 16:47:23.322"/>
</kw>
<kw name="Set Variable" library="BuiltIn">
<var>${element}</var>
<arg>xpath=//*[contains(@class, "swal2-confirm")]</arg>
<doc>Returns the given values which can then be assigned to a variables.</doc>
<msg timestamp="20231030 16:47:23.323" level="INFO">${element} = xpath=//*[contains(@class, "swal2-confirm")]</msg>
<status status="PASS" starttime="20231030 16:47:23.322" endtime="20231030 16:47:23.324"/>
</kw>
<kw name="Run Keyword And Return Status" library="BuiltIn">
<var>${passed}</var>
<arg>Element Should Be Visible</arg>
<arg>${element}</arg>
<doc>Runs the given keyword with given arguments and returns the status as a Boolean value.</doc>
<kw name="Element Should Be Visible" library="common">
<arg>${element}</arg>
<kw name="Wait For Elements State" library="Browser">
<arg>${locator}</arg>
<arg>visible</arg>
<arg>${timeout}</arg>
<arg>${message}</arg>
<tag>PageContent</tag>
<tag>Wait</tag>
<doc>Waits for the element found by ``selector`` to satisfy state option.</doc>
<msg timestamp="20231030 16:47:23.673" level="INFO" html="true">&lt;/td&gt;&lt;/tr&gt;&lt;tr&gt;&lt;td colspan="3"&gt;&lt;a href="browser/screenshot/fail-screenshot-1.png" target="_blank"&gt;&lt;img src="browser/screenshot/fail-screenshot-1.png" width="800px"/&gt;&lt;/a&gt;</msg>
<msg timestamp="20231030 16:47:23.673" level="INFO">See also file:///D:/Intern%20test/Automation/playwright-log.txt for additional details.</msg>
<msg timestamp="20231030 16:47:23.674" level="FAIL">TimeoutError: locator.waitFor: Timeout 100ms exceeded.
=========================== logs ===========================
waiting for locator('xpath=//*[contains(@class, "swal2-confirm")]') to be visible
  locator resolved to hidden &lt;button type="button" aria-label="" class="swal2-confirm…&gt;OK&lt;/button&gt;
  locator resolved to hidden &lt;button type="button" aria-label="" class="swal2-confirm…&gt;OK&lt;/button&gt;
  locator resolved to hidden &lt;button type="button" aria-label="" class="swal2-confirm…&gt;OK&lt;/button&gt;
============================================================
Tip: Use "Set Browser Timeout" for increasing the timeout or double check your locator as the targeted element(s) couldn't be found.</msg>
<status status="FAIL" starttime="20231030 16:47:23.326" endtime="20231030 16:47:23.694"/>
</kw>
<status status="FAIL" starttime="20231030 16:47:23.325" endtime="20231030 16:47:23.695"/>
</kw>
<msg timestamp="20231030 16:47:23.696" level="INFO">${passed} = False</msg>
<status status="PASS" starttime="20231030 16:47:23.324" endtime="20231030 16:47:23.696"/>
</kw>
<if>
<branch type="IF" condition="'${passed}' == 'True'">
<kw name="Click" library="Browser">
<arg>${element}</arg>
<tag>PageContent</tag>
<tag>Setter</tag>
<doc>Simulates mouse click on the element found by ``selector``.</doc>
<status status="NOT RUN" starttime="20231030 16:47:23.697" endtime="20231030 16:47:23.698"/>
</kw>
<status status="NOT RUN" starttime="20231030 16:47:23.696" endtime="20231030 16:47:23.698"/>
</branch>
<status status="PASS" starttime="20231030 16:47:23.696" endtime="20231030 16:47:23.699"/>
</if>
<status status="PASS" starttime="20231030 16:47:23.175" endtime="20231030 16:47:23.700"/>
</kw>
<status status="PASS" starttime="20231030 16:47:21.276" endtime="20231030 16:47:23.700"/>
</kw>
<kw name="Click &quot;QUẢN LÝ TÀI KHOẢN&quot; menu" library="common" sourcename="Click &quot;${text}&quot; menu">
<kw name="Click" library="Browser">
<arg>xpath=//li[contains(@class, "menu") and descendant::span[contains(text(), "${text}")]]</arg>
<tag>PageContent</tag>
<tag>Setter</tag>
<doc>Simulates mouse click on the element found by ``selector``.</doc>
<status status="PASS" starttime="20231030 16:47:23.703" endtime="20231030 16:47:24.724"/>
</kw>
<status status="PASS" starttime="20231030 16:47:23.701" endtime="20231030 16:47:24.724"/>
</kw>
<kw name="Click &quot;${name}&quot; sub menu to &quot;${url}&quot;" library="common" sourcename="Click &quot;${text}&quot; sub menu to &quot;${url}&quot;">
<kw name="Wait Until Element Spin" library="common">
<kw name="Sleep" library="BuiltIn">
<arg>${SHOULD_TIMEOUT}</arg>
<doc>Pauses the test executed for the given time.</doc>
<msg timestamp="20231030 16:47:24.827" level="INFO">Slept 100 milliseconds</msg>
<status status="PASS" starttime="20231030 16:47:24.726" endtime="20231030 16:47:24.827"/>
</kw>
<kw name="Set Variable" library="BuiltIn">
<var>${element}</var>
<arg>xpath=//*[contains(@class, "ant-spin-spinning")]</arg>
<doc>Returns the given values which can then be assigned to a variables.</doc>
<msg timestamp="20231030 16:47:24.828" level="INFO">${element} = xpath=//*[contains(@class, "ant-spin-spinning")]</msg>
<status status="PASS" starttime="20231030 16:47:24.827" endtime="20231030 16:47:24.828"/>
</kw>
<kw name="Get Element Count" library="Browser">
<var>${count}</var>
<arg>${element}</arg>
<tag>Assertion</tag>
<tag>Getter</tag>
<tag>PageContent</tag>
<doc>Returns the count of elements found with ``selector``.</doc>
<msg timestamp="20231030 16:47:24.836" level="INFO">${count} = 0</msg>
<status status="PASS" starttime="20231030 16:47:24.828" endtime="20231030 16:47:24.837"/>
</kw>
<if>
<branch type="IF" condition="${count} &gt; 0">
<kw name="Wait Until Page Does Not Contain Element" library="common">
<arg>${element}</arg>
<status status="NOT RUN" starttime="20231030 16:47:24.839" endtime="20231030 16:47:24.839"/>
</kw>
<status status="NOT RUN" starttime="20231030 16:47:24.837" endtime="20231030 16:47:24.840"/>
</branch>
<status status="PASS" starttime="20231030 16:47:24.837" endtime="20231030 16:47:24.841"/>
</if>
<status status="PASS" starttime="20231030 16:47:24.726" endtime="20231030 16:47:24.841"/>
</kw>
<kw name="Click" library="Browser">
<arg>xpath=//a[contains(@class, "sub-menu") and descendant::span[contains(text(), "${text}")]]</arg>
<tag>PageContent</tag>
<tag>Setter</tag>
<doc>Simulates mouse click on the element found by ``selector``.</doc>
<status status="PASS" starttime="20231030 16:47:24.842" endtime="20231030 16:47:25.183"/>
</kw>
<kw name="Get Url" library="Browser">
<var>${curent_url}</var>
<tag>Assertion</tag>
<tag>Getter</tag>
<tag>PageContent</tag>
<doc>Returns the current URL.</doc>
<msg timestamp="20231030 16:47:25.183" level="INFO">${curent_url} = http://dev1.geneat.vn:7802/vn/customer-account</msg>
<status status="PASS" starttime="20231030 16:47:25.183" endtime="20231030 16:47:25.199"/>
</kw>
<kw name="Should Contain" library="BuiltIn">
<arg>${curent_url}</arg>
<arg>${URL_DEFAULT}${url}</arg>
<doc>Fails if ``container`` does not contain ``item`` one or more times.</doc>
<status status="PASS" starttime="20231030 16:47:25.199" endtime="20231030 16:47:25.199"/>
</kw>
<status status="PASS" starttime="20231030 16:47:24.725" endtime="20231030 16:47:25.199"/>
</kw>
<kw name="Click &quot;Tạo mới&quot; button" library="common" sourcename="Click &quot;${text}&quot; button">
<kw name="Sleep" library="BuiltIn">
<arg>${SHOULD_TIMEOUT}</arg>
<doc>Pauses the test executed for the given time.</doc>
<msg timestamp="20231030 16:47:25.303" level="INFO">Slept 100 milliseconds</msg>
<status status="PASS" starttime="20231030 16:47:25.199" endtime="20231030 16:47:25.304"/>
</kw>
<kw name="Get Element Count" library="Browser">
<var>${cnt}</var>
<arg>//button[@title = "${text}"]</arg>
<tag>Assertion</tag>
<tag>Getter</tag>
<tag>PageContent</tag>
<doc>Returns the count of elements found with ``selector``.</doc>
<msg timestamp="20231030 16:47:25.709" level="INFO">${cnt} = 1</msg>
<status status="PASS" starttime="20231030 16:47:25.305" endtime="20231030 16:47:25.710"/>
</kw>
<if>
<branch type="IF" condition="${cnt} &gt; 0">
<kw name="Click" library="Browser">
<arg>xpath=//button[@title = "${text}"]</arg>
<tag>PageContent</tag>
<tag>Setter</tag>
<doc>Simulates mouse click on the element found by ``selector``.</doc>
<status status="PASS" starttime="20231030 16:47:25.712" endtime="20231030 16:47:26.057"/>
</kw>
<kw name="Click Confirm To Action" library="common">
<kw name="Set Variable" library="BuiltIn">
<var>${element}</var>
<arg>xpath=//*[contains(@class, "ant-popover")]//*[contains(@class, "ant-btn-primary")]</arg>
<doc>Returns the given values which can then be assigned to a variables.</doc>
<msg timestamp="20231030 16:47:26.060" level="INFO">${element} = xpath=//*[contains(@class, "ant-popover")]//*[contains(@class, "ant-btn-primary")]</msg>
<status status="PASS" starttime="20231030 16:47:26.059" endtime="20231030 16:47:26.061"/>
</kw>
<kw name="Get Element Count" library="Browser">
<var>${count}</var>
<arg>${element}</arg>
<tag>Assertion</tag>
<tag>Getter</tag>
<tag>PageContent</tag>
<doc>Returns the count of elements found with ``selector``.</doc>
<msg timestamp="20231030 16:47:26.079" level="INFO">${count} = 0</msg>
<status status="PASS" starttime="20231030 16:47:26.061" endtime="20231030 16:47:26.079"/>
</kw>
<if>
<branch type="IF" condition="${count} &gt; 0">
<kw name="Click" library="Browser">
<arg>${element}</arg>
<tag>PageContent</tag>
<tag>Setter</tag>
<doc>Simulates mouse click on the element found by ``selector``.</doc>
<status status="NOT RUN" starttime="20231030 16:47:26.080" endtime="20231030 16:47:26.080"/>
</kw>
<kw name="Sleep" library="BuiltIn">
<arg>${SHOULD_TIMEOUT}</arg>
<doc>Pauses the test executed for the given time.</doc>
<status status="NOT RUN" starttime="20231030 16:47:26.081" endtime="20231030 16:47:26.081"/>
</kw>
<kw name="Wait Until Element Spin" library="common">
<status status="NOT RUN" starttime="20231030 16:47:26.081" endtime="20231030 16:47:26.082"/>
</kw>
<status status="NOT RUN" starttime="20231030 16:47:26.080" endtime="20231030 16:47:26.083"/>
</branch>
<status status="PASS" starttime="20231030 16:47:26.080" endtime="20231030 16:47:26.083"/>
</if>
<status status="PASS" starttime="20231030 16:47:26.058" endtime="20231030 16:47:26.084"/>
</kw>
<kw name="Scroll By" library="Browser">
<arg>${None}</arg>
<tag>PageContent</tag>
<tag>Setter</tag>
<doc>Scrolls an element or the page relative from current position by the given values.</doc>
<msg timestamp="20231030 16:47:26.103" level="INFO">JavaScript executed successfully.</msg>
<msg timestamp="20231030 16:47:26.103" level="INFO">JavaScript executed successfully.</msg>
<msg timestamp="20231030 16:47:26.123" level="INFO">JavaScript executed successfully.</msg>
<msg timestamp="20231030 16:47:26.123" level="INFO">JavaScript executed successfully.</msg>
<msg timestamp="20231030 16:47:26.133" level="INFO">JavaScript executed successfully.</msg>
<status status="PASS" starttime="20231030 16:47:26.084" endtime="20231030 16:47:26.134"/>
</kw>
<status status="PASS" starttime="20231030 16:47:25.710" endtime="20231030 16:47:26.135"/>
</branch>
<branch type="ELSE">
<kw name="Click" library="Browser">
<arg>//span[contains(text(),"${text}")]</arg>
<tag>PageContent</tag>
<tag>Setter</tag>
<doc>Simulates mouse click on the element found by ``selector``.</doc>
<status status="NOT RUN" starttime="20231030 16:47:26.137" endtime="20231030 16:47:26.138"/>
</kw>
<kw name="Click Confirm To Action" library="common">
<status status="NOT RUN" starttime="20231030 16:47:26.138" endtime="20231030 16:47:26.139"/>
</kw>
<kw name="Scroll By" library="Browser">
<arg>${None}</arg>
<tag>PageContent</tag>
<tag>Setter</tag>
<doc>Scrolls an element or the page relative from current position by the given values.</doc>
<status status="NOT RUN" starttime="20231030 16:47:26.140" endtime="20231030 16:47:26.141"/>
</kw>
<status status="NOT RUN" starttime="20231030 16:47:26.136" endtime="20231030 16:47:26.141"/>
</branch>
<status status="PASS" starttime="20231030 16:47:25.710" endtime="20231030 16:47:26.142"/>
</if>
<status status="PASS" starttime="20231030 16:47:25.199" endtime="20231030 16:47:26.142"/>
</kw>
<status status="PASS" starttime="20231030 16:47:21.274" endtime="20231030 16:47:26.143"/>
</kw>
<status status="PASS" starttime="20231030 16:47:21.274" endtime="20231030 16:47:26.143"/>
</branch>
<status status="PASS" starttime="20231030 16:47:21.266" endtime="20231030 16:47:26.144"/>
</if>
<kw name="Enter &quot;test name&quot; in &quot;Họ và tên&quot; with &quot;_RANDOM_&quot;" library="common" sourcename="Enter &quot;${type}&quot; in &quot;${name}&quot; with &quot;${text}&quot;">
<kw name="Get Random Text" library="common">
<var>${text}</var>
<arg>${type}</arg>
<arg>${text}</arg>
<kw name="Set Variable" library="BuiltIn">
<var>${symbol}</var>
<arg>_RANDOM_</arg>
<doc>Returns the given values which can then be assigned to a variables.</doc>
<msg timestamp="20231030 16:47:26.148" level="INFO">${symbol} = _RANDOM_</msg>
<status status="PASS" starttime="20231030 16:47:26.147" endtime="20231030 16:47:26.148"/>
</kw>
<kw name="Set Variable" library="BuiltIn">
<var>${new_text}</var>
<doc>Returns the given values which can then be assigned to a variables.</doc>
<msg timestamp="20231030 16:47:26.153" level="INFO">${new_text} = </msg>
<status status="PASS" starttime="20231030 16:47:26.151" endtime="20231030 16:47:26.154"/>
</kw>
<kw name="Get Regexp Matches" library="String">
<var>${containsS}</var>
<arg>${text}</arg>
<arg>_@(.+)@_</arg>
<arg>1</arg>
<doc>Returns a list of all non-overlapping matches in the given string.</doc>
<msg timestamp="20231030 16:47:26.155" level="INFO">${containsS} = []</msg>
<status status="PASS" starttime="20231030 16:47:26.154" endtime="20231030 16:47:26.156"/>
</kw>
<kw name="Get Length" library="BuiltIn">
<var>${cntS}</var>
<arg>${containsS}</arg>
<doc>Returns and logs the length of the given item as an integer.</doc>
<msg timestamp="20231030 16:47:26.157" level="INFO">Length is 0</msg>
<msg timestamp="20231030 16:47:26.157" level="INFO">${cntS} = 0</msg>
<status status="PASS" starttime="20231030 16:47:26.156" endtime="20231030 16:47:26.157"/>
</kw>
<kw name="Get Regexp Matches" library="String">
<var>${contains}</var>
<arg>${text}</arg>
<arg>${symbol}</arg>
<doc>Returns a list of all non-overlapping matches in the given string.</doc>
<msg timestamp="20231030 16:47:26.159" level="INFO">${contains} = ['_RANDOM_']</msg>
<status status="PASS" starttime="20231030 16:47:26.158" endtime="20231030 16:47:26.159"/>
</kw>
<kw name="Get Length" library="BuiltIn">
<var>${cnt}</var>
<arg>${contains}</arg>
<doc>Returns and logs the length of the given item as an integer.</doc>
<msg timestamp="20231030 16:47:26.161" level="INFO">Length is 1</msg>
<msg timestamp="20231030 16:47:26.161" level="INFO">${cnt} = 1</msg>
<status status="PASS" starttime="20231030 16:47:26.160" endtime="20231030 16:47:26.162"/>
</kw>
<if>
<branch type="IF" condition="${cntS} &gt; 0">
<kw name="Set Variable" library="BuiltIn">
<var>${new_text}</var>
<arg>${STATE["${containsS[0]}"]}</arg>
<doc>Returns the given values which can then be assigned to a variables.</doc>
<status status="NOT RUN" starttime="20231030 16:47:26.163" endtime="20231030 16:47:26.164"/>
</kw>
<kw name="Set Variable" library="BuiltIn">
<var>${symbol}</var>
<arg>_@${containsS[0]}@_</arg>
<doc>Returns the given values which can then be assigned to a variables.</doc>
<status status="NOT RUN" starttime="20231030 16:47:26.164" endtime="20231030 16:47:26.165"/>
</kw>
<status status="NOT RUN" starttime="20231030 16:47:26.162" endtime="20231030 16:47:26.165"/>
</branch>
<branch type="ELSE IF" condition="${cnt} &gt; 0 and '${type}' == 'test name'">
<kw name="Sentence" library="FakerLibrary">
<var>${random}</var>
<arg>nb_words=3</arg>
<doc>Generate a sentence.</doc>
<msg timestamp="20231030 16:47:26.172" level="INFO">${random} = Vero consectetur soluta amet.</msg>
<status status="PASS" starttime="20231030 16:47:26.171" endtime="20231030 16:47:26.173"/>
</kw>
<kw name="Split String" library="String">
<var>${words}</var>
<arg>${TEST NAME}</arg>
<arg>${SPACE}</arg>
<doc>Splits the ``string`` using ``separator`` as a delimiter string.</doc>
<msg timestamp="20231030 16:47:26.175" level="INFO">${words} = ['CA_11', 'Check', 'the', 'update', 'of', 'account', 'list', 'after', 'cancel', 'the', 'search', 'action']</msg>
<status status="PASS" starttime="20231030 16:47:26.174" endtime="20231030 16:47:26.175"/>
</kw>
<kw name="Set Variable" library="BuiltIn">
<var>${new_text}</var>
<arg>${words[0]} ${random}</arg>
<doc>Returns the given values which can then be assigned to a variables.</doc>
<msg timestamp="20231030 16:47:26.180" level="INFO">${new_text} = CA_11 Vero consectetur soluta amet.</msg>
<status status="PASS" starttime="20231030 16:47:26.176" endtime="20231030 16:47:26.180"/>
</kw>
<status status="PASS" starttime="20231030 16:47:26.169" endtime="20231030 16:47:26.181"/>
</branch>
<branch type="ELSE IF" condition="${cnt} &gt; 0 and '${type}' == 'number'">
<kw name="Random Int" library="FakerLibrary">
<var>${new_text}</var>
<doc>Generate a random integer between two integers ``min`` and ``max`` inclusive
while observing the provided ``step`` value.</doc>
<status status="NOT RUN" starttime="20231030 16:47:26.188" endtime="20231030 16:47:26.189"/>
</kw>
<kw name="Convert To String" library="BuiltIn">
<var>${new_text}</var>
<arg>${new_text}</arg>
<doc>Converts the given item to a Unicode string.</doc>
<status status="NOT RUN" starttime="20231030 16:47:26.190" endtime="20231030 16:47:26.191"/>
</kw>
<status status="NOT RUN" starttime="20231030 16:47:26.188" endtime="20231030 16:47:26.192"/>
</branch>
<branch type="ELSE IF" condition="${cnt} &gt; 0 and '${type}' == 'percentage'">
<kw name="Random Int" library="FakerLibrary">
<var>${new_text}</var>
<arg>max=100</arg>
<doc>Generate a random integer between two integers ``min`` and ``max`` inclusive
while observing the provided ``step`` value.</doc>
<status status="NOT RUN" starttime="20231030 16:47:26.193" endtime="20231030 16:47:26.194"/>
</kw>
<kw name="Convert To String" library="BuiltIn">
<var>${new_text}</var>
<arg>${new_text}</arg>
<doc>Converts the given item to a Unicode string.</doc>
<status status="NOT RUN" starttime="20231030 16:47:26.195" endtime="20231030 16:47:26.196"/>
</kw>
<status status="NOT RUN" starttime="20231030 16:47:26.192" endtime="20231030 16:47:26.197"/>
</branch>
<branch type="ELSE IF" condition="${cnt} &gt; 0 and '${type}' == 'paragraph'">
<kw name="Paragraph" library="FakerLibrary">
<var>${new_text}</var>
<doc>Generate a paragraph.</doc>
<status status="NOT RUN" starttime="20231030 16:47:26.198" endtime="20231030 16:47:26.203"/>
</kw>
<status status="NOT RUN" starttime="20231030 16:47:26.197" endtime="20231030 16:47:26.203"/>
</branch>
<branch type="ELSE IF" condition="${cnt} &gt; 0 and '${type}' == 'email'">
<kw name="Email" library="FakerLibrary">
<var>${new_text}</var>
<status status="NOT RUN" starttime="20231030 16:47:26.207" endtime="20231030 16:47:26.207"/>
</kw>
<status status="NOT RUN" starttime="20231030 16:47:26.205" endtime="20231030 16:47:26.208"/>
</branch>
<branch type="ELSE IF" condition="${cnt} &gt; 0 and '${type}' == 'phone'">
<kw name="Random Int" library="FakerLibrary">
<var>${new_text}</var>
<arg>min=2000000000</arg>
<arg>max=9999999999</arg>
<doc>Generate a random integer between two integers ``min`` and ``max`` inclusive
while observing the provided ``step`` value.</doc>
<status status="NOT RUN" starttime="20231030 16:47:26.210" endtime="20231030 16:47:26.211"/>
</kw>
<kw name="Convert To String" library="BuiltIn">
<var>${new_text}</var>
<arg>${new_text}</arg>
<doc>Converts the given item to a Unicode string.</doc>
<status status="NOT RUN" starttime="20231030 16:47:26.212" endtime="20231030 16:47:26.212"/>
</kw>
<kw name="Catenate" library="BuiltIn">
<var>${new_text}</var>
<arg>SEPARATOR=</arg>
<arg>0</arg>
<arg>${new_text}</arg>
<doc>Catenates the given items together and returns the resulted string.</doc>
<status status="NOT RUN" starttime="20231030 16:47:26.213" endtime="20231030 16:47:26.214"/>
</kw>
<status status="NOT RUN" starttime="20231030 16:47:26.209" endtime="20231030 16:47:26.215"/>
</branch>
<branch type="ELSE IF" condition="${cnt} &gt; 0 and '${type}' == 'color'">
<kw name="Safe Hex Color" library="FakerLibrary">
<var>${new_text}</var>
<doc>Generate a web-safe color formatted as a hex triplet.</doc>
<status status="NOT RUN" starttime="20231030 16:47:26.218" endtime="20231030 16:47:26.219"/>
</kw>
<status status="NOT RUN" starttime="20231030 16:47:26.216" endtime="20231030 16:47:26.220"/>
</branch>
<branch type="ELSE IF" condition="${cnt} &gt; 0 and &quot;${type}&quot; == 'password'">
<kw name="Password" library="FakerLibrary">
<var>${new_text}</var>
<arg>10</arg>
<arg>True</arg>
<arg>True</arg>
<arg>True</arg>
<arg>True</arg>
<doc>Generate a random password of the specified ``length``.</doc>
<status status="NOT RUN" starttime="20231030 16:47:26.222" endtime="20231030 16:47:26.222"/>
</kw>
<status status="NOT RUN" starttime="20231030 16:47:26.220" endtime="20231030 16:47:26.223"/>
</branch>
<branch type="ELSE IF" condition="${cnt} &gt; 0 and '${type}' == 'date'">
<kw name="Date" library="FakerLibrary">
<var>${new_text}</var>
<arg>pattern=%d-%m-%Y</arg>
<doc>Get a date string between January 1, 1970 and now.</doc>
<status status="NOT RUN" starttime="20231030 16:47:26.225" endtime="20231030 16:47:26.225"/>
</kw>
<status status="NOT RUN" starttime="20231030 16:47:26.224" endtime="20231030 16:47:26.226"/>
</branch>
<branch type="ELSE IF" condition="${cnt} &gt; 0 and '${type}' == 'word'">
<kw name="Sentence" library="FakerLibrary">
<var>${new_text}</var>
<arg>nb_words=2</arg>
<doc>Generate a sentence.</doc>
<status status="NOT RUN" starttime="20231030 16:47:26.228" endtime="20231030 16:47:26.239"/>
</kw>
<status status="NOT RUN" starttime="20231030 16:47:26.227" endtime="20231030 16:47:26.240"/>
</branch>
<branch type="ELSE IF" condition="${cnt} &gt; 0">
<kw name="Sentence" library="FakerLibrary">
<var>${new_text}</var>
<doc>Generate a sentence.</doc>
<status status="NOT RUN" starttime="20231030 16:47:26.241" endtime="20231030 16:47:26.242"/>
</kw>
<status status="NOT RUN" starttime="20231030 16:47:26.241" endtime="20231030 16:47:26.243"/>
</branch>
<status status="PASS" starttime="20231030 16:47:26.162" endtime="20231030 16:47:26.245"/>
</if>
<kw name="Get Length" library="BuiltIn">
<var>${cnt}</var>
<arg>${text}</arg>
<doc>Returns and logs the length of the given item as an integer.</doc>
<msg timestamp="20231030 16:47:26.247" level="INFO">Length is 8</msg>
<msg timestamp="20231030 16:47:26.247" level="INFO">${cnt} = 8</msg>
<status status="PASS" starttime="20231030 16:47:26.246" endtime="20231030 16:47:26.248"/>
</kw>
<if>
<branch type="IF" condition="${cnt} &gt; 0">
<kw name="Replace String" library="String">
<var>${text}</var>
<arg>${text}</arg>
<arg>${symbol}</arg>
<arg>${new_text}</arg>
<doc>Replaces ``search_for`` in the given ``string`` with ``replace_with``.</doc>
<msg timestamp="20231030 16:47:26.257" level="INFO">${text} = CA_11 Vero consectetur soluta amet.</msg>
<status status="PASS" starttime="20231030 16:47:26.256" endtime="20231030 16:47:26.258"/>
</kw>
<status status="PASS" starttime="20231030 16:47:26.255" endtime="20231030 16:47:26.258"/>
</branch>
<status status="PASS" starttime="20231030 16:47:26.248" endtime="20231030 16:47:26.259"/>
</if>
<msg timestamp="20231030 16:47:26.259" level="INFO">${text} = CA_11 Vero consectetur soluta amet.</msg>
<status status="PASS" starttime="20231030 16:47:26.146" endtime="20231030 16:47:26.260"/>
</kw>
<kw name="Get Element Form Item By Name" library="common">
<var>${element}</var>
<arg>${name}</arg>
<arg>//input[contains(@class, "ant-input")]</arg>
<msg timestamp="20231030 16:47:26.262" level="INFO">${element} = xpath=//*[contains(@class, "ant-form-item-label")]/label[text()="Họ và tên"]/../../*[contains(@class, "ant-form-item")]//input[contains(@class, "ant-input")]</msg>
<status status="PASS" starttime="20231030 16:47:26.260" endtime="20231030 16:47:26.263"/>
</kw>
<kw name="Click" library="Browser">
<arg>${element}</arg>
<tag>PageContent</tag>
<tag>Setter</tag>
<doc>Simulates mouse click on the element found by ``selector``.</doc>
<status status="PASS" starttime="20231030 16:47:26.264" endtime="20231030 16:47:26.589"/>
</kw>
<kw name="Clear Text" library="Browser">
<arg>${element}</arg>
<tag>PageContent</tag>
<tag>Setter</tag>
<doc>Clears the text field found by ``selector``.</doc>
<status status="PASS" starttime="20231030 16:47:26.589" endtime="20231030 16:47:26.622"/>
</kw>
<kw name="Fill Text" library="Browser">
<arg>${element}</arg>
<arg>${text}</arg>
<arg>True</arg>
<tag>PageContent</tag>
<tag>Setter</tag>
<doc>Clears and fills the given ``txt`` into the text field found by ``selector``.</doc>
<msg timestamp="20231030 16:47:26.622" level="INFO">Fills the text 'CA_11 Vero consectetur soluta amet.' in the given field.</msg>
<status status="PASS" starttime="20231030 16:47:26.622" endtime="20231030 16:47:26.668"/>
</kw>
<kw name="Get Length" library="BuiltIn">
<var>${cnt}</var>
<arg>${text}</arg>
<doc>Returns and logs the length of the given item as an integer.</doc>
<msg timestamp="20231030 16:47:26.668" level="INFO">Length is 35</msg>
<msg timestamp="20231030 16:47:26.668" level="INFO">${cnt} = 35</msg>
<status status="PASS" starttime="20231030 16:47:26.668" endtime="20231030 16:47:26.668"/>
</kw>
<if>
<branch type="IF" condition="${cnt} &gt; 0">
<kw name="Set Global Variable" library="BuiltIn">
<arg>\${STATE["${name}"]}</arg>
<arg>${text}</arg>
<doc>Makes a variable available globally in all tests and suites.</doc>
<msg timestamp="20231030 16:47:26.668" level="INFO">${STATE["Họ và tên"]} = CA_11 Vero consectetur soluta amet.</msg>
<status status="PASS" starttime="20231030 16:47:26.668" endtime="20231030 16:47:26.668"/>
</kw>
<status status="PASS" starttime="20231030 16:47:26.668" endtime="20231030 16:47:26.668"/>
</branch>
<status status="PASS" starttime="20231030 16:47:26.668" endtime="20231030 16:47:26.668"/>
</if>
<status status="PASS" starttime="20231030 16:47:26.144" endtime="20231030 16:47:26.668"/>
</kw>
<kw name="Check Text" library="common">
<var>${text}</var>
<arg>_@Họ và tên@_</arg>
<kw name="Get Regexp Matches" library="String">
<var>${containsS}</var>
<arg>${text}</arg>
<arg>_@(.+)@_</arg>
<arg>1</arg>
<doc>Returns a list of all non-overlapping matches in the given string.</doc>
<msg timestamp="20231030 16:47:26.668" level="INFO">${containsS} = ['Họ và tên']</msg>
<status status="PASS" starttime="20231030 16:47:26.668" endtime="20231030 16:47:26.668"/>
</kw>
<kw name="Get Length" library="BuiltIn">
<var>${cntS}</var>
<arg>${containsS}</arg>
<doc>Returns and logs the length of the given item as an integer.</doc>
<msg timestamp="20231030 16:47:26.668" level="INFO">Length is 1</msg>
<msg timestamp="20231030 16:47:26.668" level="INFO">${cntS} = 1</msg>
<status status="PASS" starttime="20231030 16:47:26.668" endtime="20231030 16:47:26.668"/>
</kw>
<if>
<branch type="IF" condition="${cntS} &gt; 0">
<kw name="Set Variable" library="BuiltIn">
<var>${text}</var>
<arg>${STATE["${containsS[0]}"]}</arg>
<doc>Returns the given values which can then be assigned to a variables.</doc>
<msg timestamp="20231030 16:47:26.668" level="INFO">${text} = CA_11 Vero consectetur soluta amet.</msg>
<status status="PASS" starttime="20231030 16:47:26.668" endtime="20231030 16:47:26.668"/>
</kw>
<status status="PASS" starttime="20231030 16:47:26.668" endtime="20231030 16:47:26.668"/>
</branch>
<status status="PASS" starttime="20231030 16:47:26.668" endtime="20231030 16:47:26.668"/>
</if>
<msg timestamp="20231030 16:47:26.668" level="INFO">${text} = CA_11 Vero consectetur soluta amet.</msg>
<status status="PASS" starttime="20231030 16:47:26.668" endtime="20231030 16:47:26.668"/>
</kw>
<kw name="Set Variable" library="BuiltIn">
<var>${name}</var>
<arg>${text}</arg>
<doc>Returns the given values which can then be assigned to a variables.</doc>
<msg timestamp="20231030 16:47:26.684" level="INFO">${name} = CA_11 Vero consectetur soluta amet.</msg>
<status status="PASS" starttime="20231030 16:47:26.668" endtime="20231030 16:47:26.685"/>
</kw>
<kw name="Enter &quot;email&quot; in &quot;Email&quot; with &quot;_RANDOM_&quot;" library="common" sourcename="Enter &quot;${type}&quot; in &quot;${name}&quot; with &quot;${text}&quot;">
<kw name="Get Random Text" library="common">
<var>${text}</var>
<arg>${type}</arg>
<arg>${text}</arg>
<kw name="Set Variable" library="BuiltIn">
<var>${symbol}</var>
<arg>_RANDOM_</arg>
<doc>Returns the given values which can then be assigned to a variables.</doc>
<msg timestamp="20231030 16:47:26.685" level="INFO">${symbol} = _RANDOM_</msg>
<status status="PASS" starttime="20231030 16:47:26.685" endtime="20231030 16:47:26.685"/>
</kw>
<kw name="Set Variable" library="BuiltIn">
<var>${new_text}</var>
<doc>Returns the given values which can then be assigned to a variables.</doc>
<msg timestamp="20231030 16:47:26.685" level="INFO">${new_text} = </msg>
<status status="PASS" starttime="20231030 16:47:26.685" endtime="20231030 16:47:26.685"/>
</kw>
<kw name="Get Regexp Matches" library="String">
<var>${containsS}</var>
<arg>${text}</arg>
<arg>_@(.+)@_</arg>
<arg>1</arg>
<doc>Returns a list of all non-overlapping matches in the given string.</doc>
<msg timestamp="20231030 16:47:26.685" level="INFO">${containsS} = []</msg>
<status status="PASS" starttime="20231030 16:47:26.685" endtime="20231030 16:47:26.685"/>
</kw>
<kw name="Get Length" library="BuiltIn">
<var>${cntS}</var>
<arg>${containsS}</arg>
<doc>Returns and logs the length of the given item as an integer.</doc>
<msg timestamp="20231030 16:47:26.685" level="INFO">Length is 0</msg>
<msg timestamp="20231030 16:47:26.685" level="INFO">${cntS} = 0</msg>
<status status="PASS" starttime="20231030 16:47:26.685" endtime="20231030 16:47:26.685"/>
</kw>
<kw name="Get Regexp Matches" library="String">
<var>${contains}</var>
<arg>${text}</arg>
<arg>${symbol}</arg>
<doc>Returns a list of all non-overlapping matches in the given string.</doc>
<msg timestamp="20231030 16:47:26.685" level="INFO">${contains} = ['_RANDOM_']</msg>
<status status="PASS" starttime="20231030 16:47:26.685" endtime="20231030 16:47:26.685"/>
</kw>
<kw name="Get Length" library="BuiltIn">
<var>${cnt}</var>
<arg>${contains}</arg>
<doc>Returns and logs the length of the given item as an integer.</doc>
<msg timestamp="20231030 16:47:26.696" level="INFO">Length is 1</msg>
<msg timestamp="20231030 16:47:26.696" level="INFO">${cnt} = 1</msg>
<status status="PASS" starttime="20231030 16:47:26.685" endtime="20231030 16:47:26.696"/>
</kw>
<if>
<branch type="IF" condition="${cntS} &gt; 0">
<kw name="Set Variable" library="BuiltIn">
<var>${new_text}</var>
<arg>${STATE["${containsS[0]}"]}</arg>
<doc>Returns the given values which can then be assigned to a variables.</doc>
<status status="NOT RUN" starttime="20231030 16:47:26.696" endtime="20231030 16:47:26.696"/>
</kw>
<kw name="Set Variable" library="BuiltIn">
<var>${symbol}</var>
<arg>_@${containsS[0]}@_</arg>
<doc>Returns the given values which can then be assigned to a variables.</doc>
<status status="NOT RUN" starttime="20231030 16:47:26.701" endtime="20231030 16:47:26.701"/>
</kw>
<status status="NOT RUN" starttime="20231030 16:47:26.696" endtime="20231030 16:47:26.702"/>
</branch>
<branch type="ELSE IF" condition="${cnt} &gt; 0 and '${type}' == 'test name'">
<kw name="Sentence" library="FakerLibrary">
<var>${random}</var>
<arg>nb_words=3</arg>
<doc>Generate a sentence.</doc>
<status status="NOT RUN" starttime="20231030 16:47:26.702" endtime="20231030 16:47:26.702"/>
</kw>
<kw name="Split String" library="String">
<var>${words}</var>
<arg>${TEST NAME}</arg>
<arg>${SPACE}</arg>
<doc>Splits the ``string`` using ``separator`` as a delimiter string.</doc>
<status status="NOT RUN" starttime="20231030 16:47:26.702" endtime="20231030 16:47:26.702"/>
</kw>
<kw name="Set Variable" library="BuiltIn">
<var>${new_text}</var>
<arg>${words[0]} ${random}</arg>
<doc>Returns the given values which can then be assigned to a variables.</doc>
<status status="NOT RUN" starttime="20231030 16:47:26.702" endtime="20231030 16:47:26.702"/>
</kw>
<status status="NOT RUN" starttime="20231030 16:47:26.702" endtime="20231030 16:47:26.702"/>
</branch>
<branch type="ELSE IF" condition="${cnt} &gt; 0 and '${type}' == 'number'">
<kw name="Random Int" library="FakerLibrary">
<var>${new_text}</var>
<doc>Generate a random integer between two integers ``min`` and ``max`` inclusive
while observing the provided ``step`` value.</doc>
<status status="NOT RUN" starttime="20231030 16:47:26.702" endtime="20231030 16:47:26.702"/>
</kw>
<kw name="Convert To String" library="BuiltIn">
<var>${new_text}</var>
<arg>${new_text}</arg>
<doc>Converts the given item to a Unicode string.</doc>
<status status="NOT RUN" starttime="20231030 16:47:26.702" endtime="20231030 16:47:26.702"/>
</kw>
<status status="NOT RUN" starttime="20231030 16:47:26.702" endtime="20231030 16:47:26.702"/>
</branch>
<branch type="ELSE IF" condition="${cnt} &gt; 0 and '${type}' == 'percentage'">
<kw name="Random Int" library="FakerLibrary">
<var>${new_text}</var>
<arg>max=100</arg>
<doc>Generate a random integer between two integers ``min`` and ``max`` inclusive
while observing the provided ``step`` value.</doc>
<status status="NOT RUN" starttime="20231030 16:47:26.702" endtime="20231030 16:47:26.702"/>
</kw>
<kw name="Convert To String" library="BuiltIn">
<var>${new_text}</var>
<arg>${new_text}</arg>
<doc>Converts the given item to a Unicode string.</doc>
<status status="NOT RUN" starttime="20231030 16:47:26.702" endtime="20231030 16:47:26.702"/>
</kw>
<status status="NOT RUN" starttime="20231030 16:47:26.702" endtime="20231030 16:47:26.702"/>
</branch>
<branch type="ELSE IF" condition="${cnt} &gt; 0 and '${type}' == 'paragraph'">
<kw name="Paragraph" library="FakerLibrary">
<var>${new_text}</var>
<doc>Generate a paragraph.</doc>
<status status="NOT RUN" starttime="20231030 16:47:26.702" endtime="20231030 16:47:26.702"/>
</kw>
<status status="NOT RUN" starttime="20231030 16:47:26.702" endtime="20231030 16:47:26.702"/>
</branch>
<branch type="ELSE IF" condition="${cnt} &gt; 0 and '${type}' == 'email'">
<kw name="Email" library="FakerLibrary">
<var>${new_text}</var>
<msg timestamp="20231030 16:47:26.702" level="INFO">${new_text} = lakshit10@example.com</msg>
<status status="PASS" starttime="20231030 16:47:26.702" endtime="20231030 16:47:26.702"/>
</kw>
<status status="PASS" starttime="20231030 16:47:26.702" endtime="20231030 16:47:26.702"/>
</branch>
<branch type="ELSE IF" condition="${cnt} &gt; 0 and '${type}' == 'phone'">
<kw name="Random Int" library="FakerLibrary">
<var>${new_text}</var>
<arg>min=2000000000</arg>
<arg>max=9999999999</arg>
<doc>Generate a random integer between two integers ``min`` and ``max`` inclusive
while observing the provided ``step`` value.</doc>
<status status="NOT RUN" starttime="20231030 16:47:26.702" endtime="20231030 16:47:26.702"/>
</kw>
<kw name="Convert To String" library="BuiltIn">
<var>${new_text}</var>
<arg>${new_text}</arg>
<doc>Converts the given item to a Unicode string.</doc>
<status status="NOT RUN" starttime="20231030 16:47:26.702" endtime="20231030 16:47:26.702"/>
</kw>
<kw name="Catenate" library="BuiltIn">
<var>${new_text}</var>
<arg>SEPARATOR=</arg>
<arg>0</arg>
<arg>${new_text}</arg>
<doc>Catenates the given items together and returns the resulted string.</doc>
<status status="NOT RUN" starttime="20231030 16:47:26.702" endtime="20231030 16:47:26.702"/>
</kw>
<status status="NOT RUN" starttime="20231030 16:47:26.702" endtime="20231030 16:47:26.717"/>
</branch>
<branch type="ELSE IF" condition="${cnt} &gt; 0 and '${type}' == 'color'">
<kw name="Safe Hex Color" library="FakerLibrary">
<var>${new_text}</var>
<doc>Generate a web-safe color formatted as a hex triplet.</doc>
<status status="NOT RUN" starttime="20231030 16:47:26.720" endtime="20231030 16:47:26.720"/>
</kw>
<status status="NOT RUN" starttime="20231030 16:47:26.719" endtime="20231030 16:47:26.721"/>
</branch>
<branch type="ELSE IF" condition="${cnt} &gt; 0 and &quot;${type}&quot; == 'password'">
<kw name="Password" library="FakerLibrary">
<var>${new_text}</var>
<arg>10</arg>
<arg>True</arg>
<arg>True</arg>
<arg>True</arg>
<arg>True</arg>
<doc>Generate a random password of the specified ``length``.</doc>
<status status="NOT RUN" starttime="20231030 16:47:26.723" endtime="20231030 16:47:26.723"/>
</kw>
<status status="NOT RUN" starttime="20231030 16:47:26.722" endtime="20231030 16:47:26.723"/>
</branch>
<branch type="ELSE IF" condition="${cnt} &gt; 0 and '${type}' == 'date'">
<kw name="Date" library="FakerLibrary">
<var>${new_text}</var>
<arg>pattern=%d-%m-%Y</arg>
<doc>Get a date string between January 1, 1970 and now.</doc>
<status status="NOT RUN" starttime="20231030 16:47:26.723" endtime="20231030 16:47:26.723"/>
</kw>
<status status="NOT RUN" starttime="20231030 16:47:26.723" endtime="20231030 16:47:26.723"/>
</branch>
<branch type="ELSE IF" condition="${cnt} &gt; 0 and '${type}' == 'word'">
<kw name="Sentence" library="FakerLibrary">
<var>${new_text}</var>
<arg>nb_words=2</arg>
<doc>Generate a sentence.</doc>
<status status="NOT RUN" starttime="20231030 16:47:26.723" endtime="20231030 16:47:26.723"/>
</kw>
<status status="NOT RUN" starttime="20231030 16:47:26.723" endtime="20231030 16:47:26.723"/>
</branch>
<branch type="ELSE IF" condition="${cnt} &gt; 0">
<kw name="Sentence" library="FakerLibrary">
<var>${new_text}</var>
<doc>Generate a sentence.</doc>
<status status="NOT RUN" starttime="20231030 16:47:26.723" endtime="20231030 16:47:26.723"/>
</kw>
<status status="NOT RUN" starttime="20231030 16:47:26.723" endtime="20231030 16:47:26.723"/>
</branch>
<status status="PASS" starttime="20231030 16:47:26.696" endtime="20231030 16:47:26.723"/>
</if>
<kw name="Get Length" library="BuiltIn">
<var>${cnt}</var>
<arg>${text}</arg>
<doc>Returns and logs the length of the given item as an integer.</doc>
<msg timestamp="20231030 16:47:26.723" level="INFO">Length is 8</msg>
<msg timestamp="20231030 16:47:26.723" level="INFO">${cnt} = 8</msg>
<status status="PASS" starttime="20231030 16:47:26.723" endtime="20231030 16:47:26.723"/>
</kw>
<if>
<branch type="IF" condition="${cnt} &gt; 0">
<kw name="Replace String" library="String">
<var>${text}</var>
<arg>${text}</arg>
<arg>${symbol}</arg>
<arg>${new_text}</arg>
<doc>Replaces ``search_for`` in the given ``string`` with ``replace_with``.</doc>
<msg timestamp="20231030 16:47:26.729" level="INFO">${text} = lakshit10@example.com</msg>
<status status="PASS" starttime="20231030 16:47:26.729" endtime="20231030 16:47:26.729"/>
</kw>
<status status="PASS" starttime="20231030 16:47:26.723" endtime="20231030 16:47:26.729"/>
</branch>
<status status="PASS" starttime="20231030 16:47:26.723" endtime="20231030 16:47:26.729"/>
</if>
<msg timestamp="20231030 16:47:26.729" level="INFO">${text} = lakshit10@example.com</msg>
<status status="PASS" starttime="20231030 16:47:26.685" endtime="20231030 16:47:26.729"/>
</kw>
<kw name="Get Element Form Item By Name" library="common">
<var>${element}</var>
<arg>${name}</arg>
<arg>//input[contains(@class, "ant-input")]</arg>
<msg timestamp="20231030 16:47:26.729" level="INFO">${element} = xpath=//*[contains(@class, "ant-form-item-label")]/label[text()="Email"]/../../*[contains(@class, "ant-form-item")]//input[contains(@class, "ant-input")]</msg>
<status status="PASS" starttime="20231030 16:47:26.729" endtime="20231030 16:47:26.729"/>
</kw>
<kw name="Click" library="Browser">
<arg>${element}</arg>
<tag>PageContent</tag>
<tag>Setter</tag>
<doc>Simulates mouse click on the element found by ``selector``.</doc>
<status status="PASS" starttime="20231030 16:47:26.732" endtime="20231030 16:47:26.857"/>
</kw>
<kw name="Clear Text" library="Browser">
<arg>${element}</arg>
<tag>PageContent</tag>
<tag>Setter</tag>
<doc>Clears the text field found by ``selector``.</doc>
<status status="PASS" starttime="20231030 16:47:26.857" endtime="20231030 16:47:26.929"/>
</kw>
<kw name="Fill Text" library="Browser">
<arg>${element}</arg>
<arg>${text}</arg>
<arg>True</arg>
<tag>PageContent</tag>
<tag>Setter</tag>
<doc>Clears and fills the given ``txt`` into the text field found by ``selector``.</doc>
<msg timestamp="20231030 16:47:26.929" level="INFO">Fills the text 'lakshit10@example.com' in the given field.</msg>
<status status="PASS" starttime="20231030 16:47:26.929" endtime="20231030 16:47:26.989"/>
</kw>
<kw name="Get Length" library="BuiltIn">
<var>${cnt}</var>
<arg>${text}</arg>
<doc>Returns and logs the length of the given item as an integer.</doc>
<msg timestamp="20231030 16:47:26.997" level="INFO">Length is 21</msg>
<msg timestamp="20231030 16:47:26.997" level="INFO">${cnt} = 21</msg>
<status status="PASS" starttime="20231030 16:47:26.989" endtime="20231030 16:47:26.997"/>
</kw>
<if>
<branch type="IF" condition="${cnt} &gt; 0">
<kw name="Set Global Variable" library="BuiltIn">
<arg>\${STATE["${name}"]}</arg>
<arg>${text}</arg>
<doc>Makes a variable available globally in all tests and suites.</doc>
<msg timestamp="20231030 16:47:27.002" level="INFO">${STATE["Email"]} = lakshit10@example.com</msg>
<status status="PASS" starttime="20231030 16:47:27.002" endtime="20231030 16:47:27.002"/>
</kw>
<status status="PASS" starttime="20231030 16:47:27.000" endtime="20231030 16:47:27.002"/>
</branch>
<status status="PASS" starttime="20231030 16:47:27.000" endtime="20231030 16:47:27.006"/>
</if>
<status status="PASS" starttime="20231030 16:47:26.685" endtime="20231030 16:47:27.006"/>
</kw>
[...]
</if>
<status status="PASS" starttime="20231030 16:47:37.806" endtime="20231030 16:47:37.906"/>
</kw>
<kw name="Check Text" library="common">
<var>${name}</var>
<arg>${name}</arg>
<kw name="Get Regexp Matches" library="String">
<var>${containsS}</var>
<arg>${text}</arg>
<arg>_@(.+)@_</arg>
<arg>1</arg>
<doc>Returns a list of all non-overlapping matches in the given string.</doc>
<msg timestamp="20231030 16:47:37.921" level="INFO">${containsS} = ['Họ và tên']</msg>
<status status="PASS" starttime="20231030 16:47:37.906" endtime="20231030 16:47:37.921"/>
</kw>
<kw name="Get Length" library="BuiltIn">
<var>${cntS}</var>
<arg>${containsS}</arg>
<doc>Returns and logs the length of the given item as an integer.</doc>
<msg timestamp="20231030 16:47:37.921" level="INFO">Length is 1</msg>
<msg timestamp="20231030 16:47:37.921" level="INFO">${cntS} = 1</msg>
<status status="PASS" starttime="20231030 16:47:37.921" endtime="20231030 16:47:37.921"/>
</kw>
<if>
<branch type="IF" condition="${cntS} &gt; 0">
<kw name="Set Variable" library="BuiltIn">
<var>${text}</var>
<arg>${STATE["${containsS[0]}"]}</arg>
<doc>Returns the given values which can then be assigned to a variables.</doc>
<msg timestamp="20231030 16:47:37.921" level="INFO">${text} = CA_11 Repellat voluptatem.</msg>
<status status="PASS" starttime="20231030 16:47:37.921" endtime="20231030 16:47:37.921"/>
</kw>
<status status="PASS" starttime="20231030 16:47:37.921" endtime="20231030 16:47:37.921"/>
</branch>
<status status="PASS" starttime="20231030 16:47:37.921" endtime="20231030 16:47:37.921"/>
</if>
<msg timestamp="20231030 16:47:37.921" level="INFO">${name} = CA_11 Repellat voluptatem.</msg>
<status status="PASS" starttime="20231030 16:47:37.906" endtime="20231030 16:47:37.921"/>
</kw>
<if>
<branch type="IF" condition="'${text}' == 'Chi tiết'">
<kw name="Get Element Table Item By Name" library="common">
<var>${element1}</var>
<arg>${name}</arg>
<arg>//button[@title = "${text}"]</arg>
<status status="NOT RUN" starttime="20231030 16:47:37.921" endtime="20231030 16:47:37.921"/>
</kw>
<kw name="Get Element Count" library="Browser">
<var>${count}</var>
<arg>${element1}</arg>
<tag>Assertion</tag>
<tag>Getter</tag>
<tag>PageContent</tag>
<doc>Returns the count of elements found with ``selector``.</doc>
<status status="NOT RUN" starttime="20231030 16:47:37.921" endtime="20231030 16:47:37.921"/>
</kw>
<if>
<branch type="IF" condition="${count} &gt; 0">
<kw name="Click" library="Browser">
<arg>${element1}</arg>
<tag>PageContent</tag>
<tag>Setter</tag>
<doc>Simulates mouse click on the element found by ``selector``.</doc>
<status status="NOT RUN" starttime="20231030 16:47:37.921" endtime="20231030 16:47:37.921"/>
</kw>
<status status="NOT RUN" starttime="20231030 16:47:37.921" endtime="20231030 16:47:37.921"/>
</branch>
<branch type="ELSE">
<kw name="Get Element Table Item By Name" library="common">
<var>${elementS}</var>
<arg>${name}</arg>
<arg>//p[contains(text(),"${name}")]</arg>
<status status="NOT RUN" starttime="20231030 16:47:37.921" endtime="20231030 16:47:37.921"/>
</kw>
<kw name="Click" library="Browser">
<arg>${elementS}</arg>
<tag>PageContent</tag>
<tag>Setter</tag>
<doc>Simulates mouse click on the element found by ``selector``.</doc>
<status status="NOT RUN" starttime="20231030 16:47:37.921" endtime="20231030 16:47:37.921"/>
</kw>
<status status="NOT RUN" starttime="20231030 16:47:37.921" endtime="20231030 16:47:37.932"/>
</branch>
<status status="NOT RUN" starttime="20231030 16:47:37.921" endtime="20231030 16:47:37.933"/>
</if>
<status status="NOT RUN" starttime="20231030 16:47:37.921" endtime="20231030 16:47:37.933"/>
</branch>
<branch type="ELSE">
<kw name="Get Element Table Item By Name" library="common">
<var>${element}</var>
<arg>${name}</arg>
<arg>//button[@title = "${text}"]</arg>
<msg timestamp="20231030 16:47:37.934" level="INFO">${element} = xpath=//*[contains(@class, "ant-table-row")]//*[contains(text(),"CA_11 Repellat voluptatem.")]/ancestor::tr//button[@title = "Xóa"]</msg>
<status status="PASS" starttime="20231030 16:47:37.934" endtime="20231030 16:47:37.934"/>
</kw>
<kw name="Click" library="Browser">
<arg>${element}</arg>
<tag>PageContent</tag>
<tag>Setter</tag>
<doc>Simulates mouse click on the element found by ``selector``.</doc>
<status status="PASS" starttime="20231030 16:47:37.934" endtime="20231030 16:47:38.053"/>
</kw>
<status status="PASS" starttime="20231030 16:47:37.933" endtime="20231030 16:47:38.053"/>
</branch>
<status status="PASS" starttime="20231030 16:47:37.921" endtime="20231030 16:47:38.066"/>
</if>
<kw name="Click Confirm To Action" library="common">
<kw name="Set Variable" library="BuiltIn">
<var>${element}</var>
<arg>xpath=//*[contains(@class, "ant-popover")]//*[contains(@class, "ant-btn-primary")]</arg>
<doc>Returns the given values which can then be assigned to a variables.</doc>
<msg timestamp="20231030 16:47:38.069" level="INFO">${element} = xpath=//*[contains(@class, "ant-popover")]//*[contains(@class, "ant-btn-primary")]</msg>
<status status="PASS" starttime="20231030 16:47:38.068" endtime="20231030 16:47:38.070"/>
</kw>
<kw name="Get Element Count" library="Browser">
<var>${count}</var>
<arg>${element}</arg>
<tag>Assertion</tag>
<tag>Getter</tag>
<tag>PageContent</tag>
<doc>Returns the count of elements found with ``selector``.</doc>
<msg timestamp="20231030 16:47:38.081" level="INFO">${count} = 1</msg>
<status status="PASS" starttime="20231030 16:47:38.070" endtime="20231030 16:47:38.081"/>
</kw>
<if>
<branch type="IF" condition="${count} &gt; 0">
<kw name="Click" library="Browser">
<arg>${element}</arg>
<tag>PageContent</tag>
<tag>Setter</tag>
<doc>Simulates mouse click on the element found by ``selector``.</doc>
<status status="PASS" starttime="20231030 16:47:38.081" endtime="20231030 16:47:38.362"/>
</kw>
<kw name="Sleep" library="BuiltIn">
<arg>${SHOULD_TIMEOUT}</arg>
<doc>Pauses the test executed for the given time.</doc>
<msg timestamp="20231030 16:47:38.462" level="INFO">Slept 100 milliseconds</msg>
<status status="PASS" starttime="20231030 16:47:38.362" endtime="20231030 16:47:38.462"/>
</kw>
<kw name="Wait Until Element Spin" library="common">
<kw name="Sleep" library="BuiltIn">
<arg>${SHOULD_TIMEOUT}</arg>
<doc>Pauses the test executed for the given time.</doc>
<msg timestamp="20231030 16:47:38.563" level="INFO">Slept 100 milliseconds</msg>
<status status="PASS" starttime="20231030 16:47:38.462" endtime="20231030 16:47:38.563"/>
</kw>
<kw name="Set Variable" library="BuiltIn">
<var>${element}</var>
<arg>xpath=//*[contains(@class, "ant-spin-spinning")]</arg>
<doc>Returns the given values which can then be assigned to a variables.</doc>
<msg timestamp="20231030 16:47:38.569" level="INFO">${element} = xpath=//*[contains(@class, "ant-spin-spinning")]</msg>
<status status="PASS" starttime="20231030 16:47:38.563" endtime="20231030 16:47:38.570"/>
</kw>
<kw name="Get Element Count" library="Browser">
<var>${count}</var>
<arg>${element}</arg>
<tag>Assertion</tag>
<tag>Getter</tag>
<tag>PageContent</tag>
<doc>Returns the count of elements found with ``selector``.</doc>
<msg timestamp="20231030 16:47:38.736" level="INFO">${count} = 0</msg>
<status status="PASS" starttime="20231030 16:47:38.572" endtime="20231030 16:47:38.736"/>
</kw>
<if>
<branch type="IF" condition="${count} &gt; 0">
<kw name="Wait Until Page Does Not Contain Element" library="common">
<arg>${element}</arg>
<status status="NOT RUN" starttime="20231030 16:47:38.736" endtime="20231030 16:47:38.736"/>
</kw>
<status status="NOT RUN" starttime="20231030 16:47:38.736" endtime="20231030 16:47:38.736"/>
</branch>
<status status="PASS" starttime="20231030 16:47:38.736" endtime="20231030 16:47:38.736"/>
</if>
<status status="PASS" starttime="20231030 16:47:38.462" endtime="20231030 16:47:38.736"/>
</kw>
<status status="PASS" starttime="20231030 16:47:38.081" endtime="20231030 16:47:38.736"/>
</branch>
<status status="PASS" starttime="20231030 16:47:38.081" endtime="20231030 16:47:38.736"/>
</if>
<status status="PASS" starttime="20231030 16:47:38.067" endtime="20231030 16:47:38.736"/>
</kw>
<kw name="Wait Until Network Is Idle" library="Browser">
<tag>HTTP</tag>
<tag>Wait</tag>
<doc>Waits until there has been at least one instance of 500 ms of no network traffic on the page after loading.</doc>
<status status="PASS" starttime="20231030 16:47:38.736" endtime="20231030 16:47:38.754"/>
</kw>
<status status="PASS" starttime="20231030 16:47:37.704" endtime="20231030 16:47:38.754"/>
</kw>
<kw name="When Click on the &quot;Xóa&quot; button in the &quot;${AccountName}&quot; table line" library="common" sourcename="Click on the &quot;${text}&quot; button in the &quot;${name}&quot; table line">
<kw name="Sleep" library="BuiltIn">
<arg>${SHOULD_TIMEOUT}</arg>
<doc>Pauses the test executed for the given time.</doc>
<msg timestamp="20231030 16:47:38.857" level="INFO">Slept 100 milliseconds</msg>
<status status="PASS" starttime="20231030 16:47:38.754" endtime="20231030 16:47:38.857"/>
</kw>
<kw name="Wait Until Element Spin" library="common">
<kw name="Sleep" library="BuiltIn">
<arg>${SHOULD_TIMEOUT}</arg>
<doc>Pauses the test executed for the given time.</doc>
<msg timestamp="20231030 16:47:38.958" level="INFO">Slept 100 milliseconds</msg>
<status status="PASS" starttime="20231030 16:47:38.857" endtime="20231030 16:47:38.958"/>
</kw>
<kw name="Set Variable" library="BuiltIn">
<var>${element}</var>
<arg>xpath=//*[contains(@class, "ant-spin-spinning")]</arg>
<doc>Returns the given values which can then be assigned to a variables.</doc>
<msg timestamp="20231030 16:47:38.958" level="INFO">${element} = xpath=//*[contains(@class, "ant-spin-spinning")]</msg>
<status status="PASS" starttime="20231030 16:47:38.958" endtime="20231030 16:47:38.958"/>
</kw>
<kw name="Get Element Count" library="Browser">
<var>${count}</var>
<arg>${element}</arg>
<tag>Assertion</tag>
<tag>Getter</tag>
<tag>PageContent</tag>
<doc>Returns the count of elements found with ``selector``.</doc>
<msg timestamp="20231030 16:47:38.958" level="INFO">${count} = 0</msg>
<status status="PASS" starttime="20231030 16:47:38.958" endtime="20231030 16:47:38.958"/>
</kw>
<if>
<branch type="IF" condition="${count} &gt; 0">
<kw name="Wait Until Page Does Not Contain Element" library="common">
<arg>${element}</arg>
<status status="NOT RUN" starttime="20231030 16:47:38.958" endtime="20231030 16:47:38.958"/>
</kw>
<status status="NOT RUN" starttime="20231030 16:47:38.958" endtime="20231030 16:47:38.958"/>
</branch>
<status status="PASS" starttime="20231030 16:47:38.958" endtime="20231030 16:47:38.958"/>
</if>
<status status="PASS" starttime="20231030 16:47:38.857" endtime="20231030 16:47:38.958"/>
</kw>
<kw name="Check Text" library="common">
<var>${name}</var>
<arg>${name}</arg>
<kw name="Get Regexp Matches" library="String">
<var>${containsS}</var>
<arg>${text}</arg>
<arg>_@(.+)@_</arg>
<arg>1</arg>
<doc>Returns a list of all non-overlapping matches in the given string.</doc>
<msg timestamp="20231030 16:47:38.974" level="INFO">${containsS} = []</msg>
<status status="PASS" starttime="20231030 16:47:38.974" endtime="20231030 16:47:38.974"/>
</kw>
<kw name="Get Length" library="BuiltIn">
<var>${cntS}</var>
<arg>${containsS}</arg>
<doc>Returns and logs the length of the given item as an integer.</doc>
<msg timestamp="20231030 16:47:38.974" level="INFO">Length is 0</msg>
<msg timestamp="20231030 16:47:38.974" level="INFO">${cntS} = 0</msg>
<status status="PASS" starttime="20231030 16:47:38.974" endtime="20231030 16:47:38.974"/>
</kw>
<if>
<branch type="IF" condition="${cntS} &gt; 0">
<kw name="Set Variable" library="BuiltIn">
<var>${text}</var>
<arg>${STATE["${containsS[0]}"]}</arg>
<doc>Returns the given values which can then be assigned to a variables.</doc>
<status status="NOT RUN" starttime="20231030 16:47:38.974" endtime="20231030 16:47:38.974"/>
</kw>
<status status="NOT RUN" starttime="20231030 16:47:38.974" endtime="20231030 16:47:38.974"/>
</branch>
<status status="PASS" starttime="20231030 16:47:38.974" endtime="20231030 16:47:38.974"/>
</if>
<msg timestamp="20231030 16:47:38.974" level="INFO">${name} = CA_11 Vero consectetur soluta amet.</msg>
<status status="PASS" starttime="20231030 16:47:38.974" endtime="20231030 16:47:38.974"/>
</kw>
<if>
<branch type="IF" condition="'${text}' == 'Chi tiết'">
<kw name="Get Element Table Item By Name" library="common">
<var>${element1}</var>
<arg>${name}</arg>
<arg>//button[@title = "${text}"]</arg>
<status status="NOT RUN" starttime="20231030 16:47:38.974" endtime="20231030 16:47:38.974"/>
</kw>
<kw name="Get Element Count" library="Browser">
<var>${count}</var>
<arg>${element1}</arg>
<tag>Assertion</tag>
<tag>Getter</tag>
<tag>PageContent</tag>
<doc>Returns the count of elements found with ``selector``.</doc>
<status status="NOT RUN" starttime="20231030 16:47:38.983" endtime="20231030 16:47:38.984"/>
</kw>
<if>
<branch type="IF" condition="${count} &gt; 0">
<kw name="Click" library="Browser">
<arg>${element1}</arg>
<tag>PageContent</tag>
<tag>Setter</tag>
<doc>Simulates mouse click on the element found by ``selector``.</doc>
<status status="NOT RUN" starttime="20231030 16:47:38.986" endtime="20231030 16:47:38.986"/>
</kw>
<status status="NOT RUN" starttime="20231030 16:47:38.985" endtime="20231030 16:47:38.986"/>
</branch>
<branch type="ELSE">
<kw name="Get Element Table Item By Name" library="common">
<var>${elementS}</var>
<arg>${name}</arg>
<arg>//p[contains(text(),"${name}")]</arg>
<status status="NOT RUN" starttime="20231030 16:47:38.986" endtime="20231030 16:47:38.986"/>
</kw>
<kw name="Click" library="Browser">
<arg>${elementS}</arg>
<tag>PageContent</tag>
<tag>Setter</tag>
<doc>Simulates mouse click on the element found by ``selector``.</doc>
<status status="NOT RUN" starttime="20231030 16:47:38.986" endtime="20231030 16:47:38.986"/>
</kw>
<status status="NOT RUN" starttime="20231030 16:47:38.986" endtime="20231030 16:47:38.986"/>
</branch>
<status status="NOT RUN" starttime="20231030 16:47:38.985" endtime="20231030 16:47:38.986"/>
</if>
<status status="NOT RUN" starttime="20231030 16:47:38.974" endtime="20231030 16:47:38.986"/>
</branch>
<branch type="ELSE">
<kw name="Get Element Table Item By Name" library="common">
<var>${element}</var>
<arg>${name}</arg>
<arg>//button[@title = "${text}"]</arg>
<msg timestamp="20231030 16:47:38.986" level="INFO">${element} = xpath=//*[contains(@class, "ant-table-row")]//*[contains(text(),"CA_11 Vero consectetur soluta amet.")]/ancestor::tr//button[@title = "Xóa"]</msg>
<status status="PASS" starttime="20231030 16:47:38.986" endtime="20231030 16:47:38.986"/>
</kw>
<kw name="Click" library="Browser">
<arg>${element}</arg>
<tag>PageContent</tag>
<tag>Setter</tag>
<doc>Simulates mouse click on the element found by ``selector``.</doc>
<status status="PASS" starttime="20231030 16:47:38.986" endtime="20231030 16:47:40.591"/>
</kw>
<status status="PASS" starttime="20231030 16:47:38.986" endtime="20231030 16:47:40.591"/>
</branch>
<status status="PASS" starttime="20231030 16:47:38.974" endtime="20231030 16:47:40.591"/>
</if>
<kw name="Click Confirm To Action" library="common">
<kw name="Set Variable" library="BuiltIn">
<var>${element}</var>
<arg>xpath=//*[contains(@class, "ant-popover")]//*[contains(@class, "ant-btn-primary")]</arg>
<doc>Returns the given values which can then be assigned to a variables.</doc>
<msg timestamp="20231030 16:47:40.591" level="INFO">${element} = xpath=//*[contains(@class, "ant-popover")]//*[contains(@class, "ant-btn-primary")]</msg>
<status status="PASS" starttime="20231030 16:47:40.591" endtime="20231030 16:47:40.591"/>
</kw>
<kw name="Get Element Count" library="Browser">
<var>${count}</var>
<arg>${element}</arg>
<tag>Assertion</tag>
<tag>Getter</tag>
<tag>PageContent</tag>
<doc>Returns the count of elements found with ``selector``.</doc>
<msg timestamp="20231030 16:47:40.600" level="INFO">${count} = 1</msg>
<status status="PASS" starttime="20231030 16:47:40.591" endtime="20231030 16:47:40.600"/>
</kw>
<if>
<branch type="IF" condition="${count} &gt; 0">
<kw name="Click" library="Browser">
<arg>${element}</arg>
<tag>PageContent</tag>
<tag>Setter</tag>
<doc>Simulates mouse click on the element found by ``selector``.</doc>
<status status="PASS" starttime="20231030 16:47:40.600" endtime="20231030 16:47:40.887"/>
</kw>
<kw name="Sleep" library="BuiltIn">
<arg>${SHOULD_TIMEOUT}</arg>
<doc>Pauses the test executed for the given time.</doc>
<msg timestamp="20231030 16:47:40.987" level="INFO">Slept 100 milliseconds</msg>
<status status="PASS" starttime="20231030 16:47:40.887" endtime="20231030 16:47:40.987"/>
</kw>
<kw name="Wait Until Element Spin" library="common">
<kw name="Sleep" library="BuiltIn">
<arg>${SHOULD_TIMEOUT}</arg>
<doc>Pauses the test executed for the given time.</doc>
<msg timestamp="20231030 16:47:41.088" level="INFO">Slept 100 milliseconds</msg>
<status status="PASS" starttime="20231030 16:47:40.987" endtime="20231030 16:47:41.088"/>
</kw>
<kw name="Set Variable" library="BuiltIn">
<var>${element}</var>
<arg>xpath=//*[contains(@class, "ant-spin-spinning")]</arg>
<doc>Returns the given values which can then be assigned to a variables.</doc>
<msg timestamp="20231030 16:47:41.089" level="INFO">${element} = xpath=//*[contains(@class, "ant-spin-spinning")]</msg>
<status status="PASS" starttime="20231030 16:47:41.089" endtime="20231030 16:47:41.090"/>
</kw>
<kw name="Get Element Count" library="Browser">
<var>${count}</var>
<arg>${element}</arg>
<tag>Assertion</tag>
<tag>Getter</tag>
<tag>PageContent</tag>
<doc>Returns the count of elements found with ``selector``.</doc>
<msg timestamp="20231030 16:47:41.191" level="INFO">${count} = 0</msg>
<status status="PASS" starttime="20231030 16:47:41.090" endtime="20231030 16:47:41.191"/>
</kw>
<if>
<branch type="IF" condition="${count} &gt; 0">
<kw name="Wait Until Page Does Not Contain Element" library="common">
<arg>${element}</arg>
<status status="NOT RUN" starttime="20231030 16:47:41.191" endtime="20231030 16:47:41.191"/>
</kw>
<status status="NOT RUN" starttime="20231030 16:47:41.191" endtime="20231030 16:47:41.191"/>
</branch>
<status status="PASS" starttime="20231030 16:47:41.191" endtime="20231030 16:47:41.206"/>
</if>
<status status="PASS" starttime="20231030 16:47:40.987" endtime="20231030 16:47:41.206"/>
</kw>
<status status="PASS" starttime="20231030 16:47:40.600" endtime="20231030 16:47:41.206"/>
</branch>
<status status="PASS" starttime="20231030 16:47:40.600" endtime="20231030 16:47:41.206"/>
</if>
<status status="PASS" starttime="20231030 16:47:40.591" endtime="20231030 16:47:41.206"/>
</kw>
<kw name="Wait Until Network Is Idle" library="Browser">
<tag>HTTP</tag>
<tag>Wait</tag>
<doc>Waits until there has been at least one instance of 500 ms of no network traffic on the page after loading.</doc>
<status status="PASS" starttime="20231030 16:47:41.206" endtime="20231030 16:47:41.206"/>
</kw>
<status status="PASS" starttime="20231030 16:47:38.754" endtime="20231030 16:47:41.206"/>
</kw>
<kw name="Tear Down" library="common" type="TEARDOWN">
<kw name="Close Browser" library="Browser">
<arg>ALL</arg>
<tag>BrowserControl</tag>
<tag>Setter</tag>
<doc>Closes the current browser.</doc>
<msg timestamp="20231030 16:47:42.078" level="INFO">Closed all browsers</msg>
<status status="PASS" starttime="20231030 16:47:41.222" endtime="20231030 16:47:42.078"/>
</kw>
<status status="PASS" starttime="20231030 16:47:41.222" endtime="20231030 16:47:42.078"/>
</kw>
<tag>Search</tag>
<status status="PASS" starttime="20231030 16:47:14.806" endtime="20231030 16:47:42.078"/>
</test>
<status status="PASS" starttime="20231030 16:47:12.109" endtime="20231030 16:47:42.093"/>
</suite>
<statistics>
<total>
<stat pass="1" fail="0" skip="0">All Tests</stat>
</total>
<tag>
<stat pass="1" fail="0" skip="0">Search</stat>
</tag>
<suite>
<stat pass="1" fail="0" skip="0" id="s1" name="Customer Account">Customer Account</stat>
</suite>
</statistics>
<errors>
</errors>
</robot>
