<?xml version="1.0" encoding="UTF-8"?>
<robot generator="Robot 6.1.1 (Python 3.11.4 on win32)" generated="20231226 18:25:13.400" rpa="false" schemaversion="4">
<suite id="s1" name="Customer Account" source="d:\TESTER\Automation\Auto_Web\testcases\customer_account.robot">
<test id="s1-t1" name="CA_06_01 Check account information after creation (Farmer Side)" line="67">
<kw name="Setup" library="common" type="SETUP">
<kw name="Set Browser Timeout" library="Browser">
<arg>${BROWSER_TIMEOUT}</arg>
<tag>Config</tag>
<tag>Setter</tag>
<doc>Sets the timeout used by most input and getter keywords.</doc>
<status status="PASS" starttime="20231226 18:25:15.721" endtime="20231226 18:25:15.779"/>
</kw>
<kw name="New Browser" library="Browser">
<arg>${BROWSER}</arg>
<arg>headless=${HEADLESS}</arg>
<tag>BrowserControl</tag>
<tag>Setter</tag>
<doc>Create a new playwright Browser with specified options.</doc>
<msg timestamp="20231226 18:25:15.781" level="INFO">{"browser": "chromium", "headless": false, "chromiumSandbox": false, "devtools": false, "handleSIGHUP": true, "handleSIGINT": true, "handleSIGTERM": true, "slowMo": 0.0, "timeout": 30000.0, "tracesDir": "D:\\TESTER\\Automation\\browser\\traces\\106d9d84-d5ea-4e50-a7b3-25c9f0206e85"}</msg>
<msg timestamp="20231226 18:25:16.989" level="INFO">Successfully created browser with options: {"browser":"chromium","headless":false,"chromiumSandbox":false,"devtools":false,"handleSIGHUP":true,"handleSIGINT":true,"handleSIGTERM":true,"slowMo":0,"timeout":30000,"tracesDir":"D:\\TESTER\\Automation\\browser\\traces\\106d9d84-d5ea-4e50-a7b3-25c9f0206e85"}</msg>
<status status="PASS" starttime="20231226 18:25:15.780" endtime="20231226 18:25:16.990"/>
</kw>
<kw name="New Page" library="Browser">
<arg>${URL_DEFAULT}</arg>
<tag>BrowserControl</tag>
<tag>Setter</tag>
<doc>Open a new Page.</doc>
<msg timestamp="20231226 18:25:21.173" level="INFO">Successfully initialized new page object and opened url: http://dev1.geneat.vn:7802/#/vn</msg>
<msg timestamp="20231226 18:25:21.176" level="INFO">No context was open. New context was automatically opened when this page is created.</msg>
<status status="PASS" starttime="20231226 18:25:16.992" endtime="20231226 18:25:21.177"/>
</kw>
<kw name="Evaluate" library="BuiltIn">
<var>${STATE}</var>
<arg>json.loads('''{}''')</arg>
<arg>json</arg>
<doc>Evaluates the given expression in Python and returns the result.</doc>
<msg timestamp="20231226 18:25:21.181" level="INFO">${STATE} = {}</msg>
<status status="PASS" starttime="20231226 18:25:21.179" endtime="20231226 18:25:21.181"/>
</kw>
<status status="PASS" starttime="20231226 18:25:15.719" endtime="20231226 18:25:21.183"/>
</kw>
<kw name="Get Current Date" library="DateTime">
<var>${today}</var>
<arg>local</arg>
<arg>result_format=%d/%m/%Y</arg>
<doc>Returns current local or UTC time with an optional increment.</doc>
<msg timestamp="20231226 18:25:21.202" level="INFO">${today} = 26/12/2023</msg>
<status status="PASS" starttime="20231226 18:25:21.201" endtime="20231226 18:25:21.203"/>
</kw>
<kw name="Create a test account with &quot;Farmer Side&quot; type" sourcename="Create a test account with &quot;${type}&quot; type">
<kw name="Run Keyword And Return Status" library="BuiltIn">
<var>${condition}</var>
<arg>Confirm locating exactly in "Tài khoản người dùng" page</arg>
<doc>Runs the given keyword with given arguments and returns the status as a Boolean value.</doc>
<kw name="Confirm locating exactly in &quot;Tài khoản người dùng&quot; page" library="common" sourcename="Confirm locating exactly in &quot;${name}&quot; page">
<kw name="Get Element Count" library="Browser">
<var>${cnt}</var>
<arg>//header//span[contains(text(),"${name}")]</arg>
<tag>Assertion</tag>
<tag>Getter</tag>
<tag>PageContent</tag>
<doc>Returns the count of elements found with ``selector``.</doc>
<msg timestamp="20231226 18:25:21.364" level="INFO">${cnt} = 0</msg>
<status status="PASS" starttime="20231226 18:25:21.289" endtime="20231226 18:25:21.364"/>
</kw>
<kw name="Should Be True" library="BuiltIn">
<arg>${cnt} &gt; 0</arg>
<doc>Fails if the given condition is not true.</doc>
<msg timestamp="20231226 18:25:21.366" level="FAIL">'0 &gt; 0' should be true.</msg>
<status status="FAIL" starttime="20231226 18:25:21.365" endtime="20231226 18:25:21.367"/>
</kw>
<status status="FAIL" starttime="20231226 18:25:21.286" endtime="20231226 18:25:21.368"/>
</kw>
<msg timestamp="20231226 18:25:21.369" level="INFO">${condition} = False</msg>
<status status="PASS" starttime="20231226 18:25:21.285" endtime="20231226 18:25:21.369"/>
</kw>
<if>
<branch type="IF" condition="'${condition}' == 'True'">
<kw name="Click &quot;Tạo mới&quot; button" library="common" sourcename="Click &quot;${text}&quot; button">
<status status="NOT RUN" starttime="20231226 18:25:21.372" endtime="20231226 18:25:21.372"/>
</kw>
<status status="NOT RUN" starttime="20231226 18:25:21.370" endtime="20231226 18:25:21.373"/>
</branch>
<branch type="ELSE">
<kw name="Go to page create account &quot;Tài khoản Người dùng&quot; with &quot;/customer-account&quot;" sourcename="Go to page create account &quot;${name}&quot; with &quot;${url}&quot;">
<kw name="Login to admin" library="common">
<kw name="Enter &quot;email&quot; in &quot;Email&quot; with &quot;admin@gmail.com&quot;" library="common" sourcename="Enter &quot;${type}&quot; in &quot;${name}&quot; with &quot;${text}&quot;">
<kw name="Wait Until Element Spin" library="common">
<kw name="Sleep" library="BuiltIn">
<arg>${SHOULD_TIMEOUT}</arg>
<doc>Pauses the test executed for the given time.</doc>
<msg timestamp="20231226 18:25:21.483" level="INFO">Slept 100 milliseconds</msg>
<status status="PASS" starttime="20231226 18:25:21.382" endtime="20231226 18:25:21.483"/>
</kw>
<kw name="Set Variable" library="BuiltIn">
<var>${element}</var>
<arg>xpath=//*[contains(@class, "ant-spin-spinning")]</arg>
<doc>Returns the given values which can then be assigned to a variables.</doc>
<msg timestamp="20231226 18:25:21.485" level="INFO">${element} = xpath=//*[contains(@class, "ant-spin-spinning")]</msg>
<status status="PASS" starttime="20231226 18:25:21.484" endtime="20231226 18:25:21.486"/>
</kw>
<kw name="Get Element Count" library="Browser">
<var>${count}</var>
<arg>${element}</arg>
<tag>Assertion</tag>
<tag>Getter</tag>
<tag>PageContent</tag>
<doc>Returns the count of elements found with ``selector``.</doc>
<msg timestamp="20231226 18:25:21.515" level="INFO">${count} = 0</msg>
<status status="PASS" starttime="20231226 18:25:21.486" endtime="20231226 18:25:21.516"/>
</kw>
<if>
<branch type="IF" condition="${count} &gt; 0">
<kw name="Wait Until Page Does Not Contain Element" library="common">
<arg>${element}</arg>
<status status="NOT RUN" starttime="20231226 18:25:21.518" endtime="20231226 18:25:21.518"/>
</kw>
<status status="NOT RUN" starttime="20231226 18:25:21.516" endtime="20231226 18:25:21.519"/>
</branch>
<status status="PASS" starttime="20231226 18:25:21.516" endtime="20231226 18:25:21.519"/>
</if>
<status status="PASS" starttime="20231226 18:25:21.381" endtime="20231226 18:25:21.520"/>
</kw>
<kw name="Get Random Text" library="common">
<var>${text}</var>
<arg>${type}</arg>
<arg>${text}</arg>
<kw name="Set Variable" library="BuiltIn">
<var>${symbol}</var>
<arg>_RANDOM_</arg>
<doc>Returns the given values which can then be assigned to a variables.</doc>
<msg timestamp="20231226 18:25:21.529" level="INFO">${symbol} = _RANDOM_</msg>
<status status="PASS" starttime="20231226 18:25:21.522" endtime="20231226 18:25:21.530"/>
</kw>
<kw name="Set Variable" library="BuiltIn">
<var>${new_text}</var>
<doc>Returns the given values which can then be assigned to a variables.</doc>
<msg timestamp="20231226 18:25:21.532" level="INFO">${new_text} = </msg>
<status status="PASS" starttime="20231226 18:25:21.531" endtime="20231226 18:25:21.533"/>
</kw>
<kw name="Get Regexp Matches" library="String">
<var>${containsS}</var>
<arg>${text}</arg>
<arg>_@(.+)@_</arg>
<arg>1</arg>
<doc>Returns a list of all non-overlapping matches in the given string.</doc>
<msg timestamp="20231226 18:25:21.535" level="INFO">${containsS} = []</msg>
<status status="PASS" starttime="20231226 18:25:21.534" endtime="20231226 18:25:21.535"/>
</kw>
<kw name="Get Length" library="BuiltIn">
<var>${cntS}</var>
<arg>${containsS}</arg>
<doc>Returns and logs the length of the given item as an integer.</doc>
<msg timestamp="20231226 18:25:21.538" level="INFO">Length is 0</msg>
<msg timestamp="20231226 18:25:21.538" level="INFO">${cntS} = 0</msg>
<status status="PASS" starttime="20231226 18:25:21.536" endtime="20231226 18:25:21.539"/>
</kw>
<kw name="Get Regexp Matches" library="String">
<var>${contains}</var>
<arg>${text}</arg>
<arg>${symbol}</arg>
<doc>Returns a list of all non-overlapping matches in the given string.</doc>
<msg timestamp="20231226 18:25:21.546" level="INFO">${contains} = []</msg>
<status status="PASS" starttime="20231226 18:25:21.539" endtime="20231226 18:25:21.547"/>
</kw>
<kw name="Get Length" library="BuiltIn">
<var>${cnt}</var>
<arg>${contains}</arg>
<doc>Returns and logs the length of the given item as an integer.</doc>
<msg timestamp="20231226 18:25:21.550" level="INFO">Length is 0</msg>
<msg timestamp="20231226 18:25:21.550" level="INFO">${cnt} = 0</msg>
<status status="PASS" starttime="20231226 18:25:21.548" endtime="20231226 18:25:21.550"/>
</kw>
<if>
<branch type="IF" condition="${cntS} &gt; 0">
<kw name="Set Variable" library="BuiltIn">
<var>${new_text}</var>
<arg>${STATE["${containsS[0]}"]}</arg>
<doc>Returns the given values which can then be assigned to a variables.</doc>
<status status="NOT RUN" starttime="20231226 18:25:21.552" endtime="20231226 18:25:21.552"/>
</kw>
<kw name="Set Variable" library="BuiltIn">
<var>${symbol}</var>
<arg>_@${containsS[0]}@_</arg>
<doc>Returns the given values which can then be assigned to a variables.</doc>
<status status="NOT RUN" starttime="20231226 18:25:21.553" endtime="20231226 18:25:21.553"/>
</kw>
<status status="NOT RUN" starttime="20231226 18:25:21.551" endtime="20231226 18:25:21.553"/>
</branch>
<branch type="ELSE IF" condition="${cnt} &gt; 0 and '${type}' == 'test name'">
<kw name="Sentence" library="FakerLibrary">
<var>${random}</var>
<arg>nb_words=3</arg>
<doc>Generate a sentence.</doc>
<status status="NOT RUN" starttime="20231226 18:25:21.554" endtime="20231226 18:25:21.555"/>
</kw>
<kw name="Split String" library="String">
<var>${words}</var>
<arg>${TEST NAME}</arg>
<arg>${SPACE}</arg>
<doc>Splits the ``string`` using ``separator`` as a delimiter string.</doc>
<status status="NOT RUN" starttime="20231226 18:25:21.555" endtime="20231226 18:25:21.556"/>
</kw>
<kw name="Set Variable" library="BuiltIn">
<var>${new_text}</var>
<arg>${words[0]} ${random}</arg>
<doc>Returns the given values which can then be assigned to a variables.</doc>
<status status="NOT RUN" starttime="20231226 18:25:21.562" endtime="20231226 18:25:21.563"/>
</kw>
<status status="NOT RUN" starttime="20231226 18:25:21.554" endtime="20231226 18:25:21.563"/>
</branch>
<branch type="ELSE IF" condition="${cnt} &gt; 0 and '${type}' == 'number'">
<kw name="Random Int" library="FakerLibrary">
<var>${new_text}</var>
<doc>Generate a random integer between two integers ``min`` and ``max`` inclusive
while observing the provided ``step`` value.</doc>
<status status="NOT RUN" starttime="20231226 18:25:21.566" endtime="20231226 18:25:21.567"/>
</kw>
<kw name="Convert To String" library="BuiltIn">
<var>${new_text}</var>
<arg>${new_text}</arg>
<doc>Converts the given item to a Unicode string.</doc>
<status status="NOT RUN" starttime="20231226 18:25:21.567" endtime="20231226 18:25:21.568"/>
</kw>
<status status="NOT RUN" starttime="20231226 18:25:21.565" endtime="20231226 18:25:21.568"/>
</branch>
<branch type="ELSE IF" condition="${cnt} &gt; 0 and '${type}' == 'percentage'">
<kw name="Random Int" library="FakerLibrary">
<var>${new_text}</var>
<arg>max=100</arg>
<doc>Generate a random integer between two integers ``min`` and ``max`` inclusive
while observing the provided ``step`` value.</doc>
<status status="NOT RUN" starttime="20231226 18:25:21.570" endtime="20231226 18:25:21.570"/>
</kw>
<kw name="Convert To String" library="BuiltIn">
<var>${new_text}</var>
<arg>${new_text}</arg>
<doc>Converts the given item to a Unicode string.</doc>
<status status="NOT RUN" starttime="20231226 18:25:21.600" endtime="20231226 18:25:21.601"/>
</kw>
<status status="NOT RUN" starttime="20231226 18:25:21.569" endtime="20231226 18:25:21.601"/>
</branch>
<branch type="ELSE IF" condition="${cnt} &gt; 0 and '${type}' == 'paragraph'">
<kw name="Paragraph" library="FakerLibrary">
<var>${new_text}</var>
<doc>Generate a paragraph.</doc>
<status status="NOT RUN" starttime="20231226 18:25:21.602" endtime="20231226 18:25:21.603"/>
</kw>
<status status="NOT RUN" starttime="20231226 18:25:21.602" endtime="20231226 18:25:21.603"/>
</branch>
<branch type="ELSE IF" condition="${cnt} &gt; 0 and '${type}' == 'email'">
<kw name="Email" library="FakerLibrary">
<var>${new_text}</var>
<status status="NOT RUN" starttime="20231226 18:25:21.605" endtime="20231226 18:25:21.605"/>
</kw>
<status status="NOT RUN" starttime="20231226 18:25:21.604" endtime="20231226 18:25:21.606"/>
</branch>
<branch type="ELSE IF" condition="${cnt} &gt; 0 and '${type}' == 'phone'">
<kw name="Random Int" library="FakerLibrary">
<var>${new_text}</var>
<arg>min=20000000</arg>
<arg>max=99999999</arg>
<doc>Generate a random integer between two integers ``min`` and ``max`` inclusive
while observing the provided ``step`` value.</doc>
<status status="NOT RUN" starttime="20231226 18:25:21.617" endtime="20231226 18:25:21.617"/>
</kw>
<kw name="Convert To String" library="BuiltIn">
<var>${new_text}</var>
<arg>${new_text}</arg>
<doc>Converts the given item to a Unicode string.</doc>
<status status="NOT RUN" starttime="20231226 18:25:21.618" endtime="20231226 18:25:21.619"/>
</kw>
<kw name="Create List" library="BuiltIn">
<var>${List}</var>
<arg>3</arg>
<arg>7</arg>
<arg>8</arg>
<arg>9</arg>
<doc>Returns a list containing given items.</doc>
<status status="NOT RUN" starttime="20231226 18:25:21.620" endtime="20231226 18:25:21.620"/>
</kw>
<kw name="Evaluate" library="BuiltIn">
<var>${2nd_number}</var>
<arg>random.choice($List)</arg>
<arg>random</arg>
<doc>Evaluates the given expression in Python and returns the result.</doc>
<status status="NOT RUN" starttime="20231226 18:25:21.621" endtime="20231226 18:25:21.622"/>
</kw>
<kw name="Convert To String" library="BuiltIn">
<var>${2nd_number}</var>
<arg>${2nd_number}</arg>
<doc>Converts the given item to a Unicode string.</doc>
<status status="NOT RUN" starttime="20231226 18:25:21.623" endtime="20231226 18:25:21.628"/>
</kw>
<kw name="Catenate" library="BuiltIn">
<var>${new_text}</var>
<arg>SEPARATOR=</arg>
<arg>0</arg>
<arg>${2nd_number}</arg>
<arg>${new_text}</arg>
<doc>Catenates the given items together and returns the resulted string.</doc>
<status status="NOT RUN" starttime="20231226 18:25:21.629" endtime="20231226 18:25:21.629"/>
</kw>
<status status="NOT RUN" starttime="20231226 18:25:21.606" endtime="20231226 18:25:21.630"/>
</branch>
<branch type="ELSE IF" condition="${cnt} &gt; 0 and '${type}' == 'color'">
<kw name="Safe Hex Color" library="FakerLibrary">
<var>${new_text}</var>
<doc>Generate a web-safe color formatted as a hex triplet.</doc>
<status status="NOT RUN" starttime="20231226 18:25:21.632" endtime="20231226 18:25:21.632"/>
</kw>
<status status="NOT RUN" starttime="20231226 18:25:21.630" endtime="20231226 18:25:21.633"/>
</branch>
<branch type="ELSE IF" condition="${cnt} &gt; 0 and &quot;${type}&quot; == 'password'">
<kw name="Password" library="FakerLibrary">
<var>${new_text}</var>
<arg>10</arg>
<arg>True</arg>
<arg>True</arg>
<arg>True</arg>
<arg>True</arg>
<doc>Generate a random password of the specified ``length``.</doc>
<status status="NOT RUN" starttime="20231226 18:25:21.634" endtime="20231226 18:25:21.635"/>
</kw>
<status status="NOT RUN" starttime="20231226 18:25:21.633" endtime="20231226 18:25:21.635"/>
</branch>
<branch type="ELSE IF" condition="${cnt} &gt; 0 and '${type}' == 'date'">
<kw name="Date" library="FakerLibrary">
<var>${new_text}</var>
<arg>pattern=%d-%m-%Y</arg>
<doc>Get a date string between January 1, 1970 and now.</doc>
<status status="NOT RUN" starttime="20231226 18:25:21.637" endtime="20231226 18:25:21.638"/>
</kw>
<status status="NOT RUN" starttime="20231226 18:25:21.636" endtime="20231226 18:25:21.638"/>
</branch>
<branch type="ELSE IF" condition="${cnt} &gt; 0 and '${type}' == 'word'">
<kw name="Sentence" library="FakerLibrary">
<var>${new_text}</var>
<arg>nb_words=2</arg>
<doc>Generate a sentence.</doc>
<status status="NOT RUN" starttime="20231226 18:25:21.642" endtime="20231226 18:25:21.645"/>
</kw>
<status status="NOT RUN" starttime="20231226 18:25:21.639" endtime="20231226 18:25:21.646"/>
</branch>
<branch type="ELSE IF" condition="${cnt} &gt; 0">
<kw name="Sentence" library="FakerLibrary">
<var>${new_text}</var>
<doc>Generate a sentence.</doc>
<status status="NOT RUN" starttime="20231226 18:25:21.648" endtime="20231226 18:25:21.648"/>
</kw>
<status status="NOT RUN" starttime="20231226 18:25:21.646" endtime="20231226 18:25:21.695"/>
</branch>
<status status="PASS" starttime="20231226 18:25:21.551" endtime="20231226 18:25:21.696"/>
</if>
<kw name="Get Length" library="BuiltIn">
<var>${cnt}</var>
<arg>${text}</arg>
<doc>Returns and logs the length of the given item as an integer.</doc>
<msg timestamp="20231226 18:25:21.698" level="INFO">Length is 15</msg>
<msg timestamp="20231226 18:25:21.699" level="INFO">${cnt} = 15</msg>
<status status="PASS" starttime="20231226 18:25:21.697" endtime="20231226 18:25:21.699"/>
</kw>
<if>
<branch type="IF" condition="${cnt} &gt; 0">
<kw name="Replace String" library="String">
<var>${text}</var>
<arg>${text}</arg>
<arg>${symbol}</arg>
<arg>${new_text}</arg>
<doc>Replaces ``search_for`` in the given ``string`` with ``replace_with``.</doc>
<msg timestamp="20231226 18:25:21.702" level="INFO">${text} = admin@gmail.com</msg>
<status status="PASS" starttime="20231226 18:25:21.701" endtime="20231226 18:25:21.703"/>
</kw>
<status status="PASS" starttime="20231226 18:25:21.700" endtime="20231226 18:25:21.703"/>
</branch>
<status status="PASS" starttime="20231226 18:25:21.700" endtime="20231226 18:25:21.704"/>
</if>
<msg timestamp="20231226 18:25:21.705" level="INFO">${text} = admin@gmail.com</msg>
<status status="PASS" starttime="20231226 18:25:21.520" endtime="20231226 18:25:21.705"/>
</kw>
<kw name="Get Element Form Item By Name" library="common">
<var>${element}</var>
<arg>${name}</arg>
<arg>//*[contains(@class, "ant-input")]</arg>
<msg timestamp="20231226 18:25:21.713" level="INFO">${element} = xpath=//*[contains(@class, "ant-form-item-label")]/label[text()="Email"]/../../*[contains(@class, "ant-form-item")]//*[contains(@class, "ant-input")]</msg>
<status status="PASS" starttime="20231226 18:25:21.706" endtime="20231226 18:25:21.713"/>
</kw>
<kw name="Click" library="Browser">
<arg>${element}</arg>
<tag>PageContent</tag>
<tag>Setter</tag>
<doc>Simulates mouse click on the element found by ``selector``.</doc>
<status status="PASS" starttime="20231226 18:25:21.714" endtime="20231226 18:25:21.899"/>
</kw>
<kw name="Clear Text" library="Browser">
<arg>${element}</arg>
<tag>PageContent</tag>
<tag>Setter</tag>
<doc>Clears the text field found by ``selector``.</doc>
<status status="PASS" starttime="20231226 18:25:21.900" endtime="20231226 18:25:21.970"/>
</kw>
<kw name="Fill Text" library="Browser">
<arg>${element}</arg>
<arg>${text}</arg>
<arg>True</arg>
<tag>PageContent</tag>
<tag>Setter</tag>
<doc>Clears and fills the given ``txt`` into the text field found by ``selector``.</doc>
<msg timestamp="20231226 18:25:21.972" level="INFO">Fills the text 'admin@gmail.com' in the given field.</msg>
<status status="PASS" starttime="20231226 18:25:21.971" endtime="20231226 18:25:22.039"/>
</kw>
<kw name="Get Text" library="Browser">
<var>${condition}</var>
<arg>${element}</arg>
<tag>Assertion</tag>
<tag>Getter</tag>
<tag>PageContent</tag>
<doc>Returns text attribute of the element found by ``selector``.</doc>
<msg timestamp="20231226 18:25:22.119" level="INFO">Text: 'admin@gmail.com'</msg>
<msg timestamp="20231226 18:25:22.120" level="INFO">${condition} = admin@gmail.com</msg>
<status status="PASS" starttime="20231226 18:25:22.042" endtime="20231226 18:25:22.121"/>
</kw>
<while condition="'${condition}' != '${text}'" limit="10">
<iter>
<kw name="Fill Text" library="Browser">
<arg>${element}</arg>
<arg>${text}</arg>
<tag>PageContent</tag>
<tag>Setter</tag>
<doc>Clears and fills the given ``txt`` into the text field found by ``selector``.</doc>
<status status="NOT RUN" starttime="20231226 18:25:22.123" endtime="20231226 18:25:22.128"/>
</kw>
<kw name="Get Text" library="Browser">
<var>${condition}</var>
<arg>${element}</arg>
<tag>Assertion</tag>
<tag>Getter</tag>
<tag>PageContent</tag>
<doc>Returns text attribute of the element found by ``selector``.</doc>
<status status="NOT RUN" starttime="20231226 18:25:22.129" endtime="20231226 18:25:22.130"/>
</kw>
<status status="NOT RUN" starttime="20231226 18:25:22.121" endtime="20231226 18:25:22.131"/>
</iter>
<status status="NOT RUN" starttime="20231226 18:25:22.121" endtime="20231226 18:25:22.131"/>
</while>
<kw name="Scroll To Element" library="Browser">
<arg>${element}</arg>
<tag>PageContent</tag>
<tag>Setter</tag>
<doc>This method waits for actionability checks, then tries to scroll element into view,
unless it is completely visible.</doc>
<status status="PASS" starttime="20231226 18:25:22.132" endtime="20231226 18:25:22.205"/>
</kw>
<kw name="Get Length" library="BuiltIn">
<var>${cnt}</var>
<arg>${text}</arg>
<doc>Returns and logs the length of the given item as an integer.</doc>
<msg timestamp="20231226 18:25:22.210" level="INFO">Length is 15</msg>
<msg timestamp="20231226 18:25:22.211" level="INFO">${cnt} = 15</msg>
<status status="PASS" starttime="20231226 18:25:22.206" endtime="20231226 18:25:22.211"/>
</kw>
<if>
<branch type="IF" condition="${cnt} &gt; 0">
<kw name="Set Global Variable" library="BuiltIn">
<arg>\${STATE["${name}"]}</arg>
<arg>${text}</arg>
<doc>Makes a variable available globally in all tests and suites.</doc>
<msg timestamp="20231226 18:25:22.215" level="INFO">${STATE["Email"]} = admin@gmail.com</msg>
<status status="PASS" starttime="20231226 18:25:22.213" endtime="20231226 18:25:22.215"/>
</kw>
<status status="PASS" starttime="20231226 18:25:22.212" endtime="20231226 18:25:22.216"/>
</branch>
<status status="PASS" starttime="20231226 18:25:22.212" endtime="20231226 18:25:22.216"/>
</if>
<status status="PASS" starttime="20231226 18:25:21.379" endtime="20231226 18:25:22.217"/>
</kw>
<kw name="Enter &quot;password&quot; in &quot;Mật khẩu&quot; with &quot;123123&quot;" library="common" sourcename="Enter &quot;${type}&quot; in &quot;${name}&quot; with &quot;${text}&quot;">
<kw name="Wait Until Element Spin" library="common">
<kw name="Sleep" library="BuiltIn">
<arg>${SHOULD_TIMEOUT}</arg>
<doc>Pauses the test executed for the given time.</doc>
<msg timestamp="20231226 18:25:22.322" level="INFO">Slept 100 milliseconds</msg>
<status status="PASS" starttime="20231226 18:25:22.220" endtime="20231226 18:25:22.322"/>
</kw>
<kw name="Set Variable" library="BuiltIn">
<var>${element}</var>
<arg>xpath=//*[contains(@class, "ant-spin-spinning")]</arg>
<doc>Returns the given values which can then be assigned to a variables.</doc>
<msg timestamp="20231226 18:25:22.327" level="INFO">${element} = xpath=//*[contains(@class, "ant-spin-spinning")]</msg>
<status status="PASS" starttime="20231226 18:25:22.323" endtime="20231226 18:25:22.328"/>
</kw>
<kw name="Get Element Count" library="Browser">
<var>${count}</var>
<arg>${element}</arg>
<tag>Assertion</tag>
<tag>Getter</tag>
<tag>PageContent</tag>
<doc>Returns the count of elements found with ``selector``.</doc>
<msg timestamp="20231226 18:25:22.338" level="INFO">${count} = 0</msg>
<status status="PASS" starttime="20231226 18:25:22.329" endtime="20231226 18:25:22.339"/>
</kw>
<if>
<branch type="IF" condition="${count} &gt; 0">
<kw name="Wait Until Page Does Not Contain Element" library="common">
<arg>${element}</arg>
<status status="NOT RUN" starttime="20231226 18:25:22.344" endtime="20231226 18:25:22.344"/>
</kw>
<status status="NOT RUN" starttime="20231226 18:25:22.340" endtime="20231226 18:25:22.345"/>
</branch>
<status status="PASS" starttime="20231226 18:25:22.339" endtime="20231226 18:25:22.346"/>
</if>
<status status="PASS" starttime="20231226 18:25:22.219" endtime="20231226 18:25:22.346"/>
</kw>
<kw name="Get Random Text" library="common">
<var>${text}</var>
<arg>${type}</arg>
<arg>${text}</arg>
<kw name="Set Variable" library="BuiltIn">
<var>${symbol}</var>
<arg>_RANDOM_</arg>
<doc>Returns the given values which can then be assigned to a variables.</doc>
<msg timestamp="20231226 18:25:22.348" level="INFO">${symbol} = _RANDOM_</msg>
<status status="PASS" starttime="20231226 18:25:22.348" endtime="20231226 18:25:22.348"/>
</kw>
<kw name="Set Variable" library="BuiltIn">
<var>${new_text}</var>
<doc>Returns the given values which can then be assigned to a variables.</doc>
<msg timestamp="20231226 18:25:22.350" level="INFO">${new_text} = </msg>
<status status="PASS" starttime="20231226 18:25:22.349" endtime="20231226 18:25:22.351"/>
</kw>
<kw name="Get Regexp Matches" library="String">
<var>${containsS}</var>
<arg>${text}</arg>
<arg>_@(.+)@_</arg>
<arg>1</arg>
<doc>Returns a list of all non-overlapping matches in the given string.</doc>
<msg timestamp="20231226 18:25:22.353" level="INFO">${containsS} = []</msg>
<status status="PASS" starttime="20231226 18:25:22.352" endtime="20231226 18:25:22.354"/>
</kw>
<kw name="Get Length" library="BuiltIn">
<var>${cntS}</var>
<arg>${containsS}</arg>
<doc>Returns and logs the length of the given item as an integer.</doc>
<msg timestamp="20231226 18:25:22.356" level="INFO">Length is 0</msg>
<msg timestamp="20231226 18:25:22.356" level="INFO">${cntS} = 0</msg>
<status status="PASS" starttime="20231226 18:25:22.355" endtime="20231226 18:25:22.359"/>
</kw>
<kw name="Get Regexp Matches" library="String">
<var>${contains}</var>
<arg>${text}</arg>
<arg>${symbol}</arg>
<doc>Returns a list of all non-overlapping matches in the given string.</doc>
<msg timestamp="20231226 18:25:22.361" level="INFO">${contains} = []</msg>
<status status="PASS" starttime="20231226 18:25:22.361" endtime="20231226 18:25:22.361"/>
</kw>
<kw name="Get Length" library="BuiltIn">
<var>${cnt}</var>
<arg>${contains}</arg>
<doc>Returns and logs the length of the given item as an integer.</doc>
<msg timestamp="20231226 18:25:22.362" level="INFO">Length is 0</msg>
<msg timestamp="20231226 18:25:22.362" level="INFO">${cnt} = 0</msg>
<status status="PASS" starttime="20231226 18:25:22.362" endtime="20231226 18:25:22.363"/>
</kw>
<if>
<branch type="IF" condition="${cntS} &gt; 0">
<kw name="Set Variable" library="BuiltIn">
<var>${new_text}</var>
<arg>${STATE["${containsS[0]}"]}</arg>
<doc>Returns the given values which can then be assigned to a variables.</doc>
<status status="NOT RUN" starttime="20231226 18:25:22.363" endtime="20231226 18:25:22.364"/>
</kw>
<kw name="Set Variable" library="BuiltIn">
<var>${symbol}</var>
<arg>_@${containsS[0]}@_</arg>
<doc>Returns the given values which can then be assigned to a variables.</doc>
<status status="NOT RUN" starttime="20231226 18:25:22.365" endtime="20231226 18:25:22.365"/>
</kw>
<status status="NOT RUN" starttime="20231226 18:25:22.363" endtime="20231226 18:25:22.366"/>
</branch>
<branch type="ELSE IF" condition="${cnt} &gt; 0 and '${type}' == 'test name'">
<kw name="Sentence" library="FakerLibrary">
<var>${random}</var>
<arg>nb_words=3</arg>
<doc>Generate a sentence.</doc>
<status status="NOT RUN" starttime="20231226 18:25:22.367" endtime="20231226 18:25:22.367"/>
</kw>
<kw name="Split String" library="String">
<var>${words}</var>
<arg>${TEST NAME}</arg>
<arg>${SPACE}</arg>
<doc>Splits the ``string`` using ``separator`` as a delimiter string.</doc>
<status status="NOT RUN" starttime="20231226 18:25:22.368" endtime="20231226 18:25:22.368"/>
</kw>
<kw name="Set Variable" library="BuiltIn">
<var>${new_text}</var>
<arg>${words[0]} ${random}</arg>
<doc>Returns the given values which can then be assigned to a variables.</doc>
<status status="NOT RUN" starttime="20231226 18:25:22.369" endtime="20231226 18:25:22.370"/>
</kw>
<status status="NOT RUN" starttime="20231226 18:25:22.366" endtime="20231226 18:25:22.370"/>
</branch>
<branch type="ELSE IF" condition="${cnt} &gt; 0 and '${type}' == 'number'">
<kw name="Random Int" library="FakerLibrary">
<var>${new_text}</var>
<doc>Generate a random integer between two integers ``min`` and ``max`` inclusive
while observing the provided ``step`` value.</doc>
<status status="NOT RUN" starttime="20231226 18:25:22.371" endtime="20231226 18:25:22.372"/>
</kw>
<kw name="Convert To String" library="BuiltIn">
<var>${new_text}</var>
<arg>${new_text}</arg>
<doc>Converts the given item to a Unicode string.</doc>
<status status="NOT RUN" starttime="20231226 18:25:22.372" endtime="20231226 18:25:22.373"/>
</kw>
<status status="NOT RUN" starttime="20231226 18:25:22.371" endtime="20231226 18:25:22.373"/>
</branch>
<branch type="ELSE IF" condition="${cnt} &gt; 0 and '${type}' == 'percentage'">
<kw name="Random Int" library="FakerLibrary">
<var>${new_text}</var>
<arg>max=100</arg>
<doc>Generate a random integer between two integers ``min`` and ``max`` inclusive
while observing the provided ``step`` value.</doc>
<status status="NOT RUN" starttime="20231226 18:25:22.377" endtime="20231226 18:25:22.378"/>
</kw>
<kw name="Convert To String" library="BuiltIn">
<var>${new_text}</var>
<arg>${new_text}</arg>
<doc>Converts the given item to a Unicode string.</doc>
<status status="NOT RUN" starttime="20231226 18:25:22.379" endtime="20231226 18:25:22.379"/>
</kw>
<status status="NOT RUN" starttime="20231226 18:25:22.376" endtime="20231226 18:25:22.380"/>
</branch>
<branch type="ELSE IF" condition="${cnt} &gt; 0 and '${type}' == 'paragraph'">
<kw name="Paragraph" library="FakerLibrary">
<var>${new_text}</var>
<doc>Generate a paragraph.</doc>
<status status="NOT RUN" starttime="20231226 18:25:22.387" endtime="20231226 18:25:22.388"/>
</kw>
<status status="NOT RUN" starttime="20231226 18:25:22.385" endtime="20231226 18:25:22.388"/>
</branch>
<branch type="ELSE IF" condition="${cnt} &gt; 0 and '${type}' == 'email'">
<kw name="Email" library="FakerLibrary">
<var>${new_text}</var>
<status status="NOT RUN" starttime="20231226 18:25:22.390" endtime="20231226 18:25:22.394"/>
</kw>
<status status="NOT RUN" starttime="20231226 18:25:22.389" endtime="20231226 18:25:22.394"/>
</branch>
<branch type="ELSE IF" condition="${cnt} &gt; 0 and '${type}' == 'phone'">
<kw name="Random Int" library="FakerLibrary">
<var>${new_text}</var>
<arg>min=20000000</arg>
<arg>max=99999999</arg>
<doc>Generate a random integer between two integers ``min`` and ``max`` inclusive
while observing the provided ``step`` value.</doc>
<status status="NOT RUN" starttime="20231226 18:25:22.428" endtime="20231226 18:25:22.429"/>
</kw>
<kw name="Convert To String" library="BuiltIn">
<var>${new_text}</var>
<arg>${new_text}</arg>
<doc>Converts the given item to a Unicode string.</doc>
<status status="NOT RUN" starttime="20231226 18:25:22.430" endtime="20231226 18:25:22.433"/>
</kw>
<kw name="Create List" library="BuiltIn">
<var>${List}</var>
<arg>3</arg>
<arg>7</arg>
<arg>8</arg>
<arg>9</arg>
<doc>Returns a list containing given items.</doc>
<status status="NOT RUN" starttime="20231226 18:25:22.434" endtime="20231226 18:25:22.435"/>
</kw>
<kw name="Evaluate" library="BuiltIn">
<var>${2nd_number}</var>
<arg>random.choice($List)</arg>
<arg>random</arg>
<doc>Evaluates the given expression in Python and returns the result.</doc>
<status status="NOT RUN" starttime="20231226 18:25:22.437" endtime="20231226 18:25:22.449"/>
</kw>
<kw name="Convert To String" library="BuiltIn">
<var>${2nd_number}</var>
<arg>${2nd_number}</arg>
<doc>Converts the given item to a Unicode string.</doc>
<status status="NOT RUN" starttime="20231226 18:25:22.450" endtime="20231226 18:25:22.451"/>
</kw>
<kw name="Catenate" library="BuiltIn">
<var>${new_text}</var>
<arg>SEPARATOR=</arg>
<arg>0</arg>
<arg>${2nd_number}</arg>
<arg>${new_text}</arg>
<doc>Catenates the given items together and returns the resulted string.</doc>
<status status="NOT RUN" starttime="20231226 18:25:22.452" endtime="20231226 18:25:22.452"/>
</kw>
<status status="NOT RUN" starttime="20231226 18:25:22.395" endtime="20231226 18:25:22.453"/>
</branch>
<branch type="ELSE IF" condition="${cnt} &gt; 0 and '${type}' == 'color'">
<kw name="Safe Hex Color" library="FakerLibrary">
<var>${new_text}</var>
<doc>Generate a web-safe color formatted as a hex triplet.</doc>
<status status="NOT RUN" starttime="20231226 18:25:22.454" endtime="20231226 18:25:22.455"/>
</kw>
<status status="NOT RUN" starttime="20231226 18:25:22.453" endtime="20231226 18:25:22.455"/>
</branch>
<branch type="ELSE IF" condition="${cnt} &gt; 0 and &quot;${type}&quot; == 'password'">
<kw name="Password" library="FakerLibrary">
<var>${new_text}</var>
<arg>10</arg>
<arg>True</arg>
<arg>True</arg>
<arg>True</arg>
<arg>True</arg>
<doc>Generate a random password of the specified ``length``.</doc>
<status status="NOT RUN" starttime="20231226 18:25:22.462" endtime="20231226 18:25:22.463"/>
</kw>
<status status="NOT RUN" starttime="20231226 18:25:22.456" endtime="20231226 18:25:22.463"/>
</branch>
<branch type="ELSE IF" condition="${cnt} &gt; 0 and '${type}' == 'date'">
<kw name="Date" library="FakerLibrary">
<var>${new_text}</var>
<arg>pattern=%d-%m-%Y</arg>
<doc>Get a date string between January 1, 1970 and now.</doc>
<status status="NOT RUN" starttime="20231226 18:25:22.464" endtime="20231226 18:25:22.465"/>
</kw>
<status status="NOT RUN" starttime="20231226 18:25:22.464" endtime="20231226 18:25:22.465"/>
</branch>
<branch type="ELSE IF" condition="${cnt} &gt; 0 and '${type}' == 'word'">
<kw name="Sentence" library="FakerLibrary">
<var>${new_text}</var>
<arg>nb_words=2</arg>
<doc>Generate a sentence.</doc>
<status status="NOT RUN" starttime="20231226 18:25:22.467" endtime="20231226 18:25:22.467"/>
</kw>
<status status="NOT RUN" starttime="20231226 18:25:22.466" endtime="20231226 18:25:22.468"/>
</branch>
<branch type="ELSE IF" condition="${cnt} &gt; 0">
<kw name="Sentence" library="FakerLibrary">
<var>${new_text}</var>
<doc>Generate a sentence.</doc>
<status status="NOT RUN" starttime="20231226 18:25:22.469" endtime="20231226 18:25:22.469"/>
</kw>
<status status="NOT RUN" starttime="20231226 18:25:22.468" endtime="20231226 18:25:22.470"/>
</branch>
<status status="PASS" starttime="20231226 18:25:22.363" endtime="20231226 18:25:22.470"/>
</if>
<kw name="Get Length" library="BuiltIn">
<var>${cnt}</var>
<arg>${text}</arg>
<doc>Returns and logs the length of the given item as an integer.</doc>
<msg timestamp="20231226 18:25:22.471" level="INFO">Length is 6</msg>
<msg timestamp="20231226 18:25:22.473" level="INFO">${cnt} = 6</msg>
<status status="PASS" starttime="20231226 18:25:22.471" endtime="20231226 18:25:22.473"/>
</kw>
<if>
<branch type="IF" condition="${cnt} &gt; 0">
<kw name="Replace String" library="String">
<var>${text}</var>
<arg>${text}</arg>
<arg>${symbol}</arg>
<arg>${new_text}</arg>
<doc>Replaces ``search_for`` in the given ``string`` with ``replace_with``.</doc>
<msg timestamp="20231226 18:25:22.479" level="INFO">${text} = 123123</msg>
<status status="PASS" starttime="20231226 18:25:22.478" endtime="20231226 18:25:22.479"/>
</kw>
<status status="PASS" starttime="20231226 18:25:22.477" endtime="20231226 18:25:22.480"/>
</branch>
<status status="PASS" starttime="20231226 18:25:22.476" endtime="20231226 18:25:22.480"/>
</if>
<msg timestamp="20231226 18:25:22.481" level="INFO">${text} = 123123</msg>
<status status="PASS" starttime="20231226 18:25:22.347" endtime="20231226 18:25:22.481"/>
</kw>
<kw name="Get Element Form Item By Name" library="common">
<var>${element}</var>
<arg>${name}</arg>
<arg>//*[contains(@class, "ant-input")]</arg>
<msg timestamp="20231226 18:25:22.488" level="INFO">${element} = xpath=//*[contains(@class, "ant-form-item-label")]/label[text()="Mật khẩu"]/../../*[contains(@class, "ant-form-item")]//*[contains(@class, "ant-input")]</msg>
<status status="PASS" starttime="20231226 18:25:22.482" endtime="20231226 18:25:22.489"/>
</kw>
<kw name="Click" library="Browser">
<arg>${element}</arg>
<tag>PageContent</tag>
<tag>Setter</tag>
<doc>Simulates mouse click on the element found by ``selector``.</doc>
<status status="PASS" starttime="20231226 18:25:22.490" endtime="20231226 18:25:22.601"/>
</kw>
<kw name="Clear Text" library="Browser">
<arg>${element}</arg>
<tag>PageContent</tag>
<tag>Setter</tag>
<doc>Clears the text field found by ``selector``.</doc>
<status status="PASS" starttime="20231226 18:25:22.602" endtime="20231226 18:25:22.647"/>
</kw>
<kw name="Fill Text" library="Browser">
<arg>${element}</arg>
<arg>${text}</arg>
<arg>True</arg>
<tag>PageContent</tag>
<tag>Setter</tag>
<doc>Clears and fills the given ``txt`` into the text field found by ``selector``.</doc>
<msg timestamp="20231226 18:25:22.649" level="INFO">Fills the text '123123' in the given field.</msg>
<status status="PASS" starttime="20231226 18:25:22.647" endtime="20231226 18:25:22.704"/>
</kw>
<kw name="Get Text" library="Browser">
<var>${condition}</var>
<arg>${element}</arg>
<tag>Assertion</tag>
<tag>Getter</tag>
<tag>PageContent</tag>
<doc>Returns text attribute of the element found by ``selector``.</doc>
<msg timestamp="20231226 18:25:22.754" level="INFO">Text: '123123'</msg>
<msg timestamp="20231226 18:25:22.755" level="INFO">${condition} = 123123</msg>
<status status="PASS" starttime="20231226 18:25:22.705" endtime="20231226 18:25:22.756"/>
</kw>
<while condition="'${condition}' != '${text}'" limit="10">
<iter>
<kw name="Fill Text" library="Browser">
<arg>${element}</arg>
<arg>${text}</arg>
<tag>PageContent</tag>
<tag>Setter</tag>
<doc>Clears and fills the given ``txt`` into the text field found by ``selector``.</doc>
<status status="NOT RUN" starttime="20231226 18:25:22.761" endtime="20231226 18:25:22.762"/>
</kw>
<kw name="Get Text" library="Browser">
<var>${condition}</var>
<arg>${element}</arg>
<tag>Assertion</tag>
<tag>Getter</tag>
<tag>PageContent</tag>
<doc>Returns text attribute of the element found by ``selector``.</doc>
<status status="NOT RUN" starttime="20231226 18:25:22.763" endtime="20231226 18:25:22.763"/>
</kw>
<status status="NOT RUN" starttime="20231226 18:25:22.756" endtime="20231226 18:25:22.764"/>
</iter>
<status status="NOT RUN" starttime="20231226 18:25:22.756" endtime="20231226 18:25:22.765"/>
</while>
<kw name="Scroll To Element" library="Browser">
<arg>${element}</arg>
<tag>PageContent</tag>
<tag>Setter</tag>
<doc>This method waits for actionability checks, then tries to scroll element into view,
unless it is completely visible.</doc>
<status status="PASS" starttime="20231226 18:25:22.765" endtime="20231226 18:25:22.838"/>
</kw>
<kw name="Get Length" library="BuiltIn">
<var>${cnt}</var>
<arg>${text}</arg>
<doc>Returns and logs the length of the given item as an integer.</doc>
<msg timestamp="20231226 18:25:22.842" level="INFO">Length is 6</msg>
<msg timestamp="20231226 18:25:22.845" level="INFO">${cnt} = 6</msg>
<status status="PASS" starttime="20231226 18:25:22.839" endtime="20231226 18:25:22.845"/>
</kw>
<if>
<branch type="IF" condition="${cnt} &gt; 0">
<kw name="Set Global Variable" library="BuiltIn">
<arg>\${STATE["${name}"]}</arg>
<arg>${text}</arg>
<doc>Makes a variable available globally in all tests and suites.</doc>
<msg timestamp="20231226 18:25:22.849" level="INFO">${STATE["Mật khẩu"]} = 123123</msg>
<status status="PASS" starttime="20231226 18:25:22.848" endtime="20231226 18:25:22.850"/>
</kw>
<status status="PASS" starttime="20231226 18:25:22.846" endtime="20231226 18:25:22.850"/>
</branch>
<status status="PASS" starttime="20231226 18:25:22.846" endtime="20231226 18:25:22.851"/>
</if>
<status status="PASS" starttime="20231226 18:25:22.218" endtime="20231226 18:25:22.851"/>
</kw>
<kw name="Click &quot;Đăng nhập&quot; button" library="common" sourcename="Click &quot;${text}&quot; button">
<kw name="Sleep" library="BuiltIn">
<arg>${SHOULD_TIMEOUT}</arg>
<doc>Pauses the test executed for the given time.</doc>
<msg timestamp="20231226 18:25:22.954" level="INFO">Slept 100 milliseconds</msg>
<status status="PASS" starttime="20231226 18:25:22.853" endtime="20231226 18:25:22.954"/>
</kw>
<kw name="Get Element Count" library="Browser">
<var>${cnt}</var>
<arg>//button[@title = "${text}"]</arg>
<tag>Assertion</tag>
<tag>Getter</tag>
<tag>PageContent</tag>
<doc>Returns the count of elements found with ``selector``.</doc>
<msg timestamp="20231226 18:25:22.967" level="INFO">${cnt} = 1</msg>
<status status="PASS" starttime="20231226 18:25:22.955" endtime="20231226 18:25:22.968"/>
</kw>
<if>
<branch type="IF" condition="${cnt} &gt; 0">
<kw name="Click" library="Browser">
<arg>xpath=//button[@title = "${text}"]</arg>
<tag>PageContent</tag>
<tag>Setter</tag>
<doc>Simulates mouse click on the element found by ``selector``.</doc>
<status status="PASS" starttime="20231226 18:25:22.969" endtime="20231226 18:25:23.069"/>
</kw>
<kw name="Click Confirm To Action" library="common">
<kw name="Sleep" library="BuiltIn">
<arg>${SHOULD_TIMEOUT}</arg>
<doc>Pauses the test executed for the given time.</doc>
<msg timestamp="20231226 18:25:23.171" level="INFO">Slept 100 milliseconds</msg>
<status status="PASS" starttime="20231226 18:25:23.070" endtime="20231226 18:25:23.171"/>
</kw>
<kw name="Set Variable" library="BuiltIn">
<var>${element}</var>
<arg>xpath=//*[contains(@class, "ant-popover")]//*[contains(@class, "ant-btn-primary")]</arg>
<doc>Returns the given values which can then be assigned to a variables.</doc>
<msg timestamp="20231226 18:25:23.172" level="INFO">${element} = xpath=//*[contains(@class, "ant-popover")]//*[contains(@class, "ant-btn-primary")]</msg>
<status status="PASS" starttime="20231226 18:25:23.171" endtime="20231226 18:25:23.172"/>
</kw>
<kw name="Get Element Count" library="Browser">
<var>${count}</var>
<arg>${element}</arg>
<tag>Assertion</tag>
<tag>Getter</tag>
<tag>PageContent</tag>
<doc>Returns the count of elements found with ``selector``.</doc>
<msg timestamp="20231226 18:25:23.186" level="INFO">${count} = 0</msg>
<status status="PASS" starttime="20231226 18:25:23.172" endtime="20231226 18:25:23.186"/>
</kw>
<if>
<branch type="IF" condition="${count} &gt; 0">
<kw name="Click" library="Browser">
<arg>${element}</arg>
<tag>PageContent</tag>
<tag>Setter</tag>
<doc>Simulates mouse click on the element found by ``selector``.</doc>
<status status="NOT RUN" starttime="20231226 18:25:23.188" endtime="20231226 18:25:23.189"/>
</kw>
<kw name="Sleep" library="BuiltIn">
<arg>${SHOULD_TIMEOUT}</arg>
<doc>Pauses the test executed for the given time.</doc>
<status status="NOT RUN" starttime="20231226 18:25:23.193" endtime="20231226 18:25:23.193"/>
</kw>
<kw name="Wait Until Element Spin" library="common">
<status status="NOT RUN" starttime="20231226 18:25:23.194" endtime="20231226 18:25:23.195"/>
</kw>
<status status="NOT RUN" starttime="20231226 18:25:23.187" endtime="20231226 18:25:23.196"/>
</branch>
<status status="PASS" starttime="20231226 18:25:23.187" endtime="20231226 18:25:23.196"/>
</if>
<status status="PASS" starttime="20231226 18:25:23.069" endtime="20231226 18:25:23.197"/>
</kw>
<kw name="Scroll By" library="Browser">
<arg>${None}</arg>
<tag>PageContent</tag>
<tag>Setter</tag>
<doc>Scrolls an element or the page relative from current position by the given values.</doc>
<msg timestamp="20231226 18:25:23.231" level="INFO">JavaScript executed successfully.</msg>
<msg timestamp="20231226 18:25:23.232" level="INFO">JavaScript executed successfully.</msg>
<msg timestamp="20231226 18:25:23.455" level="INFO">JavaScript executed successfully.</msg>
<msg timestamp="20231226 18:25:23.455" level="INFO">JavaScript executed successfully.</msg>
<msg timestamp="20231226 18:25:23.494" level="INFO">JavaScript executed successfully.</msg>
<status status="PASS" starttime="20231226 18:25:23.197" endtime="20231226 18:25:23.494"/>
</kw>
<status status="PASS" starttime="20231226 18:25:22.969" endtime="20231226 18:25:23.495"/>
</branch>
<branch type="ELSE">
<kw name="Click" library="Browser">
<arg>//span[contains(text(),"${text}")]</arg>
<tag>PageContent</tag>
<tag>Setter</tag>
<doc>Simulates mouse click on the element found by ``selector``.</doc>
<status status="NOT RUN" starttime="20231226 18:25:23.497" endtime="20231226 18:25:23.498"/>
</kw>
<kw name="Click Confirm To Action" library="common">
<status status="NOT RUN" starttime="20231226 18:25:23.499" endtime="20231226 18:25:23.499"/>
</kw>
<kw name="Scroll By" library="Browser">
<arg>${None}</arg>
<tag>PageContent</tag>
<tag>Setter</tag>
<doc>Scrolls an element or the page relative from current position by the given values.</doc>
<status status="NOT RUN" starttime="20231226 18:25:23.500" endtime="20231226 18:25:23.501"/>
</kw>
<status status="NOT RUN" starttime="20231226 18:25:23.496" endtime="20231226 18:25:23.502"/>
</branch>
<status status="PASS" starttime="20231226 18:25:22.968" endtime="20231226 18:25:23.502"/>
</if>
<status status="PASS" starttime="20231226 18:25:22.852" endtime="20231226 18:25:23.503"/>
</kw>
<kw name="User look message &quot;Success&quot; popup" library="common" sourcename="User look message &quot;${message}&quot; popup">
<kw name="Get Regexp Matches" library="String">
<var>${contains}</var>
<arg>${message}</arg>
<arg>_@(.+)@_</arg>
<arg>1</arg>
<doc>Returns a list of all non-overlapping matches in the given string.</doc>
<msg timestamp="20231226 18:25:23.510" level="INFO">${contains} = []</msg>
<status status="PASS" starttime="20231226 18:25:23.508" endtime="20231226 18:25:23.510"/>
</kw>
<kw name="Get Length" library="BuiltIn">
<var>${cnt}</var>
<arg>${contains}</arg>
<doc>Returns and logs the length of the given item as an integer.</doc>
<msg timestamp="20231226 18:25:23.512" level="INFO">Length is 0</msg>
<msg timestamp="20231226 18:25:23.513" level="INFO">${cnt} = 0</msg>
<status status="PASS" starttime="20231226 18:25:23.511" endtime="20231226 18:25:23.513"/>
</kw>
<if>
<branch type="IF" condition="${cnt} &gt; 0">
<kw name="Replace String" library="String">
<var>${message}</var>
<arg>${message}</arg>
<arg>_@${contains[0]}@_</arg>
<arg>${STATE["${contains[0]}"]}</arg>
<doc>Replaces ``search_for`` in the given ``string`` with ``replace_with``.</doc>
<status status="NOT RUN" starttime="20231226 18:25:23.515" endtime="20231226 18:25:23.516"/>
</kw>
<status status="NOT RUN" starttime="20231226 18:25:23.514" endtime="20231226 18:25:23.517"/>
</branch>
<status status="PASS" starttime="20231226 18:25:23.514" endtime="20231226 18:25:23.518"/>
</if>
<kw name="Wait Until Keyword Succeeds" library="BuiltIn">
<arg>${SHOULD_TIMEOUT}</arg>
<arg>${TIME_TRY}</arg>
<arg>Element Text Should Be</arg>
<arg>id=swal2-html-container</arg>
<arg>${message}</arg>
<doc>Runs the specified keyword and retries if it fails.</doc>
<kw name="Element Text Should Be" library="common">
<arg>id=swal2-html-container</arg>
<arg>${message}</arg>
<kw name="Get Text" library="Browser">
<arg>${locator}</arg>
<arg>equal</arg>
<arg>${expected}</arg>
<arg>${message}</arg>
<tag>Assertion</tag>
<tag>Getter</tag>
<tag>PageContent</tag>
<doc>Returns text attribute of the element found by ``selector``.</doc>
<msg timestamp="20231226 18:25:23.854" level="INFO">Text: 'Success'</msg>
<status status="PASS" starttime="20231226 18:25:23.525" endtime="20231226 18:25:23.854"/>
</kw>
<status status="PASS" starttime="20231226 18:25:23.521" endtime="20231226 18:25:23.855"/>
</kw>
<status status="PASS" starttime="20231226 18:25:23.519" endtime="20231226 18:25:23.855"/>
</kw>
<kw name="Set Variable" library="BuiltIn">
<var>${element}</var>
<arg>xpath=//*[contains(@class, "swal2-confirm")]</arg>
<doc>Returns the given values which can then be assigned to a variables.</doc>
<msg timestamp="20231226 18:25:23.859" level="INFO">${element} = xpath=//*[contains(@class, "swal2-confirm")]</msg>
<status status="PASS" starttime="20231226 18:25:23.855" endtime="20231226 18:25:23.860"/>
</kw>
<kw name="Run Keyword And Return Status" library="BuiltIn">
<var>${passed}</var>
<arg>Element Should Be Visible</arg>
<arg>${element}</arg>
<doc>Runs the given keyword with given arguments and returns the status as a Boolean value.</doc>
<kw name="Element Should Be Visible" library="common">
<arg>${element}</arg>
<kw name="Wait For Elements State" library="Browser">
<arg>${locator}</arg>
<arg>visible</arg>
<arg>${timeout}</arg>
<arg>${message}</arg>
<tag>PageContent</tag>
<tag>Wait</tag>
<doc>Waits for the element found by ``selector`` to satisfy state option.</doc>
<msg timestamp="20231226 18:25:24.216" level="INFO" html="true">&lt;/td&gt;&lt;/tr&gt;&lt;tr&gt;&lt;td colspan="3"&gt;&lt;a href="browser/screenshot/fail-screenshot-1.png" target="_blank"&gt;&lt;img src="browser/screenshot/fail-screenshot-1.png" width="800px"/&gt;&lt;/a&gt;</msg>
<msg timestamp="20231226 18:25:24.217" level="INFO">See also file:///D:/TESTER/Automation/playwright-log.txt for additional details.</msg>
<msg timestamp="20231226 18:25:24.217" level="FAIL">TimeoutError: locator.waitFor: Timeout 100ms exceeded.
=========================== logs ===========================
waiting for locator('xpath=//*[contains(@class, "swal2-confirm")]') to be visible
  locator resolved to hidden &lt;button type="button" aria-label="" class="swal2-confirm…&gt;OK&lt;/button&gt;
  locator resolved to hidden &lt;button type="button" aria-label="" class="swal2-confirm…&gt;OK&lt;/button&gt;
  locator resolved to hidden &lt;button type="button" aria-label="" class="swal2-confirm…&gt;OK&lt;/button&gt;
============================================================
Tip: Use "Set Browser Timeout" for increasing the timeout or double check your locator as the targeted element(s) couldn't be found.</msg>
<status status="FAIL" starttime="20231226 18:25:23.865" endtime="20231226 18:25:24.229"/>
</kw>
<status status="FAIL" starttime="20231226 18:25:23.862" endtime="20231226 18:25:24.231"/>
</kw>
<msg timestamp="20231226 18:25:24.232" level="INFO">${passed} = False</msg>
<status status="PASS" starttime="20231226 18:25:23.861" endtime="20231226 18:25:24.232"/>
</kw>
<if>
<branch type="IF" condition="'${passed}' == 'True'">
<kw name="Click" library="Browser">
<arg>${element}</arg>
<tag>PageContent</tag>
<tag>Setter</tag>
<doc>Simulates mouse click on the element found by ``selector``.</doc>
<status status="NOT RUN" starttime="20231226 18:25:24.234" endtime="20231226 18:25:24.235"/>
</kw>
<status status="NOT RUN" starttime="20231226 18:25:24.233" endtime="20231226 18:25:24.235"/>
</branch>
<status status="PASS" starttime="20231226 18:25:24.233" endtime="20231226 18:25:24.236"/>
</if>
<status status="PASS" starttime="20231226 18:25:23.504" endtime="20231226 18:25:24.236"/>
</kw>
<status status="PASS" starttime="20231226 18:25:21.378" endtime="20231226 18:25:24.237"/>
</kw>
<kw name="Click &quot;QUẢN LÝ TÀI KHOẢN&quot; menu" library="common" sourcename="Click &quot;${text}&quot; menu">
<kw name="Wait Until Element Is Existent" library="common">
<arg>//li[contains(@class, "menu") and descendant::span[contains(text(), "${text}")]]</arg>
<kw name="Wait For Elements State" library="Browser">
<arg>${locator}</arg>
<arg>attached</arg>
<arg>${timeout}</arg>
<arg>${message}</arg>
<tag>PageContent</tag>
<tag>Wait</tag>
<doc>Waits for the element found by ``selector`` to satisfy state option.</doc>
<msg timestamp="20231226 18:25:24.296" level="INFO">Waited for Element with selector //li[contains(@class, "menu") and descendant::span[contains(text(), "QUẢN LÝ TÀI KHOẢN")]] at state attached</msg>
<status status="PASS" starttime="20231226 18:25:24.245" endtime="20231226 18:25:24.297"/>
</kw>
<status status="PASS" starttime="20231226 18:25:24.239" endtime="20231226 18:25:24.298"/>
</kw>
<kw name="Click" library="Browser">
<arg>xpath=//li[contains(@class, "menu") and descendant::span[contains(text(), "${text}")]]</arg>
<tag>PageContent</tag>
<tag>Setter</tag>
<doc>Simulates mouse click on the element found by ``selector``.</doc>
<status status="PASS" starttime="20231226 18:25:24.299" endtime="20231226 18:25:25.303"/>
</kw>
<status status="PASS" starttime="20231226 18:25:24.238" endtime="20231226 18:25:25.304"/>
</kw>
<kw name="Click &quot;${name}&quot; sub menu to &quot;${url}&quot;" library="common" sourcename="Click &quot;${text}&quot; sub menu to &quot;${url}&quot;">
<kw name="Wait Until Element Is Existent" library="common">
<arg>//a[contains(@class, "sub-menu") and descendant::span[contains(text(), "${text}")]]</arg>
<kw name="Wait For Elements State" library="Browser">
<arg>${locator}</arg>
<arg>attached</arg>
<arg>${timeout}</arg>
<arg>${message}</arg>
<tag>PageContent</tag>
<tag>Wait</tag>
<doc>Waits for the element found by ``selector`` to satisfy state option.</doc>
<msg timestamp="20231226 18:25:25.328" level="INFO">Waited for Element with selector //a[contains(@class, "sub-menu") and descendant::span[contains(text(), "Tài khoản Người dùng")]] at state attached</msg>
<status status="PASS" starttime="20231226 18:25:25.306" endtime="20231226 18:25:25.328"/>
</kw>
<status status="PASS" starttime="20231226 18:25:25.305" endtime="20231226 18:25:25.329"/>
</kw>
<kw name="Click" library="Browser">
<arg>xpath=//a[contains(@class, "sub-menu") and descendant::span[contains(text(), "${text}")]]</arg>
<tag>PageContent</tag>
<tag>Setter</tag>
<doc>Simulates mouse click on the element found by ``selector``.</doc>
<status status="PASS" starttime="20231226 18:25:25.330" endtime="20231226 18:25:25.698"/>
</kw>
<kw name="Get Url" library="Browser">
<var>${curent_url}</var>
<tag>Assertion</tag>
<tag>Getter</tag>
<tag>PageContent</tag>
<doc>Returns the current URL.</doc>
<msg timestamp="20231226 18:25:25.705" level="INFO">${curent_url} = http://dev1.geneat.vn:7802/#/vn/customer-account</msg>
<status status="PASS" starttime="20231226 18:25:25.699" endtime="20231226 18:25:25.705"/>
</kw>
<kw name="Should Contain" library="BuiltIn">
<arg>${curent_url}</arg>
<arg>${URL_DEFAULT}${url}</arg>
<doc>Fails if ``container`` does not contain ``item`` one or more times.</doc>
<status status="PASS" starttime="20231226 18:25:25.706" endtime="20231226 18:25:25.709"/>
</kw>
<status status="PASS" starttime="20231226 18:25:25.304" endtime="20231226 18:25:25.710"/>
</kw>
<kw name="Click &quot;Tạo mới&quot; button" library="common" sourcename="Click &quot;${text}&quot; button">
<kw name="Sleep" library="BuiltIn">
<arg>${SHOULD_TIMEOUT}</arg>
<doc>Pauses the test executed for the given time.</doc>
<msg timestamp="20231226 18:25:25.814" level="INFO">Slept 100 milliseconds</msg>
<status status="PASS" starttime="20231226 18:25:25.712" endtime="20231226 18:25:25.814"/>
</kw>
<kw name="Get Element Count" library="Browser">
<var>${cnt}</var>
<arg>//button[@title = "${text}"]</arg>
<tag>Assertion</tag>
<tag>Getter</tag>
<tag>PageContent</tag>
<doc>Returns the count of elements found with ``selector``.</doc>
<msg timestamp="20231226 18:25:26.114" level="INFO">${cnt} = 1</msg>
<status status="PASS" starttime="20231226 18:25:25.815" endtime="20231226 18:25:26.115"/>
</kw>
<if>
<branch type="IF" condition="${cnt} &gt; 0">
<kw name="Click" library="Browser">
<arg>xpath=//button[@title = "${text}"]</arg>
<tag>PageContent</tag>
<tag>Setter</tag>
<doc>Simulates mouse click on the element found by ``selector``.</doc>
<status status="PASS" starttime="20231226 18:25:26.117" endtime="20231226 18:25:26.561"/>
</kw>
<kw name="Click Confirm To Action" library="common">
<kw name="Sleep" library="BuiltIn">
<arg>${SHOULD_TIMEOUT}</arg>
<doc>Pauses the test executed for the given time.</doc>
<msg timestamp="20231226 18:25:26.666" level="INFO">Slept 100 milliseconds</msg>
<status status="PASS" starttime="20231226 18:25:26.564" endtime="20231226 18:25:26.666"/>
</kw>
<kw name="Set Variable" library="BuiltIn">
<var>${element}</var>
<arg>xpath=//*[contains(@class, "ant-popover")]//*[contains(@class, "ant-btn-primary")]</arg>
<doc>Returns the given values which can then be assigned to a variables.</doc>
<msg timestamp="20231226 18:25:26.668" level="INFO">${element} = xpath=//*[contains(@class, "ant-popover")]//*[contains(@class, "ant-btn-primary")]</msg>
<status status="PASS" starttime="20231226 18:25:26.667" endtime="20231226 18:25:26.668"/>
</kw>
<kw name="Get Element Count" library="Browser">
<var>${count}</var>
<arg>${element}</arg>
<tag>Assertion</tag>
<tag>Getter</tag>
<tag>PageContent</tag>
<doc>Returns the count of elements found with ``selector``.</doc>
<msg timestamp="20231226 18:25:26.682" level="INFO">${count} = 0</msg>
<status status="PASS" starttime="20231226 18:25:26.669" endtime="20231226 18:25:26.682"/>
</kw>
<if>
<branch type="IF" condition="${count} &gt; 0">
<kw name="Click" library="Browser">
<arg>${element}</arg>
<tag>PageContent</tag>
<tag>Setter</tag>
<doc>Simulates mouse click on the element found by ``selector``.</doc>
<status status="NOT RUN" starttime="20231226 18:25:26.686" endtime="20231226 18:25:26.687"/>
</kw>
<kw name="Sleep" library="BuiltIn">
<arg>${SHOULD_TIMEOUT}</arg>
<doc>Pauses the test executed for the given time.</doc>
<status status="NOT RUN" starttime="20231226 18:25:26.688" endtime="20231226 18:25:26.689"/>
</kw>
<kw name="Wait Until Element Spin" library="common">
<status status="NOT RUN" starttime="20231226 18:25:26.690" endtime="20231226 18:25:26.694"/>
</kw>
<status status="NOT RUN" starttime="20231226 18:25:26.684" endtime="20231226 18:25:26.695"/>
</branch>
<status status="PASS" starttime="20231226 18:25:26.684" endtime="20231226 18:25:26.695"/>
</if>
<status status="PASS" starttime="20231226 18:25:26.563" endtime="20231226 18:25:26.696"/>
</kw>
<kw name="Scroll By" library="Browser">
<arg>${None}</arg>
<tag>PageContent</tag>
<tag>Setter</tag>
<doc>Scrolls an element or the page relative from current position by the given values.</doc>
<msg timestamp="20231226 18:25:26.721" level="INFO">JavaScript executed successfully.</msg>
<msg timestamp="20231226 18:25:26.722" level="INFO">JavaScript executed successfully.</msg>
<msg timestamp="20231226 18:25:26.753" level="INFO">JavaScript executed successfully.</msg>
<msg timestamp="20231226 18:25:26.754" level="INFO">JavaScript executed successfully.</msg>
<msg timestamp="20231226 18:25:26.770" level="INFO">JavaScript executed successfully.</msg>
<status status="PASS" starttime="20231226 18:25:26.697" endtime="20231226 18:25:26.771"/>
</kw>
<status status="PASS" starttime="20231226 18:25:26.115" endtime="20231226 18:25:26.772"/>
</branch>
<branch type="ELSE">
<kw name="Click" library="Browser">
<arg>//span[contains(text(),"${text}")]</arg>
<tag>PageContent</tag>
<tag>Setter</tag>
<doc>Simulates mouse click on the element found by ``selector``.</doc>
<status status="NOT RUN" starttime="20231226 18:25:26.779" endtime="20231226 18:25:26.779"/>
</kw>
<kw name="Click Confirm To Action" library="common">
<status status="NOT RUN" starttime="20231226 18:25:26.780" endtime="20231226 18:25:26.781"/>
</kw>
<kw name="Scroll By" library="Browser">
<arg>${None}</arg>
<tag>PageContent</tag>
<tag>Setter</tag>
<doc>Scrolls an element or the page relative from current position by the given values.</doc>
<status status="NOT RUN" starttime="20231226 18:25:26.782" endtime="20231226 18:25:26.782"/>
</kw>
<status status="NOT RUN" starttime="20231226 18:25:26.773" endtime="20231226 18:25:26.783"/>
</branch>
<status status="PASS" starttime="20231226 18:25:26.115" endtime="20231226 18:25:26.784"/>
</if>
<status status="PASS" starttime="20231226 18:25:25.711" endtime="20231226 18:25:26.784"/>
</kw>
<status status="PASS" starttime="20231226 18:25:21.376" endtime="20231226 18:25:26.785"/>
</kw>
<status status="PASS" starttime="20231226 18:25:21.375" endtime="20231226 18:25:26.786"/>
</branch>
<status status="PASS" starttime="20231226 18:25:21.370" endtime="20231226 18:25:26.786"/>
</if>
<kw name="Enter &quot;test name&quot; in &quot;Họ và tên&quot; with &quot;_RANDOM_&quot;" library="common" sourcename="Enter &quot;${type}&quot; in &quot;${name}&quot; with &quot;${text}&quot;">
<kw name="Wait Until Element Spin" library="common">
<kw name="Sleep" library="BuiltIn">
<arg>${SHOULD_TIMEOUT}</arg>
<doc>Pauses the test executed for the given time.</doc>
<msg timestamp="20231226 18:25:26.897" level="INFO">Slept 100 milliseconds</msg>
<status status="PASS" starttime="20231226 18:25:26.796" endtime="20231226 18:25:26.897"/>
</kw>
<kw name="Set Variable" library="BuiltIn">
<var>${element}</var>
<arg>xpath=//*[contains(@class, "ant-spin-spinning")]</arg>
<doc>Returns the given values which can then be assigned to a variables.</doc>
<msg timestamp="20231226 18:25:26.899" level="INFO">${element} = xpath=//*[contains(@class, "ant-spin-spinning")]</msg>
<status status="PASS" starttime="20231226 18:25:26.898" endtime="20231226 18:25:26.899"/>
</kw>
<kw name="Get Element Count" library="Browser">
<var>${count}</var>
<arg>${element}</arg>
<tag>Assertion</tag>
<tag>Getter</tag>
<tag>PageContent</tag>
<doc>Returns the count of elements found with ``selector``.</doc>
<msg timestamp="20231226 18:25:26.912" level="INFO">${count} = 0</msg>
<status status="PASS" starttime="20231226 18:25:26.900" endtime="20231226 18:25:26.913"/>
</kw>
<if>
<branch type="IF" condition="${count} &gt; 0">
<kw name="Wait Until Page Does Not Contain Element" library="common">
<arg>${element}</arg>
<status status="NOT RUN" starttime="20231226 18:25:26.915" endtime="20231226 18:25:26.915"/>
</kw>
<status status="NOT RUN" starttime="20231226 18:25:26.914" endtime="20231226 18:25:26.916"/>
</branch>
<status status="PASS" starttime="20231226 18:25:26.914" endtime="20231226 18:25:26.916"/>
</if>
<status status="PASS" starttime="20231226 18:25:26.789" endtime="20231226 18:25:26.916"/>
</kw>
<kw name="Get Random Text" library="common">
<var>${text}</var>
<arg>${type}</arg>
<arg>${text}</arg>
<kw name="Set Variable" library="BuiltIn">
<var>${symbol}</var>
<arg>_RANDOM_</arg>
<doc>Returns the given values which can then be assigned to a variables.</doc>
<msg timestamp="20231226 18:25:26.920" level="INFO">${symbol} = _RANDOM_</msg>
<status status="PASS" starttime="20231226 18:25:26.918" endtime="20231226 18:25:26.920"/>
</kw>
<kw name="Set Variable" library="BuiltIn">
<var>${new_text}</var>
<doc>Returns the given values which can then be assigned to a variables.</doc>
<msg timestamp="20231226 18:25:26.922" level="INFO">${new_text} = </msg>
<status status="PASS" starttime="20231226 18:25:26.921" endtime="20231226 18:25:26.922"/>
</kw>
<kw name="Get Regexp Matches" library="String">
<var>${containsS}</var>
<arg>${text}</arg>
<arg>_@(.+)@_</arg>
<arg>1</arg>
<doc>Returns a list of all non-overlapping matches in the given string.</doc>
<msg timestamp="20231226 18:25:26.927" level="INFO">${containsS} = []</msg>
<status status="PASS" starttime="20231226 18:25:26.926" endtime="20231226 18:25:26.928"/>
</kw>
<kw name="Get Length" library="BuiltIn">
<var>${cntS}</var>
<arg>${containsS}</arg>
<doc>Returns and logs the length of the given item as an integer.</doc>
<msg timestamp="20231226 18:25:26.930" level="INFO">Length is 0</msg>
<msg timestamp="20231226 18:25:26.930" level="INFO">${cntS} = 0</msg>
<status status="PASS" starttime="20231226 18:25:26.928" endtime="20231226 18:25:26.930"/>
</kw>
<kw name="Get Regexp Matches" library="String">
<var>${contains}</var>
<arg>${text}</arg>
<arg>${symbol}</arg>
<doc>Returns a list of all non-overlapping matches in the given string.</doc>
<msg timestamp="20231226 18:25:26.933" level="INFO">${contains} = ['_RANDOM_']</msg>
<status status="PASS" starttime="20231226 18:25:26.931" endtime="20231226 18:25:26.933"/>
</kw>
<kw name="Get Length" library="BuiltIn">
<var>${cnt}</var>
<arg>${contains}</arg>
<doc>Returns and logs the length of the given item as an integer.</doc>
<msg timestamp="20231226 18:25:26.934" level="INFO">Length is 1</msg>
<msg timestamp="20231226 18:25:26.934" level="INFO">${cnt} = 1</msg>
<status status="PASS" starttime="20231226 18:25:26.934" endtime="20231226 18:25:26.934"/>
</kw>
<if>
<branch type="IF" condition="${cntS} &gt; 0">
<kw name="Set Variable" library="BuiltIn">
<var>${new_text}</var>
<arg>${STATE["${containsS[0]}"]}</arg>
<doc>Returns the given values which can then be assigned to a variables.</doc>
<status status="NOT RUN" starttime="20231226 18:25:26.935" endtime="20231226 18:25:26.936"/>
</kw>
<kw name="Set Variable" library="BuiltIn">
<var>${symbol}</var>
<arg>_@${containsS[0]}@_</arg>
<doc>Returns the given values which can then be assigned to a variables.</doc>
<status status="NOT RUN" starttime="20231226 18:25:26.936" endtime="20231226 18:25:26.936"/>
</kw>
<status status="NOT RUN" starttime="20231226 18:25:26.935" endtime="20231226 18:25:26.937"/>
</branch>
<branch type="ELSE IF" condition="${cnt} &gt; 0 and '${type}' == 'test name'">
<kw name="Sentence" library="FakerLibrary">
<var>${random}</var>
<arg>nb_words=3</arg>
<doc>Generate a sentence.</doc>
<msg timestamp="20231226 18:25:26.938" level="INFO">${random} = Adipisci commodi.</msg>
<status status="PASS" starttime="20231226 18:25:26.938" endtime="20231226 18:25:26.938"/>
</kw>
<kw name="Split String" library="String">
<var>${words}</var>
<arg>${TEST NAME}</arg>
<arg>${SPACE}</arg>
<doc>Splits the ``string`` using ``separator`` as a delimiter string.</doc>
<msg timestamp="20231226 18:25:26.943" level="INFO">${words} = ['CA_06_01', 'Check', 'account', 'information', 'after', 'creation', '(Farmer', 'Side)']</msg>
<status status="PASS" starttime="20231226 18:25:26.939" endtime="20231226 18:25:26.943"/>
</kw>
<kw name="Set Variable" library="BuiltIn">
<var>${new_text}</var>
<arg>${words[0]} ${random}</arg>
<doc>Returns the given values which can then be assigned to a variables.</doc>
<msg timestamp="20231226 18:25:26.946" level="INFO">${new_text} = CA_06_01 Adipisci commodi.</msg>
<status status="PASS" starttime="20231226 18:25:26.943" endtime="20231226 18:25:26.946"/>
</kw>
<status status="PASS" starttime="20231226 18:25:26.937" endtime="20231226 18:25:26.946"/>
</branch>
<branch type="ELSE IF" condition="${cnt} &gt; 0 and '${type}' == 'number'">
<kw name="Random Int" library="FakerLibrary">
<var>${new_text}</var>
<doc>Generate a random integer between two integers ``min`` and ``max`` inclusive
while observing the provided ``step`` value.</doc>
<status status="NOT RUN" starttime="20231226 18:25:26.947" endtime="20231226 18:25:26.947"/>
</kw>
<kw name="Convert To String" library="BuiltIn">
<var>${new_text}</var>
<arg>${new_text}</arg>
<doc>Converts the given item to a Unicode string.</doc>
<status status="NOT RUN" starttime="20231226 18:25:26.948" endtime="20231226 18:25:26.948"/>
</kw>
<status status="NOT RUN" starttime="20231226 18:25:26.947" endtime="20231226 18:25:26.948"/>
</branch>
<branch type="ELSE IF" condition="${cnt} &gt; 0 and '${type}' == 'percentage'">
<kw name="Random Int" library="FakerLibrary">
<var>${new_text}</var>
<arg>max=100</arg>
<doc>Generate a random integer between two integers ``min`` and ``max`` inclusive
while observing the provided ``step`` value.</doc>
<status status="NOT RUN" starttime="20231226 18:25:26.949" endtime="20231226 18:25:26.949"/>
</kw>
<kw name="Convert To String" library="BuiltIn">
<var>${new_text}</var>
<arg>${new_text}</arg>
<doc>Converts the given item to a Unicode string.</doc>
<status status="NOT RUN" starttime="20231226 18:25:26.949" endtime="20231226 18:25:26.949"/>
</kw>
<status status="NOT RUN" starttime="20231226 18:25:26.948" endtime="20231226 18:25:26.950"/>
</branch>
<branch type="ELSE IF" condition="${cnt} &gt; 0 and '${type}' == 'paragraph'">
<kw name="Paragraph" library="FakerLibrary">
<var>${new_text}</var>
<doc>Generate a paragraph.</doc>
<status status="NOT RUN" starttime="20231226 18:25:26.950" endtime="20231226 18:25:26.950"/>
</kw>
<status status="NOT RUN" starttime="20231226 18:25:26.950" endtime="20231226 18:25:26.951"/>
</branch>
<branch type="ELSE IF" condition="${cnt} &gt; 0 and '${type}' == 'email'">
<kw name="Email" library="FakerLibrary">
<var>${new_text}</var>
<status status="NOT RUN" starttime="20231226 18:25:26.951" endtime="20231226 18:25:26.951"/>
</kw>
<status status="NOT RUN" starttime="20231226 18:25:26.951" endtime="20231226 18:25:26.952"/>
</branch>
<branch type="ELSE IF" condition="${cnt} &gt; 0 and '${type}' == 'phone'">
<kw name="Random Int" library="FakerLibrary">
<var>${new_text}</var>
<arg>min=20000000</arg>
<arg>max=99999999</arg>
<doc>Generate a random integer between two integers ``min`` and ``max`` inclusive
while observing the provided ``step`` value.</doc>
<status status="NOT RUN" starttime="20231226 18:25:26.952" endtime="20231226 18:25:26.952"/>
</kw>
<kw name="Convert To String" library="BuiltIn">
<var>${new_text}</var>
<arg>${new_text}</arg>
<doc>Converts the given item to a Unicode string.</doc>
<status status="NOT RUN" starttime="20231226 18:25:26.953" endtime="20231226 18:25:26.953"/>
</kw>
<kw name="Create List" library="BuiltIn">
<var>${List}</var>
<arg>3</arg>
<arg>7</arg>
<arg>8</arg>
<arg>9</arg>
<doc>Returns a list containing given items.</doc>
<status status="NOT RUN" starttime="20231226 18:25:26.953" endtime="20231226 18:25:26.953"/>
</kw>
<kw name="Evaluate" library="BuiltIn">
<var>${2nd_number}</var>
<arg>random.choice($List)</arg>
<arg>random</arg>
<doc>Evaluates the given expression in Python and returns the result.</doc>
<status status="NOT RUN" starttime="20231226 18:25:26.954" endtime="20231226 18:25:26.954"/>
</kw>
<kw name="Convert To String" library="BuiltIn">
<var>${2nd_number}</var>
<arg>${2nd_number}</arg>
<doc>Converts the given item to a Unicode string.</doc>
<status status="NOT RUN" starttime="20231226 18:25:26.954" endtime="20231226 18:25:26.955"/>
</kw>
<kw name="Catenate" library="BuiltIn">
<var>${new_text}</var>
<arg>SEPARATOR=</arg>
<arg>0</arg>
<arg>${2nd_number}</arg>
<arg>${new_text}</arg>
<doc>Catenates the given items together and returns the resulted string.</doc>
<status status="NOT RUN" starttime="20231226 18:25:26.955" endtime="20231226 18:25:26.955"/>
</kw>
<status status="NOT RUN" starttime="20231226 18:25:26.952" endtime="20231226 18:25:26.955"/>
</branch>
<branch type="ELSE IF" condition="${cnt} &gt; 0 and '${type}' == 'color'">
<kw name="Safe Hex Color" library="FakerLibrary">
<var>${new_text}</var>
<doc>Generate a web-safe color formatted as a hex triplet.</doc>
<status status="NOT RUN" starttime="20231226 18:25:26.960" endtime="20231226 18:25:26.960"/>
</kw>
<status status="NOT RUN" starttime="20231226 18:25:26.955" endtime="20231226 18:25:26.960"/>
</branch>
<branch type="ELSE IF" condition="${cnt} &gt; 0 and &quot;${type}&quot; == 'password'">
<kw name="Password" library="FakerLibrary">
<var>${new_text}</var>
<arg>10</arg>
<arg>True</arg>
<arg>True</arg>
<arg>True</arg>
<arg>True</arg>
<doc>Generate a random password of the specified ``length``.</doc>
<status status="NOT RUN" starttime="20231226 18:25:26.962" endtime="20231226 18:25:26.962"/>
</kw>
<status status="NOT RUN" starttime="20231226 18:25:26.961" endtime="20231226 18:25:26.962"/>
</branch>
<branch type="ELSE IF" condition="${cnt} &gt; 0 and '${type}' == 'date'">
<kw name="Date" library="FakerLibrary">
<var>${new_text}</var>
<arg>pattern=%d-%m-%Y</arg>
<doc>Get a date string between January 1, 1970 and now.</doc>
<status status="NOT RUN" starttime="20231226 18:25:26.963" endtime="20231226 18:25:26.963"/>
</kw>
<status status="NOT RUN" starttime="20231226 18:25:26.963" endtime="20231226 18:25:26.963"/>
</branch>
<branch type="ELSE IF" condition="${cnt} &gt; 0 and '${type}' == 'word'">
<kw name="Sentence" library="FakerLibrary">
<var>${new_text}</var>
<arg>nb_words=2</arg>
<doc>Generate a sentence.</doc>
<status status="NOT RUN" starttime="20231226 18:25:26.964" endtime="20231226 18:25:26.964"/>
</kw>
<status status="NOT RUN" starttime="20231226 18:25:26.964" endtime="20231226 18:25:26.965"/>
</branch>
<branch type="ELSE IF" condition="${cnt} &gt; 0">
<kw name="Sentence" library="FakerLibrary">
<var>${new_text}</var>
<doc>Generate a sentence.</doc>
<status status="NOT RUN" starttime="20231226 18:25:26.966" endtime="20231226 18:25:26.966"/>
</kw>
<status status="NOT RUN" starttime="20231226 18:25:26.965" endtime="20231226 18:25:26.966"/>
</branch>
<status status="PASS" starttime="20231226 18:25:26.935" endtime="20231226 18:25:26.967"/>
</if>
<kw name="Get Length" library="BuiltIn">
<var>${cnt}</var>
<arg>${text}</arg>
<doc>Returns and logs the length of the given item as an integer.</doc>
<msg timestamp="20231226 18:25:26.967" level="INFO">Length is 8</msg>
<msg timestamp="20231226 18:25:26.967" level="INFO">${cnt} = 8</msg>
<status status="PASS" starttime="20231226 18:25:26.967" endtime="20231226 18:25:26.968"/>
</kw>
<if>
<branch type="IF" condition="${cnt} &gt; 0">
<kw name="Replace String" library="String">
<var>${text}</var>
<arg>${text}</arg>
<arg>${symbol}</arg>
<arg>${new_text}</arg>
<doc>Replaces ``search_for`` in the given ``string`` with ``replace_with``.</doc>
<msg timestamp="20231226 18:25:26.969" level="INFO">${text} = CA_06_01 Adipisci commodi.</msg>
<status status="PASS" starttime="20231226 18:25:26.968" endtime="20231226 18:25:26.969"/>
</kw>
<status status="PASS" starttime="20231226 18:25:26.968" endtime="20231226 18:25:26.969"/>
</branch>
<status status="PASS" starttime="20231226 18:25:26.968" endtime="20231226 18:25:26.970"/>
</if>
<msg timestamp="20231226 18:25:26.970" level="INFO">${text} = CA_06_01 Adipisci commodi.</msg>
<status status="PASS" starttime="20231226 18:25:26.917" endtime="20231226 18:25:26.970"/>
</kw>
<kw name="Get Element Form Item By Name" library="common">
<var>${element}</var>
<arg>${name}</arg>
<arg>//*[contains(@class, "ant-input")]</arg>
<msg timestamp="20231226 18:25:26.971" level="INFO">${element} = xpath=//*[contains(@class, "ant-form-item-label")]/label[text()="Họ và tên"]/../../*[contains(@class, "ant-form-item")]//*[contains(@class, "ant-input")]</msg>
<status status="PASS" starttime="20231226 18:25:26.970" endtime="20231226 18:25:26.971"/>
</kw>
<kw name="Click" library="Browser">
<arg>${element}</arg>
<tag>PageContent</tag>
<tag>Setter</tag>
<doc>Simulates mouse click on the element found by ``selector``.</doc>
<status status="PASS" starttime="20231226 18:25:26.971" endtime="20231226 18:25:27.105"/>
</kw>
<kw name="Clear Text" library="Browser">
<arg>${element}</arg>
<tag>PageContent</tag>
<tag>Setter</tag>
<doc>Clears the text field found by ``selector``.</doc>
<status status="PASS" starttime="20231226 18:25:27.106" endtime="20231226 18:25:27.147"/>
</kw>
<kw name="Fill Text" library="Browser">
<arg>${element}</arg>
<arg>${text}</arg>
<arg>True</arg>
<tag>PageContent</tag>
<tag>Setter</tag>
<doc>Clears and fills the given ``txt`` into the text field found by ``selector``.</doc>
<msg timestamp="20231226 18:25:27.150" level="INFO">Fills the text 'CA_06_01 Adipisci commodi.' in the given field.</msg>
<status status="PASS" starttime="20231226 18:25:27.148" endtime="20231226 18:25:27.203"/>
</kw>
<kw name="Get Text" library="Browser">
<var>${condition}</var>
<arg>${element}</arg>
<tag>Assertion</tag>
<tag>Getter</tag>
<tag>PageContent</tag>
<doc>Returns text attribute of the element found by ``selector``.</doc>
<msg timestamp="20231226 18:25:27.250" level="INFO">Text: 'CA_06_01 Adipisci commodi.'</msg>
<msg timestamp="20231226 18:25:27.250" level="INFO">${condition} = CA_06_01 Adipisci commodi.</msg>
<status status="PASS" starttime="20231226 18:25:27.204" endtime="20231226 18:25:27.251"/>
</kw>
<while condition="'${condition}' != '${text}'" limit="10">
<iter>
<kw name="Fill Text" library="Browser">
<arg>${element}</arg>
<arg>${text}</arg>
<tag>PageContent</tag>
<tag>Setter</tag>
<doc>Clears and fills the given ``txt`` into the text field found by ``selector``.</doc>
<status status="NOT RUN" starttime="20231226 18:25:27.253" endtime="20231226 18:25:27.253"/>
</kw>
<kw name="Get Text" library="Browser">
<var>${condition}</var>
<arg>${element}</arg>
<tag>Assertion</tag>
<tag>Getter</tag>
<tag>PageContent</tag>
<doc>Returns text attribute of the element found by ``selector``.</doc>
<status status="NOT RUN" starttime="20231226 18:25:27.254" endtime="20231226 18:25:27.255"/>
</kw>
<status status="NOT RUN" starttime="20231226 18:25:27.251" endtime="20231226 18:25:27.255"/>
</iter>
<status status="NOT RUN" starttime="20231226 18:25:27.251" endtime="20231226 18:25:27.256"/>
</while>
<kw name="Scroll To Element" library="Browser">
<arg>${element}</arg>
<tag>PageContent</tag>
<tag>Setter</tag>
<doc>This method waits for actionability checks, then tries to scroll element into view,
unless it is completely visible.</doc>
<status status="PASS" starttime="20231226 18:25:27.257" endtime="20231226 18:25:27.337"/>
</kw>
<kw name="Get Length" library="BuiltIn">
<var>${cnt}</var>
<arg>${text}</arg>
<doc>Returns and logs the length of the given item as an integer.</doc>
<msg timestamp="20231226 18:25:27.339" level="INFO">Length is 26</msg>
<msg timestamp="20231226 18:25:27.340" level="INFO">${cnt} = 26</msg>
<status status="PASS" starttime="20231226 18:25:27.338" endtime="20231226 18:25:27.341"/>
</kw>
<if>
<branch type="IF" condition="${cnt} &gt; 0">
<kw name="Set Global Variable" library="BuiltIn">
<arg>\${STATE["${name}"]}</arg>
<arg>${text}</arg>
<doc>Makes a variable available globally in all tests and suites.</doc>
<msg timestamp="20231226 18:25:27.344" level="INFO">${STATE["Họ và tên"]} = CA_06_01 Adipisci commodi.</msg>
<status status="PASS" starttime="20231226 18:25:27.343" endtime="20231226 18:25:27.345"/>
</kw>
<status status="PASS" starttime="20231226 18:25:27.342" endtime="20231226 18:25:27.345"/>
</branch>
<status status="PASS" starttime="20231226 18:25:27.342" endtime="20231226 18:25:27.346"/>
</if>
<status status="PASS" starttime="20231226 18:25:26.787" endtime="20231226 18:25:27.346"/>
</kw>
<kw name="Check Text" library="common">
<var>${text}</var>
<arg>_@Họ và tên@_</arg>
<kw name="Get Regexp Matches" library="String">
<var>${containsS}</var>
<arg>${text}</arg>
<arg>_@(.+)@_</arg>
<arg>1</arg>
<doc>Returns a list of all non-overlapping matches in the given string.</doc>
<msg timestamp="20231226 18:25:27.349" level="INFO">${containsS} = ['Họ và tên']</msg>
<status status="PASS" starttime="20231226 18:25:27.348" endtime="20231226 18:25:27.349"/>
</kw>
<kw name="Get Length" library="BuiltIn">
<var>${cntS}</var>
<arg>${containsS}</arg>
<doc>Returns and logs the length of the given item as an integer.</doc>
<msg timestamp="20231226 18:25:27.351" level="INFO">Length is 1</msg>
<msg timestamp="20231226 18:25:27.351" level="INFO">${cntS} = 1</msg>
<status status="PASS" starttime="20231226 18:25:27.350" endtime="20231226 18:25:27.352"/>
</kw>
<if>
<branch type="IF" condition="${cntS} &gt; 0">
<kw name="Set Variable" library="BuiltIn">
<var>${text}</var>
<arg>${STATE["${containsS[0]}"]}</arg>
<doc>Returns the given values which can then be assigned to a variables.</doc>
<msg timestamp="20231226 18:25:27.357" level="INFO">${text} = CA_06_01 Adipisci commodi.</msg>
<status status="PASS" starttime="20231226 18:25:27.354" endtime="20231226 18:25:27.358"/>
</kw>
<status status="PASS" starttime="20231226 18:25:27.353" endtime="20231226 18:25:27.358"/>
</branch>
<status status="PASS" starttime="20231226 18:25:27.353" endtime="20231226 18:25:27.359"/>
</if>
<msg timestamp="20231226 18:25:27.360" level="INFO">${text} = CA_06_01 Adipisci commodi.</msg>
<status status="PASS" starttime="20231226 18:25:27.347" endtime="20231226 18:25:27.360"/>
</kw>
<kw name="Set Variable" library="BuiltIn">
<var>${name}</var>
<arg>${text}</arg>
[...]
<branch type="ELSE">
<kw name="Set Variable" library="BuiltIn">
<var>${element}</var>
<arg>//th[contains(text(),"${name}")]//following-sibling::th[1]</arg>
<doc>Returns the given values which can then be assigned to a variables.</doc>
<msg timestamp="20231226 18:25:34.190" level="INFO">${element} = //th[contains(text(),"Loại tài khoản")]//following-sibling::th[1]</msg>
<status status="PASS" starttime="20231226 18:25:34.188" endtime="20231226 18:25:34.190"/>
</kw>
<kw name="Get Text" library="Browser">
<arg>${element}</arg>
<arg>equal</arg>
<arg>${value}</arg>
<tag>Assertion</tag>
<tag>Getter</tag>
<tag>PageContent</tag>
<doc>Returns text attribute of the element found by ``selector``.</doc>
<msg timestamp="20231226 18:25:34.231" level="INFO">Text: 'Farmer Side'</msg>
<status status="PASS" starttime="20231226 18:25:34.191" endtime="20231226 18:25:34.232"/>
</kw>
<status status="PASS" starttime="20231226 18:25:34.187" endtime="20231226 18:25:34.232"/>
</branch>
<status status="PASS" starttime="20231226 18:25:34.168" endtime="20231226 18:25:34.233"/>
</if>
<status status="PASS" starttime="20231226 18:25:34.020" endtime="20231226 18:25:34.233"/>
</kw>
<kw name="Then Data's information in &quot;Số điện thoại&quot; should be equal &quot;_@Số điện thoại@_&quot;" library="common" sourcename="Data's information in &quot;${name}&quot; should be equal &quot;${value}&quot;">
<kw name="Wait Until Element Spin" library="common">
<kw name="Sleep" library="BuiltIn">
<arg>${SHOULD_TIMEOUT}</arg>
<doc>Pauses the test executed for the given time.</doc>
<msg timestamp="20231226 18:25:34.342" level="INFO">Slept 100 milliseconds</msg>
<status status="PASS" starttime="20231226 18:25:34.240" endtime="20231226 18:25:34.342"/>
</kw>
<kw name="Set Variable" library="BuiltIn">
<var>${element}</var>
<arg>xpath=//*[contains(@class, "ant-spin-spinning")]</arg>
<doc>Returns the given values which can then be assigned to a variables.</doc>
<msg timestamp="20231226 18:25:34.343" level="INFO">${element} = xpath=//*[contains(@class, "ant-spin-spinning")]</msg>
<status status="PASS" starttime="20231226 18:25:34.343" endtime="20231226 18:25:34.344"/>
</kw>
<kw name="Get Element Count" library="Browser">
<var>${count}</var>
<arg>${element}</arg>
<tag>Assertion</tag>
<tag>Getter</tag>
<tag>PageContent</tag>
<doc>Returns the count of elements found with ``selector``.</doc>
<msg timestamp="20231226 18:25:34.351" level="INFO">${count} = 0</msg>
<status status="PASS" starttime="20231226 18:25:34.344" endtime="20231226 18:25:34.352"/>
</kw>
<if>
<branch type="IF" condition="${count} &gt; 0">
<kw name="Wait Until Page Does Not Contain Element" library="common">
<arg>${element}</arg>
<status status="NOT RUN" starttime="20231226 18:25:34.353" endtime="20231226 18:25:34.354"/>
</kw>
<status status="NOT RUN" starttime="20231226 18:25:34.352" endtime="20231226 18:25:34.354"/>
</branch>
<status status="PASS" starttime="20231226 18:25:34.352" endtime="20231226 18:25:34.355"/>
</if>
<status status="PASS" starttime="20231226 18:25:34.238" endtime="20231226 18:25:34.355"/>
</kw>
<kw name="Check Text" library="common">
<var>${value}</var>
<arg>${value}</arg>
<kw name="Get Regexp Matches" library="String">
<var>${containsS}</var>
<arg>${text}</arg>
<arg>_@(.+)@_</arg>
<arg>1</arg>
<doc>Returns a list of all non-overlapping matches in the given string.</doc>
<msg timestamp="20231226 18:25:34.360" level="INFO">${containsS} = ['Số điện thoại']</msg>
<status status="PASS" starttime="20231226 18:25:34.359" endtime="20231226 18:25:34.360"/>
</kw>
<kw name="Get Length" library="BuiltIn">
<var>${cntS}</var>
<arg>${containsS}</arg>
<doc>Returns and logs the length of the given item as an integer.</doc>
<msg timestamp="20231226 18:25:34.362" level="INFO">Length is 1</msg>
<msg timestamp="20231226 18:25:34.362" level="INFO">${cntS} = 1</msg>
<status status="PASS" starttime="20231226 18:25:34.361" endtime="20231226 18:25:34.362"/>
</kw>
<if>
<branch type="IF" condition="${cntS} &gt; 0">
<kw name="Set Variable" library="BuiltIn">
<var>${text}</var>
<arg>${STATE["${containsS[0]}"]}</arg>
<doc>Returns the given values which can then be assigned to a variables.</doc>
<msg timestamp="20231226 18:25:34.365" level="INFO">${text} = 0359049069</msg>
<status status="PASS" starttime="20231226 18:25:34.363" endtime="20231226 18:25:34.365"/>
</kw>
<status status="PASS" starttime="20231226 18:25:34.363" endtime="20231226 18:25:34.365"/>
</branch>
<status status="PASS" starttime="20231226 18:25:34.363" endtime="20231226 18:25:34.365"/>
</if>
<msg timestamp="20231226 18:25:34.365" level="INFO">${value} = 0359049069</msg>
<status status="PASS" starttime="20231226 18:25:34.356" endtime="20231226 18:25:34.366"/>
</kw>
<kw name="Get Element Count" library="Browser">
<var>${cnt}</var>
<arg>//label[text()="${name}"]</arg>
<tag>Assertion</tag>
<tag>Getter</tag>
<tag>PageContent</tag>
<doc>Returns the count of elements found with ``selector``.</doc>
<msg timestamp="20231226 18:25:34.375" level="INFO">${cnt} = 0</msg>
<status status="PASS" starttime="20231226 18:25:34.366" endtime="20231226 18:25:34.375"/>
</kw>
<if>
<branch type="IF" condition="${cnt} &gt; 0">
<kw name="Get Element Form Item By Name" library="common">
<var>${element}</var>
<arg>${name}</arg>
<arg>//*[contains(@class,'ant-input')]</arg>
<status status="NOT RUN" starttime="20231226 18:25:34.378" endtime="20231226 18:25:34.379"/>
</kw>
<kw name="Get Element Count" library="Browser">
<var>${cntS}</var>
<arg>${element}</arg>
<tag>Assertion</tag>
<tag>Getter</tag>
<tag>PageContent</tag>
<doc>Returns the count of elements found with ``selector``.</doc>
<status status="NOT RUN" starttime="20231226 18:25:34.379" endtime="20231226 18:25:34.380"/>
</kw>
<if>
<branch type="IF" condition="${cntS} &gt; 0">
<kw name="Get Text" library="Browser">
<arg>${element}</arg>
<arg>equal</arg>
<arg>${value}</arg>
<tag>Assertion</tag>
<tag>Getter</tag>
<tag>PageContent</tag>
<doc>Returns text attribute of the element found by ``selector``.</doc>
<status status="NOT RUN" starttime="20231226 18:25:34.382" endtime="20231226 18:25:34.383"/>
</kw>
<status status="NOT RUN" starttime="20231226 18:25:34.381" endtime="20231226 18:25:34.383"/>
</branch>
<branch type="ELSE">
<kw name="Get Element Form Item By Name" library="common">
<var>${element}</var>
<arg>${name}</arg>
<arg>//*[contains(@class,'ant-select-selection-item')]</arg>
<status status="NOT RUN" starttime="20231226 18:25:34.384" endtime="20231226 18:25:34.385"/>
</kw>
<kw name="Get Element Count" library="Browser">
<var>${cnt2}</var>
<arg>${element}</arg>
<tag>Assertion</tag>
<tag>Getter</tag>
<tag>PageContent</tag>
<doc>Returns the count of elements found with ``selector``.</doc>
<status status="NOT RUN" starttime="20231226 18:25:34.386" endtime="20231226 18:25:34.386"/>
</kw>
<if>
<branch type="IF" condition="${cnt2} &gt; 0">
<kw name="Get Text" library="Browser">
<arg>${element}</arg>
<arg>equal</arg>
<arg>${value}</arg>
<tag>Assertion</tag>
<tag>Getter</tag>
<tag>PageContent</tag>
<doc>Returns text attribute of the element found by ``selector``.</doc>
<status status="NOT RUN" starttime="20231226 18:25:34.388" endtime="20231226 18:25:34.391"/>
</kw>
<status status="NOT RUN" starttime="20231226 18:25:34.387" endtime="20231226 18:25:34.391"/>
</branch>
<branch type="ELSE">
<kw name="Get Element Form Item By Name" library="common">
<var>${element}</var>
<arg>${name}</arg>
<arg>//*[contains(@class, "ant-radio-button-wrapper") and contains(@class,'ant-radio-button-wrapper-checked')]/span[contains(text(), "${value}")]</arg>
<status status="NOT RUN" starttime="20231226 18:25:34.393" endtime="20231226 18:25:34.393"/>
</kw>
<kw name="Wait Until Element Is Existent" library="common">
<arg>${element}</arg>
<status status="NOT RUN" starttime="20231226 18:25:34.394" endtime="20231226 18:25:34.394"/>
</kw>
<status status="NOT RUN" starttime="20231226 18:25:34.392" endtime="20231226 18:25:34.395"/>
</branch>
<status status="NOT RUN" starttime="20231226 18:25:34.387" endtime="20231226 18:25:34.395"/>
</if>
<status status="NOT RUN" starttime="20231226 18:25:34.384" endtime="20231226 18:25:34.396"/>
</branch>
<status status="NOT RUN" starttime="20231226 18:25:34.381" endtime="20231226 18:25:34.396"/>
</if>
<status status="NOT RUN" starttime="20231226 18:25:34.376" endtime="20231226 18:25:34.396"/>
</branch>
<branch type="ELSE">
<kw name="Set Variable" library="BuiltIn">
<var>${element}</var>
<arg>//th[contains(text(),"${name}")]//following-sibling::th[1]</arg>
<doc>Returns the given values which can then be assigned to a variables.</doc>
<msg timestamp="20231226 18:25:34.399" level="INFO">${element} = //th[contains(text(),"Số điện thoại")]//following-sibling::th[1]</msg>
<status status="PASS" starttime="20231226 18:25:34.398" endtime="20231226 18:25:34.399"/>
</kw>
<kw name="Get Text" library="Browser">
<arg>${element}</arg>
<arg>equal</arg>
<arg>${value}</arg>
<tag>Assertion</tag>
<tag>Getter</tag>
<tag>PageContent</tag>
<doc>Returns text attribute of the element found by ``selector``.</doc>
<msg timestamp="20231226 18:25:34.435" level="INFO">Text: '0359049069'</msg>
<status status="PASS" starttime="20231226 18:25:34.400" endtime="20231226 18:25:34.436"/>
</kw>
<status status="PASS" starttime="20231226 18:25:34.397" endtime="20231226 18:25:34.436"/>
</branch>
<status status="PASS" starttime="20231226 18:25:34.376" endtime="20231226 18:25:34.437"/>
</if>
<status status="PASS" starttime="20231226 18:25:34.236" endtime="20231226 18:25:34.437"/>
</kw>
<kw name="Then Data's information in &quot;Ngày hoạt động cuối&quot; should be equal &quot;${today}&quot;" library="common" sourcename="Data's information in &quot;${name}&quot; should be equal &quot;${value}&quot;">
<kw name="Wait Until Element Spin" library="common">
<kw name="Sleep" library="BuiltIn">
<arg>${SHOULD_TIMEOUT}</arg>
<doc>Pauses the test executed for the given time.</doc>
<msg timestamp="20231226 18:25:34.545" level="INFO">Slept 100 milliseconds</msg>
<status status="PASS" starttime="20231226 18:25:34.444" endtime="20231226 18:25:34.545"/>
</kw>
<kw name="Set Variable" library="BuiltIn">
<var>${element}</var>
<arg>xpath=//*[contains(@class, "ant-spin-spinning")]</arg>
<doc>Returns the given values which can then be assigned to a variables.</doc>
<msg timestamp="20231226 18:25:34.547" level="INFO">${element} = xpath=//*[contains(@class, "ant-spin-spinning")]</msg>
<status status="PASS" starttime="20231226 18:25:34.546" endtime="20231226 18:25:34.547"/>
</kw>
<kw name="Get Element Count" library="Browser">
<var>${count}</var>
<arg>${element}</arg>
<tag>Assertion</tag>
<tag>Getter</tag>
<tag>PageContent</tag>
<doc>Returns the count of elements found with ``selector``.</doc>
<msg timestamp="20231226 18:25:34.558" level="INFO">${count} = 0</msg>
<status status="PASS" starttime="20231226 18:25:34.548" endtime="20231226 18:25:34.558"/>
</kw>
<if>
<branch type="IF" condition="${count} &gt; 0">
<kw name="Wait Until Page Does Not Contain Element" library="common">
<arg>${element}</arg>
<status status="NOT RUN" starttime="20231226 18:25:34.561" endtime="20231226 18:25:34.561"/>
</kw>
<status status="NOT RUN" starttime="20231226 18:25:34.560" endtime="20231226 18:25:34.562"/>
</branch>
<status status="PASS" starttime="20231226 18:25:34.559" endtime="20231226 18:25:34.562"/>
</if>
<status status="PASS" starttime="20231226 18:25:34.443" endtime="20231226 18:25:34.563"/>
</kw>
<kw name="Check Text" library="common">
<var>${value}</var>
<arg>${value}</arg>
<kw name="Get Regexp Matches" library="String">
<var>${containsS}</var>
<arg>${text}</arg>
<arg>_@(.+)@_</arg>
<arg>1</arg>
<doc>Returns a list of all non-overlapping matches in the given string.</doc>
<msg timestamp="20231226 18:25:34.566" level="INFO">${containsS} = []</msg>
<status status="PASS" starttime="20231226 18:25:34.565" endtime="20231226 18:25:34.566"/>
</kw>
<kw name="Get Length" library="BuiltIn">
<var>${cntS}</var>
<arg>${containsS}</arg>
<doc>Returns and logs the length of the given item as an integer.</doc>
<msg timestamp="20231226 18:25:34.568" level="INFO">Length is 0</msg>
<msg timestamp="20231226 18:25:34.568" level="INFO">${cntS} = 0</msg>
<status status="PASS" starttime="20231226 18:25:34.567" endtime="20231226 18:25:34.569"/>
</kw>
<if>
<branch type="IF" condition="${cntS} &gt; 0">
<kw name="Set Variable" library="BuiltIn">
<var>${text}</var>
<arg>${STATE["${containsS[0]}"]}</arg>
<doc>Returns the given values which can then be assigned to a variables.</doc>
<status status="NOT RUN" starttime="20231226 18:25:34.570" endtime="20231226 18:25:34.571"/>
</kw>
<status status="NOT RUN" starttime="20231226 18:25:34.569" endtime="20231226 18:25:34.571"/>
</branch>
<status status="PASS" starttime="20231226 18:25:34.569" endtime="20231226 18:25:34.573"/>
</if>
<msg timestamp="20231226 18:25:34.574" level="INFO">${value} = 26/12/2023</msg>
<status status="PASS" starttime="20231226 18:25:34.563" endtime="20231226 18:25:34.574"/>
</kw>
<kw name="Get Element Count" library="Browser">
<var>${cnt}</var>
<arg>//label[text()="${name}"]</arg>
<tag>Assertion</tag>
<tag>Getter</tag>
<tag>PageContent</tag>
<doc>Returns the count of elements found with ``selector``.</doc>
<msg timestamp="20231226 18:25:34.585" level="INFO">${cnt} = 0</msg>
<status status="PASS" starttime="20231226 18:25:34.575" endtime="20231226 18:25:34.585"/>
</kw>
<if>
<branch type="IF" condition="${cnt} &gt; 0">
<kw name="Get Element Form Item By Name" library="common">
<var>${element}</var>
<arg>${name}</arg>
<arg>//*[contains(@class,'ant-input')]</arg>
<status status="NOT RUN" starttime="20231226 18:25:34.587" endtime="20231226 18:25:34.588"/>
</kw>
<kw name="Get Element Count" library="Browser">
<var>${cntS}</var>
<arg>${element}</arg>
<tag>Assertion</tag>
<tag>Getter</tag>
<tag>PageContent</tag>
<doc>Returns the count of elements found with ``selector``.</doc>
<status status="NOT RUN" starttime="20231226 18:25:34.589" endtime="20231226 18:25:34.590"/>
</kw>
<if>
<branch type="IF" condition="${cntS} &gt; 0">
<kw name="Get Text" library="Browser">
<arg>${element}</arg>
<arg>equal</arg>
<arg>${value}</arg>
<tag>Assertion</tag>
<tag>Getter</tag>
<tag>PageContent</tag>
<doc>Returns text attribute of the element found by ``selector``.</doc>
<status status="NOT RUN" starttime="20231226 18:25:34.592" endtime="20231226 18:25:34.592"/>
</kw>
<status status="NOT RUN" starttime="20231226 18:25:34.591" endtime="20231226 18:25:34.593"/>
</branch>
<branch type="ELSE">
<kw name="Get Element Form Item By Name" library="common">
<var>${element}</var>
<arg>${name}</arg>
<arg>//*[contains(@class,'ant-select-selection-item')]</arg>
<status status="NOT RUN" starttime="20231226 18:25:34.594" endtime="20231226 18:25:34.595"/>
</kw>
<kw name="Get Element Count" library="Browser">
<var>${cnt2}</var>
<arg>${element}</arg>
<tag>Assertion</tag>
<tag>Getter</tag>
<tag>PageContent</tag>
<doc>Returns the count of elements found with ``selector``.</doc>
<status status="NOT RUN" starttime="20231226 18:25:34.595" endtime="20231226 18:25:34.596"/>
</kw>
<if>
<branch type="IF" condition="${cnt2} &gt; 0">
<kw name="Get Text" library="Browser">
<arg>${element}</arg>
<arg>equal</arg>
<arg>${value}</arg>
<tag>Assertion</tag>
<tag>Getter</tag>
<tag>PageContent</tag>
<doc>Returns text attribute of the element found by ``selector``.</doc>
<status status="NOT RUN" starttime="20231226 18:25:34.597" endtime="20231226 18:25:34.597"/>
</kw>
<status status="NOT RUN" starttime="20231226 18:25:34.596" endtime="20231226 18:25:34.597"/>
</branch>
<branch type="ELSE">
<kw name="Get Element Form Item By Name" library="common">
<var>${element}</var>
<arg>${name}</arg>
<arg>//*[contains(@class, "ant-radio-button-wrapper") and contains(@class,'ant-radio-button-wrapper-checked')]/span[contains(text(), "${value}")]</arg>
<status status="NOT RUN" starttime="20231226 18:25:34.598" endtime="20231226 18:25:34.598"/>
</kw>
<kw name="Wait Until Element Is Existent" library="common">
<arg>${element}</arg>
<status status="NOT RUN" starttime="20231226 18:25:34.598" endtime="20231226 18:25:34.599"/>
</kw>
<status status="NOT RUN" starttime="20231226 18:25:34.598" endtime="20231226 18:25:34.599"/>
</branch>
<status status="NOT RUN" starttime="20231226 18:25:34.596" endtime="20231226 18:25:34.599"/>
</if>
<status status="NOT RUN" starttime="20231226 18:25:34.593" endtime="20231226 18:25:34.599"/>
</branch>
<status status="NOT RUN" starttime="20231226 18:25:34.591" endtime="20231226 18:25:34.600"/>
</if>
<status status="NOT RUN" starttime="20231226 18:25:34.586" endtime="20231226 18:25:34.600"/>
</branch>
<branch type="ELSE">
<kw name="Set Variable" library="BuiltIn">
<var>${element}</var>
<arg>//th[contains(text(),"${name}")]//following-sibling::th[1]</arg>
<doc>Returns the given values which can then be assigned to a variables.</doc>
<msg timestamp="20231226 18:25:34.601" level="INFO">${element} = //th[contains(text(),"Ngày hoạt động cuối")]//following-sibling::th[1]</msg>
<status status="PASS" starttime="20231226 18:25:34.600" endtime="20231226 18:25:34.602"/>
</kw>
<kw name="Get Text" library="Browser">
<arg>${element}</arg>
<arg>equal</arg>
<arg>${value}</arg>
<tag>Assertion</tag>
<tag>Getter</tag>
<tag>PageContent</tag>
<doc>Returns text attribute of the element found by ``selector``.</doc>
<msg timestamp="20231226 18:25:35.680" level="INFO">Text: '01/01/0001'</msg>
<msg timestamp="20231226 18:25:35.930" level="INFO" html="true">&lt;/td&gt;&lt;/tr&gt;&lt;tr&gt;&lt;td colspan="3"&gt;&lt;a href="browser/screenshot/fail-screenshot-3.png" target="_blank"&gt;&lt;img src="browser/screenshot/fail-screenshot-3.png" width="800px"/&gt;&lt;/a&gt;</msg>
<msg timestamp="20231226 18:25:35.931" level="INFO">See also file:///D:/TESTER/Automation/playwright-log.txt for additional details.</msg>
<msg timestamp="20231226 18:25:35.932" level="FAIL">Text '01/01/0001' (str) should be '26/12/2023' (str)</msg>
<status status="FAIL" starttime="20231226 18:25:34.603" endtime="20231226 18:25:35.987"/>
</kw>
<status status="FAIL" starttime="20231226 18:25:34.600" endtime="20231226 18:25:35.987"/>
</branch>
<status status="FAIL" starttime="20231226 18:25:34.586" endtime="20231226 18:25:35.989"/>
</if>
<status status="FAIL" starttime="20231226 18:25:34.442" endtime="20231226 18:25:35.991"/>
</kw>
<kw name="When Click &quot;Trở lại&quot; button" library="common" sourcename="Click &quot;${text}&quot; button">
<status status="NOT RUN" starttime="20231226 18:25:35.994" endtime="20231226 18:25:35.995"/>
</kw>
<kw name="When Click on the &quot;Xóa&quot; button in the &quot;_@Họ và tên@_&quot; table line" library="common" sourcename="Click on the &quot;${text}&quot; button in the &quot;${name}&quot; table line">
<status status="NOT RUN" starttime="20231226 18:25:35.998" endtime="20231226 18:25:35.999"/>
</kw>
<kw name="Tear Down" library="common" type="TEARDOWN">
<kw name="Close Browser" library="Browser">
<arg>ALL</arg>
<tag>BrowserControl</tag>
<tag>Setter</tag>
<doc>Closes the current browser.</doc>
<msg timestamp="20231226 18:25:37.143" level="INFO">Closed all browsers</msg>
<status status="PASS" starttime="20231226 18:25:36.002" endtime="20231226 18:25:37.143"/>
</kw>
<status status="PASS" starttime="20231226 18:25:36.001" endtime="20231226 18:25:37.144"/>
</kw>
<tag>DetailedInfo</tag>
<tag>Smoketest</tag>
<tag>UI</tag>
<status status="FAIL" starttime="20231226 18:25:15.712" endtime="20231226 18:25:37.148">Text '01/01/0001' (str) should be '26/12/2023' (str)</status>
</test>
<status status="FAIL" starttime="20231226 18:25:13.413" endtime="20231226 18:25:37.228"/>
</suite>
<statistics>
<total>
<stat pass="0" fail="1" skip="0">All Tests</stat>
</total>
<tag>
<stat pass="0" fail="1" skip="0">DetailedInfo</stat>
<stat pass="0" fail="1" skip="0">Smoketest</stat>
<stat pass="0" fail="1" skip="0">UI</stat>
</tag>
<suite>
<stat pass="0" fail="1" skip="0" id="s1" name="Customer Account">Customer Account</stat>
</suite>
</statistics>
<errors>
</errors>
</robot>
