<?xml version="1.0" encoding="UTF-8"?>
<robot generator="Robot 6.1.1 (Python 3.11.4 on win32)" generated="20231125 00:20:07.087" rpa="false" schemaversion="4">
<suite id="s1" name="Navigation" source="d:\TESTER\Automation\Auto_Web\testcases\navigation.robot">
<test id="s1-t1" name="DH_28 Verify the search function when enter the name was not existed" line="347">
<kw name="Setup" library="common" type="SETUP">
<kw name="Set Browser Timeout" library="Browser">
<arg>${BROWSER_TIMEOUT}</arg>
<tag>Config</tag>
<tag>Setter</tag>
<doc>Sets the timeout used by most input and getter keywords.</doc>
<status status="PASS" starttime="20231125 00:20:09.943" endtime="20231125 00:20:09.945"/>
</kw>
<kw name="New Browser" library="Browser">
<arg>${BROWSER}</arg>
<arg>headless=${HEADLESS}</arg>
<tag>BrowserControl</tag>
<tag>Setter</tag>
<doc>Create a new playwright Browser with specified options.</doc>
<msg timestamp="20231125 00:20:09.948" level="INFO">{"browser": "chromium", "headless": false, "chromiumSandbox": false, "devtools": false, "handleSIGHUP": true, "handleSIGINT": true, "handleSIGTERM": true, "slowMo": 0.0, "timeout": 30000.0, "tracesDir": "D:\\TESTER\\Automation\\browser\\traces\\42a76d0c-e184-4f6b-884c-226988ef0f2e"}</msg>
<msg timestamp="20231125 00:20:11.680" level="INFO">Successfully created browser with options: {"browser":"chromium","headless":false,"chromiumSandbox":false,"devtools":false,"handleSIGHUP":true,"handleSIGINT":true,"handleSIGTERM":true,"slowMo":0,"timeout":30000,"tracesDir":"D:\\TESTER\\Automation\\browser\\traces\\42a76d0c-e184-4f6b-884c-226988ef0f2e"}</msg>
<status status="PASS" starttime="20231125 00:20:09.946" endtime="20231125 00:20:11.681"/>
</kw>
<kw name="New Page" library="Browser">
<arg>${URL_DEFAULT}</arg>
<tag>BrowserControl</tag>
<tag>Setter</tag>
<doc>Open a new Page.</doc>
<msg timestamp="20231125 00:20:15.691" level="INFO">Successfully initialized new page object and opened url: http://dev1.geneat.vn:7802/#/vn</msg>
<msg timestamp="20231125 00:20:15.691" level="INFO">No context was open. New context was automatically opened when this page is created.</msg>
<status status="PASS" starttime="20231125 00:20:11.682" endtime="20231125 00:20:15.692"/>
</kw>
<kw name="Evaluate" library="BuiltIn">
<var>${STATE}</var>
<arg>json.loads('''{}''')</arg>
<arg>json</arg>
<doc>Evaluates the given expression in Python and returns the result.</doc>
<msg timestamp="20231125 00:20:15.695" level="INFO">${STATE} = {}</msg>
<status status="PASS" starttime="20231125 00:20:15.693" endtime="20231125 00:20:15.696"/>
</kw>
<status status="PASS" starttime="20231125 00:20:09.940" endtime="20231125 00:20:15.696"/>
</kw>
<kw name="Create a test data">
<kw name="Run Keyword And Return Status" library="BuiltIn">
<var>${condition}</var>
<arg>Confirm locating exactly in "Phân quyền điều hướng" page</arg>
<doc>Runs the given keyword with given arguments and returns the status as a Boolean value.</doc>
<kw name="Confirm locating exactly in &quot;Phân quyền điều hướng&quot; page" library="common" sourcename="Confirm locating exactly in &quot;${name}&quot; page">
<kw name="Get Element Count" library="Browser">
<var>${cnt}</var>
<arg>//header//span[contains(text(),"${name}")]</arg>
<tag>Assertion</tag>
<tag>Getter</tag>
<tag>PageContent</tag>
<doc>Returns the count of elements found with ``selector``.</doc>
<msg timestamp="20231125 00:20:15.802" level="INFO">${cnt} = 0</msg>
<status status="PASS" starttime="20231125 00:20:15.717" endtime="20231125 00:20:15.802"/>
</kw>
<kw name="Should Be True" library="BuiltIn">
<arg>${cnt} &gt; 0</arg>
<doc>Fails if the given condition is not true.</doc>
<msg timestamp="20231125 00:20:15.809" level="FAIL">'0 &gt; 0' should be true.</msg>
<status status="FAIL" starttime="20231125 00:20:15.803" endtime="20231125 00:20:15.811"/>
</kw>
<status status="FAIL" starttime="20231125 00:20:15.716" endtime="20231125 00:20:15.812"/>
</kw>
<msg timestamp="20231125 00:20:15.815" level="INFO">${condition} = False</msg>
<status status="PASS" starttime="20231125 00:20:15.714" endtime="20231125 00:20:15.816"/>
</kw>
<if>
<branch type="IF" condition="'${condition}' == 'True'">
<kw name="Click &quot;Tạo mới&quot; button" library="common" sourcename="Click &quot;${text}&quot; button">
<status status="NOT RUN" starttime="20231125 00:20:15.818" endtime="20231125 00:20:15.819"/>
</kw>
<status status="NOT RUN" starttime="20231125 00:20:15.817" endtime="20231125 00:20:15.820"/>
</branch>
<branch type="ELSE">
<kw name="Go to &quot;Điều hướng&quot; page">
<kw name="Login to admin" library="common">
<kw name="Enter &quot;email&quot; in &quot;Email&quot; with &quot;admin@gmail.com&quot;" library="common" sourcename="Enter &quot;${type}&quot; in &quot;${name}&quot; with &quot;${text}&quot;">
<kw name="Get Random Text" library="common">
<var>${text}</var>
<arg>${type}</arg>
<arg>${text}</arg>
<kw name="Set Variable" library="BuiltIn">
<var>${symbol}</var>
<arg>_RANDOM_</arg>
<doc>Returns the given values which can then be assigned to a variables.</doc>
<msg timestamp="20231125 00:20:15.835" level="INFO">${symbol} = _RANDOM_</msg>
<status status="PASS" starttime="20231125 00:20:15.834" endtime="20231125 00:20:15.835"/>
</kw>
<kw name="Set Variable" library="BuiltIn">
<var>${new_text}</var>
<doc>Returns the given values which can then be assigned to a variables.</doc>
<msg timestamp="20231125 00:20:15.838" level="INFO">${new_text} = </msg>
<status status="PASS" starttime="20231125 00:20:15.837" endtime="20231125 00:20:15.840"/>
</kw>
<kw name="Get Regexp Matches" library="String">
<var>${containsS}</var>
<arg>${text}</arg>
<arg>_@(.+)@_</arg>
<arg>1</arg>
<doc>Returns a list of all non-overlapping matches in the given string.</doc>
<msg timestamp="20231125 00:20:15.842" level="INFO">${containsS} = []</msg>
<status status="PASS" starttime="20231125 00:20:15.841" endtime="20231125 00:20:15.851"/>
</kw>
<kw name="Get Length" library="BuiltIn">
<var>${cntS}</var>
<arg>${containsS}</arg>
<doc>Returns and logs the length of the given item as an integer.</doc>
<msg timestamp="20231125 00:20:15.861" level="INFO">Length is 0</msg>
<msg timestamp="20231125 00:20:15.861" level="INFO">${cntS} = 0</msg>
<status status="PASS" starttime="20231125 00:20:15.860" endtime="20231125 00:20:15.862"/>
</kw>
<kw name="Get Regexp Matches" library="String">
<var>${contains}</var>
<arg>${text}</arg>
<arg>${symbol}</arg>
<doc>Returns a list of all non-overlapping matches in the given string.</doc>
<msg timestamp="20231125 00:20:15.863" level="INFO">${contains} = []</msg>
<status status="PASS" starttime="20231125 00:20:15.862" endtime="20231125 00:20:15.864"/>
</kw>
<kw name="Get Length" library="BuiltIn">
<var>${cnt}</var>
<arg>${contains}</arg>
<doc>Returns and logs the length of the given item as an integer.</doc>
<msg timestamp="20231125 00:20:15.871" level="INFO">Length is 0</msg>
<msg timestamp="20231125 00:20:15.876" level="INFO">${cnt} = 0</msg>
<status status="PASS" starttime="20231125 00:20:15.865" endtime="20231125 00:20:15.878"/>
</kw>
<if>
<branch type="IF" condition="${cntS} &gt; 0">
<kw name="Set Variable" library="BuiltIn">
<var>${new_text}</var>
<arg>${STATE["${containsS[0]}"]}</arg>
<doc>Returns the given values which can then be assigned to a variables.</doc>
<status status="NOT RUN" starttime="20231125 00:20:15.886" endtime="20231125 00:20:15.892"/>
</kw>
<kw name="Set Variable" library="BuiltIn">
<var>${symbol}</var>
<arg>_@${containsS[0]}@_</arg>
<doc>Returns the given values which can then be assigned to a variables.</doc>
<status status="NOT RUN" starttime="20231125 00:20:15.893" endtime="20231125 00:20:15.894"/>
</kw>
<status status="NOT RUN" starttime="20231125 00:20:15.882" endtime="20231125 00:20:15.895"/>
</branch>
<branch type="ELSE IF" condition="${cnt} &gt; 0 and '${type}' == 'test name'">
<kw name="Sentence" library="FakerLibrary">
<var>${random}</var>
<arg>nb_words=3</arg>
<doc>Generate a sentence.</doc>
<status status="NOT RUN" starttime="20231125 00:20:15.897" endtime="20231125 00:20:15.897"/>
</kw>
<kw name="Split String" library="String">
<var>${words}</var>
<arg>${TEST NAME}</arg>
<arg>${SPACE}</arg>
<doc>Splits the ``string`` using ``separator`` as a delimiter string.</doc>
<status status="NOT RUN" starttime="20231125 00:20:15.898" endtime="20231125 00:20:15.899"/>
</kw>
<kw name="Set Variable" library="BuiltIn">
<var>${new_text}</var>
<arg>${words[0]} ${random}</arg>
<doc>Returns the given values which can then be assigned to a variables.</doc>
<status status="NOT RUN" starttime="20231125 00:20:15.901" endtime="20231125 00:20:15.901"/>
</kw>
<status status="NOT RUN" starttime="20231125 00:20:15.895" endtime="20231125 00:20:15.902"/>
</branch>
<branch type="ELSE IF" condition="${cnt} &gt; 0 and '${type}' == 'number'">
<kw name="Random Int" library="FakerLibrary">
<var>${new_text}</var>
<doc>Generate a random integer between two integers ``min`` and ``max`` inclusive
while observing the provided ``step`` value.</doc>
<status status="NOT RUN" starttime="20231125 00:20:15.909" endtime="20231125 00:20:15.910"/>
</kw>
<kw name="Convert To String" library="BuiltIn">
<var>${new_text}</var>
<arg>${new_text}</arg>
<doc>Converts the given item to a Unicode string.</doc>
<status status="NOT RUN" starttime="20231125 00:20:15.925" endtime="20231125 00:20:15.926"/>
</kw>
<status status="NOT RUN" starttime="20231125 00:20:15.904" endtime="20231125 00:20:15.926"/>
</branch>
<branch type="ELSE IF" condition="${cnt} &gt; 0 and '${type}' == 'percentage'">
<kw name="Random Int" library="FakerLibrary">
<var>${new_text}</var>
<arg>max=100</arg>
<doc>Generate a random integer between two integers ``min`` and ``max`` inclusive
while observing the provided ``step`` value.</doc>
<status status="NOT RUN" starttime="20231125 00:20:15.928" endtime="20231125 00:20:15.929"/>
</kw>
<kw name="Convert To String" library="BuiltIn">
<var>${new_text}</var>
<arg>${new_text}</arg>
<doc>Converts the given item to a Unicode string.</doc>
<status status="NOT RUN" starttime="20231125 00:20:15.929" endtime="20231125 00:20:15.930"/>
</kw>
<status status="NOT RUN" starttime="20231125 00:20:15.927" endtime="20231125 00:20:15.931"/>
</branch>
<branch type="ELSE IF" condition="${cnt} &gt; 0 and '${type}' == 'paragraph'">
<kw name="Paragraph" library="FakerLibrary">
<var>${new_text}</var>
<doc>Generate a paragraph.</doc>
<status status="NOT RUN" starttime="20231125 00:20:15.933" endtime="20231125 00:20:15.934"/>
</kw>
<status status="NOT RUN" starttime="20231125 00:20:15.932" endtime="20231125 00:20:15.935"/>
</branch>
<branch type="ELSE IF" condition="${cnt} &gt; 0 and '${type}' == 'email'">
<kw name="Email" library="FakerLibrary">
<var>${new_text}</var>
<status status="NOT RUN" starttime="20231125 00:20:15.937" endtime="20231125 00:20:15.940"/>
</kw>
<status status="NOT RUN" starttime="20231125 00:20:15.936" endtime="20231125 00:20:15.941"/>
</branch>
<branch type="ELSE IF" condition="${cnt} &gt; 0 and '${type}' == 'phone'">
<kw name="Random Int" library="FakerLibrary">
<var>${new_text}</var>
<arg>min=2000000000</arg>
<arg>max=9999999999</arg>
<doc>Generate a random integer between two integers ``min`` and ``max`` inclusive
while observing the provided ``step`` value.</doc>
<status status="NOT RUN" starttime="20231125 00:20:15.943" endtime="20231125 00:20:15.944"/>
</kw>
<kw name="Convert To String" library="BuiltIn">
<var>${new_text}</var>
<arg>${new_text}</arg>
<doc>Converts the given item to a Unicode string.</doc>
<status status="NOT RUN" starttime="20231125 00:20:15.945" endtime="20231125 00:20:15.946"/>
</kw>
<kw name="Catenate" library="BuiltIn">
<var>${new_text}</var>
<arg>SEPARATOR=</arg>
<arg>0</arg>
<arg>${new_text}</arg>
<doc>Catenates the given items together and returns the resulted string.</doc>
<status status="NOT RUN" starttime="20231125 00:20:15.947" endtime="20231125 00:20:15.948"/>
</kw>
<status status="NOT RUN" starttime="20231125 00:20:15.942" endtime="20231125 00:20:15.949"/>
</branch>
<branch type="ELSE IF" condition="${cnt} &gt; 0 and '${type}' == 'color'">
<kw name="Safe Hex Color" library="FakerLibrary">
<var>${new_text}</var>
<doc>Generate a web-safe color formatted as a hex triplet.</doc>
<status status="NOT RUN" starttime="20231125 00:20:15.950" endtime="20231125 00:20:15.951"/>
</kw>
<status status="NOT RUN" starttime="20231125 00:20:15.949" endtime="20231125 00:20:15.951"/>
</branch>
<branch type="ELSE IF" condition="${cnt} &gt; 0 and &quot;${type}&quot; == 'password'">
<kw name="Password" library="FakerLibrary">
<var>${new_text}</var>
<arg>10</arg>
<arg>True</arg>
<arg>True</arg>
<arg>True</arg>
<arg>True</arg>
<doc>Generate a random password of the specified ``length``.</doc>
<status status="NOT RUN" starttime="20231125 00:20:15.953" endtime="20231125 00:20:15.954"/>
</kw>
<status status="NOT RUN" starttime="20231125 00:20:15.952" endtime="20231125 00:20:15.958"/>
</branch>
<branch type="ELSE IF" condition="${cnt} &gt; 0 and '${type}' == 'date'">
<kw name="Date" library="FakerLibrary">
<var>${new_text}</var>
<arg>pattern=%d-%m-%Y</arg>
<doc>Get a date string between January 1, 1970 and now.</doc>
<status status="NOT RUN" starttime="20231125 00:20:15.960" endtime="20231125 00:20:15.961"/>
</kw>
<status status="NOT RUN" starttime="20231125 00:20:15.959" endtime="20231125 00:20:15.965"/>
</branch>
<branch type="ELSE IF" condition="${cnt} &gt; 0 and '${type}' == 'word'">
<kw name="Sentence" library="FakerLibrary">
<var>${new_text}</var>
<arg>nb_words=2</arg>
<doc>Generate a sentence.</doc>
<status status="NOT RUN" starttime="20231125 00:20:15.970" endtime="20231125 00:20:15.974"/>
</kw>
<status status="NOT RUN" starttime="20231125 00:20:15.966" endtime="20231125 00:20:15.976"/>
</branch>
<branch type="ELSE IF" condition="${cnt} &gt; 0">
<kw name="Sentence" library="FakerLibrary">
<var>${new_text}</var>
<doc>Generate a sentence.</doc>
<status status="NOT RUN" starttime="20231125 00:20:15.992" endtime="20231125 00:20:16.002"/>
</kw>
<status status="NOT RUN" starttime="20231125 00:20:15.977" endtime="20231125 00:20:16.003"/>
</branch>
<status status="PASS" starttime="20231125 00:20:15.881" endtime="20231125 00:20:16.004"/>
</if>
<kw name="Get Length" library="BuiltIn">
<var>${cnt}</var>
<arg>${text}</arg>
<doc>Returns and logs the length of the given item as an integer.</doc>
<msg timestamp="20231125 00:20:16.012" level="INFO">Length is 15</msg>
<msg timestamp="20231125 00:20:16.014" level="INFO">${cnt} = 15</msg>
<status status="PASS" starttime="20231125 00:20:16.009" endtime="20231125 00:20:16.014"/>
</kw>
<if>
<branch type="IF" condition="${cnt} &gt; 0">
<kw name="Replace String" library="String">
<var>${text}</var>
<arg>${text}</arg>
<arg>${symbol}</arg>
<arg>${new_text}</arg>
<doc>Replaces ``search_for`` in the given ``string`` with ``replace_with``.</doc>
<msg timestamp="20231125 00:20:16.027" level="INFO">${text} = admin@gmail.com</msg>
<status status="PASS" starttime="20231125 00:20:16.018" endtime="20231125 00:20:16.028"/>
</kw>
<status status="PASS" starttime="20231125 00:20:16.015" endtime="20231125 00:20:16.030"/>
</branch>
<status status="PASS" starttime="20231125 00:20:16.015" endtime="20231125 00:20:16.031"/>
</if>
<msg timestamp="20231125 00:20:16.032" level="INFO">${text} = admin@gmail.com</msg>
<status status="PASS" starttime="20231125 00:20:15.832" endtime="20231125 00:20:16.032"/>
</kw>
<kw name="Get Element Form Item By Name" library="common">
<var>${element}</var>
<arg>${name}</arg>
<arg>//*[contains(@class, "ant-input")]</arg>
<msg timestamp="20231125 00:20:16.037" level="INFO">${element} = xpath=//*[contains(@class, "ant-form-item-label")]/label[text()="Email"]/../../*[contains(@class, "ant-form-item")]//*[contains(@class, "ant-input")]</msg>
<status status="PASS" starttime="20231125 00:20:16.034" endtime="20231125 00:20:16.037"/>
</kw>
<kw name="Click" library="Browser">
<arg>${element}</arg>
<tag>PageContent</tag>
<tag>Setter</tag>
<doc>Simulates mouse click on the element found by ``selector``.</doc>
<status status="PASS" starttime="20231125 00:20:16.042" endtime="20231125 00:20:16.284"/>
</kw>
<kw name="Clear Text" library="Browser">
<arg>${element}</arg>
<tag>PageContent</tag>
<tag>Setter</tag>
<doc>Clears the text field found by ``selector``.</doc>
<status status="PASS" starttime="20231125 00:20:16.285" endtime="20231125 00:20:16.389"/>
</kw>
<kw name="Fill Text" library="Browser">
<arg>${element}</arg>
<arg>${text}</arg>
<arg>True</arg>
<tag>PageContent</tag>
<tag>Setter</tag>
<doc>Clears and fills the given ``txt`` into the text field found by ``selector``.</doc>
<msg timestamp="20231125 00:20:16.395" level="INFO">Fills the text 'admin@gmail.com' in the given field.</msg>
<status status="PASS" starttime="20231125 00:20:16.393" endtime="20231125 00:20:16.464"/>
</kw>
<kw name="Get Text" library="Browser">
<var>${condition}</var>
<arg>${element}</arg>
<tag>Assertion</tag>
<tag>Getter</tag>
<tag>PageContent</tag>
<doc>Returns text attribute of the element found by ``selector``.</doc>
<msg timestamp="20231125 00:20:16.551" level="INFO">Text: 'admin@gmail.com'</msg>
<msg timestamp="20231125 00:20:16.552" level="INFO">${condition} = admin@gmail.com</msg>
<status status="PASS" starttime="20231125 00:20:16.467" endtime="20231125 00:20:16.553"/>
</kw>
<while condition="'${condition}' != '${text}'" limit="10">
<iter>
<kw name="Fill Text" library="Browser">
<arg>${element}</arg>
<arg>${text}</arg>
<tag>PageContent</tag>
<tag>Setter</tag>
<doc>Clears and fills the given ``txt`` into the text field found by ``selector``.</doc>
<status status="NOT RUN" starttime="20231125 00:20:16.557" endtime="20231125 00:20:16.558"/>
</kw>
<kw name="Get Text" library="Browser">
<var>${condition}</var>
<arg>${element}</arg>
<tag>Assertion</tag>
<tag>Getter</tag>
<tag>PageContent</tag>
<doc>Returns text attribute of the element found by ``selector``.</doc>
<status status="NOT RUN" starttime="20231125 00:20:16.559" endtime="20231125 00:20:16.560"/>
</kw>
<status status="NOT RUN" starttime="20231125 00:20:16.553" endtime="20231125 00:20:16.560"/>
</iter>
<status status="NOT RUN" starttime="20231125 00:20:16.553" endtime="20231125 00:20:16.561"/>
</while>
<kw name="Scroll To Element" library="Browser">
<arg>${element}</arg>
<tag>PageContent</tag>
<tag>Setter</tag>
<doc>This method waits for actionability checks, then tries to scroll element into view,
unless it is completely visible.</doc>
<status status="PASS" starttime="20231125 00:20:16.562" endtime="20231125 00:20:16.635"/>
</kw>
<kw name="Get Length" library="BuiltIn">
<var>${cnt}</var>
<arg>${text}</arg>
<doc>Returns and logs the length of the given item as an integer.</doc>
<msg timestamp="20231125 00:20:16.637" level="INFO">Length is 15</msg>
<msg timestamp="20231125 00:20:16.638" level="INFO">${cnt} = 15</msg>
<status status="PASS" starttime="20231125 00:20:16.636" endtime="20231125 00:20:16.639"/>
</kw>
<if>
<branch type="IF" condition="${cnt} &gt; 0">
<kw name="Set Global Variable" library="BuiltIn">
<arg>\${STATE["${name}"]}</arg>
<arg>${text}</arg>
<doc>Makes a variable available globally in all tests and suites.</doc>
<msg timestamp="20231125 00:20:16.644" level="INFO">${STATE["Email"]} = admin@gmail.com</msg>
<status status="PASS" starttime="20231125 00:20:16.642" endtime="20231125 00:20:16.645"/>
</kw>
<status status="PASS" starttime="20231125 00:20:16.641" endtime="20231125 00:20:16.645"/>
</branch>
<status status="PASS" starttime="20231125 00:20:16.641" endtime="20231125 00:20:16.646"/>
</if>
<kw name="Wait Until Network Is Idle" library="Browser">
<tag>HTTP</tag>
<tag>Wait</tag>
<doc>Waits until there has been at least one instance of 500 ms of no network traffic on the page after loading.</doc>
<status status="PASS" starttime="20231125 00:20:16.646" endtime="20231125 00:20:16.663"/>
</kw>
<status status="PASS" starttime="20231125 00:20:15.830" endtime="20231125 00:20:16.664"/>
</kw>
<kw name="Enter &quot;password&quot; in &quot;Mật khẩu&quot; with &quot;123123&quot;" library="common" sourcename="Enter &quot;${type}&quot; in &quot;${name}&quot; with &quot;${text}&quot;">
<kw name="Get Random Text" library="common">
<var>${text}</var>
<arg>${type}</arg>
<arg>${text}</arg>
<kw name="Set Variable" library="BuiltIn">
<var>${symbol}</var>
<arg>_RANDOM_</arg>
<doc>Returns the given values which can then be assigned to a variables.</doc>
<msg timestamp="20231125 00:20:16.668" level="INFO">${symbol} = _RANDOM_</msg>
<status status="PASS" starttime="20231125 00:20:16.667" endtime="20231125 00:20:16.669"/>
</kw>
<kw name="Set Variable" library="BuiltIn">
<var>${new_text}</var>
<doc>Returns the given values which can then be assigned to a variables.</doc>
<msg timestamp="20231125 00:20:16.670" level="INFO">${new_text} = </msg>
<status status="PASS" starttime="20231125 00:20:16.669" endtime="20231125 00:20:16.671"/>
</kw>
<kw name="Get Regexp Matches" library="String">
<var>${containsS}</var>
<arg>${text}</arg>
<arg>_@(.+)@_</arg>
<arg>1</arg>
<doc>Returns a list of all non-overlapping matches in the given string.</doc>
<msg timestamp="20231125 00:20:16.675" level="INFO">${containsS} = []</msg>
<status status="PASS" starttime="20231125 00:20:16.673" endtime="20231125 00:20:16.675"/>
</kw>
<kw name="Get Length" library="BuiltIn">
<var>${cntS}</var>
<arg>${containsS}</arg>
<doc>Returns and logs the length of the given item as an integer.</doc>
<msg timestamp="20231125 00:20:16.678" level="INFO">Length is 0</msg>
<msg timestamp="20231125 00:20:16.678" level="INFO">${cntS} = 0</msg>
<status status="PASS" starttime="20231125 00:20:16.677" endtime="20231125 00:20:16.679"/>
</kw>
<kw name="Get Regexp Matches" library="String">
<var>${contains}</var>
<arg>${text}</arg>
<arg>${symbol}</arg>
<doc>Returns a list of all non-overlapping matches in the given string.</doc>
<msg timestamp="20231125 00:20:16.680" level="INFO">${contains} = []</msg>
<status status="PASS" starttime="20231125 00:20:16.679" endtime="20231125 00:20:16.681"/>
</kw>
<kw name="Get Length" library="BuiltIn">
<var>${cnt}</var>
<arg>${contains}</arg>
<doc>Returns and logs the length of the given item as an integer.</doc>
<msg timestamp="20231125 00:20:16.682" level="INFO">Length is 0</msg>
<msg timestamp="20231125 00:20:16.682" level="INFO">${cnt} = 0</msg>
<status status="PASS" starttime="20231125 00:20:16.681" endtime="20231125 00:20:16.683"/>
</kw>
<if>
<branch type="IF" condition="${cntS} &gt; 0">
<kw name="Set Variable" library="BuiltIn">
<var>${new_text}</var>
<arg>${STATE["${containsS[0]}"]}</arg>
<doc>Returns the given values which can then be assigned to a variables.</doc>
<status status="NOT RUN" starttime="20231125 00:20:16.684" endtime="20231125 00:20:16.685"/>
</kw>
<kw name="Set Variable" library="BuiltIn">
<var>${symbol}</var>
<arg>_@${containsS[0]}@_</arg>
<doc>Returns the given values which can then be assigned to a variables.</doc>
<status status="NOT RUN" starttime="20231125 00:20:16.685" endtime="20231125 00:20:16.686"/>
</kw>
<status status="NOT RUN" starttime="20231125 00:20:16.683" endtime="20231125 00:20:16.686"/>
</branch>
<branch type="ELSE IF" condition="${cnt} &gt; 0 and '${type}' == 'test name'">
<kw name="Sentence" library="FakerLibrary">
<var>${random}</var>
<arg>nb_words=3</arg>
<doc>Generate a sentence.</doc>
<status status="NOT RUN" starttime="20231125 00:20:16.691" endtime="20231125 00:20:16.692"/>
</kw>
<kw name="Split String" library="String">
<var>${words}</var>
<arg>${TEST NAME}</arg>
<arg>${SPACE}</arg>
<doc>Splits the ``string`` using ``separator`` as a delimiter string.</doc>
<status status="NOT RUN" starttime="20231125 00:20:16.693" endtime="20231125 00:20:16.694"/>
</kw>
<kw name="Set Variable" library="BuiltIn">
<var>${new_text}</var>
<arg>${words[0]} ${random}</arg>
<doc>Returns the given values which can then be assigned to a variables.</doc>
<status status="NOT RUN" starttime="20231125 00:20:16.695" endtime="20231125 00:20:16.695"/>
</kw>
<status status="NOT RUN" starttime="20231125 00:20:16.687" endtime="20231125 00:20:16.696"/>
</branch>
<branch type="ELSE IF" condition="${cnt} &gt; 0 and '${type}' == 'number'">
<kw name="Random Int" library="FakerLibrary">
<var>${new_text}</var>
<doc>Generate a random integer between two integers ``min`` and ``max`` inclusive
while observing the provided ``step`` value.</doc>
<status status="NOT RUN" starttime="20231125 00:20:16.697" endtime="20231125 00:20:16.698"/>
</kw>
<kw name="Convert To String" library="BuiltIn">
<var>${new_text}</var>
<arg>${new_text}</arg>
<doc>Converts the given item to a Unicode string.</doc>
<status status="NOT RUN" starttime="20231125 00:20:16.699" endtime="20231125 00:20:16.699"/>
</kw>
<status status="NOT RUN" starttime="20231125 00:20:16.696" endtime="20231125 00:20:16.700"/>
</branch>
<branch type="ELSE IF" condition="${cnt} &gt; 0 and '${type}' == 'percentage'">
<kw name="Random Int" library="FakerLibrary">
<var>${new_text}</var>
<arg>max=100</arg>
<doc>Generate a random integer between two integers ``min`` and ``max`` inclusive
while observing the provided ``step`` value.</doc>
<status status="NOT RUN" starttime="20231125 00:20:16.702" endtime="20231125 00:20:16.702"/>
</kw>
<kw name="Convert To String" library="BuiltIn">
<var>${new_text}</var>
<arg>${new_text}</arg>
<doc>Converts the given item to a Unicode string.</doc>
<status status="NOT RUN" starttime="20231125 00:20:16.703" endtime="20231125 00:20:16.704"/>
</kw>
<status status="NOT RUN" starttime="20231125 00:20:16.700" endtime="20231125 00:20:16.704"/>
</branch>
<branch type="ELSE IF" condition="${cnt} &gt; 0 and '${type}' == 'paragraph'">
<kw name="Paragraph" library="FakerLibrary">
<var>${new_text}</var>
<doc>Generate a paragraph.</doc>
<status status="NOT RUN" starttime="20231125 00:20:16.710" endtime="20231125 00:20:16.710"/>
</kw>
<status status="NOT RUN" starttime="20231125 00:20:16.708" endtime="20231125 00:20:16.711"/>
</branch>
<branch type="ELSE IF" condition="${cnt} &gt; 0 and '${type}' == 'email'">
<kw name="Email" library="FakerLibrary">
<var>${new_text}</var>
<status status="NOT RUN" starttime="20231125 00:20:16.712" endtime="20231125 00:20:16.713"/>
</kw>
<status status="NOT RUN" starttime="20231125 00:20:16.711" endtime="20231125 00:20:16.713"/>
</branch>
<branch type="ELSE IF" condition="${cnt} &gt; 0 and '${type}' == 'phone'">
<kw name="Random Int" library="FakerLibrary">
<var>${new_text}</var>
<arg>min=2000000000</arg>
<arg>max=9999999999</arg>
<doc>Generate a random integer between two integers ``min`` and ``max`` inclusive
while observing the provided ``step`` value.</doc>
<status status="NOT RUN" starttime="20231125 00:20:16.715" endtime="20231125 00:20:16.716"/>
</kw>
<kw name="Convert To String" library="BuiltIn">
<var>${new_text}</var>
<arg>${new_text}</arg>
<doc>Converts the given item to a Unicode string.</doc>
<status status="NOT RUN" starttime="20231125 00:20:16.717" endtime="20231125 00:20:16.717"/>
</kw>
<kw name="Catenate" library="BuiltIn">
<var>${new_text}</var>
<arg>SEPARATOR=</arg>
<arg>0</arg>
<arg>${new_text}</arg>
<doc>Catenates the given items together and returns the resulted string.</doc>
<status status="NOT RUN" starttime="20231125 00:20:16.718" endtime="20231125 00:20:16.719"/>
</kw>
<status status="NOT RUN" starttime="20231125 00:20:16.714" endtime="20231125 00:20:16.719"/>
</branch>
<branch type="ELSE IF" condition="${cnt} &gt; 0 and '${type}' == 'color'">
<kw name="Safe Hex Color" library="FakerLibrary">
<var>${new_text}</var>
<doc>Generate a web-safe color formatted as a hex triplet.</doc>
<status status="NOT RUN" starttime="20231125 00:20:16.726" endtime="20231125 00:20:16.727"/>
</kw>
<status status="NOT RUN" starttime="20231125 00:20:16.720" endtime="20231125 00:20:16.727"/>
</branch>
<branch type="ELSE IF" condition="${cnt} &gt; 0 and &quot;${type}&quot; == 'password'">
<kw name="Password" library="FakerLibrary">
<var>${new_text}</var>
<arg>10</arg>
<arg>True</arg>
<arg>True</arg>
<arg>True</arg>
<arg>True</arg>
<doc>Generate a random password of the specified ``length``.</doc>
<status status="NOT RUN" starttime="20231125 00:20:16.729" endtime="20231125 00:20:16.729"/>
</kw>
<status status="NOT RUN" starttime="20231125 00:20:16.728" endtime="20231125 00:20:16.730"/>
</branch>
<branch type="ELSE IF" condition="${cnt} &gt; 0 and '${type}' == 'date'">
<kw name="Date" library="FakerLibrary">
<var>${new_text}</var>
<arg>pattern=%d-%m-%Y</arg>
<doc>Get a date string between January 1, 1970 and now.</doc>
<status status="NOT RUN" starttime="20231125 00:20:16.731" endtime="20231125 00:20:16.732"/>
</kw>
<status status="NOT RUN" starttime="20231125 00:20:16.730" endtime="20231125 00:20:16.732"/>
</branch>
<branch type="ELSE IF" condition="${cnt} &gt; 0 and '${type}' == 'word'">
<kw name="Sentence" library="FakerLibrary">
<var>${new_text}</var>
<arg>nb_words=2</arg>
<doc>Generate a sentence.</doc>
<status status="NOT RUN" starttime="20231125 00:20:16.733" endtime="20231125 00:20:16.734"/>
</kw>
<status status="NOT RUN" starttime="20231125 00:20:16.733" endtime="20231125 00:20:16.734"/>
</branch>
<branch type="ELSE IF" condition="${cnt} &gt; 0">
<kw name="Sentence" library="FakerLibrary">
<var>${new_text}</var>
<doc>Generate a sentence.</doc>
<status status="NOT RUN" starttime="20231125 00:20:16.736" endtime="20231125 00:20:16.736"/>
</kw>
<status status="NOT RUN" starttime="20231125 00:20:16.735" endtime="20231125 00:20:16.737"/>
</branch>
<status status="PASS" starttime="20231125 00:20:16.683" endtime="20231125 00:20:16.737"/>
</if>
<kw name="Get Length" library="BuiltIn">
<var>${cnt}</var>
<arg>${text}</arg>
<doc>Returns and logs the length of the given item as an integer.</doc>
<msg timestamp="20231125 00:20:16.742" level="INFO">Length is 6</msg>
<msg timestamp="20231125 00:20:16.743" level="INFO">${cnt} = 6</msg>
<status status="PASS" starttime="20231125 00:20:16.737" endtime="20231125 00:20:16.743"/>
</kw>
<if>
<branch type="IF" condition="${cnt} &gt; 0">
<kw name="Replace String" library="String">
<var>${text}</var>
<arg>${text}</arg>
<arg>${symbol}</arg>
<arg>${new_text}</arg>
<doc>Replaces ``search_for`` in the given ``string`` with ``replace_with``.</doc>
<msg timestamp="20231125 00:20:16.746" level="INFO">${text} = 123123</msg>
<status status="PASS" starttime="20231125 00:20:16.745" endtime="20231125 00:20:16.746"/>
</kw>
<status status="PASS" starttime="20231125 00:20:16.744" endtime="20231125 00:20:16.747"/>
</branch>
<status status="PASS" starttime="20231125 00:20:16.744" endtime="20231125 00:20:16.747"/>
</if>
<msg timestamp="20231125 00:20:16.748" level="INFO">${text} = 123123</msg>
<status status="PASS" starttime="20231125 00:20:16.666" endtime="20231125 00:20:16.748"/>
</kw>
<kw name="Get Element Form Item By Name" library="common">
<var>${element}</var>
<arg>${name}</arg>
<arg>//*[contains(@class, "ant-input")]</arg>
<msg timestamp="20231125 00:20:16.750" level="INFO">${element} = xpath=//*[contains(@class, "ant-form-item-label")]/label[text()="Mật khẩu"]/../../*[contains(@class, "ant-form-item")]//*[contains(@class, "ant-input")]</msg>
<status status="PASS" starttime="20231125 00:20:16.749" endtime="20231125 00:20:16.750"/>
</kw>
<kw name="Click" library="Browser">
<arg>${element}</arg>
<tag>PageContent</tag>
<tag>Setter</tag>
<doc>Simulates mouse click on the element found by ``selector``.</doc>
<status status="PASS" starttime="20231125 00:20:16.751" endtime="20231125 00:20:16.842"/>
</kw>
<kw name="Clear Text" library="Browser">
<arg>${element}</arg>
<tag>PageContent</tag>
<tag>Setter</tag>
<doc>Clears the text field found by ``selector``.</doc>
<status status="PASS" starttime="20231125 00:20:16.843" endtime="20231125 00:20:16.885"/>
</kw>
<kw name="Fill Text" library="Browser">
<arg>${element}</arg>
<arg>${text}</arg>
<arg>True</arg>
<tag>PageContent</tag>
<tag>Setter</tag>
<doc>Clears and fills the given ``txt`` into the text field found by ``selector``.</doc>
<msg timestamp="20231125 00:20:16.887" level="INFO">Fills the text '123123' in the given field.</msg>
<status status="PASS" starttime="20231125 00:20:16.886" endtime="20231125 00:20:16.947"/>
</kw>
<kw name="Get Text" library="Browser">
<var>${condition}</var>
<arg>${element}</arg>
<tag>Assertion</tag>
<tag>Getter</tag>
<tag>PageContent</tag>
<doc>Returns text attribute of the element found by ``selector``.</doc>
<msg timestamp="20231125 00:20:16.997" level="INFO">Text: '123123'</msg>
<msg timestamp="20231125 00:20:16.997" level="INFO">${condition} = 123123</msg>
<status status="PASS" starttime="20231125 00:20:16.948" endtime="20231125 00:20:16.998"/>
</kw>
<while condition="'${condition}' != '${text}'" limit="10">
<iter>
<kw name="Fill Text" library="Browser">
<arg>${element}</arg>
<arg>${text}</arg>
<tag>PageContent</tag>
<tag>Setter</tag>
<doc>Clears and fills the given ``txt`` into the text field found by ``selector``.</doc>
<status status="NOT RUN" starttime="20231125 00:20:17.000" endtime="20231125 00:20:17.001"/>
</kw>
<kw name="Get Text" library="Browser">
<var>${condition}</var>
<arg>${element}</arg>
<tag>Assertion</tag>
<tag>Getter</tag>
<tag>PageContent</tag>
<doc>Returns text attribute of the element found by ``selector``.</doc>
<status status="NOT RUN" starttime="20231125 00:20:17.001" endtime="20231125 00:20:17.002"/>
</kw>
<status status="NOT RUN" starttime="20231125 00:20:16.998" endtime="20231125 00:20:17.002"/>
</iter>
<status status="NOT RUN" starttime="20231125 00:20:16.998" endtime="20231125 00:20:17.003"/>
</while>
<kw name="Scroll To Element" library="Browser">
<arg>${element}</arg>
<tag>PageContent</tag>
<tag>Setter</tag>
<doc>This method waits for actionability checks, then tries to scroll element into view,
unless it is completely visible.</doc>
<status status="PASS" starttime="20231125 00:20:17.004" endtime="20231125 00:20:17.070"/>
</kw>
<kw name="Get Length" library="BuiltIn">
<var>${cnt}</var>
<arg>${text}</arg>
<doc>Returns and logs the length of the given item as an integer.</doc>
<msg timestamp="20231125 00:20:17.074" level="INFO">Length is 6</msg>
<msg timestamp="20231125 00:20:17.075" level="INFO">${cnt} = 6</msg>
<status status="PASS" starttime="20231125 00:20:17.071" endtime="20231125 00:20:17.075"/>
</kw>
<if>
<branch type="IF" condition="${cnt} &gt; 0">
<kw name="Set Global Variable" library="BuiltIn">
<arg>\${STATE["${name}"]}</arg>
<arg>${text}</arg>
<doc>Makes a variable available globally in all tests and suites.</doc>
<msg timestamp="20231125 00:20:17.080" level="INFO">${STATE["Mật khẩu"]} = 123123</msg>
<status status="PASS" starttime="20231125 00:20:17.079" endtime="20231125 00:20:17.081"/>
</kw>
<status status="PASS" starttime="20231125 00:20:17.077" endtime="20231125 00:20:17.081"/>
</branch>
<status status="PASS" starttime="20231125 00:20:17.076" endtime="20231125 00:20:17.082"/>
</if>
<kw name="Wait Until Network Is Idle" library="Browser">
<tag>HTTP</tag>
<tag>Wait</tag>
<doc>Waits until there has been at least one instance of 500 ms of no network traffic on the page after loading.</doc>
<status status="PASS" starttime="20231125 00:20:17.083" endtime="20231125 00:20:17.096"/>
</kw>
<status status="PASS" starttime="20231125 00:20:16.664" endtime="20231125 00:20:17.097"/>
</kw>
<kw name="Click &quot;Đăng nhập&quot; button" library="common" sourcename="Click &quot;${text}&quot; button">
<kw name="Sleep" library="BuiltIn">
<arg>${SHOULD_TIMEOUT}</arg>
<doc>Pauses the test executed for the given time.</doc>
<msg timestamp="20231125 00:20:17.202" level="INFO">Slept 100 milliseconds</msg>
<status status="PASS" starttime="20231125 00:20:17.100" endtime="20231125 00:20:17.202"/>
</kw>
<kw name="Get Element Count" library="Browser">
<var>${cnt}</var>
<arg>//button[@title = "${text}"]</arg>
<tag>Assertion</tag>
<tag>Getter</tag>
<tag>PageContent</tag>
<doc>Returns the count of elements found with ``selector``.</doc>
<msg timestamp="20231125 00:20:17.217" level="INFO">${cnt} = 1</msg>
<status status="PASS" starttime="20231125 00:20:17.203" endtime="20231125 00:20:17.217"/>
</kw>
<if>
<branch type="IF" condition="${cnt} &gt; 0">
<kw name="Click" library="Browser">
<arg>xpath=//button[@title = "${text}"]</arg>
<tag>PageContent</tag>
<tag>Setter</tag>
<doc>Simulates mouse click on the element found by ``selector``.</doc>
<status status="PASS" starttime="20231125 00:20:17.218" endtime="20231125 00:20:17.339"/>
</kw>
<kw name="Click Confirm To Action" library="common">
<kw name="Set Variable" library="BuiltIn">
<var>${element}</var>
<arg>xpath=//*[contains(@class, "ant-popover")]//*[contains(@class, "ant-btn-primary")]</arg>
<doc>Returns the given values which can then be assigned to a variables.</doc>
<msg timestamp="20231125 00:20:17.344" level="INFO">${element} = xpath=//*[contains(@class, "ant-popover")]//*[contains(@class, "ant-btn-primary")]</msg>
<status status="PASS" starttime="20231125 00:20:17.343" endtime="20231125 00:20:17.344"/>
</kw>
<kw name="Get Element Count" library="Browser">
<var>${count}</var>
<arg>${element}</arg>
<tag>Assertion</tag>
<tag>Getter</tag>
<tag>PageContent</tag>
<doc>Returns the count of elements found with ``selector``.</doc>
<msg timestamp="20231125 00:20:17.356" level="INFO">${count} = 0</msg>
<status status="PASS" starttime="20231125 00:20:17.345" endtime="20231125 00:20:17.357"/>
</kw>
<if>
<branch type="IF" condition="${count} &gt; 0">
<kw name="Click" library="Browser">
<arg>${element}</arg>
<tag>PageContent</tag>
<tag>Setter</tag>
<doc>Simulates mouse click on the element found by ``selector``.</doc>
<status status="NOT RUN" starttime="20231125 00:20:17.360" endtime="20231125 00:20:17.363"/>
</kw>
<kw name="Sleep" library="BuiltIn">
<arg>${SHOULD_TIMEOUT}</arg>
<doc>Pauses the test executed for the given time.</doc>
<status status="NOT RUN" starttime="20231125 00:20:17.364" endtime="20231125 00:20:17.365"/>
</kw>
<kw name="Wait Until Element Spin" library="common">
<status status="NOT RUN" starttime="20231125 00:20:17.367" endtime="20231125 00:20:17.367"/>
</kw>
<status status="NOT RUN" starttime="20231125 00:20:17.358" endtime="20231125 00:20:17.368"/>
</branch>
<status status="PASS" starttime="20231125 00:20:17.358" endtime="20231125 00:20:17.368"/>
</if>
<status status="PASS" starttime="20231125 00:20:17.341" endtime="20231125 00:20:17.369"/>
</kw>
<kw name="Scroll By" library="Browser">
<arg>${None}</arg>
<tag>PageContent</tag>
<tag>Setter</tag>
<doc>Scrolls an element or the page relative from current position by the given values.</doc>
<msg timestamp="20231125 00:20:17.420" level="INFO">JavaScript executed successfully.</msg>
<msg timestamp="20231125 00:20:17.429" level="INFO">JavaScript executed successfully.</msg>
<msg timestamp="20231125 00:20:17.454" level="INFO">JavaScript executed successfully.</msg>
<msg timestamp="20231125 00:20:17.457" level="INFO">JavaScript executed successfully.</msg>
<msg timestamp="20231125 00:20:17.467" level="INFO">JavaScript executed successfully.</msg>
<status status="PASS" starttime="20231125 00:20:17.370" endtime="20231125 00:20:17.468"/>
</kw>
<status status="PASS" starttime="20231125 00:20:17.218" endtime="20231125 00:20:17.469"/>
</branch>
<branch type="ELSE">
<kw name="Click" library="Browser">
<arg>//span[contains(text(),"${text}")]</arg>
<tag>PageContent</tag>
<tag>Setter</tag>
<doc>Simulates mouse click on the element found by ``selector``.</doc>
<status status="NOT RUN" starttime="20231125 00:20:17.470" endtime="20231125 00:20:17.473"/>
</kw>
<kw name="Click Confirm To Action" library="common">
<status status="NOT RUN" starttime="20231125 00:20:17.474" endtime="20231125 00:20:17.474"/>
</kw>
<kw name="Scroll By" library="Browser">
<arg>${None}</arg>
<tag>PageContent</tag>
<tag>Setter</tag>
<doc>Scrolls an element or the page relative from current position by the given values.</doc>
<status status="NOT RUN" starttime="20231125 00:20:17.475" endtime="20231125 00:20:17.476"/>
</kw>
<status status="NOT RUN" starttime="20231125 00:20:17.469" endtime="20231125 00:20:17.476"/>
</branch>
<status status="PASS" starttime="20231125 00:20:17.218" endtime="20231125 00:20:17.477"/>
</if>
<kw name="Wait Until Network Is Idle" library="Browser">
<tag>HTTP</tag>
<tag>Wait</tag>
<doc>Waits until there has been at least one instance of 500 ms of no network traffic on the page after loading.</doc>
<status status="PASS" starttime="20231125 00:20:17.478" endtime="20231125 00:20:17.484"/>
</kw>
<status status="PASS" starttime="20231125 00:20:17.098" endtime="20231125 00:20:17.485"/>
</kw>
<kw name="User look message &quot;Success&quot; popup" library="common" sourcename="User look message &quot;${message}&quot; popup">
<kw name="Get Regexp Matches" library="String">
<var>${contains}</var>
<arg>${message}</arg>
<arg>_@(.+)@_</arg>
<arg>1</arg>
<doc>Returns a list of all non-overlapping matches in the given string.</doc>
<msg timestamp="20231125 00:20:17.490" level="INFO">${contains} = []</msg>
<status status="PASS" starttime="20231125 00:20:17.487" endtime="20231125 00:20:17.491"/>
</kw>
<kw name="Get Length" library="BuiltIn">
<var>${cnt}</var>
<arg>${contains}</arg>
<doc>Returns and logs the length of the given item as an integer.</doc>
<msg timestamp="20231125 00:20:17.492" level="INFO">Length is 0</msg>
<msg timestamp="20231125 00:20:17.493" level="INFO">${cnt} = 0</msg>
<status status="PASS" starttime="20231125 00:20:17.492" endtime="20231125 00:20:17.493"/>
</kw>
<if>
<branch type="IF" condition="${cnt} &gt; 0">
<kw name="Replace String" library="String">
<var>${message}</var>
<arg>${message}</arg>
<arg>_@${contains[0]}@_</arg>
<arg>${STATE["${contains[0]}"]}</arg>
<doc>Replaces ``search_for`` in the given ``string`` with ``replace_with``.</doc>
<status status="NOT RUN" starttime="20231125 00:20:17.496" endtime="20231125 00:20:17.499"/>
</kw>
<status status="NOT RUN" starttime="20231125 00:20:17.494" endtime="20231125 00:20:17.500"/>
</branch>
<status status="PASS" starttime="20231125 00:20:17.494" endtime="20231125 00:20:17.504"/>
</if>
<kw name="Wait Until Keyword Succeeds" library="BuiltIn">
<arg>${SHOULD_TIMEOUT}</arg>
<arg>${TIME_TRY}</arg>
<arg>Element Text Should Be</arg>
<arg>id=swal2-html-container</arg>
<arg>${message}</arg>
<doc>Runs the specified keyword and retries if it fails.</doc>
<kw name="Element Text Should Be" library="common">
<arg>id=swal2-html-container</arg>
<arg>${message}</arg>
<kw name="Get Text" library="Browser">
<arg>${locator}</arg>
<arg>equal</arg>
<arg>${expected}</arg>
<arg>${message}</arg>
<tag>Assertion</tag>
<tag>Getter</tag>
<tag>PageContent</tag>
<doc>Returns text attribute of the element found by ``selector``.</doc>
<msg timestamp="20231125 00:20:18.109" level="INFO">Text: 'Success'</msg>
<status status="PASS" starttime="20231125 00:20:17.516" endtime="20231125 00:20:18.109"/>
</kw>
<status status="PASS" starttime="20231125 00:20:17.512" endtime="20231125 00:20:18.110"/>
</kw>
<status status="PASS" starttime="20231125 00:20:17.509" endtime="20231125 00:20:18.111"/>
</kw>
<kw name="Set Variable" library="BuiltIn">
<var>${element}</var>
<arg>xpath=//*[contains(@class, "swal2-confirm")]</arg>
<doc>Returns the given values which can then be assigned to a variables.</doc>
<msg timestamp="20231125 00:20:18.112" level="INFO">${element} = xpath=//*[contains(@class, "swal2-confirm")]</msg>
<status status="PASS" starttime="20231125 00:20:18.112" endtime="20231125 00:20:18.113"/>
</kw>
<kw name="Run Keyword And Return Status" library="BuiltIn">
<var>${passed}</var>
<arg>Element Should Be Visible</arg>
<arg>${element}</arg>
<doc>Runs the given keyword with given arguments and returns the status as a Boolean value.</doc>
<kw name="Element Should Be Visible" library="common">
<arg>${element}</arg>
<kw name="Wait For Elements State" library="Browser">
<arg>${locator}</arg>
<arg>visible</arg>
<arg>${timeout}</arg>
<arg>${message}</arg>
<tag>PageContent</tag>
<tag>Wait</tag>
<doc>Waits for the element found by ``selector`` to satisfy state option.</doc>
<msg timestamp="20231125 00:20:18.511" level="INFO" html="true">&lt;/td&gt;&lt;/tr&gt;&lt;tr&gt;&lt;td colspan="3"&gt;&lt;a href="browser/screenshot/fail-screenshot-1.png" target="_blank"&gt;&lt;img src="browser/screenshot/fail-screenshot-1.png" width="800px"/&gt;&lt;/a&gt;</msg>
<msg timestamp="20231125 00:20:18.511" level="INFO">See also file:///D:/TESTER/Automation/playwright-log.txt for additional details.</msg>
<msg timestamp="20231125 00:20:18.512" level="FAIL">TimeoutError: locator.waitFor: Timeout 100ms exceeded.
=========================== logs ===========================
waiting for locator('xpath=//*[contains(@class, "swal2-confirm")]') to be visible
  locator resolved to hidden &lt;button type="button" aria-label="" class="swal2-confirm…&gt;OK&lt;/button&gt;
  locator resolved to hidden &lt;button type="button" aria-label="" class="swal2-confirm…&gt;OK&lt;/button&gt;
  locator resolved to hidden &lt;button type="button" aria-label="" class="swal2-confirm…&gt;OK&lt;/button&gt;
============================================================
Tip: Use "Set Browser Timeout" for increasing the timeout or double check your locator as the targeted element(s) couldn't be found.</msg>
<status status="FAIL" starttime="20231125 00:20:18.118" endtime="20231125 00:20:18.523"/>
</kw>
<status status="FAIL" starttime="20231125 00:20:18.115" endtime="20231125 00:20:18.524"/>
</kw>
<msg timestamp="20231125 00:20:18.525" level="INFO">${passed} = False</msg>
<status status="PASS" starttime="20231125 00:20:18.114" endtime="20231125 00:20:18.525"/>
</kw>
<if>
<branch type="IF" condition="'${passed}' == 'True'">
<kw name="Click" library="Browser">
<arg>${element}</arg>
<tag>PageContent</tag>
<tag>Setter</tag>
<doc>Simulates mouse click on the element found by ``selector``.</doc>
<status status="NOT RUN" starttime="20231125 00:20:18.528" endtime="20231125 00:20:18.530"/>
</kw>
<status status="NOT RUN" starttime="20231125 00:20:18.526" endtime="20231125 00:20:18.531"/>
</branch>
<status status="PASS" starttime="20231125 00:20:18.525" endtime="20231125 00:20:18.531"/>
</if>
<status status="PASS" starttime="20231125 00:20:17.486" endtime="20231125 00:20:18.532"/>
</kw>
<status status="PASS" starttime="20231125 00:20:15.828" endtime="20231125 00:20:18.532"/>
</kw>
<kw name="Click &quot;SUPERADMIN&quot; menu" library="common" sourcename="Click &quot;${text}&quot; menu">
<kw name="Click" library="Browser">
<arg>xpath=//li[contains(@class, "menu") and descendant::span[contains(text(), "${text}")]]</arg>
<tag>PageContent</tag>
<tag>Setter</tag>
<doc>Simulates mouse click on the element found by ``selector``.</doc>
<status status="PASS" starttime="20231125 00:20:18.534" endtime="20231125 00:20:19.548"/>
</kw>
<status status="PASS" starttime="20231125 00:20:18.533" endtime="20231125 00:20:19.548"/>
</kw>
<kw name="Click &quot;Phân quyền điều hướng&quot; sub menu to &quot;/navigation&quot;" library="common" sourcename="Click &quot;${text}&quot; sub menu to &quot;${url}&quot;">
<kw name="Wait Until Element Spin" library="common">
<kw name="Sleep" library="BuiltIn">
<arg>${SHOULD_TIMEOUT}</arg>
<doc>Pauses the test executed for the given time.</doc>
<msg timestamp="20231125 00:20:19.650" level="INFO">Slept 100 milliseconds</msg>
<status status="PASS" starttime="20231125 00:20:19.549" endtime="20231125 00:20:19.650"/>
</kw>
<kw name="Set Variable" library="BuiltIn">
<var>${element}</var>
<arg>xpath=//*[contains(@class, "ant-spin-spinning")]</arg>
<doc>Returns the given values which can then be assigned to a variables.</doc>
<msg timestamp="20231125 00:20:19.651" level="INFO">${element} = xpath=//*[contains(@class, "ant-spin-spinning")]</msg>
<status status="PASS" starttime="20231125 00:20:19.650" endtime="20231125 00:20:19.651"/>
</kw>
<kw name="Get Element Count" library="Browser">
<var>${count}</var>
<arg>${element}</arg>
<tag>Assertion</tag>
<tag>Getter</tag>
<tag>PageContent</tag>
<doc>Returns the count of elements found with ``selector``.</doc>
<msg timestamp="20231125 00:20:19.667" level="INFO">${count} = 0</msg>
<status status="PASS" starttime="20231125 00:20:19.651" endtime="20231125 00:20:19.667"/>
</kw>
<if>
<branch type="IF" condition="${count} &gt; 0">
<kw name="Wait Until Page Does Not Contain Element" library="common">
<arg>${element}</arg>
<status status="NOT RUN" starttime="20231125 00:20:19.669" endtime="20231125 00:20:19.670"/>
</kw>
<status status="NOT RUN" starttime="20231125 00:20:19.668" endtime="20231125 00:20:19.670"/>
</branch>
<status status="PASS" starttime="20231125 00:20:19.668" endtime="20231125 00:20:19.672"/>
</if>
<status status="PASS" starttime="20231125 00:20:19.549" endtime="20231125 00:20:19.673"/>
</kw>
<kw name="Click" library="Browser">
<arg>xpath=//a[contains(@class, "sub-menu") and descendant::span[contains(text(), "${text}")]]</arg>
<tag>PageContent</tag>
<tag>Setter</tag>
<doc>Simulates mouse click on the element found by ``selector``.</doc>
<status status="PASS" starttime="20231125 00:20:19.674" endtime="20231125 00:20:19.865"/>
</kw>
<kw name="Get Url" library="Browser">
<var>${curent_url}</var>
<tag>Assertion</tag>
<tag>Getter</tag>
<tag>PageContent</tag>
<doc>Returns the current URL.</doc>
<msg timestamp="20231125 00:20:19.873" level="INFO">${curent_url} = http://dev1.geneat.vn:7802/#/vn/navigation</msg>
<status status="PASS" starttime="20231125 00:20:19.866" endtime="20231125 00:20:19.873"/>
</kw>
<kw name="Should Contain" library="BuiltIn">
<arg>${curent_url}</arg>
<arg>${URL_DEFAULT}${url}</arg>
<doc>Fails if ``container`` does not contain ``item`` one or more times.</doc>
<status status="PASS" starttime="20231125 00:20:19.874" endtime="20231125 00:20:19.876"/>
</kw>
<status status="PASS" starttime="20231125 00:20:19.549" endtime="20231125 00:20:19.876"/>
</kw>
<status status="PASS" starttime="20231125 00:20:15.825" endtime="20231125 00:20:19.877"/>
</kw>
<kw name="Click &quot;Tạo mới&quot; button" library="common" sourcename="Click &quot;${text}&quot; button">
<kw name="Sleep" library="BuiltIn">
<arg>${SHOULD_TIMEOUT}</arg>
<doc>Pauses the test executed for the given time.</doc>
<msg timestamp="20231125 00:20:19.980" level="INFO">Slept 100 milliseconds</msg>
<status status="PASS" starttime="20231125 00:20:19.879" endtime="20231125 00:20:19.980"/>
</kw>
<kw name="Get Element Count" library="Browser">
<var>${cnt}</var>
<arg>//button[@title = "${text}"]</arg>
<tag>Assertion</tag>
<tag>Getter</tag>
<tag>PageContent</tag>
<doc>Returns the count of elements found with ``selector``.</doc>
<msg timestamp="20231125 00:20:19.992" level="INFO">${cnt} = 1</msg>
<status status="PASS" starttime="20231125 00:20:19.981" endtime="20231125 00:20:19.993"/>
</kw>
<if>
<branch type="IF" condition="${cnt} &gt; 0">
<kw name="Click" library="Browser">
<arg>xpath=//button[@title = "${text}"]</arg>
<tag>PageContent</tag>
<tag>Setter</tag>
<doc>Simulates mouse click on the element found by ``selector``.</doc>
<status status="PASS" starttime="20231125 00:20:19.995" endtime="20231125 00:20:22.044"/>
</kw>
<kw name="Click Confirm To Action" library="common">
<kw name="Set Variable" library="BuiltIn">
<var>${element}</var>
<arg>xpath=//*[contains(@class, "ant-popover")]//*[contains(@class, "ant-btn-primary")]</arg>
<doc>Returns the given values which can then be assigned to a variables.</doc>
<msg timestamp="20231125 00:20:22.047" level="INFO">${element} = xpath=//*[contains(@class, "ant-popover")]//*[contains(@class, "ant-btn-primary")]</msg>
<status status="PASS" starttime="20231125 00:20:22.046" endtime="20231125 00:20:22.048"/>
</kw>
<kw name="Get Element Count" library="Browser">
<var>${count}</var>
<arg>${element}</arg>
<tag>Assertion</tag>
<tag>Getter</tag>
<tag>PageContent</tag>
<doc>Returns the count of elements found with ``selector``.</doc>
<msg timestamp="20231125 00:20:22.062" level="INFO">${count} = 0</msg>
<status status="PASS" starttime="20231125 00:20:22.049" endtime="20231125 00:20:22.063"/>
</kw>
<if>
<branch type="IF" condition="${count} &gt; 0">
<kw name="Click" library="Browser">
<arg>${element}</arg>
<tag>PageContent</tag>
<tag>Setter</tag>
<doc>Simulates mouse click on the element found by ``selector``.</doc>
<status status="NOT RUN" starttime="20231125 00:20:22.064" endtime="20231125 00:20:22.065"/>
</kw>
<kw name="Sleep" library="BuiltIn">
<arg>${SHOULD_TIMEOUT}</arg>
<doc>Pauses the test executed for the given time.</doc>
<status status="NOT RUN" starttime="20231125 00:20:22.065" endtime="20231125 00:20:22.066"/>
</kw>
<kw name="Wait Until Element Spin" library="common">
<status status="NOT RUN" starttime="20231125 00:20:22.066" endtime="20231125 00:20:22.067"/>
</kw>
<status status="NOT RUN" starttime="20231125 00:20:22.063" endtime="20231125 00:20:22.067"/>
</branch>
<status status="PASS" starttime="20231125 00:20:22.063" endtime="20231125 00:20:22.068"/>
</if>
<status status="PASS" starttime="20231125 00:20:22.045" endtime="20231125 00:20:22.068"/>
</kw>
<kw name="Scroll By" library="Browser">
<arg>${None}</arg>
<tag>PageContent</tag>
<tag>Setter</tag>
<doc>Scrolls an element or the page relative from current position by the given values.</doc>
<msg timestamp="20231125 00:20:22.114" level="INFO">JavaScript executed successfully.</msg>
<msg timestamp="20231125 00:20:22.115" level="INFO">JavaScript executed successfully.</msg>
<msg timestamp="20231125 00:20:22.174" level="INFO">JavaScript executed successfully.</msg>
<msg timestamp="20231125 00:20:22.174" level="INFO">JavaScript executed successfully.</msg>
<msg timestamp="20231125 00:20:22.183" level="INFO">JavaScript executed successfully.</msg>
<status status="PASS" starttime="20231125 00:20:22.069" endtime="20231125 00:20:22.183"/>
</kw>
<status status="PASS" starttime="20231125 00:20:19.994" endtime="20231125 00:20:22.184"/>
</branch>
<branch type="ELSE">
<kw name="Click" library="Browser">
<arg>//span[contains(text(),"${text}")]</arg>
<tag>PageContent</tag>
<tag>Setter</tag>
<doc>Simulates mouse click on the element found by ``selector``.</doc>
<status status="NOT RUN" starttime="20231125 00:20:22.186" endtime="20231125 00:20:22.186"/>
</kw>
<kw name="Click Confirm To Action" library="common">
<status status="NOT RUN" starttime="20231125 00:20:22.187" endtime="20231125 00:20:22.188"/>
</kw>
<kw name="Scroll By" library="Browser">
<arg>${None}</arg>
<tag>PageContent</tag>
<tag>Setter</tag>
<doc>Scrolls an element or the page relative from current position by the given values.</doc>
<status status="NOT RUN" starttime="20231125 00:20:22.190" endtime="20231125 00:20:22.190"/>
</kw>
<status status="NOT RUN" starttime="20231125 00:20:22.185" endtime="20231125 00:20:22.191"/>
</branch>
<status status="PASS" starttime="20231125 00:20:19.993" endtime="20231125 00:20:22.192"/>
</if>
<kw name="Wait Until Network Is Idle" library="Browser">
<tag>HTTP</tag>
<tag>Wait</tag>
<doc>Waits until there has been at least one instance of 500 ms of no network traffic on the page after loading.</doc>
<status status="PASS" starttime="20231125 00:20:22.192" endtime="20231125 00:20:22.202"/>
</kw>
<status status="PASS" starttime="20231125 00:20:19.878" endtime="20231125 00:20:22.203"/>
</kw>
<status status="PASS" starttime="20231125 00:20:15.821" endtime="20231125 00:20:22.203"/>
</branch>
<status status="PASS" starttime="20231125 00:20:15.817" endtime="20231125 00:20:22.204"/>
</if>
<kw name="Enter &quot;test name&quot; in &quot;Tên điều hướng&quot; with &quot;_RANDOM_&quot;" library="common" sourcename="Enter &quot;${type}&quot; in &quot;${name}&quot; with &quot;${text}&quot;">
<kw name="Get Random Text" library="common">
<var>${text}</var>
<arg>${type}</arg>
<arg>${text}</arg>
<kw name="Set Variable" library="BuiltIn">
<var>${symbol}</var>
<arg>_RANDOM_</arg>
<doc>Returns the given values which can then be assigned to a variables.</doc>
<msg timestamp="20231125 00:20:22.210" level="INFO">${symbol} = _RANDOM_</msg>
<status status="PASS" starttime="20231125 00:20:22.209" endtime="20231125 00:20:22.211"/>
</kw>
<kw name="Set Variable" library="BuiltIn">
<var>${new_text}</var>
<doc>Returns the given values which can then be assigned to a variables.</doc>
<msg timestamp="20231125 00:20:22.214" level="INFO">${new_text} = </msg>
<status status="PASS" starttime="20231125 00:20:22.213" endtime="20231125 00:20:22.214"/>
</kw>
<kw name="Get Regexp Matches" library="String">
<var>${containsS}</var>
<arg>${text}</arg>
<arg>_@(.+)@_</arg>
<arg>1</arg>
<doc>Returns a list of all non-overlapping matches in the given string.</doc>
<msg timestamp="20231125 00:20:22.217" level="INFO">${containsS} = []</msg>
<status status="PASS" starttime="20231125 00:20:22.215" endtime="20231125 00:20:22.217"/>
</kw>
<kw name="Get Length" library="BuiltIn">
<var>${cntS}</var>
<arg>${containsS}</arg>
<doc>Returns and logs the length of the given item as an integer.</doc>
<msg timestamp="20231125 00:20:22.219" level="INFO">Length is 0</msg>
<msg timestamp="20231125 00:20:22.220" level="INFO">${cntS} = 0</msg>
<status status="PASS" starttime="20231125 00:20:22.218" endtime="20231125 00:20:22.220"/>
</kw>
<kw name="Get Regexp Matches" library="String">
<var>${contains}</var>
<arg>${text}</arg>
<arg>${symbol}</arg>
<doc>Returns a list of all non-overlapping matches in the given string.</doc>
<msg timestamp="20231125 00:20:22.227" level="INFO">${contains} = ['_RANDOM_']</msg>
<status status="PASS" starttime="20231125 00:20:22.221" endtime="20231125 00:20:22.228"/>
</kw>
<kw name="Get Length" library="BuiltIn">
<var>${cnt}</var>
<arg>${contains}</arg>
<doc>Returns and logs the length of the given item as an integer.</doc>
<msg timestamp="20231125 00:20:22.230" level="INFO">Length is 1</msg>
<msg timestamp="20231125 00:20:22.231" level="INFO">${cnt} = 1</msg>
<status status="PASS" starttime="20231125 00:20:22.229" endtime="20231125 00:20:22.231"/>
</kw>
<if>
<branch type="IF" condition="${cntS} &gt; 0">
<kw name="Set Variable" library="BuiltIn">
<var>${new_text}</var>
<arg>${STATE["${containsS[0]}"]}</arg>
<doc>Returns the given values which can then be assigned to a variables.</doc>
<status status="NOT RUN" starttime="20231125 00:20:22.233" endtime="20231125 00:20:22.234"/>
</kw>
<kw name="Set Variable" library="BuiltIn">
<var>${symbol}</var>
<arg>_@${containsS[0]}@_</arg>
<doc>Returns the given values which can then be assigned to a variables.</doc>
<status status="NOT RUN" starttime="20231125 00:20:22.235" endtime="20231125 00:20:22.236"/>
</kw>
<status status="NOT RUN" starttime="20231125 00:20:22.232" endtime="20231125 00:20:22.236"/>
</branch>
<branch type="ELSE IF" condition="${cnt} &gt; 0 and '${type}' == 'test name'">
<kw name="Sentence" library="FakerLibrary">
<var>${random}</var>
<arg>nb_words=3</arg>
<doc>Generate a sentence.</doc>
<msg timestamp="20231125 00:20:22.244" level="INFO">${random} = Assumenda atque.</msg>
<status status="PASS" starttime="20231125 00:20:22.242" endtime="20231125 00:20:22.245"/>
</kw>
<kw name="Split String" library="String">
<var>${words}</var>
<arg>${TEST NAME}</arg>
<arg>${SPACE}</arg>
<doc>Splits the ``string`` using ``separator`` as a delimiter string.</doc>
<msg timestamp="20231125 00:20:22.249" level="INFO">${words} = ['DH_28', 'Verify', 'the', 'search', 'function', 'when', 'enter', 'the', 'name', 'was', 'not', 'existed']</msg>
<status status="PASS" starttime="20231125 00:20:22.246" endtime="20231125 00:20:22.249"/>
</kw>
<kw name="Set Variable" library="BuiltIn">
<var>${new_text}</var>
<arg>${words[0]} ${random}</arg>
<doc>Returns the given values which can then be assigned to a variables.</doc>
<msg timestamp="20231125 00:20:22.261" level="INFO">${new_text} = DH_28 Assumenda atque.</msg>
<status status="PASS" starttime="20231125 00:20:22.254" endtime="20231125 00:20:22.262"/>
</kw>
<status status="PASS" starttime="20231125 00:20:22.237" endtime="20231125 00:20:22.262"/>
</branch>
<branch type="ELSE IF" condition="${cnt} &gt; 0 and '${type}' == 'number'">
<kw name="Random Int" library="FakerLibrary">
<var>${new_text}</var>
<doc>Generate a random integer between two integers ``min`` and ``max`` inclusive
while observing the provided ``step`` value.</doc>
<status status="NOT RUN" starttime="20231125 00:20:22.264" endtime="20231125 00:20:22.264"/>
</kw>
<kw name="Convert To String" library="BuiltIn">
<var>${new_text}</var>
<arg>${new_text}</arg>
<doc>Converts the given item to a Unicode string.</doc>
<status status="NOT RUN" starttime="20231125 00:20:22.267" endtime="20231125 00:20:22.268"/>
</kw>
<status status="NOT RUN" starttime="20231125 00:20:22.263" endtime="20231125 00:20:22.270"/>
</branch>
<branch type="ELSE IF" condition="${cnt} &gt; 0 and '${type}' == 'percentage'">
<kw name="Random Int" library="FakerLibrary">
<var>${new_text}</var>
<arg>max=100</arg>
<doc>Generate a random integer between two integers ``min`` and ``max`` inclusive
while observing the provided ``step`` value.</doc>
<status status="NOT RUN" starttime="20231125 00:20:22.276" endtime="20231125 00:20:22.278"/>
</kw>
<kw name="Convert To String" library="BuiltIn">
<var>${new_text}</var>
<arg>${new_text}</arg>
<doc>Converts the given item to a Unicode string.</doc>
<status status="NOT RUN" starttime="20231125 00:20:22.279" endtime="20231125 00:20:22.279"/>
</kw>
<status status="NOT RUN" starttime="20231125 00:20:22.275" endtime="20231125 00:20:22.280"/>
</branch>
<branch type="ELSE IF" condition="${cnt} &gt; 0 and '${type}' == 'paragraph'">
<kw name="Paragraph" library="FakerLibrary">
<var>${new_text}</var>
<doc>Generate a paragraph.</doc>
<status status="NOT RUN" starttime="20231125 00:20:22.282" endtime="20231125 00:20:22.282"/>
</kw>
<status status="NOT RUN" starttime="20231125 00:20:22.281" endtime="20231125 00:20:22.283"/>
</branch>
<branch type="ELSE IF" condition="${cnt} &gt; 0 and '${type}' == 'email'">
<kw name="Email" library="FakerLibrary">
<var>${new_text}</var>
<status status="NOT RUN" starttime="20231125 00:20:22.284" endtime="20231125 00:20:22.285"/>
</kw>
<status status="NOT RUN" starttime="20231125 00:20:22.283" endtime="20231125 00:20:22.285"/>
</branch>
<branch type="ELSE IF" condition="${cnt} &gt; 0 and '${type}' == 'phone'">
<kw name="Random Int" library="FakerLibrary">
<var>${new_text}</var>
<arg>min=2000000000</arg>
<arg>max=9999999999</arg>
<doc>Generate a random integer between two integers ``min`` and ``max`` inclusive
while observing the provided ``step`` value.</doc>
<status status="NOT RUN" starttime="20231125 00:20:22.287" endtime="20231125 00:20:22.287"/>
</kw>
<kw name="Convert To String" library="BuiltIn">
<var>${new_text}</var>
<arg>${new_text}</arg>
<doc>Converts the given item to a Unicode string.</doc>
<status status="NOT RUN" starttime="20231125 00:20:22.287" endtime="20231125 00:20:22.288"/>
</kw>
<kw name="Catenate" library="BuiltIn">
<var>${new_text}</var>
<arg>SEPARATOR=</arg>
<arg>0</arg>
<arg>${new_text}</arg>
<doc>Catenates the given items together and returns the resulted string.</doc>
<status status="NOT RUN" starttime="20231125 00:20:22.292" endtime="20231125 00:20:22.292"/>
</kw>
<status status="NOT RUN" starttime="20231125 00:20:22.286" endtime="20231125 00:20:22.293"/>
</branch>
<branch type="ELSE IF" condition="${cnt} &gt; 0 and '${type}' == 'color'">
<kw name="Safe Hex Color" library="FakerLibrary">
<var>${new_text}</var>
<doc>Generate a web-safe color formatted as a hex triplet.</doc>
<status status="NOT RUN" starttime="20231125 00:20:22.294" endtime="20231125 00:20:22.294"/>
</kw>
<status status="NOT RUN" starttime="20231125 00:20:22.293" endtime="20231125 00:20:22.294"/>
</branch>
<branch type="ELSE IF" condition="${cnt} &gt; 0 and &quot;${type}&quot; == 'password'">
<kw name="Password" library="FakerLibrary">
<var>${new_text}</var>
<arg>10</arg>
<arg>True</arg>
<arg>True</arg>
<arg>True</arg>
<arg>True</arg>
<doc>Generate a random password of the specified ``length``.</doc>
<status status="NOT RUN" starttime="20231125 00:20:22.295" endtime="20231125 00:20:22.295"/>
</kw>
<status status="NOT RUN" starttime="20231125 00:20:22.294" endtime="20231125 00:20:22.296"/>
</branch>
<branch type="ELSE IF" condition="${cnt} &gt; 0 and '${type}' == 'date'">
<kw name="Date" library="FakerLibrary">
<var>${new_text}</var>
<arg>pattern=%d-%m-%Y</arg>
<doc>Get a date string between January 1, 1970 and now.</doc>
<status status="NOT RUN" starttime="20231125 00:20:22.297" endtime="20231125 00:20:22.297"/>
</kw>
<status status="NOT RUN" starttime="20231125 00:20:22.296" endtime="20231125 00:20:22.298"/>
</branch>
<branch type="ELSE IF" condition="${cnt} &gt; 0 and '${type}' == 'word'">
<kw name="Sentence" library="FakerLibrary">
<var>${new_text}</var>
<arg>nb_words=2</arg>
<doc>Generate a sentence.</doc>
<status status="NOT RUN" starttime="20231125 00:20:22.299" endtime="20231125 00:20:22.299"/>
</kw>
<status status="NOT RUN" starttime="20231125 00:20:22.298" endtime="20231125 00:20:22.300"/>
</branch>
<branch type="ELSE IF" condition="${cnt} &gt; 0">
<kw name="Sentence" library="FakerLibrary">
<var>${new_text}</var>
<doc>Generate a sentence.</doc>
<status status="NOT RUN" starttime="20231125 00:20:22.301" endtime="20231125 00:20:22.301"/>
</kw>
<status status="NOT RUN" starttime="20231125 00:20:22.300" endtime="20231125 00:20:22.301"/>
</branch>
<status status="PASS" starttime="20231125 00:20:22.232" endtime="20231125 00:20:22.302"/>
</if>
<kw name="Get Length" library="BuiltIn">
<var>${cnt}</var>
<arg>${text}</arg>
<doc>Returns and logs the length of the given item as an integer.</doc>
<msg timestamp="20231125 00:20:22.302" level="INFO">Length is 8</msg>
<msg timestamp="20231125 00:20:22.303" level="INFO">${cnt} = 8</msg>
<status status="PASS" starttime="20231125 00:20:22.302" endtime="20231125 00:20:22.303"/>
</kw>
<if>
<branch type="IF" condition="${cnt} &gt; 0">
<kw name="Replace String" library="String">
<var>${text}</var>
<arg>${text}</arg>
<arg>${symbol}</arg>
<arg>${new_text}</arg>
<doc>Replaces ``search_for`` in the given ``string`` with ``replace_with``.</doc>
<msg timestamp="20231125 00:20:22.304" level="INFO">${text} = DH_28 Assumenda atque.</msg>
<status status="PASS" starttime="20231125 00:20:22.304" endtime="20231125 00:20:22.307"/>
</kw>
<status status="PASS" starttime="20231125 00:20:22.303" endtime="20231125 00:20:22.308"/>
</branch>
<status status="PASS" starttime="20231125 00:20:22.303" endtime="20231125 00:20:22.309"/>
</if>
<msg timestamp="20231125 00:20:22.309" level="INFO">${text} = DH_28 Assumenda atque.</msg>
<status status="PASS" starttime="20231125 00:20:22.207" endtime="20231125 00:20:22.310"/>
</kw>
<kw name="Get Element Form Item By Name" library="common">
<var>${element}</var>
<arg>${name}</arg>
<arg>//*[contains(@class, "ant-input")]</arg>
<msg timestamp="20231125 00:20:22.311" level="INFO">${element} = xpath=//*[contains(@class, "ant-form-item-label")]/label[text()="Tên điều hướng"]/../../*[contains(@class, "ant-form-item")]//*[contains(@class, "ant-input")]</msg>
<status status="PASS" starttime="20231125 00:20:22.310" endtime="20231125 00:20:22.311"/>
</kw>
<kw name="Click" library="Browser">
<arg>${element}</arg>
<tag>PageContent</tag>
<tag>Setter</tag>
<doc>Simulates mouse click on the element found by ``selector``.</doc>
<status status="PASS" starttime="20231125 00:20:22.311" endtime="20231125 00:20:22.406"/>
</kw>
<kw name="Clear Text" library="Browser">
<arg>${element}</arg>
<tag>PageContent</tag>
<tag>Setter</tag>
<doc>Clears the text field found by ``selector``.</doc>
<status status="PASS" starttime="20231125 00:20:22.408" endtime="20231125 00:20:22.451"/>
</kw>
<kw name="Fill Text" library="Browser">
<arg>${element}</arg>
<arg>${text}</arg>
<arg>True</arg>
<tag>PageContent</tag>
<tag>Setter</tag>
<doc>Clears and fills the given ``txt`` into the text field found by ``selector``.</doc>
<msg timestamp="20231125 00:20:22.454" level="INFO">Fills the text 'DH_28 Assumenda atque.' in the given field.</msg>
<status status="PASS" starttime="20231125 00:20:22.452" endtime="20231125 00:20:22.527"/>
</kw>
<kw name="Get Text" library="Browser">
<var>${condition}</var>
<arg>${element}</arg>
<tag>Assertion</tag>
<tag>Getter</tag>
<tag>PageContent</tag>
<doc>Returns text attribute of the element found by ``selector``.</doc>
<msg timestamp="20231125 00:20:22.576" level="INFO">Text: 'DH_28 Assumenda atque.'</msg>
<msg timestamp="20231125 00:20:22.577" level="INFO">${condition} = DH_28 Assumenda atque.</msg>
<status status="PASS" starttime="20231125 00:20:22.528" endtime="20231125 00:20:22.577"/>
</kw>
<while condition="'${condition}' != '${text}'" limit="10">
<iter>
<kw name="Fill Text" library="Browser">
<arg>${element}</arg>
<arg>${text}</arg>
<tag>PageContent</tag>
<tag>Setter</tag>
<doc>Clears and fills the given ``txt`` into the text field found by ``selector``.</doc>
<status status="NOT RUN" starttime="20231125 00:20:22.580" endtime="20231125 00:20:22.581"/>
</kw>
<kw name="Get Text" library="Browser">
<var>${condition}</var>
<arg>${element}</arg>
<tag>Assertion</tag>
<tag>Getter</tag>
<tag>PageContent</tag>
<doc>Returns text attribute of the element found by ``selector``.</doc>
<status status="NOT RUN" starttime="20231125 00:20:22.582" endtime="20231125 00:20:22.582"/>
</kw>
<status status="NOT RUN" starttime="20231125 00:20:22.578" endtime="20231125 00:20:22.583"/>
</iter>
<status status="NOT RUN" starttime="20231125 00:20:22.578" endtime="20231125 00:20:22.583"/>
</while>
<kw name="Scroll To Element" library="Browser">
<arg>${element}</arg>
<tag>PageContent</tag>
<tag>Setter</tag>
<doc>This method waits for actionability checks, then tries to scroll element into view,
unless it is completely visible.</doc>
<status status="PASS" starttime="20231125 00:20:22.584" endtime="20231125 00:20:22.652"/>
</kw>
<kw name="Get Length" library="BuiltIn">
<var>${cnt}</var>
<arg>${text}</arg>
<doc>Returns and logs the length of the given item as an integer.</doc>
<msg timestamp="20231125 00:20:22.653" level="INFO">Length is 22</msg>
<msg timestamp="20231125 00:20:22.655" level="INFO">${cnt} = 22</msg>
<status status="PASS" starttime="20231125 00:20:22.652" endtime="20231125 00:20:22.657"/>
</kw>
<if>
<branch type="IF" condition="${cnt} &gt; 0">
<kw name="Set Global Variable" library="BuiltIn">
<arg>\${STATE["${name}"]}</arg>
<arg>${text}</arg>
<doc>Makes a variable available globally in all tests and suites.</doc>
<msg timestamp="20231125 00:20:22.661" level="INFO">${STATE["Tên điều hướng"]} = DH_28 Assumenda atque.</msg>
<status status="PASS" starttime="20231125 00:20:22.660" endtime="20231125 00:20:22.662"/>
</kw>
<status status="PASS" starttime="20231125 00:20:22.658" endtime="20231125 00:20:22.662"/>
</branch>
<status status="PASS" starttime="20231125 00:20:22.658" endtime="20231125 00:20:22.663"/>
</if>
<kw name="Wait Until Network Is Idle" library="Browser">
<tag>HTTP</tag>
<tag>Wait</tag>
<doc>Waits until there has been at least one instance of 500 ms of no network traffic on the page after loading.</doc>
<status status="PASS" starttime="20231125 00:20:22.663" endtime="20231125 00:20:22.672"/>
</kw>
<status status="PASS" starttime="20231125 00:20:22.206" endtime="20231125 00:20:22.674"/>
</kw>
<kw name="Check Text" library="common">
<var>${text}</var>
<arg>_@Tên điều hướng@_</arg>
<kw name="Get Regexp Matches" library="String">
<var>${containsS}</var>
<arg>${text}</arg>
<arg>_@(.+)@_</arg>
<arg>1</arg>
<doc>Returns a list of all non-overlapping matches in the given string.</doc>
<msg timestamp="20231125 00:20:22.678" level="INFO">${containsS} = ['Tên điều hướng']</msg>
<status status="PASS" starttime="20231125 00:20:22.676" endtime="20231125 00:20:22.678"/>
</kw>
<kw name="Get Length" library="BuiltIn">
<var>${cntS}</var>
<arg>${containsS}</arg>
<doc>Returns and logs the length of the given item as an integer.</doc>
<msg timestamp="20231125 00:20:22.679" level="INFO">Length is 1</msg>
<msg timestamp="20231125 00:20:22.680" level="INFO">${cntS} = 1</msg>
<status status="PASS" starttime="20231125 00:20:22.679" endtime="20231125 00:20:22.680"/>
</kw>
<if>
<branch type="IF" condition="${cntS} &gt; 0">
<kw name="Set Variable" library="BuiltIn">
<var>${text}</var>
<arg>${STATE["${containsS[0]}"]}</arg>
<doc>Returns the given values which can then be assigned to a variables.</doc>
<msg timestamp="20231125 00:20:22.684" level="INFO">${text} = DH_28 Assumenda atque.</msg>
<status status="PASS" starttime="20231125 00:20:22.682" endtime="20231125 00:20:22.685"/>
</kw>
<status status="PASS" starttime="20231125 00:20:22.681" endtime="20231125 00:20:22.685"/>
</branch>
<status status="PASS" starttime="20231125 00:20:22.681" endtime="20231125 00:20:22.686"/>
</if>
<msg timestamp="20231125 00:20:22.686" level="INFO">${text} = DH_28 Assumenda atque.</msg>
<status status="PASS" starttime="20231125 00:20:22.675" endtime="20231125 00:20:22.691"/>
</kw>
<kw name="Set Variable" library="BuiltIn">
<var>${name}</var>
<arg>${text}</arg>
<doc>Returns the given values which can then be assigned to a variables.</doc>
<msg timestamp="20231125 00:20:22.694" level="INFO">${name} = DH_28 Assumenda atque.</msg>
<status status="PASS" starttime="20231125 00:20:22.692" endtime="20231125 00:20:22.694"/>
</kw>
<kw name="Enter &quot;word&quot; in &quot;Mã điều hướng&quot; with &quot;_RANDOM_&quot;" library="common" sourcename="Enter &quot;${type}&quot; in &quot;${name}&quot; with &quot;${text}&quot;">
<kw name="Get Random Text" library="common">
<var>${text}</var>
<arg>${type}</arg>
<arg>${text}</arg>
<kw name="Set Variable" library="BuiltIn">
<var>${symbol}</var>
<arg>_RANDOM_</arg>
<doc>Returns the given values which can then be assigned to a variables.</doc>
<msg timestamp="20231125 00:20:22.698" level="INFO">${symbol} = _RANDOM_</msg>
<status status="PASS" starttime="20231125 00:20:22.697" endtime="20231125 00:20:22.698"/>
</kw>
<kw name="Set Variable" library="BuiltIn">
<var>${new_text}</var>
<doc>Returns the given values which can then be assigned to a variables.</doc>
<msg timestamp="20231125 00:20:22.700" level="INFO">${new_text} = </msg>
<status status="PASS" starttime="20231125 00:20:22.699" endtime="20231125 00:20:22.700"/>
</kw>
<kw name="Get Regexp Matches" library="String">
<var>${containsS}</var>
<arg>${text}</arg>
<arg>_@(.+)@_</arg>
<arg>1</arg>
<doc>Returns a list of all non-overlapping matches in the given string.</doc>
<msg timestamp="20231125 00:20:22.701" level="INFO">${containsS} = []</msg>
<status status="PASS" starttime="20231125 00:20:22.700" endtime="20231125 00:20:22.702"/>
</kw>
<kw name="Get Length" library="BuiltIn">
<var>${cntS}</var>
<arg>${containsS}</arg>
<doc>Returns and logs the length of the given item as an integer.</doc>
<msg timestamp="20231125 00:20:22.703" level="INFO">Length is 0</msg>
<msg timestamp="20231125 00:20:22.707" level="INFO">${cntS} = 0</msg>
<status status="PASS" starttime="20231125 00:20:22.702" endtime="20231125 00:20:22.708"/>
</kw>
<kw name="Get Regexp Matches" library="String">
<var>${contains}</var>
<arg>${text}</arg>
<arg>${symbol}</arg>
<doc>Returns a list of all non-overlapping matches in the given string.</doc>
<msg timestamp="20231125 00:20:22.711" level="INFO">${contains} = ['_RANDOM_']</msg>
<status status="PASS" starttime="20231125 00:20:22.710" endtime="20231125 00:20:22.712"/>
</kw>
<kw name="Get Length" library="BuiltIn">
<var>${cnt}</var>
<arg>${contains}</arg>
<doc>Returns and logs the length of the given item as an integer.</doc>
<msg timestamp="20231125 00:20:22.714" level="INFO">Length is 1</msg>
<msg timestamp="20231125 00:20:22.714" level="INFO">${cnt} = 1</msg>
<status status="PASS" starttime="20231125 00:20:22.713" endtime="20231125 00:20:22.714"/>
</kw>
<if>
<branch type="IF" condition="${cntS} &gt; 0">
<kw name="Set Variable" library="BuiltIn">
<var>${new_text}</var>
<arg>${STATE["${containsS[0]}"]}</arg>
<doc>Returns the given values which can then be assigned to a variables.</doc>
<status status="NOT RUN" starttime="20231125 00:20:22.717" endtime="20231125 00:20:22.717"/>
</kw>
<kw name="Set Variable" library="BuiltIn">
<var>${symbol}</var>
<arg>_@${containsS[0]}@_</arg>
<doc>Returns the given values which can then be assigned to a variables.</doc>
<status status="NOT RUN" starttime="20231125 00:20:22.718" endtime="20231125 00:20:22.719"/>
</kw>
<status status="NOT RUN" starttime="20231125 00:20:22.715" endtime="20231125 00:20:22.720"/>
</branch>
<branch type="ELSE IF" condition="${cnt} &gt; 0 and '${type}' == 'test name'">
<kw name="Sentence" library="FakerLibrary">
<var>${random}</var>
<arg>nb_words=3</arg>
<doc>Generate a sentence.</doc>
<status status="NOT RUN" starttime="20231125 00:20:22.732" endtime="20231125 00:20:22.732"/>
</kw>
<kw name="Split String" library="String">
<var>${words}</var>
<arg>${TEST NAME}</arg>
<arg>${SPACE}</arg>
<doc>Splits the ``string`` using ``separator`` as a delimiter string.</doc>
<status status="NOT RUN" starttime="20231125 00:20:22.733" endtime="20231125 00:20:22.734"/>
</kw>
<kw name="Set Variable" library="BuiltIn">
<var>${new_text}</var>
<arg>${words[0]} ${random}</arg>
<doc>Returns the given values which can then be assigned to a variables.</doc>
<status status="NOT RUN" starttime="20231125 00:20:22.735" endtime="20231125 00:20:22.736"/>
</kw>
<status status="NOT RUN" starttime="20231125 00:20:22.723" endtime="20231125 00:20:22.737"/>
</branch>
<branch type="ELSE IF" condition="${cnt} &gt; 0 and '${type}' == 'number'">
<kw name="Random Int" library="FakerLibrary">
<var>${new_text}</var>
<doc>Generate a random integer between two integers ``min`` and ``max`` inclusive
while observing the provided ``step`` value.</doc>
<status status="NOT RUN" starttime="20231125 00:20:22.742" endtime="20231125 00:20:22.742"/>
</kw>
<kw name="Convert To String" library="BuiltIn">
<var>${new_text}</var>
<arg>${new_text}</arg>
<doc>Converts the given item to a Unicode string.</doc>
<status status="NOT RUN" starttime="20231125 00:20:22.745" endtime="20231125 00:20:22.746"/>
</kw>
<status status="NOT RUN" starttime="20231125 00:20:22.740" endtime="20231125 00:20:22.758"/>
</branch>
<branch type="ELSE IF" condition="${cnt} &gt; 0 and '${type}' == 'percentage'">
<kw name="Random Int" library="FakerLibrary">
<var>${new_text}</var>
<arg>max=100</arg>
<doc>Generate a random integer between two integers ``min`` and ``max`` inclusive
while observing the provided ``step`` value.</doc>
<status status="NOT RUN" starttime="20231125 00:20:22.760" endtime="20231125 00:20:22.761"/>
</kw>
<kw name="Convert To String" library="BuiltIn">
<var>${new_text}</var>
<arg>${new_text}</arg>
<doc>Converts the given item to a Unicode string.</doc>
<status status="NOT RUN" starttime="20231125 00:20:22.762" endtime="20231125 00:20:22.763"/>
</kw>
<status status="NOT RUN" starttime="20231125 00:20:22.759" endtime="20231125 00:20:22.764"/>
</branch>
<branch type="ELSE IF" condition="${cnt} &gt; 0 and '${type}' == 'paragraph'">
<kw name="Paragraph" library="FakerLibrary">
<var>${new_text}</var>
<doc>Generate a paragraph.</doc>
<status status="NOT RUN" starttime="20231125 00:20:22.766" endtime="20231125 00:20:22.767"/>
</kw>
<status status="NOT RUN" starttime="20231125 00:20:22.764" endtime="20231125 00:20:22.767"/>
</branch>
<branch type="ELSE IF" condition="${cnt} &gt; 0 and '${type}' == 'email'">
<kw name="Email" library="FakerLibrary">
<var>${new_text}</var>
<status status="NOT RUN" starttime="20231125 00:20:22.769" endtime="20231125 00:20:22.769"/>
</kw>
<status status="NOT RUN" starttime="20231125 00:20:22.768" endtime="20231125 00:20:22.770"/>
</branch>
<branch type="ELSE IF" condition="${cnt} &gt; 0 and '${type}' == 'phone'">
<kw name="Random Int" library="FakerLibrary">
<var>${new_text}</var>
<arg>min=2000000000</arg>
<arg>max=9999999999</arg>
<doc>Generate a random integer between two integers ``min`` and ``max`` inclusive
while observing the provided ``step`` value.</doc>
<status status="NOT RUN" starttime="20231125 00:20:22.775" endtime="20231125 00:20:22.775"/>
</kw>
<kw name="Convert To String" library="BuiltIn">
<var>${new_text}</var>
<arg>${new_text}</arg>
<doc>Converts the given item to a Unicode string.</doc>
[...]
</kw>
<kw name="Get Length" library="BuiltIn">
<var>${cnt}</var>
<arg>${text}</arg>
<doc>Returns and logs the length of the given item as an integer.</doc>
<msg timestamp="20231125 00:20:29.911" level="INFO">Length is 0</msg>
<msg timestamp="20231125 00:20:29.912" level="INFO">${cnt} = 0</msg>
<status status="PASS" starttime="20231125 00:20:29.910" endtime="20231125 00:20:29.912"/>
</kw>
<if>
<branch type="IF" condition="${cnt} &gt; 0">
<kw name="Set Global Variable" library="BuiltIn">
<arg>\${STATE["${placeholder}"]}</arg>
<arg>${text}</arg>
<doc>Makes a variable available globally in all tests and suites.</doc>
<status status="NOT RUN" starttime="20231125 00:20:29.914" endtime="20231125 00:20:29.915"/>
</kw>
<status status="NOT RUN" starttime="20231125 00:20:29.913" endtime="20231125 00:20:29.916"/>
</branch>
<status status="PASS" starttime="20231125 00:20:29.913" endtime="20231125 00:20:29.916"/>
</if>
<status status="PASS" starttime="20231125 00:20:29.668" endtime="20231125 00:20:29.917"/>
</kw>
<kw name="When Click tree select &quot;DASHBOARD&quot; to show data" library="common" sourcename="Click tree select &quot;${name}&quot; to show data">
<kw name="Check Text" library="common">
<var>${name}</var>
<arg>${name}</arg>
<kw name="Get Regexp Matches" library="String">
<var>${containsS}</var>
<arg>${text}</arg>
<arg>_@(.+)@_</arg>
<arg>1</arg>
<doc>Returns a list of all non-overlapping matches in the given string.</doc>
<msg timestamp="20231125 00:20:29.928" level="INFO">${containsS} = []</msg>
<status status="PASS" starttime="20231125 00:20:29.927" endtime="20231125 00:20:29.929"/>
</kw>
<kw name="Get Length" library="BuiltIn">
<var>${cntS}</var>
<arg>${containsS}</arg>
<doc>Returns and logs the length of the given item as an integer.</doc>
<msg timestamp="20231125 00:20:29.930" level="INFO">Length is 0</msg>
<msg timestamp="20231125 00:20:29.931" level="INFO">${cntS} = 0</msg>
<status status="PASS" starttime="20231125 00:20:29.929" endtime="20231125 00:20:29.931"/>
</kw>
<if>
<branch type="IF" condition="${cntS} &gt; 0">
<kw name="Set Variable" library="BuiltIn">
<var>${text}</var>
<arg>${STATE["${containsS[0]}"]}</arg>
<doc>Returns the given values which can then be assigned to a variables.</doc>
<status status="NOT RUN" starttime="20231125 00:20:29.933" endtime="20231125 00:20:29.934"/>
</kw>
<status status="NOT RUN" starttime="20231125 00:20:29.932" endtime="20231125 00:20:29.935"/>
</branch>
<status status="PASS" starttime="20231125 00:20:29.932" endtime="20231125 00:20:29.935"/>
</if>
<msg timestamp="20231125 00:20:29.936" level="INFO">${name} = DASHBOARD</msg>
<status status="PASS" starttime="20231125 00:20:29.926" endtime="20231125 00:20:29.936"/>
</kw>
<kw name="Get Element" library="Browser">
<var>${element}</var>
<arg>//nz-tree-node-title[@title="${name}"]/..//i[contains(@class,'la-angle-down')]</arg>
<tag>Getter</tag>
<tag>PageContent</tag>
<doc>Returns a reference to a Playwright [https://playwright.dev/docs/api/class-locator|Locator].</doc>
<msg timestamp="20231125 00:20:29.952" level="INFO">Locator found successfully.</msg>
<msg timestamp="20231125 00:20:29.953" level="INFO">${element} = //nz-tree-node-title[@title="DASHBOARD"]/..//i[contains(@class,'la-angle-down')]</msg>
<status status="PASS" starttime="20231125 00:20:29.940" endtime="20231125 00:20:29.953"/>
</kw>
<kw name="Click" library="Browser">
<arg>${element}</arg>
<tag>PageContent</tag>
<tag>Setter</tag>
<doc>Simulates mouse click on the element found by ``selector``.</doc>
<status status="PASS" starttime="20231125 00:20:29.955" endtime="20231125 00:20:30.050"/>
</kw>
<kw name="Wait Until Network Is Idle" library="Browser">
<tag>HTTP</tag>
<tag>Wait</tag>
<doc>Waits until there has been at least one instance of 500 ms of no network traffic on the page after loading.</doc>
<status status="PASS" starttime="20231125 00:20:30.052" endtime="20231125 00:20:30.067"/>
</kw>
<kw name="Wait Until Element Spin" library="common">
<kw name="Sleep" library="BuiltIn">
<arg>${SHOULD_TIMEOUT}</arg>
<doc>Pauses the test executed for the given time.</doc>
<msg timestamp="20231125 00:20:30.170" level="INFO">Slept 100 milliseconds</msg>
<status status="PASS" starttime="20231125 00:20:30.069" endtime="20231125 00:20:30.172"/>
</kw>
<kw name="Set Variable" library="BuiltIn">
<var>${element}</var>
<arg>xpath=//*[contains(@class, "ant-spin-spinning")]</arg>
<doc>Returns the given values which can then be assigned to a variables.</doc>
<msg timestamp="20231125 00:20:30.176" level="INFO">${element} = xpath=//*[contains(@class, "ant-spin-spinning")]</msg>
<status status="PASS" starttime="20231125 00:20:30.174" endtime="20231125 00:20:30.176"/>
</kw>
<kw name="Get Element Count" library="Browser">
<var>${count}</var>
<arg>${element}</arg>
<tag>Assertion</tag>
<tag>Getter</tag>
<tag>PageContent</tag>
<doc>Returns the count of elements found with ``selector``.</doc>
<msg timestamp="20231125 00:20:30.198" level="INFO">${count} = 0</msg>
<status status="PASS" starttime="20231125 00:20:30.177" endtime="20231125 00:20:30.198"/>
</kw>
<if>
<branch type="IF" condition="${count} &gt; 0">
<kw name="Wait Until Page Does Not Contain Element" library="common">
<arg>${element}</arg>
<status status="NOT RUN" starttime="20231125 00:20:30.200" endtime="20231125 00:20:30.200"/>
</kw>
<status status="NOT RUN" starttime="20231125 00:20:30.199" endtime="20231125 00:20:30.201"/>
</branch>
<status status="PASS" starttime="20231125 00:20:30.199" endtime="20231125 00:20:30.201"/>
</if>
<status status="PASS" starttime="20231125 00:20:30.068" endtime="20231125 00:20:30.202"/>
</kw>
<status status="PASS" starttime="20231125 00:20:29.924" endtime="20231125 00:20:30.202"/>
</kw>
<kw name="Then &quot;_@Tên điều hướng@_&quot; should be visible in the tree line" library="common" sourcename="&quot;${name}&quot; should be visible in the tree line">
<kw name="Wait Until Element Spin" library="common">
<kw name="Sleep" library="BuiltIn">
<arg>${SHOULD_TIMEOUT}</arg>
<doc>Pauses the test executed for the given time.</doc>
<msg timestamp="20231125 00:20:30.316" level="INFO">Slept 100 milliseconds</msg>
<status status="PASS" starttime="20231125 00:20:30.214" endtime="20231125 00:20:30.316"/>
</kw>
<kw name="Set Variable" library="BuiltIn">
<var>${element}</var>
<arg>xpath=//*[contains(@class, "ant-spin-spinning")]</arg>
<doc>Returns the given values which can then be assigned to a variables.</doc>
<msg timestamp="20231125 00:20:30.318" level="INFO">${element} = xpath=//*[contains(@class, "ant-spin-spinning")]</msg>
<status status="PASS" starttime="20231125 00:20:30.317" endtime="20231125 00:20:30.318"/>
</kw>
<kw name="Get Element Count" library="Browser">
<var>${count}</var>
<arg>${element}</arg>
<tag>Assertion</tag>
<tag>Getter</tag>
<tag>PageContent</tag>
<doc>Returns the count of elements found with ``selector``.</doc>
<msg timestamp="20231125 00:20:30.341" level="INFO">${count} = 0</msg>
<status status="PASS" starttime="20231125 00:20:30.319" endtime="20231125 00:20:30.341"/>
</kw>
<if>
<branch type="IF" condition="${count} &gt; 0">
<kw name="Wait Until Page Does Not Contain Element" library="common">
<arg>${element}</arg>
<status status="NOT RUN" starttime="20231125 00:20:30.344" endtime="20231125 00:20:30.345"/>
</kw>
<status status="NOT RUN" starttime="20231125 00:20:30.343" endtime="20231125 00:20:30.345"/>
</branch>
<status status="PASS" starttime="20231125 00:20:30.343" endtime="20231125 00:20:30.345"/>
</if>
<status status="PASS" starttime="20231125 00:20:30.213" endtime="20231125 00:20:30.345"/>
</kw>
<kw name="Check Text" library="common">
<var>${name}</var>
<arg>${name}</arg>
<kw name="Get Regexp Matches" library="String">
<var>${containsS}</var>
<arg>${text}</arg>
<arg>_@(.+)@_</arg>
<arg>1</arg>
<doc>Returns a list of all non-overlapping matches in the given string.</doc>
<msg timestamp="20231125 00:20:30.349" level="INFO">${containsS} = ['Tên điều hướng']</msg>
<status status="PASS" starttime="20231125 00:20:30.347" endtime="20231125 00:20:30.349"/>
</kw>
<kw name="Get Length" library="BuiltIn">
<var>${cntS}</var>
<arg>${containsS}</arg>
<doc>Returns and logs the length of the given item as an integer.</doc>
<msg timestamp="20231125 00:20:30.351" level="INFO">Length is 1</msg>
<msg timestamp="20231125 00:20:30.352" level="INFO">${cntS} = 1</msg>
<status status="PASS" starttime="20231125 00:20:30.350" endtime="20231125 00:20:30.352"/>
</kw>
<if>
<branch type="IF" condition="${cntS} &gt; 0">
<kw name="Set Variable" library="BuiltIn">
<var>${text}</var>
<arg>${STATE["${containsS[0]}"]}</arg>
<doc>Returns the given values which can then be assigned to a variables.</doc>
<msg timestamp="20231125 00:20:30.358" level="INFO">${text} = DH_28 Assumenda atque.</msg>
<status status="PASS" starttime="20231125 00:20:30.355" endtime="20231125 00:20:30.358"/>
</kw>
<status status="PASS" starttime="20231125 00:20:30.353" endtime="20231125 00:20:30.359"/>
</branch>
<status status="PASS" starttime="20231125 00:20:30.353" endtime="20231125 00:20:30.359"/>
</if>
<msg timestamp="20231125 00:20:30.360" level="INFO">${name} = DH_28 Assumenda atque.</msg>
<status status="PASS" starttime="20231125 00:20:30.346" endtime="20231125 00:20:30.360"/>
</kw>
<kw name="Get Element Count" library="Browser">
<var>${cnt}</var>
<arg>//nz-tree-node-title[@title="${name}" and contains(@class,"ant-tree-node-content-wrapper")]</arg>
<tag>Assertion</tag>
<tag>Getter</tag>
<tag>PageContent</tag>
<doc>Returns the count of elements found with ``selector``.</doc>
<msg timestamp="20231125 00:20:30.369" level="INFO">${cnt} = 1</msg>
<status status="PASS" starttime="20231125 00:20:30.361" endtime="20231125 00:20:30.369"/>
</kw>
<kw name="Should Be True" library="BuiltIn">
<arg>${cnt} &gt; 0</arg>
<doc>Fails if the given condition is not true.</doc>
<status status="PASS" starttime="20231125 00:20:30.372" endtime="20231125 00:20:30.373"/>
</kw>
<status status="PASS" starttime="20231125 00:20:30.212" endtime="20231125 00:20:30.374"/>
</kw>
<kw name="When Click on the &quot;_@Tên điều hướng@_&quot; tree to delete" library="common" sourcename="Click on the &quot;${name}&quot; tree to delete">
<kw name="Wait Until Element Spin" library="common">
<kw name="Sleep" library="BuiltIn">
<arg>${SHOULD_TIMEOUT}</arg>
<doc>Pauses the test executed for the given time.</doc>
<msg timestamp="20231125 00:20:30.480" level="INFO">Slept 100 milliseconds</msg>
<status status="PASS" starttime="20231125 00:20:30.380" endtime="20231125 00:20:30.480"/>
</kw>
<kw name="Set Variable" library="BuiltIn">
<var>${element}</var>
<arg>xpath=//*[contains(@class, "ant-spin-spinning")]</arg>
<doc>Returns the given values which can then be assigned to a variables.</doc>
<msg timestamp="20231125 00:20:30.481" level="INFO">${element} = xpath=//*[contains(@class, "ant-spin-spinning")]</msg>
<status status="PASS" starttime="20231125 00:20:30.481" endtime="20231125 00:20:30.482"/>
</kw>
<kw name="Get Element Count" library="Browser">
<var>${count}</var>
<arg>${element}</arg>
<tag>Assertion</tag>
<tag>Getter</tag>
<tag>PageContent</tag>
<doc>Returns the count of elements found with ``selector``.</doc>
<msg timestamp="20231125 00:20:30.493" level="INFO">${count} = 0</msg>
<status status="PASS" starttime="20231125 00:20:30.482" endtime="20231125 00:20:30.494"/>
</kw>
<if>
<branch type="IF" condition="${count} &gt; 0">
<kw name="Wait Until Page Does Not Contain Element" library="common">
<arg>${element}</arg>
<status status="NOT RUN" starttime="20231125 00:20:30.496" endtime="20231125 00:20:30.496"/>
</kw>
<status status="NOT RUN" starttime="20231125 00:20:30.495" endtime="20231125 00:20:30.497"/>
</branch>
<status status="PASS" starttime="20231125 00:20:30.494" endtime="20231125 00:20:30.497"/>
</if>
<status status="PASS" starttime="20231125 00:20:30.378" endtime="20231125 00:20:30.498"/>
</kw>
<kw name="Check Text" library="common">
<var>${name}</var>
<arg>${name}</arg>
<kw name="Get Regexp Matches" library="String">
<var>${containsS}</var>
<arg>${text}</arg>
<arg>_@(.+)@_</arg>
<arg>1</arg>
<doc>Returns a list of all non-overlapping matches in the given string.</doc>
<msg timestamp="20231125 00:20:30.501" level="INFO">${containsS} = ['Tên điều hướng']</msg>
<status status="PASS" starttime="20231125 00:20:30.500" endtime="20231125 00:20:30.501"/>
</kw>
<kw name="Get Length" library="BuiltIn">
<var>${cntS}</var>
<arg>${containsS}</arg>
<doc>Returns and logs the length of the given item as an integer.</doc>
<msg timestamp="20231125 00:20:30.502" level="INFO">Length is 1</msg>
<msg timestamp="20231125 00:20:30.502" level="INFO">${cntS} = 1</msg>
<status status="PASS" starttime="20231125 00:20:30.501" endtime="20231125 00:20:30.502"/>
</kw>
<if>
<branch type="IF" condition="${cntS} &gt; 0">
<kw name="Set Variable" library="BuiltIn">
<var>${text}</var>
<arg>${STATE["${containsS[0]}"]}</arg>
<doc>Returns the given values which can then be assigned to a variables.</doc>
<msg timestamp="20231125 00:20:30.509" level="INFO">${text} = DH_28 Assumenda atque.</msg>
<status status="PASS" starttime="20231125 00:20:30.506" endtime="20231125 00:20:30.509"/>
</kw>
<status status="PASS" starttime="20231125 00:20:30.503" endtime="20231125 00:20:30.510"/>
</branch>
<status status="PASS" starttime="20231125 00:20:30.502" endtime="20231125 00:20:30.510"/>
</if>
<msg timestamp="20231125 00:20:30.511" level="INFO">${name} = DH_28 Assumenda atque.</msg>
<status status="PASS" starttime="20231125 00:20:30.498" endtime="20231125 00:20:30.511"/>
</kw>
<kw name="Get Element Tree By Name" library="common">
<var>${element}</var>
<arg>${name}</arg>
<msg timestamp="20231125 00:20:30.512" level="INFO">${element} = xpath=//*[contains(@class, "ant-tree-node-content-wrapper") and @title = "DH_28 Assumenda atque."]/*[contains(@class, "group")]</msg>
<status status="PASS" starttime="20231125 00:20:30.511" endtime="20231125 00:20:30.513"/>
</kw>
<kw name="Scroll To Element" library="Browser">
<arg>${element}</arg>
<tag>PageContent</tag>
<tag>Setter</tag>
<doc>This method waits for actionability checks, then tries to scroll element into view,
unless it is completely visible.</doc>
<status status="PASS" starttime="20231125 00:20:30.513" endtime="20231125 00:20:30.563"/>
</kw>
<kw name="Mouse Move Relative To" library="Browser">
<arg>${element}</arg>
<arg>0</arg>
<tag>PageContent</tag>
<tag>Setter</tag>
<doc>Moves the mouse cursor relative to the selected element.</doc>
<msg timestamp="20231125 00:20:30.593" level="INFO">Moving mouse relative to element center by x: 0.0, y: 0.0 coordinates.</msg>
<status status="PASS" starttime="20231125 00:20:30.564" endtime="20231125 00:20:30.607"/>
</kw>
<kw name="Click" library="Browser">
<arg>${element}//*[contains(@class, "la-trash")]</arg>
<tag>PageContent</tag>
<tag>Setter</tag>
<doc>Simulates mouse click on the element found by ``selector``.</doc>
<status status="PASS" starttime="20231125 00:20:30.607" endtime="20231125 00:20:30.814"/>
</kw>
<kw name="Click Confirm To Action" library="common">
<kw name="Set Variable" library="BuiltIn">
<var>${element}</var>
<arg>xpath=//*[contains(@class, "ant-popover")]//*[contains(@class, "ant-btn-primary")]</arg>
<doc>Returns the given values which can then be assigned to a variables.</doc>
<msg timestamp="20231125 00:20:30.817" level="INFO">${element} = xpath=//*[contains(@class, "ant-popover")]//*[contains(@class, "ant-btn-primary")]</msg>
<status status="PASS" starttime="20231125 00:20:30.816" endtime="20231125 00:20:30.817"/>
</kw>
<kw name="Get Element Count" library="Browser">
<var>${count}</var>
<arg>${element}</arg>
<tag>Assertion</tag>
<tag>Getter</tag>
<tag>PageContent</tag>
<doc>Returns the count of elements found with ``selector``.</doc>
<msg timestamp="20231125 00:20:30.832" level="INFO">${count} = 1</msg>
<status status="PASS" starttime="20231125 00:20:30.818" endtime="20231125 00:20:30.833"/>
</kw>
<if>
<branch type="IF" condition="${count} &gt; 0">
<kw name="Click" library="Browser">
<arg>${element}</arg>
<tag>PageContent</tag>
<tag>Setter</tag>
<doc>Simulates mouse click on the element found by ``selector``.</doc>
<status status="PASS" starttime="20231125 00:20:30.835" endtime="20231125 00:20:31.124"/>
</kw>
<kw name="Sleep" library="BuiltIn">
<arg>${SHOULD_TIMEOUT}</arg>
<doc>Pauses the test executed for the given time.</doc>
<msg timestamp="20231125 00:20:31.227" level="INFO">Slept 100 milliseconds</msg>
<status status="PASS" starttime="20231125 00:20:31.125" endtime="20231125 00:20:31.227"/>
</kw>
<kw name="Wait Until Element Spin" library="common">
<kw name="Sleep" library="BuiltIn">
<arg>${SHOULD_TIMEOUT}</arg>
<doc>Pauses the test executed for the given time.</doc>
<msg timestamp="20231125 00:20:31.331" level="INFO">Slept 100 milliseconds</msg>
<status status="PASS" starttime="20231125 00:20:31.229" endtime="20231125 00:20:31.331"/>
</kw>
<kw name="Set Variable" library="BuiltIn">
<var>${element}</var>
<arg>xpath=//*[contains(@class, "ant-spin-spinning")]</arg>
<doc>Returns the given values which can then be assigned to a variables.</doc>
<msg timestamp="20231125 00:20:31.333" level="INFO">${element} = xpath=//*[contains(@class, "ant-spin-spinning")]</msg>
<status status="PASS" starttime="20231125 00:20:31.332" endtime="20231125 00:20:31.334"/>
</kw>
<kw name="Get Element Count" library="Browser">
<var>${count}</var>
<arg>${element}</arg>
<tag>Assertion</tag>
<tag>Getter</tag>
<tag>PageContent</tag>
<doc>Returns the count of elements found with ``selector``.</doc>
<msg timestamp="20231125 00:20:31.500" level="INFO">${count} = 0</msg>
<status status="PASS" starttime="20231125 00:20:31.334" endtime="20231125 00:20:31.500"/>
</kw>
<if>
<branch type="IF" condition="${count} &gt; 0">
<kw name="Wait Until Page Does Not Contain Element" library="common">
<arg>${element}</arg>
<status status="NOT RUN" starttime="20231125 00:20:31.502" endtime="20231125 00:20:31.502"/>
</kw>
<status status="NOT RUN" starttime="20231125 00:20:31.501" endtime="20231125 00:20:31.505"/>
</branch>
<status status="PASS" starttime="20231125 00:20:31.501" endtime="20231125 00:20:31.506"/>
</if>
<status status="PASS" starttime="20231125 00:20:31.228" endtime="20231125 00:20:31.506"/>
</kw>
<status status="PASS" starttime="20231125 00:20:30.834" endtime="20231125 00:20:31.507"/>
</branch>
<status status="PASS" starttime="20231125 00:20:30.834" endtime="20231125 00:20:31.508"/>
</if>
<status status="PASS" starttime="20231125 00:20:30.815" endtime="20231125 00:20:31.509"/>
</kw>
<kw name="Wait Until Network Is Idle" library="Browser">
<tag>HTTP</tag>
<tag>Wait</tag>
<doc>Waits until there has been at least one instance of 500 ms of no network traffic on the page after loading.</doc>
<status status="PASS" starttime="20231125 00:20:31.510" endtime="20231125 00:20:31.529"/>
</kw>
<status status="PASS" starttime="20231125 00:20:30.377" endtime="20231125 00:20:31.530"/>
</kw>
<kw name="Tear Down" library="common" type="TEARDOWN">
<kw name="Close Browser" library="Browser">
<arg>ALL</arg>
<tag>BrowserControl</tag>
<tag>Setter</tag>
<doc>Closes the current browser.</doc>
<msg timestamp="20231125 00:20:32.608" level="INFO">Closed all browsers</msg>
<status status="PASS" starttime="20231125 00:20:31.549" endtime="20231125 00:20:32.609"/>
</kw>
<status status="PASS" starttime="20231125 00:20:31.547" endtime="20231125 00:20:32.609"/>
</kw>
<tag>Search</tag>
<tag>Smoketest</tag>
<status status="PASS" starttime="20231125 00:20:09.921" endtime="20231125 00:20:32.617"/>
</test>
<status status="PASS" starttime="20231125 00:20:07.102" endtime="20231125 00:20:32.666"/>
</suite>
<statistics>
<total>
<stat pass="1" fail="0" skip="0">All Tests</stat>
</total>
<tag>
<stat pass="1" fail="0" skip="0">Search</stat>
<stat pass="1" fail="0" skip="0">Smoketest</stat>
</tag>
<suite>
<stat pass="1" fail="0" skip="0" id="s1" name="Navigation">Navigation</stat>
</suite>
</statistics>
<errors>
</errors>
</robot>
