<?xml version="1.0" encoding="UTF-8"?>
<robot generator="Robot 6.1.1 (Python 3.11.4 on win32)" generated="20231101 14:41:07.967" rpa="false" schemaversion="4">
<suite id="s1" name="Data" source="d:\Intern test\Automation\Auto_Web\testcases\data.robot">
<test id="s1-t1" name="DA_10 Verify the search function when enter the name was not existed" line="118">
<kw name="Setup" library="common" type="SETUP">
<kw name="Set Browser Timeout" library="Browser">
<arg>${BROWSER_TIMEOUT}</arg>
<tag>Config</tag>
<tag>Setter</tag>
<doc>Sets the timeout used by most input and getter keywords.</doc>
<status status="PASS" starttime="20231101 14:41:10.274" endtime="20231101 14:41:10.289"/>
</kw>
<kw name="New Browser" library="Browser">
<arg>${BROWSER}</arg>
<arg>headless=${HEADLESS}</arg>
<tag>BrowserControl</tag>
<tag>Setter</tag>
<doc>Create a new playwright Browser with specified options.</doc>
<msg timestamp="20231101 14:41:10.292" level="INFO">{"browser": "chromium", "headless": false, "chromiumSandbox": false, "devtools": false, "handleSIGHUP": true, "handleSIGINT": true, "handleSIGTERM": true, "ignoreDefaultArgs": false, "slowMo": 0.0, "timeout": 30000.0, "tracesDir": "D:\\Intern test\\Automation\\browser\\traces\\07c5f0a2-1bfb-4fab-96a5-2357dd0ae39b"}</msg>
<msg timestamp="20231101 14:41:11.828" level="INFO">Successfully created browser with options: {"browser":"chromium","headless":false,"chromiumSandbox":false,"devtools":false,"handleSIGHUP":true,"handleSIGINT":true,"handleSIGTERM":true,"ignoreDefaultArgs":false,"slowMo":0,"timeout":30000,"tracesDir":"D:\\Intern test\\Automation\\browser\\traces\\07c5f0a2-1bfb-4fab-96a5-2357dd0ae39b"}</msg>
<status status="PASS" starttime="20231101 14:41:10.290" endtime="20231101 14:41:11.829"/>
</kw>
<kw name="New Page" library="Browser">
<arg>${URL_DEFAULT}</arg>
<tag>BrowserControl</tag>
<tag>Setter</tag>
<doc>Open a new Page.</doc>
<msg timestamp="20231101 14:41:16.062" level="INFO">Successfully initialized new page object and opened url: http://dev1.geneat.vn:7802/vn</msg>
<msg timestamp="20231101 14:41:16.063" level="INFO">No context was open. New context was automatically opened when this page is created.</msg>
<status status="PASS" starttime="20231101 14:41:11.830" endtime="20231101 14:41:16.064"/>
</kw>
<kw name="Evaluate" library="BuiltIn">
<var>${STATE}</var>
<arg>json.loads('''{}''')</arg>
<arg>json</arg>
<doc>Evaluates the given expression in Python and returns the result.</doc>
<msg timestamp="20231101 14:41:16.066" level="INFO">${STATE} = {}</msg>
<status status="PASS" starttime="20231101 14:41:16.065" endtime="20231101 14:41:16.066"/>
</kw>
<status status="PASS" starttime="20231101 14:41:10.273" endtime="20231101 14:41:16.067"/>
</kw>
<kw name="Create a category">
<kw name="Run Keyword And Return Status" library="BuiltIn">
<var>${condition}</var>
<arg>Confirm locating exactly in "Quản lý dữ liệu" page</arg>
<doc>Runs the given keyword with given arguments and returns the status as a Boolean value.</doc>
<kw name="Confirm locating exactly in &quot;Quản lý dữ liệu&quot; page" library="common" sourcename="Confirm locating exactly in &quot;${name}&quot; page">
<kw name="Get Element Count" library="Browser">
<var>${cnt}</var>
<arg>//header//span[contains(text(),"${name}")]</arg>
<tag>Assertion</tag>
<tag>Getter</tag>
<tag>PageContent</tag>
<doc>Returns the count of elements found with ``selector``.</doc>
<msg timestamp="20231101 14:41:16.320" level="INFO">${cnt} = 0</msg>
<status status="PASS" starttime="20231101 14:41:16.115" endtime="20231101 14:41:16.320"/>
</kw>
<kw name="Should Be True" library="BuiltIn">
<arg>${cnt} &gt; 0</arg>
<doc>Fails if the given condition is not true.</doc>
<msg timestamp="20231101 14:41:16.321" level="FAIL">'0 &gt; 0' should be true.</msg>
<status status="FAIL" starttime="20231101 14:41:16.321" endtime="20231101 14:41:16.322"/>
</kw>
<status status="FAIL" starttime="20231101 14:41:16.114" endtime="20231101 14:41:16.322"/>
</kw>
<msg timestamp="20231101 14:41:16.323" level="INFO">${condition} = False</msg>
<status status="PASS" starttime="20231101 14:41:16.111" endtime="20231101 14:41:16.323"/>
</kw>
<if>
<branch type="IF" condition="'${condition}' == 'True'">
<kw name="Click &quot;Tạo mới&quot; button" library="common" sourcename="Click &quot;${text}&quot; button">
<status status="NOT RUN" starttime="20231101 14:41:16.325" endtime="20231101 14:41:16.326"/>
</kw>
<status status="NOT RUN" starttime="20231101 14:41:16.323" endtime="20231101 14:41:16.327"/>
</branch>
<branch type="ELSE">
<kw name="Go to &quot;Quản lý dữ liệu&quot; page">
<kw name="Login to admin" library="common">
<kw name="Enter &quot;email&quot; in &quot;Email&quot; with &quot;admin@gmail.com&quot;" library="common" sourcename="Enter &quot;${type}&quot; in &quot;${name}&quot; with &quot;${text}&quot;">
<kw name="Get Random Text" library="common">
<var>${text}</var>
<arg>${type}</arg>
<arg>${text}</arg>
<kw name="Set Variable" library="BuiltIn">
<var>${symbol}</var>
<arg>_RANDOM_</arg>
<doc>Returns the given values which can then be assigned to a variables.</doc>
<msg timestamp="20231101 14:41:16.337" level="INFO">${symbol} = _RANDOM_</msg>
<status status="PASS" starttime="20231101 14:41:16.337" endtime="20231101 14:41:16.338"/>
</kw>
<kw name="Set Variable" library="BuiltIn">
<var>${new_text}</var>
<doc>Returns the given values which can then be assigned to a variables.</doc>
<msg timestamp="20231101 14:41:16.339" level="INFO">${new_text} = </msg>
<status status="PASS" starttime="20231101 14:41:16.338" endtime="20231101 14:41:16.339"/>
</kw>
<kw name="Get Regexp Matches" library="String">
<var>${containsS}</var>
<arg>${text}</arg>
<arg>_@(.+)@_</arg>
<arg>1</arg>
<doc>Returns a list of all non-overlapping matches in the given string.</doc>
<msg timestamp="20231101 14:41:16.346" level="INFO">${containsS} = []</msg>
<status status="PASS" starttime="20231101 14:41:16.341" endtime="20231101 14:41:16.347"/>
</kw>
<kw name="Get Length" library="BuiltIn">
<var>${cntS}</var>
<arg>${containsS}</arg>
<doc>Returns and logs the length of the given item as an integer.</doc>
<msg timestamp="20231101 14:41:16.353" level="INFO">Length is 0</msg>
<msg timestamp="20231101 14:41:16.355" level="INFO">${cntS} = 0</msg>
<status status="PASS" starttime="20231101 14:41:16.349" endtime="20231101 14:41:16.359"/>
</kw>
<kw name="Get Regexp Matches" library="String">
<var>${contains}</var>
<arg>${text}</arg>
<arg>${symbol}</arg>
<doc>Returns a list of all non-overlapping matches in the given string.</doc>
<msg timestamp="20231101 14:41:16.370" level="INFO">${contains} = []</msg>
<status status="PASS" starttime="20231101 14:41:16.361" endtime="20231101 14:41:16.371"/>
</kw>
<kw name="Get Length" library="BuiltIn">
<var>${cnt}</var>
<arg>${contains}</arg>
<doc>Returns and logs the length of the given item as an integer.</doc>
<msg timestamp="20231101 14:41:16.372" level="INFO">Length is 0</msg>
<msg timestamp="20231101 14:41:16.373" level="INFO">${cnt} = 0</msg>
<status status="PASS" starttime="20231101 14:41:16.371" endtime="20231101 14:41:16.380"/>
</kw>
<if>
<branch type="IF" condition="${cntS} &gt; 0">
<kw name="Set Variable" library="BuiltIn">
<var>${new_text}</var>
<arg>${STATE["${containsS[0]}"]}</arg>
<doc>Returns the given values which can then be assigned to a variables.</doc>
<status status="NOT RUN" starttime="20231101 14:41:16.382" endtime="20231101 14:41:16.383"/>
</kw>
<kw name="Set Variable" library="BuiltIn">
<var>${symbol}</var>
<arg>_@${containsS[0]}@_</arg>
<doc>Returns the given values which can then be assigned to a variables.</doc>
<status status="NOT RUN" starttime="20231101 14:41:16.384" endtime="20231101 14:41:16.384"/>
</kw>
<status status="NOT RUN" starttime="20231101 14:41:16.381" endtime="20231101 14:41:16.385"/>
</branch>
<branch type="ELSE IF" condition="${cnt} &gt; 0 and '${type}' == 'test name'">
<kw name="Sentence" library="FakerLibrary">
<var>${random}</var>
<arg>nb_words=3</arg>
<doc>Generate a sentence.</doc>
<status status="NOT RUN" starttime="20231101 14:41:16.387" endtime="20231101 14:41:16.387"/>
</kw>
<kw name="Split String" library="String">
<var>${words}</var>
<arg>${TEST NAME}</arg>
<arg>${SPACE}</arg>
<doc>Splits the ``string`` using ``separator`` as a delimiter string.</doc>
<status status="NOT RUN" starttime="20231101 14:41:16.388" endtime="20231101 14:41:16.389"/>
</kw>
<kw name="Set Variable" library="BuiltIn">
<var>${new_text}</var>
<arg>${words[0]} ${random}</arg>
<doc>Returns the given values which can then be assigned to a variables.</doc>
<status status="NOT RUN" starttime="20231101 14:41:16.390" endtime="20231101 14:41:16.394"/>
</kw>
<status status="NOT RUN" starttime="20231101 14:41:16.386" endtime="20231101 14:41:16.395"/>
</branch>
<branch type="ELSE IF" condition="${cnt} &gt; 0 and '${type}' == 'number'">
<kw name="Random Int" library="FakerLibrary">
<var>${new_text}</var>
<doc>Generate a random integer between two integers ``min`` and ``max`` inclusive
while observing the provided ``step`` value.</doc>
<status status="NOT RUN" starttime="20231101 14:41:16.397" endtime="20231101 14:41:16.398"/>
</kw>
<kw name="Convert To String" library="BuiltIn">
<var>${new_text}</var>
<arg>${new_text}</arg>
<doc>Converts the given item to a Unicode string.</doc>
<status status="NOT RUN" starttime="20231101 14:41:16.398" endtime="20231101 14:41:16.399"/>
</kw>
<status status="NOT RUN" starttime="20231101 14:41:16.396" endtime="20231101 14:41:16.400"/>
</branch>
<branch type="ELSE IF" condition="${cnt} &gt; 0 and '${type}' == 'percentage'">
<kw name="Random Int" library="FakerLibrary">
<var>${new_text}</var>
<arg>max=100</arg>
<doc>Generate a random integer between two integers ``min`` and ``max`` inclusive
while observing the provided ``step`` value.</doc>
<status status="NOT RUN" starttime="20231101 14:41:16.402" endtime="20231101 14:41:16.402"/>
</kw>
<kw name="Convert To String" library="BuiltIn">
<var>${new_text}</var>
<arg>${new_text}</arg>
<doc>Converts the given item to a Unicode string.</doc>
<status status="NOT RUN" starttime="20231101 14:41:16.404" endtime="20231101 14:41:16.404"/>
</kw>
<status status="NOT RUN" starttime="20231101 14:41:16.400" endtime="20231101 14:41:16.405"/>
</branch>
<branch type="ELSE IF" condition="${cnt} &gt; 0 and '${type}' == 'paragraph'">
<kw name="Paragraph" library="FakerLibrary">
<var>${new_text}</var>
<doc>Generate a paragraph.</doc>
<status status="NOT RUN" starttime="20231101 14:41:16.406" endtime="20231101 14:41:16.410"/>
</kw>
<status status="NOT RUN" starttime="20231101 14:41:16.405" endtime="20231101 14:41:16.411"/>
</branch>
<branch type="ELSE IF" condition="${cnt} &gt; 0 and '${type}' == 'email'">
<kw name="Email" library="FakerLibrary">
<var>${new_text}</var>
<status status="NOT RUN" starttime="20231101 14:41:16.413" endtime="20231101 14:41:16.414"/>
</kw>
<status status="NOT RUN" starttime="20231101 14:41:16.412" endtime="20231101 14:41:16.415"/>
</branch>
<branch type="ELSE IF" condition="${cnt} &gt; 0 and '${type}' == 'phone'">
<kw name="Random Int" library="FakerLibrary">
<var>${new_text}</var>
<arg>min=2000000000</arg>
<arg>max=9999999999</arg>
<doc>Generate a random integer between two integers ``min`` and ``max`` inclusive
while observing the provided ``step`` value.</doc>
<status status="NOT RUN" starttime="20231101 14:41:16.417" endtime="20231101 14:41:16.418"/>
</kw>
<kw name="Convert To String" library="BuiltIn">
<var>${new_text}</var>
<arg>${new_text}</arg>
<doc>Converts the given item to a Unicode string.</doc>
<status status="NOT RUN" starttime="20231101 14:41:16.419" endtime="20231101 14:41:16.420"/>
</kw>
<kw name="Catenate" library="BuiltIn">
<var>${new_text}</var>
<arg>SEPARATOR=</arg>
<arg>0</arg>
<arg>${new_text}</arg>
<doc>Catenates the given items together and returns the resulted string.</doc>
<status status="NOT RUN" starttime="20231101 14:41:16.421" endtime="20231101 14:41:16.422"/>
</kw>
<status status="NOT RUN" starttime="20231101 14:41:16.415" endtime="20231101 14:41:16.422"/>
</branch>
<branch type="ELSE IF" condition="${cnt} &gt; 0 and '${type}' == 'color'">
<kw name="Safe Hex Color" library="FakerLibrary">
<var>${new_text}</var>
<doc>Generate a web-safe color formatted as a hex triplet.</doc>
<status status="NOT RUN" starttime="20231101 14:41:16.426" endtime="20231101 14:41:16.427"/>
</kw>
<status status="NOT RUN" starttime="20231101 14:41:16.423" endtime="20231101 14:41:16.428"/>
</branch>
<branch type="ELSE IF" condition="${cnt} &gt; 0 and &quot;${type}&quot; == 'password'">
<kw name="Password" library="FakerLibrary">
<var>${new_text}</var>
<arg>10</arg>
<arg>True</arg>
<arg>True</arg>
<arg>True</arg>
<arg>True</arg>
<doc>Generate a random password of the specified ``length``.</doc>
<status status="NOT RUN" starttime="20231101 14:41:16.429" endtime="20231101 14:41:16.431"/>
</kw>
<status status="NOT RUN" starttime="20231101 14:41:16.428" endtime="20231101 14:41:16.431"/>
</branch>
<branch type="ELSE IF" condition="${cnt} &gt; 0 and '${type}' == 'date'">
<kw name="Date" library="FakerLibrary">
<var>${new_text}</var>
<arg>pattern=%d-%m-%Y</arg>
<doc>Get a date string between January 1, 1970 and now.</doc>
<status status="NOT RUN" starttime="20231101 14:41:16.454" endtime="20231101 14:41:16.456"/>
</kw>
<status status="NOT RUN" starttime="20231101 14:41:16.432" endtime="20231101 14:41:16.456"/>
</branch>
<branch type="ELSE IF" condition="${cnt} &gt; 0 and '${type}' == 'word'">
<kw name="Sentence" library="FakerLibrary">
<var>${new_text}</var>
<arg>nb_words=2</arg>
<doc>Generate a sentence.</doc>
<status status="NOT RUN" starttime="20231101 14:41:16.463" endtime="20231101 14:41:16.464"/>
</kw>
<status status="NOT RUN" starttime="20231101 14:41:16.462" endtime="20231101 14:41:16.464"/>
</branch>
<branch type="ELSE IF" condition="${cnt} &gt; 0">
<kw name="Sentence" library="FakerLibrary">
<var>${new_text}</var>
<doc>Generate a sentence.</doc>
<status status="NOT RUN" starttime="20231101 14:41:16.466" endtime="20231101 14:41:16.467"/>
</kw>
<status status="NOT RUN" starttime="20231101 14:41:16.465" endtime="20231101 14:41:16.467"/>
</branch>
<status status="PASS" starttime="20231101 14:41:16.380" endtime="20231101 14:41:16.468"/>
</if>
<kw name="Get Length" library="BuiltIn">
<var>${cnt}</var>
<arg>${text}</arg>
<doc>Returns and logs the length of the given item as an integer.</doc>
<msg timestamp="20231101 14:41:16.470" level="INFO">Length is 15</msg>
<msg timestamp="20231101 14:41:16.470" level="INFO">${cnt} = 15</msg>
<status status="PASS" starttime="20231101 14:41:16.468" endtime="20231101 14:41:16.471"/>
</kw>
<if>
<branch type="IF" condition="${cnt} &gt; 0">
<kw name="Replace String" library="String">
<var>${text}</var>
<arg>${text}</arg>
<arg>${symbol}</arg>
<arg>${new_text}</arg>
<doc>Replaces ``search_for`` in the given ``string`` with ``replace_with``.</doc>
<msg timestamp="20231101 14:41:16.503" level="INFO">${text} = admin@gmail.com</msg>
<status status="PASS" starttime="20231101 14:41:16.480" endtime="20231101 14:41:16.504"/>
</kw>
<status status="PASS" starttime="20231101 14:41:16.472" endtime="20231101 14:41:16.506"/>
</branch>
<status status="PASS" starttime="20231101 14:41:16.471" endtime="20231101 14:41:16.513"/>
</if>
<msg timestamp="20231101 14:41:16.514" level="INFO">${text} = admin@gmail.com</msg>
<status status="PASS" starttime="20231101 14:41:16.335" endtime="20231101 14:41:16.514"/>
</kw>
<kw name="Get Element Form Item By Name" library="common">
<var>${element}</var>
<arg>${name}</arg>
<arg>//input[contains(@class, "ant-input")]</arg>
<msg timestamp="20231101 14:41:16.516" level="INFO">${element} = xpath=//*[contains(@class, "ant-form-item-label")]/label[text()="Email"]/../../*[contains(@class, "ant-form-item")]//input[contains(@class, "ant-input")]</msg>
<status status="PASS" starttime="20231101 14:41:16.515" endtime="20231101 14:41:16.517"/>
</kw>
<kw name="Click" library="Browser">
<arg>${element}</arg>
<tag>PageContent</tag>
<tag>Setter</tag>
<doc>Simulates mouse click on the element found by ``selector``.</doc>
<status status="PASS" starttime="20231101 14:41:16.517" endtime="20231101 14:41:16.737"/>
</kw>
<kw name="Clear Text" library="Browser">
<arg>${element}</arg>
<tag>PageContent</tag>
<tag>Setter</tag>
<doc>Clears the text field found by ``selector``.</doc>
<status status="PASS" starttime="20231101 14:41:16.738" endtime="20231101 14:41:16.803"/>
</kw>
<kw name="Fill Text" library="Browser">
<arg>${element}</arg>
<arg>${text}</arg>
<arg>True</arg>
<tag>PageContent</tag>
<tag>Setter</tag>
<doc>Clears and fills the given ``txt`` into the text field found by ``selector``.</doc>
<msg timestamp="20231101 14:41:16.806" level="INFO">Fills the text 'admin@gmail.com' in the given field.</msg>
<status status="PASS" starttime="20231101 14:41:16.804" endtime="20231101 14:41:16.868"/>
</kw>
<kw name="Get Text" library="Browser">
<var>${condition}</var>
<arg>${element}</arg>
<tag>Assertion</tag>
<tag>Getter</tag>
<tag>PageContent</tag>
<doc>Returns text attribute of the element found by ``selector``.</doc>
<msg timestamp="20231101 14:41:16.947" level="INFO">Text: 'admin@gmail.com'</msg>
<msg timestamp="20231101 14:41:16.947" level="INFO">${condition} = admin@gmail.com</msg>
<status status="PASS" starttime="20231101 14:41:16.869" endtime="20231101 14:41:16.947"/>
</kw>
<while condition="'${condition}' != '${text}'" limit="10">
<iter>
<kw name="Fill Text" library="Browser">
<arg>${element}</arg>
<arg>${text}</arg>
<tag>PageContent</tag>
<tag>Setter</tag>
<doc>Clears and fills the given ``txt`` into the text field found by ``selector``.</doc>
<status status="NOT RUN" starttime="20231101 14:41:16.949" endtime="20231101 14:41:16.950"/>
</kw>
<kw name="Get Text" library="Browser">
<var>${condition}</var>
<arg>${element}</arg>
<tag>Assertion</tag>
<tag>Getter</tag>
<tag>PageContent</tag>
<doc>Returns text attribute of the element found by ``selector``.</doc>
<status status="NOT RUN" starttime="20231101 14:41:16.951" endtime="20231101 14:41:16.951"/>
</kw>
<status status="NOT RUN" starttime="20231101 14:41:16.948" endtime="20231101 14:41:16.952"/>
</iter>
<status status="NOT RUN" starttime="20231101 14:41:16.948" endtime="20231101 14:41:16.952"/>
</while>
<kw name="Get Length" library="BuiltIn">
<var>${cnt}</var>
<arg>${text}</arg>
<doc>Returns and logs the length of the given item as an integer.</doc>
<msg timestamp="20231101 14:41:16.954" level="INFO">Length is 15</msg>
<msg timestamp="20231101 14:41:16.954" level="INFO">${cnt} = 15</msg>
<status status="PASS" starttime="20231101 14:41:16.953" endtime="20231101 14:41:16.955"/>
</kw>
<if>
<branch type="IF" condition="${cnt} &gt; 0">
<kw name="Set Global Variable" library="BuiltIn">
<arg>\${STATE["${name}"]}</arg>
<arg>${text}</arg>
<doc>Makes a variable available globally in all tests and suites.</doc>
<msg timestamp="20231101 14:41:16.961" level="INFO">${STATE["Email"]} = admin@gmail.com</msg>
<status status="PASS" starttime="20231101 14:41:16.956" endtime="20231101 14:41:16.962"/>
</kw>
<status status="PASS" starttime="20231101 14:41:16.955" endtime="20231101 14:41:16.962"/>
</branch>
<status status="PASS" starttime="20231101 14:41:16.955" endtime="20231101 14:41:16.963"/>
</if>
<kw name="Wait Until Network Is Idle" library="Browser">
<tag>HTTP</tag>
<tag>Wait</tag>
<doc>Waits until there has been at least one instance of 500 ms of no network traffic on the page after loading.</doc>
<status status="PASS" starttime="20231101 14:41:16.963" endtime="20231101 14:41:16.979"/>
</kw>
<status status="PASS" starttime="20231101 14:41:16.333" endtime="20231101 14:41:16.980"/>
</kw>
<kw name="Enter &quot;password&quot; in &quot;Mật khẩu&quot; with &quot;123123&quot;" library="common" sourcename="Enter &quot;${type}&quot; in &quot;${name}&quot; with &quot;${text}&quot;">
<kw name="Get Random Text" library="common">
<var>${text}</var>
<arg>${type}</arg>
<arg>${text}</arg>
<kw name="Set Variable" library="BuiltIn">
<var>${symbol}</var>
<arg>_RANDOM_</arg>
<doc>Returns the given values which can then be assigned to a variables.</doc>
<msg timestamp="20231101 14:41:16.984" level="INFO">${symbol} = _RANDOM_</msg>
<status status="PASS" starttime="20231101 14:41:16.983" endtime="20231101 14:41:16.984"/>
</kw>
<kw name="Set Variable" library="BuiltIn">
<var>${new_text}</var>
<doc>Returns the given values which can then be assigned to a variables.</doc>
<msg timestamp="20231101 14:41:16.986" level="INFO">${new_text} = </msg>
<status status="PASS" starttime="20231101 14:41:16.985" endtime="20231101 14:41:16.986"/>
</kw>
<kw name="Get Regexp Matches" library="String">
<var>${containsS}</var>
<arg>${text}</arg>
<arg>_@(.+)@_</arg>
<arg>1</arg>
<doc>Returns a list of all non-overlapping matches in the given string.</doc>
<msg timestamp="20231101 14:41:16.987" level="INFO">${containsS} = []</msg>
<status status="PASS" starttime="20231101 14:41:16.987" endtime="20231101 14:41:16.988"/>
</kw>
<kw name="Get Length" library="BuiltIn">
<var>${cntS}</var>
<arg>${containsS}</arg>
<doc>Returns and logs the length of the given item as an integer.</doc>
<msg timestamp="20231101 14:41:16.989" level="INFO">Length is 0</msg>
<msg timestamp="20231101 14:41:16.993" level="INFO">${cntS} = 0</msg>
<status status="PASS" starttime="20231101 14:41:16.988" endtime="20231101 14:41:16.994"/>
</kw>
<kw name="Get Regexp Matches" library="String">
<var>${contains}</var>
<arg>${text}</arg>
<arg>${symbol}</arg>
<doc>Returns a list of all non-overlapping matches in the given string.</doc>
<msg timestamp="20231101 14:41:16.995" level="INFO">${contains} = []</msg>
<status status="PASS" starttime="20231101 14:41:16.994" endtime="20231101 14:41:16.996"/>
</kw>
<kw name="Get Length" library="BuiltIn">
<var>${cnt}</var>
<arg>${contains}</arg>
<doc>Returns and logs the length of the given item as an integer.</doc>
<msg timestamp="20231101 14:41:16.997" level="INFO">Length is 0</msg>
<msg timestamp="20231101 14:41:16.998" level="INFO">${cnt} = 0</msg>
<status status="PASS" starttime="20231101 14:41:16.996" endtime="20231101 14:41:16.998"/>
</kw>
<if>
<branch type="IF" condition="${cntS} &gt; 0">
<kw name="Set Variable" library="BuiltIn">
<var>${new_text}</var>
<arg>${STATE["${containsS[0]}"]}</arg>
<doc>Returns the given values which can then be assigned to a variables.</doc>
<status status="NOT RUN" starttime="20231101 14:41:16.999" endtime="20231101 14:41:17.000"/>
</kw>
<kw name="Set Variable" library="BuiltIn">
<var>${symbol}</var>
<arg>_@${containsS[0]}@_</arg>
<doc>Returns the given values which can then be assigned to a variables.</doc>
<status status="NOT RUN" starttime="20231101 14:41:17.001" endtime="20231101 14:41:17.001"/>
</kw>
<status status="NOT RUN" starttime="20231101 14:41:16.999" endtime="20231101 14:41:17.002"/>
</branch>
<branch type="ELSE IF" condition="${cnt} &gt; 0 and '${type}' == 'test name'">
<kw name="Sentence" library="FakerLibrary">
<var>${random}</var>
<arg>nb_words=3</arg>
<doc>Generate a sentence.</doc>
<status status="NOT RUN" starttime="20231101 14:41:17.003" endtime="20231101 14:41:17.004"/>
</kw>
<kw name="Split String" library="String">
<var>${words}</var>
<arg>${TEST NAME}</arg>
<arg>${SPACE}</arg>
<doc>Splits the ``string`` using ``separator`` as a delimiter string.</doc>
<status status="NOT RUN" starttime="20231101 14:41:17.004" endtime="20231101 14:41:17.005"/>
</kw>
<kw name="Set Variable" library="BuiltIn">
<var>${new_text}</var>
<arg>${words[0]} ${random}</arg>
<doc>Returns the given values which can then be assigned to a variables.</doc>
<status status="NOT RUN" starttime="20231101 14:41:17.006" endtime="20231101 14:41:17.006"/>
</kw>
<status status="NOT RUN" starttime="20231101 14:41:17.002" endtime="20231101 14:41:17.010"/>
</branch>
<branch type="ELSE IF" condition="${cnt} &gt; 0 and '${type}' == 'number'">
<kw name="Random Int" library="FakerLibrary">
<var>${new_text}</var>
<doc>Generate a random integer between two integers ``min`` and ``max`` inclusive
while observing the provided ``step`` value.</doc>
<status status="NOT RUN" starttime="20231101 14:41:17.011" endtime="20231101 14:41:17.012"/>
</kw>
<kw name="Convert To String" library="BuiltIn">
<var>${new_text}</var>
<arg>${new_text}</arg>
<doc>Converts the given item to a Unicode string.</doc>
<status status="NOT RUN" starttime="20231101 14:41:17.013" endtime="20231101 14:41:17.013"/>
</kw>
<status status="NOT RUN" starttime="20231101 14:41:17.011" endtime="20231101 14:41:17.014"/>
</branch>
<branch type="ELSE IF" condition="${cnt} &gt; 0 and '${type}' == 'percentage'">
<kw name="Random Int" library="FakerLibrary">
<var>${new_text}</var>
<arg>max=100</arg>
<doc>Generate a random integer between two integers ``min`` and ``max`` inclusive
while observing the provided ``step`` value.</doc>
<status status="NOT RUN" starttime="20231101 14:41:17.015" endtime="20231101 14:41:17.016"/>
</kw>
<kw name="Convert To String" library="BuiltIn">
<var>${new_text}</var>
<arg>${new_text}</arg>
<doc>Converts the given item to a Unicode string.</doc>
<status status="NOT RUN" starttime="20231101 14:41:17.017" endtime="20231101 14:41:17.017"/>
</kw>
<status status="NOT RUN" starttime="20231101 14:41:17.014" endtime="20231101 14:41:17.018"/>
</branch>
<branch type="ELSE IF" condition="${cnt} &gt; 0 and '${type}' == 'paragraph'">
<kw name="Paragraph" library="FakerLibrary">
<var>${new_text}</var>
<doc>Generate a paragraph.</doc>
<status status="NOT RUN" starttime="20231101 14:41:17.019" endtime="20231101 14:41:17.020"/>
</kw>
<status status="NOT RUN" starttime="20231101 14:41:17.018" endtime="20231101 14:41:17.020"/>
</branch>
<branch type="ELSE IF" condition="${cnt} &gt; 0 and '${type}' == 'email'">
<kw name="Email" library="FakerLibrary">
<var>${new_text}</var>
<status status="NOT RUN" starttime="20231101 14:41:17.022" endtime="20231101 14:41:17.022"/>
</kw>
<status status="NOT RUN" starttime="20231101 14:41:17.020" endtime="20231101 14:41:17.023"/>
</branch>
<branch type="ELSE IF" condition="${cnt} &gt; 0 and '${type}' == 'phone'">
<kw name="Random Int" library="FakerLibrary">
<var>${new_text}</var>
<arg>min=2000000000</arg>
<arg>max=9999999999</arg>
<doc>Generate a random integer between two integers ``min`` and ``max`` inclusive
while observing the provided ``step`` value.</doc>
<status status="NOT RUN" starttime="20231101 14:41:17.027" endtime="20231101 14:41:17.028"/>
</kw>
<kw name="Convert To String" library="BuiltIn">
<var>${new_text}</var>
<arg>${new_text}</arg>
<doc>Converts the given item to a Unicode string.</doc>
<status status="NOT RUN" starttime="20231101 14:41:17.029" endtime="20231101 14:41:17.029"/>
</kw>
<kw name="Catenate" library="BuiltIn">
<var>${new_text}</var>
<arg>SEPARATOR=</arg>
<arg>0</arg>
<arg>${new_text}</arg>
<doc>Catenates the given items together and returns the resulted string.</doc>
<status status="NOT RUN" starttime="20231101 14:41:17.030" endtime="20231101 14:41:17.030"/>
</kw>
<status status="NOT RUN" starttime="20231101 14:41:17.023" endtime="20231101 14:41:17.031"/>
</branch>
<branch type="ELSE IF" condition="${cnt} &gt; 0 and '${type}' == 'color'">
<kw name="Safe Hex Color" library="FakerLibrary">
<var>${new_text}</var>
<doc>Generate a web-safe color formatted as a hex triplet.</doc>
<status status="NOT RUN" starttime="20231101 14:41:17.032" endtime="20231101 14:41:17.033"/>
</kw>
<status status="NOT RUN" starttime="20231101 14:41:17.031" endtime="20231101 14:41:17.033"/>
</branch>
<branch type="ELSE IF" condition="${cnt} &gt; 0 and &quot;${type}&quot; == 'password'">
<kw name="Password" library="FakerLibrary">
<var>${new_text}</var>
<arg>10</arg>
<arg>True</arg>
<arg>True</arg>
<arg>True</arg>
<arg>True</arg>
<doc>Generate a random password of the specified ``length``.</doc>
<status status="NOT RUN" starttime="20231101 14:41:17.035" endtime="20231101 14:41:17.035"/>
</kw>
<status status="NOT RUN" starttime="20231101 14:41:17.034" endtime="20231101 14:41:17.062"/>
</branch>
<branch type="ELSE IF" condition="${cnt} &gt; 0 and '${type}' == 'date'">
<kw name="Date" library="FakerLibrary">
<var>${new_text}</var>
<arg>pattern=%d-%m-%Y</arg>
<doc>Get a date string between January 1, 1970 and now.</doc>
<status status="NOT RUN" starttime="20231101 14:41:17.065" endtime="20231101 14:41:17.067"/>
</kw>
<status status="NOT RUN" starttime="20231101 14:41:17.064" endtime="20231101 14:41:17.068"/>
</branch>
<branch type="ELSE IF" condition="${cnt} &gt; 0 and '${type}' == 'word'">
<kw name="Sentence" library="FakerLibrary">
<var>${new_text}</var>
<arg>nb_words=2</arg>
<doc>Generate a sentence.</doc>
<status status="NOT RUN" starttime="20231101 14:41:17.071" endtime="20231101 14:41:17.072"/>
</kw>
<status status="NOT RUN" starttime="20231101 14:41:17.069" endtime="20231101 14:41:17.073"/>
</branch>
<branch type="ELSE IF" condition="${cnt} &gt; 0">
<kw name="Sentence" library="FakerLibrary">
<var>${new_text}</var>
<doc>Generate a sentence.</doc>
<status status="NOT RUN" starttime="20231101 14:41:17.078" endtime="20231101 14:41:17.079"/>
</kw>
<status status="NOT RUN" starttime="20231101 14:41:17.077" endtime="20231101 14:41:17.079"/>
</branch>
<status status="PASS" starttime="20231101 14:41:16.998" endtime="20231101 14:41:17.080"/>
</if>
<kw name="Get Length" library="BuiltIn">
<var>${cnt}</var>
<arg>${text}</arg>
<doc>Returns and logs the length of the given item as an integer.</doc>
<msg timestamp="20231101 14:41:17.082" level="INFO">Length is 6</msg>
<msg timestamp="20231101 14:41:17.083" level="INFO">${cnt} = 6</msg>
<status status="PASS" starttime="20231101 14:41:17.081" endtime="20231101 14:41:17.083"/>
</kw>
<if>
<branch type="IF" condition="${cnt} &gt; 0">
<kw name="Replace String" library="String">
<var>${text}</var>
<arg>${text}</arg>
<arg>${symbol}</arg>
<arg>${new_text}</arg>
<doc>Replaces ``search_for`` in the given ``string`` with ``replace_with``.</doc>
<msg timestamp="20231101 14:41:17.086" level="INFO">${text} = 123123</msg>
<status status="PASS" starttime="20231101 14:41:17.085" endtime="20231101 14:41:17.086"/>
</kw>
<status status="PASS" starttime="20231101 14:41:17.084" endtime="20231101 14:41:17.087"/>
</branch>
<status status="PASS" starttime="20231101 14:41:17.084" endtime="20231101 14:41:17.087"/>
</if>
<msg timestamp="20231101 14:41:17.088" level="INFO">${text} = 123123</msg>
<status status="PASS" starttime="20231101 14:41:16.982" endtime="20231101 14:41:17.088"/>
</kw>
<kw name="Get Element Form Item By Name" library="common">
<var>${element}</var>
<arg>${name}</arg>
<arg>//input[contains(@class, "ant-input")]</arg>
<msg timestamp="20231101 14:41:17.090" level="INFO">${element} = xpath=//*[contains(@class, "ant-form-item-label")]/label[text()="Mật khẩu"]/../../*[contains(@class, "ant-form-item")]//input[contains(@class, "ant-input")]</msg>
<status status="PASS" starttime="20231101 14:41:17.088" endtime="20231101 14:41:17.092"/>
</kw>
<kw name="Click" library="Browser">
<arg>${element}</arg>
<tag>PageContent</tag>
<tag>Setter</tag>
<doc>Simulates mouse click on the element found by ``selector``.</doc>
<status status="PASS" starttime="20231101 14:41:17.093" endtime="20231101 14:41:17.201"/>
</kw>
<kw name="Clear Text" library="Browser">
<arg>${element}</arg>
<tag>PageContent</tag>
<tag>Setter</tag>
<doc>Clears the text field found by ``selector``.</doc>
<status status="PASS" starttime="20231101 14:41:17.202" endtime="20231101 14:41:17.252"/>
</kw>
<kw name="Fill Text" library="Browser">
<arg>${element}</arg>
<arg>${text}</arg>
<arg>True</arg>
<tag>PageContent</tag>
<tag>Setter</tag>
<doc>Clears and fills the given ``txt`` into the text field found by ``selector``.</doc>
<msg timestamp="20231101 14:41:17.254" level="INFO">Fills the text '123123' in the given field.</msg>
<status status="PASS" starttime="20231101 14:41:17.253" endtime="20231101 14:41:17.317"/>
</kw>
<kw name="Get Text" library="Browser">
<var>${condition}</var>
<arg>${element}</arg>
<tag>Assertion</tag>
<tag>Getter</tag>
<tag>PageContent</tag>
<doc>Returns text attribute of the element found by ``selector``.</doc>
<msg timestamp="20231101 14:41:17.367" level="INFO">Text: '123123'</msg>
<msg timestamp="20231101 14:41:17.368" level="INFO">${condition} = 123123</msg>
<status status="PASS" starttime="20231101 14:41:17.318" endtime="20231101 14:41:17.368"/>
</kw>
<while condition="'${condition}' != '${text}'" limit="10">
<iter>
<kw name="Fill Text" library="Browser">
<arg>${element}</arg>
<arg>${text}</arg>
<tag>PageContent</tag>
<tag>Setter</tag>
<doc>Clears and fills the given ``txt`` into the text field found by ``selector``.</doc>
<status status="NOT RUN" starttime="20231101 14:41:17.370" endtime="20231101 14:41:17.371"/>
</kw>
<kw name="Get Text" library="Browser">
<var>${condition}</var>
<arg>${element}</arg>
<tag>Assertion</tag>
<tag>Getter</tag>
<tag>PageContent</tag>
<doc>Returns text attribute of the element found by ``selector``.</doc>
<status status="NOT RUN" starttime="20231101 14:41:17.371" endtime="20231101 14:41:17.372"/>
</kw>
<status status="NOT RUN" starttime="20231101 14:41:17.369" endtime="20231101 14:41:17.372"/>
</iter>
<status status="NOT RUN" starttime="20231101 14:41:17.369" endtime="20231101 14:41:17.373"/>
</while>
<kw name="Get Length" library="BuiltIn">
<var>${cnt}</var>
<arg>${text}</arg>
<doc>Returns and logs the length of the given item as an integer.</doc>
<msg timestamp="20231101 14:41:17.378" level="INFO">Length is 6</msg>
<msg timestamp="20231101 14:41:17.378" level="INFO">${cnt} = 6</msg>
<status status="PASS" starttime="20231101 14:41:17.377" endtime="20231101 14:41:17.379"/>
</kw>
<if>
<branch type="IF" condition="${cnt} &gt; 0">
<kw name="Set Global Variable" library="BuiltIn">
<arg>\${STATE["${name}"]}</arg>
<arg>${text}</arg>
<doc>Makes a variable available globally in all tests and suites.</doc>
<msg timestamp="20231101 14:41:17.382" level="INFO">${STATE["Mật khẩu"]} = 123123</msg>
<status status="PASS" starttime="20231101 14:41:17.381" endtime="20231101 14:41:17.383"/>
</kw>
<status status="PASS" starttime="20231101 14:41:17.380" endtime="20231101 14:41:17.383"/>
</branch>
<status status="PASS" starttime="20231101 14:41:17.379" endtime="20231101 14:41:17.384"/>
</if>
<kw name="Wait Until Network Is Idle" library="Browser">
<tag>HTTP</tag>
<tag>Wait</tag>
<doc>Waits until there has been at least one instance of 500 ms of no network traffic on the page after loading.</doc>
<status status="PASS" starttime="20231101 14:41:17.385" endtime="20231101 14:41:17.395"/>
</kw>
<status status="PASS" starttime="20231101 14:41:16.981" endtime="20231101 14:41:17.396"/>
</kw>
<kw name="Click &quot;Đăng nhập&quot; button" library="common" sourcename="Click &quot;${text}&quot; button">
<kw name="Sleep" library="BuiltIn">
<arg>${SHOULD_TIMEOUT}</arg>
<doc>Pauses the test executed for the given time.</doc>
<msg timestamp="20231101 14:41:17.499" level="INFO">Slept 100 milliseconds</msg>
<status status="PASS" starttime="20231101 14:41:17.398" endtime="20231101 14:41:17.499"/>
</kw>
<kw name="Get Element Count" library="Browser">
<var>${cnt}</var>
<arg>//button[@title = "${text}"]</arg>
<tag>Assertion</tag>
<tag>Getter</tag>
<tag>PageContent</tag>
<doc>Returns the count of elements found with ``selector``.</doc>
<msg timestamp="20231101 14:41:17.514" level="INFO">${cnt} = 1</msg>
<status status="PASS" starttime="20231101 14:41:17.500" endtime="20231101 14:41:17.514"/>
</kw>
<if>
<branch type="IF" condition="${cnt} &gt; 0">
<kw name="Click" library="Browser">
<arg>xpath=//button[@title = "${text}"]</arg>
<tag>PageContent</tag>
<tag>Setter</tag>
<doc>Simulates mouse click on the element found by ``selector``.</doc>
<status status="PASS" starttime="20231101 14:41:17.516" endtime="20231101 14:41:17.697"/>
</kw>
<kw name="Click Confirm To Action" library="common">
<kw name="Set Variable" library="BuiltIn">
<var>${element}</var>
<arg>xpath=//*[contains(@class, "ant-popover")]//*[contains(@class, "ant-btn-primary")]</arg>
<doc>Returns the given values which can then be assigned to a variables.</doc>
<msg timestamp="20231101 14:41:17.701" level="INFO">${element} = xpath=//*[contains(@class, "ant-popover")]//*[contains(@class, "ant-btn-primary")]</msg>
<status status="PASS" starttime="20231101 14:41:17.700" endtime="20231101 14:41:17.701"/>
</kw>
<kw name="Get Element Count" library="Browser">
<var>${count}</var>
<arg>${element}</arg>
<tag>Assertion</tag>
<tag>Getter</tag>
<tag>PageContent</tag>
<doc>Returns the count of elements found with ``selector``.</doc>
<msg timestamp="20231101 14:41:17.718" level="INFO">${count} = 0</msg>
<status status="PASS" starttime="20231101 14:41:17.702" endtime="20231101 14:41:17.720"/>
</kw>
<if>
<branch type="IF" condition="${count} &gt; 0">
<kw name="Click" library="Browser">
<arg>${element}</arg>
<tag>PageContent</tag>
<tag>Setter</tag>
<doc>Simulates mouse click on the element found by ``selector``.</doc>
<status status="NOT RUN" starttime="20231101 14:41:17.723" endtime="20231101 14:41:17.727"/>
</kw>
<kw name="Sleep" library="BuiltIn">
<arg>${SHOULD_TIMEOUT}</arg>
<doc>Pauses the test executed for the given time.</doc>
<status status="NOT RUN" starttime="20231101 14:41:17.729" endtime="20231101 14:41:17.730"/>
</kw>
<kw name="Wait Until Element Spin" library="common">
<status status="NOT RUN" starttime="20231101 14:41:17.730" endtime="20231101 14:41:17.731"/>
</kw>
<status status="NOT RUN" starttime="20231101 14:41:17.721" endtime="20231101 14:41:17.732"/>
</branch>
<status status="PASS" starttime="20231101 14:41:17.721" endtime="20231101 14:41:17.732"/>
</if>
<status status="PASS" starttime="20231101 14:41:17.699" endtime="20231101 14:41:17.733"/>
</kw>
<kw name="Scroll By" library="Browser">
<arg>${None}</arg>
<tag>PageContent</tag>
<tag>Setter</tag>
<doc>Scrolls an element or the page relative from current position by the given values.</doc>
<msg timestamp="20231101 14:41:17.767" level="INFO">JavaScript executed successfully.</msg>
<msg timestamp="20231101 14:41:17.767" level="INFO">JavaScript executed successfully.</msg>
<msg timestamp="20231101 14:41:17.789" level="INFO">JavaScript executed successfully.</msg>
<msg timestamp="20231101 14:41:17.789" level="INFO">JavaScript executed successfully.</msg>
<msg timestamp="20231101 14:41:17.801" level="INFO">JavaScript executed successfully.</msg>
<status status="PASS" starttime="20231101 14:41:17.733" endtime="20231101 14:41:17.801"/>
</kw>
<status status="PASS" starttime="20231101 14:41:17.515" endtime="20231101 14:41:17.802"/>
</branch>
<branch type="ELSE">
<kw name="Click" library="Browser">
<arg>//span[contains(text(),"${text}")]</arg>
<tag>PageContent</tag>
<tag>Setter</tag>
<doc>Simulates mouse click on the element found by ``selector``.</doc>
<status status="NOT RUN" starttime="20231101 14:41:17.803" endtime="20231101 14:41:17.804"/>
</kw>
<kw name="Click Confirm To Action" library="common">
<status status="NOT RUN" starttime="20231101 14:41:17.805" endtime="20231101 14:41:17.805"/>
</kw>
<kw name="Scroll By" library="Browser">
<arg>${None}</arg>
<tag>PageContent</tag>
<tag>Setter</tag>
<doc>Scrolls an element or the page relative from current position by the given values.</doc>
<status status="NOT RUN" starttime="20231101 14:41:17.806" endtime="20231101 14:41:17.809"/>
</kw>
<status status="NOT RUN" starttime="20231101 14:41:17.803" endtime="20231101 14:41:17.810"/>
</branch>
<status status="PASS" starttime="20231101 14:41:17.515" endtime="20231101 14:41:17.811"/>
</if>
<kw name="Wait Until Network Is Idle" library="Browser">
<tag>HTTP</tag>
<tag>Wait</tag>
<doc>Waits until there has been at least one instance of 500 ms of no network traffic on the page after loading.</doc>
<status status="PASS" starttime="20231101 14:41:17.811" endtime="20231101 14:41:17.819"/>
</kw>
<status status="PASS" starttime="20231101 14:41:17.397" endtime="20231101 14:41:17.820"/>
</kw>
<kw name="User look message &quot;Success&quot; popup" library="common" sourcename="User look message &quot;${message}&quot; popup">
<kw name="Get Regexp Matches" library="String">
<var>${contains}</var>
<arg>${message}</arg>
<arg>_@(.+)@_</arg>
<arg>1</arg>
<doc>Returns a list of all non-overlapping matches in the given string.</doc>
<msg timestamp="20231101 14:41:17.823" level="INFO">${contains} = []</msg>
<status status="PASS" starttime="20231101 14:41:17.822" endtime="20231101 14:41:17.823"/>
</kw>
<kw name="Get Length" library="BuiltIn">
<var>${cnt}</var>
<arg>${contains}</arg>
<doc>Returns and logs the length of the given item as an integer.</doc>
<msg timestamp="20231101 14:41:17.827" level="INFO">Length is 0</msg>
<msg timestamp="20231101 14:41:17.827" level="INFO">${cnt} = 0</msg>
<status status="PASS" starttime="20231101 14:41:17.826" endtime="20231101 14:41:17.828"/>
</kw>
<if>
<branch type="IF" condition="${cnt} &gt; 0">
<kw name="Replace String" library="String">
<var>${message}</var>
<arg>${message}</arg>
<arg>_@${contains[0]}@_</arg>
<arg>${STATE["${contains[0]}"]}</arg>
<doc>Replaces ``search_for`` in the given ``string`` with ``replace_with``.</doc>
<status status="NOT RUN" starttime="20231101 14:41:17.830" endtime="20231101 14:41:17.830"/>
</kw>
<status status="NOT RUN" starttime="20231101 14:41:17.829" endtime="20231101 14:41:17.831"/>
</branch>
<status status="PASS" starttime="20231101 14:41:17.828" endtime="20231101 14:41:17.832"/>
</if>
<kw name="Wait Until Keyword Succeeds" library="BuiltIn">
<arg>${SHOULD_TIMEOUT}</arg>
<arg>${TIME_TRY}</arg>
<arg>Element Text Should Be</arg>
<arg>id=swal2-html-container</arg>
<arg>${message}</arg>
<doc>Runs the specified keyword and retries if it fails.</doc>
<kw name="Element Text Should Be" library="common">
<arg>id=swal2-html-container</arg>
<arg>${message}</arg>
<kw name="Get Text" library="Browser">
<arg>${locator}</arg>
<arg>equal</arg>
<arg>${expected}</arg>
<arg>${message}</arg>
<tag>Assertion</tag>
<tag>Getter</tag>
<tag>PageContent</tag>
<doc>Returns text attribute of the element found by ``selector``.</doc>
<msg timestamp="20231101 14:41:18.556" level="INFO">Text: 'Success'</msg>
<status status="PASS" starttime="20231101 14:41:17.839" endtime="20231101 14:41:18.557"/>
</kw>
<status status="PASS" starttime="20231101 14:41:17.835" endtime="20231101 14:41:18.558"/>
</kw>
<status status="PASS" starttime="20231101 14:41:17.832" endtime="20231101 14:41:18.559"/>
</kw>
<kw name="Set Variable" library="BuiltIn">
<var>${element}</var>
<arg>xpath=//*[contains(@class, "swal2-confirm")]</arg>
<doc>Returns the given values which can then be assigned to a variables.</doc>
<msg timestamp="20231101 14:41:18.561" level="INFO">${element} = xpath=//*[contains(@class, "swal2-confirm")]</msg>
<status status="PASS" starttime="20231101 14:41:18.560" endtime="20231101 14:41:18.561"/>
</kw>
<kw name="Run Keyword And Return Status" library="BuiltIn">
<var>${passed}</var>
<arg>Element Should Be Visible</arg>
<arg>${element}</arg>
<doc>Runs the given keyword with given arguments and returns the status as a Boolean value.</doc>
<kw name="Element Should Be Visible" library="common">
<arg>${element}</arg>
<kw name="Wait For Elements State" library="Browser">
<arg>${locator}</arg>
<arg>visible</arg>
<arg>${timeout}</arg>
<arg>${message}</arg>
<tag>PageContent</tag>
<tag>Wait</tag>
<doc>Waits for the element found by ``selector`` to satisfy state option.</doc>
<msg timestamp="20231101 14:41:18.905" level="INFO" html="true">&lt;/td&gt;&lt;/tr&gt;&lt;tr&gt;&lt;td colspan="3"&gt;&lt;a href="browser/screenshot/fail-screenshot-1.png" target="_blank"&gt;&lt;img src="browser/screenshot/fail-screenshot-1.png" width="800px"/&gt;&lt;/a&gt;</msg>
<msg timestamp="20231101 14:41:18.906" level="INFO">See also file:///D:/Intern%20test/Automation/playwright-log.txt for additional details.</msg>
<msg timestamp="20231101 14:41:18.906" level="FAIL">TimeoutError: locator.waitFor: Timeout 100ms exceeded.
=========================== logs ===========================
waiting for locator('xpath=//*[contains(@class, "swal2-confirm")]') to be visible
  locator resolved to hidden &lt;button type="button" aria-label="" class="swal2-confirm…&gt;OK&lt;/button&gt;
  locator resolved to hidden &lt;button type="button" aria-label="" class="swal2-confirm…&gt;OK&lt;/button&gt;
  locator resolved to hidden &lt;button type="button" aria-label="" class="swal2-confirm…&gt;OK&lt;/button&gt;
============================================================
Tip: Use "Set Browser Timeout" for increasing the timeout or double check your locator as the targeted element(s) couldn't be found.</msg>
<status status="FAIL" starttime="20231101 14:41:18.565" endtime="20231101 14:41:18.926"/>
</kw>
<status status="FAIL" starttime="20231101 14:41:18.562" endtime="20231101 14:41:18.927"/>
</kw>
<msg timestamp="20231101 14:41:18.927" level="INFO">${passed} = False</msg>
<status status="PASS" starttime="20231101 14:41:18.562" endtime="20231101 14:41:18.927"/>
</kw>
<if>
<branch type="IF" condition="'${passed}' == 'True'">
<kw name="Click" library="Browser">
<arg>${element}</arg>
<tag>PageContent</tag>
<tag>Setter</tag>
<doc>Simulates mouse click on the element found by ``selector``.</doc>
<status status="NOT RUN" starttime="20231101 14:41:18.928" endtime="20231101 14:41:18.929"/>
</kw>
<status status="NOT RUN" starttime="20231101 14:41:18.928" endtime="20231101 14:41:18.929"/>
</branch>
<status status="PASS" starttime="20231101 14:41:18.927" endtime="20231101 14:41:18.929"/>
</if>
<status status="PASS" starttime="20231101 14:41:17.820" endtime="20231101 14:41:18.929"/>
</kw>
<status status="PASS" starttime="20231101 14:41:16.329" endtime="20231101 14:41:18.930"/>
</kw>
<kw name="Click &quot;QUẢN LÝ DANH MỤC&quot; menu" library="common" sourcename="Click &quot;${text}&quot; menu">
<kw name="Click" library="Browser">
<arg>xpath=//li[contains(@class, "menu") and descendant::span[contains(text(), "${text}")]]</arg>
<tag>PageContent</tag>
<tag>Setter</tag>
<doc>Simulates mouse click on the element found by ``selector``.</doc>
<status status="PASS" starttime="20231101 14:41:18.932" endtime="20231101 14:41:19.998"/>
</kw>
<status status="PASS" starttime="20231101 14:41:18.931" endtime="20231101 14:41:19.999"/>
</kw>
<kw name="Click &quot;Quản lý dữ liệu&quot; sub menu to &quot;/data&quot;" library="common" sourcename="Click &quot;${text}&quot; sub menu to &quot;${url}&quot;">
<kw name="Wait Until Element Spin" library="common">
<kw name="Sleep" library="BuiltIn">
<arg>${SHOULD_TIMEOUT}</arg>
<doc>Pauses the test executed for the given time.</doc>
<msg timestamp="20231101 14:41:20.101" level="INFO">Slept 100 milliseconds</msg>
<status status="PASS" starttime="20231101 14:41:20.001" endtime="20231101 14:41:20.101"/>
</kw>
<kw name="Set Variable" library="BuiltIn">
<var>${element}</var>
<arg>xpath=//*[contains(@class, "ant-spin-spinning")]</arg>
<doc>Returns the given values which can then be assigned to a variables.</doc>
<msg timestamp="20231101 14:41:20.102" level="INFO">${element} = xpath=//*[contains(@class, "ant-spin-spinning")]</msg>
<status status="PASS" starttime="20231101 14:41:20.101" endtime="20231101 14:41:20.102"/>
</kw>
<kw name="Get Element Count" library="Browser">
<var>${count}</var>
<arg>${element}</arg>
<tag>Assertion</tag>
<tag>Getter</tag>
<tag>PageContent</tag>
<doc>Returns the count of elements found with ``selector``.</doc>
<msg timestamp="20231101 14:41:20.111" level="INFO">${count} = 0</msg>
<status status="PASS" starttime="20231101 14:41:20.102" endtime="20231101 14:41:20.112"/>
</kw>
<if>
<branch type="IF" condition="${count} &gt; 0">
<kw name="Wait Until Page Does Not Contain Element" library="common">
<arg>${element}</arg>
<status status="NOT RUN" starttime="20231101 14:41:20.113" endtime="20231101 14:41:20.114"/>
</kw>
<status status="NOT RUN" starttime="20231101 14:41:20.113" endtime="20231101 14:41:20.115"/>
</branch>
<status status="PASS" starttime="20231101 14:41:20.112" endtime="20231101 14:41:20.115"/>
</if>
<status status="PASS" starttime="20231101 14:41:20.000" endtime="20231101 14:41:20.116"/>
</kw>
<kw name="Click" library="Browser">
<arg>xpath=//a[contains(@class, "sub-menu") and descendant::span[contains(text(), "${text}")]]</arg>
<tag>PageContent</tag>
<tag>Setter</tag>
<doc>Simulates mouse click on the element found by ``selector``.</doc>
<status status="PASS" starttime="20231101 14:41:20.117" endtime="20231101 14:41:20.439"/>
</kw>
<kw name="Get Url" library="Browser">
<var>${curent_url}</var>
<tag>Assertion</tag>
<tag>Getter</tag>
<tag>PageContent</tag>
<doc>Returns the current URL.</doc>
<msg timestamp="20231101 14:41:20.446" level="INFO">${curent_url} = http://dev1.geneat.vn:7802/vn/data</msg>
<status status="PASS" starttime="20231101 14:41:20.441" endtime="20231101 14:41:20.446"/>
</kw>
<kw name="Should Contain" library="BuiltIn">
<arg>${curent_url}</arg>
<arg>${URL_DEFAULT}${url}</arg>
<doc>Fails if ``container`` does not contain ``item`` one or more times.</doc>
<status status="PASS" starttime="20231101 14:41:20.447" endtime="20231101 14:41:20.448"/>
</kw>
<status status="PASS" starttime="20231101 14:41:19.999" endtime="20231101 14:41:20.448"/>
</kw>
<status status="PASS" starttime="20231101 14:41:16.328" endtime="20231101 14:41:20.449"/>
</kw>
<kw name="Click &quot;Tạo mới&quot; button" library="common" sourcename="Click &quot;${text}&quot; button">
<kw name="Sleep" library="BuiltIn">
<arg>${SHOULD_TIMEOUT}</arg>
<doc>Pauses the test executed for the given time.</doc>
<msg timestamp="20231101 14:41:20.553" level="INFO">Slept 100 milliseconds</msg>
<status status="PASS" starttime="20231101 14:41:20.451" endtime="20231101 14:41:20.553"/>
</kw>
<kw name="Get Element Count" library="Browser">
<var>${cnt}</var>
<arg>//button[@title = "${text}"]</arg>
<tag>Assertion</tag>
<tag>Getter</tag>
<tag>PageContent</tag>
<doc>Returns the count of elements found with ``selector``.</doc>
<msg timestamp="20231101 14:41:20.980" level="INFO">${cnt} = 1</msg>
<status status="PASS" starttime="20231101 14:41:20.554" endtime="20231101 14:41:20.981"/>
</kw>
<if>
<branch type="IF" condition="${cnt} &gt; 0">
<kw name="Click" library="Browser">
<arg>xpath=//button[@title = "${text}"]</arg>
<tag>PageContent</tag>
<tag>Setter</tag>
<doc>Simulates mouse click on the element found by ``selector``.</doc>
<status status="PASS" starttime="20231101 14:41:20.983" endtime="20231101 14:41:21.185"/>
</kw>
<kw name="Click Confirm To Action" library="common">
<kw name="Set Variable" library="BuiltIn">
<var>${element}</var>
<arg>xpath=//*[contains(@class, "ant-popover")]//*[contains(@class, "ant-btn-primary")]</arg>
<doc>Returns the given values which can then be assigned to a variables.</doc>
<msg timestamp="20231101 14:41:21.187" level="INFO">${element} = xpath=//*[contains(@class, "ant-popover")]//*[contains(@class, "ant-btn-primary")]</msg>
<status status="PASS" starttime="20231101 14:41:21.186" endtime="20231101 14:41:21.187"/>
</kw>
<kw name="Get Element Count" library="Browser">
<var>${count}</var>
<arg>${element}</arg>
<tag>Assertion</tag>
<tag>Getter</tag>
<tag>PageContent</tag>
<doc>Returns the count of elements found with ``selector``.</doc>
<msg timestamp="20231101 14:41:21.201" level="INFO">${count} = 0</msg>
<status status="PASS" starttime="20231101 14:41:21.187" endtime="20231101 14:41:21.201"/>
</kw>
<if>
<branch type="IF" condition="${count} &gt; 0">
<kw name="Click" library="Browser">
<arg>${element}</arg>
<tag>PageContent</tag>
<tag>Setter</tag>
<doc>Simulates mouse click on the element found by ``selector``.</doc>
<status status="NOT RUN" starttime="20231101 14:41:21.203" endtime="20231101 14:41:21.204"/>
</kw>
<kw name="Sleep" library="BuiltIn">
<arg>${SHOULD_TIMEOUT}</arg>
<doc>Pauses the test executed for the given time.</doc>
<status status="NOT RUN" starttime="20231101 14:41:21.204" endtime="20231101 14:41:21.205"/>
</kw>
<kw name="Wait Until Element Spin" library="common">
<status status="NOT RUN" starttime="20231101 14:41:21.205" endtime="20231101 14:41:21.205"/>
</kw>
<status status="NOT RUN" starttime="20231101 14:41:21.202" endtime="20231101 14:41:21.205"/>
</branch>
<status status="PASS" starttime="20231101 14:41:21.202" endtime="20231101 14:41:21.205"/>
</if>
<status status="PASS" starttime="20231101 14:41:21.185" endtime="20231101 14:41:21.206"/>
</kw>
<kw name="Scroll By" library="Browser">
<arg>${None}</arg>
<tag>PageContent</tag>
<tag>Setter</tag>
<doc>Scrolls an element or the page relative from current position by the given values.</doc>
<msg timestamp="20231101 14:41:21.226" level="INFO">JavaScript executed successfully.</msg>
<msg timestamp="20231101 14:41:21.227" level="INFO">JavaScript executed successfully.</msg>
<msg timestamp="20231101 14:41:21.244" level="INFO">JavaScript executed successfully.</msg>
<msg timestamp="20231101 14:41:21.244" level="INFO">JavaScript executed successfully.</msg>
<msg timestamp="20231101 14:41:21.252" level="INFO">JavaScript executed successfully.</msg>
<status status="PASS" starttime="20231101 14:41:21.206" endtime="20231101 14:41:21.252"/>
</kw>
<status status="PASS" starttime="20231101 14:41:20.982" endtime="20231101 14:41:21.253"/>
</branch>
<branch type="ELSE">
<kw name="Click" library="Browser">
<arg>//span[contains(text(),"${text}")]</arg>
<tag>PageContent</tag>
<tag>Setter</tag>
<doc>Simulates mouse click on the element found by ``selector``.</doc>
<status status="NOT RUN" starttime="20231101 14:41:21.254" endtime="20231101 14:41:21.255"/>
</kw>
<kw name="Click Confirm To Action" library="common">
<status status="NOT RUN" starttime="20231101 14:41:21.255" endtime="20231101 14:41:21.256"/>
</kw>
<kw name="Scroll By" library="Browser">
<arg>${None}</arg>
<tag>PageContent</tag>
<tag>Setter</tag>
<doc>Scrolls an element or the page relative from current position by the given values.</doc>
<status status="NOT RUN" starttime="20231101 14:41:21.258" endtime="20231101 14:41:21.259"/>
</kw>
<status status="NOT RUN" starttime="20231101 14:41:21.253" endtime="20231101 14:41:21.260"/>
</branch>
<status status="PASS" starttime="20231101 14:41:20.981" endtime="20231101 14:41:21.260"/>
</if>
<kw name="Wait Until Network Is Idle" library="Browser">
<tag>HTTP</tag>
<tag>Wait</tag>
<doc>Waits until there has been at least one instance of 500 ms of no network traffic on the page after loading.</doc>
<status status="PASS" starttime="20231101 14:41:21.261" endtime="20231101 14:41:21.467"/>
</kw>
<status status="PASS" starttime="20231101 14:41:20.450" endtime="20231101 14:41:21.467"/>
</kw>
<status status="PASS" starttime="20231101 14:41:16.328" endtime="20231101 14:41:21.467"/>
</branch>
<status status="PASS" starttime="20231101 14:41:16.323" endtime="20231101 14:41:21.468"/>
</if>
<kw name="Enter &quot;test name&quot; in &quot;Tên loại&quot; with &quot;_RANDOM_&quot;" library="common" sourcename="Enter &quot;${type}&quot; in &quot;${name}&quot; with &quot;${text}&quot;">
<kw name="Get Random Text" library="common">
<var>${text}</var>
<arg>${type}</arg>
<arg>${text}</arg>
<kw name="Set Variable" library="BuiltIn">
<var>${symbol}</var>
<arg>_RANDOM_</arg>
<doc>Returns the given values which can then be assigned to a variables.</doc>
<msg timestamp="20231101 14:41:21.470" level="INFO">${symbol} = _RANDOM_</msg>
<status status="PASS" starttime="20231101 14:41:21.469" endtime="20231101 14:41:21.470"/>
</kw>
<kw name="Set Variable" library="BuiltIn">
<var>${new_text}</var>
<doc>Returns the given values which can then be assigned to a variables.</doc>
<msg timestamp="20231101 14:41:21.470" level="INFO">${new_text} = </msg>
<status status="PASS" starttime="20231101 14:41:21.470" endtime="20231101 14:41:21.471"/>
</kw>
<kw name="Get Regexp Matches" library="String">
<var>${containsS}</var>
<arg>${text}</arg>
<arg>_@(.+)@_</arg>
<arg>1</arg>
<doc>Returns a list of all non-overlapping matches in the given string.</doc>
<msg timestamp="20231101 14:41:21.472" level="INFO">${containsS} = []</msg>
<status status="PASS" starttime="20231101 14:41:21.471" endtime="20231101 14:41:21.472"/>
</kw>
<kw name="Get Length" library="BuiltIn">
<var>${cntS}</var>
<arg>${containsS}</arg>
<doc>Returns and logs the length of the given item as an integer.</doc>
<msg timestamp="20231101 14:41:21.477" level="INFO">Length is 0</msg>
<msg timestamp="20231101 14:41:21.477" level="INFO">${cntS} = 0</msg>
<status status="PASS" starttime="20231101 14:41:21.473" endtime="20231101 14:41:21.478"/>
</kw>
<kw name="Get Regexp Matches" library="String">
<var>${contains}</var>
<arg>${text}</arg>
<arg>${symbol}</arg>
<doc>Returns a list of all non-overlapping matches in the given string.</doc>
<msg timestamp="20231101 14:41:21.479" level="INFO">${contains} = ['_RANDOM_']</msg>
<status status="PASS" starttime="20231101 14:41:21.478" endtime="20231101 14:41:21.479"/>
</kw>
<kw name="Get Length" library="BuiltIn">
<var>${cnt}</var>
<arg>${contains}</arg>
<doc>Returns and logs the length of the given item as an integer.</doc>
<msg timestamp="20231101 14:41:21.480" level="INFO">Length is 1</msg>
<msg timestamp="20231101 14:41:21.480" level="INFO">${cnt} = 1</msg>
<status status="PASS" starttime="20231101 14:41:21.479" endtime="20231101 14:41:21.480"/>
</kw>
<if>
<branch type="IF" condition="${cntS} &gt; 0">
<kw name="Set Variable" library="BuiltIn">
<var>${new_text}</var>
<arg>${STATE["${containsS[0]}"]}</arg>
<doc>Returns the given values which can then be assigned to a variables.</doc>
<status status="NOT RUN" starttime="20231101 14:41:21.482" endtime="20231101 14:41:21.482"/>
</kw>
<kw name="Set Variable" library="BuiltIn">
<var>${symbol}</var>
<arg>_@${containsS[0]}@_</arg>
<doc>Returns the given values which can then be assigned to a variables.</doc>
<status status="NOT RUN" starttime="20231101 14:41:21.483" endtime="20231101 14:41:21.483"/>
</kw>
<status status="NOT RUN" starttime="20231101 14:41:21.480" endtime="20231101 14:41:21.483"/>
</branch>
<branch type="ELSE IF" condition="${cnt} &gt; 0 and '${type}' == 'test name'">
<kw name="Sentence" library="FakerLibrary">
<var>${random}</var>
<arg>nb_words=3</arg>
<doc>Generate a sentence.</doc>
<msg timestamp="20231101 14:41:21.484" level="INFO">${random} = Cumque quo.</msg>
<status status="PASS" starttime="20231101 14:41:21.484" endtime="20231101 14:41:21.484"/>
</kw>
<kw name="Split String" library="String">
<var>${words}</var>
<arg>${TEST NAME}</arg>
<arg>${SPACE}</arg>
<doc>Splits the ``string`` using ``separator`` as a delimiter string.</doc>
<msg timestamp="20231101 14:41:21.485" level="INFO">${words} = ['DA_10', 'Verify', 'the', 'search', 'function', 'when', 'enter', 'the', 'name', 'was', 'not', 'existed']</msg>
<status status="PASS" starttime="20231101 14:41:21.485" endtime="20231101 14:41:21.485"/>
</kw>
<kw name="Set Variable" library="BuiltIn">
<var>${new_text}</var>
<arg>${words[0]} ${random}</arg>
<doc>Returns the given values which can then be assigned to a variables.</doc>
<msg timestamp="20231101 14:41:21.487" level="INFO">${new_text} = DA_10 Cumque quo.</msg>
<status status="PASS" starttime="20231101 14:41:21.486" endtime="20231101 14:41:21.487"/>
</kw>
<status status="PASS" starttime="20231101 14:41:21.483" endtime="20231101 14:41:21.487"/>
</branch>
<branch type="ELSE IF" condition="${cnt} &gt; 0 and '${type}' == 'number'">
<kw name="Random Int" library="FakerLibrary">
<var>${new_text}</var>
<doc>Generate a random integer between two integers ``min`` and ``max`` inclusive
while observing the provided ``step`` value.</doc>
<status status="NOT RUN" starttime="20231101 14:41:21.488" endtime="20231101 14:41:21.488"/>
</kw>
<kw name="Convert To String" library="BuiltIn">
<var>${new_text}</var>
<arg>${new_text}</arg>
<doc>Converts the given item to a Unicode string.</doc>
<status status="NOT RUN" starttime="20231101 14:41:21.488" endtime="20231101 14:41:21.489"/>
</kw>
<status status="NOT RUN" starttime="20231101 14:41:21.488" endtime="20231101 14:41:21.489"/>
</branch>
<branch type="ELSE IF" condition="${cnt} &gt; 0 and '${type}' == 'percentage'">
<kw name="Random Int" library="FakerLibrary">
<var>${new_text}</var>
<arg>max=100</arg>
<doc>Generate a random integer between two integers ``min`` and ``max`` inclusive
while observing the provided ``step`` value.</doc>
<status status="NOT RUN" starttime="20231101 14:41:21.489" endtime="20231101 14:41:21.490"/>
</kw>
<kw name="Convert To String" library="BuiltIn">
<var>${new_text}</var>
<arg>${new_text}</arg>
<doc>Converts the given item to a Unicode string.</doc>
<status status="NOT RUN" starttime="20231101 14:41:21.493" endtime="20231101 14:41:21.493"/>
</kw>
<status status="NOT RUN" starttime="20231101 14:41:21.489" endtime="20231101 14:41:21.494"/>
</branch>
<branch type="ELSE IF" condition="${cnt} &gt; 0 and '${type}' == 'paragraph'">
<kw name="Paragraph" library="FakerLibrary">
<var>${new_text}</var>
<doc>Generate a paragraph.</doc>
<status status="NOT RUN" starttime="20231101 14:41:21.494" endtime="20231101 14:41:21.494"/>
</kw>
<status status="NOT RUN" starttime="20231101 14:41:21.494" endtime="20231101 14:41:21.495"/>
</branch>
<branch type="ELSE IF" condition="${cnt} &gt; 0 and '${type}' == 'email'">
<kw name="Email" library="FakerLibrary">
<var>${new_text}</var>
<status status="NOT RUN" starttime="20231101 14:41:21.495" endtime="20231101 14:41:21.495"/>
</kw>
<status status="NOT RUN" starttime="20231101 14:41:21.495" endtime="20231101 14:41:21.496"/>
</branch>
<branch type="ELSE IF" condition="${cnt} &gt; 0 and '${type}' == 'phone'">
<kw name="Random Int" library="FakerLibrary">
<var>${new_text}</var>
<arg>min=2000000000</arg>
<arg>max=9999999999</arg>
<doc>Generate a random integer between two integers ``min`` and ``max`` inclusive
while observing the provided ``step`` value.</doc>
<status status="NOT RUN" starttime="20231101 14:41:21.496" endtime="20231101 14:41:21.496"/>
</kw>
<kw name="Convert To String" library="BuiltIn">
<var>${new_text}</var>
<arg>${new_text}</arg>
<doc>Converts the given item to a Unicode string.</doc>
<status status="NOT RUN" starttime="20231101 14:41:21.497" endtime="20231101 14:41:21.497"/>
</kw>
<kw name="Catenate" library="BuiltIn">
<var>${new_text}</var>
<arg>SEPARATOR=</arg>
<arg>0</arg>
<arg>${new_text}</arg>
<doc>Catenates the given items together and returns the resulted string.</doc>
<status status="NOT RUN" starttime="20231101 14:41:21.498" endtime="20231101 14:41:21.498"/>
</kw>
<status status="NOT RUN" starttime="20231101 14:41:21.496" endtime="20231101 14:41:21.499"/>
</branch>
<branch type="ELSE IF" condition="${cnt} &gt; 0 and '${type}' == 'color'">
<kw name="Safe Hex Color" library="FakerLibrary">
<var>${new_text}</var>
<doc>Generate a web-safe color formatted as a hex triplet.</doc>
<status status="NOT RUN" starttime="20231101 14:41:21.499" endtime="20231101 14:41:21.499"/>
</kw>
<status status="NOT RUN" starttime="20231101 14:41:21.499" endtime="20231101 14:41:21.499"/>
</branch>
<branch type="ELSE IF" condition="${cnt} &gt; 0 and &quot;${type}&quot; == 'password'">
<kw name="Password" library="FakerLibrary">
<var>${new_text}</var>
<arg>10</arg>
<arg>True</arg>
<arg>True</arg>
<arg>True</arg>
<arg>True</arg>
<doc>Generate a random password of the specified ``length``.</doc>
<status status="NOT RUN" starttime="20231101 14:41:21.500" endtime="20231101 14:41:21.500"/>
</kw>
<status status="NOT RUN" starttime="20231101 14:41:21.500" endtime="20231101 14:41:21.500"/>
</branch>
<branch type="ELSE IF" condition="${cnt} &gt; 0 and '${type}' == 'date'">
<kw name="Date" library="FakerLibrary">
<var>${new_text}</var>
<arg>pattern=%d-%m-%Y</arg>
<doc>Get a date string between January 1, 1970 and now.</doc>
<status status="NOT RUN" starttime="20231101 14:41:21.501" endtime="20231101 14:41:21.501"/>
</kw>
<status status="NOT RUN" starttime="20231101 14:41:21.501" endtime="20231101 14:41:21.501"/>
</branch>
<branch type="ELSE IF" condition="${cnt} &gt; 0 and '${type}' == 'word'">
<kw name="Sentence" library="FakerLibrary">
<var>${new_text}</var>
<arg>nb_words=2</arg>
<doc>Generate a sentence.</doc>
<status status="NOT RUN" starttime="20231101 14:41:21.502" endtime="20231101 14:41:21.503"/>
</kw>
<status status="NOT RUN" starttime="20231101 14:41:21.502" endtime="20231101 14:41:21.503"/>
</branch>
<branch type="ELSE IF" condition="${cnt} &gt; 0">
<kw name="Sentence" library="FakerLibrary">
<var>${new_text}</var>
<doc>Generate a sentence.</doc>
<status status="NOT RUN" starttime="20231101 14:41:21.504" endtime="20231101 14:41:21.504"/>
</kw>
<status status="NOT RUN" starttime="20231101 14:41:21.503" endtime="20231101 14:41:21.504"/>
</branch>
<status status="PASS" starttime="20231101 14:41:21.480" endtime="20231101 14:41:21.504"/>
</if>
<kw name="Get Length" library="BuiltIn">
<var>${cnt}</var>
<arg>${text}</arg>
<doc>Returns and logs the length of the given item as an integer.</doc>
<msg timestamp="20231101 14:41:21.505" level="INFO">Length is 8</msg>
<msg timestamp="20231101 14:41:21.505" level="INFO">${cnt} = 8</msg>
<status status="PASS" starttime="20231101 14:41:21.505" endtime="20231101 14:41:21.505"/>
</kw>
<if>
<branch type="IF" condition="${cnt} &gt; 0">
<kw name="Replace String" library="String">
<var>${text}</var>
<arg>${text}</arg>
<arg>${symbol}</arg>
<arg>${new_text}</arg>
<doc>Replaces ``search_for`` in the given ``string`` with ``replace_with``.</doc>
<msg timestamp="20231101 14:41:21.510" level="INFO">${text} = DA_10 Cumque quo.</msg>
<status status="PASS" starttime="20231101 14:41:21.506" endtime="20231101 14:41:21.511"/>
</kw>
<status status="PASS" starttime="20231101 14:41:21.506" endtime="20231101 14:41:21.511"/>
</branch>
<status status="PASS" starttime="20231101 14:41:21.506" endtime="20231101 14:41:21.511"/>
</if>
<msg timestamp="20231101 14:41:21.512" level="INFO">${text} = DA_10 Cumque quo.</msg>
<status status="PASS" starttime="20231101 14:41:21.469" endtime="20231101 14:41:21.512"/>
</kw>
<kw name="Get Element Form Item By Name" library="common">
<var>${element}</var>
<arg>${name}</arg>
<arg>//input[contains(@class, "ant-input")]</arg>
<msg timestamp="20231101 14:41:21.513" level="INFO">${element} = xpath=//*[contains(@class, "ant-form-item-label")]/label[text()="Tên loại"]/../../*[contains(@class, "ant-form-item")]//input[contains(@class, "ant-input")]</msg>
<status status="PASS" starttime="20231101 14:41:21.512" endtime="20231101 14:41:21.514"/>
</kw>
<kw name="Click" library="Browser">
<arg>${element}</arg>
<tag>PageContent</tag>
<tag>Setter</tag>
<doc>Simulates mouse click on the element found by ``selector``.</doc>
<status status="PASS" starttime="20231101 14:41:21.514" endtime="20231101 14:41:21.717"/>
</kw>
<kw name="Clear Text" library="Browser">
<arg>${element}</arg>
<tag>PageContent</tag>
<tag>Setter</tag>
<doc>Clears the text field found by ``selector``.</doc>
<status status="PASS" starttime="20231101 14:41:21.719" endtime="20231101 14:41:21.773"/>
</kw>
<kw name="Fill Text" library="Browser">
<arg>${element}</arg>
<arg>${text}</arg>
<arg>True</arg>
<tag>PageContent</tag>
<tag>Setter</tag>
<doc>Clears and fills the given ``txt`` into the text field found by ``selector``.</doc>
<msg timestamp="20231101 14:41:21.776" level="INFO">Fills the text 'DA_10 Cumque quo.' in the given field.</msg>
<status status="PASS" starttime="20231101 14:41:21.774" endtime="20231101 14:41:21.818"/>
</kw>
<kw name="Get Text" library="Browser">
<var>${condition}</var>
<arg>${element}</arg>
<tag>Assertion</tag>
<tag>Getter</tag>
<tag>PageContent</tag>
<doc>Returns text attribute of the element found by ``selector``.</doc>
<msg timestamp="20231101 14:41:21.860" level="INFO">Text: 'DA_10 Cumque quo.'</msg>
<msg timestamp="20231101 14:41:21.861" level="INFO">${condition} = DA_10 Cumque quo.</msg>
<status status="PASS" starttime="20231101 14:41:21.819" endtime="20231101 14:41:21.862"/>
</kw>
<while condition="'${condition}' != '${text}'" limit="10">
<iter>
<kw name="Fill Text" library="Browser">
<arg>${element}</arg>
<arg>${text}</arg>
<tag>PageContent</tag>
<tag>Setter</tag>
<doc>Clears and fills the given ``txt`` into the text field found by ``selector``.</doc>
<status status="NOT RUN" starttime="20231101 14:41:21.864" endtime="20231101 14:41:21.865"/>
</kw>
<kw name="Get Text" library="Browser">
<var>${condition}</var>
<arg>${element}</arg>
<tag>Assertion</tag>
<tag>Getter</tag>
<tag>PageContent</tag>
<doc>Returns text attribute of the element found by ``selector``.</doc>
<status status="NOT RUN" starttime="20231101 14:41:21.866" endtime="20231101 14:41:21.867"/>
</kw>
<status status="NOT RUN" starttime="20231101 14:41:21.862" endtime="20231101 14:41:21.867"/>
</iter>
<status status="NOT RUN" starttime="20231101 14:41:21.862" endtime="20231101 14:41:21.868"/>
</while>
<kw name="Get Length" library="BuiltIn">
<var>${cnt}</var>
<arg>${text}</arg>
<doc>Returns and logs the length of the given item as an integer.</doc>
<msg timestamp="20231101 14:41:21.870" level="INFO">Length is 17</msg>
<msg timestamp="20231101 14:41:21.870" level="INFO">${cnt} = 17</msg>
<status status="PASS" starttime="20231101 14:41:21.869" endtime="20231101 14:41:21.871"/>
</kw>
<if>
<branch type="IF" condition="${cnt} &gt; 0">
<kw name="Set Global Variable" library="BuiltIn">
<arg>\${STATE["${name}"]}</arg>
<arg>${text}</arg>
<doc>Makes a variable available globally in all tests and suites.</doc>
<msg timestamp="20231101 14:41:21.875" level="INFO">${STATE["Tên loại"]} = DA_10 Cumque quo.</msg>
<status status="PASS" starttime="20231101 14:41:21.872" endtime="20231101 14:41:21.875"/>
</kw>
<status status="PASS" starttime="20231101 14:41:21.871" endtime="20231101 14:41:21.875"/>
</branch>
<status status="PASS" starttime="20231101 14:41:21.871" endtime="20231101 14:41:21.876"/>
</if>
<kw name="Wait Until Network Is Idle" library="Browser">
<tag>HTTP</tag>
<tag>Wait</tag>
<doc>Waits until there has been at least one instance of 500 ms of no network traffic on the page after loading.</doc>
<status status="PASS" starttime="20231101 14:41:21.876" endtime="20231101 14:41:21.883"/>
</kw>
<status status="PASS" starttime="20231101 14:41:21.468" endtime="20231101 14:41:21.884"/>
</kw>
<kw name="Check Text" library="common">
<var>${text}</var>
<arg>_@Tên loại@_</arg>
<kw name="Get Regexp Matches" library="String">
<var>${containsS}</var>
<arg>${text}</arg>
<arg>_@(.+)@_</arg>
<arg>1</arg>
<doc>Returns a list of all non-overlapping matches in the given string.</doc>
<msg timestamp="20231101 14:41:21.887" level="INFO">${containsS} = ['Tên loại']</msg>
<status status="PASS" starttime="20231101 14:41:21.886" endtime="20231101 14:41:21.888"/>
</kw>
<kw name="Get Length" library="BuiltIn">
<var>${cntS}</var>
<arg>${containsS}</arg>
<doc>Returns and logs the length of the given item as an integer.</doc>
<msg timestamp="20231101 14:41:21.890" level="INFO">Length is 1</msg>
<msg timestamp="20231101 14:41:21.891" level="INFO">${cntS} = 1</msg>
<status status="PASS" starttime="20231101 14:41:21.889" endtime="20231101 14:41:21.891"/>
</kw>
<if>
<branch type="IF" condition="${cntS} &gt; 0">
<kw name="Set Variable" library="BuiltIn">
<var>${text}</var>
<arg>${STATE["${containsS[0]}"]}</arg>
<doc>Returns the given values which can then be assigned to a variables.</doc>
<msg timestamp="20231101 14:41:21.895" level="INFO">${text} = DA_10 Cumque quo.</msg>
<status status="PASS" starttime="20231101 14:41:21.893" endtime="20231101 14:41:21.896"/>
</kw>
<status status="PASS" starttime="20231101 14:41:21.892" endtime="20231101 14:41:21.897"/>
</branch>
<status status="PASS" starttime="20231101 14:41:21.892" endtime="20231101 14:41:21.897"/>
</if>
<msg timestamp="20231101 14:41:21.898" level="INFO">${text} = DA_10 Cumque quo.</msg>
<status status="PASS" starttime="20231101 14:41:21.885" endtime="20231101 14:41:21.899"/>
</kw>
<kw name="Set Variable" library="BuiltIn">
<var>${name}</var>
<arg>${text}</arg>
<doc>Returns the given values which can then be assigned to a variables.</doc>
<msg timestamp="20231101 14:41:21.901" level="INFO">${name} = DA_10 Cumque quo.</msg>
<status status="PASS" starttime="20231101 14:41:21.900" endtime="20231101 14:41:21.901"/>
</kw>
<kw name="Enter &quot;number&quot; in &quot;Mã&quot; with &quot;_RANDOM_&quot;" library="common" sourcename="Enter &quot;${type}&quot; in &quot;${name}&quot; with &quot;${text}&quot;">
<kw name="Get Random Text" library="common">
<var>${text}</var>
<arg>${type}</arg>
<arg>${text}</arg>
<kw name="Set Variable" library="BuiltIn">
<var>${symbol}</var>
<arg>_RANDOM_</arg>
<doc>Returns the given values which can then be assigned to a variables.</doc>
<msg timestamp="20231101 14:41:21.907" level="INFO">${symbol} = _RANDOM_</msg>
<status status="PASS" starttime="20231101 14:41:21.905" endtime="20231101 14:41:21.908"/>
</kw>
<kw name="Set Variable" library="BuiltIn">
<var>${new_text}</var>
<doc>Returns the given values which can then be assigned to a variables.</doc>
<msg timestamp="20231101 14:41:21.910" level="INFO">${new_text} = </msg>
<status status="PASS" starttime="20231101 14:41:21.909" endtime="20231101 14:41:21.911"/>
</kw>
<kw name="Get Regexp Matches" library="String">
<var>${containsS}</var>
<arg>${text}</arg>
<arg>_@(.+)@_</arg>
<arg>1</arg>
<doc>Returns a list of all non-overlapping matches in the given string.</doc>
<msg timestamp="20231101 14:41:21.913" level="INFO">${containsS} = []</msg>
<status status="PASS" starttime="20231101 14:41:21.912" endtime="20231101 14:41:21.913"/>
</kw>
<kw name="Get Length" library="BuiltIn">
<var>${cntS}</var>
<arg>${containsS}</arg>
<doc>Returns and logs the length of the given item as an integer.</doc>
<msg timestamp="20231101 14:41:21.915" level="INFO">Length is 0</msg>
<msg timestamp="20231101 14:41:21.916" level="INFO">${cntS} = 0</msg>
<status status="PASS" starttime="20231101 14:41:21.914" endtime="20231101 14:41:21.916"/>
</kw>
<kw name="Get Regexp Matches" library="String">
<var>${contains}</var>
<arg>${text}</arg>
<arg>${symbol}</arg>
<doc>Returns a list of all non-overlapping matches in the given string.</doc>
<msg timestamp="20231101 14:41:21.918" level="INFO">${contains} = ['_RANDOM_']</msg>
<status status="PASS" starttime="20231101 14:41:21.917" endtime="20231101 14:41:21.918"/>
</kw>
<kw name="Get Length" library="BuiltIn">
<var>${cnt}</var>
<arg>${contains}</arg>
<doc>Returns and logs the length of the given item as an integer.</doc>
<msg timestamp="20231101 14:41:21.921" level="INFO">Length is 1</msg>
<msg timestamp="20231101 14:41:21.921" level="INFO">${cnt} = 1</msg>
<status status="PASS" starttime="20231101 14:41:21.919" endtime="20231101 14:41:21.922"/>
</kw>
<if>
<branch type="IF" condition="${cntS} &gt; 0">
<kw name="Set Variable" library="BuiltIn">
<var>${new_text}</var>
<arg>${STATE["${containsS[0]}"]}</arg>
<doc>Returns the given values which can then be assigned to a variables.</doc>
<status status="NOT RUN" starttime="20231101 14:41:21.925" endtime="20231101 14:41:21.926"/>
</kw>
<kw name="Set Variable" library="BuiltIn">
<var>${symbol}</var>
<arg>_@${containsS[0]}@_</arg>
<doc>Returns the given values which can then be assigned to a variables.</doc>
<status status="NOT RUN" starttime="20231101 14:41:21.926" endtime="20231101 14:41:21.928"/>
</kw>
<status status="NOT RUN" starttime="20231101 14:41:21.922" endtime="20231101 14:41:21.929"/>
</branch>
<branch type="ELSE IF" condition="${cnt} &gt; 0 and '${type}' == 'test name'">
<kw name="Sentence" library="FakerLibrary">
<var>${random}</var>
<arg>nb_words=3</arg>
<doc>Generate a sentence.</doc>
<status status="NOT RUN" starttime="20231101 14:41:21.931" endtime="20231101 14:41:21.931"/>
</kw>
<kw name="Split String" library="String">
<var>${words}</var>
<arg>${TEST NAME}</arg>
<arg>${SPACE}</arg>
<doc>Splits the ``string`` using ``separator`` as a delimiter string.</doc>
<status status="NOT RUN" starttime="20231101 14:41:21.932" endtime="20231101 14:41:21.933"/>
</kw>
<kw name="Set Variable" library="BuiltIn">
<var>${new_text}</var>
<arg>${words[0]} ${random}</arg>
<doc>Returns the given values which can then be assigned to a variables.</doc>
<status status="NOT RUN" starttime="20231101 14:41:21.934" endtime="20231101 14:41:21.934"/>
</kw>
<status status="NOT RUN" starttime="20231101 14:41:21.929" endtime="20231101 14:41:21.935"/>
</branch>
<branch type="ELSE IF" condition="${cnt} &gt; 0 and '${type}' == 'number'">
<kw name="Random Int" library="FakerLibrary">
<var>${new_text}</var>
<doc>Generate a random integer between two integers ``min`` and ``max`` inclusive
while observing the provided ``step`` value.</doc>
<msg timestamp="20231101 14:41:21.938" level="INFO">${new_text} = 4510</msg>
<status status="PASS" starttime="20231101 14:41:21.937" endtime="20231101 14:41:21.938"/>
</kw>
<kw name="Convert To String" library="BuiltIn">
<var>${new_text}</var>
<arg>${new_text}</arg>
<doc>Converts the given item to a Unicode string.</doc>
<msg timestamp="20231101 14:41:21.941" level="INFO">${new_text} = 4510</msg>
<status status="PASS" starttime="20231101 14:41:21.939" endtime="20231101 14:41:21.942"/>
</kw>
<status status="PASS" starttime="20231101 14:41:21.936" endtime="20231101 14:41:21.943"/>
</branch>
<branch type="ELSE IF" condition="${cnt} &gt; 0 and '${type}' == 'percentage'">
<kw name="Random Int" library="FakerLibrary">
<var>${new_text}</var>
<arg>max=100</arg>
<doc>Generate a random integer between two integers ``min`` and ``max`` inclusive
while observing the provided ``step`` value.</doc>
<status status="NOT RUN" starttime="20231101 14:41:21.944" endtime="20231101 14:41:21.945"/>
</kw>
<kw name="Convert To String" library="BuiltIn">
<var>${new_text}</var>
<arg>${new_text}</arg>
<doc>Converts the given item to a Unicode string.</doc>
<status status="NOT RUN" starttime="20231101 14:41:21.946" endtime="20231101 14:41:21.947"/>
</kw>
<status status="NOT RUN" starttime="20231101 14:41:21.943" endtime="20231101 14:41:21.948"/>
</branch>
<branch type="ELSE IF" condition="${cnt} &gt; 0 and '${type}' == 'paragraph'">
<kw name="Paragraph" library="FakerLibrary">
<var>${new_text}</var>
<doc>Generate a paragraph.</doc>
<status status="NOT RUN" starttime="20231101 14:41:21.949" endtime="20231101 14:41:21.949"/>
</kw>
<status status="NOT RUN" starttime="20231101 14:41:21.948" endtime="20231101 14:41:21.950"/>
</branch>
<branch type="ELSE IF" condition="${cnt} &gt; 0 and '${type}' == 'email'">
<kw name="Email" library="FakerLibrary">
<var>${new_text}</var>
<status status="NOT RUN" starttime="20231101 14:41:21.951" endtime="20231101 14:41:21.952"/>
</kw>
<status status="NOT RUN" starttime="20231101 14:41:21.950" endtime="20231101 14:41:21.952"/>
</branch>
<branch type="ELSE IF" condition="${cnt} &gt; 0 and '${type}' == 'phone'">
<kw name="Random Int" library="FakerLibrary">
<var>${new_text}</var>
<arg>min=2000000000</arg>
<arg>max=9999999999</arg>
<doc>Generate a random integer between two integers ``min`` and ``max`` inclusive
while observing the provided ``step`` value.</doc>
<status status="NOT RUN" starttime="20231101 14:41:21.953" endtime="20231101 14:41:21.954"/>
</kw>
<kw name="Convert To String" library="BuiltIn">
<var>${new_text}</var>
<arg>${new_text}</arg>
<doc>Converts the given item to a Unicode string.</doc>
<status status="NOT RUN" starttime="20231101 14:41:21.955" endtime="20231101 14:41:21.955"/>
</kw>
<kw name="Catenate" library="BuiltIn">
<var>${new_text}</var>
<arg>SEPARATOR=</arg>
<arg>0</arg>
<arg>${new_text}</arg>
<doc>Catenates the given items together and returns the resulted string.</doc>
<status status="NOT RUN" starttime="20231101 14:41:21.956" endtime="20231101 14:41:21.956"/>
</kw>
<status status="NOT RUN" starttime="20231101 14:41:21.953" endtime="20231101 14:41:21.958"/>
</branch>
<branch type="ELSE IF" condition="${cnt} &gt; 0 and '${type}' == 'color'">
<kw name="Safe Hex Color" library="FakerLibrary">
<var>${new_text}</var>
<doc>Generate a web-safe color formatted as a hex triplet.</doc>
<status status="NOT RUN" starttime="20231101 14:41:21.959" endtime="20231101 14:41:21.960"/>
</kw>
<status status="NOT RUN" starttime="20231101 14:41:21.958" endtime="20231101 14:41:21.961"/>
[...]
<doc>Pauses the test executed for the given time.</doc>
<msg timestamp="20231101 14:41:31.097" level="INFO">Slept 100 milliseconds</msg>
<status status="PASS" starttime="20231101 14:41:30.996" endtime="20231101 14:41:31.097"/>
</kw>
<kw name="Wait Until Element Spin" library="common">
<kw name="Sleep" library="BuiltIn">
<arg>${SHOULD_TIMEOUT}</arg>
<doc>Pauses the test executed for the given time.</doc>
<msg timestamp="20231101 14:41:31.199" level="INFO">Slept 100 milliseconds</msg>
<status status="PASS" starttime="20231101 14:41:31.098" endtime="20231101 14:41:31.199"/>
</kw>
<kw name="Set Variable" library="BuiltIn">
<var>${element}</var>
<arg>xpath=//*[contains(@class, "ant-spin-spinning")]</arg>
<doc>Returns the given values which can then be assigned to a variables.</doc>
<msg timestamp="20231101 14:41:31.200" level="INFO">${element} = xpath=//*[contains(@class, "ant-spin-spinning")]</msg>
<status status="PASS" starttime="20231101 14:41:31.199" endtime="20231101 14:41:31.200"/>
</kw>
<kw name="Get Element Count" library="Browser">
<var>${count}</var>
<arg>${element}</arg>
<tag>Assertion</tag>
<tag>Getter</tag>
<tag>PageContent</tag>
<doc>Returns the count of elements found with ``selector``.</doc>
<msg timestamp="20231101 14:41:31.209" level="INFO">${count} = 0</msg>
<status status="PASS" starttime="20231101 14:41:31.200" endtime="20231101 14:41:31.209"/>
</kw>
<if>
<branch type="IF" condition="${count} &gt; 0">
<kw name="Wait Until Page Does Not Contain Element" library="common">
<arg>${element}</arg>
<status status="NOT RUN" starttime="20231101 14:41:31.211" endtime="20231101 14:41:31.212"/>
</kw>
<status status="NOT RUN" starttime="20231101 14:41:31.210" endtime="20231101 14:41:31.213"/>
</branch>
<status status="PASS" starttime="20231101 14:41:31.210" endtime="20231101 14:41:31.213"/>
</if>
<status status="PASS" starttime="20231101 14:41:31.097" endtime="20231101 14:41:31.213"/>
</kw>
<kw name="Check Text" library="common">
<var>${name}</var>
<arg>${name}</arg>
<kw name="Get Regexp Matches" library="String">
<var>${containsS}</var>
<arg>${text}</arg>
<arg>_@(.+)@_</arg>
<arg>1</arg>
<doc>Returns a list of all non-overlapping matches in the given string.</doc>
<msg timestamp="20231101 14:41:31.215" level="INFO">${containsS} = ['Tiêu đề']</msg>
<status status="PASS" starttime="20231101 14:41:31.214" endtime="20231101 14:41:31.215"/>
</kw>
<kw name="Get Length" library="BuiltIn">
<var>${cntS}</var>
<arg>${containsS}</arg>
<doc>Returns and logs the length of the given item as an integer.</doc>
<msg timestamp="20231101 14:41:31.216" level="INFO">Length is 1</msg>
<msg timestamp="20231101 14:41:31.216" level="INFO">${cntS} = 1</msg>
<status status="PASS" starttime="20231101 14:41:31.215" endtime="20231101 14:41:31.217"/>
</kw>
<if>
<branch type="IF" condition="${cntS} &gt; 0">
<kw name="Set Variable" library="BuiltIn">
<var>${text}</var>
<arg>${STATE["${containsS[0]}"]}</arg>
<doc>Returns the given values which can then be assigned to a variables.</doc>
<msg timestamp="20231101 14:41:31.219" level="INFO">${text} = DA_10 Molestiae inventore ducimus rem.</msg>
<status status="PASS" starttime="20231101 14:41:31.218" endtime="20231101 14:41:31.219"/>
</kw>
<status status="PASS" starttime="20231101 14:41:31.217" endtime="20231101 14:41:31.219"/>
</branch>
<status status="PASS" starttime="20231101 14:41:31.217" endtime="20231101 14:41:31.219"/>
</if>
<msg timestamp="20231101 14:41:31.219" level="INFO">${name} = DA_10 Molestiae inventore ducimus rem.</msg>
<status status="PASS" starttime="20231101 14:41:31.214" endtime="20231101 14:41:31.220"/>
</kw>
<if>
<branch type="IF" condition="'${text}' == 'Chi tiết'">
<kw name="Get Element Table Item By Name" library="common">
<var>${element1}</var>
<arg>${name}</arg>
<arg>//button[@title = "${text}"]</arg>
<status status="NOT RUN" starttime="20231101 14:41:31.220" endtime="20231101 14:41:31.221"/>
</kw>
<kw name="Get Element Count" library="Browser">
<var>${count}</var>
<arg>${element1}</arg>
<tag>Assertion</tag>
<tag>Getter</tag>
<tag>PageContent</tag>
<doc>Returns the count of elements found with ``selector``.</doc>
<status status="NOT RUN" starttime="20231101 14:41:31.221" endtime="20231101 14:41:31.221"/>
</kw>
<if>
<branch type="IF" condition="${count} &gt; 0">
<kw name="Click" library="Browser">
<arg>${element1}</arg>
<tag>PageContent</tag>
<tag>Setter</tag>
<doc>Simulates mouse click on the element found by ``selector``.</doc>
<status status="NOT RUN" starttime="20231101 14:41:31.222" endtime="20231101 14:41:31.222"/>
</kw>
<status status="NOT RUN" starttime="20231101 14:41:31.221" endtime="20231101 14:41:31.222"/>
</branch>
<branch type="ELSE">
<kw name="Get Element Table Item By Name" library="common">
<var>${elementS}</var>
<arg>${name}</arg>
<arg>//p[contains(text(),"${name}")]</arg>
<status status="NOT RUN" starttime="20231101 14:41:31.224" endtime="20231101 14:41:31.224"/>
</kw>
<kw name="Click" library="Browser">
<arg>${elementS}</arg>
<tag>PageContent</tag>
<tag>Setter</tag>
<doc>Simulates mouse click on the element found by ``selector``.</doc>
<status status="NOT RUN" starttime="20231101 14:41:31.225" endtime="20231101 14:41:31.226"/>
</kw>
<status status="NOT RUN" starttime="20231101 14:41:31.223" endtime="20231101 14:41:31.226"/>
</branch>
<status status="NOT RUN" starttime="20231101 14:41:31.221" endtime="20231101 14:41:31.227"/>
</if>
<status status="NOT RUN" starttime="20231101 14:41:31.220" endtime="20231101 14:41:31.227"/>
</branch>
<branch type="ELSE">
<kw name="Get Element Table Item By Name" library="common">
<var>${element}</var>
<arg>${name}</arg>
<arg>//button[@title = "${text}"]</arg>
<msg timestamp="20231101 14:41:31.228" level="INFO">${element} = xpath=//*[contains(@class, "ant-table-row")]//*[contains(text(),"DA_10 Molestiae inventore ducimus rem.")]/ancestor::tr//button[@title = "Xóa"]</msg>
<status status="PASS" starttime="20231101 14:41:31.228" endtime="20231101 14:41:31.228"/>
</kw>
<kw name="Click" library="Browser">
<arg>${element}</arg>
<tag>PageContent</tag>
<tag>Setter</tag>
<doc>Simulates mouse click on the element found by ``selector``.</doc>
<status status="PASS" starttime="20231101 14:41:31.229" endtime="20231101 14:41:31.368"/>
</kw>
<status status="PASS" starttime="20231101 14:41:31.227" endtime="20231101 14:41:31.368"/>
</branch>
<status status="PASS" starttime="20231101 14:41:31.220" endtime="20231101 14:41:31.369"/>
</if>
<kw name="Click Confirm To Action" library="common">
<kw name="Set Variable" library="BuiltIn">
<var>${element}</var>
<arg>xpath=//*[contains(@class, "ant-popover")]//*[contains(@class, "ant-btn-primary")]</arg>
<doc>Returns the given values which can then be assigned to a variables.</doc>
<msg timestamp="20231101 14:41:31.373" level="INFO">${element} = xpath=//*[contains(@class, "ant-popover")]//*[contains(@class, "ant-btn-primary")]</msg>
<status status="PASS" starttime="20231101 14:41:31.370" endtime="20231101 14:41:31.373"/>
</kw>
<kw name="Get Element Count" library="Browser">
<var>${count}</var>
<arg>${element}</arg>
<tag>Assertion</tag>
<tag>Getter</tag>
<tag>PageContent</tag>
<doc>Returns the count of elements found with ``selector``.</doc>
<msg timestamp="20231101 14:41:31.387" level="INFO">${count} = 1</msg>
<status status="PASS" starttime="20231101 14:41:31.374" endtime="20231101 14:41:31.387"/>
</kw>
<if>
<branch type="IF" condition="${count} &gt; 0">
<kw name="Click" library="Browser">
<arg>${element}</arg>
<tag>PageContent</tag>
<tag>Setter</tag>
<doc>Simulates mouse click on the element found by ``selector``.</doc>
<status status="PASS" starttime="20231101 14:41:31.390" endtime="20231101 14:41:31.679"/>
</kw>
<kw name="Sleep" library="BuiltIn">
<arg>${SHOULD_TIMEOUT}</arg>
<doc>Pauses the test executed for the given time.</doc>
<msg timestamp="20231101 14:41:31.781" level="INFO">Slept 100 milliseconds</msg>
<status status="PASS" starttime="20231101 14:41:31.679" endtime="20231101 14:41:31.781"/>
</kw>
<kw name="Wait Until Element Spin" library="common">
<kw name="Sleep" library="BuiltIn">
<arg>${SHOULD_TIMEOUT}</arg>
<doc>Pauses the test executed for the given time.</doc>
<msg timestamp="20231101 14:41:31.884" level="INFO">Slept 100 milliseconds</msg>
<status status="PASS" starttime="20231101 14:41:31.782" endtime="20231101 14:41:31.884"/>
</kw>
<kw name="Set Variable" library="BuiltIn">
<var>${element}</var>
<arg>xpath=//*[contains(@class, "ant-spin-spinning")]</arg>
<doc>Returns the given values which can then be assigned to a variables.</doc>
<msg timestamp="20231101 14:41:31.885" level="INFO">${element} = xpath=//*[contains(@class, "ant-spin-spinning")]</msg>
<status status="PASS" starttime="20231101 14:41:31.884" endtime="20231101 14:41:31.885"/>
</kw>
<kw name="Get Element Count" library="Browser">
<var>${count}</var>
<arg>${element}</arg>
<tag>Assertion</tag>
<tag>Getter</tag>
<tag>PageContent</tag>
<doc>Returns the count of elements found with ``selector``.</doc>
<msg timestamp="20231101 14:41:31.900" level="INFO">${count} = 1</msg>
<status status="PASS" starttime="20231101 14:41:31.885" endtime="20231101 14:41:31.900"/>
</kw>
<if>
<branch type="IF" condition="${count} &gt; 0">
<kw name="Wait Until Page Does Not Contain Element" library="common">
<arg>${element}</arg>
<kw name="Wait For Elements State" library="Browser">
<arg>${locator}</arg>
<arg>detached</arg>
<arg>${timeout}</arg>
<arg>${message}</arg>
<tag>PageContent</tag>
<tag>Wait</tag>
<doc>Waits for the element found by ``selector`` to satisfy state option.</doc>
<msg timestamp="20231101 14:41:32.251" level="INFO">Waited for Element with selector xpath=//*[contains(@class, "ant-spin-spinning")] at state detached</msg>
<status status="PASS" starttime="20231101 14:41:31.904" endtime="20231101 14:41:32.252"/>
</kw>
<status status="PASS" starttime="20231101 14:41:31.902" endtime="20231101 14:41:32.252"/>
</kw>
<status status="PASS" starttime="20231101 14:41:31.901" endtime="20231101 14:41:32.252"/>
</branch>
<status status="PASS" starttime="20231101 14:41:31.901" endtime="20231101 14:41:32.253"/>
</if>
<status status="PASS" starttime="20231101 14:41:31.782" endtime="20231101 14:41:32.253"/>
</kw>
<status status="PASS" starttime="20231101 14:41:31.389" endtime="20231101 14:41:32.253"/>
</branch>
<status status="PASS" starttime="20231101 14:41:31.388" endtime="20231101 14:41:32.253"/>
</if>
<status status="PASS" starttime="20231101 14:41:31.369" endtime="20231101 14:41:32.254"/>
</kw>
<kw name="Wait Until Network Is Idle" library="Browser">
<tag>HTTP</tag>
<tag>Wait</tag>
<doc>Waits until there has been at least one instance of 500 ms of no network traffic on the page after loading.</doc>
<status status="PASS" starttime="20231101 14:41:32.254" endtime="20231101 14:41:32.266"/>
</kw>
<status status="PASS" starttime="20231101 14:41:30.995" endtime="20231101 14:41:32.267"/>
</kw>
<kw name="When Click on the &quot;Xóa&quot; button in the &quot;_@Tên loại@_&quot; item line" library="common" sourcename="Click on the &quot;${text}&quot; button in the &quot;${name}&quot; item line">
<kw name="Wait Until Element Spin" library="common">
<kw name="Sleep" library="BuiltIn">
<arg>${SHOULD_TIMEOUT}</arg>
<doc>Pauses the test executed for the given time.</doc>
<msg timestamp="20231101 14:41:32.377" level="INFO">Slept 100 milliseconds</msg>
<status status="PASS" starttime="20231101 14:41:32.274" endtime="20231101 14:41:32.377"/>
</kw>
<kw name="Set Variable" library="BuiltIn">
<var>${element}</var>
<arg>xpath=//*[contains(@class, "ant-spin-spinning")]</arg>
<doc>Returns the given values which can then be assigned to a variables.</doc>
<msg timestamp="20231101 14:41:32.378" level="INFO">${element} = xpath=//*[contains(@class, "ant-spin-spinning")]</msg>
<status status="PASS" starttime="20231101 14:41:32.377" endtime="20231101 14:41:32.378"/>
</kw>
<kw name="Get Element Count" library="Browser">
<var>${count}</var>
<arg>${element}</arg>
<tag>Assertion</tag>
<tag>Getter</tag>
<tag>PageContent</tag>
<doc>Returns the count of elements found with ``selector``.</doc>
<msg timestamp="20231101 14:41:32.386" level="INFO">${count} = 0</msg>
<status status="PASS" starttime="20231101 14:41:32.378" endtime="20231101 14:41:32.386"/>
</kw>
<if>
<branch type="IF" condition="${count} &gt; 0">
<kw name="Wait Until Page Does Not Contain Element" library="common">
<arg>${element}</arg>
<status status="NOT RUN" starttime="20231101 14:41:32.390" endtime="20231101 14:41:32.392"/>
</kw>
<status status="NOT RUN" starttime="20231101 14:41:32.387" endtime="20231101 14:41:32.393"/>
</branch>
<status status="PASS" starttime="20231101 14:41:32.387" endtime="20231101 14:41:32.394"/>
</if>
<status status="PASS" starttime="20231101 14:41:32.271" endtime="20231101 14:41:32.394"/>
</kw>
<kw name="Check Text" library="common">
<var>${name}</var>
<arg>${name}</arg>
<kw name="Get Regexp Matches" library="String">
<var>${containsS}</var>
<arg>${text}</arg>
<arg>_@(.+)@_</arg>
<arg>1</arg>
<doc>Returns a list of all non-overlapping matches in the given string.</doc>
<msg timestamp="20231101 14:41:32.397" level="INFO">${containsS} = ['Tên loại']</msg>
<status status="PASS" starttime="20231101 14:41:32.396" endtime="20231101 14:41:32.398"/>
</kw>
<kw name="Get Length" library="BuiltIn">
<var>${cntS}</var>
<arg>${containsS}</arg>
<doc>Returns and logs the length of the given item as an integer.</doc>
<msg timestamp="20231101 14:41:32.398" level="INFO">Length is 1</msg>
<msg timestamp="20231101 14:41:32.399" level="INFO">${cntS} = 1</msg>
<status status="PASS" starttime="20231101 14:41:32.398" endtime="20231101 14:41:32.399"/>
</kw>
<if>
<branch type="IF" condition="${cntS} &gt; 0">
<kw name="Set Variable" library="BuiltIn">
<var>${text}</var>
<arg>${STATE["${containsS[0]}"]}</arg>
<doc>Returns the given values which can then be assigned to a variables.</doc>
<msg timestamp="20231101 14:41:32.401" level="INFO">${text} = DA_10 Cumque quo.</msg>
<status status="PASS" starttime="20231101 14:41:32.400" endtime="20231101 14:41:32.401"/>
</kw>
<status status="PASS" starttime="20231101 14:41:32.399" endtime="20231101 14:41:32.401"/>
</branch>
<status status="PASS" starttime="20231101 14:41:32.399" endtime="20231101 14:41:32.401"/>
</if>
<msg timestamp="20231101 14:41:32.401" level="INFO">${name} = DA_10 Cumque quo.</msg>
<status status="PASS" starttime="20231101 14:41:32.395" endtime="20231101 14:41:32.402"/>
</kw>
<kw name="Get Element Item By Name" library="common">
<var>${element}</var>
<arg>${name}</arg>
<arg>//button[@title = "${text}"]</arg>
<msg timestamp="20231101 14:41:32.402" level="INFO">${element} = xpath=//*[contains(@class, "item-text") and contains(text(), "DA_10 Cumque quo.")]/ancestor::*[contains(@class, "item")]//button[@title = "Xóa"]</msg>
<status status="PASS" starttime="20231101 14:41:32.402" endtime="20231101 14:41:32.403"/>
</kw>
<kw name="Click" library="Browser">
<arg>${element}</arg>
<tag>PageContent</tag>
<tag>Setter</tag>
<doc>Simulates mouse click on the element found by ``selector``.</doc>
<status status="PASS" starttime="20231101 14:41:32.403" endtime="20231101 14:41:33.451"/>
</kw>
<kw name="Click Confirm To Action" library="common">
<kw name="Set Variable" library="BuiltIn">
<var>${element}</var>
<arg>xpath=//*[contains(@class, "ant-popover")]//*[contains(@class, "ant-btn-primary")]</arg>
<doc>Returns the given values which can then be assigned to a variables.</doc>
<msg timestamp="20231101 14:41:33.453" level="INFO">${element} = xpath=//*[contains(@class, "ant-popover")]//*[contains(@class, "ant-btn-primary")]</msg>
<status status="PASS" starttime="20231101 14:41:33.452" endtime="20231101 14:41:33.453"/>
</kw>
<kw name="Get Element Count" library="Browser">
<var>${count}</var>
<arg>${element}</arg>
<tag>Assertion</tag>
<tag>Getter</tag>
<tag>PageContent</tag>
<doc>Returns the count of elements found with ``selector``.</doc>
<msg timestamp="20231101 14:41:33.469" level="INFO">${count} = 1</msg>
<status status="PASS" starttime="20231101 14:41:33.454" endtime="20231101 14:41:33.470"/>
</kw>
<if>
<branch type="IF" condition="${count} &gt; 0">
<kw name="Click" library="Browser">
<arg>${element}</arg>
<tag>PageContent</tag>
<tag>Setter</tag>
<doc>Simulates mouse click on the element found by ``selector``.</doc>
<status status="PASS" starttime="20231101 14:41:33.473" endtime="20231101 14:41:33.723"/>
</kw>
<kw name="Sleep" library="BuiltIn">
<arg>${SHOULD_TIMEOUT}</arg>
<doc>Pauses the test executed for the given time.</doc>
<msg timestamp="20231101 14:41:33.829" level="INFO">Slept 100 milliseconds</msg>
<status status="PASS" starttime="20231101 14:41:33.725" endtime="20231101 14:41:33.830"/>
</kw>
<kw name="Wait Until Element Spin" library="common">
<kw name="Sleep" library="BuiltIn">
<arg>${SHOULD_TIMEOUT}</arg>
<doc>Pauses the test executed for the given time.</doc>
<msg timestamp="20231101 14:41:33.932" level="INFO">Slept 100 milliseconds</msg>
<status status="PASS" starttime="20231101 14:41:33.831" endtime="20231101 14:41:33.932"/>
</kw>
<kw name="Set Variable" library="BuiltIn">
<var>${element}</var>
<arg>xpath=//*[contains(@class, "ant-spin-spinning")]</arg>
<doc>Returns the given values which can then be assigned to a variables.</doc>
<msg timestamp="20231101 14:41:33.933" level="INFO">${element} = xpath=//*[contains(@class, "ant-spin-spinning")]</msg>
<status status="PASS" starttime="20231101 14:41:33.933" endtime="20231101 14:41:33.933"/>
</kw>
<kw name="Get Element Count" library="Browser">
<var>${count}</var>
<arg>${element}</arg>
<tag>Assertion</tag>
<tag>Getter</tag>
<tag>PageContent</tag>
<doc>Returns the count of elements found with ``selector``.</doc>
<msg timestamp="20231101 14:41:33.947" level="INFO">${count} = 0</msg>
<status status="PASS" starttime="20231101 14:41:33.933" endtime="20231101 14:41:33.947"/>
</kw>
<if>
<branch type="IF" condition="${count} &gt; 0">
<kw name="Wait Until Page Does Not Contain Element" library="common">
<arg>${element}</arg>
<status status="NOT RUN" starttime="20231101 14:41:33.949" endtime="20231101 14:41:33.949"/>
</kw>
<status status="NOT RUN" starttime="20231101 14:41:33.948" endtime="20231101 14:41:33.950"/>
</branch>
<status status="PASS" starttime="20231101 14:41:33.948" endtime="20231101 14:41:33.950"/>
</if>
<status status="PASS" starttime="20231101 14:41:33.830" endtime="20231101 14:41:33.951"/>
</kw>
<status status="PASS" starttime="20231101 14:41:33.471" endtime="20231101 14:41:33.951"/>
</branch>
<status status="PASS" starttime="20231101 14:41:33.470" endtime="20231101 14:41:33.952"/>
</if>
<status status="PASS" starttime="20231101 14:41:33.451" endtime="20231101 14:41:33.952"/>
</kw>
<kw name="Wait Until Network Is Idle" library="Browser">
<tag>HTTP</tag>
<tag>Wait</tag>
<doc>Waits until there has been at least one instance of 500 ms of no network traffic on the page after loading.</doc>
<status status="PASS" starttime="20231101 14:41:33.953" endtime="20231101 14:41:33.962"/>
</kw>
<status status="PASS" starttime="20231101 14:41:32.269" endtime="20231101 14:41:33.963"/>
</kw>
<kw name="Tear Down" library="common" type="TEARDOWN">
<kw name="Close Browser" library="Browser">
<arg>ALL</arg>
<tag>BrowserControl</tag>
<tag>Setter</tag>
<doc>Closes the current browser.</doc>
<msg timestamp="20231101 14:41:34.995" level="INFO">Closed all browsers</msg>
<status status="PASS" starttime="20231101 14:41:33.967" endtime="20231101 14:41:34.996"/>
</kw>
<status status="PASS" starttime="20231101 14:41:33.965" endtime="20231101 14:41:34.997"/>
</kw>
<tag>Search</tag>
<status status="PASS" starttime="20231101 14:41:10.265" endtime="20231101 14:41:35.003"/>
</test>
<status status="PASS" starttime="20231101 14:41:07.979" endtime="20231101 14:41:35.019"/>
</suite>
<statistics>
<total>
<stat pass="1" fail="0" skip="0">All Tests</stat>
</total>
<tag>
<stat pass="1" fail="0" skip="0">Search</stat>
</tag>
<suite>
<stat pass="1" fail="0" skip="0" id="s1" name="Data">Data</stat>
</suite>
</statistics>
<errors>
</errors>
</robot>
