<?xml version="1.0" encoding="UTF-8"?>
<robot generator="Robot 6.1.1 (Python 3.11.4 on win32)" generated="20231205 22:36:31.808" rpa="false" schemaversion="4">
<suite id="s1" name="Navigation" source="d:\TESTER\Automation\Auto_Web\testcases\navigation.robot">
<test id="s1-t1" name="DH_06 Verify that CAN NOT create a new code data by leaving a blank field in &quot;Tên điều hướng&quot;" line="72">
<kw name="Setup" library="common" type="SETUP">
<kw name="Set Browser Timeout" library="Browser">
<arg>${BROWSER_TIMEOUT}</arg>
<tag>Config</tag>
<tag>Setter</tag>
<doc>Sets the timeout used by most input and getter keywords.</doc>
<status status="PASS" starttime="20231205 22:36:35.995" endtime="20231205 22:36:36.109"/>
</kw>
<kw name="New Browser" library="Browser">
<arg>${BROWSER}</arg>
<arg>headless=${HEADLESS}</arg>
<tag>BrowserControl</tag>
<tag>Setter</tag>
<doc>Create a new playwright Browser with specified options.</doc>
<msg timestamp="20231205 22:36:36.111" level="INFO">{"browser": "chromium", "headless": false, "chromiumSandbox": false, "devtools": false, "handleSIGHUP": true, "handleSIGINT": true, "handleSIGTERM": true, "slowMo": 0.0, "timeout": 30000.0, "tracesDir": "D:\\TESTER\\Automation\\browser\\traces\\0d5df1a0-d0da-4a23-837b-ee99f242a8f8"}</msg>
<msg timestamp="20231205 22:36:40.337" level="INFO">Successfully created browser with options: {"browser":"chromium","headless":false,"chromiumSandbox":false,"devtools":false,"handleSIGHUP":true,"handleSIGINT":true,"handleSIGTERM":true,"slowMo":0,"timeout":30000,"tracesDir":"D:\\TESTER\\Automation\\browser\\traces\\0d5df1a0-d0da-4a23-837b-ee99f242a8f8"}</msg>
<status status="PASS" starttime="20231205 22:36:36.110" endtime="20231205 22:36:40.338"/>
</kw>
<kw name="New Page" library="Browser">
<arg>${URL_DEFAULT}</arg>
<tag>BrowserControl</tag>
<tag>Setter</tag>
<doc>Open a new Page.</doc>
<msg timestamp="20231205 22:36:44.342" level="INFO">Successfully initialized new page object and opened url: http://dev1.geneat.vn:7802/#/vn</msg>
<msg timestamp="20231205 22:36:44.343" level="INFO">No context was open. New context was automatically opened when this page is created.</msg>
<status status="PASS" starttime="20231205 22:36:40.339" endtime="20231205 22:36:44.343"/>
</kw>
<kw name="Evaluate" library="BuiltIn">
<var>${STATE}</var>
<arg>json.loads('''{}''')</arg>
<arg>json</arg>
<doc>Evaluates the given expression in Python and returns the result.</doc>
<msg timestamp="20231205 22:36:44.346" level="INFO">${STATE} = {}</msg>
<status status="PASS" starttime="20231205 22:36:44.344" endtime="20231205 22:36:44.347"/>
</kw>
<status status="PASS" starttime="20231205 22:36:35.993" endtime="20231205 22:36:44.348"/>
</kw>
<kw name="Go to page create data &quot;Phân quyền điều hướng&quot; with &quot;/navigation&quot;" sourcename="Go to page create data &quot;${name}&quot; with &quot;${url}&quot;">
<kw name="Login to admin" library="common">
<kw name="Enter &quot;email&quot; in &quot;Email&quot; with &quot;admin@gmail.com&quot;" library="common" sourcename="Enter &quot;${type}&quot; in &quot;${name}&quot; with &quot;${text}&quot;">
<kw name="Wait Until Element Spin" library="common">
<kw name="Sleep" library="BuiltIn">
<arg>${SHOULD_TIMEOUT}</arg>
<doc>Pauses the test executed for the given time.</doc>
<msg timestamp="20231205 22:36:44.546" level="INFO">Slept 100 milliseconds</msg>
<status status="PASS" starttime="20231205 22:36:44.397" endtime="20231205 22:36:44.546"/>
</kw>
<kw name="Set Variable" library="BuiltIn">
<var>${element}</var>
<arg>xpath=//*[contains(@class, "ant-spin-spinning")]</arg>
<doc>Returns the given values which can then be assigned to a variables.</doc>
<msg timestamp="20231205 22:36:44.549" level="INFO">${element} = xpath=//*[contains(@class, "ant-spin-spinning")]</msg>
<status status="PASS" starttime="20231205 22:36:44.547" endtime="20231205 22:36:44.550"/>
</kw>
<kw name="Get Element Count" library="Browser">
<var>${count}</var>
<arg>${element}</arg>
<tag>Assertion</tag>
<tag>Getter</tag>
<tag>PageContent</tag>
<doc>Returns the count of elements found with ``selector``.</doc>
<msg timestamp="20231205 22:36:44.616" level="INFO">${count} = 0</msg>
<status status="PASS" starttime="20231205 22:36:44.550" endtime="20231205 22:36:44.616"/>
</kw>
<if>
<branch type="IF" condition="${count} &gt; 0">
<kw name="Wait Until Page Does Not Contain Element" library="common">
<arg>${element}</arg>
<status status="NOT RUN" starttime="20231205 22:36:44.619" endtime="20231205 22:36:44.620"/>
</kw>
<status status="NOT RUN" starttime="20231205 22:36:44.618" endtime="20231205 22:36:44.620"/>
</branch>
<status status="PASS" starttime="20231205 22:36:44.617" endtime="20231205 22:36:44.621"/>
</if>
<status status="PASS" starttime="20231205 22:36:44.395" endtime="20231205 22:36:44.622"/>
</kw>
<kw name="Get Random Text" library="common">
<var>${text}</var>
<arg>${type}</arg>
<arg>${text}</arg>
<kw name="Set Variable" library="BuiltIn">
<var>${symbol}</var>
<arg>_RANDOM_</arg>
<doc>Returns the given values which can then be assigned to a variables.</doc>
<msg timestamp="20231205 22:36:44.626" level="INFO">${symbol} = _RANDOM_</msg>
<status status="PASS" starttime="20231205 22:36:44.625" endtime="20231205 22:36:44.626"/>
</kw>
<kw name="Set Variable" library="BuiltIn">
<var>${new_text}</var>
<doc>Returns the given values which can then be assigned to a variables.</doc>
<msg timestamp="20231205 22:36:44.628" level="INFO">${new_text} = </msg>
<status status="PASS" starttime="20231205 22:36:44.627" endtime="20231205 22:36:44.628"/>
</kw>
<kw name="Get Regexp Matches" library="String">
<var>${containsS}</var>
<arg>${text}</arg>
<arg>_@(.+)@_</arg>
<arg>1</arg>
<doc>Returns a list of all non-overlapping matches in the given string.</doc>
<msg timestamp="20231205 22:36:44.630" level="INFO">${containsS} = []</msg>
<status status="PASS" starttime="20231205 22:36:44.629" endtime="20231205 22:36:44.630"/>
</kw>
<kw name="Get Length" library="BuiltIn">
<var>${cntS}</var>
<arg>${containsS}</arg>
<doc>Returns and logs the length of the given item as an integer.</doc>
<msg timestamp="20231205 22:36:44.632" level="INFO">Length is 0</msg>
<msg timestamp="20231205 22:36:44.633" level="INFO">${cntS} = 0</msg>
<status status="PASS" starttime="20231205 22:36:44.631" endtime="20231205 22:36:44.633"/>
</kw>
<kw name="Get Regexp Matches" library="String">
<var>${contains}</var>
<arg>${text}</arg>
<arg>${symbol}</arg>
<doc>Returns a list of all non-overlapping matches in the given string.</doc>
<msg timestamp="20231205 22:36:44.636" level="INFO">${contains} = []</msg>
<status status="PASS" starttime="20231205 22:36:44.634" endtime="20231205 22:36:44.636"/>
</kw>
<kw name="Get Length" library="BuiltIn">
<var>${cnt}</var>
<arg>${contains}</arg>
<doc>Returns and logs the length of the given item as an integer.</doc>
<msg timestamp="20231205 22:36:44.639" level="INFO">Length is 0</msg>
<msg timestamp="20231205 22:36:44.639" level="INFO">${cnt} = 0</msg>
<status status="PASS" starttime="20231205 22:36:44.637" endtime="20231205 22:36:44.640"/>
</kw>
<if>
<branch type="IF" condition="${cntS} &gt; 0">
<kw name="Set Variable" library="BuiltIn">
<var>${new_text}</var>
<arg>${STATE["${containsS[0]}"]}</arg>
<doc>Returns the given values which can then be assigned to a variables.</doc>
<status status="NOT RUN" starttime="20231205 22:36:44.647" endtime="20231205 22:36:44.649"/>
</kw>
<kw name="Set Variable" library="BuiltIn">
<var>${symbol}</var>
<arg>_@${containsS[0]}@_</arg>
<doc>Returns the given values which can then be assigned to a variables.</doc>
<status status="NOT RUN" starttime="20231205 22:36:44.650" endtime="20231205 22:36:44.650"/>
</kw>
<status status="NOT RUN" starttime="20231205 22:36:44.645" endtime="20231205 22:36:44.651"/>
</branch>
<branch type="ELSE IF" condition="${cnt} &gt; 0 and '${type}' == 'test name'">
<kw name="Sentence" library="FakerLibrary">
<var>${random}</var>
<arg>nb_words=3</arg>
<doc>Generate a sentence.</doc>
<status status="NOT RUN" starttime="20231205 22:36:44.653" endtime="20231205 22:36:44.653"/>
</kw>
<kw name="Split String" library="String">
<var>${words}</var>
<arg>${TEST NAME}</arg>
<arg>${SPACE}</arg>
<doc>Splits the ``string`` using ``separator`` as a delimiter string.</doc>
<status status="NOT RUN" starttime="20231205 22:36:44.654" endtime="20231205 22:36:44.655"/>
</kw>
<kw name="Set Variable" library="BuiltIn">
<var>${new_text}</var>
<arg>${words[0]} ${random}</arg>
<doc>Returns the given values which can then be assigned to a variables.</doc>
<status status="NOT RUN" starttime="20231205 22:36:44.656" endtime="20231205 22:36:44.663"/>
</kw>
<status status="NOT RUN" starttime="20231205 22:36:44.651" endtime="20231205 22:36:44.667"/>
</branch>
<branch type="ELSE IF" condition="${cnt} &gt; 0 and '${type}' == 'number'">
<kw name="Random Int" library="FakerLibrary">
<var>${new_text}</var>
<doc>Generate a random integer between two integers ``min`` and ``max`` inclusive
while observing the provided ``step`` value.</doc>
<status status="NOT RUN" starttime="20231205 22:36:44.671" endtime="20231205 22:36:44.672"/>
</kw>
<kw name="Convert To String" library="BuiltIn">
<var>${new_text}</var>
<arg>${new_text}</arg>
<doc>Converts the given item to a Unicode string.</doc>
<status status="NOT RUN" starttime="20231205 22:36:44.681" endtime="20231205 22:36:44.682"/>
</kw>
<status status="NOT RUN" starttime="20231205 22:36:44.669" endtime="20231205 22:36:44.683"/>
</branch>
<branch type="ELSE IF" condition="${cnt} &gt; 0 and '${type}' == 'percentage'">
<kw name="Random Int" library="FakerLibrary">
<var>${new_text}</var>
<arg>max=100</arg>
<doc>Generate a random integer between two integers ``min`` and ``max`` inclusive
while observing the provided ``step`` value.</doc>
<status status="NOT RUN" starttime="20231205 22:36:44.685" endtime="20231205 22:36:44.686"/>
</kw>
<kw name="Convert To String" library="BuiltIn">
<var>${new_text}</var>
<arg>${new_text}</arg>
<doc>Converts the given item to a Unicode string.</doc>
<status status="NOT RUN" starttime="20231205 22:36:44.687" endtime="20231205 22:36:44.688"/>
</kw>
<status status="NOT RUN" starttime="20231205 22:36:44.684" endtime="20231205 22:36:44.688"/>
</branch>
<branch type="ELSE IF" condition="${cnt} &gt; 0 and '${type}' == 'paragraph'">
<kw name="Paragraph" library="FakerLibrary">
<var>${new_text}</var>
<doc>Generate a paragraph.</doc>
<status status="NOT RUN" starttime="20231205 22:36:44.697" endtime="20231205 22:36:44.698"/>
</kw>
<status status="NOT RUN" starttime="20231205 22:36:44.689" endtime="20231205 22:36:44.699"/>
</branch>
<branch type="ELSE IF" condition="${cnt} &gt; 0 and '${type}' == 'email'">
<kw name="Email" library="FakerLibrary">
<var>${new_text}</var>
<status status="NOT RUN" starttime="20231205 22:36:44.701" endtime="20231205 22:36:44.701"/>
</kw>
<status status="NOT RUN" starttime="20231205 22:36:44.700" endtime="20231205 22:36:44.702"/>
</branch>
<branch type="ELSE IF" condition="${cnt} &gt; 0 and '${type}' == 'phone'">
<kw name="Random Int" library="FakerLibrary">
<var>${new_text}</var>
<arg>min=2000000000</arg>
<arg>max=9999999999</arg>
<doc>Generate a random integer between two integers ``min`` and ``max`` inclusive
while observing the provided ``step`` value.</doc>
<status status="NOT RUN" starttime="20231205 22:36:44.703" endtime="20231205 22:36:44.704"/>
</kw>
<kw name="Convert To String" library="BuiltIn">
<var>${new_text}</var>
<arg>${new_text}</arg>
<doc>Converts the given item to a Unicode string.</doc>
<status status="NOT RUN" starttime="20231205 22:36:44.704" endtime="20231205 22:36:44.705"/>
</kw>
<kw name="Catenate" library="BuiltIn">
<var>${new_text}</var>
<arg>SEPARATOR=</arg>
<arg>0</arg>
<arg>${new_text}</arg>
<doc>Catenates the given items together and returns the resulted string.</doc>
<status status="NOT RUN" starttime="20231205 22:36:44.706" endtime="20231205 22:36:44.712"/>
</kw>
<status status="NOT RUN" starttime="20231205 22:36:44.702" endtime="20231205 22:36:44.714"/>
</branch>
<branch type="ELSE IF" condition="${cnt} &gt; 0 and '${type}' == 'color'">
<kw name="Safe Hex Color" library="FakerLibrary">
<var>${new_text}</var>
<doc>Generate a web-safe color formatted as a hex triplet.</doc>
<status status="NOT RUN" starttime="20231205 22:36:44.754" endtime="20231205 22:36:44.754"/>
</kw>
<status status="NOT RUN" starttime="20231205 22:36:44.752" endtime="20231205 22:36:44.755"/>
</branch>
<branch type="ELSE IF" condition="${cnt} &gt; 0 and &quot;${type}&quot; == 'password'">
<kw name="Password" library="FakerLibrary">
<var>${new_text}</var>
<arg>10</arg>
<arg>True</arg>
<arg>True</arg>
<arg>True</arg>
<arg>True</arg>
<doc>Generate a random password of the specified ``length``.</doc>
<status status="NOT RUN" starttime="20231205 22:36:44.762" endtime="20231205 22:36:44.763"/>
</kw>
<status status="NOT RUN" starttime="20231205 22:36:44.756" endtime="20231205 22:36:44.764"/>
</branch>
<branch type="ELSE IF" condition="${cnt} &gt; 0 and '${type}' == 'date'">
<kw name="Date" library="FakerLibrary">
<var>${new_text}</var>
<arg>pattern=%d-%m-%Y</arg>
<doc>Get a date string between January 1, 1970 and now.</doc>
<status status="NOT RUN" starttime="20231205 22:36:44.766" endtime="20231205 22:36:44.767"/>
</kw>
<status status="NOT RUN" starttime="20231205 22:36:44.765" endtime="20231205 22:36:44.767"/>
</branch>
<branch type="ELSE IF" condition="${cnt} &gt; 0 and '${type}' == 'word'">
<kw name="Sentence" library="FakerLibrary">
<var>${new_text}</var>
<arg>nb_words=2</arg>
<doc>Generate a sentence.</doc>
<status status="NOT RUN" starttime="20231205 22:36:44.770" endtime="20231205 22:36:44.770"/>
</kw>
<status status="NOT RUN" starttime="20231205 22:36:44.768" endtime="20231205 22:36:44.771"/>
</branch>
<branch type="ELSE IF" condition="${cnt} &gt; 0">
<kw name="Sentence" library="FakerLibrary">
<var>${new_text}</var>
<doc>Generate a sentence.</doc>
<status status="NOT RUN" starttime="20231205 22:36:44.779" endtime="20231205 22:36:44.779"/>
</kw>
<status status="NOT RUN" starttime="20231205 22:36:44.772" endtime="20231205 22:36:44.780"/>
</branch>
<status status="PASS" starttime="20231205 22:36:44.644" endtime="20231205 22:36:44.781"/>
</if>
<kw name="Get Length" library="BuiltIn">
<var>${cnt}</var>
<arg>${text}</arg>
<doc>Returns and logs the length of the given item as an integer.</doc>
<msg timestamp="20231205 22:36:44.782" level="INFO">Length is 15</msg>
<msg timestamp="20231205 22:36:44.783" level="INFO">${cnt} = 15</msg>
<status status="PASS" starttime="20231205 22:36:44.781" endtime="20231205 22:36:44.783"/>
</kw>
<if>
<branch type="IF" condition="${cnt} &gt; 0">
<kw name="Replace String" library="String">
<var>${text}</var>
<arg>${text}</arg>
<arg>${symbol}</arg>
<arg>${new_text}</arg>
<doc>Replaces ``search_for`` in the given ``string`` with ``replace_with``.</doc>
<msg timestamp="20231205 22:36:44.786" level="INFO">${text} = admin@gmail.com</msg>
<status status="PASS" starttime="20231205 22:36:44.785" endtime="20231205 22:36:44.787"/>
</kw>
<status status="PASS" starttime="20231205 22:36:44.784" endtime="20231205 22:36:44.788"/>
</branch>
<status status="PASS" starttime="20231205 22:36:44.784" endtime="20231205 22:36:44.788"/>
</if>
<msg timestamp="20231205 22:36:44.789" level="INFO">${text} = admin@gmail.com</msg>
<status status="PASS" starttime="20231205 22:36:44.623" endtime="20231205 22:36:44.790"/>
</kw>
<kw name="Get Element Form Item By Name" library="common">
<var>${element}</var>
<arg>${name}</arg>
<arg>//*[contains(@class, "ant-input")]</arg>
<msg timestamp="20231205 22:36:44.796" level="INFO">${element} = xpath=//*[contains(@class, "ant-form-item-label")]/label[text()="Email"]/../../*[contains(@class, "ant-form-item")]//*[contains(@class, "ant-input")]</msg>
<status status="PASS" starttime="20231205 22:36:44.794" endtime="20231205 22:36:44.797"/>
</kw>
<kw name="Click" library="Browser">
<arg>${element}</arg>
<tag>PageContent</tag>
<tag>Setter</tag>
<doc>Simulates mouse click on the element found by ``selector``.</doc>
<status status="PASS" starttime="20231205 22:36:44.797" endtime="20231205 22:36:44.998"/>
</kw>
<kw name="Clear Text" library="Browser">
<arg>${element}</arg>
<tag>PageContent</tag>
<tag>Setter</tag>
<doc>Clears the text field found by ``selector``.</doc>
<status status="PASS" starttime="20231205 22:36:44.999" endtime="20231205 22:36:45.068"/>
</kw>
<kw name="Fill Text" library="Browser">
<arg>${element}</arg>
<arg>${text}</arg>
<arg>True</arg>
<tag>PageContent</tag>
<tag>Setter</tag>
<doc>Clears and fills the given ``txt`` into the text field found by ``selector``.</doc>
<msg timestamp="20231205 22:36:45.070" level="INFO">Fills the text 'admin@gmail.com' in the given field.</msg>
<status status="PASS" starttime="20231205 22:36:45.069" endtime="20231205 22:36:45.151"/>
</kw>
<kw name="Get Text" library="Browser">
<var>${condition}</var>
<arg>${element}</arg>
<tag>Assertion</tag>
<tag>Getter</tag>
<tag>PageContent</tag>
<doc>Returns text attribute of the element found by ``selector``.</doc>
<msg timestamp="20231205 22:36:45.238" level="INFO">Text: 'admin@gmail.com'</msg>
<msg timestamp="20231205 22:36:45.238" level="INFO">${condition} = admin@gmail.com</msg>
<status status="PASS" starttime="20231205 22:36:45.152" endtime="20231205 22:36:45.239"/>
</kw>
<while condition="'${condition}' != '${text}'" limit="10">
<iter>
<kw name="Fill Text" library="Browser">
<arg>${element}</arg>
<arg>${text}</arg>
<tag>PageContent</tag>
<tag>Setter</tag>
<doc>Clears and fills the given ``txt`` into the text field found by ``selector``.</doc>
<status status="NOT RUN" starttime="20231205 22:36:45.245" endtime="20231205 22:36:45.245"/>
</kw>
<kw name="Get Text" library="Browser">
<var>${condition}</var>
<arg>${element}</arg>
<tag>Assertion</tag>
<tag>Getter</tag>
<tag>PageContent</tag>
<doc>Returns text attribute of the element found by ``selector``.</doc>
<status status="NOT RUN" starttime="20231205 22:36:45.246" endtime="20231205 22:36:45.247"/>
</kw>
<status status="NOT RUN" starttime="20231205 22:36:45.240" endtime="20231205 22:36:45.247"/>
</iter>
<status status="NOT RUN" starttime="20231205 22:36:45.239" endtime="20231205 22:36:45.248"/>
</while>
<kw name="Scroll To Element" library="Browser">
<arg>${element}</arg>
<tag>PageContent</tag>
<tag>Setter</tag>
<doc>This method waits for actionability checks, then tries to scroll element into view,
unless it is completely visible.</doc>
<status status="PASS" starttime="20231205 22:36:45.249" endtime="20231205 22:36:45.321"/>
</kw>
<kw name="Get Length" library="BuiltIn">
<var>${cnt}</var>
<arg>${text}</arg>
<doc>Returns and logs the length of the given item as an integer.</doc>
<msg timestamp="20231205 22:36:45.327" level="INFO">Length is 15</msg>
<msg timestamp="20231205 22:36:45.327" level="INFO">${cnt} = 15</msg>
<status status="PASS" starttime="20231205 22:36:45.323" endtime="20231205 22:36:45.328"/>
</kw>
<if>
<branch type="IF" condition="${cnt} &gt; 0">
<kw name="Set Global Variable" library="BuiltIn">
<arg>\${STATE["${name}"]}</arg>
<arg>${text}</arg>
<doc>Makes a variable available globally in all tests and suites.</doc>
<msg timestamp="20231205 22:36:45.331" level="INFO">${STATE["Email"]} = admin@gmail.com</msg>
<status status="PASS" starttime="20231205 22:36:45.330" endtime="20231205 22:36:45.332"/>
</kw>
<status status="PASS" starttime="20231205 22:36:45.329" endtime="20231205 22:36:45.332"/>
</branch>
<status status="PASS" starttime="20231205 22:36:45.328" endtime="20231205 22:36:45.333"/>
</if>
<status status="PASS" starttime="20231205 22:36:44.393" endtime="20231205 22:36:45.333"/>
</kw>
<kw name="Enter &quot;password&quot; in &quot;Mật khẩu&quot; with &quot;123123&quot;" library="common" sourcename="Enter &quot;${type}&quot; in &quot;${name}&quot; with &quot;${text}&quot;">
<kw name="Wait Until Element Spin" library="common">
<kw name="Sleep" library="BuiltIn">
<arg>${SHOULD_TIMEOUT}</arg>
<doc>Pauses the test executed for the given time.</doc>
<msg timestamp="20231205 22:36:45.439" level="INFO">Slept 100 milliseconds</msg>
<status status="PASS" starttime="20231205 22:36:45.337" endtime="20231205 22:36:45.439"/>
</kw>
<kw name="Set Variable" library="BuiltIn">
<var>${element}</var>
<arg>xpath=//*[contains(@class, "ant-spin-spinning")]</arg>
<doc>Returns the given values which can then be assigned to a variables.</doc>
<msg timestamp="20231205 22:36:45.442" level="INFO">${element} = xpath=//*[contains(@class, "ant-spin-spinning")]</msg>
<status status="PASS" starttime="20231205 22:36:45.440" endtime="20231205 22:36:45.443"/>
</kw>
<kw name="Get Element Count" library="Browser">
<var>${count}</var>
<arg>${element}</arg>
<tag>Assertion</tag>
<tag>Getter</tag>
<tag>PageContent</tag>
<doc>Returns the count of elements found with ``selector``.</doc>
<msg timestamp="20231205 22:36:45.453" level="INFO">${count} = 0</msg>
<status status="PASS" starttime="20231205 22:36:45.444" endtime="20231205 22:36:45.454"/>
</kw>
<if>
<branch type="IF" condition="${count} &gt; 0">
<kw name="Wait Until Page Does Not Contain Element" library="common">
<arg>${element}</arg>
<status status="NOT RUN" starttime="20231205 22:36:45.455" endtime="20231205 22:36:45.455"/>
</kw>
<status status="NOT RUN" starttime="20231205 22:36:45.454" endtime="20231205 22:36:45.455"/>
</branch>
<status status="PASS" starttime="20231205 22:36:45.454" endtime="20231205 22:36:45.455"/>
</if>
<status status="PASS" starttime="20231205 22:36:45.336" endtime="20231205 22:36:45.455"/>
</kw>
<kw name="Get Random Text" library="common">
<var>${text}</var>
<arg>${type}</arg>
<arg>${text}</arg>
<kw name="Set Variable" library="BuiltIn">
<var>${symbol}</var>
<arg>_RANDOM_</arg>
<doc>Returns the given values which can then be assigned to a variables.</doc>
<msg timestamp="20231205 22:36:45.459" level="INFO">${symbol} = _RANDOM_</msg>
<status status="PASS" starttime="20231205 22:36:45.456" endtime="20231205 22:36:45.460"/>
</kw>
<kw name="Set Variable" library="BuiltIn">
<var>${new_text}</var>
<doc>Returns the given values which can then be assigned to a variables.</doc>
<msg timestamp="20231205 22:36:45.462" level="INFO">${new_text} = </msg>
<status status="PASS" starttime="20231205 22:36:45.461" endtime="20231205 22:36:45.462"/>
</kw>
<kw name="Get Regexp Matches" library="String">
<var>${containsS}</var>
<arg>${text}</arg>
<arg>_@(.+)@_</arg>
<arg>1</arg>
<doc>Returns a list of all non-overlapping matches in the given string.</doc>
<msg timestamp="20231205 22:36:45.463" level="INFO">${containsS} = []</msg>
<status status="PASS" starttime="20231205 22:36:45.462" endtime="20231205 22:36:45.463"/>
</kw>
<kw name="Get Length" library="BuiltIn">
<var>${cntS}</var>
<arg>${containsS}</arg>
<doc>Returns and logs the length of the given item as an integer.</doc>
<msg timestamp="20231205 22:36:45.464" level="INFO">Length is 0</msg>
<msg timestamp="20231205 22:36:45.464" level="INFO">${cntS} = 0</msg>
<status status="PASS" starttime="20231205 22:36:45.464" endtime="20231205 22:36:45.465"/>
</kw>
<kw name="Get Regexp Matches" library="String">
<var>${contains}</var>
<arg>${text}</arg>
<arg>${symbol}</arg>
<doc>Returns a list of all non-overlapping matches in the given string.</doc>
<msg timestamp="20231205 22:36:45.466" level="INFO">${contains} = []</msg>
<status status="PASS" starttime="20231205 22:36:45.465" endtime="20231205 22:36:45.467"/>
</kw>
<kw name="Get Length" library="BuiltIn">
<var>${cnt}</var>
<arg>${contains}</arg>
<doc>Returns and logs the length of the given item as an integer.</doc>
<msg timestamp="20231205 22:36:45.468" level="INFO">Length is 0</msg>
<msg timestamp="20231205 22:36:45.468" level="INFO">${cnt} = 0</msg>
<status status="PASS" starttime="20231205 22:36:45.467" endtime="20231205 22:36:45.468"/>
</kw>
<if>
<branch type="IF" condition="${cntS} &gt; 0">
<kw name="Set Variable" library="BuiltIn">
<var>${new_text}</var>
<arg>${STATE["${containsS[0]}"]}</arg>
<doc>Returns the given values which can then be assigned to a variables.</doc>
<status status="NOT RUN" starttime="20231205 22:36:45.469" endtime="20231205 22:36:45.470"/>
</kw>
<kw name="Set Variable" library="BuiltIn">
<var>${symbol}</var>
<arg>_@${containsS[0]}@_</arg>
<doc>Returns the given values which can then be assigned to a variables.</doc>
<status status="NOT RUN" starttime="20231205 22:36:45.471" endtime="20231205 22:36:45.471"/>
</kw>
<status status="NOT RUN" starttime="20231205 22:36:45.469" endtime="20231205 22:36:45.472"/>
</branch>
<branch type="ELSE IF" condition="${cnt} &gt; 0 and '${type}' == 'test name'">
<kw name="Sentence" library="FakerLibrary">
<var>${random}</var>
<arg>nb_words=3</arg>
<doc>Generate a sentence.</doc>
<status status="NOT RUN" starttime="20231205 22:36:45.473" endtime="20231205 22:36:45.476"/>
</kw>
<kw name="Split String" library="String">
<var>${words}</var>
<arg>${TEST NAME}</arg>
<arg>${SPACE}</arg>
<doc>Splits the ``string`` using ``separator`` as a delimiter string.</doc>
<status status="NOT RUN" starttime="20231205 22:36:45.477" endtime="20231205 22:36:45.478"/>
</kw>
<kw name="Set Variable" library="BuiltIn">
<var>${new_text}</var>
<arg>${words[0]} ${random}</arg>
<doc>Returns the given values which can then be assigned to a variables.</doc>
<status status="NOT RUN" starttime="20231205 22:36:45.478" endtime="20231205 22:36:45.478"/>
</kw>
<status status="NOT RUN" starttime="20231205 22:36:45.472" endtime="20231205 22:36:45.479"/>
</branch>
<branch type="ELSE IF" condition="${cnt} &gt; 0 and '${type}' == 'number'">
<kw name="Random Int" library="FakerLibrary">
<var>${new_text}</var>
<doc>Generate a random integer between two integers ``min`` and ``max`` inclusive
while observing the provided ``step`` value.</doc>
<status status="NOT RUN" starttime="20231205 22:36:45.480" endtime="20231205 22:36:45.480"/>
</kw>
<kw name="Convert To String" library="BuiltIn">
<var>${new_text}</var>
<arg>${new_text}</arg>
<doc>Converts the given item to a Unicode string.</doc>
<status status="NOT RUN" starttime="20231205 22:36:45.481" endtime="20231205 22:36:45.481"/>
</kw>
<status status="NOT RUN" starttime="20231205 22:36:45.479" endtime="20231205 22:36:45.482"/>
</branch>
<branch type="ELSE IF" condition="${cnt} &gt; 0 and '${type}' == 'percentage'">
<kw name="Random Int" library="FakerLibrary">
<var>${new_text}</var>
<arg>max=100</arg>
<doc>Generate a random integer between two integers ``min`` and ``max`` inclusive
while observing the provided ``step`` value.</doc>
<status status="NOT RUN" starttime="20231205 22:36:45.483" endtime="20231205 22:36:45.484"/>
</kw>
<kw name="Convert To String" library="BuiltIn">
<var>${new_text}</var>
<arg>${new_text}</arg>
<doc>Converts the given item to a Unicode string.</doc>
<status status="NOT RUN" starttime="20231205 22:36:45.484" endtime="20231205 22:36:45.484"/>
</kw>
<status status="NOT RUN" starttime="20231205 22:36:45.482" endtime="20231205 22:36:45.484"/>
</branch>
<branch type="ELSE IF" condition="${cnt} &gt; 0 and '${type}' == 'paragraph'">
<kw name="Paragraph" library="FakerLibrary">
<var>${new_text}</var>
<doc>Generate a paragraph.</doc>
<status status="NOT RUN" starttime="20231205 22:36:45.485" endtime="20231205 22:36:45.485"/>
</kw>
<status status="NOT RUN" starttime="20231205 22:36:45.485" endtime="20231205 22:36:45.486"/>
</branch>
<branch type="ELSE IF" condition="${cnt} &gt; 0 and '${type}' == 'email'">
<kw name="Email" library="FakerLibrary">
<var>${new_text}</var>
<status status="NOT RUN" starttime="20231205 22:36:45.487" endtime="20231205 22:36:45.487"/>
</kw>
<status status="NOT RUN" starttime="20231205 22:36:45.486" endtime="20231205 22:36:45.487"/>
</branch>
<branch type="ELSE IF" condition="${cnt} &gt; 0 and '${type}' == 'phone'">
<kw name="Random Int" library="FakerLibrary">
<var>${new_text}</var>
<arg>min=2000000000</arg>
<arg>max=9999999999</arg>
<doc>Generate a random integer between two integers ``min`` and ``max`` inclusive
while observing the provided ``step`` value.</doc>
<status status="NOT RUN" starttime="20231205 22:36:45.488" endtime="20231205 22:36:45.488"/>
</kw>
<kw name="Convert To String" library="BuiltIn">
<var>${new_text}</var>
<arg>${new_text}</arg>
<doc>Converts the given item to a Unicode string.</doc>
<status status="NOT RUN" starttime="20231205 22:36:45.489" endtime="20231205 22:36:45.489"/>
</kw>
<kw name="Catenate" library="BuiltIn">
<var>${new_text}</var>
<arg>SEPARATOR=</arg>
<arg>0</arg>
<arg>${new_text}</arg>
<doc>Catenates the given items together and returns the resulted string.</doc>
<status status="NOT RUN" starttime="20231205 22:36:45.489" endtime="20231205 22:36:45.490"/>
</kw>
<status status="NOT RUN" starttime="20231205 22:36:45.487" endtime="20231205 22:36:45.490"/>
</branch>
<branch type="ELSE IF" condition="${cnt} &gt; 0 and '${type}' == 'color'">
<kw name="Safe Hex Color" library="FakerLibrary">
<var>${new_text}</var>
<doc>Generate a web-safe color formatted as a hex triplet.</doc>
<status status="NOT RUN" starttime="20231205 22:36:45.494" endtime="20231205 22:36:45.495"/>
</kw>
<status status="NOT RUN" starttime="20231205 22:36:45.494" endtime="20231205 22:36:45.495"/>
</branch>
<branch type="ELSE IF" condition="${cnt} &gt; 0 and &quot;${type}&quot; == 'password'">
<kw name="Password" library="FakerLibrary">
<var>${new_text}</var>
<arg>10</arg>
<arg>True</arg>
<arg>True</arg>
<arg>True</arg>
<arg>True</arg>
<doc>Generate a random password of the specified ``length``.</doc>
<status status="NOT RUN" starttime="20231205 22:36:45.496" endtime="20231205 22:36:45.497"/>
</kw>
<status status="NOT RUN" starttime="20231205 22:36:45.495" endtime="20231205 22:36:45.497"/>
</branch>
<branch type="ELSE IF" condition="${cnt} &gt; 0 and '${type}' == 'date'">
<kw name="Date" library="FakerLibrary">
<var>${new_text}</var>
<arg>pattern=%d-%m-%Y</arg>
<doc>Get a date string between January 1, 1970 and now.</doc>
<status status="NOT RUN" starttime="20231205 22:36:45.499" endtime="20231205 22:36:45.500"/>
</kw>
<status status="NOT RUN" starttime="20231205 22:36:45.498" endtime="20231205 22:36:45.500"/>
</branch>
<branch type="ELSE IF" condition="${cnt} &gt; 0 and '${type}' == 'word'">
<kw name="Sentence" library="FakerLibrary">
<var>${new_text}</var>
<arg>nb_words=2</arg>
<doc>Generate a sentence.</doc>
<status status="NOT RUN" starttime="20231205 22:36:45.502" endtime="20231205 22:36:45.502"/>
</kw>
<status status="NOT RUN" starttime="20231205 22:36:45.501" endtime="20231205 22:36:45.502"/>
</branch>
<branch type="ELSE IF" condition="${cnt} &gt; 0">
<kw name="Sentence" library="FakerLibrary">
<var>${new_text}</var>
<doc>Generate a sentence.</doc>
<status status="NOT RUN" starttime="20231205 22:36:45.504" endtime="20231205 22:36:45.505"/>
</kw>
<status status="NOT RUN" starttime="20231205 22:36:45.503" endtime="20231205 22:36:45.505"/>
</branch>
<status status="PASS" starttime="20231205 22:36:45.469" endtime="20231205 22:36:45.505"/>
</if>
<kw name="Get Length" library="BuiltIn">
<var>${cnt}</var>
<arg>${text}</arg>
<doc>Returns and logs the length of the given item as an integer.</doc>
<msg timestamp="20231205 22:36:45.506" level="INFO">Length is 6</msg>
<msg timestamp="20231205 22:36:45.510" level="INFO">${cnt} = 6</msg>
<status status="PASS" starttime="20231205 22:36:45.506" endtime="20231205 22:36:45.510"/>
</kw>
<if>
<branch type="IF" condition="${cnt} &gt; 0">
<kw name="Replace String" library="String">
<var>${text}</var>
<arg>${text}</arg>
<arg>${symbol}</arg>
<arg>${new_text}</arg>
<doc>Replaces ``search_for`` in the given ``string`` with ``replace_with``.</doc>
<msg timestamp="20231205 22:36:45.514" level="INFO">${text} = 123123</msg>
<status status="PASS" starttime="20231205 22:36:45.512" endtime="20231205 22:36:45.514"/>
</kw>
<status status="PASS" starttime="20231205 22:36:45.511" endtime="20231205 22:36:45.515"/>
</branch>
<status status="PASS" starttime="20231205 22:36:45.511" endtime="20231205 22:36:45.515"/>
</if>
<msg timestamp="20231205 22:36:45.515" level="INFO">${text} = 123123</msg>
<status status="PASS" starttime="20231205 22:36:45.456" endtime="20231205 22:36:45.516"/>
</kw>
<kw name="Get Element Form Item By Name" library="common">
<var>${element}</var>
<arg>${name}</arg>
<arg>//*[contains(@class, "ant-input")]</arg>
<msg timestamp="20231205 22:36:45.518" level="INFO">${element} = xpath=//*[contains(@class, "ant-form-item-label")]/label[text()="Mật khẩu"]/../../*[contains(@class, "ant-form-item")]//*[contains(@class, "ant-input")]</msg>
<status status="PASS" starttime="20231205 22:36:45.517" endtime="20231205 22:36:45.518"/>
</kw>
<kw name="Click" library="Browser">
<arg>${element}</arg>
<tag>PageContent</tag>
<tag>Setter</tag>
<doc>Simulates mouse click on the element found by ``selector``.</doc>
<status status="PASS" starttime="20231205 22:36:45.518" endtime="20231205 22:36:45.619"/>
</kw>
<kw name="Clear Text" library="Browser">
<arg>${element}</arg>
<tag>PageContent</tag>
<tag>Setter</tag>
<doc>Clears the text field found by ``selector``.</doc>
<status status="PASS" starttime="20231205 22:36:45.620" endtime="20231205 22:36:45.668"/>
</kw>
<kw name="Fill Text" library="Browser">
<arg>${element}</arg>
<arg>${text}</arg>
<arg>True</arg>
<tag>PageContent</tag>
<tag>Setter</tag>
<doc>Clears and fills the given ``txt`` into the text field found by ``selector``.</doc>
<msg timestamp="20231205 22:36:45.670" level="INFO">Fills the text '123123' in the given field.</msg>
<status status="PASS" starttime="20231205 22:36:45.669" endtime="20231205 22:36:45.723"/>
</kw>
<kw name="Get Text" library="Browser">
<var>${condition}</var>
<arg>${element}</arg>
<tag>Assertion</tag>
<tag>Getter</tag>
<tag>PageContent</tag>
<doc>Returns text attribute of the element found by ``selector``.</doc>
<msg timestamp="20231205 22:36:45.778" level="INFO">Text: '123123'</msg>
<msg timestamp="20231205 22:36:45.779" level="INFO">${condition} = 123123</msg>
<status status="PASS" starttime="20231205 22:36:45.727" endtime="20231205 22:36:45.779"/>
</kw>
<while condition="'${condition}' != '${text}'" limit="10">
<iter>
<kw name="Fill Text" library="Browser">
<arg>${element}</arg>
<arg>${text}</arg>
<tag>PageContent</tag>
<tag>Setter</tag>
<doc>Clears and fills the given ``txt`` into the text field found by ``selector``.</doc>
<status status="NOT RUN" starttime="20231205 22:36:45.782" endtime="20231205 22:36:45.782"/>
</kw>
<kw name="Get Text" library="Browser">
<var>${condition}</var>
<arg>${element}</arg>
<tag>Assertion</tag>
<tag>Getter</tag>
<tag>PageContent</tag>
<doc>Returns text attribute of the element found by ``selector``.</doc>
<status status="NOT RUN" starttime="20231205 22:36:45.783" endtime="20231205 22:36:45.784"/>
</kw>
<status status="NOT RUN" starttime="20231205 22:36:45.780" endtime="20231205 22:36:45.784"/>
</iter>
<status status="NOT RUN" starttime="20231205 22:36:45.780" endtime="20231205 22:36:45.785"/>
</while>
<kw name="Scroll To Element" library="Browser">
<arg>${element}</arg>
<tag>PageContent</tag>
<tag>Setter</tag>
<doc>This method waits for actionability checks, then tries to scroll element into view,
unless it is completely visible.</doc>
<status status="PASS" starttime="20231205 22:36:45.786" endtime="20231205 22:36:45.855"/>
</kw>
<kw name="Get Length" library="BuiltIn">
<var>${cnt}</var>
<arg>${text}</arg>
<doc>Returns and logs the length of the given item as an integer.</doc>
<msg timestamp="20231205 22:36:45.859" level="INFO">Length is 6</msg>
<msg timestamp="20231205 22:36:45.861" level="INFO">${cnt} = 6</msg>
<status status="PASS" starttime="20231205 22:36:45.856" endtime="20231205 22:36:45.862"/>
</kw>
<if>
<branch type="IF" condition="${cnt} &gt; 0">
<kw name="Set Global Variable" library="BuiltIn">
<arg>\${STATE["${name}"]}</arg>
<arg>${text}</arg>
<doc>Makes a variable available globally in all tests and suites.</doc>
<msg timestamp="20231205 22:36:45.866" level="INFO">${STATE["Mật khẩu"]} = 123123</msg>
<status status="PASS" starttime="20231205 22:36:45.864" endtime="20231205 22:36:45.866"/>
</kw>
<status status="PASS" starttime="20231205 22:36:45.863" endtime="20231205 22:36:45.867"/>
</branch>
<status status="PASS" starttime="20231205 22:36:45.863" endtime="20231205 22:36:45.868"/>
</if>
<status status="PASS" starttime="20231205 22:36:45.334" endtime="20231205 22:36:45.868"/>
</kw>
<kw name="Click &quot;Đăng nhập&quot; button" library="common" sourcename="Click &quot;${text}&quot; button">
<kw name="Sleep" library="BuiltIn">
<arg>${SHOULD_TIMEOUT}</arg>
<doc>Pauses the test executed for the given time.</doc>
<msg timestamp="20231205 22:36:45.972" level="INFO">Slept 100 milliseconds</msg>
<status status="PASS" starttime="20231205 22:36:45.871" endtime="20231205 22:36:45.972"/>
</kw>
<kw name="Get Element Count" library="Browser">
<var>${cnt}</var>
<arg>//button[@title = "${text}"]</arg>
<tag>Assertion</tag>
<tag>Getter</tag>
<tag>PageContent</tag>
<doc>Returns the count of elements found with ``selector``.</doc>
<msg timestamp="20231205 22:36:45.986" level="INFO">${cnt} = 1</msg>
<status status="PASS" starttime="20231205 22:36:45.975" endtime="20231205 22:36:45.987"/>
</kw>
<if>
<branch type="IF" condition="${cnt} &gt; 0">
<kw name="Click" library="Browser">
<arg>xpath=//button[@title = "${text}"]</arg>
<tag>PageContent</tag>
<tag>Setter</tag>
<doc>Simulates mouse click on the element found by ``selector``.</doc>
<status status="PASS" starttime="20231205 22:36:45.989" endtime="20231205 22:36:46.122"/>
</kw>
<kw name="Click Confirm To Action" library="common">
<kw name="Sleep" library="BuiltIn">
<arg>${SHOULD_TIMEOUT}</arg>
<doc>Pauses the test executed for the given time.</doc>
<msg timestamp="20231205 22:36:46.228" level="INFO">Slept 100 milliseconds</msg>
<status status="PASS" starttime="20231205 22:36:46.126" endtime="20231205 22:36:46.228"/>
</kw>
<kw name="Set Variable" library="BuiltIn">
<var>${element}</var>
<arg>xpath=//*[contains(@class, "ant-popover")]//*[contains(@class, "ant-btn-primary")]</arg>
<doc>Returns the given values which can then be assigned to a variables.</doc>
<msg timestamp="20231205 22:36:46.229" level="INFO">${element} = xpath=//*[contains(@class, "ant-popover")]//*[contains(@class, "ant-btn-primary")]</msg>
<status status="PASS" starttime="20231205 22:36:46.228" endtime="20231205 22:36:46.229"/>
</kw>
<kw name="Get Element Count" library="Browser">
<var>${count}</var>
<arg>${element}</arg>
<tag>Assertion</tag>
<tag>Getter</tag>
<tag>PageContent</tag>
<doc>Returns the count of elements found with ``selector``.</doc>
<msg timestamp="20231205 22:36:46.238" level="INFO">${count} = 0</msg>
<status status="PASS" starttime="20231205 22:36:46.230" endtime="20231205 22:36:46.238"/>
</kw>
<if>
<branch type="IF" condition="${count} &gt; 0">
<kw name="Click" library="Browser">
<arg>${element}</arg>
<tag>PageContent</tag>
<tag>Setter</tag>
<doc>Simulates mouse click on the element found by ``selector``.</doc>
<status status="NOT RUN" starttime="20231205 22:36:46.243" endtime="20231205 22:36:46.243"/>
</kw>
<kw name="Sleep" library="BuiltIn">
<arg>${SHOULD_TIMEOUT}</arg>
<doc>Pauses the test executed for the given time.</doc>
<status status="NOT RUN" starttime="20231205 22:36:46.244" endtime="20231205 22:36:46.245"/>
</kw>
<kw name="Wait Until Element Spin" library="common">
<status status="NOT RUN" starttime="20231205 22:36:46.246" endtime="20231205 22:36:46.246"/>
</kw>
<status status="NOT RUN" starttime="20231205 22:36:46.241" endtime="20231205 22:36:46.247"/>
</branch>
<status status="PASS" starttime="20231205 22:36:46.239" endtime="20231205 22:36:46.247"/>
</if>
<status status="PASS" starttime="20231205 22:36:46.124" endtime="20231205 22:36:46.247"/>
</kw>
<kw name="Scroll By" library="Browser">
<arg>${None}</arg>
<tag>PageContent</tag>
<tag>Setter</tag>
<doc>Scrolls an element or the page relative from current position by the given values.</doc>
<msg timestamp="20231205 22:36:46.349" level="INFO">JavaScript executed successfully.</msg>
<msg timestamp="20231205 22:36:46.350" level="INFO">JavaScript executed successfully.</msg>
<msg timestamp="20231205 22:36:46.492" level="INFO">JavaScript executed successfully.</msg>
<msg timestamp="20231205 22:36:46.493" level="INFO">JavaScript executed successfully.</msg>
<msg timestamp="20231205 22:36:46.532" level="INFO">JavaScript executed successfully.</msg>
<status status="PASS" starttime="20231205 22:36:46.248" endtime="20231205 22:36:46.533"/>
</kw>
<status status="PASS" starttime="20231205 22:36:45.988" endtime="20231205 22:36:46.533"/>
</branch>
<branch type="ELSE">
<kw name="Click" library="Browser">
<arg>//span[contains(text(),"${text}")]</arg>
<tag>PageContent</tag>
<tag>Setter</tag>
<doc>Simulates mouse click on the element found by ``selector``.</doc>
<status status="NOT RUN" starttime="20231205 22:36:46.535" endtime="20231205 22:36:46.535"/>
</kw>
<kw name="Click Confirm To Action" library="common">
<status status="NOT RUN" starttime="20231205 22:36:46.536" endtime="20231205 22:36:46.537"/>
</kw>
<kw name="Scroll By" library="Browser">
<arg>${None}</arg>
<tag>PageContent</tag>
<tag>Setter</tag>
<doc>Scrolls an element or the page relative from current position by the given values.</doc>
<status status="NOT RUN" starttime="20231205 22:36:46.537" endtime="20231205 22:36:46.538"/>
</kw>
<status status="NOT RUN" starttime="20231205 22:36:46.534" endtime="20231205 22:36:46.539"/>
</branch>
<status status="PASS" starttime="20231205 22:36:45.988" endtime="20231205 22:36:46.540"/>
</if>
<status status="PASS" starttime="20231205 22:36:45.869" endtime="20231205 22:36:46.540"/>
</kw>
<kw name="User look message &quot;Success&quot; popup" library="common" sourcename="User look message &quot;${message}&quot; popup">
<kw name="Get Regexp Matches" library="String">
<var>${contains}</var>
<arg>${message}</arg>
<arg>_@(.+)@_</arg>
<arg>1</arg>
<doc>Returns a list of all non-overlapping matches in the given string.</doc>
<msg timestamp="20231205 22:36:46.544" level="INFO">${contains} = []</msg>
<status status="PASS" starttime="20231205 22:36:46.543" endtime="20231205 22:36:46.544"/>
</kw>
<kw name="Get Length" library="BuiltIn">
<var>${cnt}</var>
<arg>${contains}</arg>
<doc>Returns and logs the length of the given item as an integer.</doc>
<msg timestamp="20231205 22:36:46.547" level="INFO">Length is 0</msg>
<msg timestamp="20231205 22:36:46.547" level="INFO">${cnt} = 0</msg>
<status status="PASS" starttime="20231205 22:36:46.545" endtime="20231205 22:36:46.547"/>
</kw>
<if>
<branch type="IF" condition="${cnt} &gt; 0">
<kw name="Replace String" library="String">
<var>${message}</var>
<arg>${message}</arg>
<arg>_@${contains[0]}@_</arg>
<arg>${STATE["${contains[0]}"]}</arg>
<doc>Replaces ``search_for`` in the given ``string`` with ``replace_with``.</doc>
<status status="NOT RUN" starttime="20231205 22:36:46.549" endtime="20231205 22:36:46.550"/>
</kw>
<status status="NOT RUN" starttime="20231205 22:36:46.548" endtime="20231205 22:36:46.550"/>
</branch>
<status status="PASS" starttime="20231205 22:36:46.548" endtime="20231205 22:36:46.551"/>
</if>
<kw name="Wait Until Keyword Succeeds" library="BuiltIn">
<arg>${SHOULD_TIMEOUT}</arg>
<arg>${TIME_TRY}</arg>
<arg>Element Text Should Be</arg>
<arg>id=swal2-html-container</arg>
<arg>${message}</arg>
<doc>Runs the specified keyword and retries if it fails.</doc>
<kw name="Element Text Should Be" library="common">
<arg>id=swal2-html-container</arg>
<arg>${message}</arg>
<kw name="Get Text" library="Browser">
<arg>${locator}</arg>
<arg>equal</arg>
<arg>${expected}</arg>
<arg>${message}</arg>
<tag>Assertion</tag>
<tag>Getter</tag>
<tag>PageContent</tag>
<doc>Returns text attribute of the element found by ``selector``.</doc>
<msg timestamp="20231205 22:36:46.810" level="INFO">Text: 'Success'</msg>
<status status="PASS" starttime="20231205 22:36:46.559" endtime="20231205 22:36:46.811"/>
</kw>
<status status="PASS" starttime="20231205 22:36:46.554" endtime="20231205 22:36:46.812"/>
</kw>
<status status="PASS" starttime="20231205 22:36:46.552" endtime="20231205 22:36:46.812"/>
</kw>
<kw name="Set Variable" library="BuiltIn">
<var>${element}</var>
<arg>xpath=//*[contains(@class, "swal2-confirm")]</arg>
<doc>Returns the given values which can then be assigned to a variables.</doc>
<msg timestamp="20231205 22:36:46.814" level="INFO">${element} = xpath=//*[contains(@class, "swal2-confirm")]</msg>
<status status="PASS" starttime="20231205 22:36:46.813" endtime="20231205 22:36:46.814"/>
</kw>
<kw name="Run Keyword And Return Status" library="BuiltIn">
<var>${passed}</var>
<arg>Element Should Be Visible</arg>
<arg>${element}</arg>
<doc>Runs the given keyword with given arguments and returns the status as a Boolean value.</doc>
<kw name="Element Should Be Visible" library="common">
<arg>${element}</arg>
<kw name="Wait For Elements State" library="Browser">
<arg>${locator}</arg>
<arg>visible</arg>
<arg>${timeout}</arg>
<arg>${message}</arg>
<tag>PageContent</tag>
<tag>Wait</tag>
<doc>Waits for the element found by ``selector`` to satisfy state option.</doc>
<msg timestamp="20231205 22:36:47.251" level="INFO" html="true">&lt;/td&gt;&lt;/tr&gt;&lt;tr&gt;&lt;td colspan="3"&gt;&lt;a href="browser/screenshot/fail-screenshot-1.png" target="_blank"&gt;&lt;img src="browser/screenshot/fail-screenshot-1.png" width="800px"/&gt;&lt;/a&gt;</msg>
<msg timestamp="20231205 22:36:47.252" level="INFO">See also file:///D:/TESTER/Automation/playwright-log.txt for additional details.</msg>
<msg timestamp="20231205 22:36:47.252" level="FAIL">TimeoutError: locator.waitFor: Timeout 100ms exceeded.
=========================== logs ===========================
waiting for locator('xpath=//*[contains(@class, "swal2-confirm")]') to be visible
  locator resolved to hidden &lt;button type="button" aria-label="" class="swal2-confirm…&gt;OK&lt;/button&gt;
  locator resolved to hidden &lt;button type="button" aria-label="" class="swal2-confirm…&gt;OK&lt;/button&gt;
  locator resolved to hidden &lt;button type="button" aria-label="" class="swal2-confirm…&gt;OK&lt;/button&gt;
============================================================
Tip: Use "Set Browser Timeout" for increasing the timeout or double check your locator as the targeted element(s) couldn't be found.</msg>
<status status="FAIL" starttime="20231205 22:36:46.819" endtime="20231205 22:36:47.397"/>
</kw>
<status status="FAIL" starttime="20231205 22:36:46.816" endtime="20231205 22:36:47.398"/>
</kw>
<msg timestamp="20231205 22:36:47.399" level="INFO">${passed} = False</msg>
<status status="PASS" starttime="20231205 22:36:46.815" endtime="20231205 22:36:47.399"/>
</kw>
<if>
<branch type="IF" condition="'${passed}' == 'True'">
<kw name="Click" library="Browser">
<arg>${element}</arg>
<tag>PageContent</tag>
<tag>Setter</tag>
<doc>Simulates mouse click on the element found by ``selector``.</doc>
<status status="NOT RUN" starttime="20231205 22:36:47.401" endtime="20231205 22:36:47.402"/>
</kw>
<status status="NOT RUN" starttime="20231205 22:36:47.400" endtime="20231205 22:36:47.402"/>
</branch>
<status status="PASS" starttime="20231205 22:36:47.400" endtime="20231205 22:36:47.403"/>
</if>
<status status="PASS" starttime="20231205 22:36:46.541" endtime="20231205 22:36:47.403"/>
</kw>
<status status="PASS" starttime="20231205 22:36:44.391" endtime="20231205 22:36:47.403"/>
</kw>
<kw name="Click &quot;SUPERADMIN&quot; menu" library="common" sourcename="Click &quot;${text}&quot; menu">
<kw name="Wait Until Element Is Existent" library="common">
<arg>//li[contains(@class, "menu") and descendant::span[contains(text(), "${text}")]]</arg>
<kw name="Wait For Elements State" library="Browser">
<arg>${locator}</arg>
<arg>attached</arg>
<arg>${timeout}</arg>
<arg>${message}</arg>
<tag>PageContent</tag>
<tag>Wait</tag>
<doc>Waits for the element found by ``selector`` to satisfy state option.</doc>
<msg timestamp="20231205 22:36:47.426" level="INFO">Waited for Element with selector //li[contains(@class, "menu") and descendant::span[contains(text(), "SUPERADMIN")]] at state attached</msg>
<status status="PASS" starttime="20231205 22:36:47.409" endtime="20231205 22:36:47.426"/>
</kw>
<status status="PASS" starttime="20231205 22:36:47.405" endtime="20231205 22:36:47.427"/>
</kw>
<kw name="Click" library="Browser">
<arg>xpath=//li[contains(@class, "menu") and descendant::span[contains(text(), "${text}")]]</arg>
<tag>PageContent</tag>
<tag>Setter</tag>
<doc>Simulates mouse click on the element found by ``selector``.</doc>
<status status="PASS" starttime="20231205 22:36:47.428" endtime="20231205 22:36:48.448"/>
</kw>
<status status="PASS" starttime="20231205 22:36:47.404" endtime="20231205 22:36:48.449"/>
</kw>
<kw name="Click &quot;${name}&quot; sub menu to &quot;${url}&quot;" library="common" sourcename="Click &quot;${text}&quot; sub menu to &quot;${url}&quot;">
<kw name="Wait Until Element Is Existent" library="common">
<arg>//a[contains(@class, "sub-menu") and descendant::span[contains(text(), "${text}")]]</arg>
<kw name="Wait For Elements State" library="Browser">
<arg>${locator}</arg>
<arg>attached</arg>
<arg>${timeout}</arg>
<arg>${message}</arg>
<tag>PageContent</tag>
<tag>Wait</tag>
<doc>Waits for the element found by ``selector`` to satisfy state option.</doc>
<msg timestamp="20231205 22:36:48.469" level="INFO">Waited for Element with selector //a[contains(@class, "sub-menu") and descendant::span[contains(text(), "Phân quyền điều hướng")]] at state attached</msg>
<status status="PASS" starttime="20231205 22:36:48.451" endtime="20231205 22:36:48.469"/>
</kw>
<status status="PASS" starttime="20231205 22:36:48.450" endtime="20231205 22:36:48.470"/>
</kw>
<kw name="Click" library="Browser">
<arg>xpath=//a[contains(@class, "sub-menu") and descendant::span[contains(text(), "${text}")]]</arg>
<tag>PageContent</tag>
<tag>Setter</tag>
<doc>Simulates mouse click on the element found by ``selector``.</doc>
<status status="PASS" starttime="20231205 22:36:48.471" endtime="20231205 22:36:48.663"/>
</kw>
<kw name="Get Url" library="Browser">
<var>${curent_url}</var>
<tag>Assertion</tag>
<tag>Getter</tag>
<tag>PageContent</tag>
<doc>Returns the current URL.</doc>
<msg timestamp="20231205 22:36:48.670" level="INFO">${curent_url} = http://dev1.geneat.vn:7802/#/vn/navigation</msg>
<status status="PASS" starttime="20231205 22:36:48.664" endtime="20231205 22:36:48.671"/>
</kw>
<kw name="Should Contain" library="BuiltIn">
<arg>${curent_url}</arg>
<arg>${URL_DEFAULT}${url}</arg>
<doc>Fails if ``container`` does not contain ``item`` one or more times.</doc>
<status status="PASS" starttime="20231205 22:36:48.672" endtime="20231205 22:36:48.675"/>
</kw>
<status status="PASS" starttime="20231205 22:36:48.449" endtime="20231205 22:36:48.676"/>
</kw>
<kw name="Click &quot;Tạo mới&quot; button" library="common" sourcename="Click &quot;${text}&quot; button">
<kw name="Sleep" library="BuiltIn">
<arg>${SHOULD_TIMEOUT}</arg>
<doc>Pauses the test executed for the given time.</doc>
<msg timestamp="20231205 22:36:48.780" level="INFO">Slept 100 milliseconds</msg>
<status status="PASS" starttime="20231205 22:36:48.678" endtime="20231205 22:36:48.780"/>
</kw>
<kw name="Get Element Count" library="Browser">
<var>${cnt}</var>
<arg>//button[@title = "${text}"]</arg>
<tag>Assertion</tag>
<tag>Getter</tag>
<tag>PageContent</tag>
<doc>Returns the count of elements found with ``selector``.</doc>
<msg timestamp="20231205 22:36:48.798" level="INFO">${cnt} = 1</msg>
<status status="PASS" starttime="20231205 22:36:48.781" endtime="20231205 22:36:48.798"/>
</kw>
<if>
<branch type="IF" condition="${cnt} &gt; 0">
<kw name="Click" library="Browser">
<arg>xpath=//button[@title = "${text}"]</arg>
<tag>PageContent</tag>
<tag>Setter</tag>
<doc>Simulates mouse click on the element found by ``selector``.</doc>
<status status="PASS" starttime="20231205 22:36:48.800" endtime="20231205 22:36:51.276"/>
</kw>
<kw name="Click Confirm To Action" library="common">
<kw name="Sleep" library="BuiltIn">
<arg>${SHOULD_TIMEOUT}</arg>
<doc>Pauses the test executed for the given time.</doc>
<msg timestamp="20231205 22:36:51.380" level="INFO">Slept 100 milliseconds</msg>
<status status="PASS" starttime="20231205 22:36:51.279" endtime="20231205 22:36:51.380"/>
</kw>
<kw name="Set Variable" library="BuiltIn">
<var>${element}</var>
<arg>xpath=//*[contains(@class, "ant-popover")]//*[contains(@class, "ant-btn-primary")]</arg>
<doc>Returns the given values which can then be assigned to a variables.</doc>
<msg timestamp="20231205 22:36:51.381" level="INFO">${element} = xpath=//*[contains(@class, "ant-popover")]//*[contains(@class, "ant-btn-primary")]</msg>
<status status="PASS" starttime="20231205 22:36:51.380" endtime="20231205 22:36:51.381"/>
</kw>
<kw name="Get Element Count" library="Browser">
<var>${count}</var>
<arg>${element}</arg>
<tag>Assertion</tag>
<tag>Getter</tag>
<tag>PageContent</tag>
<doc>Returns the count of elements found with ``selector``.</doc>
<msg timestamp="20231205 22:36:51.392" level="INFO">${count} = 0</msg>
<status status="PASS" starttime="20231205 22:36:51.381" endtime="20231205 22:36:51.392"/>
</kw>
<if>
<branch type="IF" condition="${count} &gt; 0">
<kw name="Click" library="Browser">
<arg>${element}</arg>
<tag>PageContent</tag>
<tag>Setter</tag>
<doc>Simulates mouse click on the element found by ``selector``.</doc>
<status status="NOT RUN" starttime="20231205 22:36:51.394" endtime="20231205 22:36:51.395"/>
</kw>
<kw name="Sleep" library="BuiltIn">
<arg>${SHOULD_TIMEOUT}</arg>
<doc>Pauses the test executed for the given time.</doc>
<status status="NOT RUN" starttime="20231205 22:36:51.395" endtime="20231205 22:36:51.396"/>
</kw>
<kw name="Wait Until Element Spin" library="common">
<status status="NOT RUN" starttime="20231205 22:36:51.397" endtime="20231205 22:36:51.398"/>
</kw>
<status status="NOT RUN" starttime="20231205 22:36:51.393" endtime="20231205 22:36:51.399"/>
</branch>
<status status="PASS" starttime="20231205 22:36:51.393" endtime="20231205 22:36:51.400"/>
</if>
<status status="PASS" starttime="20231205 22:36:51.277" endtime="20231205 22:36:51.400"/>
</kw>
<kw name="Scroll By" library="Browser">
<arg>${None}</arg>
<tag>PageContent</tag>
<tag>Setter</tag>
<doc>Scrolls an element or the page relative from current position by the given values.</doc>
<msg timestamp="20231205 22:36:51.425" level="INFO">JavaScript executed successfully.</msg>
<msg timestamp="20231205 22:36:51.426" level="INFO">JavaScript executed successfully.</msg>
<msg timestamp="20231205 22:36:51.442" level="INFO">JavaScript executed successfully.</msg>
<msg timestamp="20231205 22:36:51.443" level="INFO">JavaScript executed successfully.</msg>
<msg timestamp="20231205 22:36:51.451" level="INFO">JavaScript executed successfully.</msg>
<status status="PASS" starttime="20231205 22:36:51.401" endtime="20231205 22:36:51.451"/>
</kw>
<status status="PASS" starttime="20231205 22:36:48.799" endtime="20231205 22:36:51.452"/>
</branch>
<branch type="ELSE">
<kw name="Click" library="Browser">
<arg>//span[contains(text(),"${text}")]</arg>
<tag>PageContent</tag>
<tag>Setter</tag>
<doc>Simulates mouse click on the element found by ``selector``.</doc>
<status status="NOT RUN" starttime="20231205 22:36:51.454" endtime="20231205 22:36:51.455"/>
</kw>
<kw name="Click Confirm To Action" library="common">
<status status="NOT RUN" starttime="20231205 22:36:51.455" endtime="20231205 22:36:51.459"/>
</kw>
<kw name="Scroll By" library="Browser">
<arg>${None}</arg>
<tag>PageContent</tag>
<tag>Setter</tag>
<doc>Scrolls an element or the page relative from current position by the given values.</doc>
<status status="NOT RUN" starttime="20231205 22:36:51.460" endtime="20231205 22:36:51.461"/>
</kw>
<status status="NOT RUN" starttime="20231205 22:36:51.453" endtime="20231205 22:36:51.461"/>
</branch>
<status status="PASS" starttime="20231205 22:36:48.798" endtime="20231205 22:36:51.461"/>
</if>
<status status="PASS" starttime="20231205 22:36:48.677" endtime="20231205 22:36:51.461"/>
</kw>
<status status="PASS" starttime="20231205 22:36:44.388" endtime="20231205 22:36:51.462"/>
</kw>
<kw name="When Enter &quot;word&quot; in &quot;Mã điều hướng&quot; with &quot;_RANDOM_&quot;" library="common" sourcename="Enter &quot;${type}&quot; in &quot;${name}&quot; with &quot;${text}&quot;">
<kw name="Wait Until Element Spin" library="common">
<kw name="Sleep" library="BuiltIn">
<arg>${SHOULD_TIMEOUT}</arg>
<doc>Pauses the test executed for the given time.</doc>
<msg timestamp="20231205 22:36:51.568" level="INFO">Slept 100 milliseconds</msg>
<status status="PASS" starttime="20231205 22:36:51.467" endtime="20231205 22:36:51.568"/>
</kw>
<kw name="Set Variable" library="BuiltIn">
<var>${element}</var>
<arg>xpath=//*[contains(@class, "ant-spin-spinning")]</arg>
<doc>Returns the given values which can then be assigned to a variables.</doc>
<msg timestamp="20231205 22:36:51.569" level="INFO">${element} = xpath=//*[contains(@class, "ant-spin-spinning")]</msg>
<status status="PASS" starttime="20231205 22:36:51.568" endtime="20231205 22:36:51.569"/>
</kw>
<kw name="Get Element Count" library="Browser">
<var>${count}</var>
<arg>${element}</arg>
<tag>Assertion</tag>
<tag>Getter</tag>
<tag>PageContent</tag>
<doc>Returns the count of elements found with ``selector``.</doc>
<msg timestamp="20231205 22:36:51.580" level="INFO">${count} = 0</msg>
<status status="PASS" starttime="20231205 22:36:51.569" endtime="20231205 22:36:51.581"/>
</kw>
<if>
<branch type="IF" condition="${count} &gt; 0">
<kw name="Wait Until Page Does Not Contain Element" library="common">
<arg>${element}</arg>
<status status="NOT RUN" starttime="20231205 22:36:51.583" endtime="20231205 22:36:51.583"/>
</kw>
<status status="NOT RUN" starttime="20231205 22:36:51.582" endtime="20231205 22:36:51.584"/>
</branch>
<status status="PASS" starttime="20231205 22:36:51.582" endtime="20231205 22:36:51.584"/>
</if>
<status status="PASS" starttime="20231205 22:36:51.466" endtime="20231205 22:36:51.585"/>
</kw>
<kw name="Get Random Text" library="common">
<var>${text}</var>
<arg>${type}</arg>
<arg>${text}</arg>
<kw name="Set Variable" library="BuiltIn">
<var>${symbol}</var>
<arg>_RANDOM_</arg>
<doc>Returns the given values which can then be assigned to a variables.</doc>
<msg timestamp="20231205 22:36:51.588" level="INFO">${symbol} = _RANDOM_</msg>
<status status="PASS" starttime="20231205 22:36:51.587" endtime="20231205 22:36:51.588"/>
</kw>
<kw name="Set Variable" library="BuiltIn">
<var>${new_text}</var>
<doc>Returns the given values which can then be assigned to a variables.</doc>
<msg timestamp="20231205 22:36:51.592" level="INFO">${new_text} = </msg>
<status status="PASS" starttime="20231205 22:36:51.589" endtime="20231205 22:36:51.593"/>
</kw>
<kw name="Get Regexp Matches" library="String">
<var>${containsS}</var>
<arg>${text}</arg>
<arg>_@(.+)@_</arg>
<arg>1</arg>
<doc>Returns a list of all non-overlapping matches in the given string.</doc>
<msg timestamp="20231205 22:36:51.595" level="INFO">${containsS} = []</msg>
<status status="PASS" starttime="20231205 22:36:51.594" endtime="20231205 22:36:51.595"/>
</kw>
<kw name="Get Length" library="BuiltIn">
<var>${cntS}</var>
<arg>${containsS}</arg>
<doc>Returns and logs the length of the given item as an integer.</doc>
<msg timestamp="20231205 22:36:51.598" level="INFO">Length is 0</msg>
<msg timestamp="20231205 22:36:51.598" level="INFO">${cntS} = 0</msg>
<status status="PASS" starttime="20231205 22:36:51.596" endtime="20231205 22:36:51.599"/>
</kw>
<kw name="Get Regexp Matches" library="String">
<var>${contains}</var>
<arg>${text}</arg>
<arg>${symbol}</arg>
<doc>Returns a list of all non-overlapping matches in the given string.</doc>
<msg timestamp="20231205 22:36:51.601" level="INFO">${contains} = ['_RANDOM_']</msg>
<status status="PASS" starttime="20231205 22:36:51.600" endtime="20231205 22:36:51.601"/>
</kw>
<kw name="Get Length" library="BuiltIn">
<var>${cnt}</var>
<arg>${contains}</arg>
<doc>Returns and logs the length of the given item as an integer.</doc>
<msg timestamp="20231205 22:36:51.603" level="INFO">Length is 1</msg>
<msg timestamp="20231205 22:36:51.603" level="INFO">${cnt} = 1</msg>
<status status="PASS" starttime="20231205 22:36:51.602" endtime="20231205 22:36:51.603"/>
</kw>
<if>
<branch type="IF" condition="${cntS} &gt; 0">
<kw name="Set Variable" library="BuiltIn">
<var>${new_text}</var>
<arg>${STATE["${containsS[0]}"]}</arg>
<doc>Returns the given values which can then be assigned to a variables.</doc>
<status status="NOT RUN" starttime="20231205 22:36:51.605" endtime="20231205 22:36:51.606"/>
</kw>
<kw name="Set Variable" library="BuiltIn">
<var>${symbol}</var>
<arg>_@${containsS[0]}@_</arg>
<doc>Returns the given values which can then be assigned to a variables.</doc>
<status status="NOT RUN" starttime="20231205 22:36:51.610" endtime="20231205 22:36:51.610"/>
</kw>
<status status="NOT RUN" starttime="20231205 22:36:51.604" endtime="20231205 22:36:51.611"/>
</branch>
<branch type="ELSE IF" condition="${cnt} &gt; 0 and '${type}' == 'test name'">
<kw name="Sentence" library="FakerLibrary">
<var>${random}</var>
<arg>nb_words=3</arg>
<doc>Generate a sentence.</doc>
<status status="NOT RUN" starttime="20231205 22:36:51.612" endtime="20231205 22:36:51.613"/>
</kw>
<kw name="Split String" library="String">
<var>${words}</var>
<arg>${TEST NAME}</arg>
<arg>${SPACE}</arg>
<doc>Splits the ``string`` using ``separator`` as a delimiter string.</doc>
<status status="NOT RUN" starttime="20231205 22:36:51.614" endtime="20231205 22:36:51.617"/>
</kw>
<kw name="Set Variable" library="BuiltIn">
<var>${new_text}</var>
<arg>${words[0]} ${random}</arg>
<doc>Returns the given values which can then be assigned to a variables.</doc>
<status status="NOT RUN" starttime="20231205 22:36:51.618" endtime="20231205 22:36:51.619"/>
</kw>
<status status="NOT RUN" starttime="20231205 22:36:51.611" endtime="20231205 22:36:51.619"/>
</branch>
<branch type="ELSE IF" condition="${cnt} &gt; 0 and '${type}' == 'number'">
<kw name="Random Int" library="FakerLibrary">
<var>${new_text}</var>
<doc>Generate a random integer between two integers ``min`` and ``max`` inclusive
while observing the provided ``step`` value.</doc>
<status status="NOT RUN" starttime="20231205 22:36:51.620" endtime="20231205 22:36:51.621"/>
</kw>
<kw name="Convert To String" library="BuiltIn">
<var>${new_text}</var>
<arg>${new_text}</arg>
<doc>Converts the given item to a Unicode string.</doc>
<status status="NOT RUN" starttime="20231205 22:36:51.621" endtime="20231205 22:36:51.622"/>
</kw>
<status status="NOT RUN" starttime="20231205 22:36:51.619" endtime="20231205 22:36:51.622"/>
</branch>
<branch type="ELSE IF" condition="${cnt} &gt; 0 and '${type}' == 'percentage'">
<kw name="Random Int" library="FakerLibrary">
<var>${new_text}</var>
<arg>max=100</arg>
<doc>Generate a random integer between two integers ``min`` and ``max`` inclusive
while observing the provided ``step`` value.</doc>
<status status="NOT RUN" starttime="20231205 22:36:51.629" endtime="20231205 22:36:51.629"/>
</kw>
<kw name="Convert To String" library="BuiltIn">
<var>${new_text}</var>
<arg>${new_text}</arg>
<doc>Converts the given item to a Unicode string.</doc>
<status status="NOT RUN" starttime="20231205 22:36:51.630" endtime="20231205 22:36:51.631"/>
</kw>
<status status="NOT RUN" starttime="20231205 22:36:51.628" endtime="20231205 22:36:51.631"/>
</branch>
<branch type="ELSE IF" condition="${cnt} &gt; 0 and '${type}' == 'paragraph'">
<kw name="Paragraph" library="FakerLibrary">
<var>${new_text}</var>
<doc>Generate a paragraph.</doc>
<status status="NOT RUN" starttime="20231205 22:36:51.633" endtime="20231205 22:36:51.633"/>
</kw>
<status status="NOT RUN" starttime="20231205 22:36:51.632" endtime="20231205 22:36:51.633"/>
</branch>
<branch type="ELSE IF" condition="${cnt} &gt; 0 and '${type}' == 'email'">
<kw name="Email" library="FakerLibrary">
<var>${new_text}</var>
<status status="NOT RUN" starttime="20231205 22:36:51.648" endtime="20231205 22:36:51.650"/>
</kw>
<status status="NOT RUN" starttime="20231205 22:36:51.634" endtime="20231205 22:36:51.651"/>
</branch>
<branch type="ELSE IF" condition="${cnt} &gt; 0 and '${type}' == 'phone'">
<kw name="Random Int" library="FakerLibrary">
<var>${new_text}</var>
<arg>min=2000000000</arg>
<arg>max=9999999999</arg>
<doc>Generate a random integer between two integers ``min`` and ``max`` inclusive
while observing the provided ``step`` value.</doc>
<status status="NOT RUN" starttime="20231205 22:36:51.652" endtime="20231205 22:36:51.653"/>
</kw>
<kw name="Convert To String" library="BuiltIn">
<var>${new_text}</var>
<arg>${new_text}</arg>
<doc>Converts the given item to a Unicode string.</doc>
<status status="NOT RUN" starttime="20231205 22:36:51.654" endtime="20231205 22:36:51.654"/>
</kw>
<kw name="Catenate" library="BuiltIn">
<var>${new_text}</var>
<arg>SEPARATOR=</arg>
<arg>0</arg>
<arg>${new_text}</arg>
<doc>Catenates the given items together and returns the resulted string.</doc>
<status status="NOT RUN" starttime="20231205 22:36:51.663" endtime="20231205 22:36:51.663"/>
</kw>
<status status="NOT RUN" starttime="20231205 22:36:51.651" endtime="20231205 22:36:51.664"/>
</branch>
<branch type="ELSE IF" condition="${cnt} &gt; 0 and '${type}' == 'color'">
<kw name="Safe Hex Color" library="FakerLibrary">
<var>${new_text}</var>
<doc>Generate a web-safe color formatted as a hex triplet.</doc>
<status status="NOT RUN" starttime="20231205 22:36:51.666" endtime="20231205 22:36:51.666"/>
</kw>
<status status="NOT RUN" starttime="20231205 22:36:51.665" endtime="20231205 22:36:51.667"/>
</branch>
<branch type="ELSE IF" condition="${cnt} &gt; 0 and &quot;${type}&quot; == 'password'">
<kw name="Password" library="FakerLibrary">
<var>${new_text}</var>
<arg>10</arg>
<arg>True</arg>
<arg>True</arg>
<arg>True</arg>
<arg>True</arg>
<doc>Generate a random password of the specified ``length``.</doc>
<status status="NOT RUN" starttime="20231205 22:36:51.668" endtime="20231205 22:36:51.669"/>
</kw>
<status status="NOT RUN" starttime="20231205 22:36:51.667" endtime="20231205 22:36:51.670"/>
</branch>
<branch type="ELSE IF" condition="${cnt} &gt; 0 and '${type}' == 'date'">
<kw name="Date" library="FakerLibrary">
<var>${new_text}</var>
<arg>pattern=%d-%m-%Y</arg>
<doc>Get a date string between January 1, 1970 and now.</doc>
<status status="NOT RUN" starttime="20231205 22:36:51.672" endtime="20231205 22:36:51.672"/>
</kw>
<status status="NOT RUN" starttime="20231205 22:36:51.671" endtime="20231205 22:36:51.675"/>
</branch>
<branch type="ELSE IF" condition="${cnt} &gt; 0 and '${type}' == 'word'">
<kw name="Sentence" library="FakerLibrary">
<var>${new_text}</var>
<arg>nb_words=2</arg>
<doc>Generate a sentence.</doc>
<msg timestamp="20231205 22:36:51.678" level="INFO">${new_text} = Voluptatum.</msg>
<status status="PASS" starttime="20231205 22:36:51.677" endtime="20231205 22:36:51.678"/>
</kw>
<status status="PASS" starttime="20231205 22:36:51.676" endtime="20231205 22:36:51.679"/>
</branch>
<branch type="ELSE IF" condition="${cnt} &gt; 0">
<kw name="Sentence" library="FakerLibrary">
<var>${new_text}</var>
<doc>Generate a sentence.</doc>
<status status="NOT RUN" starttime="20231205 22:36:51.680" endtime="20231205 22:36:51.680"/>
</kw>
<status status="NOT RUN" starttime="20231205 22:36:51.679" endtime="20231205 22:36:51.680"/>
</branch>
<status status="PASS" starttime="20231205 22:36:51.604" endtime="20231205 22:36:51.681"/>
</if>
<kw name="Get Length" library="BuiltIn">
<var>${cnt}</var>
<arg>${text}</arg>
<doc>Returns and logs the length of the given item as an integer.</doc>
<msg timestamp="20231205 22:36:51.682" level="INFO">Length is 8</msg>
<msg timestamp="20231205 22:36:51.683" level="INFO">${cnt} = 8</msg>
<status status="PASS" starttime="20231205 22:36:51.681" endtime="20231205 22:36:51.683"/>
</kw>
<if>
<branch type="IF" condition="${cnt} &gt; 0">
<kw name="Replace String" library="String">
<var>${text}</var>
<arg>${text}</arg>
<arg>${symbol}</arg>
<arg>${new_text}</arg>
<doc>Replaces ``search_for`` in the given ``string`` with ``replace_with``.</doc>
<msg timestamp="20231205 22:36:51.685" level="INFO">${text} = Voluptatum.</msg>
<status status="PASS" starttime="20231205 22:36:51.684" endtime="20231205 22:36:51.686"/>
</kw>
<status status="PASS" starttime="20231205 22:36:51.683" endtime="20231205 22:36:51.686"/>
</branch>
<status status="PASS" starttime="20231205 22:36:51.683" endtime="20231205 22:36:51.687"/>
</if>
<msg timestamp="20231205 22:36:51.688" level="INFO">${text} = Voluptatum.</msg>
<status status="PASS" starttime="20231205 22:36:51.586" endtime="20231205 22:36:51.688"/>
</kw>
<kw name="Get Element Form Item By Name" library="common">
<var>${element}</var>
<arg>${name}</arg>
<arg>//*[contains(@class, "ant-input")]</arg>
<msg timestamp="20231205 22:36:51.693" level="INFO">${element} = xpath=//*[contains(@class, "ant-form-item-label")]/label[text()="Mã điều hướng"]/../../*[contains(@class, "ant-form-item")]//*[contains(@class, "ant-input")]</msg>
<status status="PASS" starttime="20231205 22:36:51.688" endtime="20231205 22:36:51.693"/>
</kw>
<kw name="Click" library="Browser">
<arg>${element}</arg>
<tag>PageContent</tag>
<tag>Setter</tag>
<doc>Simulates mouse click on the element found by ``selector``.</doc>
<status status="PASS" starttime="20231205 22:36:51.694" endtime="20231205 22:36:51.787"/>
</kw>
<kw name="Clear Text" library="Browser">
<arg>${element}</arg>
<tag>PageContent</tag>
<tag>Setter</tag>
<doc>Clears the text field found by ``selector``.</doc>
<status status="PASS" starttime="20231205 22:36:51.787" endtime="20231205 22:36:51.833"/>
</kw>
<kw name="Fill Text" library="Browser">
<arg>${element}</arg>
<arg>${text}</arg>
<arg>True</arg>
<tag>PageContent</tag>
<tag>Setter</tag>
<doc>Clears and fills the given ``txt`` into the text field found by ``selector``.</doc>
<msg timestamp="20231205 22:36:51.835" level="INFO">Fills the text 'Voluptatum.' in the given field.</msg>
<status status="PASS" starttime="20231205 22:36:51.834" endtime="20231205 22:36:51.903"/>
</kw>
<kw name="Get Text" library="Browser">
<var>${condition}</var>
<arg>${element}</arg>
<tag>Assertion</tag>
<tag>Getter</tag>
<tag>PageContent</tag>
<doc>Returns text attribute of the element found by ``selector``.</doc>
<msg timestamp="20231205 22:36:51.946" level="INFO">Text: 'Voluptatum.'</msg>
<msg timestamp="20231205 22:36:51.947" level="INFO">${condition} = Voluptatum.</msg>
<status status="PASS" starttime="20231205 22:36:51.904" endtime="20231205 22:36:51.947"/>
</kw>
<while condition="'${condition}' != '${text}'" limit="10">
<iter>
<kw name="Fill Text" library="Browser">
<arg>${element}</arg>
<arg>${text}</arg>
<tag>PageContent</tag>
<tag>Setter</tag>
<doc>Clears and fills the given ``txt`` into the text field found by ``selector``.</doc>
<status status="NOT RUN" starttime="20231205 22:36:51.949" endtime="20231205 22:36:51.950"/>
</kw>
<kw name="Get Text" library="Browser">
<var>${condition}</var>
<arg>${element}</arg>
<tag>Assertion</tag>
<tag>Getter</tag>
<tag>PageContent</tag>
<doc>Returns text attribute of the element found by ``selector``.</doc>
<status status="NOT RUN" starttime="20231205 22:36:51.951" endtime="20231205 22:36:51.951"/>
</kw>
<status status="NOT RUN" starttime="20231205 22:36:51.948" endtime="20231205 22:36:51.952"/>
</iter>
<status status="NOT RUN" starttime="20231205 22:36:51.948" endtime="20231205 22:36:51.952"/>
</while>
<kw name="Scroll To Element" library="Browser">
<arg>${element}</arg>
<tag>PageContent</tag>
<tag>Setter</tag>
<doc>This method waits for actionability checks, then tries to scroll element into view,
unless it is completely visible.</doc>
<status status="PASS" starttime="20231205 22:36:51.953" endtime="20231205 22:36:52.018"/>
</kw>
<kw name="Get Length" library="BuiltIn">
<var>${cnt}</var>
<arg>${text}</arg>
<doc>Returns and logs the length of the given item as an integer.</doc>
<msg timestamp="20231205 22:36:52.020" level="INFO">Length is 11</msg>
<msg timestamp="20231205 22:36:52.020" level="INFO">${cnt} = 11</msg>
<status status="PASS" starttime="20231205 22:36:52.019" endtime="20231205 22:36:52.021"/>
</kw>
<if>
<branch type="IF" condition="${cnt} &gt; 0">
<kw name="Set Global Variable" library="BuiltIn">
<arg>\${STATE["${name}"]}</arg>
<arg>${text}</arg>
<doc>Makes a variable available globally in all tests and suites.</doc>
<msg timestamp="20231205 22:36:52.024" level="INFO">${STATE["Mã điều hướng"]} = Voluptatum.</msg>
<status status="PASS" starttime="20231205 22:36:52.022" endtime="20231205 22:36:52.025"/>
</kw>
<status status="PASS" starttime="20231205 22:36:52.021" endtime="20231205 22:36:52.025"/>
</branch>
<status status="PASS" starttime="20231205 22:36:52.021" endtime="20231205 22:36:52.026"/>
</if>
<status status="PASS" starttime="20231205 22:36:51.465" endtime="20231205 22:36:52.026"/>
</kw>
<kw name="When Enter &quot;word&quot; in &quot;Link&quot; with &quot;/_@Mã điều hướng@_&quot;" library="common" sourcename="Enter &quot;${type}&quot; in &quot;${name}&quot; with &quot;${text}&quot;">
<kw name="Wait Until Element Spin" library="common">
<kw name="Sleep" library="BuiltIn">
<arg>${SHOULD_TIMEOUT}</arg>
<doc>Pauses the test executed for the given time.</doc>
<msg timestamp="20231205 22:36:52.133" level="INFO">Slept 100 milliseconds</msg>
<status status="PASS" starttime="20231205 22:36:52.032" endtime="20231205 22:36:52.133"/>
</kw>
<kw name="Set Variable" library="BuiltIn">
<var>${element}</var>
<arg>xpath=//*[contains(@class, "ant-spin-spinning")]</arg>
<doc>Returns the given values which can then be assigned to a variables.</doc>
<msg timestamp="20231205 22:36:52.135" level="INFO">${element} = xpath=//*[contains(@class, "ant-spin-spinning")]</msg>
<status status="PASS" starttime="20231205 22:36:52.134" endtime="20231205 22:36:52.135"/>
</kw>
<kw name="Get Element Count" library="Browser">
<var>${count}</var>
<arg>${element}</arg>
<tag>Assertion</tag>
<tag>Getter</tag>
<tag>PageContent</tag>
<doc>Returns the count of elements found with ``selector``.</doc>
<msg timestamp="20231205 22:36:52.148" level="INFO">${count} = 0</msg>
<status status="PASS" starttime="20231205 22:36:52.136" endtime="20231205 22:36:52.149"/>
</kw>
<if>
<branch type="IF" condition="${count} &gt; 0">
<kw name="Wait Until Page Does Not Contain Element" library="common">
<arg>${element}</arg>
<status status="NOT RUN" starttime="20231205 22:36:52.151" endtime="20231205 22:36:52.151"/>
</kw>
<status status="NOT RUN" starttime="20231205 22:36:52.150" endtime="20231205 22:36:52.152"/>
</branch>
<status status="PASS" starttime="20231205 22:36:52.150" endtime="20231205 22:36:52.152"/>
</if>
<status status="PASS" starttime="20231205 22:36:52.031" endtime="20231205 22:36:52.153"/>
</kw>
<kw name="Get Random Text" library="common">
<var>${text}</var>
<arg>${type}</arg>
<arg>${text}</arg>
<kw name="Set Variable" library="BuiltIn">
<var>${symbol}</var>
<arg>_RANDOM_</arg>
<doc>Returns the given values which can then be assigned to a variables.</doc>
<msg timestamp="20231205 22:36:52.158" level="INFO">${symbol} = _RANDOM_</msg>
<status status="PASS" starttime="20231205 22:36:52.155" endtime="20231205 22:36:52.158"/>
</kw>
<kw name="Set Variable" library="BuiltIn">
<var>${new_text}</var>
<doc>Returns the given values which can then be assigned to a variables.</doc>
<msg timestamp="20231205 22:36:52.160" level="INFO">${new_text} = </msg>
<status status="PASS" starttime="20231205 22:36:52.159" endtime="20231205 22:36:52.160"/>
</kw>
<kw name="Get Regexp Matches" library="String">
<var>${containsS}</var>
<arg>${text}</arg>
<arg>_@(.+)@_</arg>
<arg>1</arg>
<doc>Returns a list of all non-overlapping matches in the given string.</doc>
<msg timestamp="20231205 22:36:52.162" level="INFO">${containsS} = ['Mã điều hướng']</msg>
<status status="PASS" starttime="20231205 22:36:52.161" endtime="20231205 22:36:52.162"/>
</kw>
<kw name="Get Length" library="BuiltIn">
<var>${cntS}</var>
<arg>${containsS}</arg>
<doc>Returns and logs the length of the given item as an integer.</doc>
<msg timestamp="20231205 22:36:52.164" level="INFO">Length is 1</msg>
<msg timestamp="20231205 22:36:52.164" level="INFO">${cntS} = 1</msg>
<status status="PASS" starttime="20231205 22:36:52.163" endtime="20231205 22:36:52.165"/>
</kw>
<kw name="Get Regexp Matches" library="String">
<var>${contains}</var>
<arg>${text}</arg>
<arg>${symbol}</arg>
<doc>Returns a list of all non-overlapping matches in the given string.</doc>
<msg timestamp="20231205 22:36:52.166" level="INFO">${contains} = []</msg>
<status status="PASS" starttime="20231205 22:36:52.165" endtime="20231205 22:36:52.167"/>
</kw>
<kw name="Get Length" library="BuiltIn">
<var>${cnt}</var>
<arg>${contains}</arg>
<doc>Returns and logs the length of the given item as an integer.</doc>
<msg timestamp="20231205 22:36:52.168" level="INFO">Length is 0</msg>
<msg timestamp="20231205 22:36:52.169" level="INFO">${cnt} = 0</msg>
<status status="PASS" starttime="20231205 22:36:52.167" endtime="20231205 22:36:52.169"/>
</kw>
<if>
<branch type="IF" condition="${cntS} &gt; 0">
<kw name="Set Variable" library="BuiltIn">
<var>${new_text}</var>
<arg>${STATE["${containsS[0]}"]}</arg>
<doc>Returns the given values which can then be assigned to a variables.</doc>
<msg timestamp="20231205 22:36:52.175" level="INFO">${new_text} = Voluptatum.</msg>
<status status="PASS" starttime="20231205 22:36:52.171" endtime="20231205 22:36:52.176"/>
</kw>
<kw name="Set Variable" library="BuiltIn">
<var>${symbol}</var>
<arg>_@${containsS[0]}@_</arg>
<doc>Returns the given values which can then be assigned to a variables.</doc>
<msg timestamp="20231205 22:36:52.179" level="INFO">${symbol} = _@Mã điều hướng@_</msg>
<status status="PASS" starttime="20231205 22:36:52.177" endtime="20231205 22:36:52.179"/>
</kw>
<status status="PASS" starttime="20231205 22:36:52.170" endtime="20231205 22:36:52.179"/>
</branch>
<branch type="ELSE IF" condition="${cnt} &gt; 0 and '${type}' == 'test name'">
<kw name="Sentence" library="FakerLibrary">
<var>${random}</var>
<arg>nb_words=3</arg>
<doc>Generate a sentence.</doc>
<status status="NOT RUN" starttime="20231205 22:36:52.180" endtime="20231205 22:36:52.181"/>
</kw>
<kw name="Split String" library="String">
<var>${words}</var>
<arg>${TEST NAME}</arg>
<arg>${SPACE}</arg>
<doc>Splits the ``string`` using ``separator`` as a delimiter string.</doc>
<status status="NOT RUN" starttime="20231205 22:36:52.182" endtime="20231205 22:36:52.182"/>
</kw>
<kw name="Set Variable" library="BuiltIn">
<var>${new_text}</var>
<arg>${words[0]} ${random}</arg>
<doc>Returns the given values which can then be assigned to a variables.</doc>
<status status="NOT RUN" starttime="20231205 22:36:52.183" endtime="20231205 22:36:52.183"/>
</kw>
<status status="NOT RUN" starttime="20231205 22:36:52.180" endtime="20231205 22:36:52.184"/>
</branch>
<branch type="ELSE IF" condition="${cnt} &gt; 0 and '${type}' == 'number'">
<kw name="Random Int" library="FakerLibrary">
<var>${new_text}</var>
<doc>Generate a random integer between two integers ``min`` and ``max`` inclusive
while observing the provided ``step`` value.</doc>
<status status="NOT RUN" starttime="20231205 22:36:52.185" endtime="20231205 22:36:52.186"/>
</kw>
<kw name="Convert To String" library="BuiltIn">
<var>${new_text}</var>
<arg>${new_text}</arg>
<doc>Converts the given item to a Unicode string.</doc>
<status status="NOT RUN" starttime="20231205 22:36:52.187" endtime="20231205 22:36:52.187"/>
</kw>
<status status="NOT RUN" starttime="20231205 22:36:52.184" endtime="20231205 22:36:52.188"/>
</branch>
<branch type="ELSE IF" condition="${cnt} &gt; 0 and '${type}' == 'percentage'">
<kw name="Random Int" library="FakerLibrary">
<var>${new_text}</var>
<arg>max=100</arg>
<doc>Generate a random integer between two integers ``min`` and ``max`` inclusive
while observing the provided ``step`` value.</doc>
[...]
<var>${new_text}</var>
<arg>10</arg>
<arg>True</arg>
<arg>True</arg>
<arg>True</arg>
<arg>True</arg>
<doc>Generate a random password of the specified ``length``.</doc>
<status status="NOT RUN" starttime="20231205 22:36:56.237" endtime="20231205 22:36:56.237"/>
</kw>
<status status="NOT RUN" starttime="20231205 22:36:56.237" endtime="20231205 22:36:56.238"/>
</branch>
<branch type="ELSE IF" condition="${cnt} &gt; 0 and '${type}' == 'date'">
<kw name="Date" library="FakerLibrary">
<var>${new_text}</var>
<arg>pattern=%d-%m-%Y</arg>
<doc>Get a date string between January 1, 1970 and now.</doc>
<status status="NOT RUN" starttime="20231205 22:36:56.242" endtime="20231205 22:36:56.242"/>
</kw>
<status status="NOT RUN" starttime="20231205 22:36:56.238" endtime="20231205 22:36:56.243"/>
</branch>
<branch type="ELSE IF" condition="${cnt} &gt; 0 and '${type}' == 'word'">
<kw name="Sentence" library="FakerLibrary">
<var>${new_text}</var>
<arg>nb_words=2</arg>
<doc>Generate a sentence.</doc>
<status status="NOT RUN" starttime="20231205 22:36:56.244" endtime="20231205 22:36:56.245"/>
</kw>
<status status="NOT RUN" starttime="20231205 22:36:56.243" endtime="20231205 22:36:56.245"/>
</branch>
<branch type="ELSE IF" condition="${cnt} &gt; 0">
<kw name="Sentence" library="FakerLibrary">
<var>${new_text}</var>
<doc>Generate a sentence.</doc>
<msg timestamp="20231205 22:36:56.247" level="INFO">${new_text} = Exercitationem repudiandae esse error animi ducimus odio.</msg>
<status status="PASS" starttime="20231205 22:36:56.246" endtime="20231205 22:36:56.247"/>
</kw>
<status status="PASS" starttime="20231205 22:36:56.245" endtime="20231205 22:36:56.248"/>
</branch>
<status status="PASS" starttime="20231205 22:36:56.217" endtime="20231205 22:36:56.248"/>
</if>
<kw name="Get Length" library="BuiltIn">
<var>${cnt}</var>
<arg>${text}</arg>
<doc>Returns and logs the length of the given item as an integer.</doc>
<msg timestamp="20231205 22:36:56.249" level="INFO">Length is 8</msg>
<msg timestamp="20231205 22:36:56.249" level="INFO">${cnt} = 8</msg>
<status status="PASS" starttime="20231205 22:36:56.248" endtime="20231205 22:36:56.250"/>
</kw>
<if>
<branch type="IF" condition="${cnt} &gt; 0">
<kw name="Replace String" library="String">
<var>${text}</var>
<arg>${text}</arg>
<arg>${symbol}</arg>
<arg>${new_text}</arg>
<doc>Replaces ``search_for`` in the given ``string`` with ``replace_with``.</doc>
<msg timestamp="20231205 22:36:56.252" level="INFO">${text} = Exercitationem repudiandae esse error animi ducimus odio.</msg>
<status status="PASS" starttime="20231205 22:36:56.251" endtime="20231205 22:36:56.252"/>
</kw>
<status status="PASS" starttime="20231205 22:36:56.250" endtime="20231205 22:36:56.252"/>
</branch>
<status status="PASS" starttime="20231205 22:36:56.250" endtime="20231205 22:36:56.253"/>
</if>
<msg timestamp="20231205 22:36:56.253" level="INFO">${text} = Exercitationem repudiandae esse error animi ducimus odio.</msg>
<status status="PASS" starttime="20231205 22:36:56.210" endtime="20231205 22:36:56.253"/>
</kw>
<kw name="Get Element Form Item By Name" library="common">
<var>${element}</var>
<arg>${name}</arg>
<arg>//*[contains(@class, "ant-input")]</arg>
<msg timestamp="20231205 22:36:56.254" level="INFO">${element} = xpath=//*[contains(@class, "ant-form-item-label")]/label[text()="Tham số truy vấn"]/../../*[contains(@class, "ant-form-item")]//*[contains(@class, "ant-input")]</msg>
<status status="PASS" starttime="20231205 22:36:56.253" endtime="20231205 22:36:56.257"/>
</kw>
<kw name="Click" library="Browser">
<arg>${element}</arg>
<tag>PageContent</tag>
<tag>Setter</tag>
<doc>Simulates mouse click on the element found by ``selector``.</doc>
<status status="PASS" starttime="20231205 22:36:56.259" endtime="20231205 22:36:56.371"/>
</kw>
<kw name="Clear Text" library="Browser">
<arg>${element}</arg>
<tag>PageContent</tag>
<tag>Setter</tag>
<doc>Clears the text field found by ``selector``.</doc>
<status status="PASS" starttime="20231205 22:36:56.373" endtime="20231205 22:36:56.417"/>
</kw>
<kw name="Fill Text" library="Browser">
<arg>${element}</arg>
<arg>${text}</arg>
<arg>True</arg>
<tag>PageContent</tag>
<tag>Setter</tag>
<doc>Clears and fills the given ``txt`` into the text field found by ``selector``.</doc>
<msg timestamp="20231205 22:36:56.418" level="INFO">Fills the text 'Exercitationem repudiandae esse error animi ducimus odio.' in the given field.</msg>
<status status="PASS" starttime="20231205 22:36:56.417" endtime="20231205 22:36:56.478"/>
</kw>
<kw name="Get Text" library="Browser">
<var>${condition}</var>
<arg>${element}</arg>
<tag>Assertion</tag>
<tag>Getter</tag>
<tag>PageContent</tag>
<doc>Returns text attribute of the element found by ``selector``.</doc>
<msg timestamp="20231205 22:36:56.521" level="INFO">Text: 'Exercitationem repudiandae esse error animi ducimus odio.'</msg>
<msg timestamp="20231205 22:36:56.522" level="INFO">${condition} = Exercitationem repudiandae esse error animi ducimus odio.</msg>
<status status="PASS" starttime="20231205 22:36:56.479" endtime="20231205 22:36:56.523"/>
</kw>
<while condition="'${condition}' != '${text}'" limit="10">
<iter>
<kw name="Fill Text" library="Browser">
<arg>${element}</arg>
<arg>${text}</arg>
<tag>PageContent</tag>
<tag>Setter</tag>
<doc>Clears and fills the given ``txt`` into the text field found by ``selector``.</doc>
<status status="NOT RUN" starttime="20231205 22:36:56.526" endtime="20231205 22:36:56.527"/>
</kw>
<kw name="Get Text" library="Browser">
<var>${condition}</var>
<arg>${element}</arg>
<tag>Assertion</tag>
<tag>Getter</tag>
<tag>PageContent</tag>
<doc>Returns text attribute of the element found by ``selector``.</doc>
<status status="NOT RUN" starttime="20231205 22:36:56.527" endtime="20231205 22:36:56.528"/>
</kw>
<status status="NOT RUN" starttime="20231205 22:36:56.524" endtime="20231205 22:36:56.528"/>
</iter>
<status status="NOT RUN" starttime="20231205 22:36:56.524" endtime="20231205 22:36:56.529"/>
</while>
<kw name="Scroll To Element" library="Browser">
<arg>${element}</arg>
<tag>PageContent</tag>
<tag>Setter</tag>
<doc>This method waits for actionability checks, then tries to scroll element into view,
unless it is completely visible.</doc>
<status status="PASS" starttime="20231205 22:36:56.529" endtime="20231205 22:36:56.601"/>
</kw>
<kw name="Get Length" library="BuiltIn">
<var>${cnt}</var>
<arg>${text}</arg>
<doc>Returns and logs the length of the given item as an integer.</doc>
<msg timestamp="20231205 22:36:56.603" level="INFO">Length is 57</msg>
<msg timestamp="20231205 22:36:56.603" level="INFO">${cnt} = 57</msg>
<status status="PASS" starttime="20231205 22:36:56.602" endtime="20231205 22:36:56.604"/>
</kw>
<if>
<branch type="IF" condition="${cnt} &gt; 0">
<kw name="Set Global Variable" library="BuiltIn">
<arg>\${STATE["${name}"]}</arg>
<arg>${text}</arg>
<doc>Makes a variable available globally in all tests and suites.</doc>
<msg timestamp="20231205 22:36:56.609" level="INFO">${STATE["Tham số truy vấn"]} = Exercitationem repudiandae esse error animi ducimus odio.</msg>
<status status="PASS" starttime="20231205 22:36:56.607" endtime="20231205 22:36:56.609"/>
</kw>
<status status="PASS" starttime="20231205 22:36:56.604" endtime="20231205 22:36:56.610"/>
</branch>
<status status="PASS" starttime="20231205 22:36:56.604" endtime="20231205 22:36:56.611"/>
</if>
<status status="PASS" starttime="20231205 22:36:56.085" endtime="20231205 22:36:56.611"/>
</kw>
<kw name="When Click switch &quot;Kích hoạt&quot; to change button status" library="common" sourcename="Click switch &quot;${name}&quot; to change button status">
<kw name="Get Element Form Item By Name" library="common">
<var>${element}</var>
<arg>${name}</arg>
<arg>//button[contains(@class, "ant-switch")]</arg>
<msg timestamp="20231205 22:36:56.622" level="INFO">${element} = xpath=//*[contains(@class, "ant-form-item-label")]/label[text()="Kích hoạt"]/../../*[contains(@class, "ant-form-item")]//button[contains(@class, "ant-switch")]</msg>
<status status="PASS" starttime="20231205 22:36:56.620" endtime="20231205 22:36:56.623"/>
</kw>
<kw name="Click" library="Browser">
<arg>${element}</arg>
<tag>PageContent</tag>
<tag>Setter</tag>
<doc>Simulates mouse click on the element found by ``selector``.</doc>
<status status="PASS" starttime="20231205 22:36:56.624" endtime="20231205 22:36:56.743"/>
</kw>
<status status="PASS" starttime="20231205 22:36:56.619" endtime="20231205 22:36:56.744"/>
</kw>
<kw name="When Click assign list &quot;Order Side, Farmer Side&quot;" library="common" sourcename="Click assign list &quot;${list}&quot;">
<kw name="Split String" library="String">
<var>${words}</var>
<arg>${list}</arg>
<arg>,${SPACE}</arg>
<doc>Splits the ``string`` using ``separator`` as a delimiter string.</doc>
<msg timestamp="20231205 22:36:56.827" level="INFO">${words} = ['Order Side', 'Farmer Side']</msg>
<status status="PASS" starttime="20231205 22:36:56.825" endtime="20231205 22:36:56.828"/>
</kw>
<for flavor="IN">
<var>${word}</var>
<value>@{words}</value>
<iter>
<var name="${word}">Order Side</var>
<kw name="Click" library="Browser">
<arg>xpath=//*[contains(@class, "ant-checkbox-wrapper")]/*[text()="${word}"]</arg>
<tag>PageContent</tag>
<tag>Setter</tag>
<doc>Simulates mouse click on the element found by ``selector``.</doc>
<status status="PASS" starttime="20231205 22:36:56.830" endtime="20231205 22:36:57.001"/>
</kw>
<status status="PASS" starttime="20231205 22:36:56.829" endtime="20231205 22:36:57.001"/>
</iter>
<iter>
<var name="${word}">Farmer Side</var>
<kw name="Click" library="Browser">
<arg>xpath=//*[contains(@class, "ant-checkbox-wrapper")]/*[text()="${word}"]</arg>
<tag>PageContent</tag>
<tag>Setter</tag>
<doc>Simulates mouse click on the element found by ``selector``.</doc>
<status status="PASS" starttime="20231205 22:36:57.003" endtime="20231205 22:36:57.156"/>
</kw>
<status status="PASS" starttime="20231205 22:36:57.002" endtime="20231205 22:36:57.157"/>
</iter>
<status status="PASS" starttime="20231205 22:36:56.828" endtime="20231205 22:36:57.158"/>
</for>
<kw name="Click" library="Browser">
<arg>xpath=//*[contains(@class, "ant-transfer-operation")]/button[2]</arg>
<tag>PageContent</tag>
<tag>Setter</tag>
<doc>Simulates mouse click on the element found by ``selector``.</doc>
<status status="PASS" starttime="20231205 22:36:57.159" endtime="20231205 22:36:57.282"/>
</kw>
<kw name="Wait Until Element Spin" library="common">
<kw name="Sleep" library="BuiltIn">
<arg>${SHOULD_TIMEOUT}</arg>
<doc>Pauses the test executed for the given time.</doc>
<msg timestamp="20231205 22:36:57.384" level="INFO">Slept 100 milliseconds</msg>
<status status="PASS" starttime="20231205 22:36:57.283" endtime="20231205 22:36:57.384"/>
</kw>
<kw name="Set Variable" library="BuiltIn">
<var>${element}</var>
<arg>xpath=//*[contains(@class, "ant-spin-spinning")]</arg>
<doc>Returns the given values which can then be assigned to a variables.</doc>
<msg timestamp="20231205 22:36:57.385" level="INFO">${element} = xpath=//*[contains(@class, "ant-spin-spinning")]</msg>
<status status="PASS" starttime="20231205 22:36:57.384" endtime="20231205 22:36:57.385"/>
</kw>
<kw name="Get Element Count" library="Browser">
<var>${count}</var>
<arg>${element}</arg>
<tag>Assertion</tag>
<tag>Getter</tag>
<tag>PageContent</tag>
<doc>Returns the count of elements found with ``selector``.</doc>
<msg timestamp="20231205 22:36:57.404" level="INFO">${count} = 0</msg>
<status status="PASS" starttime="20231205 22:36:57.385" endtime="20231205 22:36:57.405"/>
</kw>
<if>
<branch type="IF" condition="${count} &gt; 0">
<kw name="Wait Until Page Does Not Contain Element" library="common">
<arg>${element}</arg>
<status status="NOT RUN" starttime="20231205 22:36:57.408" endtime="20231205 22:36:57.409"/>
</kw>
<status status="NOT RUN" starttime="20231205 22:36:57.407" endtime="20231205 22:36:57.409"/>
</branch>
<status status="PASS" starttime="20231205 22:36:57.406" endtime="20231205 22:36:57.410"/>
</if>
<status status="PASS" starttime="20231205 22:36:57.282" endtime="20231205 22:36:57.411"/>
</kw>
<status status="PASS" starttime="20231205 22:36:56.820" endtime="20231205 22:36:57.411"/>
</kw>
<kw name="When Click &quot;Lưu lại&quot; button" library="common" sourcename="Click &quot;${text}&quot; button">
<kw name="Sleep" library="BuiltIn">
<arg>${SHOULD_TIMEOUT}</arg>
<doc>Pauses the test executed for the given time.</doc>
<msg timestamp="20231205 22:36:57.518" level="INFO">Slept 100 milliseconds</msg>
<status status="PASS" starttime="20231205 22:36:57.416" endtime="20231205 22:36:57.518"/>
</kw>
<kw name="Get Element Count" library="Browser">
<var>${cnt}</var>
<arg>//button[@title = "${text}"]</arg>
<tag>Assertion</tag>
<tag>Getter</tag>
<tag>PageContent</tag>
<doc>Returns the count of elements found with ``selector``.</doc>
<msg timestamp="20231205 22:36:57.536" level="INFO">${cnt} = 1</msg>
<status status="PASS" starttime="20231205 22:36:57.518" endtime="20231205 22:36:57.536"/>
</kw>
<if>
<branch type="IF" condition="${cnt} &gt; 0">
<kw name="Click" library="Browser">
<arg>xpath=//button[@title = "${text}"]</arg>
<tag>PageContent</tag>
<tag>Setter</tag>
<doc>Simulates mouse click on the element found by ``selector``.</doc>
<status status="PASS" starttime="20231205 22:36:57.538" endtime="20231205 22:36:57.645"/>
</kw>
<kw name="Click Confirm To Action" library="common">
<kw name="Sleep" library="BuiltIn">
<arg>${SHOULD_TIMEOUT}</arg>
<doc>Pauses the test executed for the given time.</doc>
<msg timestamp="20231205 22:36:57.747" level="INFO">Slept 100 milliseconds</msg>
<status status="PASS" starttime="20231205 22:36:57.646" endtime="20231205 22:36:57.747"/>
</kw>
<kw name="Set Variable" library="BuiltIn">
<var>${element}</var>
<arg>xpath=//*[contains(@class, "ant-popover")]//*[contains(@class, "ant-btn-primary")]</arg>
<doc>Returns the given values which can then be assigned to a variables.</doc>
<msg timestamp="20231205 22:36:57.748" level="INFO">${element} = xpath=//*[contains(@class, "ant-popover")]//*[contains(@class, "ant-btn-primary")]</msg>
<status status="PASS" starttime="20231205 22:36:57.747" endtime="20231205 22:36:57.748"/>
</kw>
<kw name="Get Element Count" library="Browser">
<var>${count}</var>
<arg>${element}</arg>
<tag>Assertion</tag>
<tag>Getter</tag>
<tag>PageContent</tag>
<doc>Returns the count of elements found with ``selector``.</doc>
<msg timestamp="20231205 22:36:57.758" level="INFO">${count} = 0</msg>
<status status="PASS" starttime="20231205 22:36:57.748" endtime="20231205 22:36:57.758"/>
</kw>
<if>
<branch type="IF" condition="${count} &gt; 0">
<kw name="Click" library="Browser">
<arg>${element}</arg>
<tag>PageContent</tag>
<tag>Setter</tag>
<doc>Simulates mouse click on the element found by ``selector``.</doc>
<status status="NOT RUN" starttime="20231205 22:36:57.760" endtime="20231205 22:36:57.761"/>
</kw>
<kw name="Sleep" library="BuiltIn">
<arg>${SHOULD_TIMEOUT}</arg>
<doc>Pauses the test executed for the given time.</doc>
<status status="NOT RUN" starttime="20231205 22:36:57.762" endtime="20231205 22:36:57.762"/>
</kw>
<kw name="Wait Until Element Spin" library="common">
<status status="NOT RUN" starttime="20231205 22:36:57.763" endtime="20231205 22:36:57.763"/>
</kw>
<status status="NOT RUN" starttime="20231205 22:36:57.759" endtime="20231205 22:36:57.764"/>
</branch>
<status status="PASS" starttime="20231205 22:36:57.759" endtime="20231205 22:36:57.764"/>
</if>
<status status="PASS" starttime="20231205 22:36:57.646" endtime="20231205 22:36:57.764"/>
</kw>
<kw name="Scroll By" library="Browser">
<arg>${None}</arg>
<tag>PageContent</tag>
<tag>Setter</tag>
<doc>Scrolls an element or the page relative from current position by the given values.</doc>
<msg timestamp="20231205 22:36:57.779" level="INFO">JavaScript executed successfully.</msg>
<msg timestamp="20231205 22:36:57.779" level="INFO">JavaScript executed successfully.</msg>
<msg timestamp="20231205 22:36:57.794" level="INFO">JavaScript executed successfully.</msg>
<msg timestamp="20231205 22:36:57.794" level="INFO">JavaScript executed successfully.</msg>
<msg timestamp="20231205 22:36:57.800" level="INFO">JavaScript executed successfully.</msg>
<status status="PASS" starttime="20231205 22:36:57.765" endtime="20231205 22:36:57.801"/>
</kw>
<status status="PASS" starttime="20231205 22:36:57.537" endtime="20231205 22:36:57.802"/>
</branch>
<branch type="ELSE">
<kw name="Click" library="Browser">
<arg>//span[contains(text(),"${text}")]</arg>
<tag>PageContent</tag>
<tag>Setter</tag>
<doc>Simulates mouse click on the element found by ``selector``.</doc>
<status status="NOT RUN" starttime="20231205 22:36:57.803" endtime="20231205 22:36:57.804"/>
</kw>
<kw name="Click Confirm To Action" library="common">
<status status="NOT RUN" starttime="20231205 22:36:57.804" endtime="20231205 22:36:57.804"/>
</kw>
<kw name="Scroll By" library="Browser">
<arg>${None}</arg>
<tag>PageContent</tag>
<tag>Setter</tag>
<doc>Scrolls an element or the page relative from current position by the given values.</doc>
<status status="NOT RUN" starttime="20231205 22:36:57.805" endtime="20231205 22:36:57.805"/>
</kw>
<status status="NOT RUN" starttime="20231205 22:36:57.802" endtime="20231205 22:36:57.806"/>
</branch>
<status status="PASS" starttime="20231205 22:36:57.537" endtime="20231205 22:36:57.807"/>
</if>
<status status="PASS" starttime="20231205 22:36:57.415" endtime="20231205 22:36:57.807"/>
</kw>
<kw name="Then Required message &quot;Xin vui lòng nhập tên điều hướng&quot; displayed under &quot;Tên điều hướng&quot; field" library="common" sourcename="Required message &quot;${text}&quot; displayed under &quot;${name}&quot; field">
<kw name="Get Element Form Item By Name" library="common">
<var>${element}</var>
<arg>${name}</arg>
<arg>//*[contains(@class, "ant-form-item-explain-error")]</arg>
<msg timestamp="20231205 22:36:57.813" level="INFO">${element} = xpath=//*[contains(@class, "ant-form-item-label")]/label[text()="Tên điều hướng"]/../../*[contains(@class, "ant-form-item")]//*[contains(@class, "ant-form-item-explain-error")]</msg>
<status status="PASS" starttime="20231205 22:36:57.811" endtime="20231205 22:36:57.813"/>
</kw>
<kw name="Element Text Should Be" library="common">
<arg>${element}</arg>
<arg>${text}</arg>
<kw name="Get Text" library="Browser">
<arg>${locator}</arg>
<arg>equal</arg>
<arg>${expected}</arg>
<arg>${message}</arg>
<tag>Assertion</tag>
<tag>Getter</tag>
<tag>PageContent</tag>
<doc>Returns text attribute of the element found by ``selector``.</doc>
<msg timestamp="20231205 22:36:57.858" level="INFO">Text: 'Xin vui lòng nhập tên điều hướng'</msg>
<status status="PASS" starttime="20231205 22:36:57.817" endtime="20231205 22:36:57.859"/>
</kw>
<status status="PASS" starttime="20231205 22:36:57.814" endtime="20231205 22:36:57.859"/>
</kw>
<status status="PASS" starttime="20231205 22:36:57.810" endtime="20231205 22:36:57.860"/>
</kw>
<kw name="Tear Down" library="common" type="TEARDOWN">
<kw name="Close Browser" library="Browser">
<arg>ALL</arg>
<tag>BrowserControl</tag>
<tag>Setter</tag>
<doc>Closes the current browser.</doc>
<msg timestamp="20231205 22:36:58.937" level="INFO">Closed all browsers</msg>
<status status="PASS" starttime="20231205 22:36:57.863" endtime="20231205 22:36:58.938"/>
</kw>
<status status="PASS" starttime="20231205 22:36:57.862" endtime="20231205 22:36:58.939"/>
</kw>
<tag>BlankField</tag>
<tag>Create</tag>
<status status="PASS" starttime="20231205 22:36:35.986" endtime="20231205 22:36:58.943"/>
</test>
<status status="PASS" starttime="20231205 22:36:31.819" endtime="20231205 22:36:58.996"/>
</suite>
<statistics>
<total>
<stat pass="1" fail="0" skip="0">All Tests</stat>
</total>
<tag>
<stat pass="1" fail="0" skip="0">BlankField</stat>
<stat pass="1" fail="0" skip="0">Create</stat>
</tag>
<suite>
<stat pass="1" fail="0" skip="0" id="s1" name="Navigation">Navigation</stat>
</suite>
</statistics>
<errors>
</errors>
</robot>
