<?xml version="1.0" encoding="UTF-8"?>
<robot generator="Robot 6.1.1 (Python 3.11.4 on win32)" generated="20231124 16:52:51.862" rpa="false" schemaversion="4">
<suite id="s1" name="Navigation" source="d:\TESTER\Automation\Auto_Web\testcases\navigation.robot">
<test id="s1-t1" name="DH_28 Verify the search function when enter the name was not existed" line="347">
<kw name="Setup" library="common" type="SETUP">
<kw name="Set Browser Timeout" library="Browser">
<arg>${BROWSER_TIMEOUT}</arg>
<tag>Config</tag>
<tag>Setter</tag>
<doc>Sets the timeout used by most input and getter keywords.</doc>
<status status="PASS" starttime="20231124 16:52:54.252" endtime="20231124 16:52:54.253"/>
</kw>
<kw name="New Browser" library="Browser">
<arg>${BROWSER}</arg>
<arg>headless=${HEADLESS}</arg>
<tag>BrowserControl</tag>
<tag>Setter</tag>
<doc>Create a new playwright Browser with specified options.</doc>
<msg timestamp="20231124 16:52:54.255" level="INFO">{"browser": "chromium", "headless": false, "chromiumSandbox": false, "devtools": false, "handleSIGHUP": true, "handleSIGINT": true, "handleSIGTERM": true, "slowMo": 0.0, "timeout": 30000.0, "tracesDir": "D:\\TESTER\\Automation\\browser\\traces\\00856d48-44f1-4fc6-ba53-0b6738a85572"}</msg>
<msg timestamp="20231124 16:52:55.553" level="INFO">Successfully created browser with options: {"browser":"chromium","headless":false,"chromiumSandbox":false,"devtools":false,"handleSIGHUP":true,"handleSIGINT":true,"handleSIGTERM":true,"slowMo":0,"timeout":30000,"tracesDir":"D:\\TESTER\\Automation\\browser\\traces\\00856d48-44f1-4fc6-ba53-0b6738a85572"}</msg>
<status status="PASS" starttime="20231124 16:52:54.254" endtime="20231124 16:52:55.554"/>
</kw>
<kw name="New Page" library="Browser">
<arg>${URL_DEFAULT}</arg>
<tag>BrowserControl</tag>
<tag>Setter</tag>
<doc>Open a new Page.</doc>
<msg timestamp="20231124 16:53:00.031" level="INFO">Successfully initialized new page object and opened url: http://dev1.geneat.vn:7802/#/vn</msg>
<msg timestamp="20231124 16:53:00.031" level="INFO">No context was open. New context was automatically opened when this page is created.</msg>
<status status="PASS" starttime="20231124 16:52:55.555" endtime="20231124 16:53:00.032"/>
</kw>
<kw name="Evaluate" library="BuiltIn">
<var>${STATE}</var>
<arg>json.loads('''{}''')</arg>
<arg>json</arg>
<doc>Evaluates the given expression in Python and returns the result.</doc>
<msg timestamp="20231124 16:53:00.037" level="INFO">${STATE} = {}</msg>
<status status="PASS" starttime="20231124 16:53:00.033" endtime="20231124 16:53:00.037"/>
</kw>
<status status="PASS" starttime="20231124 16:52:54.250" endtime="20231124 16:53:00.038"/>
</kw>
<kw name="Create a test data">
<kw name="Run Keyword And Return Status" library="BuiltIn">
<var>${condition}</var>
<arg>Confirm locating exactly in "Phân quyền điều hướng" page</arg>
<doc>Runs the given keyword with given arguments and returns the status as a Boolean value.</doc>
<kw name="Confirm locating exactly in &quot;Phân quyền điều hướng&quot; page" library="common" sourcename="Confirm locating exactly in &quot;${name}&quot; page">
<kw name="Get Element Count" library="Browser">
<var>${cnt}</var>
<arg>//header//span[contains(text(),"${name}")]</arg>
<tag>Assertion</tag>
<tag>Getter</tag>
<tag>PageContent</tag>
<doc>Returns the count of elements found with ``selector``.</doc>
<msg timestamp="20231124 16:53:00.146" level="INFO">${cnt} = 0</msg>
<status status="PASS" starttime="20231124 16:53:00.062" endtime="20231124 16:53:00.146"/>
</kw>
<kw name="Should Be True" library="BuiltIn">
<arg>${cnt} &gt; 0</arg>
<doc>Fails if the given condition is not true.</doc>
<msg timestamp="20231124 16:53:00.148" level="FAIL">'0 &gt; 0' should be true.</msg>
<status status="FAIL" starttime="20231124 16:53:00.147" endtime="20231124 16:53:00.149"/>
</kw>
<status status="FAIL" starttime="20231124 16:53:00.060" endtime="20231124 16:53:00.149"/>
</kw>
<msg timestamp="20231124 16:53:00.150" level="INFO">${condition} = False</msg>
<status status="PASS" starttime="20231124 16:53:00.058" endtime="20231124 16:53:00.150"/>
</kw>
<if>
<branch type="IF" condition="'${condition}' == 'True'">
<kw name="Click &quot;Tạo mới&quot; button" library="common" sourcename="Click &quot;${text}&quot; button">
<status status="NOT RUN" starttime="20231124 16:53:00.152" endtime="20231124 16:53:00.152"/>
</kw>
<status status="NOT RUN" starttime="20231124 16:53:00.151" endtime="20231124 16:53:00.152"/>
</branch>
<branch type="ELSE">
<kw name="Go to &quot;Điều hướng&quot; page">
<kw name="Login to admin" library="common">
<kw name="Enter &quot;email&quot; in &quot;Email&quot; with &quot;admin@gmail.com&quot;" library="common" sourcename="Enter &quot;${type}&quot; in &quot;${name}&quot; with &quot;${text}&quot;">
<kw name="Get Random Text" library="common">
<var>${text}</var>
<arg>${type}</arg>
<arg>${text}</arg>
<kw name="Set Variable" library="BuiltIn">
<var>${symbol}</var>
<arg>_RANDOM_</arg>
<doc>Returns the given values which can then be assigned to a variables.</doc>
<msg timestamp="20231124 16:53:00.165" level="INFO">${symbol} = _RANDOM_</msg>
<status status="PASS" starttime="20231124 16:53:00.164" endtime="20231124 16:53:00.166"/>
</kw>
<kw name="Set Variable" library="BuiltIn">
<var>${new_text}</var>
<doc>Returns the given values which can then be assigned to a variables.</doc>
<msg timestamp="20231124 16:53:00.168" level="INFO">${new_text} = </msg>
<status status="PASS" starttime="20231124 16:53:00.167" endtime="20231124 16:53:00.168"/>
</kw>
<kw name="Get Regexp Matches" library="String">
<var>${containsS}</var>
<arg>${text}</arg>
<arg>_@(.+)@_</arg>
<arg>1</arg>
<doc>Returns a list of all non-overlapping matches in the given string.</doc>
<msg timestamp="20231124 16:53:00.171" level="INFO">${containsS} = []</msg>
<status status="PASS" starttime="20231124 16:53:00.169" endtime="20231124 16:53:00.171"/>
</kw>
<kw name="Get Length" library="BuiltIn">
<var>${cntS}</var>
<arg>${containsS}</arg>
<doc>Returns and logs the length of the given item as an integer.</doc>
<msg timestamp="20231124 16:53:00.175" level="INFO">Length is 0</msg>
<msg timestamp="20231124 16:53:00.177" level="INFO">${cntS} = 0</msg>
<status status="PASS" starttime="20231124 16:53:00.173" endtime="20231124 16:53:00.177"/>
</kw>
<kw name="Get Regexp Matches" library="String">
<var>${contains}</var>
<arg>${text}</arg>
<arg>${symbol}</arg>
<doc>Returns a list of all non-overlapping matches in the given string.</doc>
<msg timestamp="20231124 16:53:00.180" level="INFO">${contains} = []</msg>
<status status="PASS" starttime="20231124 16:53:00.179" endtime="20231124 16:53:00.180"/>
</kw>
<kw name="Get Length" library="BuiltIn">
<var>${cnt}</var>
<arg>${contains}</arg>
<doc>Returns and logs the length of the given item as an integer.</doc>
<msg timestamp="20231124 16:53:00.182" level="INFO">Length is 0</msg>
<msg timestamp="20231124 16:53:00.186" level="INFO">${cnt} = 0</msg>
<status status="PASS" starttime="20231124 16:53:00.181" endtime="20231124 16:53:00.186"/>
</kw>
<if>
<branch type="IF" condition="${cntS} &gt; 0">
<kw name="Set Variable" library="BuiltIn">
<var>${new_text}</var>
<arg>${STATE["${containsS[0]}"]}</arg>
<doc>Returns the given values which can then be assigned to a variables.</doc>
<status status="NOT RUN" starttime="20231124 16:53:00.195" endtime="20231124 16:53:00.196"/>
</kw>
<kw name="Set Variable" library="BuiltIn">
<var>${symbol}</var>
<arg>_@${containsS[0]}@_</arg>
<doc>Returns the given values which can then be assigned to a variables.</doc>
<status status="NOT RUN" starttime="20231124 16:53:00.198" endtime="20231124 16:53:00.198"/>
</kw>
<status status="NOT RUN" starttime="20231124 16:53:00.193" endtime="20231124 16:53:00.199"/>
</branch>
<branch type="ELSE IF" condition="${cnt} &gt; 0 and '${type}' == 'test name'">
<kw name="Sentence" library="FakerLibrary">
<var>${random}</var>
<arg>nb_words=3</arg>
<doc>Generate a sentence.</doc>
<status status="NOT RUN" starttime="20231124 16:53:00.201" endtime="20231124 16:53:00.202"/>
</kw>
<kw name="Split String" library="String">
<var>${words}</var>
<arg>${TEST NAME}</arg>
<arg>${SPACE}</arg>
<doc>Splits the ``string`` using ``separator`` as a delimiter string.</doc>
<status status="NOT RUN" starttime="20231124 16:53:00.203" endtime="20231124 16:53:00.204"/>
</kw>
<kw name="Set Variable" library="BuiltIn">
<var>${new_text}</var>
<arg>${words[0]} ${random}</arg>
<doc>Returns the given values which can then be assigned to a variables.</doc>
<status status="NOT RUN" starttime="20231124 16:53:00.205" endtime="20231124 16:53:00.205"/>
</kw>
<status status="NOT RUN" starttime="20231124 16:53:00.200" endtime="20231124 16:53:00.210"/>
</branch>
<branch type="ELSE IF" condition="${cnt} &gt; 0 and '${type}' == 'number'">
<kw name="Random Int" library="FakerLibrary">
<var>${new_text}</var>
<doc>Generate a random integer between two integers ``min`` and ``max`` inclusive
while observing the provided ``step`` value.</doc>
<status status="NOT RUN" starttime="20231124 16:53:00.214" endtime="20231124 16:53:00.214"/>
</kw>
<kw name="Convert To String" library="BuiltIn">
<var>${new_text}</var>
<arg>${new_text}</arg>
<doc>Converts the given item to a Unicode string.</doc>
<status status="NOT RUN" starttime="20231124 16:53:00.215" endtime="20231124 16:53:00.215"/>
</kw>
<status status="NOT RUN" starttime="20231124 16:53:00.210" endtime="20231124 16:53:00.216"/>
</branch>
<branch type="ELSE IF" condition="${cnt} &gt; 0 and '${type}' == 'percentage'">
<kw name="Random Int" library="FakerLibrary">
<var>${new_text}</var>
<arg>max=100</arg>
<doc>Generate a random integer between two integers ``min`` and ``max`` inclusive
while observing the provided ``step`` value.</doc>
<status status="NOT RUN" starttime="20231124 16:53:00.218" endtime="20231124 16:53:00.218"/>
</kw>
<kw name="Convert To String" library="BuiltIn">
<var>${new_text}</var>
<arg>${new_text}</arg>
<doc>Converts the given item to a Unicode string.</doc>
<status status="NOT RUN" starttime="20231124 16:53:00.219" endtime="20231124 16:53:00.237"/>
</kw>
<status status="NOT RUN" starttime="20231124 16:53:00.216" endtime="20231124 16:53:00.238"/>
</branch>
<branch type="ELSE IF" condition="${cnt} &gt; 0 and '${type}' == 'paragraph'">
<kw name="Paragraph" library="FakerLibrary">
<var>${new_text}</var>
<doc>Generate a paragraph.</doc>
<status status="NOT RUN" starttime="20231124 16:53:00.247" endtime="20231124 16:53:00.248"/>
</kw>
<status status="NOT RUN" starttime="20231124 16:53:00.238" endtime="20231124 16:53:00.248"/>
</branch>
<branch type="ELSE IF" condition="${cnt} &gt; 0 and '${type}' == 'email'">
<kw name="Email" library="FakerLibrary">
<var>${new_text}</var>
<status status="NOT RUN" starttime="20231124 16:53:00.250" endtime="20231124 16:53:00.250"/>
</kw>
<status status="NOT RUN" starttime="20231124 16:53:00.249" endtime="20231124 16:53:00.251"/>
</branch>
<branch type="ELSE IF" condition="${cnt} &gt; 0 and '${type}' == 'phone'">
<kw name="Random Int" library="FakerLibrary">
<var>${new_text}</var>
<arg>min=2000000000</arg>
<arg>max=9999999999</arg>
<doc>Generate a random integer between two integers ``min`` and ``max`` inclusive
while observing the provided ``step`` value.</doc>
<status status="NOT RUN" starttime="20231124 16:53:00.254" endtime="20231124 16:53:00.303"/>
</kw>
<kw name="Convert To String" library="BuiltIn">
<var>${new_text}</var>
<arg>${new_text}</arg>
<doc>Converts the given item to a Unicode string.</doc>
<status status="NOT RUN" starttime="20231124 16:53:00.305" endtime="20231124 16:53:00.308"/>
</kw>
<kw name="Catenate" library="BuiltIn">
<var>${new_text}</var>
<arg>SEPARATOR=</arg>
<arg>0</arg>
<arg>${new_text}</arg>
<doc>Catenates the given items together and returns the resulted string.</doc>
<status status="NOT RUN" starttime="20231124 16:53:00.310" endtime="20231124 16:53:00.311"/>
</kw>
<status status="NOT RUN" starttime="20231124 16:53:00.252" endtime="20231124 16:53:00.312"/>
</branch>
<branch type="ELSE IF" condition="${cnt} &gt; 0 and '${type}' == 'color'">
<kw name="Safe Hex Color" library="FakerLibrary">
<var>${new_text}</var>
<doc>Generate a web-safe color formatted as a hex triplet.</doc>
<status status="NOT RUN" starttime="20231124 16:53:00.314" endtime="20231124 16:53:00.315"/>
</kw>
<status status="NOT RUN" starttime="20231124 16:53:00.313" endtime="20231124 16:53:00.316"/>
</branch>
<branch type="ELSE IF" condition="${cnt} &gt; 0 and &quot;${type}&quot; == 'password'">
<kw name="Password" library="FakerLibrary">
<var>${new_text}</var>
<arg>10</arg>
<arg>True</arg>
<arg>True</arg>
<arg>True</arg>
<arg>True</arg>
<doc>Generate a random password of the specified ``length``.</doc>
<status status="NOT RUN" starttime="20231124 16:53:00.317" endtime="20231124 16:53:00.319"/>
</kw>
<status status="NOT RUN" starttime="20231124 16:53:00.316" endtime="20231124 16:53:00.319"/>
</branch>
<branch type="ELSE IF" condition="${cnt} &gt; 0 and '${type}' == 'date'">
<kw name="Date" library="FakerLibrary">
<var>${new_text}</var>
<arg>pattern=%d-%m-%Y</arg>
<doc>Get a date string between January 1, 1970 and now.</doc>
<status status="NOT RUN" starttime="20231124 16:53:00.321" endtime="20231124 16:53:00.321"/>
</kw>
<status status="NOT RUN" starttime="20231124 16:53:00.320" endtime="20231124 16:53:00.322"/>
</branch>
<branch type="ELSE IF" condition="${cnt} &gt; 0 and '${type}' == 'word'">
<kw name="Sentence" library="FakerLibrary">
<var>${new_text}</var>
<arg>nb_words=2</arg>
<doc>Generate a sentence.</doc>
<status status="NOT RUN" starttime="20231124 16:53:00.326" endtime="20231124 16:53:00.327"/>
</kw>
<status status="NOT RUN" starttime="20231124 16:53:00.325" endtime="20231124 16:53:00.328"/>
</branch>
<branch type="ELSE IF" condition="${cnt} &gt; 0">
<kw name="Sentence" library="FakerLibrary">
<var>${new_text}</var>
<doc>Generate a sentence.</doc>
<status status="NOT RUN" starttime="20231124 16:53:00.332" endtime="20231124 16:53:00.333"/>
</kw>
<status status="NOT RUN" starttime="20231124 16:53:00.330" endtime="20231124 16:53:00.334"/>
</branch>
<status status="PASS" starttime="20231124 16:53:00.189" endtime="20231124 16:53:00.335"/>
</if>
<kw name="Get Length" library="BuiltIn">
<var>${cnt}</var>
<arg>${text}</arg>
<doc>Returns and logs the length of the given item as an integer.</doc>
<msg timestamp="20231124 16:53:00.336" level="INFO">Length is 15</msg>
<msg timestamp="20231124 16:53:00.337" level="INFO">${cnt} = 15</msg>
<status status="PASS" starttime="20231124 16:53:00.335" endtime="20231124 16:53:00.337"/>
</kw>
<if>
<branch type="IF" condition="${cnt} &gt; 0">
<kw name="Replace String" library="String">
<var>${text}</var>
<arg>${text}</arg>
<arg>${symbol}</arg>
<arg>${new_text}</arg>
<doc>Replaces ``search_for`` in the given ``string`` with ``replace_with``.</doc>
<msg timestamp="20231124 16:53:00.361" level="INFO">${text} = admin@gmail.com</msg>
<status status="PASS" starttime="20231124 16:53:00.359" endtime="20231124 16:53:00.361"/>
</kw>
<status status="PASS" starttime="20231124 16:53:00.338" endtime="20231124 16:53:00.362"/>
</branch>
<status status="PASS" starttime="20231124 16:53:00.338" endtime="20231124 16:53:00.362"/>
</if>
<msg timestamp="20231124 16:53:00.363" level="INFO">${text} = admin@gmail.com</msg>
<status status="PASS" starttime="20231124 16:53:00.158" endtime="20231124 16:53:00.363"/>
</kw>
<kw name="Get Element Form Item By Name" library="common">
<var>${element}</var>
<arg>${name}</arg>
<arg>//*[contains(@class, "ant-input")]</arg>
<msg timestamp="20231124 16:53:00.366" level="INFO">${element} = xpath=//*[contains(@class, "ant-form-item-label")]/label[text()="Email"]/../../*[contains(@class, "ant-form-item")]//*[contains(@class, "ant-input")]</msg>
<status status="PASS" starttime="20231124 16:53:00.364" endtime="20231124 16:53:00.366"/>
</kw>
<kw name="Click" library="Browser">
<arg>${element}</arg>
<tag>PageContent</tag>
<tag>Setter</tag>
<doc>Simulates mouse click on the element found by ``selector``.</doc>
<status status="PASS" starttime="20231124 16:53:00.367" endtime="20231124 16:53:00.710"/>
</kw>
<kw name="Clear Text" library="Browser">
<arg>${element}</arg>
<tag>PageContent</tag>
<tag>Setter</tag>
<doc>Clears the text field found by ``selector``.</doc>
<status status="PASS" starttime="20231124 16:53:00.711" endtime="20231124 16:53:00.764"/>
</kw>
<kw name="Fill Text" library="Browser">
<arg>${element}</arg>
<arg>${text}</arg>
<arg>True</arg>
<tag>PageContent</tag>
<tag>Setter</tag>
<doc>Clears and fills the given ``txt`` into the text field found by ``selector``.</doc>
<msg timestamp="20231124 16:53:00.769" level="INFO">Fills the text 'admin@gmail.com' in the given field.</msg>
<status status="PASS" starttime="20231124 16:53:00.767" endtime="20231124 16:53:00.840"/>
</kw>
<kw name="Get Text" library="Browser">
<var>${condition}</var>
<arg>${element}</arg>
<tag>Assertion</tag>
<tag>Getter</tag>
<tag>PageContent</tag>
<doc>Returns text attribute of the element found by ``selector``.</doc>
<msg timestamp="20231124 16:53:00.922" level="INFO">Text: 'admin@gmail.com'</msg>
<msg timestamp="20231124 16:53:00.925" level="INFO">${condition} = admin@gmail.com</msg>
<status status="PASS" starttime="20231124 16:53:00.843" endtime="20231124 16:53:00.926"/>
</kw>
<while condition="'${condition}' != '${text}'" limit="10">
<iter>
<kw name="Fill Text" library="Browser">
<arg>${element}</arg>
<arg>${text}</arg>
<tag>PageContent</tag>
<tag>Setter</tag>
<doc>Clears and fills the given ``txt`` into the text field found by ``selector``.</doc>
<status status="NOT RUN" starttime="20231124 16:53:00.929" endtime="20231124 16:53:00.930"/>
</kw>
<kw name="Get Text" library="Browser">
<var>${condition}</var>
<arg>${element}</arg>
<tag>Assertion</tag>
<tag>Getter</tag>
<tag>PageContent</tag>
<doc>Returns text attribute of the element found by ``selector``.</doc>
<status status="NOT RUN" starttime="20231124 16:53:00.931" endtime="20231124 16:53:00.931"/>
</kw>
<status status="NOT RUN" starttime="20231124 16:53:00.927" endtime="20231124 16:53:00.932"/>
</iter>
<status status="NOT RUN" starttime="20231124 16:53:00.927" endtime="20231124 16:53:00.932"/>
</while>
<kw name="Scroll To Element" library="Browser">
<arg>${element}</arg>
<tag>PageContent</tag>
<tag>Setter</tag>
<doc>This method waits for actionability checks, then tries to scroll element into view,
unless it is completely visible.</doc>
<status status="PASS" starttime="20231124 16:53:00.933" endtime="20231124 16:53:01.004"/>
</kw>
<kw name="Get Length" library="BuiltIn">
<var>${cnt}</var>
<arg>${text}</arg>
<doc>Returns and logs the length of the given item as an integer.</doc>
<msg timestamp="20231124 16:53:01.009" level="INFO">Length is 15</msg>
<msg timestamp="20231124 16:53:01.010" level="INFO">${cnt} = 15</msg>
<status status="PASS" starttime="20231124 16:53:01.005" endtime="20231124 16:53:01.010"/>
</kw>
<if>
<branch type="IF" condition="${cnt} &gt; 0">
<kw name="Set Global Variable" library="BuiltIn">
<arg>\${STATE["${name}"]}</arg>
<arg>${text}</arg>
<doc>Makes a variable available globally in all tests and suites.</doc>
<msg timestamp="20231124 16:53:01.014" level="INFO">${STATE["Email"]} = admin@gmail.com</msg>
<status status="PASS" starttime="20231124 16:53:01.013" endtime="20231124 16:53:01.015"/>
</kw>
<status status="PASS" starttime="20231124 16:53:01.011" endtime="20231124 16:53:01.015"/>
</branch>
<status status="PASS" starttime="20231124 16:53:01.011" endtime="20231124 16:53:01.016"/>
</if>
<kw name="Wait Until Network Is Idle" library="Browser">
<tag>HTTP</tag>
<tag>Wait</tag>
<doc>Waits until there has been at least one instance of 500 ms of no network traffic on the page after loading.</doc>
<status status="PASS" starttime="20231124 16:53:01.016" endtime="20231124 16:53:01.034"/>
</kw>
<status status="PASS" starttime="20231124 16:53:00.156" endtime="20231124 16:53:01.035"/>
</kw>
<kw name="Enter &quot;password&quot; in &quot;Mật khẩu&quot; with &quot;123123&quot;" library="common" sourcename="Enter &quot;${type}&quot; in &quot;${name}&quot; with &quot;${text}&quot;">
<kw name="Get Random Text" library="common">
<var>${text}</var>
<arg>${type}</arg>
<arg>${text}</arg>
<kw name="Set Variable" library="BuiltIn">
<var>${symbol}</var>
<arg>_RANDOM_</arg>
<doc>Returns the given values which can then be assigned to a variables.</doc>
<msg timestamp="20231124 16:53:01.043" level="INFO">${symbol} = _RANDOM_</msg>
<status status="PASS" starttime="20231124 16:53:01.040" endtime="20231124 16:53:01.043"/>
</kw>
<kw name="Set Variable" library="BuiltIn">
<var>${new_text}</var>
<doc>Returns the given values which can then be assigned to a variables.</doc>
<msg timestamp="20231124 16:53:01.045" level="INFO">${new_text} = </msg>
<status status="PASS" starttime="20231124 16:53:01.044" endtime="20231124 16:53:01.046"/>
</kw>
<kw name="Get Regexp Matches" library="String">
<var>${containsS}</var>
<arg>${text}</arg>
<arg>_@(.+)@_</arg>
<arg>1</arg>
<doc>Returns a list of all non-overlapping matches in the given string.</doc>
<msg timestamp="20231124 16:53:01.048" level="INFO">${containsS} = []</msg>
<status status="PASS" starttime="20231124 16:53:01.047" endtime="20231124 16:53:01.048"/>
</kw>
<kw name="Get Length" library="BuiltIn">
<var>${cntS}</var>
<arg>${containsS}</arg>
<doc>Returns and logs the length of the given item as an integer.</doc>
<msg timestamp="20231124 16:53:01.050" level="INFO">Length is 0</msg>
<msg timestamp="20231124 16:53:01.051" level="INFO">${cntS} = 0</msg>
<status status="PASS" starttime="20231124 16:53:01.049" endtime="20231124 16:53:01.051"/>
</kw>
<kw name="Get Regexp Matches" library="String">
<var>${contains}</var>
<arg>${text}</arg>
<arg>${symbol}</arg>
<doc>Returns a list of all non-overlapping matches in the given string.</doc>
<msg timestamp="20231124 16:53:01.053" level="INFO">${contains} = []</msg>
<status status="PASS" starttime="20231124 16:53:01.052" endtime="20231124 16:53:01.053"/>
</kw>
<kw name="Get Length" library="BuiltIn">
<var>${cnt}</var>
<arg>${contains}</arg>
<doc>Returns and logs the length of the given item as an integer.</doc>
<msg timestamp="20231124 16:53:01.060" level="INFO">Length is 0</msg>
<msg timestamp="20231124 16:53:01.061" level="INFO">${cnt} = 0</msg>
<status status="PASS" starttime="20231124 16:53:01.055" endtime="20231124 16:53:01.061"/>
</kw>
<if>
<branch type="IF" condition="${cntS} &gt; 0">
<kw name="Set Variable" library="BuiltIn">
<var>${new_text}</var>
<arg>${STATE["${containsS[0]}"]}</arg>
<doc>Returns the given values which can then be assigned to a variables.</doc>
<status status="NOT RUN" starttime="20231124 16:53:01.063" endtime="20231124 16:53:01.064"/>
</kw>
<kw name="Set Variable" library="BuiltIn">
<var>${symbol}</var>
<arg>_@${containsS[0]}@_</arg>
<doc>Returns the given values which can then be assigned to a variables.</doc>
<status status="NOT RUN" starttime="20231124 16:53:01.065" endtime="20231124 16:53:01.065"/>
</kw>
<status status="NOT RUN" starttime="20231124 16:53:01.062" endtime="20231124 16:53:01.066"/>
</branch>
<branch type="ELSE IF" condition="${cnt} &gt; 0 and '${type}' == 'test name'">
<kw name="Sentence" library="FakerLibrary">
<var>${random}</var>
<arg>nb_words=3</arg>
<doc>Generate a sentence.</doc>
<status status="NOT RUN" starttime="20231124 16:53:01.068" endtime="20231124 16:53:01.068"/>
</kw>
<kw name="Split String" library="String">
<var>${words}</var>
<arg>${TEST NAME}</arg>
<arg>${SPACE}</arg>
<doc>Splits the ``string`` using ``separator`` as a delimiter string.</doc>
<status status="NOT RUN" starttime="20231124 16:53:01.069" endtime="20231124 16:53:01.070"/>
</kw>
<kw name="Set Variable" library="BuiltIn">
<var>${new_text}</var>
<arg>${words[0]} ${random}</arg>
<doc>Returns the given values which can then be assigned to a variables.</doc>
<status status="NOT RUN" starttime="20231124 16:53:01.071" endtime="20231124 16:53:01.074"/>
</kw>
<status status="NOT RUN" starttime="20231124 16:53:01.067" endtime="20231124 16:53:01.076"/>
</branch>
<branch type="ELSE IF" condition="${cnt} &gt; 0 and '${type}' == 'number'">
<kw name="Random Int" library="FakerLibrary">
<var>${new_text}</var>
<doc>Generate a random integer between two integers ``min`` and ``max`` inclusive
while observing the provided ``step`` value.</doc>
<status status="NOT RUN" starttime="20231124 16:53:01.078" endtime="20231124 16:53:01.078"/>
</kw>
<kw name="Convert To String" library="BuiltIn">
<var>${new_text}</var>
<arg>${new_text}</arg>
<doc>Converts the given item to a Unicode string.</doc>
<status status="NOT RUN" starttime="20231124 16:53:01.079" endtime="20231124 16:53:01.080"/>
</kw>
<status status="NOT RUN" starttime="20231124 16:53:01.077" endtime="20231124 16:53:01.080"/>
</branch>
<branch type="ELSE IF" condition="${cnt} &gt; 0 and '${type}' == 'percentage'">
<kw name="Random Int" library="FakerLibrary">
<var>${new_text}</var>
<arg>max=100</arg>
<doc>Generate a random integer between two integers ``min`` and ``max`` inclusive
while observing the provided ``step`` value.</doc>
<status status="NOT RUN" starttime="20231124 16:53:01.082" endtime="20231124 16:53:01.082"/>
</kw>
<kw name="Convert To String" library="BuiltIn">
<var>${new_text}</var>
<arg>${new_text}</arg>
<doc>Converts the given item to a Unicode string.</doc>
<status status="NOT RUN" starttime="20231124 16:53:01.083" endtime="20231124 16:53:01.084"/>
</kw>
<status status="NOT RUN" starttime="20231124 16:53:01.080" endtime="20231124 16:53:01.084"/>
</branch>
<branch type="ELSE IF" condition="${cnt} &gt; 0 and '${type}' == 'paragraph'">
<kw name="Paragraph" library="FakerLibrary">
<var>${new_text}</var>
<doc>Generate a paragraph.</doc>
<status status="NOT RUN" starttime="20231124 16:53:01.086" endtime="20231124 16:53:01.087"/>
</kw>
<status status="NOT RUN" starttime="20231124 16:53:01.085" endtime="20231124 16:53:01.087"/>
</branch>
<branch type="ELSE IF" condition="${cnt} &gt; 0 and '${type}' == 'email'">
<kw name="Email" library="FakerLibrary">
<var>${new_text}</var>
<status status="NOT RUN" starttime="20231124 16:53:01.093" endtime="20231124 16:53:01.094"/>
</kw>
<status status="NOT RUN" starttime="20231124 16:53:01.088" endtime="20231124 16:53:01.094"/>
</branch>
<branch type="ELSE IF" condition="${cnt} &gt; 0 and '${type}' == 'phone'">
<kw name="Random Int" library="FakerLibrary">
<var>${new_text}</var>
<arg>min=2000000000</arg>
<arg>max=9999999999</arg>
<doc>Generate a random integer between two integers ``min`` and ``max`` inclusive
while observing the provided ``step`` value.</doc>
<status status="NOT RUN" starttime="20231124 16:53:01.096" endtime="20231124 16:53:01.097"/>
</kw>
<kw name="Convert To String" library="BuiltIn">
<var>${new_text}</var>
<arg>${new_text}</arg>
<doc>Converts the given item to a Unicode string.</doc>
<status status="NOT RUN" starttime="20231124 16:53:01.097" endtime="20231124 16:53:01.098"/>
</kw>
<kw name="Catenate" library="BuiltIn">
<var>${new_text}</var>
<arg>SEPARATOR=</arg>
<arg>0</arg>
<arg>${new_text}</arg>
<doc>Catenates the given items together and returns the resulted string.</doc>
<status status="NOT RUN" starttime="20231124 16:53:01.098" endtime="20231124 16:53:01.098"/>
</kw>
<status status="NOT RUN" starttime="20231124 16:53:01.095" endtime="20231124 16:53:01.099"/>
</branch>
<branch type="ELSE IF" condition="${cnt} &gt; 0 and '${type}' == 'color'">
<kw name="Safe Hex Color" library="FakerLibrary">
<var>${new_text}</var>
<doc>Generate a web-safe color formatted as a hex triplet.</doc>
<status status="NOT RUN" starttime="20231124 16:53:01.099" endtime="20231124 16:53:01.100"/>
</kw>
<status status="NOT RUN" starttime="20231124 16:53:01.099" endtime="20231124 16:53:01.102"/>
</branch>
<branch type="ELSE IF" condition="${cnt} &gt; 0 and &quot;${type}&quot; == 'password'">
<kw name="Password" library="FakerLibrary">
<var>${new_text}</var>
<arg>10</arg>
<arg>True</arg>
<arg>True</arg>
<arg>True</arg>
<arg>True</arg>
<doc>Generate a random password of the specified ``length``.</doc>
<status status="NOT RUN" starttime="20231124 16:53:01.104" endtime="20231124 16:53:01.105"/>
</kw>
<status status="NOT RUN" starttime="20231124 16:53:01.102" endtime="20231124 16:53:01.111"/>
</branch>
<branch type="ELSE IF" condition="${cnt} &gt; 0 and '${type}' == 'date'">
<kw name="Date" library="FakerLibrary">
<var>${new_text}</var>
<arg>pattern=%d-%m-%Y</arg>
<doc>Get a date string between January 1, 1970 and now.</doc>
<status status="NOT RUN" starttime="20231124 16:53:01.112" endtime="20231124 16:53:01.112"/>
</kw>
<status status="NOT RUN" starttime="20231124 16:53:01.111" endtime="20231124 16:53:01.113"/>
</branch>
<branch type="ELSE IF" condition="${cnt} &gt; 0 and '${type}' == 'word'">
<kw name="Sentence" library="FakerLibrary">
<var>${new_text}</var>
<arg>nb_words=2</arg>
<doc>Generate a sentence.</doc>
<status status="NOT RUN" starttime="20231124 16:53:01.114" endtime="20231124 16:53:01.114"/>
</kw>
<status status="NOT RUN" starttime="20231124 16:53:01.113" endtime="20231124 16:53:01.114"/>
</branch>
<branch type="ELSE IF" condition="${cnt} &gt; 0">
<kw name="Sentence" library="FakerLibrary">
<var>${new_text}</var>
<doc>Generate a sentence.</doc>
<status status="NOT RUN" starttime="20231124 16:53:01.115" endtime="20231124 16:53:01.115"/>
</kw>
<status status="NOT RUN" starttime="20231124 16:53:01.114" endtime="20231124 16:53:01.116"/>
</branch>
<status status="PASS" starttime="20231124 16:53:01.062" endtime="20231124 16:53:01.116"/>
</if>
<kw name="Get Length" library="BuiltIn">
<var>${cnt}</var>
<arg>${text}</arg>
<doc>Returns and logs the length of the given item as an integer.</doc>
<msg timestamp="20231124 16:53:01.117" level="INFO">Length is 6</msg>
<msg timestamp="20231124 16:53:01.117" level="INFO">${cnt} = 6</msg>
<status status="PASS" starttime="20231124 16:53:01.116" endtime="20231124 16:53:01.117"/>
</kw>
<if>
<branch type="IF" condition="${cnt} &gt; 0">
<kw name="Replace String" library="String">
<var>${text}</var>
<arg>${text}</arg>
<arg>${symbol}</arg>
<arg>${new_text}</arg>
<doc>Replaces ``search_for`` in the given ``string`` with ``replace_with``.</doc>
<msg timestamp="20231124 16:53:01.119" level="INFO">${text} = 123123</msg>
<status status="PASS" starttime="20231124 16:53:01.118" endtime="20231124 16:53:01.119"/>
</kw>
<status status="PASS" starttime="20231124 16:53:01.118" endtime="20231124 16:53:01.120"/>
</branch>
<status status="PASS" starttime="20231124 16:53:01.117" endtime="20231124 16:53:01.120"/>
</if>
<msg timestamp="20231124 16:53:01.121" level="INFO">${text} = 123123</msg>
<status status="PASS" starttime="20231124 16:53:01.037" endtime="20231124 16:53:01.121"/>
</kw>
<kw name="Get Element Form Item By Name" library="common">
<var>${element}</var>
<arg>${name}</arg>
<arg>//*[contains(@class, "ant-input")]</arg>
<msg timestamp="20231124 16:53:01.127" level="INFO">${element} = xpath=//*[contains(@class, "ant-form-item-label")]/label[text()="Mật khẩu"]/../../*[contains(@class, "ant-form-item")]//*[contains(@class, "ant-input")]</msg>
<status status="PASS" starttime="20231124 16:53:01.121" endtime="20231124 16:53:01.128"/>
</kw>
<kw name="Click" library="Browser">
<arg>${element}</arg>
<tag>PageContent</tag>
<tag>Setter</tag>
<doc>Simulates mouse click on the element found by ``selector``.</doc>
<status status="PASS" starttime="20231124 16:53:01.129" endtime="20231124 16:53:01.235"/>
</kw>
<kw name="Clear Text" library="Browser">
<arg>${element}</arg>
<tag>PageContent</tag>
<tag>Setter</tag>
<doc>Clears the text field found by ``selector``.</doc>
<status status="PASS" starttime="20231124 16:53:01.236" endtime="20231124 16:53:01.283"/>
</kw>
<kw name="Fill Text" library="Browser">
<arg>${element}</arg>
<arg>${text}</arg>
<arg>True</arg>
<tag>PageContent</tag>
<tag>Setter</tag>
<doc>Clears and fills the given ``txt`` into the text field found by ``selector``.</doc>
<msg timestamp="20231124 16:53:01.285" level="INFO">Fills the text '123123' in the given field.</msg>
<status status="PASS" starttime="20231124 16:53:01.284" endtime="20231124 16:53:01.343"/>
</kw>
<kw name="Get Text" library="Browser">
<var>${condition}</var>
<arg>${element}</arg>
<tag>Assertion</tag>
<tag>Getter</tag>
<tag>PageContent</tag>
<doc>Returns text attribute of the element found by ``selector``.</doc>
<msg timestamp="20231124 16:53:01.396" level="INFO">Text: '123123'</msg>
<msg timestamp="20231124 16:53:01.397" level="INFO">${condition} = 123123</msg>
<status status="PASS" starttime="20231124 16:53:01.345" endtime="20231124 16:53:01.398"/>
</kw>
<while condition="'${condition}' != '${text}'" limit="10">
<iter>
<kw name="Fill Text" library="Browser">
<arg>${element}</arg>
<arg>${text}</arg>
<tag>PageContent</tag>
<tag>Setter</tag>
<doc>Clears and fills the given ``txt`` into the text field found by ``selector``.</doc>
<status status="NOT RUN" starttime="20231124 16:53:01.400" endtime="20231124 16:53:01.401"/>
</kw>
<kw name="Get Text" library="Browser">
<var>${condition}</var>
<arg>${element}</arg>
<tag>Assertion</tag>
<tag>Getter</tag>
<tag>PageContent</tag>
<doc>Returns text attribute of the element found by ``selector``.</doc>
<status status="NOT RUN" starttime="20231124 16:53:01.402" endtime="20231124 16:53:01.403"/>
</kw>
<status status="NOT RUN" starttime="20231124 16:53:01.398" endtime="20231124 16:53:01.403"/>
</iter>
<status status="NOT RUN" starttime="20231124 16:53:01.398" endtime="20231124 16:53:01.404"/>
</while>
<kw name="Scroll To Element" library="Browser">
<arg>${element}</arg>
<tag>PageContent</tag>
<tag>Setter</tag>
<doc>This method waits for actionability checks, then tries to scroll element into view,
unless it is completely visible.</doc>
<status status="PASS" starttime="20231124 16:53:01.405" endtime="20231124 16:53:01.488"/>
</kw>
<kw name="Get Length" library="BuiltIn">
<var>${cnt}</var>
<arg>${text}</arg>
<doc>Returns and logs the length of the given item as an integer.</doc>
<msg timestamp="20231124 16:53:01.492" level="INFO">Length is 6</msg>
<msg timestamp="20231124 16:53:01.493" level="INFO">${cnt} = 6</msg>
<status status="PASS" starttime="20231124 16:53:01.490" endtime="20231124 16:53:01.494"/>
</kw>
<if>
<branch type="IF" condition="${cnt} &gt; 0">
<kw name="Set Global Variable" library="BuiltIn">
<arg>\${STATE["${name}"]}</arg>
<arg>${text}</arg>
<doc>Makes a variable available globally in all tests and suites.</doc>
<msg timestamp="20231124 16:53:01.498" level="INFO">${STATE["Mật khẩu"]} = 123123</msg>
<status status="PASS" starttime="20231124 16:53:01.496" endtime="20231124 16:53:01.498"/>
</kw>
<status status="PASS" starttime="20231124 16:53:01.495" endtime="20231124 16:53:01.499"/>
</branch>
<status status="PASS" starttime="20231124 16:53:01.495" endtime="20231124 16:53:01.500"/>
</if>
<kw name="Wait Until Network Is Idle" library="Browser">
<tag>HTTP</tag>
<tag>Wait</tag>
<doc>Waits until there has been at least one instance of 500 ms of no network traffic on the page after loading.</doc>
<status status="PASS" starttime="20231124 16:53:01.500" endtime="20231124 16:53:01.512"/>
</kw>
<status status="PASS" starttime="20231124 16:53:01.036" endtime="20231124 16:53:01.512"/>
</kw>
<kw name="Click &quot;Đăng nhập&quot; button" library="common" sourcename="Click &quot;${text}&quot; button">
<kw name="Sleep" library="BuiltIn">
<arg>${SHOULD_TIMEOUT}</arg>
<doc>Pauses the test executed for the given time.</doc>
<msg timestamp="20231124 16:53:01.616" level="INFO">Slept 100 milliseconds</msg>
<status status="PASS" starttime="20231124 16:53:01.514" endtime="20231124 16:53:01.616"/>
</kw>
<kw name="Get Element Count" library="Browser">
<var>${cnt}</var>
<arg>//button[@title = "${text}"]</arg>
<tag>Assertion</tag>
<tag>Getter</tag>
<tag>PageContent</tag>
<doc>Returns the count of elements found with ``selector``.</doc>
<msg timestamp="20231124 16:53:01.630" level="INFO">${cnt} = 1</msg>
<status status="PASS" starttime="20231124 16:53:01.617" endtime="20231124 16:53:01.630"/>
</kw>
<if>
<branch type="IF" condition="${cnt} &gt; 0">
<kw name="Click" library="Browser">
<arg>xpath=//button[@title = "${text}"]</arg>
<tag>PageContent</tag>
<tag>Setter</tag>
<doc>Simulates mouse click on the element found by ``selector``.</doc>
<status status="PASS" starttime="20231124 16:53:01.632" endtime="20231124 16:53:01.754"/>
</kw>
<kw name="Click Confirm To Action" library="common">
<kw name="Set Variable" library="BuiltIn">
<var>${element}</var>
<arg>xpath=//*[contains(@class, "ant-popover")]//*[contains(@class, "ant-btn-primary")]</arg>
<doc>Returns the given values which can then be assigned to a variables.</doc>
<msg timestamp="20231124 16:53:01.760" level="INFO">${element} = xpath=//*[contains(@class, "ant-popover")]//*[contains(@class, "ant-btn-primary")]</msg>
<status status="PASS" starttime="20231124 16:53:01.757" endtime="20231124 16:53:01.760"/>
</kw>
<kw name="Get Element Count" library="Browser">
<var>${count}</var>
<arg>${element}</arg>
<tag>Assertion</tag>
<tag>Getter</tag>
<tag>PageContent</tag>
<doc>Returns the count of elements found with ``selector``.</doc>
<msg timestamp="20231124 16:53:01.771" level="INFO">${count} = 0</msg>
<status status="PASS" starttime="20231124 16:53:01.761" endtime="20231124 16:53:01.772"/>
</kw>
<if>
<branch type="IF" condition="${count} &gt; 0">
<kw name="Click" library="Browser">
<arg>${element}</arg>
<tag>PageContent</tag>
<tag>Setter</tag>
<doc>Simulates mouse click on the element found by ``selector``.</doc>
<status status="NOT RUN" starttime="20231124 16:53:01.774" endtime="20231124 16:53:01.775"/>
</kw>
<kw name="Sleep" library="BuiltIn">
<arg>${SHOULD_TIMEOUT}</arg>
<doc>Pauses the test executed for the given time.</doc>
<status status="NOT RUN" starttime="20231124 16:53:01.777" endtime="20231124 16:53:01.778"/>
</kw>
<kw name="Wait Until Element Spin" library="common">
<status status="NOT RUN" starttime="20231124 16:53:01.781" endtime="20231124 16:53:01.781"/>
</kw>
<status status="NOT RUN" starttime="20231124 16:53:01.773" endtime="20231124 16:53:01.782"/>
</branch>
<status status="PASS" starttime="20231124 16:53:01.773" endtime="20231124 16:53:01.783"/>
</if>
<status status="PASS" starttime="20231124 16:53:01.755" endtime="20231124 16:53:01.784"/>
</kw>
<kw name="Scroll By" library="Browser">
<arg>${None}</arg>
<tag>PageContent</tag>
<tag>Setter</tag>
<doc>Scrolls an element or the page relative from current position by the given values.</doc>
<msg timestamp="20231124 16:53:01.820" level="INFO">JavaScript executed successfully.</msg>
<msg timestamp="20231124 16:53:01.821" level="INFO">JavaScript executed successfully.</msg>
<msg timestamp="20231124 16:53:01.847" level="INFO">JavaScript executed successfully.</msg>
<msg timestamp="20231124 16:53:01.847" level="INFO">JavaScript executed successfully.</msg>
<msg timestamp="20231124 16:53:01.863" level="INFO">JavaScript executed successfully.</msg>
<status status="PASS" starttime="20231124 16:53:01.785" endtime="20231124 16:53:01.864"/>
</kw>
<status status="PASS" starttime="20231124 16:53:01.631" endtime="20231124 16:53:01.865"/>
</branch>
<branch type="ELSE">
<kw name="Click" library="Browser">
<arg>//span[contains(text(),"${text}")]</arg>
<tag>PageContent</tag>
<tag>Setter</tag>
<doc>Simulates mouse click on the element found by ``selector``.</doc>
<status status="NOT RUN" starttime="20231124 16:53:01.866" endtime="20231124 16:53:01.867"/>
</kw>
<kw name="Click Confirm To Action" library="common">
<status status="NOT RUN" starttime="20231124 16:53:01.868" endtime="20231124 16:53:01.868"/>
</kw>
<kw name="Scroll By" library="Browser">
<arg>${None}</arg>
<tag>PageContent</tag>
<tag>Setter</tag>
<doc>Scrolls an element or the page relative from current position by the given values.</doc>
<status status="NOT RUN" starttime="20231124 16:53:01.870" endtime="20231124 16:53:01.870"/>
</kw>
<status status="NOT RUN" starttime="20231124 16:53:01.865" endtime="20231124 16:53:01.871"/>
</branch>
<status status="PASS" starttime="20231124 16:53:01.631" endtime="20231124 16:53:01.874"/>
</if>
<kw name="Wait Until Network Is Idle" library="Browser">
<tag>HTTP</tag>
<tag>Wait</tag>
<doc>Waits until there has been at least one instance of 500 ms of no network traffic on the page after loading.</doc>
<status status="PASS" starttime="20231124 16:53:01.874" endtime="20231124 16:53:01.883"/>
</kw>
<status status="PASS" starttime="20231124 16:53:01.513" endtime="20231124 16:53:01.883"/>
</kw>
<kw name="User look message &quot;Success&quot; popup" library="common" sourcename="User look message &quot;${message}&quot; popup">
<kw name="Get Regexp Matches" library="String">
<var>${contains}</var>
<arg>${message}</arg>
<arg>_@(.+)@_</arg>
<arg>1</arg>
<doc>Returns a list of all non-overlapping matches in the given string.</doc>
<msg timestamp="20231124 16:53:01.886" level="INFO">${contains} = []</msg>
<status status="PASS" starttime="20231124 16:53:01.885" endtime="20231124 16:53:01.887"/>
</kw>
<kw name="Get Length" library="BuiltIn">
<var>${cnt}</var>
<arg>${contains}</arg>
<doc>Returns and logs the length of the given item as an integer.</doc>
<msg timestamp="20231124 16:53:01.888" level="INFO">Length is 0</msg>
<msg timestamp="20231124 16:53:01.890" level="INFO">${cnt} = 0</msg>
<status status="PASS" starttime="20231124 16:53:01.887" endtime="20231124 16:53:01.890"/>
</kw>
<if>
<branch type="IF" condition="${cnt} &gt; 0">
<kw name="Replace String" library="String">
<var>${message}</var>
<arg>${message}</arg>
<arg>_@${contains[0]}@_</arg>
<arg>${STATE["${contains[0]}"]}</arg>
<doc>Replaces ``search_for`` in the given ``string`` with ``replace_with``.</doc>
<status status="NOT RUN" starttime="20231124 16:53:01.892" endtime="20231124 16:53:01.893"/>
</kw>
<status status="NOT RUN" starttime="20231124 16:53:01.891" endtime="20231124 16:53:01.894"/>
</branch>
<status status="PASS" starttime="20231124 16:53:01.891" endtime="20231124 16:53:01.895"/>
</if>
<kw name="Wait Until Keyword Succeeds" library="BuiltIn">
<arg>${SHOULD_TIMEOUT}</arg>
<arg>${TIME_TRY}</arg>
<arg>Element Text Should Be</arg>
<arg>id=swal2-html-container</arg>
<arg>${message}</arg>
<doc>Runs the specified keyword and retries if it fails.</doc>
<kw name="Element Text Should Be" library="common">
<arg>id=swal2-html-container</arg>
<arg>${message}</arg>
<kw name="Get Text" library="Browser">
<arg>${locator}</arg>
<arg>equal</arg>
<arg>${expected}</arg>
<arg>${message}</arg>
<tag>Assertion</tag>
<tag>Getter</tag>
<tag>PageContent</tag>
<doc>Returns text attribute of the element found by ``selector``.</doc>
<msg timestamp="20231124 16:53:02.436" level="INFO">Text: 'Success'</msg>
<status status="PASS" starttime="20231124 16:53:01.913" endtime="20231124 16:53:02.436"/>
</kw>
<status status="PASS" starttime="20231124 16:53:01.897" endtime="20231124 16:53:02.436"/>
</kw>
<status status="PASS" starttime="20231124 16:53:01.896" endtime="20231124 16:53:02.436"/>
</kw>
<kw name="Set Variable" library="BuiltIn">
<var>${element}</var>
<arg>xpath=//*[contains(@class, "swal2-confirm")]</arg>
<doc>Returns the given values which can then be assigned to a variables.</doc>
<msg timestamp="20231124 16:53:02.437" level="INFO">${element} = xpath=//*[contains(@class, "swal2-confirm")]</msg>
<status status="PASS" starttime="20231124 16:53:02.437" endtime="20231124 16:53:02.437"/>
</kw>
<kw name="Run Keyword And Return Status" library="BuiltIn">
<var>${passed}</var>
<arg>Element Should Be Visible</arg>
<arg>${element}</arg>
<doc>Runs the given keyword with given arguments and returns the status as a Boolean value.</doc>
<kw name="Element Should Be Visible" library="common">
<arg>${element}</arg>
<kw name="Wait For Elements State" library="Browser">
<arg>${locator}</arg>
<arg>visible</arg>
<arg>${timeout}</arg>
<arg>${message}</arg>
<tag>PageContent</tag>
<tag>Wait</tag>
<doc>Waits for the element found by ``selector`` to satisfy state option.</doc>
<msg timestamp="20231124 16:53:02.824" level="INFO" html="true">&lt;/td&gt;&lt;/tr&gt;&lt;tr&gt;&lt;td colspan="3"&gt;&lt;a href="browser/screenshot/fail-screenshot-1.png" target="_blank"&gt;&lt;img src="browser/screenshot/fail-screenshot-1.png" width="800px"/&gt;&lt;/a&gt;</msg>
<msg timestamp="20231124 16:53:02.825" level="INFO">See also file:///D:/TESTER/Automation/playwright-log.txt for additional details.</msg>
<msg timestamp="20231124 16:53:02.825" level="FAIL">TimeoutError: locator.waitFor: Timeout 100ms exceeded.
=========================== logs ===========================
waiting for locator('xpath=//*[contains(@class, "swal2-confirm")]') to be visible
  locator resolved to hidden &lt;button type="button" aria-label="" class="swal2-confirm…&gt;OK&lt;/button&gt;
  locator resolved to hidden &lt;button type="button" aria-label="" class="swal2-confirm…&gt;OK&lt;/button&gt;
  locator resolved to hidden &lt;button type="button" aria-label="" class="swal2-confirm…&gt;OK&lt;/button&gt;
============================================================
Tip: Use "Set Browser Timeout" for increasing the timeout or double check your locator as the targeted element(s) couldn't be found.</msg>
<status status="FAIL" starttime="20231124 16:53:02.445" endtime="20231124 16:53:02.835"/>
</kw>
<status status="FAIL" starttime="20231124 16:53:02.438" endtime="20231124 16:53:02.836"/>
</kw>
<msg timestamp="20231124 16:53:02.837" level="INFO">${passed} = False</msg>
<status status="PASS" starttime="20231124 16:53:02.438" endtime="20231124 16:53:02.837"/>
</kw>
<if>
<branch type="IF" condition="'${passed}' == 'True'">
<kw name="Click" library="Browser">
<arg>${element}</arg>
<tag>PageContent</tag>
<tag>Setter</tag>
<doc>Simulates mouse click on the element found by ``selector``.</doc>
<status status="NOT RUN" starttime="20231124 16:53:02.840" endtime="20231124 16:53:02.841"/>
</kw>
<status status="NOT RUN" starttime="20231124 16:53:02.838" endtime="20231124 16:53:02.842"/>
</branch>
<status status="PASS" starttime="20231124 16:53:02.838" endtime="20231124 16:53:02.842"/>
</if>
<status status="PASS" starttime="20231124 16:53:01.884" endtime="20231124 16:53:02.843"/>
</kw>
<status status="PASS" starttime="20231124 16:53:00.155" endtime="20231124 16:53:02.844"/>
</kw>
<kw name="Click &quot;SUPERADMIN&quot; menu" library="common" sourcename="Click &quot;${text}&quot; menu">
<kw name="Click" library="Browser">
<arg>xpath=//li[contains(@class, "menu") and descendant::span[contains(text(), "${text}")]]</arg>
<tag>PageContent</tag>
<tag>Setter</tag>
<doc>Simulates mouse click on the element found by ``selector``.</doc>
<status status="PASS" starttime="20231124 16:53:02.846" endtime="20231124 16:53:03.882"/>
</kw>
<status status="PASS" starttime="20231124 16:53:02.844" endtime="20231124 16:53:03.883"/>
</kw>
<kw name="Click &quot;Phân quyền điều hướng&quot; sub menu to &quot;/navigation&quot;" library="common" sourcename="Click &quot;${text}&quot; sub menu to &quot;${url}&quot;">
<kw name="Wait Until Element Spin" library="common">
<kw name="Sleep" library="BuiltIn">
<arg>${SHOULD_TIMEOUT}</arg>
<doc>Pauses the test executed for the given time.</doc>
<msg timestamp="20231124 16:53:03.986" level="INFO">Slept 100 milliseconds</msg>
<status status="PASS" starttime="20231124 16:53:03.884" endtime="20231124 16:53:03.986"/>
</kw>
<kw name="Set Variable" library="BuiltIn">
<var>${element}</var>
<arg>xpath=//*[contains(@class, "ant-spin-spinning")]</arg>
<doc>Returns the given values which can then be assigned to a variables.</doc>
<msg timestamp="20231124 16:53:03.987" level="INFO">${element} = xpath=//*[contains(@class, "ant-spin-spinning")]</msg>
<status status="PASS" starttime="20231124 16:53:03.986" endtime="20231124 16:53:03.987"/>
</kw>
<kw name="Get Element Count" library="Browser">
<var>${count}</var>
<arg>${element}</arg>
<tag>Assertion</tag>
<tag>Getter</tag>
<tag>PageContent</tag>
<doc>Returns the count of elements found with ``selector``.</doc>
<msg timestamp="20231124 16:53:03.999" level="INFO">${count} = 0</msg>
<status status="PASS" starttime="20231124 16:53:03.987" endtime="20231124 16:53:04.000"/>
</kw>
<if>
<branch type="IF" condition="${count} &gt; 0">
<kw name="Wait Until Page Does Not Contain Element" library="common">
<arg>${element}</arg>
<status status="NOT RUN" starttime="20231124 16:53:04.001" endtime="20231124 16:53:04.002"/>
</kw>
<status status="NOT RUN" starttime="20231124 16:53:04.001" endtime="20231124 16:53:04.003"/>
</branch>
<status status="PASS" starttime="20231124 16:53:04.000" endtime="20231124 16:53:04.003"/>
</if>
<status status="PASS" starttime="20231124 16:53:03.884" endtime="20231124 16:53:04.004"/>
</kw>
<kw name="Click" library="Browser">
<arg>xpath=//a[contains(@class, "sub-menu") and descendant::span[contains(text(), "${text}")]]</arg>
<tag>PageContent</tag>
<tag>Setter</tag>
<doc>Simulates mouse click on the element found by ``selector``.</doc>
<status status="PASS" starttime="20231124 16:53:04.004" endtime="20231124 16:53:04.201"/>
</kw>
<kw name="Get Url" library="Browser">
<var>${curent_url}</var>
<tag>Assertion</tag>
<tag>Getter</tag>
<tag>PageContent</tag>
<doc>Returns the current URL.</doc>
<msg timestamp="20231124 16:53:04.209" level="INFO">${curent_url} = http://dev1.geneat.vn:7802/#/vn/navigation</msg>
<status status="PASS" starttime="20231124 16:53:04.201" endtime="20231124 16:53:04.210"/>
</kw>
<kw name="Should Contain" library="BuiltIn">
<arg>${curent_url}</arg>
<arg>${URL_DEFAULT}${url}</arg>
<doc>Fails if ``container`` does not contain ``item`` one or more times.</doc>
<status status="PASS" starttime="20231124 16:53:04.210" endtime="20231124 16:53:04.212"/>
</kw>
<status status="PASS" starttime="20231124 16:53:03.883" endtime="20231124 16:53:04.212"/>
</kw>
<status status="PASS" starttime="20231124 16:53:00.154" endtime="20231124 16:53:04.213"/>
</kw>
<kw name="Click &quot;Tạo mới&quot; button" library="common" sourcename="Click &quot;${text}&quot; button">
<kw name="Sleep" library="BuiltIn">
<arg>${SHOULD_TIMEOUT}</arg>
<doc>Pauses the test executed for the given time.</doc>
<msg timestamp="20231124 16:53:04.317" level="INFO">Slept 100 milliseconds</msg>
<status status="PASS" starttime="20231124 16:53:04.215" endtime="20231124 16:53:04.317"/>
</kw>
<kw name="Get Element Count" library="Browser">
<var>${cnt}</var>
<arg>//button[@title = "${text}"]</arg>
<tag>Assertion</tag>
<tag>Getter</tag>
<tag>PageContent</tag>
<doc>Returns the count of elements found with ``selector``.</doc>
<msg timestamp="20231124 16:53:04.647" level="INFO">${cnt} = 1</msg>
<status status="PASS" starttime="20231124 16:53:04.318" endtime="20231124 16:53:04.648"/>
</kw>
<if>
<branch type="IF" condition="${cnt} &gt; 0">
<kw name="Click" library="Browser">
<arg>xpath=//button[@title = "${text}"]</arg>
<tag>PageContent</tag>
<tag>Setter</tag>
<doc>Simulates mouse click on the element found by ``selector``.</doc>
<status status="PASS" starttime="20231124 16:53:04.650" endtime="20231124 16:53:06.559"/>
</kw>
<kw name="Click Confirm To Action" library="common">
<kw name="Set Variable" library="BuiltIn">
<var>${element}</var>
<arg>xpath=//*[contains(@class, "ant-popover")]//*[contains(@class, "ant-btn-primary")]</arg>
<doc>Returns the given values which can then be assigned to a variables.</doc>
<msg timestamp="20231124 16:53:06.562" level="INFO">${element} = xpath=//*[contains(@class, "ant-popover")]//*[contains(@class, "ant-btn-primary")]</msg>
<status status="PASS" starttime="20231124 16:53:06.561" endtime="20231124 16:53:06.563"/>
</kw>
<kw name="Get Element Count" library="Browser">
<var>${count}</var>
<arg>${element}</arg>
<tag>Assertion</tag>
<tag>Getter</tag>
<tag>PageContent</tag>
<doc>Returns the count of elements found with ``selector``.</doc>
<msg timestamp="20231124 16:53:06.574" level="INFO">${count} = 0</msg>
<status status="PASS" starttime="20231124 16:53:06.563" endtime="20231124 16:53:06.574"/>
</kw>
<if>
<branch type="IF" condition="${count} &gt; 0">
<kw name="Click" library="Browser">
<arg>${element}</arg>
<tag>PageContent</tag>
<tag>Setter</tag>
<doc>Simulates mouse click on the element found by ``selector``.</doc>
<status status="NOT RUN" starttime="20231124 16:53:06.577" endtime="20231124 16:53:06.577"/>
</kw>
<kw name="Sleep" library="BuiltIn">
<arg>${SHOULD_TIMEOUT}</arg>
<doc>Pauses the test executed for the given time.</doc>
<status status="NOT RUN" starttime="20231124 16:53:06.578" endtime="20231124 16:53:06.579"/>
</kw>
<kw name="Wait Until Element Spin" library="common">
<status status="NOT RUN" starttime="20231124 16:53:06.579" endtime="20231124 16:53:06.580"/>
</kw>
<status status="NOT RUN" starttime="20231124 16:53:06.575" endtime="20231124 16:53:06.580"/>
</branch>
<status status="PASS" starttime="20231124 16:53:06.575" endtime="20231124 16:53:06.581"/>
</if>
<status status="PASS" starttime="20231124 16:53:06.560" endtime="20231124 16:53:06.581"/>
</kw>
<kw name="Scroll By" library="Browser">
<arg>${None}</arg>
<tag>PageContent</tag>
<tag>Setter</tag>
<doc>Scrolls an element or the page relative from current position by the given values.</doc>
<msg timestamp="20231124 16:53:06.602" level="INFO">JavaScript executed successfully.</msg>
<msg timestamp="20231124 16:53:06.602" level="INFO">JavaScript executed successfully.</msg>
<msg timestamp="20231124 16:53:06.620" level="INFO">JavaScript executed successfully.</msg>
<msg timestamp="20231124 16:53:06.621" level="INFO">JavaScript executed successfully.</msg>
<msg timestamp="20231124 16:53:06.633" level="INFO">JavaScript executed successfully.</msg>
<status status="PASS" starttime="20231124 16:53:06.582" endtime="20231124 16:53:06.634"/>
</kw>
<status status="PASS" starttime="20231124 16:53:04.648" endtime="20231124 16:53:06.634"/>
</branch>
<branch type="ELSE">
<kw name="Click" library="Browser">
<arg>//span[contains(text(),"${text}")]</arg>
<tag>PageContent</tag>
<tag>Setter</tag>
<doc>Simulates mouse click on the element found by ``selector``.</doc>
<status status="NOT RUN" starttime="20231124 16:53:06.635" endtime="20231124 16:53:06.636"/>
</kw>
<kw name="Click Confirm To Action" library="common">
<status status="NOT RUN" starttime="20231124 16:53:06.637" endtime="20231124 16:53:06.637"/>
</kw>
<kw name="Scroll By" library="Browser">
<arg>${None}</arg>
<tag>PageContent</tag>
<tag>Setter</tag>
<doc>Scrolls an element or the page relative from current position by the given values.</doc>
<status status="NOT RUN" starttime="20231124 16:53:06.638" endtime="20231124 16:53:06.638"/>
</kw>
<status status="NOT RUN" starttime="20231124 16:53:06.635" endtime="20231124 16:53:06.641"/>
</branch>
<status status="PASS" starttime="20231124 16:53:04.648" endtime="20231124 16:53:06.642"/>
</if>
<kw name="Wait Until Network Is Idle" library="Browser">
<tag>HTTP</tag>
<tag>Wait</tag>
<doc>Waits until there has been at least one instance of 500 ms of no network traffic on the page after loading.</doc>
<status status="PASS" starttime="20231124 16:53:06.643" endtime="20231124 16:53:06.654"/>
</kw>
<status status="PASS" starttime="20231124 16:53:04.214" endtime="20231124 16:53:06.655"/>
</kw>
<status status="PASS" starttime="20231124 16:53:00.153" endtime="20231124 16:53:06.657"/>
</branch>
<status status="PASS" starttime="20231124 16:53:00.151" endtime="20231124 16:53:06.659"/>
</if>
<kw name="Enter &quot;test name&quot; in &quot;Tên điều hướng&quot; with &quot;_RANDOM_&quot;" library="common" sourcename="Enter &quot;${type}&quot; in &quot;${name}&quot; with &quot;${text}&quot;">
<kw name="Get Random Text" library="common">
<var>${text}</var>
<arg>${type}</arg>
<arg>${text}</arg>
<kw name="Set Variable" library="BuiltIn">
<var>${symbol}</var>
<arg>_RANDOM_</arg>
<doc>Returns the given values which can then be assigned to a variables.</doc>
<msg timestamp="20231124 16:53:06.666" level="INFO">${symbol} = _RANDOM_</msg>
<status status="PASS" starttime="20231124 16:53:06.665" endtime="20231124 16:53:06.666"/>
</kw>
<kw name="Set Variable" library="BuiltIn">
<var>${new_text}</var>
<doc>Returns the given values which can then be assigned to a variables.</doc>
<msg timestamp="20231124 16:53:06.669" level="INFO">${new_text} = </msg>
<status status="PASS" starttime="20231124 16:53:06.668" endtime="20231124 16:53:06.669"/>
</kw>
<kw name="Get Regexp Matches" library="String">
<var>${containsS}</var>
<arg>${text}</arg>
<arg>_@(.+)@_</arg>
<arg>1</arg>
<doc>Returns a list of all non-overlapping matches in the given string.</doc>
<msg timestamp="20231124 16:53:06.675" level="INFO">${containsS} = []</msg>
<status status="PASS" starttime="20231124 16:53:06.670" endtime="20231124 16:53:06.675"/>
</kw>
<kw name="Get Length" library="BuiltIn">
<var>${cntS}</var>
<arg>${containsS}</arg>
<doc>Returns and logs the length of the given item as an integer.</doc>
<msg timestamp="20231124 16:53:06.677" level="INFO">Length is 0</msg>
<msg timestamp="20231124 16:53:06.678" level="INFO">${cntS} = 0</msg>
<status status="PASS" starttime="20231124 16:53:06.677" endtime="20231124 16:53:06.678"/>
</kw>
<kw name="Get Regexp Matches" library="String">
<var>${contains}</var>
<arg>${text}</arg>
<arg>${symbol}</arg>
<doc>Returns a list of all non-overlapping matches in the given string.</doc>
<msg timestamp="20231124 16:53:06.681" level="INFO">${contains} = ['_RANDOM_']</msg>
<status status="PASS" starttime="20231124 16:53:06.679" endtime="20231124 16:53:06.681"/>
</kw>
<kw name="Get Length" library="BuiltIn">
<var>${cnt}</var>
<arg>${contains}</arg>
<doc>Returns and logs the length of the given item as an integer.</doc>
<msg timestamp="20231124 16:53:06.684" level="INFO">Length is 1</msg>
<msg timestamp="20231124 16:53:06.684" level="INFO">${cnt} = 1</msg>
<status status="PASS" starttime="20231124 16:53:06.682" endtime="20231124 16:53:06.685"/>
</kw>
<if>
<branch type="IF" condition="${cntS} &gt; 0">
<kw name="Set Variable" library="BuiltIn">
<var>${new_text}</var>
<arg>${STATE["${containsS[0]}"]}</arg>
<doc>Returns the given values which can then be assigned to a variables.</doc>
<status status="NOT RUN" starttime="20231124 16:53:06.687" endtime="20231124 16:53:06.688"/>
</kw>
<kw name="Set Variable" library="BuiltIn">
<var>${symbol}</var>
<arg>_@${containsS[0]}@_</arg>
<doc>Returns the given values which can then be assigned to a variables.</doc>
<status status="NOT RUN" starttime="20231124 16:53:06.695" endtime="20231124 16:53:06.696"/>
</kw>
<status status="NOT RUN" starttime="20231124 16:53:06.685" endtime="20231124 16:53:06.696"/>
</branch>
<branch type="ELSE IF" condition="${cnt} &gt; 0 and '${type}' == 'test name'">
<kw name="Sentence" library="FakerLibrary">
<var>${random}</var>
<arg>nb_words=3</arg>
<doc>Generate a sentence.</doc>
<msg timestamp="20231124 16:53:06.699" level="INFO">${random} = Error.</msg>
<status status="PASS" starttime="20231124 16:53:06.698" endtime="20231124 16:53:06.700"/>
</kw>
<kw name="Split String" library="String">
<var>${words}</var>
<arg>${TEST NAME}</arg>
<arg>${SPACE}</arg>
<doc>Splits the ``string`` using ``separator`` as a delimiter string.</doc>
<msg timestamp="20231124 16:53:06.702" level="INFO">${words} = ['DH_28', 'Verify', 'the', 'search', 'function', 'when', 'enter', 'the', 'name', 'was', 'not', 'existed']</msg>
<status status="PASS" starttime="20231124 16:53:06.701" endtime="20231124 16:53:06.703"/>
</kw>
<kw name="Set Variable" library="BuiltIn">
<var>${new_text}</var>
<arg>${words[0]} ${random}</arg>
<doc>Returns the given values which can then be assigned to a variables.</doc>
<msg timestamp="20231124 16:53:06.709" level="INFO">${new_text} = DH_28 Error.</msg>
<status status="PASS" starttime="20231124 16:53:06.704" endtime="20231124 16:53:06.709"/>
</kw>
<status status="PASS" starttime="20231124 16:53:06.697" endtime="20231124 16:53:06.710"/>
</branch>
<branch type="ELSE IF" condition="${cnt} &gt; 0 and '${type}' == 'number'">
<kw name="Random Int" library="FakerLibrary">
<var>${new_text}</var>
<doc>Generate a random integer between two integers ``min`` and ``max`` inclusive
while observing the provided ``step`` value.</doc>
<status status="NOT RUN" starttime="20231124 16:53:06.711" endtime="20231124 16:53:06.712"/>
</kw>
<kw name="Convert To String" library="BuiltIn">
<var>${new_text}</var>
<arg>${new_text}</arg>
<doc>Converts the given item to a Unicode string.</doc>
<status status="NOT RUN" starttime="20231124 16:53:06.713" endtime="20231124 16:53:06.714"/>
</kw>
<status status="NOT RUN" starttime="20231124 16:53:06.710" endtime="20231124 16:53:06.715"/>
</branch>
<branch type="ELSE IF" condition="${cnt} &gt; 0 and '${type}' == 'percentage'">
<kw name="Random Int" library="FakerLibrary">
<var>${new_text}</var>
<arg>max=100</arg>
<doc>Generate a random integer between two integers ``min`` and ``max`` inclusive
while observing the provided ``step`` value.</doc>
<status status="NOT RUN" starttime="20231124 16:53:06.717" endtime="20231124 16:53:06.717"/>
</kw>
<kw name="Convert To String" library="BuiltIn">
<var>${new_text}</var>
<arg>${new_text}</arg>
<doc>Converts the given item to a Unicode string.</doc>
<status status="NOT RUN" starttime="20231124 16:53:06.718" endtime="20231124 16:53:06.719"/>
</kw>
<status status="NOT RUN" starttime="20231124 16:53:06.716" endtime="20231124 16:53:06.720"/>
</branch>
<branch type="ELSE IF" condition="${cnt} &gt; 0 and '${type}' == 'paragraph'">
<kw name="Paragraph" library="FakerLibrary">
<var>${new_text}</var>
<doc>Generate a paragraph.</doc>
<status status="NOT RUN" starttime="20231124 16:53:06.721" endtime="20231124 16:53:06.721"/>
</kw>
<status status="NOT RUN" starttime="20231124 16:53:06.720" endtime="20231124 16:53:06.722"/>
</branch>
<branch type="ELSE IF" condition="${cnt} &gt; 0 and '${type}' == 'email'">
<kw name="Email" library="FakerLibrary">
<var>${new_text}</var>
<status status="NOT RUN" starttime="20231124 16:53:06.725" endtime="20231124 16:53:06.725"/>
</kw>
<status status="NOT RUN" starttime="20231124 16:53:06.723" endtime="20231124 16:53:06.726"/>
</branch>
<branch type="ELSE IF" condition="${cnt} &gt; 0 and '${type}' == 'phone'">
<kw name="Random Int" library="FakerLibrary">
<var>${new_text}</var>
<arg>min=2000000000</arg>
<arg>max=9999999999</arg>
<doc>Generate a random integer between two integers ``min`` and ``max`` inclusive
while observing the provided ``step`` value.</doc>
<status status="NOT RUN" starttime="20231124 16:53:06.729" endtime="20231124 16:53:06.730"/>
</kw>
<kw name="Convert To String" library="BuiltIn">
<var>${new_text}</var>
<arg>${new_text}</arg>
<doc>Converts the given item to a Unicode string.</doc>
<status status="NOT RUN" starttime="20231124 16:53:06.731" endtime="20231124 16:53:06.732"/>
</kw>
<kw name="Catenate" library="BuiltIn">
<var>${new_text}</var>
<arg>SEPARATOR=</arg>
<arg>0</arg>
<arg>${new_text}</arg>
<doc>Catenates the given items together and returns the resulted string.</doc>
<status status="NOT RUN" starttime="20231124 16:53:06.732" endtime="20231124 16:53:06.733"/>
</kw>
<status status="NOT RUN" starttime="20231124 16:53:06.727" endtime="20231124 16:53:06.734"/>
</branch>
<branch type="ELSE IF" condition="${cnt} &gt; 0 and '${type}' == 'color'">
<kw name="Safe Hex Color" library="FakerLibrary">
<var>${new_text}</var>
<doc>Generate a web-safe color formatted as a hex triplet.</doc>
<status status="NOT RUN" starttime="20231124 16:53:06.736" endtime="20231124 16:53:06.737"/>
</kw>
<status status="NOT RUN" starttime="20231124 16:53:06.735" endtime="20231124 16:53:06.737"/>
</branch>
<branch type="ELSE IF" condition="${cnt} &gt; 0 and &quot;${type}&quot; == 'password'">
<kw name="Password" library="FakerLibrary">
<var>${new_text}</var>
<arg>10</arg>
<arg>True</arg>
<arg>True</arg>
<arg>True</arg>
<arg>True</arg>
<doc>Generate a random password of the specified ``length``.</doc>
<status status="NOT RUN" starttime="20231124 16:53:06.741" endtime="20231124 16:53:06.742"/>
</kw>
<status status="NOT RUN" starttime="20231124 16:53:06.738" endtime="20231124 16:53:06.742"/>
</branch>
<branch type="ELSE IF" condition="${cnt} &gt; 0 and '${type}' == 'date'">
<kw name="Date" library="FakerLibrary">
<var>${new_text}</var>
<arg>pattern=%d-%m-%Y</arg>
<doc>Get a date string between January 1, 1970 and now.</doc>
<status status="NOT RUN" starttime="20231124 16:53:06.744" endtime="20231124 16:53:06.744"/>
</kw>
<status status="NOT RUN" starttime="20231124 16:53:06.743" endtime="20231124 16:53:06.744"/>
</branch>
<branch type="ELSE IF" condition="${cnt} &gt; 0 and '${type}' == 'word'">
<kw name="Sentence" library="FakerLibrary">
<var>${new_text}</var>
<arg>nb_words=2</arg>
<doc>Generate a sentence.</doc>
<status status="NOT RUN" starttime="20231124 16:53:06.746" endtime="20231124 16:53:06.746"/>
</kw>
<status status="NOT RUN" starttime="20231124 16:53:06.745" endtime="20231124 16:53:06.747"/>
</branch>
<branch type="ELSE IF" condition="${cnt} &gt; 0">
<kw name="Sentence" library="FakerLibrary">
<var>${new_text}</var>
<doc>Generate a sentence.</doc>
<status status="NOT RUN" starttime="20231124 16:53:06.748" endtime="20231124 16:53:06.749"/>
</kw>
<status status="NOT RUN" starttime="20231124 16:53:06.747" endtime="20231124 16:53:06.750"/>
</branch>
<status status="PASS" starttime="20231124 16:53:06.685" endtime="20231124 16:53:06.750"/>
</if>
<kw name="Get Length" library="BuiltIn">
<var>${cnt}</var>
<arg>${text}</arg>
<doc>Returns and logs the length of the given item as an integer.</doc>
<msg timestamp="20231124 16:53:06.752" level="INFO">Length is 8</msg>
<msg timestamp="20231124 16:53:06.753" level="INFO">${cnt} = 8</msg>
<status status="PASS" starttime="20231124 16:53:06.751" endtime="20231124 16:53:06.753"/>
</kw>
<if>
<branch type="IF" condition="${cnt} &gt; 0">
<kw name="Replace String" library="String">
<var>${text}</var>
<arg>${text}</arg>
<arg>${symbol}</arg>
<arg>${new_text}</arg>
<doc>Replaces ``search_for`` in the given ``string`` with ``replace_with``.</doc>
<msg timestamp="20231124 16:53:06.760" level="INFO">${text} = DH_28 Error.</msg>
<status status="PASS" starttime="20231124 16:53:06.759" endtime="20231124 16:53:06.761"/>
</kw>
<status status="PASS" starttime="20231124 16:53:06.754" endtime="20231124 16:53:06.762"/>
</branch>
<status status="PASS" starttime="20231124 16:53:06.753" endtime="20231124 16:53:06.763"/>
</if>
<msg timestamp="20231124 16:53:06.763" level="INFO">${text} = DH_28 Error.</msg>
<status status="PASS" starttime="20231124 16:53:06.662" endtime="20231124 16:53:06.764"/>
</kw>
<kw name="Get Element Form Item By Name" library="common">
<var>${element}</var>
<arg>${name}</arg>
<arg>//*[contains(@class, "ant-input")]</arg>
<msg timestamp="20231124 16:53:06.767" level="INFO">${element} = xpath=//*[contains(@class, "ant-form-item-label")]/label[text()="Tên điều hướng"]/../../*[contains(@class, "ant-form-item")]//*[contains(@class, "ant-input")]</msg>
<status status="PASS" starttime="20231124 16:53:06.764" endtime="20231124 16:53:06.767"/>
</kw>
<kw name="Click" library="Browser">
<arg>${element}</arg>
<tag>PageContent</tag>
<tag>Setter</tag>
<doc>Simulates mouse click on the element found by ``selector``.</doc>
<status status="PASS" starttime="20231124 16:53:06.768" endtime="20231124 16:53:06.877"/>
</kw>
<kw name="Clear Text" library="Browser">
<arg>${element}</arg>
<tag>PageContent</tag>
<tag>Setter</tag>
<doc>Clears the text field found by ``selector``.</doc>
<status status="PASS" starttime="20231124 16:53:06.877" endtime="20231124 16:53:06.928"/>
</kw>
<kw name="Fill Text" library="Browser">
<arg>${element}</arg>
<arg>${text}</arg>
<arg>True</arg>
<tag>PageContent</tag>
<tag>Setter</tag>
<doc>Clears and fills the given ``txt`` into the text field found by ``selector``.</doc>
<msg timestamp="20231124 16:53:06.930" level="INFO">Fills the text 'DH_28 Error.' in the given field.</msg>
<status status="PASS" starttime="20231124 16:53:06.929" endtime="20231124 16:53:07.021"/>
</kw>
<kw name="Get Text" library="Browser">
<var>${condition}</var>
<arg>${element}</arg>
<tag>Assertion</tag>
<tag>Getter</tag>
<tag>PageContent</tag>
<doc>Returns text attribute of the element found by ``selector``.</doc>
<msg timestamp="20231124 16:53:07.068" level="INFO">Text: 'DH_28 Error.'</msg>
<msg timestamp="20231124 16:53:07.069" level="INFO">${condition} = DH_28 Error.</msg>
<status status="PASS" starttime="20231124 16:53:07.025" endtime="20231124 16:53:07.069"/>
</kw>
<while condition="'${condition}' != '${text}'" limit="10">
<iter>
<kw name="Fill Text" library="Browser">
<arg>${element}</arg>
<arg>${text}</arg>
<tag>PageContent</tag>
<tag>Setter</tag>
<doc>Clears and fills the given ``txt`` into the text field found by ``selector``.</doc>
<status status="NOT RUN" starttime="20231124 16:53:07.074" endtime="20231124 16:53:07.075"/>
</kw>
<kw name="Get Text" library="Browser">
<var>${condition}</var>
<arg>${element}</arg>
<tag>Assertion</tag>
<tag>Getter</tag>
<tag>PageContent</tag>
<doc>Returns text attribute of the element found by ``selector``.</doc>
<status status="NOT RUN" starttime="20231124 16:53:07.076" endtime="20231124 16:53:07.077"/>
</kw>
<status status="NOT RUN" starttime="20231124 16:53:07.070" endtime="20231124 16:53:07.078"/>
</iter>
<status status="NOT RUN" starttime="20231124 16:53:07.070" endtime="20231124 16:53:07.078"/>
</while>
<kw name="Scroll To Element" library="Browser">
<arg>${element}</arg>
<tag>PageContent</tag>
<tag>Setter</tag>
<doc>This method waits for actionability checks, then tries to scroll element into view,
unless it is completely visible.</doc>
<status status="PASS" starttime="20231124 16:53:07.079" endtime="20231124 16:53:07.153"/>
</kw>
<kw name="Get Length" library="BuiltIn">
<var>${cnt}</var>
<arg>${text}</arg>
<doc>Returns and logs the length of the given item as an integer.</doc>
<msg timestamp="20231124 16:53:07.155" level="INFO">Length is 12</msg>
<msg timestamp="20231124 16:53:07.158" level="INFO">${cnt} = 12</msg>
<status status="PASS" starttime="20231124 16:53:07.154" endtime="20231124 16:53:07.158"/>
</kw>
<if>
<branch type="IF" condition="${cnt} &gt; 0">
<kw name="Set Global Variable" library="BuiltIn">
<arg>\${STATE["${name}"]}</arg>
<arg>${text}</arg>
<doc>Makes a variable available globally in all tests and suites.</doc>
<msg timestamp="20231124 16:53:07.162" level="INFO">${STATE["Tên điều hướng"]} = DH_28 Error.</msg>
<status status="PASS" starttime="20231124 16:53:07.161" endtime="20231124 16:53:07.163"/>
</kw>
<status status="PASS" starttime="20231124 16:53:07.159" endtime="20231124 16:53:07.164"/>
</branch>
<status status="PASS" starttime="20231124 16:53:07.159" endtime="20231124 16:53:07.164"/>
</if>
<kw name="Wait Until Network Is Idle" library="Browser">
<tag>HTTP</tag>
<tag>Wait</tag>
<doc>Waits until there has been at least one instance of 500 ms of no network traffic on the page after loading.</doc>
<status status="PASS" starttime="20231124 16:53:07.165" endtime="20231124 16:53:07.177"/>
</kw>
<status status="PASS" starttime="20231124 16:53:06.660" endtime="20231124 16:53:07.178"/>
</kw>
<kw name="Check Text" library="common">
<var>${text}</var>
<arg>_@Tên điều hướng@_</arg>
<kw name="Get Regexp Matches" library="String">
<var>${containsS}</var>
<arg>${text}</arg>
<arg>_@(.+)@_</arg>
<arg>1</arg>
<doc>Returns a list of all non-overlapping matches in the given string.</doc>
<msg timestamp="20231124 16:53:07.182" level="INFO">${containsS} = ['Tên điều hướng']</msg>
<status status="PASS" starttime="20231124 16:53:07.180" endtime="20231124 16:53:07.182"/>
</kw>
<kw name="Get Length" library="BuiltIn">
<var>${cntS}</var>
<arg>${containsS}</arg>
<doc>Returns and logs the length of the given item as an integer.</doc>
<msg timestamp="20231124 16:53:07.184" level="INFO">Length is 1</msg>
<msg timestamp="20231124 16:53:07.184" level="INFO">${cntS} = 1</msg>
<status status="PASS" starttime="20231124 16:53:07.183" endtime="20231124 16:53:07.184"/>
</kw>
<if>
<branch type="IF" condition="${cntS} &gt; 0">
<kw name="Set Variable" library="BuiltIn">
<var>${text}</var>
<arg>${STATE["${containsS[0]}"]}</arg>
<doc>Returns the given values which can then be assigned to a variables.</doc>
<msg timestamp="20231124 16:53:07.192" level="INFO">${text} = DH_28 Error.</msg>
<status status="PASS" starttime="20231124 16:53:07.187" endtime="20231124 16:53:07.193"/>
</kw>
<status status="PASS" starttime="20231124 16:53:07.185" endtime="20231124 16:53:07.193"/>
</branch>
<status status="PASS" starttime="20231124 16:53:07.185" endtime="20231124 16:53:07.194"/>
</if>
<msg timestamp="20231124 16:53:07.194" level="INFO">${text} = DH_28 Error.</msg>
<status status="PASS" starttime="20231124 16:53:07.179" endtime="20231124 16:53:07.196"/>
</kw>
<kw name="Set Variable" library="BuiltIn">
<var>${name}</var>
<arg>${text}</arg>
<doc>Returns the given values which can then be assigned to a variables.</doc>
<msg timestamp="20231124 16:53:07.198" level="INFO">${name} = DH_28 Error.</msg>
<status status="PASS" starttime="20231124 16:53:07.197" endtime="20231124 16:53:07.198"/>
</kw>
<kw name="Enter &quot;word&quot; in &quot;Mã điều hướng&quot; with &quot;_RANDOM_&quot;" library="common" sourcename="Enter &quot;${type}&quot; in &quot;${name}&quot; with &quot;${text}&quot;">
<kw name="Get Random Text" library="common">
<var>${text}</var>
<arg>${type}</arg>
<arg>${text}</arg>
<kw name="Set Variable" library="BuiltIn">
<var>${symbol}</var>
<arg>_RANDOM_</arg>
<doc>Returns the given values which can then be assigned to a variables.</doc>
<msg timestamp="20231124 16:53:07.203" level="INFO">${symbol} = _RANDOM_</msg>
<status status="PASS" starttime="20231124 16:53:07.202" endtime="20231124 16:53:07.204"/>
</kw>
<kw name="Set Variable" library="BuiltIn">
<var>${new_text}</var>
<doc>Returns the given values which can then be assigned to a variables.</doc>
<msg timestamp="20231124 16:53:07.209" level="INFO">${new_text} = </msg>
<status status="PASS" starttime="20231124 16:53:07.205" endtime="20231124 16:53:07.209"/>
</kw>
<kw name="Get Regexp Matches" library="String">
<var>${containsS}</var>
<arg>${text}</arg>
<arg>_@(.+)@_</arg>
<arg>1</arg>
<doc>Returns a list of all non-overlapping matches in the given string.</doc>
<msg timestamp="20231124 16:53:07.211" level="INFO">${containsS} = []</msg>
<status status="PASS" starttime="20231124 16:53:07.210" endtime="20231124 16:53:07.211"/>
</kw>
<kw name="Get Length" library="BuiltIn">
<var>${cntS}</var>
<arg>${containsS}</arg>
<doc>Returns and logs the length of the given item as an integer.</doc>
<msg timestamp="20231124 16:53:07.213" level="INFO">Length is 0</msg>
<msg timestamp="20231124 16:53:07.213" level="INFO">${cntS} = 0</msg>
<status status="PASS" starttime="20231124 16:53:07.212" endtime="20231124 16:53:07.213"/>
</kw>
<kw name="Get Regexp Matches" library="String">
<var>${contains}</var>
<arg>${text}</arg>
<arg>${symbol}</arg>
<doc>Returns a list of all non-overlapping matches in the given string.</doc>
<msg timestamp="20231124 16:53:07.215" level="INFO">${contains} = ['_RANDOM_']</msg>
<status status="PASS" starttime="20231124 16:53:07.214" endtime="20231124 16:53:07.215"/>
</kw>
<kw name="Get Length" library="BuiltIn">
<var>${cnt}</var>
<arg>${contains}</arg>
<doc>Returns and logs the length of the given item as an integer.</doc>
<msg timestamp="20231124 16:53:07.217" level="INFO">Length is 1</msg>
<msg timestamp="20231124 16:53:07.217" level="INFO">${cnt} = 1</msg>
<status status="PASS" starttime="20231124 16:53:07.216" endtime="20231124 16:53:07.218"/>
</kw>
<if>
<branch type="IF" condition="${cntS} &gt; 0">
<kw name="Set Variable" library="BuiltIn">
<var>${new_text}</var>
<arg>${STATE["${containsS[0]}"]}</arg>
<doc>Returns the given values which can then be assigned to a variables.</doc>
<status status="NOT RUN" starttime="20231124 16:53:07.220" endtime="20231124 16:53:07.221"/>
</kw>
<kw name="Set Variable" library="BuiltIn">
<var>${symbol}</var>
<arg>_@${containsS[0]}@_</arg>
<doc>Returns the given values which can then be assigned to a variables.</doc>
<status status="NOT RUN" starttime="20231124 16:53:07.222" endtime="20231124 16:53:07.225"/>
</kw>
<status status="NOT RUN" starttime="20231124 16:53:07.218" endtime="20231124 16:53:07.226"/>
</branch>
<branch type="ELSE IF" condition="${cnt} &gt; 0 and '${type}' == 'test name'">
<kw name="Sentence" library="FakerLibrary">
<var>${random}</var>
<arg>nb_words=3</arg>
<doc>Generate a sentence.</doc>
<status status="NOT RUN" starttime="20231124 16:53:07.228" endtime="20231124 16:53:07.228"/>
</kw>
<kw name="Split String" library="String">
<var>${words}</var>
<arg>${TEST NAME}</arg>
<arg>${SPACE}</arg>
<doc>Splits the ``string`` using ``separator`` as a delimiter string.</doc>
<status status="NOT RUN" starttime="20231124 16:53:07.229" endtime="20231124 16:53:07.230"/>
</kw>
<kw name="Set Variable" library="BuiltIn">
<var>${new_text}</var>
<arg>${words[0]} ${random}</arg>
<doc>Returns the given values which can then be assigned to a variables.</doc>
<status status="NOT RUN" starttime="20231124 16:53:07.231" endtime="20231124 16:53:07.231"/>
</kw>
<status status="NOT RUN" starttime="20231124 16:53:07.227" endtime="20231124 16:53:07.232"/>
</branch>
<branch type="ELSE IF" condition="${cnt} &gt; 0 and '${type}' == 'number'">
<kw name="Random Int" library="FakerLibrary">
<var>${new_text}</var>
<doc>Generate a random integer between two integers ``min`` and ``max`` inclusive
while observing the provided ``step`` value.</doc>
<status status="NOT RUN" starttime="20231124 16:53:07.233" endtime="20231124 16:53:07.245"/>
</kw>
<kw name="Convert To String" library="BuiltIn">
<var>${new_text}</var>
<arg>${new_text}</arg>
<doc>Converts the given item to a Unicode string.</doc>
<status status="NOT RUN" starttime="20231124 16:53:07.246" endtime="20231124 16:53:07.246"/>
</kw>
<status status="NOT RUN" starttime="20231124 16:53:07.232" endtime="20231124 16:53:07.247"/>
</branch>
<branch type="ELSE IF" condition="${cnt} &gt; 0 and '${type}' == 'percentage'">
<kw name="Random Int" library="FakerLibrary">
<var>${new_text}</var>
<arg>max=100</arg>
<doc>Generate a random integer between two integers ``min`` and ``max`` inclusive
while observing the provided ``step`` value.</doc>
<status status="NOT RUN" starttime="20231124 16:53:07.249" endtime="20231124 16:53:07.249"/>
</kw>
<kw name="Convert To String" library="BuiltIn">
<var>${new_text}</var>
<arg>${new_text}</arg>
<doc>Converts the given item to a Unicode string.</doc>
<status status="NOT RUN" starttime="20231124 16:53:07.250" endtime="20231124 16:53:07.251"/>
</kw>
<status status="NOT RUN" starttime="20231124 16:53:07.248" endtime="20231124 16:53:07.251"/>
</branch>
<branch type="ELSE IF" condition="${cnt} &gt; 0 and '${type}' == 'paragraph'">
<kw name="Paragraph" library="FakerLibrary">
<var>${new_text}</var>
<doc>Generate a paragraph.</doc>
<status status="NOT RUN" starttime="20231124 16:53:07.260" endtime="20231124 16:53:07.261"/>
</kw>
<status status="NOT RUN" starttime="20231124 16:53:07.258" endtime="20231124 16:53:07.261"/>
</branch>
<branch type="ELSE IF" condition="${cnt} &gt; 0 and '${type}' == 'email'">
<kw name="Email" library="FakerLibrary">
<var>${new_text}</var>
<status status="NOT RUN" starttime="20231124 16:53:07.263" endtime="20231124 16:53:07.264"/>
</kw>
<status status="NOT RUN" starttime="20231124 16:53:07.262" endtime="20231124 16:53:07.264"/>
</branch>
<branch type="ELSE IF" condition="${cnt} &gt; 0 and '${type}' == 'phone'">
<kw name="Random Int" library="FakerLibrary">
<var>${new_text}</var>
<arg>min=2000000000</arg>
<arg>max=9999999999</arg>
<doc>Generate a random integer between two integers ``min`` and ``max`` inclusive
while observing the provided ``step`` value.</doc>
<status status="NOT RUN" starttime="20231124 16:53:07.266" endtime="20231124 16:53:07.267"/>
</kw>
<kw name="Convert To String" library="BuiltIn">
<var>${new_text}</var>
<arg>${new_text}</arg>
<doc>Converts the given item to a Unicode string.</doc>
<status status="NOT RUN" starttime="20231124 16:53:07.267" endtime="20231124 16:53:07.269"/>
</kw>
[...]
<status status="PASS" starttime="20231124 16:53:14.159" endtime="20231124 16:53:14.190"/>
</kw>
<kw name="Get Length" library="BuiltIn">
<var>${cnt}</var>
<arg>${text}</arg>
<doc>Returns and logs the length of the given item as an integer.</doc>
<msg timestamp="20231124 16:53:14.192" level="INFO">Length is 0</msg>
<msg timestamp="20231124 16:53:14.192" level="INFO">${cnt} = 0</msg>
<status status="PASS" starttime="20231124 16:53:14.191" endtime="20231124 16:53:14.192"/>
</kw>
<if>
<branch type="IF" condition="${cnt} &gt; 0">
<kw name="Set Global Variable" library="BuiltIn">
<arg>\${STATE["${placeholder}"]}</arg>
<arg>${text}</arg>
<doc>Makes a variable available globally in all tests and suites.</doc>
<status status="NOT RUN" starttime="20231124 16:53:14.194" endtime="20231124 16:53:14.195"/>
</kw>
<status status="NOT RUN" starttime="20231124 16:53:14.193" endtime="20231124 16:53:14.195"/>
</branch>
<status status="PASS" starttime="20231124 16:53:14.193" endtime="20231124 16:53:14.196"/>
</if>
<status status="PASS" starttime="20231124 16:53:13.994" endtime="20231124 16:53:14.196"/>
</kw>
<kw name="When Click tree select &quot;DASHBOARD&quot; to show data" library="common" sourcename="Click tree select &quot;${name}&quot; to show data">
<kw name="Check Text" library="common">
<var>${name}</var>
<arg>${name}</arg>
<kw name="Get Regexp Matches" library="String">
<var>${containsS}</var>
<arg>${text}</arg>
<arg>_@(.+)@_</arg>
<arg>1</arg>
<doc>Returns a list of all non-overlapping matches in the given string.</doc>
<msg timestamp="20231124 16:53:14.203" level="INFO">${containsS} = []</msg>
<status status="PASS" starttime="20231124 16:53:14.202" endtime="20231124 16:53:14.204"/>
</kw>
<kw name="Get Length" library="BuiltIn">
<var>${cntS}</var>
<arg>${containsS}</arg>
<doc>Returns and logs the length of the given item as an integer.</doc>
<msg timestamp="20231124 16:53:14.208" level="INFO">Length is 0</msg>
<msg timestamp="20231124 16:53:14.209" level="INFO">${cntS} = 0</msg>
<status status="PASS" starttime="20231124 16:53:14.206" endtime="20231124 16:53:14.209"/>
</kw>
<if>
<branch type="IF" condition="${cntS} &gt; 0">
<kw name="Set Variable" library="BuiltIn">
<var>${text}</var>
<arg>${STATE["${containsS[0]}"]}</arg>
<doc>Returns the given values which can then be assigned to a variables.</doc>
<status status="NOT RUN" starttime="20231124 16:53:14.211" endtime="20231124 16:53:14.212"/>
</kw>
<status status="NOT RUN" starttime="20231124 16:53:14.210" endtime="20231124 16:53:14.212"/>
</branch>
<status status="PASS" starttime="20231124 16:53:14.210" endtime="20231124 16:53:14.213"/>
</if>
<msg timestamp="20231124 16:53:14.214" level="INFO">${name} = DASHBOARD</msg>
<status status="PASS" starttime="20231124 16:53:14.201" endtime="20231124 16:53:14.214"/>
</kw>
<kw name="Get Element" library="Browser">
<var>${element}</var>
<arg>//nz-tree-node-title[@title="${name}"]/..//i[contains(@class,'la-angle-down')]</arg>
<tag>Getter</tag>
<tag>PageContent</tag>
<doc>Returns a reference to a Playwright [https://playwright.dev/docs/api/class-locator|Locator].</doc>
<msg timestamp="20231124 16:53:14.229" level="INFO">Locator found successfully.</msg>
<msg timestamp="20231124 16:53:14.230" level="INFO">${element} = //nz-tree-node-title[@title="DASHBOARD"]/..//i[contains(@class,'la-angle-down')]</msg>
<status status="PASS" starttime="20231124 16:53:14.215" endtime="20231124 16:53:14.230"/>
</kw>
<kw name="Click" library="Browser">
<arg>${element}</arg>
<tag>PageContent</tag>
<tag>Setter</tag>
<doc>Simulates mouse click on the element found by ``selector``.</doc>
<status status="PASS" starttime="20231124 16:53:14.231" endtime="20231124 16:53:14.601"/>
</kw>
<kw name="Wait Until Network Is Idle" library="Browser">
<tag>HTTP</tag>
<tag>Wait</tag>
<doc>Waits until there has been at least one instance of 500 ms of no network traffic on the page after loading.</doc>
<status status="PASS" starttime="20231124 16:53:14.601" endtime="20231124 16:53:14.611"/>
</kw>
<kw name="Wait Until Element Spin" library="common">
<kw name="Sleep" library="BuiltIn">
<arg>${SHOULD_TIMEOUT}</arg>
<doc>Pauses the test executed for the given time.</doc>
<msg timestamp="20231124 16:53:14.715" level="INFO">Slept 100 milliseconds</msg>
<status status="PASS" starttime="20231124 16:53:14.613" endtime="20231124 16:53:14.715"/>
</kw>
<kw name="Set Variable" library="BuiltIn">
<var>${element}</var>
<arg>xpath=//*[contains(@class, "ant-spin-spinning")]</arg>
<doc>Returns the given values which can then be assigned to a variables.</doc>
<msg timestamp="20231124 16:53:14.716" level="INFO">${element} = xpath=//*[contains(@class, "ant-spin-spinning")]</msg>
<status status="PASS" starttime="20231124 16:53:14.715" endtime="20231124 16:53:14.716"/>
</kw>
<kw name="Get Element Count" library="Browser">
<var>${count}</var>
<arg>${element}</arg>
<tag>Assertion</tag>
<tag>Getter</tag>
<tag>PageContent</tag>
<doc>Returns the count of elements found with ``selector``.</doc>
<msg timestamp="20231124 16:53:14.727" level="INFO">${count} = 0</msg>
<status status="PASS" starttime="20231124 16:53:14.716" endtime="20231124 16:53:14.728"/>
</kw>
<if>
<branch type="IF" condition="${count} &gt; 0">
<kw name="Wait Until Page Does Not Contain Element" library="common">
<arg>${element}</arg>
<status status="NOT RUN" starttime="20231124 16:53:14.729" endtime="20231124 16:53:14.730"/>
</kw>
<status status="NOT RUN" starttime="20231124 16:53:14.728" endtime="20231124 16:53:14.731"/>
</branch>
<status status="PASS" starttime="20231124 16:53:14.728" endtime="20231124 16:53:14.731"/>
</if>
<status status="PASS" starttime="20231124 16:53:14.612" endtime="20231124 16:53:14.731"/>
</kw>
<status status="PASS" starttime="20231124 16:53:14.200" endtime="20231124 16:53:14.732"/>
</kw>
<kw name="Then &quot;_@Tên điều hướng@_&quot; should be visible in the tree line" library="common" sourcename="&quot;${name}&quot; should be visible in the tree line">
<kw name="Wait Until Element Spin" library="common">
<kw name="Sleep" library="BuiltIn">
<arg>${SHOULD_TIMEOUT}</arg>
<doc>Pauses the test executed for the given time.</doc>
<msg timestamp="20231124 16:53:14.844" level="INFO">Slept 100 milliseconds</msg>
<status status="PASS" starttime="20231124 16:53:14.742" endtime="20231124 16:53:14.844"/>
</kw>
<kw name="Set Variable" library="BuiltIn">
<var>${element}</var>
<arg>xpath=//*[contains(@class, "ant-spin-spinning")]</arg>
<doc>Returns the given values which can then be assigned to a variables.</doc>
<msg timestamp="20231124 16:53:14.845" level="INFO">${element} = xpath=//*[contains(@class, "ant-spin-spinning")]</msg>
<status status="PASS" starttime="20231124 16:53:14.844" endtime="20231124 16:53:14.845"/>
</kw>
<kw name="Get Element Count" library="Browser">
<var>${count}</var>
<arg>${element}</arg>
<tag>Assertion</tag>
<tag>Getter</tag>
<tag>PageContent</tag>
<doc>Returns the count of elements found with ``selector``.</doc>
<msg timestamp="20231124 16:53:14.854" level="INFO">${count} = 0</msg>
<status status="PASS" starttime="20231124 16:53:14.846" endtime="20231124 16:53:14.855"/>
</kw>
<if>
<branch type="IF" condition="${count} &gt; 0">
<kw name="Wait Until Page Does Not Contain Element" library="common">
<arg>${element}</arg>
<status status="NOT RUN" starttime="20231124 16:53:14.857" endtime="20231124 16:53:14.858"/>
</kw>
<status status="NOT RUN" starttime="20231124 16:53:14.857" endtime="20231124 16:53:14.859"/>
</branch>
<status status="PASS" starttime="20231124 16:53:14.856" endtime="20231124 16:53:14.859"/>
</if>
<status status="PASS" starttime="20231124 16:53:14.740" endtime="20231124 16:53:14.860"/>
</kw>
<kw name="Check Text" library="common">
<var>${name}</var>
<arg>${name}</arg>
<kw name="Get Regexp Matches" library="String">
<var>${containsS}</var>
<arg>${text}</arg>
<arg>_@(.+)@_</arg>
<arg>1</arg>
<doc>Returns a list of all non-overlapping matches in the given string.</doc>
<msg timestamp="20231124 16:53:14.863" level="INFO">${containsS} = ['Tên điều hướng']</msg>
<status status="PASS" starttime="20231124 16:53:14.862" endtime="20231124 16:53:14.864"/>
</kw>
<kw name="Get Length" library="BuiltIn">
<var>${cntS}</var>
<arg>${containsS}</arg>
<doc>Returns and logs the length of the given item as an integer.</doc>
<msg timestamp="20231124 16:53:14.864" level="INFO">Length is 1</msg>
<msg timestamp="20231124 16:53:14.865" level="INFO">${cntS} = 1</msg>
<status status="PASS" starttime="20231124 16:53:14.864" endtime="20231124 16:53:14.865"/>
</kw>
<if>
<branch type="IF" condition="${cntS} &gt; 0">
<kw name="Set Variable" library="BuiltIn">
<var>${text}</var>
<arg>${STATE["${containsS[0]}"]}</arg>
<doc>Returns the given values which can then be assigned to a variables.</doc>
<msg timestamp="20231124 16:53:14.867" level="INFO">${text} = DH_28 Error.</msg>
<status status="PASS" starttime="20231124 16:53:14.866" endtime="20231124 16:53:14.868"/>
</kw>
<status status="PASS" starttime="20231124 16:53:14.866" endtime="20231124 16:53:14.868"/>
</branch>
<status status="PASS" starttime="20231124 16:53:14.865" endtime="20231124 16:53:14.868"/>
</if>
<msg timestamp="20231124 16:53:14.868" level="INFO">${name} = DH_28 Error.</msg>
<status status="PASS" starttime="20231124 16:53:14.861" endtime="20231124 16:53:14.868"/>
</kw>
<kw name="Get Element Count" library="Browser">
<var>${cnt}</var>
<arg>//nz-tree-node-title[@title="${name}" and contains(@class,"ant-tree-node-content-wrapper")]</arg>
<tag>Assertion</tag>
<tag>Getter</tag>
<tag>PageContent</tag>
<doc>Returns the count of elements found with ``selector``.</doc>
<msg timestamp="20231124 16:53:14.878" level="INFO">${cnt} = 1</msg>
<status status="PASS" starttime="20231124 16:53:14.869" endtime="20231124 16:53:14.878"/>
</kw>
<kw name="Should Be True" library="BuiltIn">
<arg>${cnt} &gt; 0</arg>
<doc>Fails if the given condition is not true.</doc>
<status status="PASS" starttime="20231124 16:53:14.879" endtime="20231124 16:53:14.880"/>
</kw>
<status status="PASS" starttime="20231124 16:53:14.737" endtime="20231124 16:53:14.881"/>
</kw>
<kw name="When Click on the &quot;_@Tên điều hướng@_&quot; tree to delete" library="common" sourcename="Click on the &quot;${name}&quot; tree to delete">
<kw name="Wait Until Element Spin" library="common">
<kw name="Sleep" library="BuiltIn">
<arg>${SHOULD_TIMEOUT}</arg>
<doc>Pauses the test executed for the given time.</doc>
<msg timestamp="20231124 16:53:14.993" level="INFO">Slept 100 milliseconds</msg>
<status status="PASS" starttime="20231124 16:53:14.891" endtime="20231124 16:53:14.993"/>
</kw>
<kw name="Set Variable" library="BuiltIn">
<var>${element}</var>
<arg>xpath=//*[contains(@class, "ant-spin-spinning")]</arg>
<doc>Returns the given values which can then be assigned to a variables.</doc>
<msg timestamp="20231124 16:53:14.994" level="INFO">${element} = xpath=//*[contains(@class, "ant-spin-spinning")]</msg>
<status status="PASS" starttime="20231124 16:53:14.994" endtime="20231124 16:53:14.994"/>
</kw>
<kw name="Get Element Count" library="Browser">
<var>${count}</var>
<arg>${element}</arg>
<tag>Assertion</tag>
<tag>Getter</tag>
<tag>PageContent</tag>
<doc>Returns the count of elements found with ``selector``.</doc>
<msg timestamp="20231124 16:53:15.002" level="INFO">${count} = 0</msg>
<status status="PASS" starttime="20231124 16:53:14.995" endtime="20231124 16:53:15.003"/>
</kw>
<if>
<branch type="IF" condition="${count} &gt; 0">
<kw name="Wait Until Page Does Not Contain Element" library="common">
<arg>${element}</arg>
<status status="NOT RUN" starttime="20231124 16:53:15.005" endtime="20231124 16:53:15.006"/>
</kw>
<status status="NOT RUN" starttime="20231124 16:53:15.004" endtime="20231124 16:53:15.007"/>
</branch>
<status status="PASS" starttime="20231124 16:53:15.003" endtime="20231124 16:53:15.008"/>
</if>
<status status="PASS" starttime="20231124 16:53:14.888" endtime="20231124 16:53:15.008"/>
</kw>
<kw name="Check Text" library="common">
<var>${name}</var>
<arg>${name}</arg>
<kw name="Get Regexp Matches" library="String">
<var>${containsS}</var>
<arg>${text}</arg>
<arg>_@(.+)@_</arg>
<arg>1</arg>
<doc>Returns a list of all non-overlapping matches in the given string.</doc>
<msg timestamp="20231124 16:53:15.012" level="INFO">${containsS} = ['Tên điều hướng']</msg>
<status status="PASS" starttime="20231124 16:53:15.011" endtime="20231124 16:53:15.012"/>
</kw>
<kw name="Get Length" library="BuiltIn">
<var>${cntS}</var>
<arg>${containsS}</arg>
<doc>Returns and logs the length of the given item as an integer.</doc>
<msg timestamp="20231124 16:53:15.013" level="INFO">Length is 1</msg>
<msg timestamp="20231124 16:53:15.014" level="INFO">${cntS} = 1</msg>
<status status="PASS" starttime="20231124 16:53:15.013" endtime="20231124 16:53:15.014"/>
</kw>
<if>
<branch type="IF" condition="${cntS} &gt; 0">
<kw name="Set Variable" library="BuiltIn">
<var>${text}</var>
<arg>${STATE["${containsS[0]}"]}</arg>
<doc>Returns the given values which can then be assigned to a variables.</doc>
<msg timestamp="20231124 16:53:15.016" level="INFO">${text} = DH_28 Error.</msg>
<status status="PASS" starttime="20231124 16:53:15.015" endtime="20231124 16:53:15.016"/>
</kw>
<status status="PASS" starttime="20231124 16:53:15.014" endtime="20231124 16:53:15.016"/>
</branch>
<status status="PASS" starttime="20231124 16:53:15.014" endtime="20231124 16:53:15.016"/>
</if>
<msg timestamp="20231124 16:53:15.016" level="INFO">${name} = DH_28 Error.</msg>
<status status="PASS" starttime="20231124 16:53:15.009" endtime="20231124 16:53:15.017"/>
</kw>
<kw name="Get Element Tree By Name" library="common">
<var>${element}</var>
<arg>${name}</arg>
<msg timestamp="20231124 16:53:15.018" level="INFO">${element} = xpath=//*[contains(@class, "ant-tree-node-content-wrapper") and @title = "DH_28 Error."]/*[contains(@class, "group")]</msg>
<status status="PASS" starttime="20231124 16:53:15.017" endtime="20231124 16:53:15.018"/>
</kw>
<kw name="Scroll To Element" library="Browser">
<arg>${element}</arg>
<tag>PageContent</tag>
<tag>Setter</tag>
<doc>This method waits for actionability checks, then tries to scroll element into view,
unless it is completely visible.</doc>
<status status="PASS" starttime="20231124 16:53:15.019" endtime="20231124 16:53:15.065"/>
</kw>
<kw name="Mouse Move Relative To" library="Browser">
<arg>${element}</arg>
<arg>0</arg>
<tag>PageContent</tag>
<tag>Setter</tag>
<doc>Moves the mouse cursor relative to the selected element.</doc>
<msg timestamp="20231124 16:53:15.092" level="INFO">Moving mouse relative to element center by x: 0.0, y: 0.0 coordinates.</msg>
<status status="PASS" starttime="20231124 16:53:15.066" endtime="20231124 16:53:15.108"/>
</kw>
<kw name="Click" library="Browser">
<arg>${element}//*[contains(@class, "la-trash")]</arg>
<tag>PageContent</tag>
<tag>Setter</tag>
<doc>Simulates mouse click on the element found by ``selector``.</doc>
<status status="PASS" starttime="20231124 16:53:15.109" endtime="20231124 16:53:15.363"/>
</kw>
<kw name="Click Confirm To Action" library="common">
<kw name="Set Variable" library="BuiltIn">
<var>${element}</var>
<arg>xpath=//*[contains(@class, "ant-popover")]//*[contains(@class, "ant-btn-primary")]</arg>
<doc>Returns the given values which can then be assigned to a variables.</doc>
<msg timestamp="20231124 16:53:15.365" level="INFO">${element} = xpath=//*[contains(@class, "ant-popover")]//*[contains(@class, "ant-btn-primary")]</msg>
<status status="PASS" starttime="20231124 16:53:15.364" endtime="20231124 16:53:15.365"/>
</kw>
<kw name="Get Element Count" library="Browser">
<var>${count}</var>
<arg>${element}</arg>
<tag>Assertion</tag>
<tag>Getter</tag>
<tag>PageContent</tag>
<doc>Returns the count of elements found with ``selector``.</doc>
<msg timestamp="20231124 16:53:15.381" level="INFO">${count} = 1</msg>
<status status="PASS" starttime="20231124 16:53:15.366" endtime="20231124 16:53:15.381"/>
</kw>
<if>
<branch type="IF" condition="${count} &gt; 0">
<kw name="Click" library="Browser">
<arg>${element}</arg>
<tag>PageContent</tag>
<tag>Setter</tag>
<doc>Simulates mouse click on the element found by ``selector``.</doc>
<status status="PASS" starttime="20231124 16:53:15.383" endtime="20231124 16:53:15.566"/>
</kw>
<kw name="Sleep" library="BuiltIn">
<arg>${SHOULD_TIMEOUT}</arg>
<doc>Pauses the test executed for the given time.</doc>
<msg timestamp="20231124 16:53:15.668" level="INFO">Slept 100 milliseconds</msg>
<status status="PASS" starttime="20231124 16:53:15.567" endtime="20231124 16:53:15.668"/>
</kw>
<kw name="Wait Until Element Spin" library="common">
<kw name="Sleep" library="BuiltIn">
<arg>${SHOULD_TIMEOUT}</arg>
<doc>Pauses the test executed for the given time.</doc>
<msg timestamp="20231124 16:53:15.770" level="INFO">Slept 100 milliseconds</msg>
<status status="PASS" starttime="20231124 16:53:15.669" endtime="20231124 16:53:15.770"/>
</kw>
<kw name="Set Variable" library="BuiltIn">
<var>${element}</var>
<arg>xpath=//*[contains(@class, "ant-spin-spinning")]</arg>
<doc>Returns the given values which can then be assigned to a variables.</doc>
<msg timestamp="20231124 16:53:15.777" level="INFO">${element} = xpath=//*[contains(@class, "ant-spin-spinning")]</msg>
<status status="PASS" starttime="20231124 16:53:15.771" endtime="20231124 16:53:15.778"/>
</kw>
<kw name="Get Element Count" library="Browser">
<var>${count}</var>
<arg>${element}</arg>
<tag>Assertion</tag>
<tag>Getter</tag>
<tag>PageContent</tag>
<doc>Returns the count of elements found with ``selector``.</doc>
<msg timestamp="20231124 16:53:15.975" level="INFO">${count} = 0</msg>
<status status="PASS" starttime="20231124 16:53:15.779" endtime="20231124 16:53:15.975"/>
</kw>
<if>
<branch type="IF" condition="${count} &gt; 0">
<kw name="Wait Until Page Does Not Contain Element" library="common">
<arg>${element}</arg>
<status status="NOT RUN" starttime="20231124 16:53:15.976" endtime="20231124 16:53:15.977"/>
</kw>
<status status="NOT RUN" starttime="20231124 16:53:15.976" endtime="20231124 16:53:15.978"/>
</branch>
<status status="PASS" starttime="20231124 16:53:15.976" endtime="20231124 16:53:15.979"/>
</if>
<status status="PASS" starttime="20231124 16:53:15.668" endtime="20231124 16:53:15.979"/>
</kw>
<status status="PASS" starttime="20231124 16:53:15.382" endtime="20231124 16:53:15.979"/>
</branch>
<status status="PASS" starttime="20231124 16:53:15.382" endtime="20231124 16:53:15.980"/>
</if>
<status status="PASS" starttime="20231124 16:53:15.363" endtime="20231124 16:53:15.980"/>
</kw>
<kw name="Wait Until Network Is Idle" library="Browser">
<tag>HTTP</tag>
<tag>Wait</tag>
<doc>Waits until there has been at least one instance of 500 ms of no network traffic on the page after loading.</doc>
<status status="PASS" starttime="20231124 16:53:15.981" endtime="20231124 16:53:15.995"/>
</kw>
<status status="PASS" starttime="20231124 16:53:14.886" endtime="20231124 16:53:15.996"/>
</kw>
<kw name="Tear Down" library="common" type="TEARDOWN">
<kw name="Close Browser" library="Browser">
<arg>ALL</arg>
<tag>BrowserControl</tag>
<tag>Setter</tag>
<doc>Closes the current browser.</doc>
<msg timestamp="20231124 16:53:16.982" level="INFO">Closed all browsers</msg>
<status status="PASS" starttime="20231124 16:53:16.002" endtime="20231124 16:53:16.982"/>
</kw>
<status status="PASS" starttime="20231124 16:53:16.001" endtime="20231124 16:53:16.982"/>
</kw>
<tag>Search</tag>
<tag>Smoketest</tag>
<status status="PASS" starttime="20231124 16:52:54.242" endtime="20231124 16:53:16.985"/>
</test>
<status status="PASS" starttime="20231124 16:52:51.874" endtime="20231124 16:53:17.044"/>
</suite>
<statistics>
<total>
<stat pass="1" fail="0" skip="0">All Tests</stat>
</total>
<tag>
<stat pass="1" fail="0" skip="0">Search</stat>
<stat pass="1" fail="0" skip="0">Smoketest</stat>
</tag>
<suite>
<stat pass="1" fail="0" skip="0" id="s1" name="Navigation">Navigation</stat>
</suite>
</statistics>
<errors>
</errors>
</robot>
