<?xml version="1.0" encoding="UTF-8"?>
<robot generator="Robot 6.1.1 (Python 3.11.4 on win32)" generated="20231031 14:59:21.583" rpa="false" schemaversion="4">
<suite id="s1" name="Internal Account" source="d:\Intern test\Automation\Auto_Web\testcases\internal_account.robot">
<test id="s1-t1" name="IA_19 Verify &quot;Tạo mới&quot; button function" line="227">
<kw name="Setup" library="common" type="SETUP">
<kw name="Set Browser Timeout" library="Browser">
<arg>${BROWSER_TIMEOUT}</arg>
<tag>Config</tag>
<tag>Setter</tag>
<doc>Sets the timeout used by most input and getter keywords.</doc>
<status status="PASS" starttime="20231031 14:59:23.765" endtime="20231031 14:59:23.781"/>
</kw>
<kw name="New Browser" library="Browser">
<arg>${BROWSER}</arg>
<arg>headless=${HEADLESS}</arg>
<tag>BrowserControl</tag>
<tag>Setter</tag>
<doc>Create a new playwright Browser with specified options.</doc>
<msg timestamp="20231031 14:59:23.785" level="INFO">{"browser": "chromium", "headless": false, "chromiumSandbox": false, "devtools": false, "handleSIGHUP": true, "handleSIGINT": true, "handleSIGTERM": true, "ignoreDefaultArgs": false, "slowMo": 0.0, "timeout": 30000.0, "tracesDir": "D:\\Intern test\\Automation\\browser\\traces\\cdcfe53d-4671-4aee-adf7-7ad85798a83b"}</msg>
<msg timestamp="20231031 14:59:24.973" level="INFO">Successfully created browser with options: {"browser":"chromium","headless":false,"chromiumSandbox":false,"devtools":false,"handleSIGHUP":true,"handleSIGINT":true,"handleSIGTERM":true,"ignoreDefaultArgs":false,"slowMo":0,"timeout":30000,"tracesDir":"D:\\Intern test\\Automation\\browser\\traces\\cdcfe53d-4671-4aee-adf7-7ad85798a83b"}</msg>
<status status="PASS" starttime="20231031 14:59:23.782" endtime="20231031 14:59:24.973"/>
</kw>
<kw name="New Page" library="Browser">
<arg>${URL_DEFAULT}</arg>
<tag>BrowserControl</tag>
<tag>Setter</tag>
<doc>Open a new Page.</doc>
<msg timestamp="20231031 14:59:28.460" level="INFO">Successfully initialized new page object and opened url: http://dev1.geneat.vn:7802/vn</msg>
<msg timestamp="20231031 14:59:28.461" level="INFO">No context was open. New context was automatically opened when this page is created.</msg>
<status status="PASS" starttime="20231031 14:59:24.975" endtime="20231031 14:59:28.461"/>
</kw>
<kw name="Evaluate" library="BuiltIn">
<var>${STATE}</var>
<arg>json.loads('''{}''')</arg>
<arg>json</arg>
<doc>Evaluates the given expression in Python and returns the result.</doc>
<msg timestamp="20231031 14:59:28.463" level="INFO">${STATE} = {}</msg>
<status status="PASS" starttime="20231031 14:59:28.462" endtime="20231031 14:59:28.464"/>
</kw>
<status status="PASS" starttime="20231031 14:59:23.763" endtime="20231031 14:59:28.465"/>
</kw>
<kw name="Go to &quot;Internal Account&quot; page" sourcename="Go to &quot;${page}&quot; page">
<kw name="Login to admin" library="common">
<kw name="Enter &quot;email&quot; in &quot;Email&quot; with &quot;admin@gmail.com&quot;" library="common" sourcename="Enter &quot;${type}&quot; in &quot;${name}&quot; with &quot;${text}&quot;">
<kw name="Get Random Text" library="common">
<var>${text}</var>
<arg>${type}</arg>
<arg>${text}</arg>
<kw name="Set Variable" library="BuiltIn">
<var>${symbol}</var>
<arg>_RANDOM_</arg>
<doc>Returns the given values which can then be assigned to a variables.</doc>
<msg timestamp="20231031 14:59:28.484" level="INFO">${symbol} = _RANDOM_</msg>
<status status="PASS" starttime="20231031 14:59:28.483" endtime="20231031 14:59:28.484"/>
</kw>
<kw name="Set Variable" library="BuiltIn">
<var>${new_text}</var>
<doc>Returns the given values which can then be assigned to a variables.</doc>
<msg timestamp="20231031 14:59:28.485" level="INFO">${new_text} = </msg>
<status status="PASS" starttime="20231031 14:59:28.485" endtime="20231031 14:59:28.486"/>
</kw>
<kw name="Get Regexp Matches" library="String">
<var>${containsS}</var>
<arg>${text}</arg>
<arg>_@(.+)@_</arg>
<arg>1</arg>
<doc>Returns a list of all non-overlapping matches in the given string.</doc>
<msg timestamp="20231031 14:59:28.488" level="INFO">${containsS} = []</msg>
<status status="PASS" starttime="20231031 14:59:28.486" endtime="20231031 14:59:28.489"/>
</kw>
<kw name="Get Length" library="BuiltIn">
<var>${cntS}</var>
<arg>${containsS}</arg>
<doc>Returns and logs the length of the given item as an integer.</doc>
<msg timestamp="20231031 14:59:28.491" level="INFO">Length is 0</msg>
<msg timestamp="20231031 14:59:28.492" level="INFO">${cntS} = 0</msg>
<status status="PASS" starttime="20231031 14:59:28.489" endtime="20231031 14:59:28.493"/>
</kw>
<kw name="Get Regexp Matches" library="String">
<var>${contains}</var>
<arg>${text}</arg>
<arg>${symbol}</arg>
<doc>Returns a list of all non-overlapping matches in the given string.</doc>
<msg timestamp="20231031 14:59:28.496" level="INFO">${contains} = []</msg>
<status status="PASS" starttime="20231031 14:59:28.494" endtime="20231031 14:59:28.496"/>
</kw>
<kw name="Get Length" library="BuiltIn">
<var>${cnt}</var>
<arg>${contains}</arg>
<doc>Returns and logs the length of the given item as an integer.</doc>
<msg timestamp="20231031 14:59:28.498" level="INFO">Length is 0</msg>
<msg timestamp="20231031 14:59:28.499" level="INFO">${cnt} = 0</msg>
<status status="PASS" starttime="20231031 14:59:28.497" endtime="20231031 14:59:28.499"/>
</kw>
<if>
<branch type="IF" condition="${cntS} &gt; 0">
<kw name="Set Variable" library="BuiltIn">
<var>${new_text}</var>
<arg>${STATE["${containsS[0]}"]}</arg>
<doc>Returns the given values which can then be assigned to a variables.</doc>
<status status="NOT RUN" starttime="20231031 14:59:28.501" endtime="20231031 14:59:28.502"/>
</kw>
<kw name="Set Variable" library="BuiltIn">
<var>${symbol}</var>
<arg>_@${containsS[0]}@_</arg>
<doc>Returns the given values which can then be assigned to a variables.</doc>
<status status="NOT RUN" starttime="20231031 14:59:28.503" endtime="20231031 14:59:28.504"/>
</kw>
<status status="NOT RUN" starttime="20231031 14:59:28.500" endtime="20231031 14:59:28.504"/>
</branch>
<branch type="ELSE IF" condition="${cnt} &gt; 0 and '${type}' == 'test name'">
<kw name="Sentence" library="FakerLibrary">
<var>${random}</var>
<arg>nb_words=3</arg>
<doc>Generate a sentence.</doc>
<status status="NOT RUN" starttime="20231031 14:59:28.547" endtime="20231031 14:59:28.548"/>
</kw>
<kw name="Split String" library="String">
<var>${words}</var>
<arg>${TEST NAME}</arg>
<arg>${SPACE}</arg>
<doc>Splits the ``string`` using ``separator`` as a delimiter string.</doc>
<status status="NOT RUN" starttime="20231031 14:59:28.549" endtime="20231031 14:59:28.549"/>
</kw>
<kw name="Set Variable" library="BuiltIn">
<var>${new_text}</var>
<arg>${words[0]} ${random}</arg>
<doc>Returns the given values which can then be assigned to a variables.</doc>
<status status="NOT RUN" starttime="20231031 14:59:28.550" endtime="20231031 14:59:28.551"/>
</kw>
<status status="NOT RUN" starttime="20231031 14:59:28.546" endtime="20231031 14:59:28.552"/>
</branch>
<branch type="ELSE IF" condition="${cnt} &gt; 0 and '${type}' == 'number'">
<kw name="Random Int" library="FakerLibrary">
<var>${new_text}</var>
<doc>Generate a random integer between two integers ``min`` and ``max`` inclusive
while observing the provided ``step`` value.</doc>
<status status="NOT RUN" starttime="20231031 14:59:28.562" endtime="20231031 14:59:28.566"/>
</kw>
<kw name="Convert To String" library="BuiltIn">
<var>${new_text}</var>
<arg>${new_text}</arg>
<doc>Converts the given item to a Unicode string.</doc>
<status status="NOT RUN" starttime="20231031 14:59:28.567" endtime="20231031 14:59:28.568"/>
</kw>
<status status="NOT RUN" starttime="20231031 14:59:28.557" endtime="20231031 14:59:28.568"/>
</branch>
<branch type="ELSE IF" condition="${cnt} &gt; 0 and '${type}' == 'percentage'">
<kw name="Random Int" library="FakerLibrary">
<var>${new_text}</var>
<arg>max=100</arg>
<doc>Generate a random integer between two integers ``min`` and ``max`` inclusive
while observing the provided ``step`` value.</doc>
<status status="NOT RUN" starttime="20231031 14:59:28.571" endtime="20231031 14:59:28.571"/>
</kw>
<kw name="Convert To String" library="BuiltIn">
<var>${new_text}</var>
<arg>${new_text}</arg>
<doc>Converts the given item to a Unicode string.</doc>
<status status="NOT RUN" starttime="20231031 14:59:28.572" endtime="20231031 14:59:28.573"/>
</kw>
<status status="NOT RUN" starttime="20231031 14:59:28.569" endtime="20231031 14:59:28.573"/>
</branch>
<branch type="ELSE IF" condition="${cnt} &gt; 0 and '${type}' == 'paragraph'">
<kw name="Paragraph" library="FakerLibrary">
<var>${new_text}</var>
<doc>Generate a paragraph.</doc>
<status status="NOT RUN" starttime="20231031 14:59:28.582" endtime="20231031 14:59:28.583"/>
</kw>
<status status="NOT RUN" starttime="20231031 14:59:28.574" endtime="20231031 14:59:28.584"/>
</branch>
<branch type="ELSE IF" condition="${cnt} &gt; 0 and '${type}' == 'email'">
<kw name="Email" library="FakerLibrary">
<var>${new_text}</var>
<status status="NOT RUN" starttime="20231031 14:59:28.586" endtime="20231031 14:59:28.588"/>
</kw>
<status status="NOT RUN" starttime="20231031 14:59:28.585" endtime="20231031 14:59:28.588"/>
</branch>
<branch type="ELSE IF" condition="${cnt} &gt; 0 and '${type}' == 'phone'">
<kw name="Random Int" library="FakerLibrary">
<var>${new_text}</var>
<arg>min=2000000000</arg>
<arg>max=9999999999</arg>
<doc>Generate a random integer between two integers ``min`` and ``max`` inclusive
while observing the provided ``step`` value.</doc>
<status status="NOT RUN" starttime="20231031 14:59:28.590" endtime="20231031 14:59:28.597"/>
</kw>
<kw name="Convert To String" library="BuiltIn">
<var>${new_text}</var>
<arg>${new_text}</arg>
<doc>Converts the given item to a Unicode string.</doc>
<status status="NOT RUN" starttime="20231031 14:59:28.598" endtime="20231031 14:59:28.598"/>
</kw>
<kw name="Catenate" library="BuiltIn">
<var>${new_text}</var>
<arg>SEPARATOR=</arg>
<arg>0</arg>
<arg>${new_text}</arg>
<doc>Catenates the given items together and returns the resulted string.</doc>
<status status="NOT RUN" starttime="20231031 14:59:28.600" endtime="20231031 14:59:28.602"/>
</kw>
<status status="NOT RUN" starttime="20231031 14:59:28.589" endtime="20231031 14:59:28.603"/>
</branch>
<branch type="ELSE IF" condition="${cnt} &gt; 0 and '${type}' == 'color'">
<kw name="Safe Hex Color" library="FakerLibrary">
<var>${new_text}</var>
<doc>Generate a web-safe color formatted as a hex triplet.</doc>
<status status="NOT RUN" starttime="20231031 14:59:28.620" endtime="20231031 14:59:28.621"/>
</kw>
<status status="NOT RUN" starttime="20231031 14:59:28.618" endtime="20231031 14:59:28.621"/>
</branch>
<branch type="ELSE IF" condition="${cnt} &gt; 0 and &quot;${type}&quot; == 'password'">
<kw name="Password" library="FakerLibrary">
<var>${new_text}</var>
<arg>10</arg>
<arg>True</arg>
<arg>True</arg>
<arg>True</arg>
<arg>True</arg>
<doc>Generate a random password of the specified ``length``.</doc>
<status status="NOT RUN" starttime="20231031 14:59:28.623" endtime="20231031 14:59:28.623"/>
</kw>
<status status="NOT RUN" starttime="20231031 14:59:28.622" endtime="20231031 14:59:28.624"/>
</branch>
<branch type="ELSE IF" condition="${cnt} &gt; 0 and '${type}' == 'date'">
<kw name="Date" library="FakerLibrary">
<var>${new_text}</var>
<arg>pattern=%d-%m-%Y</arg>
<doc>Get a date string between January 1, 1970 and now.</doc>
<status status="NOT RUN" starttime="20231031 14:59:28.629" endtime="20231031 14:59:28.629"/>
</kw>
<status status="NOT RUN" starttime="20231031 14:59:28.627" endtime="20231031 14:59:28.630"/>
</branch>
<branch type="ELSE IF" condition="${cnt} &gt; 0 and '${type}' == 'word'">
<kw name="Sentence" library="FakerLibrary">
<var>${new_text}</var>
<arg>nb_words=2</arg>
<doc>Generate a sentence.</doc>
<status status="NOT RUN" starttime="20231031 14:59:28.632" endtime="20231031 14:59:28.632"/>
</kw>
<status status="NOT RUN" starttime="20231031 14:59:28.630" endtime="20231031 14:59:28.633"/>
</branch>
<branch type="ELSE IF" condition="${cnt} &gt; 0">
<kw name="Sentence" library="FakerLibrary">
<var>${new_text}</var>
<doc>Generate a sentence.</doc>
<status status="NOT RUN" starttime="20231031 14:59:28.636" endtime="20231031 14:59:28.637"/>
</kw>
<status status="NOT RUN" starttime="20231031 14:59:28.634" endtime="20231031 14:59:28.637"/>
</branch>
<status status="PASS" starttime="20231031 14:59:28.500" endtime="20231031 14:59:28.638"/>
</if>
<kw name="Get Length" library="BuiltIn">
<var>${cnt}</var>
<arg>${text}</arg>
<doc>Returns and logs the length of the given item as an integer.</doc>
<msg timestamp="20231031 14:59:28.639" level="INFO">Length is 15</msg>
<msg timestamp="20231031 14:59:28.640" level="INFO">${cnt} = 15</msg>
<status status="PASS" starttime="20231031 14:59:28.638" endtime="20231031 14:59:28.640"/>
</kw>
<if>
<branch type="IF" condition="${cnt} &gt; 0">
<kw name="Replace String" library="String">
<var>${text}</var>
<arg>${text}</arg>
<arg>${symbol}</arg>
<arg>${new_text}</arg>
<doc>Replaces ``search_for`` in the given ``string`` with ``replace_with``.</doc>
<msg timestamp="20231031 14:59:28.646" level="INFO">${text} = admin@gmail.com</msg>
<status status="PASS" starttime="20231031 14:59:28.644" endtime="20231031 14:59:28.646"/>
</kw>
<status status="PASS" starttime="20231031 14:59:28.641" endtime="20231031 14:59:28.647"/>
</branch>
<status status="PASS" starttime="20231031 14:59:28.640" endtime="20231031 14:59:28.647"/>
</if>
<msg timestamp="20231031 14:59:28.648" level="INFO">${text} = admin@gmail.com</msg>
<status status="PASS" starttime="20231031 14:59:28.481" endtime="20231031 14:59:28.649"/>
</kw>
<kw name="Get Element Form Item By Name" library="common">
<var>${element}</var>
<arg>${name}</arg>
<arg>//input[contains(@class, "ant-input")]</arg>
<msg timestamp="20231031 14:59:28.651" level="INFO">${element} = xpath=//*[contains(@class, "ant-form-item-label")]/label[text()="Email"]/../../*[contains(@class, "ant-form-item")]//input[contains(@class, "ant-input")]</msg>
<status status="PASS" starttime="20231031 14:59:28.649" endtime="20231031 14:59:28.652"/>
</kw>
<kw name="Click" library="Browser">
<arg>${element}</arg>
<tag>PageContent</tag>
<tag>Setter</tag>
<doc>Simulates mouse click on the element found by ``selector``.</doc>
<status status="PASS" starttime="20231031 14:59:28.652" endtime="20231031 14:59:29.102"/>
</kw>
<kw name="Clear Text" library="Browser">
<arg>${element}</arg>
<tag>PageContent</tag>
<tag>Setter</tag>
<doc>Clears the text field found by ``selector``.</doc>
<status status="PASS" starttime="20231031 14:59:29.103" endtime="20231031 14:59:29.165"/>
</kw>
<kw name="Wait Until Keyword Succeeds" library="BuiltIn">
<arg>${SHOULD_TIMEOUT}</arg>
<arg>${TIME_TRY}</arg>
<arg>Fill Text</arg>
<arg>${element}</arg>
<arg>${text}</arg>
<arg>True</arg>
<doc>Runs the specified keyword and retries if it fails.</doc>
<kw name="Fill Text" library="Browser">
<arg>${element}</arg>
<arg>${text}</arg>
<arg>True</arg>
<tag>PageContent</tag>
<tag>Setter</tag>
<doc>Clears and fills the given ``txt`` into the text field found by ``selector``.</doc>
<msg timestamp="20231031 14:59:29.168" level="INFO">Fills the text 'admin@gmail.com' in the given field.</msg>
<status status="PASS" starttime="20231031 14:59:29.167" endtime="20231031 14:59:29.229"/>
</kw>
<status status="PASS" starttime="20231031 14:59:29.166" endtime="20231031 14:59:29.229"/>
</kw>
<kw name="Get Length" library="BuiltIn">
<var>${cnt}</var>
<arg>${text}</arg>
<doc>Returns and logs the length of the given item as an integer.</doc>
<msg timestamp="20231031 14:59:29.231" level="INFO">Length is 15</msg>
<msg timestamp="20231031 14:59:29.232" level="INFO">${cnt} = 15</msg>
<status status="PASS" starttime="20231031 14:59:29.230" endtime="20231031 14:59:29.232"/>
</kw>
<if>
<branch type="IF" condition="${cnt} &gt; 0">
<kw name="Set Global Variable" library="BuiltIn">
<arg>\${STATE["${name}"]}</arg>
<arg>${text}</arg>
<doc>Makes a variable available globally in all tests and suites.</doc>
<msg timestamp="20231031 14:59:29.235" level="INFO">${STATE["Email"]} = admin@gmail.com</msg>
<status status="PASS" starttime="20231031 14:59:29.234" endtime="20231031 14:59:29.236"/>
</kw>
<status status="PASS" starttime="20231031 14:59:29.233" endtime="20231031 14:59:29.236"/>
</branch>
<status status="PASS" starttime="20231031 14:59:29.233" endtime="20231031 14:59:29.237"/>
</if>
<status status="PASS" starttime="20231031 14:59:28.480" endtime="20231031 14:59:29.237"/>
</kw>
<kw name="Enter &quot;password&quot; in &quot;Mật khẩu&quot; with &quot;123123&quot;" library="common" sourcename="Enter &quot;${type}&quot; in &quot;${name}&quot; with &quot;${text}&quot;">
<kw name="Get Random Text" library="common">
<var>${text}</var>
<arg>${type}</arg>
<arg>${text}</arg>
<kw name="Set Variable" library="BuiltIn">
<var>${symbol}</var>
<arg>_RANDOM_</arg>
<doc>Returns the given values which can then be assigned to a variables.</doc>
<msg timestamp="20231031 14:59:29.243" level="INFO">${symbol} = _RANDOM_</msg>
<status status="PASS" starttime="20231031 14:59:29.240" endtime="20231031 14:59:29.243"/>
</kw>
<kw name="Set Variable" library="BuiltIn">
<var>${new_text}</var>
<doc>Returns the given values which can then be assigned to a variables.</doc>
<msg timestamp="20231031 14:59:29.247" level="INFO">${new_text} = </msg>
<status status="PASS" starttime="20231031 14:59:29.245" endtime="20231031 14:59:29.248"/>
</kw>
<kw name="Get Regexp Matches" library="String">
<var>${containsS}</var>
<arg>${text}</arg>
<arg>_@(.+)@_</arg>
<arg>1</arg>
<doc>Returns a list of all non-overlapping matches in the given string.</doc>
<msg timestamp="20231031 14:59:29.251" level="INFO">${containsS} = []</msg>
<status status="PASS" starttime="20231031 14:59:29.249" endtime="20231031 14:59:29.251"/>
</kw>
<kw name="Get Length" library="BuiltIn">
<var>${cntS}</var>
<arg>${containsS}</arg>
<doc>Returns and logs the length of the given item as an integer.</doc>
<msg timestamp="20231031 14:59:29.253" level="INFO">Length is 0</msg>
<msg timestamp="20231031 14:59:29.254" level="INFO">${cntS} = 0</msg>
<status status="PASS" starttime="20231031 14:59:29.252" endtime="20231031 14:59:29.254"/>
</kw>
<kw name="Get Regexp Matches" library="String">
<var>${contains}</var>
<arg>${text}</arg>
<arg>${symbol}</arg>
<doc>Returns a list of all non-overlapping matches in the given string.</doc>
<msg timestamp="20231031 14:59:29.256" level="INFO">${contains} = []</msg>
<status status="PASS" starttime="20231031 14:59:29.255" endtime="20231031 14:59:29.257"/>
</kw>
<kw name="Get Length" library="BuiltIn">
<var>${cnt}</var>
<arg>${contains}</arg>
<doc>Returns and logs the length of the given item as an integer.</doc>
<msg timestamp="20231031 14:59:29.264" level="INFO">Length is 0</msg>
<msg timestamp="20231031 14:59:29.265" level="INFO">${cnt} = 0</msg>
<status status="PASS" starttime="20231031 14:59:29.262" endtime="20231031 14:59:29.265"/>
</kw>
<if>
<branch type="IF" condition="${cntS} &gt; 0">
<kw name="Set Variable" library="BuiltIn">
<var>${new_text}</var>
<arg>${STATE["${containsS[0]}"]}</arg>
<doc>Returns the given values which can then be assigned to a variables.</doc>
<status status="NOT RUN" starttime="20231031 14:59:29.287" endtime="20231031 14:59:29.288"/>
</kw>
<kw name="Set Variable" library="BuiltIn">
<var>${symbol}</var>
<arg>_@${containsS[0]}@_</arg>
<doc>Returns the given values which can then be assigned to a variables.</doc>
<status status="NOT RUN" starttime="20231031 14:59:29.289" endtime="20231031 14:59:29.290"/>
</kw>
<status status="NOT RUN" starttime="20231031 14:59:29.266" endtime="20231031 14:59:29.295"/>
</branch>
<branch type="ELSE IF" condition="${cnt} &gt; 0 and '${type}' == 'test name'">
<kw name="Sentence" library="FakerLibrary">
<var>${random}</var>
<arg>nb_words=3</arg>
<doc>Generate a sentence.</doc>
<status status="NOT RUN" starttime="20231031 14:59:29.297" endtime="20231031 14:59:29.298"/>
</kw>
<kw name="Split String" library="String">
<var>${words}</var>
<arg>${TEST NAME}</arg>
<arg>${SPACE}</arg>
<doc>Splits the ``string`` using ``separator`` as a delimiter string.</doc>
<status status="NOT RUN" starttime="20231031 14:59:29.299" endtime="20231031 14:59:29.300"/>
</kw>
<kw name="Set Variable" library="BuiltIn">
<var>${new_text}</var>
<arg>${words[0]} ${random}</arg>
<doc>Returns the given values which can then be assigned to a variables.</doc>
<status status="NOT RUN" starttime="20231031 14:59:29.301" endtime="20231031 14:59:29.301"/>
</kw>
<status status="NOT RUN" starttime="20231031 14:59:29.296" endtime="20231031 14:59:29.302"/>
</branch>
<branch type="ELSE IF" condition="${cnt} &gt; 0 and '${type}' == 'number'">
<kw name="Random Int" library="FakerLibrary">
<var>${new_text}</var>
<doc>Generate a random integer between two integers ``min`` and ``max`` inclusive
while observing the provided ``step`` value.</doc>
<status status="NOT RUN" starttime="20231031 14:59:29.303" endtime="20231031 14:59:29.304"/>
</kw>
<kw name="Convert To String" library="BuiltIn">
<var>${new_text}</var>
<arg>${new_text}</arg>
<doc>Converts the given item to a Unicode string.</doc>
<status status="NOT RUN" starttime="20231031 14:59:29.305" endtime="20231031 14:59:29.305"/>
</kw>
<status status="NOT RUN" starttime="20231031 14:59:29.302" endtime="20231031 14:59:29.306"/>
</branch>
<branch type="ELSE IF" condition="${cnt} &gt; 0 and '${type}' == 'percentage'">
<kw name="Random Int" library="FakerLibrary">
<var>${new_text}</var>
<arg>max=100</arg>
<doc>Generate a random integer between two integers ``min`` and ``max`` inclusive
while observing the provided ``step`` value.</doc>
<status status="NOT RUN" starttime="20231031 14:59:29.313" endtime="20231031 14:59:29.313"/>
</kw>
<kw name="Convert To String" library="BuiltIn">
<var>${new_text}</var>
<arg>${new_text}</arg>
<doc>Converts the given item to a Unicode string.</doc>
<status status="NOT RUN" starttime="20231031 14:59:29.314" endtime="20231031 14:59:29.315"/>
</kw>
<status status="NOT RUN" starttime="20231031 14:59:29.306" endtime="20231031 14:59:29.316"/>
</branch>
<branch type="ELSE IF" condition="${cnt} &gt; 0 and '${type}' == 'paragraph'">
<kw name="Paragraph" library="FakerLibrary">
<var>${new_text}</var>
<doc>Generate a paragraph.</doc>
<status status="NOT RUN" starttime="20231031 14:59:29.318" endtime="20231031 14:59:29.318"/>
</kw>
<status status="NOT RUN" starttime="20231031 14:59:29.316" endtime="20231031 14:59:29.319"/>
</branch>
<branch type="ELSE IF" condition="${cnt} &gt; 0 and '${type}' == 'email'">
<kw name="Email" library="FakerLibrary">
<var>${new_text}</var>
<status status="NOT RUN" starttime="20231031 14:59:29.321" endtime="20231031 14:59:29.321"/>
</kw>
<status status="NOT RUN" starttime="20231031 14:59:29.320" endtime="20231031 14:59:29.322"/>
</branch>
<branch type="ELSE IF" condition="${cnt} &gt; 0 and '${type}' == 'phone'">
<kw name="Random Int" library="FakerLibrary">
<var>${new_text}</var>
<arg>min=2000000000</arg>
<arg>max=9999999999</arg>
<doc>Generate a random integer between two integers ``min`` and ``max`` inclusive
while observing the provided ``step`` value.</doc>
<status status="NOT RUN" starttime="20231031 14:59:29.323" endtime="20231031 14:59:29.328"/>
</kw>
<kw name="Convert To String" library="BuiltIn">
<var>${new_text}</var>
<arg>${new_text}</arg>
<doc>Converts the given item to a Unicode string.</doc>
<status status="NOT RUN" starttime="20231031 14:59:29.329" endtime="20231031 14:59:29.330"/>
</kw>
<kw name="Catenate" library="BuiltIn">
<var>${new_text}</var>
<arg>SEPARATOR=</arg>
<arg>0</arg>
<arg>${new_text}</arg>
<doc>Catenates the given items together and returns the resulted string.</doc>
<status status="NOT RUN" starttime="20231031 14:59:29.330" endtime="20231031 14:59:29.331"/>
</kw>
<status status="NOT RUN" starttime="20231031 14:59:29.322" endtime="20231031 14:59:29.332"/>
</branch>
<branch type="ELSE IF" condition="${cnt} &gt; 0 and '${type}' == 'color'">
<kw name="Safe Hex Color" library="FakerLibrary">
<var>${new_text}</var>
<doc>Generate a web-safe color formatted as a hex triplet.</doc>
<status status="NOT RUN" starttime="20231031 14:59:29.345" endtime="20231031 14:59:29.346"/>
</kw>
<status status="NOT RUN" starttime="20231031 14:59:29.332" endtime="20231031 14:59:29.347"/>
</branch>
<branch type="ELSE IF" condition="${cnt} &gt; 0 and &quot;${type}&quot; == 'password'">
<kw name="Password" library="FakerLibrary">
<var>${new_text}</var>
<arg>10</arg>
<arg>True</arg>
<arg>True</arg>
<arg>True</arg>
<arg>True</arg>
<doc>Generate a random password of the specified ``length``.</doc>
<status status="NOT RUN" starttime="20231031 14:59:29.350" endtime="20231031 14:59:29.350"/>
</kw>
<status status="NOT RUN" starttime="20231031 14:59:29.348" endtime="20231031 14:59:29.351"/>
</branch>
<branch type="ELSE IF" condition="${cnt} &gt; 0 and '${type}' == 'date'">
<kw name="Date" library="FakerLibrary">
<var>${new_text}</var>
<arg>pattern=%d-%m-%Y</arg>
<doc>Get a date string between January 1, 1970 and now.</doc>
<status status="NOT RUN" starttime="20231031 14:59:29.354" endtime="20231031 14:59:29.354"/>
</kw>
<status status="NOT RUN" starttime="20231031 14:59:29.352" endtime="20231031 14:59:29.355"/>
</branch>
<branch type="ELSE IF" condition="${cnt} &gt; 0 and '${type}' == 'word'">
<kw name="Sentence" library="FakerLibrary">
<var>${new_text}</var>
<arg>nb_words=2</arg>
<doc>Generate a sentence.</doc>
<status status="NOT RUN" starttime="20231031 14:59:29.361" endtime="20231031 14:59:29.361"/>
</kw>
<status status="NOT RUN" starttime="20231031 14:59:29.356" endtime="20231031 14:59:29.362"/>
</branch>
<branch type="ELSE IF" condition="${cnt} &gt; 0">
<kw name="Sentence" library="FakerLibrary">
<var>${new_text}</var>
<doc>Generate a sentence.</doc>
<status status="NOT RUN" starttime="20231031 14:59:29.364" endtime="20231031 14:59:29.364"/>
</kw>
<status status="NOT RUN" starttime="20231031 14:59:29.363" endtime="20231031 14:59:29.365"/>
</branch>
<status status="PASS" starttime="20231031 14:59:29.266" endtime="20231031 14:59:29.365"/>
</if>
<kw name="Get Length" library="BuiltIn">
<var>${cnt}</var>
<arg>${text}</arg>
<doc>Returns and logs the length of the given item as an integer.</doc>
<msg timestamp="20231031 14:59:29.367" level="INFO">Length is 6</msg>
<msg timestamp="20231031 14:59:29.367" level="INFO">${cnt} = 6</msg>
<status status="PASS" starttime="20231031 14:59:29.366" endtime="20231031 14:59:29.368"/>
</kw>
<if>
<branch type="IF" condition="${cnt} &gt; 0">
<kw name="Replace String" library="String">
<var>${text}</var>
<arg>${text}</arg>
<arg>${symbol}</arg>
<arg>${new_text}</arg>
<doc>Replaces ``search_for`` in the given ``string`` with ``replace_with``.</doc>
<msg timestamp="20231031 14:59:29.371" level="INFO">${text} = 123123</msg>
<status status="PASS" starttime="20231031 14:59:29.369" endtime="20231031 14:59:29.371"/>
</kw>
<status status="PASS" starttime="20231031 14:59:29.368" endtime="20231031 14:59:29.372"/>
</branch>
<status status="PASS" starttime="20231031 14:59:29.368" endtime="20231031 14:59:29.372"/>
</if>
<msg timestamp="20231031 14:59:29.373" level="INFO">${text} = 123123</msg>
<status status="PASS" starttime="20231031 14:59:29.239" endtime="20231031 14:59:29.373"/>
</kw>
<kw name="Get Element Form Item By Name" library="common">
<var>${element}</var>
<arg>${name}</arg>
<arg>//input[contains(@class, "ant-input")]</arg>
<msg timestamp="20231031 14:59:29.378" level="INFO">${element} = xpath=//*[contains(@class, "ant-form-item-label")]/label[text()="Mật khẩu"]/../../*[contains(@class, "ant-form-item")]//input[contains(@class, "ant-input")]</msg>
<status status="PASS" starttime="20231031 14:59:29.377" endtime="20231031 14:59:29.379"/>
</kw>
<kw name="Click" library="Browser">
<arg>${element}</arg>
<tag>PageContent</tag>
<tag>Setter</tag>
<doc>Simulates mouse click on the element found by ``selector``.</doc>
<status status="PASS" starttime="20231031 14:59:29.379" endtime="20231031 14:59:29.481"/>
</kw>
<kw name="Clear Text" library="Browser">
<arg>${element}</arg>
<tag>PageContent</tag>
<tag>Setter</tag>
<doc>Clears the text field found by ``selector``.</doc>
<status status="PASS" starttime="20231031 14:59:29.482" endtime="20231031 14:59:29.534"/>
</kw>
<kw name="Wait Until Keyword Succeeds" library="BuiltIn">
<arg>${SHOULD_TIMEOUT}</arg>
<arg>${TIME_TRY}</arg>
<arg>Fill Text</arg>
<arg>${element}</arg>
<arg>${text}</arg>
<arg>True</arg>
<doc>Runs the specified keyword and retries if it fails.</doc>
<kw name="Fill Text" library="Browser">
<arg>${element}</arg>
<arg>${text}</arg>
<arg>True</arg>
<tag>PageContent</tag>
<tag>Setter</tag>
<doc>Clears and fills the given ``txt`` into the text field found by ``selector``.</doc>
<msg timestamp="20231031 14:59:29.538" level="INFO">Fills the text '123123' in the given field.</msg>
<status status="PASS" starttime="20231031 14:59:29.537" endtime="20231031 14:59:29.620"/>
</kw>
<status status="PASS" starttime="20231031 14:59:29.535" endtime="20231031 14:59:29.621"/>
</kw>
<kw name="Get Length" library="BuiltIn">
<var>${cnt}</var>
<arg>${text}</arg>
<doc>Returns and logs the length of the given item as an integer.</doc>
<msg timestamp="20231031 14:59:29.623" level="INFO">Length is 6</msg>
<msg timestamp="20231031 14:59:29.623" level="INFO">${cnt} = 6</msg>
<status status="PASS" starttime="20231031 14:59:29.622" endtime="20231031 14:59:29.626"/>
</kw>
<if>
<branch type="IF" condition="${cnt} &gt; 0">
<kw name="Set Global Variable" library="BuiltIn">
<arg>\${STATE["${name}"]}</arg>
<arg>${text}</arg>
<doc>Makes a variable available globally in all tests and suites.</doc>
<msg timestamp="20231031 14:59:29.630" level="INFO">${STATE["Mật khẩu"]} = 123123</msg>
<status status="PASS" starttime="20231031 14:59:29.629" endtime="20231031 14:59:29.631"/>
</kw>
<status status="PASS" starttime="20231031 14:59:29.628" endtime="20231031 14:59:29.631"/>
</branch>
<status status="PASS" starttime="20231031 14:59:29.627" endtime="20231031 14:59:29.632"/>
</if>
<status status="PASS" starttime="20231031 14:59:29.238" endtime="20231031 14:59:29.632"/>
</kw>
<kw name="Click &quot;Đăng nhập&quot; button" library="common" sourcename="Click &quot;${text}&quot; button">
<kw name="Sleep" library="BuiltIn">
<arg>${SHOULD_TIMEOUT}</arg>
<doc>Pauses the test executed for the given time.</doc>
<msg timestamp="20231031 14:59:29.736" level="INFO">Slept 100 milliseconds</msg>
<status status="PASS" starttime="20231031 14:59:29.634" endtime="20231031 14:59:29.736"/>
</kw>
<kw name="Get Element Count" library="Browser">
<var>${cnt}</var>
<arg>//button[@title = "${text}"]</arg>
<tag>Assertion</tag>
<tag>Getter</tag>
<tag>PageContent</tag>
<doc>Returns the count of elements found with ``selector``.</doc>
<msg timestamp="20231031 14:59:29.755" level="INFO">${cnt} = 1</msg>
<status status="PASS" starttime="20231031 14:59:29.737" endtime="20231031 14:59:29.756"/>
</kw>
<if>
<branch type="IF" condition="${cnt} &gt; 0">
<kw name="Click" library="Browser">
<arg>xpath=//button[@title = "${text}"]</arg>
<tag>PageContent</tag>
<tag>Setter</tag>
<doc>Simulates mouse click on the element found by ``selector``.</doc>
<status status="PASS" starttime="20231031 14:59:29.761" endtime="20231031 14:59:29.869"/>
</kw>
<kw name="Click Confirm To Action" library="common">
<kw name="Set Variable" library="BuiltIn">
<var>${element}</var>
<arg>xpath=//*[contains(@class, "ant-popover")]//*[contains(@class, "ant-btn-primary")]</arg>
<doc>Returns the given values which can then be assigned to a variables.</doc>
<msg timestamp="20231031 14:59:29.871" level="INFO">${element} = xpath=//*[contains(@class, "ant-popover")]//*[contains(@class, "ant-btn-primary")]</msg>
<status status="PASS" starttime="20231031 14:59:29.870" endtime="20231031 14:59:29.871"/>
</kw>
<kw name="Get Element Count" library="Browser">
<var>${count}</var>
<arg>${element}</arg>
<tag>Assertion</tag>
<tag>Getter</tag>
<tag>PageContent</tag>
<doc>Returns the count of elements found with ``selector``.</doc>
<msg timestamp="20231031 14:59:29.888" level="INFO">${count} = 0</msg>
<status status="PASS" starttime="20231031 14:59:29.872" endtime="20231031 14:59:29.889"/>
</kw>
<if>
<branch type="IF" condition="${count} &gt; 0">
<kw name="Click" library="Browser">
<arg>${element}</arg>
<tag>PageContent</tag>
<tag>Setter</tag>
<doc>Simulates mouse click on the element found by ``selector``.</doc>
<status status="NOT RUN" starttime="20231031 14:59:29.893" endtime="20231031 14:59:29.893"/>
</kw>
<kw name="Sleep" library="BuiltIn">
<arg>${SHOULD_TIMEOUT}</arg>
<doc>Pauses the test executed for the given time.</doc>
<status status="NOT RUN" starttime="20231031 14:59:29.894" endtime="20231031 14:59:29.895"/>
</kw>
<kw name="Wait Until Element Spin" library="common">
<status status="NOT RUN" starttime="20231031 14:59:29.895" endtime="20231031 14:59:29.896"/>
</kw>
<status status="NOT RUN" starttime="20231031 14:59:29.890" endtime="20231031 14:59:29.897"/>
</branch>
<status status="PASS" starttime="20231031 14:59:29.889" endtime="20231031 14:59:29.897"/>
</if>
<status status="PASS" starttime="20231031 14:59:29.869" endtime="20231031 14:59:29.898"/>
</kw>
<kw name="Scroll By" library="Browser">
<arg>${None}</arg>
<tag>PageContent</tag>
<tag>Setter</tag>
<doc>Scrolls an element or the page relative from current position by the given values.</doc>
<msg timestamp="20231031 14:59:29.957" level="INFO">JavaScript executed successfully.</msg>
<msg timestamp="20231031 14:59:29.957" level="INFO">JavaScript executed successfully.</msg>
<msg timestamp="20231031 14:59:30.053" level="INFO">JavaScript executed successfully.</msg>
<msg timestamp="20231031 14:59:30.054" level="INFO">JavaScript executed successfully.</msg>
<msg timestamp="20231031 14:59:30.138" level="INFO">JavaScript executed successfully.</msg>
<status status="PASS" starttime="20231031 14:59:29.899" endtime="20231031 14:59:30.138"/>
</kw>
<status status="PASS" starttime="20231031 14:59:29.757" endtime="20231031 14:59:30.139"/>
</branch>
<branch type="ELSE">
<kw name="Click" library="Browser">
<arg>//span[contains(text(),"${text}")]</arg>
<tag>PageContent</tag>
<tag>Setter</tag>
<doc>Simulates mouse click on the element found by ``selector``.</doc>
<status status="NOT RUN" starttime="20231031 14:59:30.140" endtime="20231031 14:59:30.145"/>
</kw>
<kw name="Click Confirm To Action" library="common">
<status status="NOT RUN" starttime="20231031 14:59:30.146" endtime="20231031 14:59:30.147"/>
</kw>
<kw name="Scroll By" library="Browser">
<arg>${None}</arg>
<tag>PageContent</tag>
<tag>Setter</tag>
<doc>Scrolls an element or the page relative from current position by the given values.</doc>
<status status="NOT RUN" starttime="20231031 14:59:30.147" endtime="20231031 14:59:30.148"/>
</kw>
<status status="NOT RUN" starttime="20231031 14:59:30.140" endtime="20231031 14:59:30.149"/>
</branch>
<status status="PASS" starttime="20231031 14:59:29.756" endtime="20231031 14:59:30.150"/>
</if>
<kw name="Wait Until Network Is Idle" library="Browser">
<tag>HTTP</tag>
<tag>Wait</tag>
<doc>Waits until there has been at least one instance of 500 ms of no network traffic on the page after loading.</doc>
<status status="PASS" starttime="20231031 14:59:30.151" endtime="20231031 14:59:30.164"/>
</kw>
<status status="PASS" starttime="20231031 14:59:29.633" endtime="20231031 14:59:30.164"/>
</kw>
<kw name="User look message &quot;Success&quot; popup" library="common" sourcename="User look message &quot;${message}&quot; popup">
<kw name="Get Regexp Matches" library="String">
<var>${contains}</var>
<arg>${message}</arg>
<arg>_@(.+)@_</arg>
<arg>1</arg>
<doc>Returns a list of all non-overlapping matches in the given string.</doc>
<msg timestamp="20231031 14:59:30.168" level="INFO">${contains} = []</msg>
<status status="PASS" starttime="20231031 14:59:30.167" endtime="20231031 14:59:30.168"/>
</kw>
<kw name="Get Length" library="BuiltIn">
<var>${cnt}</var>
<arg>${contains}</arg>
<doc>Returns and logs the length of the given item as an integer.</doc>
<msg timestamp="20231031 14:59:30.170" level="INFO">Length is 0</msg>
<msg timestamp="20231031 14:59:30.170" level="INFO">${cnt} = 0</msg>
<status status="PASS" starttime="20231031 14:59:30.169" endtime="20231031 14:59:30.171"/>
</kw>
<if>
<branch type="IF" condition="${cnt} &gt; 0">
<kw name="Replace String" library="String">
<var>${message}</var>
<arg>${message}</arg>
<arg>_@${contains[0]}@_</arg>
<arg>${STATE["${contains[0]}"]}</arg>
<doc>Replaces ``search_for`` in the given ``string`` with ``replace_with``.</doc>
<status status="NOT RUN" starttime="20231031 14:59:30.173" endtime="20231031 14:59:30.173"/>
</kw>
<status status="NOT RUN" starttime="20231031 14:59:30.172" endtime="20231031 14:59:30.174"/>
</branch>
<status status="PASS" starttime="20231031 14:59:30.171" endtime="20231031 14:59:30.177"/>
</if>
<kw name="Wait Until Keyword Succeeds" library="BuiltIn">
<arg>${SHOULD_TIMEOUT}</arg>
<arg>${TIME_TRY}</arg>
<arg>Element Text Should Be</arg>
<arg>id=swal2-html-container</arg>
<arg>${message}</arg>
<doc>Runs the specified keyword and retries if it fails.</doc>
<kw name="Element Text Should Be" library="common">
<arg>id=swal2-html-container</arg>
<arg>${message}</arg>
<kw name="Get Text" library="Browser">
<arg>${locator}</arg>
<arg>equal</arg>
<arg>${expected}</arg>
<arg>${message}</arg>
<tag>Assertion</tag>
<tag>Getter</tag>
<tag>PageContent</tag>
<doc>Returns text attribute of the element found by ``selector``.</doc>
<msg timestamp="20231031 14:59:30.490" level="INFO">Text: 'Success'</msg>
<status status="PASS" starttime="20231031 14:59:30.182" endtime="20231031 14:59:30.490"/>
</kw>
<status status="PASS" starttime="20231031 14:59:30.179" endtime="20231031 14:59:30.492"/>
</kw>
<status status="PASS" starttime="20231031 14:59:30.178" endtime="20231031 14:59:30.494"/>
</kw>
<kw name="Set Variable" library="BuiltIn">
<var>${element}</var>
<arg>xpath=//*[contains(@class, "swal2-confirm")]</arg>
<doc>Returns the given values which can then be assigned to a variables.</doc>
<msg timestamp="20231031 14:59:30.496" level="INFO">${element} = xpath=//*[contains(@class, "swal2-confirm")]</msg>
<status status="PASS" starttime="20231031 14:59:30.495" endtime="20231031 14:59:30.497"/>
</kw>
<kw name="Run Keyword And Return Status" library="BuiltIn">
<var>${passed}</var>
<arg>Element Should Be Visible</arg>
<arg>${element}</arg>
<doc>Runs the given keyword with given arguments and returns the status as a Boolean value.</doc>
<kw name="Element Should Be Visible" library="common">
<arg>${element}</arg>
<kw name="Wait For Elements State" library="Browser">
<arg>${locator}</arg>
<arg>visible</arg>
<arg>${timeout}</arg>
<arg>${message}</arg>
<tag>PageContent</tag>
<tag>Wait</tag>
<doc>Waits for the element found by ``selector`` to satisfy state option.</doc>
<msg timestamp="20231031 14:59:30.848" level="INFO" html="true">&lt;/td&gt;&lt;/tr&gt;&lt;tr&gt;&lt;td colspan="3"&gt;&lt;a href="browser/screenshot/fail-screenshot-1.png" target="_blank"&gt;&lt;img src="browser/screenshot/fail-screenshot-1.png" width="800px"/&gt;&lt;/a&gt;</msg>
<msg timestamp="20231031 14:59:30.848" level="INFO">See also file:///D:/Intern%20test/Automation/playwright-log.txt for additional details.</msg>
<msg timestamp="20231031 14:59:30.848" level="FAIL">TimeoutError: locator.waitFor: Timeout 100ms exceeded.
=========================== logs ===========================
waiting for locator('xpath=//*[contains(@class, "swal2-confirm")]') to be visible
  locator resolved to hidden &lt;button type="button" aria-label="" class="swal2-confirm…&gt;OK&lt;/button&gt;
  locator resolved to hidden &lt;button type="button" aria-label="" class="swal2-confirm…&gt;OK&lt;/button&gt;
  locator resolved to hidden &lt;button type="button" aria-label="" class="swal2-confirm…&gt;OK&lt;/button&gt;
============================================================
Tip: Use "Set Browser Timeout" for increasing the timeout or double check your locator as the targeted element(s) couldn't be found.</msg>
<status status="FAIL" starttime="20231031 14:59:30.499" endtime="20231031 14:59:30.861"/>
</kw>
<status status="FAIL" starttime="20231031 14:59:30.498" endtime="20231031 14:59:30.862"/>
</kw>
<msg timestamp="20231031 14:59:30.862" level="INFO">${passed} = False</msg>
<status status="PASS" starttime="20231031 14:59:30.497" endtime="20231031 14:59:30.863"/>
</kw>
<if>
<branch type="IF" condition="'${passed}' == 'True'">
<kw name="Click" library="Browser">
<arg>${element}</arg>
<tag>PageContent</tag>
<tag>Setter</tag>
<doc>Simulates mouse click on the element found by ``selector``.</doc>
<status status="NOT RUN" starttime="20231031 14:59:30.868" endtime="20231031 14:59:30.868"/>
</kw>
<status status="NOT RUN" starttime="20231031 14:59:30.864" endtime="20231031 14:59:30.869"/>
</branch>
<status status="PASS" starttime="20231031 14:59:30.864" endtime="20231031 14:59:30.869"/>
</if>
<status status="PASS" starttime="20231031 14:59:30.165" endtime="20231031 14:59:30.869"/>
</kw>
<status status="PASS" starttime="20231031 14:59:28.479" endtime="20231031 14:59:30.869"/>
</kw>
<kw name="Click &quot;QUẢN LÝ TÀI KHOẢN&quot; menu" library="common" sourcename="Click &quot;${text}&quot; menu">
<kw name="Click" library="Browser">
<arg>xpath=//li[contains(@class, "menu") and descendant::span[contains(text(), "${text}")]]</arg>
<tag>PageContent</tag>
<tag>Setter</tag>
<doc>Simulates mouse click on the element found by ``selector``.</doc>
<status status="PASS" starttime="20231031 14:59:30.871" endtime="20231031 14:59:31.883"/>
</kw>
<status status="PASS" starttime="20231031 14:59:30.870" endtime="20231031 14:59:31.884"/>
</kw>
<kw name="Get Length" library="BuiltIn">
<var>${cnt}</var>
<arg>${page}</arg>
<doc>Returns and logs the length of the given item as an integer.</doc>
<msg timestamp="20231031 14:59:31.885" level="INFO">Length is 16</msg>
<msg timestamp="20231031 14:59:31.886" level="INFO">${cnt} = 16</msg>
<status status="PASS" starttime="20231031 14:59:31.884" endtime="20231031 14:59:31.886"/>
</kw>
<if>
<branch type="IF" condition="${cnt} &gt; 0 and '${page}' == 'Customer Account'">
<kw name="Click &quot;Tài khoản Người dùng&quot; sub menu to &quot;/customer-account&quot;" library="common" sourcename="Click &quot;${text}&quot; sub menu to &quot;${url}&quot;">
<status status="NOT RUN" starttime="20231031 14:59:31.888" endtime="20231031 14:59:31.889"/>
</kw>
<status status="NOT RUN" starttime="20231031 14:59:31.887" endtime="20231031 14:59:31.890"/>
</branch>
<branch type="ELSE IF" condition="${cnt} &gt; 0 and '${page}' == 'Internal Account'">
<kw name="Click &quot;Tài khoản Nội bộ&quot; sub menu to &quot;/internal-account&quot;" library="common" sourcename="Click &quot;${text}&quot; sub menu to &quot;${url}&quot;">
<kw name="Wait Until Element Spin" library="common">
<kw name="Sleep" library="BuiltIn">
<arg>${SHOULD_TIMEOUT}</arg>
<doc>Pauses the test executed for the given time.</doc>
<msg timestamp="20231031 14:59:31.996" level="INFO">Slept 100 milliseconds</msg>
<status status="PASS" starttime="20231031 14:59:31.894" endtime="20231031 14:59:31.996"/>
</kw>
<kw name="Set Variable" library="BuiltIn">
<var>${element}</var>
<arg>xpath=//*[contains(@class, "ant-spin-spinning")]</arg>
<doc>Returns the given values which can then be assigned to a variables.</doc>
<msg timestamp="20231031 14:59:31.998" level="INFO">${element} = xpath=//*[contains(@class, "ant-spin-spinning")]</msg>
<status status="PASS" starttime="20231031 14:59:31.997" endtime="20231031 14:59:31.998"/>
</kw>
<kw name="Get Element Count" library="Browser">
<var>${count}</var>
<arg>${element}</arg>
<tag>Assertion</tag>
<tag>Getter</tag>
<tag>PageContent</tag>
<doc>Returns the count of elements found with ``selector``.</doc>
<msg timestamp="20231031 14:59:32.007" level="INFO">${count} = 0</msg>
<status status="PASS" starttime="20231031 14:59:31.998" endtime="20231031 14:59:32.007"/>
</kw>
<if>
<branch type="IF" condition="${count} &gt; 0">
<kw name="Wait Until Page Does Not Contain Element" library="common">
<arg>${element}</arg>
<status status="NOT RUN" starttime="20231031 14:59:32.010" endtime="20231031 14:59:32.011"/>
</kw>
<status status="NOT RUN" starttime="20231031 14:59:32.009" endtime="20231031 14:59:32.011"/>
</branch>
<status status="PASS" starttime="20231031 14:59:32.009" endtime="20231031 14:59:32.012"/>
</if>
<status status="PASS" starttime="20231031 14:59:31.894" endtime="20231031 14:59:32.012"/>
</kw>
<kw name="Click" library="Browser">
<arg>xpath=//a[contains(@class, "sub-menu") and descendant::span[contains(text(), "${text}")]]</arg>
<tag>PageContent</tag>
<tag>Setter</tag>
<doc>Simulates mouse click on the element found by ``selector``.</doc>
<status status="PASS" starttime="20231031 14:59:32.013" endtime="20231031 14:59:32.383"/>
</kw>
<kw name="Get Url" library="Browser">
<var>${curent_url}</var>
<tag>Assertion</tag>
<tag>Getter</tag>
<tag>PageContent</tag>
<doc>Returns the current URL.</doc>
<msg timestamp="20231031 14:59:32.394" level="INFO">${curent_url} = http://dev1.geneat.vn:7802/vn/internal-account</msg>
<status status="PASS" starttime="20231031 14:59:32.384" endtime="20231031 14:59:32.398"/>
</kw>
<kw name="Should Contain" library="BuiltIn">
<arg>${curent_url}</arg>
<arg>${URL_DEFAULT}${url}</arg>
<doc>Fails if ``container`` does not contain ``item`` one or more times.</doc>
<status status="PASS" starttime="20231031 14:59:32.399" endtime="20231031 14:59:32.400"/>
</kw>
<status status="PASS" starttime="20231031 14:59:31.893" endtime="20231031 14:59:32.400"/>
</kw>
<status status="PASS" starttime="20231031 14:59:31.891" endtime="20231031 14:59:32.401"/>
</branch>
<status status="PASS" starttime="20231031 14:59:31.887" endtime="20231031 14:59:32.401"/>
</if>
<status status="PASS" starttime="20231031 14:59:28.478" endtime="20231031 14:59:32.402"/>
</kw>
<kw name="When Click &quot;Tạo mới&quot; button" library="common" sourcename="Click &quot;${text}&quot; button">
<kw name="Sleep" library="BuiltIn">
<arg>${SHOULD_TIMEOUT}</arg>
<doc>Pauses the test executed for the given time.</doc>
<msg timestamp="20231031 14:59:32.565" level="INFO">Slept 100 milliseconds</msg>
<status status="PASS" starttime="20231031 14:59:32.460" endtime="20231031 14:59:32.567"/>
</kw>
<kw name="Get Element Count" library="Browser">
<var>${cnt}</var>
<arg>//button[@title = "${text}"]</arg>
<tag>Assertion</tag>
<tag>Getter</tag>
<tag>PageContent</tag>
<doc>Returns the count of elements found with ``selector``.</doc>
<msg timestamp="20231031 14:59:32.979" level="INFO">${cnt} = 1</msg>
<status status="PASS" starttime="20231031 14:59:32.568" endtime="20231031 14:59:32.979"/>
</kw>
<if>
<branch type="IF" condition="${cnt} &gt; 0">
<kw name="Click" library="Browser">
<arg>xpath=//button[@title = "${text}"]</arg>
<tag>PageContent</tag>
<tag>Setter</tag>
<doc>Simulates mouse click on the element found by ``selector``.</doc>
<status status="PASS" starttime="20231031 14:59:32.982" endtime="20231031 14:59:33.432"/>
</kw>
<kw name="Click Confirm To Action" library="common">
<kw name="Set Variable" library="BuiltIn">
<var>${element}</var>
<arg>xpath=//*[contains(@class, "ant-popover")]//*[contains(@class, "ant-btn-primary")]</arg>
<doc>Returns the given values which can then be assigned to a variables.</doc>
<msg timestamp="20231031 14:59:33.434" level="INFO">${element} = xpath=//*[contains(@class, "ant-popover")]//*[contains(@class, "ant-btn-primary")]</msg>
<status status="PASS" starttime="20231031 14:59:33.433" endtime="20231031 14:59:33.434"/>
</kw>
<kw name="Get Element Count" library="Browser">
<var>${count}</var>
<arg>${element}</arg>
<tag>Assertion</tag>
<tag>Getter</tag>
<tag>PageContent</tag>
<doc>Returns the count of elements found with ``selector``.</doc>
<msg timestamp="20231031 14:59:33.466" level="INFO">${count} = 0</msg>
<status status="PASS" starttime="20231031 14:59:33.435" endtime="20231031 14:59:33.466"/>
</kw>
<if>
<branch type="IF" condition="${count} &gt; 0">
<kw name="Click" library="Browser">
<arg>${element}</arg>
<tag>PageContent</tag>
<tag>Setter</tag>
<doc>Simulates mouse click on the element found by ``selector``.</doc>
<status status="NOT RUN" starttime="20231031 14:59:33.468" endtime="20231031 14:59:33.468"/>
</kw>
<kw name="Sleep" library="BuiltIn">
<arg>${SHOULD_TIMEOUT}</arg>
<doc>Pauses the test executed for the given time.</doc>
<status status="NOT RUN" starttime="20231031 14:59:33.469" endtime="20231031 14:59:33.469"/>
</kw>
<kw name="Wait Until Element Spin" library="common">
<status status="NOT RUN" starttime="20231031 14:59:33.470" endtime="20231031 14:59:33.471"/>
</kw>
<status status="NOT RUN" starttime="20231031 14:59:33.467" endtime="20231031 14:59:33.471"/>
</branch>
<status status="PASS" starttime="20231031 14:59:33.467" endtime="20231031 14:59:33.472"/>
</if>
<status status="PASS" starttime="20231031 14:59:33.432" endtime="20231031 14:59:33.472"/>
</kw>
<kw name="Scroll By" library="Browser">
<arg>${None}</arg>
<tag>PageContent</tag>
<tag>Setter</tag>
<doc>Scrolls an element or the page relative from current position by the given values.</doc>
<msg timestamp="20231031 14:59:33.497" level="INFO">JavaScript executed successfully.</msg>
<msg timestamp="20231031 14:59:33.498" level="INFO">JavaScript executed successfully.</msg>
<msg timestamp="20231031 14:59:33.518" level="INFO">JavaScript executed successfully.</msg>
<msg timestamp="20231031 14:59:33.518" level="INFO">JavaScript executed successfully.</msg>
<msg timestamp="20231031 14:59:33.529" level="INFO">JavaScript executed successfully.</msg>
<status status="PASS" starttime="20231031 14:59:33.472" endtime="20231031 14:59:33.530"/>
</kw>
<status status="PASS" starttime="20231031 14:59:32.980" endtime="20231031 14:59:33.530"/>
</branch>
<branch type="ELSE">
<kw name="Click" library="Browser">
<arg>//span[contains(text(),"${text}")]</arg>
<tag>PageContent</tag>
<tag>Setter</tag>
<doc>Simulates mouse click on the element found by ``selector``.</doc>
<status status="NOT RUN" starttime="20231031 14:59:33.532" endtime="20231031 14:59:33.532"/>
</kw>
<kw name="Click Confirm To Action" library="common">
<status status="NOT RUN" starttime="20231031 14:59:33.533" endtime="20231031 14:59:33.533"/>
</kw>
<kw name="Scroll By" library="Browser">
<arg>${None}</arg>
<tag>PageContent</tag>
<tag>Setter</tag>
<doc>Scrolls an element or the page relative from current position by the given values.</doc>
<status status="NOT RUN" starttime="20231031 14:59:33.534" endtime="20231031 14:59:33.535"/>
</kw>
<status status="NOT RUN" starttime="20231031 14:59:33.531" endtime="20231031 14:59:33.535"/>
</branch>
<status status="PASS" starttime="20231031 14:59:32.980" endtime="20231031 14:59:33.536"/>
</if>
<kw name="Wait Until Network Is Idle" library="Browser">
<tag>HTTP</tag>
<tag>Wait</tag>
<doc>Waits until there has been at least one instance of 500 ms of no network traffic on the page after loading.</doc>
<status status="PASS" starttime="20231031 14:59:33.536" endtime="20231031 14:59:33.968"/>
</kw>
<status status="PASS" starttime="20231031 14:59:32.456" endtime="20231031 14:59:33.968"/>
</kw>
<kw name="Then Heading should contain &quot;Tạo mới tài khoản nội bộ&quot; inner Text" library="common" sourcename="Heading should contain &quot;${text}&quot; inner Text">
<kw name="Get Text" library="Browser">
<arg>//h2</arg>
<arg>equal</arg>
<arg>${text}</arg>
<tag>Assertion</tag>
<tag>Getter</tag>
<tag>PageContent</tag>
<doc>Returns text attribute of the element found by ``selector``.</doc>
<msg timestamp="20231031 14:59:34.009" level="INFO">Text: 'Tạo mới tài khoản nội bộ'</msg>
<status status="PASS" starttime="20231031 14:59:33.971" endtime="20231031 14:59:34.009"/>
</kw>
<status status="PASS" starttime="20231031 14:59:33.969" endtime="20231031 14:59:34.010"/>
</kw>
<kw name="Then Confirm adding &quot;/internal-account&quot; page" library="common" sourcename="Confirm adding &quot;${url}&quot; page">
<kw name="Get Url" library="Browser">
<var>${current_url}</var>
<tag>Assertion</tag>
<tag>Getter</tag>
<tag>PageContent</tag>
<doc>Returns the current URL.</doc>
<msg timestamp="20231031 14:59:34.021" level="INFO">${current_url} = http://dev1.geneat.vn:7802/vn/internal-account/add</msg>
<status status="PASS" starttime="20231031 14:59:34.016" endtime="20231031 14:59:34.021"/>
</kw>
<kw name="Should Contain" library="BuiltIn">
<arg>${current_url}</arg>
<arg>${URL_DEFAULT}${url}/add</arg>
<doc>Fails if ``container`` does not contain ``item`` one or more times.</doc>
<status status="PASS" starttime="20231031 14:59:34.022" endtime="20231031 14:59:34.023"/>
</kw>
<status status="PASS" starttime="20231031 14:59:34.015" endtime="20231031 14:59:34.026"/>
</kw>
<kw name="Then Webpage should contain &quot;Họ và tên&quot; input field" library="common" sourcename="Webpage should contain &quot;${name}&quot; input field">
<kw name="Set Variable" library="BuiltIn">
<var>${element}</var>
<arg>//label[text()="${name}"]//ancestor::*[contains(@class,'ant-row')]//*[contains(@class,'ant-input')]</arg>
<doc>Returns the given values which can then be assigned to a variables.</doc>
<msg timestamp="20231031 14:59:34.033" level="INFO">${element} = //label[text()="Họ và tên"]//ancestor::*[contains(@class,'ant-row')]//*[contains(@class,'ant-input')]</msg>
<status status="PASS" starttime="20231031 14:59:34.032" endtime="20231031 14:59:34.033"/>
</kw>
<kw name="Get Element Count" library="Browser">
<var>${count}</var>
<arg>${element}</arg>
<tag>Assertion</tag>
<tag>Getter</tag>
<tag>PageContent</tag>
<doc>Returns the count of elements found with ``selector``.</doc>
<msg timestamp="20231031 14:59:34.047" level="INFO">${count} = 1</msg>
<status status="PASS" starttime="20231031 14:59:34.034" endtime="20231031 14:59:34.047"/>
</kw>
<kw name="Should Be True" library="BuiltIn">
<arg>${count} &gt;= 1</arg>
<doc>Fails if the given condition is not true.</doc>
<status status="PASS" starttime="20231031 14:59:34.048" endtime="20231031 14:59:34.050"/>
</kw>
<status status="PASS" starttime="20231031 14:59:34.031" endtime="20231031 14:59:34.050"/>
</kw>
<kw name="Then Webpage should contain &quot;Email&quot; input field" library="common" sourcename="Webpage should contain &quot;${name}&quot; input field">
<kw name="Set Variable" library="BuiltIn">
<var>${element}</var>
<arg>//label[text()="${name}"]//ancestor::*[contains(@class,'ant-row')]//*[contains(@class,'ant-input')]</arg>
<doc>Returns the given values which can then be assigned to a variables.</doc>
<msg timestamp="20231031 14:59:34.055" level="INFO">${element} = //label[text()="Email"]//ancestor::*[contains(@class,'ant-row')]//*[contains(@class,'ant-input')]</msg>
<status status="PASS" starttime="20231031 14:59:34.054" endtime="20231031 14:59:34.055"/>
</kw>
<kw name="Get Element Count" library="Browser">
<var>${count}</var>
<arg>${element}</arg>
<tag>Assertion</tag>
<tag>Getter</tag>
<tag>PageContent</tag>
<doc>Returns the count of elements found with ``selector``.</doc>
<msg timestamp="20231031 14:59:34.068" level="INFO">${count} = 1</msg>
<status status="PASS" starttime="20231031 14:59:34.056" endtime="20231031 14:59:34.068"/>
</kw>
<kw name="Should Be True" library="BuiltIn">
<arg>${count} &gt;= 1</arg>
<doc>Fails if the given condition is not true.</doc>
<status status="PASS" starttime="20231031 14:59:34.069" endtime="20231031 14:59:34.070"/>
</kw>
<status status="PASS" starttime="20231031 14:59:34.053" endtime="20231031 14:59:34.071"/>
</kw>
<kw name="Then Webpage should contain &quot;Số điện thoại&quot; input field" library="common" sourcename="Webpage should contain &quot;${name}&quot; input field">
<kw name="Set Variable" library="BuiltIn">
<var>${element}</var>
<arg>//label[text()="${name}"]//ancestor::*[contains(@class,'ant-row')]//*[contains(@class,'ant-input')]</arg>
<doc>Returns the given values which can then be assigned to a variables.</doc>
<msg timestamp="20231031 14:59:34.082" level="INFO">${element} = //label[text()="Số điện thoại"]//ancestor::*[contains(@class,'ant-row')]//*[contains(@class,'ant-input')]</msg>
<status status="PASS" starttime="20231031 14:59:34.081" endtime="20231031 14:59:34.083"/>
</kw>
<kw name="Get Element Count" library="Browser">
<var>${count}</var>
<arg>${element}</arg>
<tag>Assertion</tag>
<tag>Getter</tag>
<tag>PageContent</tag>
<doc>Returns the count of elements found with ``selector``.</doc>
<msg timestamp="20231031 14:59:34.095" level="INFO">${count} = 1</msg>
<status status="PASS" starttime="20231031 14:59:34.084" endtime="20231031 14:59:34.095"/>
</kw>
<kw name="Should Be True" library="BuiltIn">
<arg>${count} &gt;= 1</arg>
<doc>Fails if the given condition is not true.</doc>
<status status="PASS" starttime="20231031 14:59:34.096" endtime="20231031 14:59:34.097"/>
</kw>
<status status="PASS" starttime="20231031 14:59:34.079" endtime="20231031 14:59:34.098"/>
</kw>
<kw name="Then Webpage should contain &quot;Giới tính&quot; select field" library="common" sourcename="Webpage should contain &quot;${name}&quot; select field">
<kw name="Set Variable" library="BuiltIn">
<var>${element}</var>
<arg>//label[text()="${name}"]//ancestor::*[contains(@class,'ant-row')]//input[contains(@class,'ant-select')]</arg>
<doc>Returns the given values which can then be assigned to a variables.</doc>
<msg timestamp="20231031 14:59:34.104" level="INFO">${element} = //label[text()="Giới tính"]//ancestor::*[contains(@class,'ant-row')]//input[contains(@class,'ant-select')]</msg>
<status status="PASS" starttime="20231031 14:59:34.103" endtime="20231031 14:59:34.104"/>
</kw>
<kw name="Get Element Count" library="Browser">
<var>${count}</var>
<arg>${element}</arg>
<tag>Assertion</tag>
<tag>Getter</tag>
<tag>PageContent</tag>
<doc>Returns the count of elements found with ``selector``.</doc>
<msg timestamp="20231031 14:59:34.117" level="INFO">${count} = 1</msg>
<status status="PASS" starttime="20231031 14:59:34.105" endtime="20231031 14:59:34.117"/>
</kw>
<kw name="Should Be True" library="BuiltIn">
<arg>${count} &gt;= 1</arg>
<doc>Fails if the given condition is not true.</doc>
<status status="PASS" starttime="20231031 14:59:34.118" endtime="20231031 14:59:34.119"/>
</kw>
<status status="PASS" starttime="20231031 14:59:34.101" endtime="20231031 14:59:34.120"/>
</kw>
<kw name="Then Webpage should contain &quot;Loại tài khoản&quot; select field" library="common" sourcename="Webpage should contain &quot;${name}&quot; select field">
<kw name="Set Variable" library="BuiltIn">
<var>${element}</var>
<arg>//label[text()="${name}"]//ancestor::*[contains(@class,'ant-row')]//input[contains(@class,'ant-select')]</arg>
<doc>Returns the given values which can then be assigned to a variables.</doc>
<msg timestamp="20231031 14:59:34.132" level="INFO">${element} = //label[text()="Loại tài khoản"]//ancestor::*[contains(@class,'ant-row')]//input[contains(@class,'ant-select')]</msg>
<status status="PASS" starttime="20231031 14:59:34.131" endtime="20231031 14:59:34.133"/>
</kw>
<kw name="Get Element Count" library="Browser">
<var>${count}</var>
<arg>${element}</arg>
<tag>Assertion</tag>
<tag>Getter</tag>
<tag>PageContent</tag>
<doc>Returns the count of elements found with ``selector``.</doc>
<msg timestamp="20231031 14:59:34.147" level="INFO">${count} = 1</msg>
<status status="PASS" starttime="20231031 14:59:34.133" endtime="20231031 14:59:34.148"/>
</kw>
<kw name="Should Be True" library="BuiltIn">
<arg>${count} &gt;= 1</arg>
<doc>Fails if the given condition is not true.</doc>
<status status="PASS" starttime="20231031 14:59:34.149" endtime="20231031 14:59:34.150"/>
</kw>
<status status="PASS" starttime="20231031 14:59:34.130" endtime="20231031 14:59:34.151"/>
</kw>
<kw name="Then Webpage should contain &quot;Mật khẩu&quot; input field" library="common" sourcename="Webpage should contain &quot;${name}&quot; input field">
<kw name="Set Variable" library="BuiltIn">
<var>${element}</var>
<arg>//label[text()="${name}"]//ancestor::*[contains(@class,'ant-row')]//*[contains(@class,'ant-input')]</arg>
<doc>Returns the given values which can then be assigned to a variables.</doc>
<msg timestamp="20231031 14:59:34.156" level="INFO">${element} = //label[text()="Mật khẩu"]//ancestor::*[contains(@class,'ant-row')]//*[contains(@class,'ant-input')]</msg>
<status status="PASS" starttime="20231031 14:59:34.155" endtime="20231031 14:59:34.156"/>
</kw>
<kw name="Get Element Count" library="Browser">
<var>${count}</var>
<arg>${element}</arg>
<tag>Assertion</tag>
<tag>Getter</tag>
<tag>PageContent</tag>
<doc>Returns the count of elements found with ``selector``.</doc>
<msg timestamp="20231031 14:59:34.168" level="INFO">${count} = 1</msg>
<status status="PASS" starttime="20231031 14:59:34.157" endtime="20231031 14:59:34.168"/>
</kw>
<kw name="Should Be True" library="BuiltIn">
<arg>${count} &gt;= 1</arg>
<doc>Fails if the given condition is not true.</doc>
<status status="PASS" starttime="20231031 14:59:34.169" endtime="20231031 14:59:34.170"/>
</kw>
<status status="PASS" starttime="20231031 14:59:34.153" endtime="20231031 14:59:34.171"/>
</kw>
<kw name="Then Webpage should contain &quot;Xác nhận mật khẩu&quot; input field" library="common" sourcename="Webpage should contain &quot;${name}&quot; input field">
<kw name="Set Variable" library="BuiltIn">
<var>${element}</var>
<arg>//label[text()="${name}"]//ancestor::*[contains(@class,'ant-row')]//*[contains(@class,'ant-input')]</arg>
<doc>Returns the given values which can then be assigned to a variables.</doc>
<msg timestamp="20231031 14:59:34.178" level="INFO">${element} = //label[text()="Xác nhận mật khẩu"]//ancestor::*[contains(@class,'ant-row')]//*[contains(@class,'ant-input')]</msg>
<status status="PASS" starttime="20231031 14:59:34.176" endtime="20231031 14:59:34.179"/>
</kw>
<kw name="Get Element Count" library="Browser">
<var>${count}</var>
<arg>${element}</arg>
<tag>Assertion</tag>
<tag>Getter</tag>
<tag>PageContent</tag>
<doc>Returns the count of elements found with ``selector``.</doc>
<msg timestamp="20231031 14:59:34.189" level="INFO">${count} = 1</msg>
<status status="PASS" starttime="20231031 14:59:34.180" endtime="20231031 14:59:34.189"/>
</kw>
<kw name="Should Be True" library="BuiltIn">
<arg>${count} &gt;= 1</arg>
<doc>Fails if the given condition is not true.</doc>
<status status="PASS" starttime="20231031 14:59:34.191" endtime="20231031 14:59:34.194"/>
</kw>
<status status="PASS" starttime="20231031 14:59:34.173" endtime="20231031 14:59:34.195"/>
</kw>
<kw name="Then Webpage should contain &quot;Lưu lại&quot; button" library="common" sourcename="Webpage should contain &quot;${name}&quot; button">
<kw name="Set Variable" library="BuiltIn">
<var>${element}</var>
<arg>//button[contains(text(),"${name}")]</arg>
<doc>Returns the given values which can then be assigned to a variables.</doc>
<msg timestamp="20231031 14:59:34.201" level="INFO">${element} = //button[contains(text(),"Lưu lại")]</msg>
<status status="PASS" starttime="20231031 14:59:34.199" endtime="20231031 14:59:34.201"/>
</kw>
<kw name="Get Element Count" library="Browser">
<var>${count}</var>
<arg>${element}</arg>
<tag>Assertion</tag>
<tag>Getter</tag>
<tag>PageContent</tag>
<doc>Returns the count of elements found with ``selector``.</doc>
<msg timestamp="20231031 14:59:34.212" level="INFO">${count} = 1</msg>
<status status="PASS" starttime="20231031 14:59:34.202" endtime="20231031 14:59:34.212"/>
</kw>
<kw name="Should Be True" library="BuiltIn">
<arg>${count} &gt;= 1</arg>
<doc>Fails if the given condition is not true.</doc>
<status status="PASS" starttime="20231031 14:59:34.213" endtime="20231031 14:59:34.214"/>
</kw>
<status status="PASS" starttime="20231031 14:59:34.198" endtime="20231031 14:59:34.215"/>
</kw>
<kw name="Then Webpage should contain &quot;Đóng lại&quot; button" library="common" sourcename="Webpage should contain &quot;${name}&quot; button">
<kw name="Set Variable" library="BuiltIn">
<var>${element}</var>
<arg>//button[contains(text(),"${name}")]</arg>
<doc>Returns the given values which can then be assigned to a variables.</doc>
<msg timestamp="20231031 14:59:34.221" level="INFO">${element} = //button[contains(text(),"Đóng lại")]</msg>
<status status="PASS" starttime="20231031 14:59:34.220" endtime="20231031 14:59:34.221"/>
</kw>
<kw name="Get Element Count" library="Browser">
<var>${count}</var>
<arg>${element}</arg>
<tag>Assertion</tag>
<tag>Getter</tag>
<tag>PageContent</tag>
<doc>Returns the count of elements found with ``selector``.</doc>
<msg timestamp="20231031 14:59:34.232" level="INFO">${count} = 1</msg>
<status status="PASS" starttime="20231031 14:59:34.222" endtime="20231031 14:59:34.233"/>
</kw>
<kw name="Should Be True" library="BuiltIn">
<arg>${count} &gt;= 1</arg>
<doc>Fails if the given condition is not true.</doc>
<status status="PASS" starttime="20231031 14:59:34.234" endtime="20231031 14:59:34.235"/>
</kw>
<status status="PASS" starttime="20231031 14:59:34.218" endtime="20231031 14:59:34.235"/>
</kw>
<kw name="Tear Down" library="common" type="TEARDOWN">
<kw name="Close Browser" library="Browser">
<arg>ALL</arg>
<tag>BrowserControl</tag>
<tag>Setter</tag>
<doc>Closes the current browser.</doc>
<msg timestamp="20231031 14:59:35.342" level="INFO">Closed all browsers</msg>
<status status="PASS" starttime="20231031 14:59:34.238" endtime="20231031 14:59:35.343"/>
</kw>
<status status="PASS" starttime="20231031 14:59:34.237" endtime="20231031 14:59:35.343"/>
</kw>
<tag>Create</tag>
<tag>Smoketest</tag>
<status status="PASS" starttime="20231031 14:59:23.756" endtime="20231031 14:59:35.345"/>
</test>
<status status="PASS" starttime="20231031 14:59:21.591" endtime="20231031 14:59:35.356"/>
</suite>
<statistics>
<total>
<stat pass="1" fail="0" skip="0">All Tests</stat>
</total>
<tag>
<stat pass="1" fail="0" skip="0">Create</stat>
<stat pass="1" fail="0" skip="0">Smoketest</stat>
</tag>
<suite>
<stat pass="1" fail="0" skip="0" id="s1" name="Internal Account">Internal Account</stat>
</suite>
</statistics>
<errors>
</errors>
</robot>
