<?xml version="1.0" encoding="UTF-8"?>
<robot generator="Robot 6.1.1 (Python 3.11.4 on win32)" generated="20231028 08:16:37.847" rpa="false" schemaversion="4">
<suite id="s1" name="Login" source="d:\Intern test\Automation\Auto_Web\testcases\login.robot">
<test id="s1-t1" name="CA_02 Test code" line="65">
<kw name="Setup" library="common" type="SETUP">
<kw name="Set Browser Timeout" library="Browser">
<arg>${BROWSER_TIMEOUT}</arg>
<tag>Config</tag>
<tag>Setter</tag>
<doc>Sets the timeout used by most input and getter keywords.</doc>
<status status="PASS" starttime="20231028 08:16:40.540" endtime="20231028 08:16:40.560"/>
</kw>
<kw name="New Browser" library="Browser">
<arg>${BROWSER}</arg>
<arg>headless=${HEADLESS}</arg>
<tag>BrowserControl</tag>
<tag>Setter</tag>
<doc>Create a new playwright Browser with specified options.</doc>
<msg timestamp="20231028 08:16:40.560" level="INFO">{"browser": "chromium", "headless": false, "chromiumSandbox": false, "devtools": false, "handleSIGHUP": true, "handleSIGINT": true, "handleSIGTERM": true, "ignoreDefaultArgs": false, "slowMo": 0.0, "timeout": 30000.0, "tracesDir": "D:\\Intern test\\Automation\\browser\\traces\\04aaac77-51a7-4b89-bb04-c354d94f9e2b"}</msg>
<msg timestamp="20231028 08:16:41.786" level="INFO">Successfully created browser with options: {"browser":"chromium","headless":false,"chromiumSandbox":false,"devtools":false,"handleSIGHUP":true,"handleSIGINT":true,"handleSIGTERM":true,"ignoreDefaultArgs":false,"slowMo":0,"timeout":30000,"tracesDir":"D:\\Intern test\\Automation\\browser\\traces\\04aaac77-51a7-4b89-bb04-c354d94f9e2b"}</msg>
<status status="PASS" starttime="20231028 08:16:40.560" endtime="20231028 08:16:41.794"/>
</kw>
<kw name="New Page" library="Browser">
<arg>${URL_DEFAULT}</arg>
<tag>BrowserControl</tag>
<tag>Setter</tag>
<doc>Open a new Page.</doc>
<msg timestamp="20231028 08:16:45.088" level="INFO">Successfully initialized new page object and opened url: http://dev1.geneat.vn:7802/vn</msg>
<msg timestamp="20231028 08:16:45.088" level="INFO">No context was open. New context was automatically opened when this page is created.</msg>
<status status="PASS" starttime="20231028 08:16:41.794" endtime="20231028 08:16:45.088"/>
</kw>
<kw name="Evaluate" library="BuiltIn">
<var>${STATE}</var>
<arg>json.loads('''{}''')</arg>
<arg>json</arg>
<doc>Evaluates the given expression in Python and returns the result.</doc>
<msg timestamp="20231028 08:16:45.096" level="INFO">${STATE} = {}</msg>
<status status="PASS" starttime="20231028 08:16:45.096" endtime="20231028 08:16:45.096"/>
</kw>
<status status="PASS" starttime="20231028 08:16:40.540" endtime="20231028 08:16:45.101"/>
</kw>
<kw name="Login to admin" library="common">
<kw name="Enter &quot;email&quot; in &quot;Email&quot; with &quot;admin@gmail.com&quot;" library="common" sourcename="Enter &quot;${type}&quot; in &quot;${name}&quot; with &quot;${text}&quot;">
<kw name="Get Random Text" library="common">
<var>${text}</var>
<arg>${type}</arg>
<arg>${text}</arg>
<kw name="Set Variable" library="BuiltIn">
<var>${symbol}</var>
<arg>_RANDOM_</arg>
<doc>Returns the given values which can then be assigned to a variables.</doc>
<msg timestamp="20231028 08:16:45.116" level="INFO">${symbol} = _RANDOM_</msg>
<status status="PASS" starttime="20231028 08:16:45.116" endtime="20231028 08:16:45.116"/>
</kw>
<kw name="Set Variable" library="BuiltIn">
<var>${new_text}</var>
<doc>Returns the given values which can then be assigned to a variables.</doc>
<msg timestamp="20231028 08:16:45.116" level="INFO">${new_text} = </msg>
<status status="PASS" starttime="20231028 08:16:45.116" endtime="20231028 08:16:45.116"/>
</kw>
<kw name="Get Regexp Matches" library="String">
<var>${containsS}</var>
<arg>${text}</arg>
<arg>_@(.+)@_</arg>
<arg>1</arg>
<doc>Returns a list of all non-overlapping matches in the given string.</doc>
<msg timestamp="20231028 08:16:45.116" level="INFO">${containsS} = []</msg>
<status status="PASS" starttime="20231028 08:16:45.116" endtime="20231028 08:16:45.132"/>
</kw>
<kw name="Get Length" library="BuiltIn">
<var>${cntS}</var>
<arg>${containsS}</arg>
<doc>Returns and logs the length of the given item as an integer.</doc>
<msg timestamp="20231028 08:16:45.132" level="INFO">Length is 0</msg>
<msg timestamp="20231028 08:16:45.132" level="INFO">${cntS} = 0</msg>
<status status="PASS" starttime="20231028 08:16:45.132" endtime="20231028 08:16:45.132"/>
</kw>
<kw name="Get Regexp Matches" library="String">
<var>${contains}</var>
<arg>${text}</arg>
<arg>${symbol}</arg>
<doc>Returns a list of all non-overlapping matches in the given string.</doc>
<msg timestamp="20231028 08:16:45.132" level="INFO">${contains} = []</msg>
<status status="PASS" starttime="20231028 08:16:45.132" endtime="20231028 08:16:45.132"/>
</kw>
<kw name="Get Length" library="BuiltIn">
<var>${cnt}</var>
<arg>${contains}</arg>
<doc>Returns and logs the length of the given item as an integer.</doc>
<msg timestamp="20231028 08:16:45.147" level="INFO">Length is 0</msg>
<msg timestamp="20231028 08:16:45.147" level="INFO">${cnt} = 0</msg>
<status status="PASS" starttime="20231028 08:16:45.132" endtime="20231028 08:16:45.147"/>
</kw>
<if>
<branch type="IF" condition="${cntS} &gt; 0">
<kw name="Set Variable" library="BuiltIn">
<var>${new_text}</var>
<arg>${STATE["${containsS[0]}"]}</arg>
<doc>Returns the given values which can then be assigned to a variables.</doc>
<status status="NOT RUN" starttime="20231028 08:16:45.147" endtime="20231028 08:16:45.147"/>
</kw>
<kw name="Set Variable" library="BuiltIn">
<var>${symbol}</var>
<arg>_@${containsS[0]}@_</arg>
<doc>Returns the given values which can then be assigned to a variables.</doc>
<status status="NOT RUN" starttime="20231028 08:16:45.147" endtime="20231028 08:16:45.147"/>
</kw>
<status status="NOT RUN" starttime="20231028 08:16:45.147" endtime="20231028 08:16:45.147"/>
</branch>
<branch type="ELSE IF" condition="${cnt} &gt; 0 and '${type}' == 'test name'">
<kw name="Sentence" library="FakerLibrary">
<var>${random}</var>
<arg>nb_words=3</arg>
<doc>Generate a sentence.</doc>
<status status="NOT RUN" starttime="20231028 08:16:45.163" endtime="20231028 08:16:45.163"/>
</kw>
<kw name="Split String" library="String">
<var>${words}</var>
<arg>${TEST NAME}</arg>
<arg>${SPACE}</arg>
<doc>Splits the ``string`` using ``separator`` as a delimiter string.</doc>
<status status="NOT RUN" starttime="20231028 08:16:45.163" endtime="20231028 08:16:45.163"/>
</kw>
<kw name="Set Variable" library="BuiltIn">
<var>${new_text}</var>
<arg>${words[0]} ${random}</arg>
<doc>Returns the given values which can then be assigned to a variables.</doc>
<status status="NOT RUN" starttime="20231028 08:16:45.163" endtime="20231028 08:16:45.163"/>
</kw>
<status status="NOT RUN" starttime="20231028 08:16:45.147" endtime="20231028 08:16:45.163"/>
</branch>
<branch type="ELSE IF" condition="${cnt} &gt; 0 and '${type}' == 'number'">
<kw name="Random Int" library="FakerLibrary">
<var>${new_text}</var>
<doc>Generate a random integer between two integers ``min`` and ``max`` inclusive
while observing the provided ``step`` value.</doc>
<status status="NOT RUN" starttime="20231028 08:16:45.172" endtime="20231028 08:16:45.172"/>
</kw>
<kw name="Convert To String" library="BuiltIn">
<var>${new_text}</var>
<arg>${new_text}</arg>
<doc>Converts the given item to a Unicode string.</doc>
<status status="NOT RUN" starttime="20231028 08:16:45.172" endtime="20231028 08:16:45.172"/>
</kw>
<status status="NOT RUN" starttime="20231028 08:16:45.172" endtime="20231028 08:16:45.172"/>
</branch>
<branch type="ELSE IF" condition="${cnt} &gt; 0 and '${type}' == 'percentage'">
<kw name="Random Int" library="FakerLibrary">
<var>${new_text}</var>
<arg>max=100</arg>
<doc>Generate a random integer between two integers ``min`` and ``max`` inclusive
while observing the provided ``step`` value.</doc>
<status status="NOT RUN" starttime="20231028 08:16:45.172" endtime="20231028 08:16:45.172"/>
</kw>
<kw name="Convert To String" library="BuiltIn">
<var>${new_text}</var>
<arg>${new_text}</arg>
<doc>Converts the given item to a Unicode string.</doc>
<status status="NOT RUN" starttime="20231028 08:16:45.172" endtime="20231028 08:16:45.172"/>
</kw>
<status status="NOT RUN" starttime="20231028 08:16:45.172" endtime="20231028 08:16:45.172"/>
</branch>
<branch type="ELSE IF" condition="${cnt} &gt; 0 and '${type}' == 'paragraph'">
<kw name="Paragraph" library="FakerLibrary">
<var>${new_text}</var>
<doc>Generate a paragraph.</doc>
<status status="NOT RUN" starttime="20231028 08:16:45.172" endtime="20231028 08:16:45.212"/>
</kw>
<status status="NOT RUN" starttime="20231028 08:16:45.172" endtime="20231028 08:16:45.212"/>
</branch>
<branch type="ELSE IF" condition="${cnt} &gt; 0 and '${type}' == 'email'">
<kw name="Email" library="FakerLibrary">
<var>${new_text}</var>
<status status="NOT RUN" starttime="20231028 08:16:45.220" endtime="20231028 08:16:45.228"/>
</kw>
<status status="NOT RUN" starttime="20231028 08:16:45.220" endtime="20231028 08:16:45.228"/>
</branch>
<branch type="ELSE IF" condition="${cnt} &gt; 0 and '${type}' == 'phone'">
<kw name="Random Int" library="FakerLibrary">
<var>${new_text}</var>
<arg>min=2000000000</arg>
<arg>max=9999999999</arg>
<doc>Generate a random integer between two integers ``min`` and ``max`` inclusive
while observing the provided ``step`` value.</doc>
<status status="NOT RUN" starttime="20231028 08:16:45.228" endtime="20231028 08:16:45.228"/>
</kw>
<kw name="Convert To String" library="BuiltIn">
<var>${new_text}</var>
<arg>${new_text}</arg>
<doc>Converts the given item to a Unicode string.</doc>
<status status="NOT RUN" starttime="20231028 08:16:45.228" endtime="20231028 08:16:45.236"/>
</kw>
<kw name="Catenate" library="BuiltIn">
<var>${new_text}</var>
<arg>SEPARATOR=</arg>
<arg>0</arg>
<arg>${new_text}</arg>
<doc>Catenates the given items together and returns the resulted string.</doc>
<status status="NOT RUN" starttime="20231028 08:16:45.236" endtime="20231028 08:16:45.236"/>
</kw>
<status status="NOT RUN" starttime="20231028 08:16:45.228" endtime="20231028 08:16:45.236"/>
</branch>
<branch type="ELSE IF" condition="${cnt} &gt; 0 and '${type}' == 'color'">
<kw name="Safe Hex Color" library="FakerLibrary">
<var>${new_text}</var>
<doc>Generate a web-safe color formatted as a hex triplet.</doc>
<status status="NOT RUN" starttime="20231028 08:16:45.244" endtime="20231028 08:16:45.244"/>
</kw>
<status status="NOT RUN" starttime="20231028 08:16:45.244" endtime="20231028 08:16:45.252"/>
</branch>
<branch type="ELSE IF" condition="${cnt} &gt; 0 and &quot;${type}&quot; == 'password'">
<kw name="Password" library="FakerLibrary">
<var>${new_text}</var>
<arg>10</arg>
<arg>True</arg>
<arg>True</arg>
<arg>True</arg>
<arg>True</arg>
<doc>Generate a random password of the specified ``length``.</doc>
<status status="NOT RUN" starttime="20231028 08:16:45.260" endtime="20231028 08:16:45.260"/>
</kw>
<status status="NOT RUN" starttime="20231028 08:16:45.252" endtime="20231028 08:16:45.260"/>
</branch>
<branch type="ELSE IF" condition="${cnt} &gt; 0 and '${type}' == 'date'">
<kw name="Date" library="FakerLibrary">
<var>${new_text}</var>
<arg>pattern=%d-%m-%Y</arg>
<doc>Get a date string between January 1, 1970 and now.</doc>
<status status="NOT RUN" starttime="20231028 08:16:45.276" endtime="20231028 08:16:45.276"/>
</kw>
<status status="NOT RUN" starttime="20231028 08:16:45.260" endtime="20231028 08:16:45.276"/>
</branch>
<branch type="ELSE IF" condition="${cnt} &gt; 0 and '${type}' == 'word'">
<kw name="Sentence" library="FakerLibrary">
<var>${new_text}</var>
<arg>nb_words=2</arg>
<doc>Generate a sentence.</doc>
<status status="NOT RUN" starttime="20231028 08:16:45.292" endtime="20231028 08:16:45.292"/>
</kw>
<status status="NOT RUN" starttime="20231028 08:16:45.292" endtime="20231028 08:16:45.292"/>
</branch>
<branch type="ELSE IF" condition="${cnt} &gt; 0">
<kw name="Sentence" library="FakerLibrary">
<var>${new_text}</var>
<doc>Generate a sentence.</doc>
<status status="NOT RUN" starttime="20231028 08:16:45.292" endtime="20231028 08:16:45.300"/>
</kw>
<status status="NOT RUN" starttime="20231028 08:16:45.292" endtime="20231028 08:16:45.300"/>
</branch>
<status status="PASS" starttime="20231028 08:16:45.147" endtime="20231028 08:16:45.300"/>
</if>
<kw name="Get Length" library="BuiltIn">
<var>${cnt}</var>
<arg>${text}</arg>
<doc>Returns and logs the length of the given item as an integer.</doc>
<msg timestamp="20231028 08:16:45.300" level="INFO">Length is 15</msg>
<msg timestamp="20231028 08:16:45.308" level="INFO">${cnt} = 15</msg>
<status status="PASS" starttime="20231028 08:16:45.300" endtime="20231028 08:16:45.308"/>
</kw>
<if>
<branch type="IF" condition="${cnt} &gt; 0">
<kw name="Replace String" library="String">
<var>${text}</var>
<arg>${text}</arg>
<arg>${symbol}</arg>
<arg>${new_text}</arg>
<doc>Replaces ``search_for`` in the given ``string`` with ``replace_with``.</doc>
<msg timestamp="20231028 08:16:45.316" level="INFO">${text} = admin@gmail.com</msg>
<status status="PASS" starttime="20231028 08:16:45.308" endtime="20231028 08:16:45.316"/>
</kw>
<status status="PASS" starttime="20231028 08:16:45.308" endtime="20231028 08:16:45.316"/>
</branch>
<status status="PASS" starttime="20231028 08:16:45.308" endtime="20231028 08:16:45.316"/>
</if>
<msg timestamp="20231028 08:16:45.316" level="INFO">${text} = admin@gmail.com</msg>
<status status="PASS" starttime="20231028 08:16:45.116" endtime="20231028 08:16:45.316"/>
</kw>
<kw name="Get Element Form Item By Name" library="common">
<var>${element}</var>
<arg>${name}</arg>
<arg>//input[contains(@class, "ant-input")]</arg>
<msg timestamp="20231028 08:16:45.324" level="INFO">${element} = xpath=//*[contains(@class, "ant-form-item-label")]/label[text()="Email"]/../../*[contains(@class, "ant-form-item")]//input[contains(@class, "ant-input")]</msg>
<status status="PASS" starttime="20231028 08:16:45.316" endtime="20231028 08:16:45.324"/>
</kw>
<kw name="Click" library="Browser">
<arg>${element}</arg>
<tag>PageContent</tag>
<tag>Setter</tag>
<doc>Simulates mouse click on the element found by ``selector``.</doc>
<status status="PASS" starttime="20231028 08:16:45.324" endtime="20231028 08:16:45.885"/>
</kw>
<kw name="Clear Text" library="Browser">
<arg>${element}</arg>
<tag>PageContent</tag>
<tag>Setter</tag>
<doc>Clears the text field found by ``selector``.</doc>
<status status="PASS" starttime="20231028 08:16:45.891" endtime="20231028 08:16:46.047"/>
</kw>
<kw name="Fill Text" library="Browser">
<arg>${element}</arg>
<arg>${text}</arg>
<arg>True</arg>
<tag>PageContent</tag>
<tag>Setter</tag>
<doc>Clears and fills the given ``txt`` into the text field found by ``selector``.</doc>
<msg timestamp="20231028 08:16:46.047" level="INFO">Fills the text 'admin@gmail.com' in the given field.</msg>
<status status="PASS" starttime="20231028 08:16:46.047" endtime="20231028 08:16:46.167"/>
</kw>
<kw name="Get Length" library="BuiltIn">
<var>${cnt}</var>
<arg>${text}</arg>
<doc>Returns and logs the length of the given item as an integer.</doc>
<msg timestamp="20231028 08:16:46.175" level="INFO">Length is 15</msg>
<msg timestamp="20231028 08:16:46.175" level="INFO">${cnt} = 15</msg>
<status status="PASS" starttime="20231028 08:16:46.169" endtime="20231028 08:16:46.175"/>
</kw>
<if>
<branch type="IF" condition="${cnt} &gt; 0">
<kw name="Set Global Variable" library="BuiltIn">
<arg>\${STATE["${name}"]}</arg>
<arg>${text}</arg>
<doc>Makes a variable available globally in all tests and suites.</doc>
<msg timestamp="20231028 08:16:46.179" level="INFO">${STATE["Email"]} = admin@gmail.com</msg>
<status status="PASS" starttime="20231028 08:16:46.179" endtime="20231028 08:16:46.179"/>
</kw>
<status status="PASS" starttime="20231028 08:16:46.177" endtime="20231028 08:16:46.179"/>
</branch>
<status status="PASS" starttime="20231028 08:16:46.177" endtime="20231028 08:16:46.179"/>
</if>
<status status="PASS" starttime="20231028 08:16:45.101" endtime="20231028 08:16:46.179"/>
</kw>
<kw name="Enter &quot;password&quot; in &quot;Mật khẩu&quot; with &quot;123123&quot;" library="common" sourcename="Enter &quot;${type}&quot; in &quot;${name}&quot; with &quot;${text}&quot;">
<kw name="Get Random Text" library="common">
<var>${text}</var>
<arg>${type}</arg>
<arg>${text}</arg>
<kw name="Set Variable" library="BuiltIn">
<var>${symbol}</var>
<arg>_RANDOM_</arg>
<doc>Returns the given values which can then be assigned to a variables.</doc>
<msg timestamp="20231028 08:16:46.189" level="INFO">${symbol} = _RANDOM_</msg>
<status status="PASS" starttime="20231028 08:16:46.189" endtime="20231028 08:16:46.189"/>
</kw>
<kw name="Set Variable" library="BuiltIn">
<var>${new_text}</var>
<doc>Returns the given values which can then be assigned to a variables.</doc>
<msg timestamp="20231028 08:16:46.189" level="INFO">${new_text} = </msg>
<status status="PASS" starttime="20231028 08:16:46.189" endtime="20231028 08:16:46.197"/>
</kw>
<kw name="Get Regexp Matches" library="String">
<var>${containsS}</var>
<arg>${text}</arg>
<arg>_@(.+)@_</arg>
<arg>1</arg>
<doc>Returns a list of all non-overlapping matches in the given string.</doc>
<msg timestamp="20231028 08:16:46.200" level="INFO">${containsS} = []</msg>
<status status="PASS" starttime="20231028 08:16:46.197" endtime="20231028 08:16:46.200"/>
</kw>
<kw name="Get Length" library="BuiltIn">
<var>${cntS}</var>
<arg>${containsS}</arg>
<doc>Returns and logs the length of the given item as an integer.</doc>
<msg timestamp="20231028 08:16:46.200" level="INFO">Length is 0</msg>
<msg timestamp="20231028 08:16:46.208" level="INFO">${cntS} = 0</msg>
<status status="PASS" starttime="20231028 08:16:46.200" endtime="20231028 08:16:46.208"/>
</kw>
<kw name="Get Regexp Matches" library="String">
<var>${contains}</var>
<arg>${text}</arg>
<arg>${symbol}</arg>
<doc>Returns a list of all non-overlapping matches in the given string.</doc>
<msg timestamp="20231028 08:16:46.210" level="INFO">${contains} = []</msg>
<status status="PASS" starttime="20231028 08:16:46.208" endtime="20231028 08:16:46.210"/>
</kw>
<kw name="Get Length" library="BuiltIn">
<var>${cnt}</var>
<arg>${contains}</arg>
<doc>Returns and logs the length of the given item as an integer.</doc>
<msg timestamp="20231028 08:16:46.210" level="INFO">Length is 0</msg>
<msg timestamp="20231028 08:16:46.210" level="INFO">${cnt} = 0</msg>
<status status="PASS" starttime="20231028 08:16:46.210" endtime="20231028 08:16:46.210"/>
</kw>
<if>
<branch type="IF" condition="${cntS} &gt; 0">
<kw name="Set Variable" library="BuiltIn">
<var>${new_text}</var>
<arg>${STATE["${containsS[0]}"]}</arg>
<doc>Returns the given values which can then be assigned to a variables.</doc>
<status status="NOT RUN" starttime="20231028 08:16:46.210" endtime="20231028 08:16:46.210"/>
</kw>
<kw name="Set Variable" library="BuiltIn">
<var>${symbol}</var>
<arg>_@${containsS[0]}@_</arg>
<doc>Returns the given values which can then be assigned to a variables.</doc>
<status status="NOT RUN" starttime="20231028 08:16:46.218" endtime="20231028 08:16:46.218"/>
</kw>
<status status="NOT RUN" starttime="20231028 08:16:46.210" endtime="20231028 08:16:46.218"/>
</branch>
<branch type="ELSE IF" condition="${cnt} &gt; 0 and '${type}' == 'test name'">
<kw name="Sentence" library="FakerLibrary">
<var>${random}</var>
<arg>nb_words=3</arg>
<doc>Generate a sentence.</doc>
<status status="NOT RUN" starttime="20231028 08:16:46.220" endtime="20231028 08:16:46.220"/>
</kw>
<kw name="Split String" library="String">
<var>${words}</var>
<arg>${TEST NAME}</arg>
<arg>${SPACE}</arg>
<doc>Splits the ``string`` using ``separator`` as a delimiter string.</doc>
<status status="NOT RUN" starttime="20231028 08:16:46.220" endtime="20231028 08:16:46.220"/>
</kw>
<kw name="Set Variable" library="BuiltIn">
<var>${new_text}</var>
<arg>${words[0]} ${random}</arg>
<doc>Returns the given values which can then be assigned to a variables.</doc>
<status status="NOT RUN" starttime="20231028 08:16:46.228" endtime="20231028 08:16:46.228"/>
</kw>
<status status="NOT RUN" starttime="20231028 08:16:46.220" endtime="20231028 08:16:46.228"/>
</branch>
<branch type="ELSE IF" condition="${cnt} &gt; 0 and '${type}' == 'number'">
<kw name="Random Int" library="FakerLibrary">
<var>${new_text}</var>
<doc>Generate a random integer between two integers ``min`` and ``max`` inclusive
while observing the provided ``step`` value.</doc>
<status status="NOT RUN" starttime="20231028 08:16:46.230" endtime="20231028 08:16:46.230"/>
</kw>
<kw name="Convert To String" library="BuiltIn">
<var>${new_text}</var>
<arg>${new_text}</arg>
<doc>Converts the given item to a Unicode string.</doc>
<status status="NOT RUN" starttime="20231028 08:16:46.230" endtime="20231028 08:16:46.230"/>
</kw>
<status status="NOT RUN" starttime="20231028 08:16:46.230" endtime="20231028 08:16:46.230"/>
</branch>
<branch type="ELSE IF" condition="${cnt} &gt; 0 and '${type}' == 'percentage'">
<kw name="Random Int" library="FakerLibrary">
<var>${new_text}</var>
<arg>max=100</arg>
<doc>Generate a random integer between two integers ``min`` and ``max`` inclusive
while observing the provided ``step`` value.</doc>
<status status="NOT RUN" starttime="20231028 08:16:46.230" endtime="20231028 08:16:46.230"/>
</kw>
<kw name="Convert To String" library="BuiltIn">
<var>${new_text}</var>
<arg>${new_text}</arg>
<doc>Converts the given item to a Unicode string.</doc>
<status status="NOT RUN" starttime="20231028 08:16:46.230" endtime="20231028 08:16:46.230"/>
</kw>
<status status="NOT RUN" starttime="20231028 08:16:46.230" endtime="20231028 08:16:46.230"/>
</branch>
<branch type="ELSE IF" condition="${cnt} &gt; 0 and '${type}' == 'paragraph'">
<kw name="Paragraph" library="FakerLibrary">
<var>${new_text}</var>
<doc>Generate a paragraph.</doc>
<status status="NOT RUN" starttime="20231028 08:16:46.240" endtime="20231028 08:16:46.240"/>
</kw>
<status status="NOT RUN" starttime="20231028 08:16:46.230" endtime="20231028 08:16:46.240"/>
</branch>
<branch type="ELSE IF" condition="${cnt} &gt; 0 and '${type}' == 'email'">
<kw name="Email" library="FakerLibrary">
<var>${new_text}</var>
<status status="NOT RUN" starttime="20231028 08:16:46.240" endtime="20231028 08:16:46.240"/>
</kw>
<status status="NOT RUN" starttime="20231028 08:16:46.240" endtime="20231028 08:16:46.240"/>
</branch>
<branch type="ELSE IF" condition="${cnt} &gt; 0 and '${type}' == 'phone'">
<kw name="Random Int" library="FakerLibrary">
<var>${new_text}</var>
<arg>min=2000000000</arg>
<arg>max=9999999999</arg>
<doc>Generate a random integer between two integers ``min`` and ``max`` inclusive
while observing the provided ``step`` value.</doc>
<status status="NOT RUN" starttime="20231028 08:16:46.240" endtime="20231028 08:16:46.240"/>
</kw>
<kw name="Convert To String" library="BuiltIn">
<var>${new_text}</var>
<arg>${new_text}</arg>
<doc>Converts the given item to a Unicode string.</doc>
<status status="NOT RUN" starttime="20231028 08:16:46.240" endtime="20231028 08:16:46.240"/>
</kw>
<kw name="Catenate" library="BuiltIn">
<var>${new_text}</var>
<arg>SEPARATOR=</arg>
<arg>0</arg>
<arg>${new_text}</arg>
<doc>Catenates the given items together and returns the resulted string.</doc>
<status status="NOT RUN" starttime="20231028 08:16:46.240" endtime="20231028 08:16:46.240"/>
</kw>
<status status="NOT RUN" starttime="20231028 08:16:46.240" endtime="20231028 08:16:46.240"/>
</branch>
<branch type="ELSE IF" condition="${cnt} &gt; 0 and '${type}' == 'color'">
<kw name="Safe Hex Color" library="FakerLibrary">
<var>${new_text}</var>
<doc>Generate a web-safe color formatted as a hex triplet.</doc>
<status status="NOT RUN" starttime="20231028 08:16:46.249" endtime="20231028 08:16:46.251"/>
</kw>
<status status="NOT RUN" starttime="20231028 08:16:46.249" endtime="20231028 08:16:46.251"/>
</branch>
<branch type="ELSE IF" condition="${cnt} &gt; 0 and &quot;${type}&quot; == 'password'">
<kw name="Password" library="FakerLibrary">
<var>${new_text}</var>
<arg>10</arg>
<arg>True</arg>
<arg>True</arg>
<arg>True</arg>
<arg>True</arg>
<doc>Generate a random password of the specified ``length``.</doc>
<status status="NOT RUN" starttime="20231028 08:16:46.251" endtime="20231028 08:16:46.259"/>
</kw>
<status status="NOT RUN" starttime="20231028 08:16:46.251" endtime="20231028 08:16:46.259"/>
</branch>
<branch type="ELSE IF" condition="${cnt} &gt; 0 and '${type}' == 'date'">
<kw name="Date" library="FakerLibrary">
<var>${new_text}</var>
<arg>pattern=%d-%m-%Y</arg>
<doc>Get a date string between January 1, 1970 and now.</doc>
<status status="NOT RUN" starttime="20231028 08:16:46.261" endtime="20231028 08:16:46.261"/>
</kw>
<status status="NOT RUN" starttime="20231028 08:16:46.261" endtime="20231028 08:16:46.261"/>
</branch>
<branch type="ELSE IF" condition="${cnt} &gt; 0 and '${type}' == 'word'">
<kw name="Sentence" library="FakerLibrary">
<var>${new_text}</var>
<arg>nb_words=2</arg>
<doc>Generate a sentence.</doc>
<status status="NOT RUN" starttime="20231028 08:16:46.261" endtime="20231028 08:16:46.261"/>
</kw>
<status status="NOT RUN" starttime="20231028 08:16:46.261" endtime="20231028 08:16:46.261"/>
</branch>
<branch type="ELSE IF" condition="${cnt} &gt; 0">
<kw name="Sentence" library="FakerLibrary">
<var>${new_text}</var>
<doc>Generate a sentence.</doc>
<status status="NOT RUN" starttime="20231028 08:16:46.261" endtime="20231028 08:16:46.261"/>
</kw>
<status status="NOT RUN" starttime="20231028 08:16:46.261" endtime="20231028 08:16:46.261"/>
</branch>
<status status="PASS" starttime="20231028 08:16:46.210" endtime="20231028 08:16:46.261"/>
</if>
<kw name="Get Length" library="BuiltIn">
<var>${cnt}</var>
<arg>${text}</arg>
<doc>Returns and logs the length of the given item as an integer.</doc>
<msg timestamp="20231028 08:16:46.269" level="INFO">Length is 6</msg>
<msg timestamp="20231028 08:16:46.269" level="INFO">${cnt} = 6</msg>
<status status="PASS" starttime="20231028 08:16:46.261" endtime="20231028 08:16:46.269"/>
</kw>
<if>
<branch type="IF" condition="${cnt} &gt; 0">
<kw name="Replace String" library="String">
<var>${text}</var>
<arg>${text}</arg>
<arg>${symbol}</arg>
<arg>${new_text}</arg>
<doc>Replaces ``search_for`` in the given ``string`` with ``replace_with``.</doc>
<msg timestamp="20231028 08:16:46.279" level="INFO">${text} = 123123</msg>
<status status="PASS" starttime="20231028 08:16:46.269" endtime="20231028 08:16:46.279"/>
</kw>
<status status="PASS" starttime="20231028 08:16:46.269" endtime="20231028 08:16:46.281"/>
</branch>
<status status="PASS" starttime="20231028 08:16:46.269" endtime="20231028 08:16:46.281"/>
</if>
<msg timestamp="20231028 08:16:46.281" level="INFO">${text} = 123123</msg>
<status status="PASS" starttime="20231028 08:16:46.179" endtime="20231028 08:16:46.281"/>
</kw>
<kw name="Get Element Form Item By Name" library="common">
<var>${element}</var>
<arg>${name}</arg>
<arg>//input[contains(@class, "ant-input")]</arg>
<msg timestamp="20231028 08:16:46.281" level="INFO">${element} = xpath=//*[contains(@class, "ant-form-item-label")]/label[text()="Mật khẩu"]/../../*[contains(@class, "ant-form-item")]//input[contains(@class, "ant-input")]</msg>
<status status="PASS" starttime="20231028 08:16:46.281" endtime="20231028 08:16:46.289"/>
</kw>
<kw name="Click" library="Browser">
<arg>${element}</arg>
<tag>PageContent</tag>
<tag>Setter</tag>
<doc>Simulates mouse click on the element found by ``selector``.</doc>
<status status="PASS" starttime="20231028 08:16:46.291" endtime="20231028 08:16:46.430"/>
</kw>
<kw name="Clear Text" library="Browser">
<arg>${element}</arg>
<tag>PageContent</tag>
<tag>Setter</tag>
<doc>Clears the text field found by ``selector``.</doc>
<status status="PASS" starttime="20231028 08:16:46.445" endtime="20231028 08:16:46.527"/>
</kw>
<kw name="Fill Text" library="Browser">
<arg>${element}</arg>
<arg>${text}</arg>
<arg>True</arg>
<tag>PageContent</tag>
<tag>Setter</tag>
<doc>Clears and fills the given ``txt`` into the text field found by ``selector``.</doc>
<msg timestamp="20231028 08:16:46.527" level="INFO">Fills the text '123123' in the given field.</msg>
<status status="PASS" starttime="20231028 08:16:46.527" endtime="20231028 08:16:46.598"/>
</kw>
<kw name="Get Length" library="BuiltIn">
<var>${cnt}</var>
<arg>${text}</arg>
<doc>Returns and logs the length of the given item as an integer.</doc>
<msg timestamp="20231028 08:16:46.607" level="INFO">Length is 6</msg>
<msg timestamp="20231028 08:16:46.607" level="INFO">${cnt} = 6</msg>
<status status="PASS" starttime="20231028 08:16:46.607" endtime="20231028 08:16:46.607"/>
</kw>
<if>
<branch type="IF" condition="${cnt} &gt; 0">
<kw name="Set Global Variable" library="BuiltIn">
<arg>\${STATE["${name}"]}</arg>
<arg>${text}</arg>
<doc>Makes a variable available globally in all tests and suites.</doc>
<msg timestamp="20231028 08:16:46.613" level="INFO">${STATE["Mật khẩu"]} = 123123</msg>
<status status="PASS" starttime="20231028 08:16:46.613" endtime="20231028 08:16:46.613"/>
</kw>
<status status="PASS" starttime="20231028 08:16:46.607" endtime="20231028 08:16:46.613"/>
</branch>
<status status="PASS" starttime="20231028 08:16:46.607" endtime="20231028 08:16:46.613"/>
</if>
<status status="PASS" starttime="20231028 08:16:46.179" endtime="20231028 08:16:46.613"/>
</kw>
<kw name="Click &quot;Đăng nhập&quot; button" library="common" sourcename="Click &quot;${text}&quot; button">
<kw name="Sleep" library="BuiltIn">
<arg>${SHOULD_TIMEOUT}</arg>
<doc>Pauses the test executed for the given time.</doc>
<msg timestamp="20231028 08:16:46.724" level="INFO">Slept 100 milliseconds</msg>
<status status="PASS" starttime="20231028 08:16:46.613" endtime="20231028 08:16:46.724"/>
</kw>
<kw name="Get Element Count" library="Browser">
<var>${cnt}</var>
<arg>//button[@title = "${text}"]</arg>
<tag>Assertion</tag>
<tag>Getter</tag>
<tag>PageContent</tag>
<doc>Returns the count of elements found with ``selector``.</doc>
<msg timestamp="20231028 08:16:46.742" level="INFO">${cnt} = 1</msg>
<status status="PASS" starttime="20231028 08:16:46.724" endtime="20231028 08:16:46.742"/>
</kw>
<if>
<branch type="IF" condition="${cnt} &gt; 0">
<kw name="Click" library="Browser">
<arg>xpath=//button[@title = "${text}"]</arg>
<tag>PageContent</tag>
<tag>Setter</tag>
<doc>Simulates mouse click on the element found by ``selector``.</doc>
<status status="PASS" starttime="20231028 08:16:46.747" endtime="20231028 08:16:46.938"/>
</kw>
<kw name="Click Confirm To Action" library="common">
<kw name="Set Variable" library="BuiltIn">
<var>${element}</var>
<arg>xpath=//*[contains(@class, "ant-popover")]//*[contains(@class, "ant-btn-primary")]</arg>
<doc>Returns the given values which can then be assigned to a variables.</doc>
<msg timestamp="20231028 08:16:46.938" level="INFO">${element} = xpath=//*[contains(@class, "ant-popover")]//*[contains(@class, "ant-btn-primary")]</msg>
<status status="PASS" starttime="20231028 08:16:46.938" endtime="20231028 08:16:46.938"/>
</kw>
<kw name="Get Element Count" library="Browser">
<var>${count}</var>
<arg>${element}</arg>
<tag>Assertion</tag>
<tag>Getter</tag>
<tag>PageContent</tag>
<doc>Returns the count of elements found with ``selector``.</doc>
<msg timestamp="20231028 08:16:46.986" level="INFO">${count} = 0</msg>
<status status="PASS" starttime="20231028 08:16:46.938" endtime="20231028 08:16:46.986"/>
</kw>
<if>
<branch type="IF" condition="${count} &gt; 0">
<kw name="Click" library="Browser">
<arg>${element}</arg>
<tag>PageContent</tag>
<tag>Setter</tag>
<doc>Simulates mouse click on the element found by ``selector``.</doc>
<status status="NOT RUN" starttime="20231028 08:16:46.986" endtime="20231028 08:16:46.994"/>
</kw>
<kw name="Sleep" library="BuiltIn">
<arg>${SHOULD_TIMEOUT}</arg>
<doc>Pauses the test executed for the given time.</doc>
<status status="NOT RUN" starttime="20231028 08:16:46.994" endtime="20231028 08:16:46.994"/>
</kw>
<kw name="Wait Until Element Spin" library="common">
<status status="NOT RUN" starttime="20231028 08:16:46.994" endtime="20231028 08:16:46.994"/>
</kw>
<status status="NOT RUN" starttime="20231028 08:16:46.986" endtime="20231028 08:16:46.994"/>
</branch>
<status status="PASS" starttime="20231028 08:16:46.986" endtime="20231028 08:16:46.994"/>
</if>
<status status="PASS" starttime="20231028 08:16:46.938" endtime="20231028 08:16:46.994"/>
</kw>
<kw name="Scroll By" library="Browser">
<arg>${None}</arg>
<tag>PageContent</tag>
<tag>Setter</tag>
<doc>Scrolls an element or the page relative from current position by the given values.</doc>
<msg timestamp="20231028 08:16:47.036" level="INFO">JavaScript executed successfully.</msg>
<msg timestamp="20231028 08:16:47.036" level="INFO">JavaScript executed successfully.</msg>
<msg timestamp="20231028 08:16:47.314" level="INFO">JavaScript executed successfully.</msg>
<msg timestamp="20231028 08:16:47.314" level="INFO">JavaScript executed successfully.</msg>
<msg timestamp="20231028 08:16:47.371" level="INFO">JavaScript executed successfully.</msg>
<status status="PASS" starttime="20231028 08:16:46.994" endtime="20231028 08:16:47.371"/>
</kw>
<status status="PASS" starttime="20231028 08:16:46.747" endtime="20231028 08:16:47.371"/>
</branch>
<branch type="ELSE">
<kw name="Click" library="Browser">
<arg>//span[contains(text(),"${text}")]</arg>
<tag>PageContent</tag>
<tag>Setter</tag>
<doc>Simulates mouse click on the element found by ``selector``.</doc>
<status status="NOT RUN" starttime="20231028 08:16:47.371" endtime="20231028 08:16:47.371"/>
</kw>
<kw name="Click Confirm To Action" library="common">
<status status="NOT RUN" starttime="20231028 08:16:47.379" endtime="20231028 08:16:47.379"/>
</kw>
<kw name="Scroll By" library="Browser">
<arg>${None}</arg>
<tag>PageContent</tag>
<tag>Setter</tag>
<doc>Scrolls an element or the page relative from current position by the given values.</doc>
<status status="NOT RUN" starttime="20231028 08:16:47.379" endtime="20231028 08:16:47.379"/>
</kw>
<status status="NOT RUN" starttime="20231028 08:16:47.371" endtime="20231028 08:16:47.379"/>
</branch>
<status status="PASS" starttime="20231028 08:16:46.747" endtime="20231028 08:16:47.379"/>
</if>
<status status="PASS" starttime="20231028 08:16:46.613" endtime="20231028 08:16:47.379"/>
</kw>
<kw name="User look message &quot;Success&quot; popup" library="common" sourcename="User look message &quot;${message}&quot; popup">
<kw name="Get Regexp Matches" library="String">
<var>${contains}</var>
<arg>${message}</arg>
<arg>_@(.+)@_</arg>
<arg>1</arg>
<doc>Returns a list of all non-overlapping matches in the given string.</doc>
<msg timestamp="20231028 08:16:47.387" level="INFO">${contains} = []</msg>
<status status="PASS" starttime="20231028 08:16:47.379" endtime="20231028 08:16:47.387"/>
</kw>
<kw name="Get Length" library="BuiltIn">
<var>${cnt}</var>
<arg>${contains}</arg>
<doc>Returns and logs the length of the given item as an integer.</doc>
<msg timestamp="20231028 08:16:47.387" level="INFO">Length is 0</msg>
<msg timestamp="20231028 08:16:47.387" level="INFO">${cnt} = 0</msg>
<status status="PASS" starttime="20231028 08:16:47.387" endtime="20231028 08:16:47.387"/>
</kw>
<if>
<branch type="IF" condition="${cnt} &gt; 0">
<kw name="Replace String" library="String">
<var>${message}</var>
<arg>${message}</arg>
<arg>_@${contains[0]}@_</arg>
<arg>${STATE["${contains[0]}"]}</arg>
<doc>Replaces ``search_for`` in the given ``string`` with ``replace_with``.</doc>
<status status="NOT RUN" starttime="20231028 08:16:47.387" endtime="20231028 08:16:47.387"/>
</kw>
<status status="NOT RUN" starttime="20231028 08:16:47.387" endtime="20231028 08:16:47.395"/>
</branch>
<status status="PASS" starttime="20231028 08:16:47.387" endtime="20231028 08:16:47.395"/>
</if>
<kw name="Element Text Should Be" library="common">
<arg>id=swal2-html-container</arg>
<arg>${message}</arg>
<kw name="Get Text" library="Browser">
<arg>${locator}</arg>
<arg>equal</arg>
<arg>${expected}</arg>
<arg>${message}</arg>
<tag>Assertion</tag>
<tag>Getter</tag>
<tag>PageContent</tag>
<doc>Returns text attribute of the element found by ``selector``.</doc>
<msg timestamp="20231028 08:16:47.702" level="INFO">Text: 'Success'</msg>
<status status="PASS" starttime="20231028 08:16:47.395" endtime="20231028 08:16:47.702"/>
</kw>
<status status="PASS" starttime="20231028 08:16:47.395" endtime="20231028 08:16:47.710"/>
</kw>
<kw name="Set Variable" library="BuiltIn">
<var>${element}</var>
<arg>xpath=//*[contains(@class, "swal2-confirm")]</arg>
<doc>Returns the given values which can then be assigned to a variables.</doc>
<msg timestamp="20231028 08:16:47.710" level="INFO">${element} = xpath=//*[contains(@class, "swal2-confirm")]</msg>
<status status="PASS" starttime="20231028 08:16:47.710" endtime="20231028 08:16:47.710"/>
</kw>
<kw name="Run Keyword And Return Status" library="BuiltIn">
<var>${passed}</var>
<arg>Element Should Be Visible</arg>
<arg>${element}</arg>
<doc>Runs the given keyword with given arguments and returns the status as a Boolean value.</doc>
<kw name="Element Should Be Visible" library="common">
<arg>${element}</arg>
<kw name="Wait For Elements State" library="Browser">
<arg>${locator}</arg>
<arg>visible</arg>
<arg>${timeout}</arg>
<arg>${message}</arg>
<tag>PageContent</tag>
<tag>Wait</tag>
<doc>Waits for the element found by ``selector`` to satisfy state option.</doc>
<msg timestamp="20231028 08:16:48.092" level="INFO" html="true">&lt;/td&gt;&lt;/tr&gt;&lt;tr&gt;&lt;td colspan="3"&gt;&lt;a href="browser/screenshot/fail-screenshot-1.png" target="_blank"&gt;&lt;img src="browser/screenshot/fail-screenshot-1.png" width="800px"/&gt;&lt;/a&gt;</msg>
<msg timestamp="20231028 08:16:48.092" level="INFO">See also file:///D:/Intern%20test/Automation/playwright-log.txt for additional details.</msg>
<msg timestamp="20231028 08:16:48.092" level="FAIL">TimeoutError: locator.waitFor: Timeout 100ms exceeded.
=========================== logs ===========================
waiting for locator('xpath=//*[contains(@class, "swal2-confirm")]') to be visible
  locator resolved to hidden &lt;button type="button" aria-label="" class="swal2-confirm…&gt;OK&lt;/button&gt;
  locator resolved to hidden &lt;button type="button" aria-label="" class="swal2-confirm…&gt;OK&lt;/button&gt;
  locator resolved to hidden &lt;button type="button" aria-label="" class="swal2-confirm…&gt;OK&lt;/button&gt;
============================================================
Tip: Use "Set Browser Timeout" for increasing the timeout or double check your locator as the targeted element(s) couldn't be found.</msg>
<status status="FAIL" starttime="20231028 08:16:47.718" endtime="20231028 08:16:48.108"/>
</kw>
<status status="FAIL" starttime="20231028 08:16:47.710" endtime="20231028 08:16:48.108"/>
</kw>
<msg timestamp="20231028 08:16:48.108" level="INFO">${passed} = False</msg>
<status status="PASS" starttime="20231028 08:16:47.710" endtime="20231028 08:16:48.108"/>
</kw>
<if>
<branch type="IF" condition="'${passed}' == 'True'">
<kw name="Click" library="Browser">
<arg>${element}</arg>
<tag>PageContent</tag>
<tag>Setter</tag>
<doc>Simulates mouse click on the element found by ``selector``.</doc>
<status status="NOT RUN" starttime="20231028 08:16:48.108" endtime="20231028 08:16:48.108"/>
</kw>
<status status="NOT RUN" starttime="20231028 08:16:48.108" endtime="20231028 08:16:48.108"/>
</branch>
<status status="PASS" starttime="20231028 08:16:48.108" endtime="20231028 08:16:48.108"/>
</if>
<status status="PASS" starttime="20231028 08:16:47.379" endtime="20231028 08:16:48.108"/>
</kw>
<status status="PASS" starttime="20231028 08:16:45.101" endtime="20231028 08:16:48.108"/>
</kw>
<kw name="Click &quot;QUẢN LÝ DANH MỤC&quot; menu" library="common" sourcename="Click &quot;${text}&quot; menu">
<kw name="Click" library="Browser">
<arg>xpath=//li[contains(@class, "menu") and descendant::span[contains(text(), "${text}")]]</arg>
<tag>PageContent</tag>
<tag>Setter</tag>
<doc>Simulates mouse click on the element found by ``selector``.</doc>
<status status="PASS" starttime="20231028 08:16:48.116" endtime="20231028 08:16:49.228"/>
</kw>
<status status="PASS" starttime="20231028 08:16:48.116" endtime="20231028 08:16:49.228"/>
</kw>
<kw name="Click &quot;Quản lý dữ liệu&quot; sub menu to &quot;/data&quot;" library="common" sourcename="Click &quot;${text}&quot; sub menu to &quot;${url}&quot;">
<kw name="Wait Until Element Spin" library="common">
<kw name="Sleep" library="BuiltIn">
<arg>${SHOULD_TIMEOUT}</arg>
<doc>Pauses the test executed for the given time.</doc>
<msg timestamp="20231028 08:16:49.347" level="INFO">Slept 100 milliseconds</msg>
<status status="PASS" starttime="20231028 08:16:49.236" endtime="20231028 08:16:49.347"/>
</kw>
<kw name="Set Variable" library="BuiltIn">
<var>${element}</var>
<arg>xpath=//*[contains(@class, "ant-spin-spinning")]</arg>
<doc>Returns the given values which can then be assigned to a variables.</doc>
<msg timestamp="20231028 08:16:49.347" level="INFO">${element} = xpath=//*[contains(@class, "ant-spin-spinning")]</msg>
<status status="PASS" starttime="20231028 08:16:49.347" endtime="20231028 08:16:49.347"/>
</kw>
<kw name="Get Element Count" library="Browser">
<var>${count}</var>
<arg>${element}</arg>
<tag>Assertion</tag>
<tag>Getter</tag>
<tag>PageContent</tag>
<doc>Returns the count of elements found with ``selector``.</doc>
<msg timestamp="20231028 08:16:49.371" level="INFO">${count} = 0</msg>
<status status="PASS" starttime="20231028 08:16:49.347" endtime="20231028 08:16:49.371"/>
</kw>
<if>
<branch type="IF" condition="${count} &gt; 0">
<kw name="Wait Until Page Does Not Contain Element" library="common">
<arg>${element}</arg>
<status status="NOT RUN" starttime="20231028 08:16:49.379" endtime="20231028 08:16:49.379"/>
</kw>
<status status="NOT RUN" starttime="20231028 08:16:49.379" endtime="20231028 08:16:49.379"/>
</branch>
<status status="PASS" starttime="20231028 08:16:49.371" endtime="20231028 08:16:49.379"/>
</if>
<status status="PASS" starttime="20231028 08:16:49.236" endtime="20231028 08:16:49.379"/>
</kw>
<kw name="Click" library="Browser">
<arg>xpath=//a[contains(@class, "sub-menu") and descendant::span[contains(text(), "${text}")]]</arg>
<tag>PageContent</tag>
<tag>Setter</tag>
<doc>Simulates mouse click on the element found by ``selector``.</doc>
<status status="PASS" starttime="20231028 08:16:49.379" endtime="20231028 08:16:50.558"/>
</kw>
<kw name="Get Url" library="Browser">
<var>${curent_url}</var>
<tag>Assertion</tag>
<tag>Getter</tag>
<tag>PageContent</tag>
<doc>Returns the current URL.</doc>
<msg timestamp="20231028 08:16:50.566" level="INFO">${curent_url} = http://dev1.geneat.vn:7802/vn/data</msg>
<status status="PASS" starttime="20231028 08:16:50.558" endtime="20231028 08:16:50.566"/>
</kw>
<kw name="Should Contain" library="BuiltIn">
<arg>${curent_url}</arg>
<arg>${URL_DEFAULT}${url}</arg>
<doc>Fails if ``container`` does not contain ``item`` one or more times.</doc>
<status status="PASS" starttime="20231028 08:16:50.566" endtime="20231028 08:16:50.566"/>
</kw>
<status status="PASS" starttime="20231028 08:16:49.236" endtime="20231028 08:16:50.574"/>
</kw>
<kw name="Click on the &quot;Chi tiết&quot; button in the &quot;Genevieve Shaw&quot; table line" library="common" sourcename="Click on the &quot;${text}&quot; button in the &quot;${name}&quot; table line">
<kw name="Sleep" library="BuiltIn">
<arg>${SHOULD_TIMEOUT}</arg>
<doc>Pauses the test executed for the given time.</doc>
<msg timestamp="20231028 08:16:50.698" level="INFO">Slept 100 milliseconds</msg>
<status status="PASS" starttime="20231028 08:16:50.598" endtime="20231028 08:16:50.698"/>
</kw>
<kw name="Wait Until Element Spin" library="common">
<kw name="Sleep" library="BuiltIn">
<arg>${SHOULD_TIMEOUT}</arg>
<doc>Pauses the test executed for the given time.</doc>
<msg timestamp="20231028 08:16:50.803" level="INFO">Slept 100 milliseconds</msg>
<status status="PASS" starttime="20231028 08:16:50.698" endtime="20231028 08:16:50.803"/>
</kw>
<kw name="Set Variable" library="BuiltIn">
<var>${element}</var>
<arg>xpath=//*[contains(@class, "ant-spin-spinning")]</arg>
<doc>Returns the given values which can then be assigned to a variables.</doc>
<msg timestamp="20231028 08:16:50.803" level="INFO">${element} = xpath=//*[contains(@class, "ant-spin-spinning")]</msg>
<status status="PASS" starttime="20231028 08:16:50.803" endtime="20231028 08:16:50.803"/>
</kw>
<kw name="Get Element Count" library="Browser">
<var>${count}</var>
<arg>${element}</arg>
<tag>Assertion</tag>
<tag>Getter</tag>
<tag>PageContent</tag>
<doc>Returns the count of elements found with ``selector``.</doc>
<msg timestamp="20231028 08:16:50.819" level="INFO">${count} = 0</msg>
<status status="PASS" starttime="20231028 08:16:50.803" endtime="20231028 08:16:50.819"/>
</kw>
<if>
<branch type="IF" condition="${count} &gt; 0">
<kw name="Wait Until Page Does Not Contain Element" library="common">
<arg>${element}</arg>
<status status="NOT RUN" starttime="20231028 08:16:50.827" endtime="20231028 08:16:50.827"/>
</kw>
<status status="NOT RUN" starttime="20231028 08:16:50.819" endtime="20231028 08:16:50.827"/>
</branch>
<status status="PASS" starttime="20231028 08:16:50.819" endtime="20231028 08:16:50.827"/>
</if>
<status status="PASS" starttime="20231028 08:16:50.698" endtime="20231028 08:16:50.827"/>
</kw>
<kw name="Check Text" library="common">
<var>${name}</var>
<arg>${name}</arg>
<kw name="Get Regexp Matches" library="String">
<var>${containsS}</var>
<arg>${text}</arg>
<arg>_@(.+)@_</arg>
<arg>1</arg>
<doc>Returns a list of all non-overlapping matches in the given string.</doc>
<msg timestamp="20231028 08:16:50.827" level="INFO">${containsS} = []</msg>
<status status="PASS" starttime="20231028 08:16:50.827" endtime="20231028 08:16:50.827"/>
</kw>
<kw name="Get Length" library="BuiltIn">
<var>${cntS}</var>
<arg>${containsS}</arg>
<doc>Returns and logs the length of the given item as an integer.</doc>
<msg timestamp="20231028 08:16:50.835" level="INFO">Length is 0</msg>
<msg timestamp="20231028 08:16:50.835" level="INFO">${cntS} = 0</msg>
<status status="PASS" starttime="20231028 08:16:50.835" endtime="20231028 08:16:50.835"/>
</kw>
<if>
<branch type="IF" condition="${cntS} &gt; 0">
<kw name="Set Variable" library="BuiltIn">
<var>${text}</var>
<arg>${STATE["${containsS[0]}"]}</arg>
<doc>Returns the given values which can then be assigned to a variables.</doc>
<status status="NOT RUN" starttime="20231028 08:16:50.835" endtime="20231028 08:16:50.835"/>
</kw>
<status status="NOT RUN" starttime="20231028 08:16:50.835" endtime="20231028 08:16:50.843"/>
</branch>
<status status="PASS" starttime="20231028 08:16:50.835" endtime="20231028 08:16:50.843"/>
</if>
<msg timestamp="20231028 08:16:50.843" level="INFO">${name} = Genevieve Shaw</msg>
<status status="PASS" starttime="20231028 08:16:50.827" endtime="20231028 08:16:50.843"/>
</kw>
<if>
<branch type="IF" condition="'${text}' == 'Chi tiết'">
<kw name="Get Element Table Item By Name" library="common">
<var>${element1}</var>
<arg>${name}</arg>
<arg>//button[@title = "${text}"]</arg>
<msg timestamp="20231028 08:16:50.843" level="INFO">${element1} = xpath=//*[contains(@class, "ant-table-row")]//*[contains(text(),"Genevieve Shaw")]/ancestor::tr//button[@title = "Chi tiết"]</msg>
<status status="PASS" starttime="20231028 08:16:50.843" endtime="20231028 08:16:50.843"/>
</kw>
<kw name="Get Element Count" library="Browser">
<var>${count}</var>
<arg>${element1}</arg>
<tag>Assertion</tag>
<tag>Getter</tag>
<tag>PageContent</tag>
<doc>Returns the count of elements found with ``selector``.</doc>
<msg timestamp="20231028 08:16:50.862" level="INFO">${count} = 1</msg>
<status status="PASS" starttime="20231028 08:16:50.843" endtime="20231028 08:16:50.862"/>
</kw>
<if>
<branch type="IF" condition="${count} &gt; 0">
<kw name="Click" library="Browser">
<arg>${element1}</arg>
<tag>PageContent</tag>
<tag>Setter</tag>
<doc>Simulates mouse click on the element found by ``selector``.</doc>
<status status="PASS" starttime="20231028 08:16:50.870" endtime="20231028 08:16:51.277"/>
</kw>
<status status="PASS" starttime="20231028 08:16:50.862" endtime="20231028 08:16:51.277"/>
</branch>
<branch type="ELSE">
<kw name="Get Element Table Item By Name" library="common">
<var>${elementS}</var>
<arg>${name}</arg>
<arg>//p[contains(text(),"${name}")]</arg>
<status status="NOT RUN" starttime="20231028 08:16:51.277" endtime="20231028 08:16:51.277"/>
</kw>
<kw name="Click" library="Browser">
<arg>${elementS}</arg>
<tag>PageContent</tag>
<tag>Setter</tag>
<doc>Simulates mouse click on the element found by ``selector``.</doc>
<status status="NOT RUN" starttime="20231028 08:16:51.277" endtime="20231028 08:16:51.277"/>
</kw>
<status status="NOT RUN" starttime="20231028 08:16:51.277" endtime="20231028 08:16:51.277"/>
</branch>
<status status="PASS" starttime="20231028 08:16:50.862" endtime="20231028 08:16:51.277"/>
</if>
<status status="PASS" starttime="20231028 08:16:50.843" endtime="20231028 08:16:51.277"/>
</branch>
<branch type="ELSE">
<kw name="Get Element Table Item By Name" library="common">
<var>${element}</var>
<arg>${name}</arg>
<arg>//button[@title = "${text}"]</arg>
<status status="NOT RUN" starttime="20231028 08:16:51.285" endtime="20231028 08:16:51.285"/>
</kw>
<kw name="Click" library="Browser">
<arg>${element}</arg>
<tag>PageContent</tag>
<tag>Setter</tag>
<doc>Simulates mouse click on the element found by ``selector``.</doc>
<status status="NOT RUN" starttime="20231028 08:16:51.285" endtime="20231028 08:16:51.285"/>
</kw>
<status status="NOT RUN" starttime="20231028 08:16:51.277" endtime="20231028 08:16:51.285"/>
</branch>
<status status="PASS" starttime="20231028 08:16:50.843" endtime="20231028 08:16:51.285"/>
</if>
<kw name="Click Confirm To Action" library="common">
<kw name="Set Variable" library="BuiltIn">
<var>${element}</var>
<arg>xpath=//*[contains(@class, "ant-popover")]//*[contains(@class, "ant-btn-primary")]</arg>
<doc>Returns the given values which can then be assigned to a variables.</doc>
<msg timestamp="20231028 08:16:51.293" level="INFO">${element} = xpath=//*[contains(@class, "ant-popover")]//*[contains(@class, "ant-btn-primary")]</msg>
<status status="PASS" starttime="20231028 08:16:51.293" endtime="20231028 08:16:51.293"/>
</kw>
<kw name="Get Element Count" library="Browser">
<var>${count}</var>
<arg>${element}</arg>
<tag>Assertion</tag>
<tag>Getter</tag>
<tag>PageContent</tag>
<doc>Returns the count of elements found with ``selector``.</doc>
<msg timestamp="20231028 08:16:51.373" level="INFO">${count} = 0</msg>
<status status="PASS" starttime="20231028 08:16:51.293" endtime="20231028 08:16:51.373"/>
</kw>
<if>
<branch type="IF" condition="${count} &gt; 0">
<kw name="Click" library="Browser">
<arg>${element}</arg>
<tag>PageContent</tag>
<tag>Setter</tag>
<doc>Simulates mouse click on the element found by ``selector``.</doc>
<status status="NOT RUN" starttime="20231028 08:16:51.381" endtime="20231028 08:16:51.381"/>
</kw>
<kw name="Sleep" library="BuiltIn">
<arg>${SHOULD_TIMEOUT}</arg>
<doc>Pauses the test executed for the given time.</doc>
<status status="NOT RUN" starttime="20231028 08:16:51.381" endtime="20231028 08:16:51.381"/>
</kw>
<kw name="Wait Until Element Spin" library="common">
<status status="NOT RUN" starttime="20231028 08:16:51.381" endtime="20231028 08:16:51.381"/>
</kw>
<status status="NOT RUN" starttime="20231028 08:16:51.373" endtime="20231028 08:16:51.381"/>
</branch>
<status status="PASS" starttime="20231028 08:16:51.373" endtime="20231028 08:16:51.381"/>
</if>
<status status="PASS" starttime="20231028 08:16:51.285" endtime="20231028 08:16:51.381"/>
</kw>
<status status="PASS" starttime="20231028 08:16:50.598" endtime="20231028 08:16:51.381"/>
</kw>
<kw name="Get Text" library="Browser">
<var>${text}</var>
<arg>//label[contains(text(),"Tiêu đề")]//ancestor::*[contains(@class,'ant-form-item')]//input</arg>
<tag>Assertion</tag>
<tag>Getter</tag>
<tag>PageContent</tag>
<doc>Returns text attribute of the element found by ``selector``.</doc>
<msg timestamp="20231028 08:16:51.625" level="INFO">Text: 'Genevieve Shaw'</msg>
<msg timestamp="20231028 08:16:51.629" level="INFO">${text} = Genevieve Shaw</msg>
<status status="PASS" starttime="20231028 08:16:51.397" endtime="20231028 08:16:51.629"/>
</kw>
<kw name="Get Text" library="Browser">
<var>${text1}</var>
<arg>//label[contains(text(),"Chuyên mục")]//ancestor::*[contains(@class,'ant-form-item')]//input</arg>
<tag>Assertion</tag>
<tag>Getter</tag>
<tag>PageContent</tag>
<doc>Returns text attribute of the element found by ``selector``.</doc>
<msg timestamp="20231028 08:16:51.736" level="INFO">Text: ''</msg>
<msg timestamp="20231028 08:16:51.736" level="INFO">${text1} = </msg>
<status status="PASS" starttime="20231028 08:16:51.643" endtime="20231028 08:16:51.741"/>
</kw>
<kw name="Get Text" library="Browser">
<var>${text2}</var>
<arg>//label[contains(text(),"Chuyên mục")]//ancestor::*[contains(@class,'ant-form-item')]//*[contains(@class,'ant-select-selection-item')]</arg>
<tag>Assertion</tag>
<tag>Getter</tag>
<tag>PageContent</tag>
<doc>Returns text attribute of the element found by ``selector``.</doc>
<msg timestamp="20231028 08:16:51.824" level="INFO">Text: 'Test'</msg>
<msg timestamp="20231028 08:16:51.824" level="INFO">${text2} = Test</msg>
<status status="PASS" starttime="20231028 08:16:51.753" endtime="20231028 08:16:51.824"/>
</kw>
<kw name="Log To Console" library="BuiltIn">
<arg>Name:${text}</arg>
<doc>Logs the given message to the console.</doc>
<status status="PASS" starttime="20231028 08:16:51.834" endtime="20231028 08:16:51.844"/>
</kw>
<kw name="Log To Console" library="BuiltIn">
<arg>Data in input:${text1}</arg>
<doc>Logs the given message to the console.</doc>
<status status="PASS" starttime="20231028 08:16:51.844" endtime="20231028 08:16:51.864"/>
</kw>
<kw name="Log To Console" library="BuiltIn">
<arg>Data in select:${text2}</arg>
<doc>Logs the given message to the console.</doc>
<status status="PASS" starttime="20231028 08:16:51.864" endtime="20231028 08:16:51.875"/>
</kw>
<kw name="Tear Down" library="common" type="TEARDOWN">
<kw name="Close Browser" library="Browser">
<arg>ALL</arg>
<tag>BrowserControl</tag>
<tag>Setter</tag>
<doc>Closes the current browser.</doc>
<msg timestamp="20231028 08:16:53.396" level="INFO">Closed all browsers</msg>
<status status="PASS" starttime="20231028 08:16:51.875" endtime="20231028 08:16:53.396"/>
</kw>
<status status="PASS" starttime="20231028 08:16:51.875" endtime="20231028 08:16:53.412"/>
</kw>
<status status="PASS" starttime="20231028 08:16:40.540" endtime="20231028 08:16:53.412"/>
</test>
<status status="PASS" starttime="20231028 08:16:37.862" endtime="20231028 08:16:53.445"/>
</suite>
<statistics>
<total>
<stat pass="1" fail="0" skip="0">All Tests</stat>
</total>
<tag>
</tag>
<suite>
<stat pass="1" fail="0" skip="0" id="s1" name="Login">Login</stat>
</suite>
</statistics>
<errors>
</errors>
</robot>
