<?xml version="1.0" encoding="UTF-8"?>
<robot generator="Robot 6.1.1 (Python 3.11.4 on win32)" generated="20231030 14:02:57.644" rpa="false" schemaversion="4">
<suite id="s1" name="Customer Account" source="D:\Intern test\Automation\Auto_Web\testcases\customer_account.robot">
<test id="s1-t1" name="CA_01 Verify that navigating to the right &quot;Customer-Account&quot; page" line="13">
<kw name="Setup" library="common" type="SETUP">
<kw name="Set Browser Timeout" library="Browser">
<arg>${BROWSER_TIMEOUT}</arg>
<tag>Config</tag>
<tag>Setter</tag>
<doc>Sets the timeout used by most input and getter keywords.</doc>
<status status="PASS" starttime="20231030 14:03:02.904" endtime="20231030 14:03:02.904"/>
</kw>
<kw name="New Browser" library="Browser">
<arg>${BROWSER}</arg>
<arg>headless=${HEADLESS}</arg>
<tag>BrowserControl</tag>
<tag>Setter</tag>
<doc>Create a new playwright Browser with specified options.</doc>
<msg timestamp="20231030 14:03:02.920" level="INFO">{"browser": "chromium", "headless": false, "chromiumSandbox": false, "devtools": false, "handleSIGHUP": true, "handleSIGINT": true, "handleSIGTERM": true, "ignoreDefaultArgs": false, "slowMo": 0.0, "timeout": 30000.0, "tracesDir": "D:\\Intern test\\Automation\\browser\\traces\\765c0fcb-b01f-4c98-ae3f-bc32b1d5c133"}</msg>
<msg timestamp="20231030 14:03:04.414" level="INFO">Successfully created browser with options: {"browser":"chromium","headless":false,"chromiumSandbox":false,"devtools":false,"handleSIGHUP":true,"handleSIGINT":true,"handleSIGTERM":true,"ignoreDefaultArgs":false,"slowMo":0,"timeout":30000,"tracesDir":"D:\\Intern test\\Automation\\browser\\traces\\765c0fcb-b01f-4c98-ae3f-bc32b1d5c133"}</msg>
<status status="PASS" starttime="20231030 14:03:02.904" endtime="20231030 14:03:04.414"/>
</kw>
<kw name="New Page" library="Browser">
<arg>${URL_DEFAULT}</arg>
<tag>BrowserControl</tag>
<tag>Setter</tag>
<doc>Open a new Page.</doc>
<msg timestamp="20231030 14:03:07.176" level="INFO">Successfully initialized new page object and opened url: http://dev1.geneat.vn:7802/vn</msg>
<msg timestamp="20231030 14:03:07.176" level="INFO">No context was open. New context was automatically opened when this page is created.</msg>
<status status="PASS" starttime="20231030 14:03:04.414" endtime="20231030 14:03:07.176"/>
</kw>
<kw name="Evaluate" library="BuiltIn">
<var>${STATE}</var>
<arg>json.loads('''{}''')</arg>
<arg>json</arg>
<doc>Evaluates the given expression in Python and returns the result.</doc>
<msg timestamp="20231030 14:03:07.178" level="INFO">${STATE} = {}</msg>
<status status="PASS" starttime="20231030 14:03:07.177" endtime="20231030 14:03:07.178"/>
</kw>
<status status="PASS" starttime="20231030 14:03:02.904" endtime="20231030 14:03:07.179"/>
</kw>
<kw name="Login to admin" library="common">
<kw name="Enter &quot;email&quot; in &quot;Email&quot; with &quot;admin@gmail.com&quot;" library="common" sourcename="Enter &quot;${type}&quot; in &quot;${name}&quot; with &quot;${text}&quot;">
<kw name="Get Random Text" library="common">
<var>${text}</var>
<arg>${type}</arg>
<arg>${text}</arg>
<kw name="Set Variable" library="BuiltIn">
<var>${symbol}</var>
<arg>_RANDOM_</arg>
<doc>Returns the given values which can then be assigned to a variables.</doc>
<msg timestamp="20231030 14:03:07.191" level="INFO">${symbol} = _RANDOM_</msg>
<status status="PASS" starttime="20231030 14:03:07.191" endtime="20231030 14:03:07.191"/>
</kw>
<kw name="Set Variable" library="BuiltIn">
<var>${new_text}</var>
<doc>Returns the given values which can then be assigned to a variables.</doc>
<msg timestamp="20231030 14:03:07.192" level="INFO">${new_text} = </msg>
<status status="PASS" starttime="20231030 14:03:07.192" endtime="20231030 14:03:07.192"/>
</kw>
<kw name="Get Regexp Matches" library="String">
<var>${containsS}</var>
<arg>${text}</arg>
<arg>_@(.+)@_</arg>
<arg>1</arg>
<doc>Returns a list of all non-overlapping matches in the given string.</doc>
<msg timestamp="20231030 14:03:07.193" level="INFO">${containsS} = []</msg>
<status status="PASS" starttime="20231030 14:03:07.192" endtime="20231030 14:03:07.193"/>
</kw>
<kw name="Get Length" library="BuiltIn">
<var>${cntS}</var>
<arg>${containsS}</arg>
<doc>Returns and logs the length of the given item as an integer.</doc>
<msg timestamp="20231030 14:03:07.194" level="INFO">Length is 0</msg>
<msg timestamp="20231030 14:03:07.194" level="INFO">${cntS} = 0</msg>
<status status="PASS" starttime="20231030 14:03:07.193" endtime="20231030 14:03:07.194"/>
</kw>
<kw name="Get Regexp Matches" library="String">
<var>${contains}</var>
<arg>${text}</arg>
<arg>${symbol}</arg>
<doc>Returns a list of all non-overlapping matches in the given string.</doc>
<msg timestamp="20231030 14:03:07.199" level="INFO">${contains} = []</msg>
<status status="PASS" starttime="20231030 14:03:07.195" endtime="20231030 14:03:07.199"/>
</kw>
<kw name="Get Length" library="BuiltIn">
<var>${cnt}</var>
<arg>${contains}</arg>
<doc>Returns and logs the length of the given item as an integer.</doc>
<msg timestamp="20231030 14:03:07.200" level="INFO">Length is 0</msg>
<msg timestamp="20231030 14:03:07.200" level="INFO">${cnt} = 0</msg>
<status status="PASS" starttime="20231030 14:03:07.199" endtime="20231030 14:03:07.200"/>
</kw>
<if>
<branch type="IF" condition="${cntS} &gt; 0">
<kw name="Set Variable" library="BuiltIn">
<var>${new_text}</var>
<arg>${STATE["${containsS[0]}"]}</arg>
<doc>Returns the given values which can then be assigned to a variables.</doc>
<status status="NOT RUN" starttime="20231030 14:03:07.201" endtime="20231030 14:03:07.202"/>
</kw>
<kw name="Set Variable" library="BuiltIn">
<var>${symbol}</var>
<arg>_@${containsS[0]}@_</arg>
<doc>Returns the given values which can then be assigned to a variables.</doc>
<status status="NOT RUN" starttime="20231030 14:03:07.202" endtime="20231030 14:03:07.202"/>
</kw>
<status status="NOT RUN" starttime="20231030 14:03:07.201" endtime="20231030 14:03:07.203"/>
</branch>
<branch type="ELSE IF" condition="${cnt} &gt; 0 and '${type}' == 'test name'">
<kw name="Sentence" library="FakerLibrary">
<var>${random}</var>
<arg>nb_words=3</arg>
<doc>Generate a sentence.</doc>
<status status="NOT RUN" starttime="20231030 14:03:07.204" endtime="20231030 14:03:07.204"/>
</kw>
<kw name="Split String" library="String">
<var>${words}</var>
<arg>${TEST NAME}</arg>
<arg>${SPACE}</arg>
<doc>Splits the ``string`` using ``separator`` as a delimiter string.</doc>
<status status="NOT RUN" starttime="20231030 14:03:07.204" endtime="20231030 14:03:07.204"/>
</kw>
<kw name="Set Variable" library="BuiltIn">
<var>${new_text}</var>
<arg>${words[0]} ${random}</arg>
<doc>Returns the given values which can then be assigned to a variables.</doc>
<status status="NOT RUN" starttime="20231030 14:03:07.205" endtime="20231030 14:03:07.205"/>
</kw>
<status status="NOT RUN" starttime="20231030 14:03:07.203" endtime="20231030 14:03:07.206"/>
</branch>
<branch type="ELSE IF" condition="${cnt} &gt; 0 and '${type}' == 'number'">
<kw name="Random Int" library="FakerLibrary">
<var>${new_text}</var>
<doc>Generate a random integer between two integers ``min`` and ``max`` inclusive
while observing the provided ``step`` value.</doc>
<status status="NOT RUN" starttime="20231030 14:03:07.206" endtime="20231030 14:03:07.207"/>
</kw>
<kw name="Convert To String" library="BuiltIn">
<var>${new_text}</var>
<arg>${new_text}</arg>
<doc>Converts the given item to a Unicode string.</doc>
<status status="NOT RUN" starttime="20231030 14:03:07.207" endtime="20231030 14:03:07.207"/>
</kw>
<status status="NOT RUN" starttime="20231030 14:03:07.206" endtime="20231030 14:03:07.208"/>
</branch>
<branch type="ELSE IF" condition="${cnt} &gt; 0 and '${type}' == 'percentage'">
<kw name="Random Int" library="FakerLibrary">
<var>${new_text}</var>
<arg>max=100</arg>
<doc>Generate a random integer between two integers ``min`` and ``max`` inclusive
while observing the provided ``step`` value.</doc>
<status status="NOT RUN" starttime="20231030 14:03:07.209" endtime="20231030 14:03:07.209"/>
</kw>
<kw name="Convert To String" library="BuiltIn">
<var>${new_text}</var>
<arg>${new_text}</arg>
<doc>Converts the given item to a Unicode string.</doc>
<status status="NOT RUN" starttime="20231030 14:03:07.210" endtime="20231030 14:03:07.210"/>
</kw>
<status status="NOT RUN" starttime="20231030 14:03:07.208" endtime="20231030 14:03:07.210"/>
</branch>
<branch type="ELSE IF" condition="${cnt} &gt; 0 and '${type}' == 'paragraph'">
<kw name="Paragraph" library="FakerLibrary">
<var>${new_text}</var>
<doc>Generate a paragraph.</doc>
<status status="NOT RUN" starttime="20231030 14:03:07.211" endtime="20231030 14:03:07.212"/>
</kw>
<status status="NOT RUN" starttime="20231030 14:03:07.211" endtime="20231030 14:03:07.214"/>
</branch>
<branch type="ELSE IF" condition="${cnt} &gt; 0 and '${type}' == 'email'">
<kw name="Email" library="FakerLibrary">
<var>${new_text}</var>
<status status="NOT RUN" starttime="20231030 14:03:07.215" endtime="20231030 14:03:07.215"/>
</kw>
<status status="NOT RUN" starttime="20231030 14:03:07.214" endtime="20231030 14:03:07.215"/>
</branch>
<branch type="ELSE IF" condition="${cnt} &gt; 0 and '${type}' == 'phone'">
<kw name="Random Int" library="FakerLibrary">
<var>${new_text}</var>
<arg>min=2000000000</arg>
<arg>max=9999999999</arg>
<doc>Generate a random integer between two integers ``min`` and ``max`` inclusive
while observing the provided ``step`` value.</doc>
<status status="NOT RUN" starttime="20231030 14:03:07.216" endtime="20231030 14:03:07.216"/>
</kw>
<kw name="Convert To String" library="BuiltIn">
<var>${new_text}</var>
<arg>${new_text}</arg>
<doc>Converts the given item to a Unicode string.</doc>
<status status="NOT RUN" starttime="20231030 14:03:07.217" endtime="20231030 14:03:07.217"/>
</kw>
<kw name="Catenate" library="BuiltIn">
<var>${new_text}</var>
<arg>SEPARATOR=</arg>
<arg>0</arg>
<arg>${new_text}</arg>
<doc>Catenates the given items together and returns the resulted string.</doc>
<status status="NOT RUN" starttime="20231030 14:03:07.217" endtime="20231030 14:03:07.218"/>
</kw>
<status status="NOT RUN" starttime="20231030 14:03:07.215" endtime="20231030 14:03:07.218"/>
</branch>
<branch type="ELSE IF" condition="${cnt} &gt; 0 and '${type}' == 'color'">
<kw name="Safe Hex Color" library="FakerLibrary">
<var>${new_text}</var>
<doc>Generate a web-safe color formatted as a hex triplet.</doc>
<status status="NOT RUN" starttime="20231030 14:03:07.219" endtime="20231030 14:03:07.219"/>
</kw>
<status status="NOT RUN" starttime="20231030 14:03:07.218" endtime="20231030 14:03:07.219"/>
</branch>
<branch type="ELSE IF" condition="${cnt} &gt; 0 and &quot;${type}&quot; == 'password'">
<kw name="Password" library="FakerLibrary">
<var>${new_text}</var>
<arg>10</arg>
<arg>True</arg>
<arg>True</arg>
<arg>True</arg>
<arg>True</arg>
<doc>Generate a random password of the specified ``length``.</doc>
<status status="NOT RUN" starttime="20231030 14:03:07.221" endtime="20231030 14:03:07.221"/>
</kw>
<status status="NOT RUN" starttime="20231030 14:03:07.220" endtime="20231030 14:03:07.221"/>
</branch>
<branch type="ELSE IF" condition="${cnt} &gt; 0 and '${type}' == 'date'">
<kw name="Date" library="FakerLibrary">
<var>${new_text}</var>
<arg>pattern=%d-%m-%Y</arg>
<doc>Get a date string between January 1, 1970 and now.</doc>
<status status="NOT RUN" starttime="20231030 14:03:07.222" endtime="20231030 14:03:07.222"/>
</kw>
<status status="NOT RUN" starttime="20231030 14:03:07.221" endtime="20231030 14:03:07.227"/>
</branch>
<branch type="ELSE IF" condition="${cnt} &gt; 0 and '${type}' == 'word'">
<kw name="Sentence" library="FakerLibrary">
<var>${new_text}</var>
<arg>nb_words=2</arg>
<doc>Generate a sentence.</doc>
<status status="NOT RUN" starttime="20231030 14:03:07.228" endtime="20231030 14:03:07.229"/>
</kw>
<status status="NOT RUN" starttime="20231030 14:03:07.227" endtime="20231030 14:03:07.229"/>
</branch>
<branch type="ELSE IF" condition="${cnt} &gt; 0">
<kw name="Sentence" library="FakerLibrary">
<var>${new_text}</var>
<doc>Generate a sentence.</doc>
<status status="NOT RUN" starttime="20231030 14:03:07.231" endtime="20231030 14:03:07.232"/>
</kw>
<status status="NOT RUN" starttime="20231030 14:03:07.230" endtime="20231030 14:03:07.232"/>
</branch>
<status status="PASS" starttime="20231030 14:03:07.200" endtime="20231030 14:03:07.233"/>
</if>
<kw name="Get Length" library="BuiltIn">
<var>${cnt}</var>
<arg>${text}</arg>
<doc>Returns and logs the length of the given item as an integer.</doc>
<msg timestamp="20231030 14:03:07.233" level="INFO">Length is 15</msg>
<msg timestamp="20231030 14:03:07.233" level="INFO">${cnt} = 15</msg>
<status status="PASS" starttime="20231030 14:03:07.233" endtime="20231030 14:03:07.233"/>
</kw>
<if>
<branch type="IF" condition="${cnt} &gt; 0">
<kw name="Replace String" library="String">
<var>${text}</var>
<arg>${text}</arg>
<arg>${symbol}</arg>
<arg>${new_text}</arg>
<doc>Replaces ``search_for`` in the given ``string`` with ``replace_with``.</doc>
<msg timestamp="20231030 14:03:07.233" level="INFO">${text} = admin@gmail.com</msg>
<status status="PASS" starttime="20231030 14:03:07.233" endtime="20231030 14:03:07.233"/>
</kw>
<status status="PASS" starttime="20231030 14:03:07.233" endtime="20231030 14:03:07.233"/>
</branch>
<status status="PASS" starttime="20231030 14:03:07.233" endtime="20231030 14:03:07.233"/>
</if>
<msg timestamp="20231030 14:03:07.233" level="INFO">${text} = admin@gmail.com</msg>
<status status="PASS" starttime="20231030 14:03:07.190" endtime="20231030 14:03:07.233"/>
</kw>
<kw name="Get Element Form Item By Name" library="common">
<var>${element}</var>
<arg>${name}</arg>
<arg>//input[contains(@class, "ant-input")]</arg>
<msg timestamp="20231030 14:03:07.233" level="INFO">${element} = xpath=//*[contains(@class, "ant-form-item-label")]/label[text()="Email"]/../../*[contains(@class, "ant-form-item")]//input[contains(@class, "ant-input")]</msg>
<status status="PASS" starttime="20231030 14:03:07.233" endtime="20231030 14:03:07.233"/>
</kw>
<kw name="Click" library="Browser">
<arg>${element}</arg>
<tag>PageContent</tag>
<tag>Setter</tag>
<doc>Simulates mouse click on the element found by ``selector``.</doc>
<status status="PASS" starttime="20231030 14:03:07.233" endtime="20231030 14:03:07.683"/>
</kw>
<kw name="Clear Text" library="Browser">
<arg>${element}</arg>
<tag>PageContent</tag>
<tag>Setter</tag>
<doc>Clears the text field found by ``selector``.</doc>
<status status="PASS" starttime="20231030 14:03:07.683" endtime="20231030 14:03:07.720"/>
</kw>
<kw name="Fill Text" library="Browser">
<arg>${element}</arg>
<arg>${text}</arg>
<arg>True</arg>
<tag>PageContent</tag>
<tag>Setter</tag>
<doc>Clears and fills the given ``txt`` into the text field found by ``selector``.</doc>
<msg timestamp="20231030 14:03:07.720" level="INFO">Fills the text 'admin@gmail.com' in the given field.</msg>
<status status="PASS" starttime="20231030 14:03:07.720" endtime="20231030 14:03:07.779"/>
</kw>
<kw name="Get Length" library="BuiltIn">
<var>${cnt}</var>
<arg>${text}</arg>
<doc>Returns and logs the length of the given item as an integer.</doc>
<msg timestamp="20231030 14:03:07.780" level="INFO">Length is 15</msg>
<msg timestamp="20231030 14:03:07.781" level="INFO">${cnt} = 15</msg>
<status status="PASS" starttime="20231030 14:03:07.780" endtime="20231030 14:03:07.781"/>
</kw>
<if>
<branch type="IF" condition="${cnt} &gt; 0">
<kw name="Set Global Variable" library="BuiltIn">
<arg>\${STATE["${name}"]}</arg>
<arg>${text}</arg>
<doc>Makes a variable available globally in all tests and suites.</doc>
<msg timestamp="20231030 14:03:07.782" level="INFO">${STATE["Email"]} = admin@gmail.com</msg>
<status status="PASS" starttime="20231030 14:03:07.781" endtime="20231030 14:03:07.782"/>
</kw>
<status status="PASS" starttime="20231030 14:03:07.781" endtime="20231030 14:03:07.782"/>
</branch>
<status status="PASS" starttime="20231030 14:03:07.781" endtime="20231030 14:03:07.782"/>
</if>
<status status="PASS" starttime="20231030 14:03:07.190" endtime="20231030 14:03:07.782"/>
</kw>
<kw name="Enter &quot;password&quot; in &quot;Mật khẩu&quot; with &quot;123123&quot;" library="common" sourcename="Enter &quot;${type}&quot; in &quot;${name}&quot; with &quot;${text}&quot;">
<kw name="Get Random Text" library="common">
<var>${text}</var>
<arg>${type}</arg>
<arg>${text}</arg>
<kw name="Set Variable" library="BuiltIn">
<var>${symbol}</var>
<arg>_RANDOM_</arg>
<doc>Returns the given values which can then be assigned to a variables.</doc>
<msg timestamp="20231030 14:03:07.784" level="INFO">${symbol} = _RANDOM_</msg>
<status status="PASS" starttime="20231030 14:03:07.784" endtime="20231030 14:03:07.784"/>
</kw>
<kw name="Set Variable" library="BuiltIn">
<var>${new_text}</var>
<doc>Returns the given values which can then be assigned to a variables.</doc>
<msg timestamp="20231030 14:03:07.785" level="INFO">${new_text} = </msg>
<status status="PASS" starttime="20231030 14:03:07.785" endtime="20231030 14:03:07.785"/>
</kw>
<kw name="Get Regexp Matches" library="String">
<var>${containsS}</var>
<arg>${text}</arg>
<arg>_@(.+)@_</arg>
<arg>1</arg>
<doc>Returns a list of all non-overlapping matches in the given string.</doc>
<msg timestamp="20231030 14:03:07.789" level="INFO">${containsS} = []</msg>
<status status="PASS" starttime="20231030 14:03:07.786" endtime="20231030 14:03:07.789"/>
</kw>
<kw name="Get Length" library="BuiltIn">
<var>${cntS}</var>
<arg>${containsS}</arg>
<doc>Returns and logs the length of the given item as an integer.</doc>
<msg timestamp="20231030 14:03:07.789" level="INFO">Length is 0</msg>
<msg timestamp="20231030 14:03:07.789" level="INFO">${cntS} = 0</msg>
<status status="PASS" starttime="20231030 14:03:07.789" endtime="20231030 14:03:07.789"/>
</kw>
<kw name="Get Regexp Matches" library="String">
<var>${contains}</var>
<arg>${text}</arg>
<arg>${symbol}</arg>
<doc>Returns a list of all non-overlapping matches in the given string.</doc>
<msg timestamp="20231030 14:03:07.789" level="INFO">${contains} = []</msg>
<status status="PASS" starttime="20231030 14:03:07.789" endtime="20231030 14:03:07.789"/>
</kw>
<kw name="Get Length" library="BuiltIn">
<var>${cnt}</var>
<arg>${contains}</arg>
<doc>Returns and logs the length of the given item as an integer.</doc>
<msg timestamp="20231030 14:03:07.789" level="INFO">Length is 0</msg>
<msg timestamp="20231030 14:03:07.789" level="INFO">${cnt} = 0</msg>
<status status="PASS" starttime="20231030 14:03:07.789" endtime="20231030 14:03:07.789"/>
</kw>
<if>
<branch type="IF" condition="${cntS} &gt; 0">
<kw name="Set Variable" library="BuiltIn">
<var>${new_text}</var>
<arg>${STATE["${containsS[0]}"]}</arg>
<doc>Returns the given values which can then be assigned to a variables.</doc>
<status status="NOT RUN" starttime="20231030 14:03:07.789" endtime="20231030 14:03:07.789"/>
</kw>
<kw name="Set Variable" library="BuiltIn">
<var>${symbol}</var>
<arg>_@${containsS[0]}@_</arg>
<doc>Returns the given values which can then be assigned to a variables.</doc>
<status status="NOT RUN" starttime="20231030 14:03:07.789" endtime="20231030 14:03:07.789"/>
</kw>
<status status="NOT RUN" starttime="20231030 14:03:07.789" endtime="20231030 14:03:07.789"/>
</branch>
<branch type="ELSE IF" condition="${cnt} &gt; 0 and '${type}' == 'test name'">
<kw name="Sentence" library="FakerLibrary">
<var>${random}</var>
<arg>nb_words=3</arg>
<doc>Generate a sentence.</doc>
<status status="NOT RUN" starttime="20231030 14:03:07.789" endtime="20231030 14:03:07.789"/>
</kw>
<kw name="Split String" library="String">
<var>${words}</var>
<arg>${TEST NAME}</arg>
<arg>${SPACE}</arg>
<doc>Splits the ``string`` using ``separator`` as a delimiter string.</doc>
<status status="NOT RUN" starttime="20231030 14:03:07.789" endtime="20231030 14:03:07.789"/>
</kw>
<kw name="Set Variable" library="BuiltIn">
<var>${new_text}</var>
<arg>${words[0]} ${random}</arg>
<doc>Returns the given values which can then be assigned to a variables.</doc>
<status status="NOT RUN" starttime="20231030 14:03:07.789" endtime="20231030 14:03:07.789"/>
</kw>
<status status="NOT RUN" starttime="20231030 14:03:07.789" endtime="20231030 14:03:07.789"/>
</branch>
<branch type="ELSE IF" condition="${cnt} &gt; 0 and '${type}' == 'number'">
<kw name="Random Int" library="FakerLibrary">
<var>${new_text}</var>
<doc>Generate a random integer between two integers ``min`` and ``max`` inclusive
while observing the provided ``step`` value.</doc>
<status status="NOT RUN" starttime="20231030 14:03:07.789" endtime="20231030 14:03:07.789"/>
</kw>
<kw name="Convert To String" library="BuiltIn">
<var>${new_text}</var>
<arg>${new_text}</arg>
<doc>Converts the given item to a Unicode string.</doc>
<status status="NOT RUN" starttime="20231030 14:03:07.789" endtime="20231030 14:03:07.789"/>
</kw>
<status status="NOT RUN" starttime="20231030 14:03:07.789" endtime="20231030 14:03:07.789"/>
</branch>
<branch type="ELSE IF" condition="${cnt} &gt; 0 and '${type}' == 'percentage'">
<kw name="Random Int" library="FakerLibrary">
<var>${new_text}</var>
<arg>max=100</arg>
<doc>Generate a random integer between two integers ``min`` and ``max`` inclusive
while observing the provided ``step`` value.</doc>
<status status="NOT RUN" starttime="20231030 14:03:07.789" endtime="20231030 14:03:07.789"/>
</kw>
<kw name="Convert To String" library="BuiltIn">
<var>${new_text}</var>
<arg>${new_text}</arg>
<doc>Converts the given item to a Unicode string.</doc>
<status status="NOT RUN" starttime="20231030 14:03:07.789" endtime="20231030 14:03:07.789"/>
</kw>
<status status="NOT RUN" starttime="20231030 14:03:07.789" endtime="20231030 14:03:07.789"/>
</branch>
<branch type="ELSE IF" condition="${cnt} &gt; 0 and '${type}' == 'paragraph'">
<kw name="Paragraph" library="FakerLibrary">
<var>${new_text}</var>
<doc>Generate a paragraph.</doc>
<status status="NOT RUN" starttime="20231030 14:03:07.789" endtime="20231030 14:03:07.789"/>
</kw>
<status status="NOT RUN" starttime="20231030 14:03:07.789" endtime="20231030 14:03:07.789"/>
</branch>
<branch type="ELSE IF" condition="${cnt} &gt; 0 and '${type}' == 'email'">
<kw name="Email" library="FakerLibrary">
<var>${new_text}</var>
<status status="NOT RUN" starttime="20231030 14:03:07.789" endtime="20231030 14:03:07.789"/>
</kw>
<status status="NOT RUN" starttime="20231030 14:03:07.789" endtime="20231030 14:03:07.789"/>
</branch>
<branch type="ELSE IF" condition="${cnt} &gt; 0 and '${type}' == 'phone'">
<kw name="Random Int" library="FakerLibrary">
<var>${new_text}</var>
<arg>min=2000000000</arg>
<arg>max=9999999999</arg>
<doc>Generate a random integer between two integers ``min`` and ``max`` inclusive
while observing the provided ``step`` value.</doc>
<status status="NOT RUN" starttime="20231030 14:03:07.789" endtime="20231030 14:03:07.789"/>
</kw>
<kw name="Convert To String" library="BuiltIn">
<var>${new_text}</var>
<arg>${new_text}</arg>
<doc>Converts the given item to a Unicode string.</doc>
<status status="NOT RUN" starttime="20231030 14:03:07.789" endtime="20231030 14:03:07.789"/>
</kw>
<kw name="Catenate" library="BuiltIn">
<var>${new_text}</var>
<arg>SEPARATOR=</arg>
<arg>0</arg>
<arg>${new_text}</arg>
<doc>Catenates the given items together and returns the resulted string.</doc>
<status status="NOT RUN" starttime="20231030 14:03:07.805" endtime="20231030 14:03:07.805"/>
</kw>
<status status="NOT RUN" starttime="20231030 14:03:07.789" endtime="20231030 14:03:07.805"/>
</branch>
<branch type="ELSE IF" condition="${cnt} &gt; 0 and '${type}' == 'color'">
<kw name="Safe Hex Color" library="FakerLibrary">
<var>${new_text}</var>
<doc>Generate a web-safe color formatted as a hex triplet.</doc>
<status status="NOT RUN" starttime="20231030 14:03:07.805" endtime="20231030 14:03:07.805"/>
</kw>
<status status="NOT RUN" starttime="20231030 14:03:07.805" endtime="20231030 14:03:07.805"/>
</branch>
<branch type="ELSE IF" condition="${cnt} &gt; 0 and &quot;${type}&quot; == 'password'">
<kw name="Password" library="FakerLibrary">
<var>${new_text}</var>
<arg>10</arg>
<arg>True</arg>
<arg>True</arg>
<arg>True</arg>
<arg>True</arg>
<doc>Generate a random password of the specified ``length``.</doc>
<status status="NOT RUN" starttime="20231030 14:03:07.805" endtime="20231030 14:03:07.805"/>
</kw>
<status status="NOT RUN" starttime="20231030 14:03:07.805" endtime="20231030 14:03:07.805"/>
</branch>
<branch type="ELSE IF" condition="${cnt} &gt; 0 and '${type}' == 'date'">
<kw name="Date" library="FakerLibrary">
<var>${new_text}</var>
<arg>pattern=%d-%m-%Y</arg>
<doc>Get a date string between January 1, 1970 and now.</doc>
<status status="NOT RUN" starttime="20231030 14:03:07.805" endtime="20231030 14:03:07.805"/>
</kw>
<status status="NOT RUN" starttime="20231030 14:03:07.805" endtime="20231030 14:03:07.805"/>
</branch>
<branch type="ELSE IF" condition="${cnt} &gt; 0 and '${type}' == 'word'">
<kw name="Sentence" library="FakerLibrary">
<var>${new_text}</var>
<arg>nb_words=2</arg>
<doc>Generate a sentence.</doc>
<status status="NOT RUN" starttime="20231030 14:03:07.805" endtime="20231030 14:03:07.805"/>
</kw>
<status status="NOT RUN" starttime="20231030 14:03:07.805" endtime="20231030 14:03:07.805"/>
</branch>
<branch type="ELSE IF" condition="${cnt} &gt; 0">
<kw name="Sentence" library="FakerLibrary">
<var>${new_text}</var>
<doc>Generate a sentence.</doc>
<status status="NOT RUN" starttime="20231030 14:03:07.805" endtime="20231030 14:03:07.805"/>
</kw>
<status status="NOT RUN" starttime="20231030 14:03:07.805" endtime="20231030 14:03:07.805"/>
</branch>
<status status="PASS" starttime="20231030 14:03:07.789" endtime="20231030 14:03:07.805"/>
</if>
<kw name="Get Length" library="BuiltIn">
<var>${cnt}</var>
<arg>${text}</arg>
<doc>Returns and logs the length of the given item as an integer.</doc>
<msg timestamp="20231030 14:03:07.805" level="INFO">Length is 6</msg>
<msg timestamp="20231030 14:03:07.805" level="INFO">${cnt} = 6</msg>
<status status="PASS" starttime="20231030 14:03:07.805" endtime="20231030 14:03:07.805"/>
</kw>
<if>
<branch type="IF" condition="${cnt} &gt; 0">
<kw name="Replace String" library="String">
<var>${text}</var>
<arg>${text}</arg>
<arg>${symbol}</arg>
<arg>${new_text}</arg>
<doc>Replaces ``search_for`` in the given ``string`` with ``replace_with``.</doc>
<msg timestamp="20231030 14:03:07.805" level="INFO">${text} = 123123</msg>
<status status="PASS" starttime="20231030 14:03:07.805" endtime="20231030 14:03:07.805"/>
</kw>
<status status="PASS" starttime="20231030 14:03:07.805" endtime="20231030 14:03:07.805"/>
</branch>
<status status="PASS" starttime="20231030 14:03:07.805" endtime="20231030 14:03:07.805"/>
</if>
<msg timestamp="20231030 14:03:07.805" level="INFO">${text} = 123123</msg>
<status status="PASS" starttime="20231030 14:03:07.783" endtime="20231030 14:03:07.805"/>
</kw>
<kw name="Get Element Form Item By Name" library="common">
<var>${element}</var>
<arg>${name}</arg>
<arg>//input[contains(@class, "ant-input")]</arg>
<msg timestamp="20231030 14:03:07.805" level="INFO">${element} = xpath=//*[contains(@class, "ant-form-item-label")]/label[text()="Mật khẩu"]/../../*[contains(@class, "ant-form-item")]//input[contains(@class, "ant-input")]</msg>
<status status="PASS" starttime="20231030 14:03:07.805" endtime="20231030 14:03:07.805"/>
</kw>
<kw name="Click" library="Browser">
<arg>${element}</arg>
<tag>PageContent</tag>
<tag>Setter</tag>
<doc>Simulates mouse click on the element found by ``selector``.</doc>
<status status="PASS" starttime="20231030 14:03:07.805" endtime="20231030 14:03:07.866"/>
</kw>
<kw name="Clear Text" library="Browser">
<arg>${element}</arg>
<tag>PageContent</tag>
<tag>Setter</tag>
<doc>Clears the text field found by ``selector``.</doc>
<status status="PASS" starttime="20231030 14:03:07.882" endtime="20231030 14:03:07.906"/>
</kw>
<kw name="Fill Text" library="Browser">
<arg>${element}</arg>
<arg>${text}</arg>
<arg>True</arg>
<tag>PageContent</tag>
<tag>Setter</tag>
<doc>Clears and fills the given ``txt`` into the text field found by ``selector``.</doc>
<msg timestamp="20231030 14:03:07.906" level="INFO">Fills the text '123123' in the given field.</msg>
<status status="PASS" starttime="20231030 14:03:07.906" endtime="20231030 14:03:07.937"/>
</kw>
<kw name="Get Length" library="BuiltIn">
<var>${cnt}</var>
<arg>${text}</arg>
<doc>Returns and logs the length of the given item as an integer.</doc>
<msg timestamp="20231030 14:03:07.937" level="INFO">Length is 6</msg>
<msg timestamp="20231030 14:03:07.937" level="INFO">${cnt} = 6</msg>
<status status="PASS" starttime="20231030 14:03:07.937" endtime="20231030 14:03:07.937"/>
</kw>
<if>
<branch type="IF" condition="${cnt} &gt; 0">
<kw name="Set Global Variable" library="BuiltIn">
<arg>\${STATE["${name}"]}</arg>
<arg>${text}</arg>
<doc>Makes a variable available globally in all tests and suites.</doc>
<msg timestamp="20231030 14:03:07.937" level="INFO">${STATE["Mật khẩu"]} = 123123</msg>
<status status="PASS" starttime="20231030 14:03:07.937" endtime="20231030 14:03:07.937"/>
</kw>
<status status="PASS" starttime="20231030 14:03:07.937" endtime="20231030 14:03:07.937"/>
</branch>
<status status="PASS" starttime="20231030 14:03:07.937" endtime="20231030 14:03:07.937"/>
</if>
<status status="PASS" starttime="20231030 14:03:07.783" endtime="20231030 14:03:07.937"/>
</kw>
<kw name="Click &quot;Đăng nhập&quot; button" library="common" sourcename="Click &quot;${text}&quot; button">
<kw name="Sleep" library="BuiltIn">
<arg>${SHOULD_TIMEOUT}</arg>
<doc>Pauses the test executed for the given time.</doc>
<msg timestamp="20231030 14:03:08.037" level="INFO">Slept 100 milliseconds</msg>
<status status="PASS" starttime="20231030 14:03:07.937" endtime="20231030 14:03:08.037"/>
</kw>
<kw name="Get Element Count" library="Browser">
<var>${cnt}</var>
<arg>//button[@title = "${text}"]</arg>
<tag>Assertion</tag>
<tag>Getter</tag>
<tag>PageContent</tag>
<doc>Returns the count of elements found with ``selector``.</doc>
<msg timestamp="20231030 14:03:08.037" level="INFO">${cnt} = 1</msg>
<status status="PASS" starttime="20231030 14:03:08.037" endtime="20231030 14:03:08.037"/>
</kw>
<if>
<branch type="IF" condition="${cnt} &gt; 0">
<kw name="Click" library="Browser">
<arg>xpath=//button[@title = "${text}"]</arg>
<tag>PageContent</tag>
<tag>Setter</tag>
<doc>Simulates mouse click on the element found by ``selector``.</doc>
<status status="PASS" starttime="20231030 14:03:08.037" endtime="20231030 14:03:08.134"/>
</kw>
<kw name="Click Confirm To Action" library="common">
<kw name="Set Variable" library="BuiltIn">
<var>${element}</var>
<arg>xpath=//*[contains(@class, "ant-popover")]//*[contains(@class, "ant-btn-primary")]</arg>
<doc>Returns the given values which can then be assigned to a variables.</doc>
<msg timestamp="20231030 14:03:08.134" level="INFO">${element} = xpath=//*[contains(@class, "ant-popover")]//*[contains(@class, "ant-btn-primary")]</msg>
<status status="PASS" starttime="20231030 14:03:08.134" endtime="20231030 14:03:08.134"/>
</kw>
<kw name="Get Element Count" library="Browser">
<var>${count}</var>
<arg>${element}</arg>
<tag>Assertion</tag>
<tag>Getter</tag>
<tag>PageContent</tag>
<doc>Returns the count of elements found with ``selector``.</doc>
<msg timestamp="20231030 14:03:08.134" level="INFO">${count} = 0</msg>
<status status="PASS" starttime="20231030 14:03:08.134" endtime="20231030 14:03:08.134"/>
</kw>
<if>
<branch type="IF" condition="${count} &gt; 0">
<kw name="Click" library="Browser">
<arg>${element}</arg>
<tag>PageContent</tag>
<tag>Setter</tag>
<doc>Simulates mouse click on the element found by ``selector``.</doc>
<status status="NOT RUN" starttime="20231030 14:03:08.134" endtime="20231030 14:03:08.134"/>
</kw>
<kw name="Sleep" library="BuiltIn">
<arg>${SHOULD_TIMEOUT}</arg>
<doc>Pauses the test executed for the given time.</doc>
<status status="NOT RUN" starttime="20231030 14:03:08.134" endtime="20231030 14:03:08.134"/>
</kw>
<kw name="Wait Until Element Spin" library="common">
<status status="NOT RUN" starttime="20231030 14:03:08.149" endtime="20231030 14:03:08.149"/>
</kw>
<status status="NOT RUN" starttime="20231030 14:03:08.134" endtime="20231030 14:03:08.149"/>
</branch>
<status status="PASS" starttime="20231030 14:03:08.134" endtime="20231030 14:03:08.149"/>
</if>
<status status="PASS" starttime="20231030 14:03:08.134" endtime="20231030 14:03:08.149"/>
</kw>
<kw name="Scroll By" library="Browser">
<arg>${None}</arg>
<tag>PageContent</tag>
<tag>Setter</tag>
<doc>Scrolls an element or the page relative from current position by the given values.</doc>
<msg timestamp="20231030 14:03:08.172" level="INFO">JavaScript executed successfully.</msg>
<msg timestamp="20231030 14:03:08.172" level="INFO">JavaScript executed successfully.</msg>
<msg timestamp="20231030 14:03:08.190" level="INFO">JavaScript executed successfully.</msg>
<msg timestamp="20231030 14:03:08.190" level="INFO">JavaScript executed successfully.</msg>
<msg timestamp="20231030 14:03:08.202" level="INFO">JavaScript executed successfully.</msg>
<status status="PASS" starttime="20231030 14:03:08.149" endtime="20231030 14:03:08.202"/>
</kw>
<status status="PASS" starttime="20231030 14:03:08.037" endtime="20231030 14:03:08.202"/>
</branch>
<branch type="ELSE">
<kw name="Click" library="Browser">
<arg>//span[contains(text(),"${text}")]</arg>
<tag>PageContent</tag>
<tag>Setter</tag>
<doc>Simulates mouse click on the element found by ``selector``.</doc>
<status status="NOT RUN" starttime="20231030 14:03:08.202" endtime="20231030 14:03:08.202"/>
</kw>
<kw name="Click Confirm To Action" library="common">
<status status="NOT RUN" starttime="20231030 14:03:08.202" endtime="20231030 14:03:08.202"/>
</kw>
<kw name="Scroll By" library="Browser">
<arg>${None}</arg>
<tag>PageContent</tag>
<tag>Setter</tag>
<doc>Scrolls an element or the page relative from current position by the given values.</doc>
<status status="NOT RUN" starttime="20231030 14:03:08.202" endtime="20231030 14:03:08.202"/>
</kw>
<status status="NOT RUN" starttime="20231030 14:03:08.202" endtime="20231030 14:03:08.202"/>
</branch>
<status status="PASS" starttime="20231030 14:03:08.037" endtime="20231030 14:03:08.202"/>
</if>
<status status="PASS" starttime="20231030 14:03:07.937" endtime="20231030 14:03:08.202"/>
</kw>
<kw name="User look message &quot;Success&quot; popup" library="common" sourcename="User look message &quot;${message}&quot; popup">
<kw name="Get Regexp Matches" library="String">
<var>${contains}</var>
<arg>${message}</arg>
<arg>_@(.+)@_</arg>
<arg>1</arg>
<doc>Returns a list of all non-overlapping matches in the given string.</doc>
<msg timestamp="20231030 14:03:08.202" level="INFO">${contains} = []</msg>
<status status="PASS" starttime="20231030 14:03:08.202" endtime="20231030 14:03:08.202"/>
</kw>
<kw name="Get Length" library="BuiltIn">
<var>${cnt}</var>
<arg>${contains}</arg>
<doc>Returns and logs the length of the given item as an integer.</doc>
<msg timestamp="20231030 14:03:08.202" level="INFO">Length is 0</msg>
<msg timestamp="20231030 14:03:08.202" level="INFO">${cnt} = 0</msg>
<status status="PASS" starttime="20231030 14:03:08.202" endtime="20231030 14:03:08.202"/>
</kw>
<if>
<branch type="IF" condition="${cnt} &gt; 0">
<kw name="Replace String" library="String">
<var>${message}</var>
<arg>${message}</arg>
<arg>_@${contains[0]}@_</arg>
<arg>${STATE["${contains[0]}"]}</arg>
<doc>Replaces ``search_for`` in the given ``string`` with ``replace_with``.</doc>
<status status="NOT RUN" starttime="20231030 14:03:08.202" endtime="20231030 14:03:08.202"/>
</kw>
<status status="NOT RUN" starttime="20231030 14:03:08.202" endtime="20231030 14:03:08.202"/>
</branch>
<status status="PASS" starttime="20231030 14:03:08.202" endtime="20231030 14:03:08.202"/>
</if>
<kw name="Element Text Should Be" library="common">
<arg>id=swal2-html-container</arg>
<arg>${message}</arg>
<kw name="Get Text" library="Browser">
<arg>${locator}</arg>
<arg>equal</arg>
<arg>${expected}</arg>
<arg>${message}</arg>
<tag>Assertion</tag>
<tag>Getter</tag>
<tag>PageContent</tag>
<doc>Returns text attribute of the element found by ``selector``.</doc>
<msg timestamp="20231030 14:03:08.398" level="INFO">Text: 'Success'</msg>
<status status="PASS" starttime="20231030 14:03:08.202" endtime="20231030 14:03:08.398"/>
</kw>
<status status="PASS" starttime="20231030 14:03:08.202" endtime="20231030 14:03:08.398"/>
</kw>
<kw name="Set Variable" library="BuiltIn">
<var>${element}</var>
<arg>xpath=//*[contains(@class, "swal2-confirm")]</arg>
<doc>Returns the given values which can then be assigned to a variables.</doc>
<msg timestamp="20231030 14:03:08.398" level="INFO">${element} = xpath=//*[contains(@class, "swal2-confirm")]</msg>
<status status="PASS" starttime="20231030 14:03:08.398" endtime="20231030 14:03:08.398"/>
</kw>
<kw name="Run Keyword And Return Status" library="BuiltIn">
<var>${passed}</var>
<arg>Element Should Be Visible</arg>
<arg>${element}</arg>
<doc>Runs the given keyword with given arguments and returns the status as a Boolean value.</doc>
<kw name="Element Should Be Visible" library="common">
<arg>${element}</arg>
<kw name="Wait For Elements State" library="Browser">
<arg>${locator}</arg>
<arg>visible</arg>
<arg>${timeout}</arg>
<arg>${message}</arg>
<tag>PageContent</tag>
<tag>Wait</tag>
<doc>Waits for the element found by ``selector`` to satisfy state option.</doc>
<msg timestamp="20231030 14:03:08.847" level="INFO" html="true">&lt;/td&gt;&lt;/tr&gt;&lt;tr&gt;&lt;td colspan="3"&gt;&lt;a href="browser/screenshot/fail-screenshot-1.png" target="_blank"&gt;&lt;img src="browser/screenshot/fail-screenshot-1.png" width="800px"/&gt;&lt;/a&gt;</msg>
<msg timestamp="20231030 14:03:08.847" level="INFO">See also file:///D:/Intern%20test/Automation/playwright-log.txt for additional details.</msg>
<msg timestamp="20231030 14:03:08.848" level="FAIL">TimeoutError: locator.waitFor: Timeout 100ms exceeded.
=========================== logs ===========================
waiting for locator('xpath=//*[contains(@class, "swal2-confirm")]') to be visible
  locator resolved to hidden &lt;button type="button" aria-label="" class="swal2-confirm…&gt;OK&lt;/button&gt;
  locator resolved to hidden &lt;button type="button" aria-label="" class="swal2-confirm…&gt;OK&lt;/button&gt;
  locator resolved to hidden &lt;button type="button" aria-label="" class="swal2-confirm…&gt;OK&lt;/button&gt;
============================================================
Tip: Use "Set Browser Timeout" for increasing the timeout or double check your locator as the targeted element(s) couldn't be found.</msg>
<status status="FAIL" starttime="20231030 14:03:08.398" endtime="20231030 14:03:08.859"/>
</kw>
<status status="FAIL" starttime="20231030 14:03:08.398" endtime="20231030 14:03:08.859"/>
</kw>
<msg timestamp="20231030 14:03:08.860" level="INFO">${passed} = False</msg>
<status status="PASS" starttime="20231030 14:03:08.398" endtime="20231030 14:03:08.860"/>
</kw>
<if>
<branch type="IF" condition="'${passed}' == 'True'">
<kw name="Click" library="Browser">
<arg>${element}</arg>
<tag>PageContent</tag>
<tag>Setter</tag>
<doc>Simulates mouse click on the element found by ``selector``.</doc>
<status status="NOT RUN" starttime="20231030 14:03:08.860" endtime="20231030 14:03:08.860"/>
</kw>
<status status="NOT RUN" starttime="20231030 14:03:08.860" endtime="20231030 14:03:08.860"/>
</branch>
<status status="PASS" starttime="20231030 14:03:08.860" endtime="20231030 14:03:08.860"/>
</if>
<status status="PASS" starttime="20231030 14:03:08.202" endtime="20231030 14:03:08.861"/>
</kw>
<status status="PASS" starttime="20231030 14:03:07.189" endtime="20231030 14:03:08.862"/>
</kw>
<kw name="When Click &quot;QUẢN LÝ TÀI KHOẢN&quot; menu" library="common" sourcename="Click &quot;${text}&quot; menu">
<kw name="Click" library="Browser">
<arg>xpath=//li[contains(@class, "menu") and descendant::span[contains(text(), "${text}")]]</arg>
<tag>PageContent</tag>
<tag>Setter</tag>
<doc>Simulates mouse click on the element found by ``selector``.</doc>
<status status="PASS" starttime="20231030 14:03:08.864" endtime="20231030 14:03:10.418"/>
</kw>
<status status="PASS" starttime="20231030 14:03:08.863" endtime="20231030 14:03:10.418"/>
</kw>
<kw name="When Click &quot;Tài khoản Người dùng&quot; sub menu to &quot;/customer-account&quot;" library="common" sourcename="Click &quot;${text}&quot; sub menu to &quot;${url}&quot;">
<kw name="Wait Until Element Spin" library="common">
<kw name="Sleep" library="BuiltIn">
<arg>${SHOULD_TIMEOUT}</arg>
<doc>Pauses the test executed for the given time.</doc>
<msg timestamp="20231030 14:03:10.521" level="INFO">Slept 100 milliseconds</msg>
<status status="PASS" starttime="20231030 14:03:10.420" endtime="20231030 14:03:10.521"/>
</kw>
<kw name="Set Variable" library="BuiltIn">
<var>${element}</var>
<arg>xpath=//*[contains(@class, "ant-spin-spinning")]</arg>
<doc>Returns the given values which can then be assigned to a variables.</doc>
<msg timestamp="20231030 14:03:10.521" level="INFO">${element} = xpath=//*[contains(@class, "ant-spin-spinning")]</msg>
<status status="PASS" starttime="20231030 14:03:10.521" endtime="20231030 14:03:10.521"/>
</kw>
<kw name="Get Element Count" library="Browser">
<var>${count}</var>
<arg>${element}</arg>
<tag>Assertion</tag>
<tag>Getter</tag>
<tag>PageContent</tag>
<doc>Returns the count of elements found with ``selector``.</doc>
<msg timestamp="20231030 14:03:10.527" level="INFO">${count} = 0</msg>
<status status="PASS" starttime="20231030 14:03:10.522" endtime="20231030 14:03:10.527"/>
</kw>
<if>
<branch type="IF" condition="${count} &gt; 0">
<kw name="Wait Until Page Does Not Contain Element" library="common">
<arg>${element}</arg>
<status status="NOT RUN" starttime="20231030 14:03:10.528" endtime="20231030 14:03:10.528"/>
</kw>
<status status="NOT RUN" starttime="20231030 14:03:10.527" endtime="20231030 14:03:10.528"/>
</branch>
<status status="PASS" starttime="20231030 14:03:10.527" endtime="20231030 14:03:10.528"/>
</if>
<status status="PASS" starttime="20231030 14:03:10.419" endtime="20231030 14:03:10.529"/>
</kw>
<kw name="Click" library="Browser">
<arg>xpath=//a[contains(@class, "sub-menu") and descendant::span[contains(text(), "${text}")]]</arg>
<tag>PageContent</tag>
<tag>Setter</tag>
<doc>Simulates mouse click on the element found by ``selector``.</doc>
<status status="PASS" starttime="20231030 14:03:10.529" endtime="20231030 14:03:10.853"/>
</kw>
<kw name="Get Url" library="Browser">
<var>${curent_url}</var>
<tag>Assertion</tag>
<tag>Getter</tag>
<tag>PageContent</tag>
<doc>Returns the current URL.</doc>
<msg timestamp="20231030 14:03:10.853" level="INFO">${curent_url} = http://dev1.geneat.vn:7802/vn/customer-account</msg>
<status status="PASS" starttime="20231030 14:03:10.853" endtime="20231030 14:03:10.853"/>
</kw>
<kw name="Should Contain" library="BuiltIn">
<arg>${curent_url}</arg>
<arg>${URL_DEFAULT}${url}</arg>
<doc>Fails if ``container`` does not contain ``item`` one or more times.</doc>
<status status="PASS" starttime="20231030 14:03:10.853" endtime="20231030 14:03:10.853"/>
</kw>
<status status="PASS" starttime="20231030 14:03:10.419" endtime="20231030 14:03:10.853"/>
</kw>
<kw name="Then Heading should contain &quot;Danh sách tài khoản khách hàng&quot; inner Text" library="common" sourcename="Heading should contain &quot;${text}&quot; inner Text">
<kw name="Get Text" library="Browser">
<arg>//h2</arg>
<arg>equal</arg>
<arg>${text}</arg>
<tag>Assertion</tag>
<tag>Getter</tag>
<tag>PageContent</tag>
<doc>Returns text attribute of the element found by ``selector``.</doc>
<msg timestamp="20231030 14:03:11.261" level="INFO">Text: 'Danh sách tài khoản khách hàng'</msg>
<status status="PASS" starttime="20231030 14:03:10.930" endtime="20231030 14:03:11.261"/>
</kw>
<status status="PASS" starttime="20231030 14:03:10.930" endtime="20231030 14:03:11.261"/>
</kw>
<kw name="Then Webpage should contain the list data from database" library="common">
<kw name="Get Element" library="Browser">
<var>${element}</var>
<arg>//div[contains(@class,'datatable-wrapper')]</arg>
<tag>Getter</tag>
<tag>PageContent</tag>
<doc>Returns a reference to a Playwright [https://playwright.dev/docs/api/class-locator|Locator].</doc>
<msg timestamp="20231030 14:03:11.280" level="INFO">Locator found successfully.</msg>
<msg timestamp="20231030 14:03:11.281" level="INFO">${element} = //div[contains(@class,'datatable-wrapper')]</msg>
<status status="PASS" starttime="20231030 14:03:11.271" endtime="20231030 14:03:11.281"/>
</kw>
<kw name="Get Element Count" library="Browser">
<var>${count}</var>
<arg>${element}</arg>
<tag>Assertion</tag>
<tag>Getter</tag>
<tag>PageContent</tag>
<doc>Returns the count of elements found with ``selector``.</doc>
<msg timestamp="20231030 14:03:11.290" level="INFO">${count} = 1</msg>
<status status="PASS" starttime="20231030 14:03:11.281" endtime="20231030 14:03:11.290"/>
</kw>
<if>
<branch type="IF" condition="${count} &gt; 0">
<kw name="Set Global Variable" library="BuiltIn">
<arg>\${STATE["${count}"]}</arg>
<arg>${count}</arg>
<doc>Makes a variable available globally in all tests and suites.</doc>
<msg timestamp="20231030 14:03:11.292" level="INFO">${STATE["1"]} = 1</msg>
<status status="PASS" starttime="20231030 14:03:11.291" endtime="20231030 14:03:11.292"/>
</kw>
<status status="PASS" starttime="20231030 14:03:11.290" endtime="20231030 14:03:11.292"/>
</branch>
<status status="PASS" starttime="20231030 14:03:11.290" endtime="20231030 14:03:11.292"/>
</if>
<status status="PASS" starttime="20231030 14:03:11.271" endtime="20231030 14:03:11.293"/>
</kw>
<kw name="Then Webpage should contain the search function" library="common">
<kw name="Get Element" library="Browser">
<var>${element}</var>
<arg>//*[contains(@class,'flex-col')]//label[contains(text(),"Tìm kiếm")]</arg>
<tag>Getter</tag>
<tag>PageContent</tag>
<doc>Returns a reference to a Playwright [https://playwright.dev/docs/api/class-locator|Locator].</doc>
<msg timestamp="20231030 14:03:11.307" level="INFO">Locator found successfully.</msg>
<msg timestamp="20231030 14:03:11.308" level="INFO">${element} = //*[contains(@class,'flex-col')]//label[contains(text(),"Tìm kiếm")]</msg>
<status status="PASS" starttime="20231030 14:03:11.295" endtime="20231030 14:03:11.308"/>
</kw>
<kw name="Get Element Count" library="Browser">
<var>${count}</var>
<arg>${element}</arg>
<tag>Assertion</tag>
<tag>Getter</tag>
<tag>PageContent</tag>
<doc>Returns the count of elements found with ``selector``.</doc>
<msg timestamp="20231030 14:03:11.316" level="INFO">${count} = 1</msg>
<status status="PASS" starttime="20231030 14:03:11.308" endtime="20231030 14:03:11.316"/>
</kw>
<kw name="Should Be True" library="BuiltIn">
<arg>${count} &gt;= 1</arg>
<doc>Fails if the given condition is not true.</doc>
<status status="PASS" starttime="20231030 14:03:11.316" endtime="20231030 14:03:11.316"/>
</kw>
<status status="PASS" starttime="20231030 14:03:11.293" endtime="20231030 14:03:11.316"/>
</kw>
<kw name="Then Webpage should contain the &quot;Ngày tham gia&quot; filter function" library="common" sourcename="Webpage should contain the &quot;${name}&quot; filter function">
<kw name="Get Element" library="Browser">
<var>${element}</var>
<arg>//*[contains(@class,'flex-col')]//label[contains(text(),"${name}")]</arg>
<tag>Getter</tag>
<tag>PageContent</tag>
<doc>Returns a reference to a Playwright [https://playwright.dev/docs/api/class-locator|Locator].</doc>
<msg timestamp="20231030 14:03:11.341" level="INFO">Locator found successfully.</msg>
<msg timestamp="20231030 14:03:11.341" level="INFO">${element} = //*[contains(@class,'flex-col')]//label[contains(text(),"Ngày tham gia")]</msg>
<status status="PASS" starttime="20231030 14:03:11.316" endtime="20231030 14:03:11.341"/>
</kw>
<kw name="Get Element Count" library="Browser">
<var>${count}</var>
<arg>${element}</arg>
<tag>Assertion</tag>
<tag>Getter</tag>
<tag>PageContent</tag>
<doc>Returns the count of elements found with ``selector``.</doc>
<msg timestamp="20231030 14:03:11.369" level="INFO">${count} = 1</msg>
<status status="PASS" starttime="20231030 14:03:11.343" endtime="20231030 14:03:11.369"/>
</kw>
<kw name="Should Be True" library="BuiltIn">
<arg>${count} &gt;= 1</arg>
<doc>Fails if the given condition is not true.</doc>
<status status="PASS" starttime="20231030 14:03:11.369" endtime="20231030 14:03:11.369"/>
</kw>
<status status="PASS" starttime="20231030 14:03:11.316" endtime="20231030 14:03:11.369"/>
</kw>
<kw name="Then Webpage should contain the &quot;Loại tài khoản&quot; filter function" library="common" sourcename="Webpage should contain the &quot;${name}&quot; filter function">
<kw name="Get Element" library="Browser">
<var>${element}</var>
<arg>//*[contains(@class,'flex-col')]//label[contains(text(),"${name}")]</arg>
<tag>Getter</tag>
<tag>PageContent</tag>
<doc>Returns a reference to a Playwright [https://playwright.dev/docs/api/class-locator|Locator].</doc>
<msg timestamp="20231030 14:03:11.409" level="INFO">Locator found successfully.</msg>
<msg timestamp="20231030 14:03:11.409" level="INFO">${element} = //*[contains(@class,'flex-col')]//label[contains(text(),"Loại tài khoản")]</msg>
<status status="PASS" starttime="20231030 14:03:11.376" endtime="20231030 14:03:11.409"/>
</kw>
<kw name="Get Element Count" library="Browser">
<var>${count}</var>
<arg>${element}</arg>
<tag>Assertion</tag>
<tag>Getter</tag>
<tag>PageContent</tag>
<doc>Returns the count of elements found with ``selector``.</doc>
<msg timestamp="20231030 14:03:11.423" level="INFO">${count} = 1</msg>
<status status="PASS" starttime="20231030 14:03:11.410" endtime="20231030 14:03:11.423"/>
</kw>
<kw name="Should Be True" library="BuiltIn">
<arg>${count} &gt;= 1</arg>
<doc>Fails if the given condition is not true.</doc>
<status status="PASS" starttime="20231030 14:03:11.423" endtime="20231030 14:03:11.423"/>
</kw>
<status status="PASS" starttime="20231030 14:03:11.374" endtime="20231030 14:03:11.423"/>
</kw>
<kw name="Then Webpage should contain the &quot;Trạng thái&quot; filter function" library="common" sourcename="Webpage should contain the &quot;${name}&quot; filter function">
<kw name="Get Element" library="Browser">
<var>${element}</var>
<arg>//*[contains(@class,'flex-col')]//label[contains(text(),"${name}")]</arg>
<tag>Getter</tag>
<tag>PageContent</tag>
<doc>Returns a reference to a Playwright [https://playwright.dev/docs/api/class-locator|Locator].</doc>
<msg timestamp="20231030 14:03:11.435" level="INFO">Locator found successfully.</msg>
<msg timestamp="20231030 14:03:11.435" level="INFO">${element} = //*[contains(@class,'flex-col')]//label[contains(text(),"Trạng thái")]</msg>
<status status="PASS" starttime="20231030 14:03:11.433" endtime="20231030 14:03:11.435"/>
</kw>
<kw name="Get Element Count" library="Browser">
<var>${count}</var>
<arg>${element}</arg>
<tag>Assertion</tag>
<tag>Getter</tag>
<tag>PageContent</tag>
<doc>Returns the count of elements found with ``selector``.</doc>
<msg timestamp="20231030 14:03:11.448" level="INFO">${count} = 1</msg>
<status status="PASS" starttime="20231030 14:03:11.435" endtime="20231030 14:03:11.448"/>
</kw>
<kw name="Should Be True" library="BuiltIn">
<arg>${count} &gt;= 1</arg>
<doc>Fails if the given condition is not true.</doc>
<status status="PASS" starttime="20231030 14:03:11.448" endtime="20231030 14:03:11.448"/>
</kw>
<status status="PASS" starttime="20231030 14:03:11.432" endtime="20231030 14:03:11.448"/>
</kw>
<kw name="Then Webpage should contain the &quot;Kích hoạt&quot; filter function" library="common" sourcename="Webpage should contain the &quot;${name}&quot; filter function">
<kw name="Get Element" library="Browser">
<var>${element}</var>
<arg>//*[contains(@class,'flex-col')]//label[contains(text(),"${name}")]</arg>
<tag>Getter</tag>
<tag>PageContent</tag>
<doc>Returns a reference to a Playwright [https://playwright.dev/docs/api/class-locator|Locator].</doc>
<msg timestamp="20231030 14:03:11.465" level="INFO">Locator found successfully.</msg>
<msg timestamp="20231030 14:03:11.465" level="INFO">${element} = //*[contains(@class,'flex-col')]//label[contains(text(),"Kích hoạt")]</msg>
<status status="PASS" starttime="20231030 14:03:11.448" endtime="20231030 14:03:11.465"/>
</kw>
<kw name="Get Element Count" library="Browser">
<var>${count}</var>
<arg>${element}</arg>
<tag>Assertion</tag>
<tag>Getter</tag>
<tag>PageContent</tag>
<doc>Returns the count of elements found with ``selector``.</doc>
<msg timestamp="20231030 14:03:11.481" level="INFO">${count} = 1</msg>
<status status="PASS" starttime="20231030 14:03:11.465" endtime="20231030 14:03:11.481"/>
</kw>
<kw name="Should Be True" library="BuiltIn">
<arg>${count} &gt;= 1</arg>
<doc>Fails if the given condition is not true.</doc>
<status status="PASS" starttime="20231030 14:03:11.481" endtime="20231030 14:03:11.481"/>
</kw>
<status status="PASS" starttime="20231030 14:03:11.448" endtime="20231030 14:03:11.481"/>
</kw>
<kw name="Tear Down" library="common" type="TEARDOWN">
<kw name="Close Browser" library="Browser">
<arg>ALL</arg>
<tag>BrowserControl</tag>
<tag>Setter</tag>
<doc>Closes the current browser.</doc>
<msg timestamp="20231030 14:03:12.294" level="INFO">Closed all browsers</msg>
<status status="PASS" starttime="20231030 14:03:11.481" endtime="20231030 14:03:12.294"/>
</kw>
<status status="PASS" starttime="20231030 14:03:11.481" endtime="20231030 14:03:12.295"/>
</kw>
<tag>MainPage</tag>
<tag>Smoketest</tag>
<tag>UI</tag>
<status status="PASS" starttime="20231030 14:03:02.904" endtime="20231030 14:03:12.295"/>
</test>
<test id="s1-t2" name="CA_02 Verify the function changing the number of accounts show in each list" line="26">
<kw name="Setup" library="common" type="SETUP">
<kw name="Set Browser Timeout" library="Browser">
<arg>${BROWSER_TIMEOUT}</arg>
<tag>Config</tag>
<tag>Setter</tag>
<doc>Sets the timeout used by most input and getter keywords.</doc>
<status status="PASS" starttime="20231030 14:03:12.307" endtime="20231030 14:03:12.308"/>
</kw>
<kw name="New Browser" library="Browser">
<arg>${BROWSER}</arg>
<arg>headless=${HEADLESS}</arg>
<tag>BrowserControl</tag>
<tag>Setter</tag>
<doc>Create a new playwright Browser with specified options.</doc>
<msg timestamp="20231030 14:03:12.309" level="INFO">{"browser": "chromium", "headless": false, "chromiumSandbox": false, "devtools": false, "handleSIGHUP": true, "handleSIGINT": true, "handleSIGTERM": true, "ignoreDefaultArgs": false, "slowMo": 0.0, "timeout": 30000.0, "tracesDir": "D:\\Intern test\\Automation\\browser\\traces\\3a81e38c-c622-42e5-a155-e9db556d1412"}</msg>
<msg timestamp="20231030 14:03:13.312" level="INFO">Successfully created browser with options: {"browser":"chromium","headless":false,"chromiumSandbox":false,"devtools":false,"handleSIGHUP":true,"handleSIGINT":true,"handleSIGTERM":true,"ignoreDefaultArgs":false,"slowMo":0,"timeout":30000,"tracesDir":"D:\\Intern test\\Automation\\browser\\traces\\3a81e38c-c622-42e5-a155-e9db556d1412"}</msg>
<status status="PASS" starttime="20231030 14:03:12.308" endtime="20231030 14:03:13.312"/>
</kw>
<kw name="New Page" library="Browser">
<arg>${URL_DEFAULT}</arg>
<tag>BrowserControl</tag>
<tag>Setter</tag>
<doc>Open a new Page.</doc>
<msg timestamp="20231030 14:03:16.142" level="INFO">Successfully initialized new page object and opened url: http://dev1.geneat.vn:7802/vn</msg>
<msg timestamp="20231030 14:03:16.142" level="INFO">No context was open. New context was automatically opened when this page is created.</msg>
<status status="PASS" starttime="20231030 14:03:13.312" endtime="20231030 14:03:16.142"/>
</kw>
<kw name="Evaluate" library="BuiltIn">
<var>${STATE}</var>
<arg>json.loads('''{}''')</arg>
<arg>json</arg>
<doc>Evaluates the given expression in Python and returns the result.</doc>
<msg timestamp="20231030 14:03:16.145" level="INFO">${STATE} = {}</msg>
<status status="PASS" starttime="20231030 14:03:16.143" endtime="20231030 14:03:16.145"/>
</kw>
<status status="PASS" starttime="20231030 14:03:12.307" endtime="20231030 14:03:16.146"/>
</kw>
<kw name="Go to &quot;Customer Account&quot; page" sourcename="Go to &quot;${page}&quot; page">
<kw name="Login to admin" library="common">
<kw name="Enter &quot;email&quot; in &quot;Email&quot; with &quot;admin@gmail.com&quot;" library="common" sourcename="Enter &quot;${type}&quot; in &quot;${name}&quot; with &quot;${text}&quot;">
<kw name="Get Random Text" library="common">
<var>${text}</var>
<arg>${type}</arg>
<arg>${text}</arg>
<kw name="Set Variable" library="BuiltIn">
<var>${symbol}</var>
<arg>_RANDOM_</arg>
<doc>Returns the given values which can then be assigned to a variables.</doc>
<msg timestamp="20231030 14:03:16.151" level="INFO">${symbol} = _RANDOM_</msg>
<status status="PASS" starttime="20231030 14:03:16.151" endtime="20231030 14:03:16.151"/>
</kw>
<kw name="Set Variable" library="BuiltIn">
<var>${new_text}</var>
<doc>Returns the given values which can then be assigned to a variables.</doc>
<msg timestamp="20231030 14:03:16.151" level="INFO">${new_text} = </msg>
<status status="PASS" starttime="20231030 14:03:16.151" endtime="20231030 14:03:16.151"/>
</kw>
<kw name="Get Regexp Matches" library="String">
<var>${containsS}</var>
<arg>${text}</arg>
<arg>_@(.+)@_</arg>
<arg>1</arg>
<doc>Returns a list of all non-overlapping matches in the given string.</doc>
<msg timestamp="20231030 14:03:16.151" level="INFO">${containsS} = []</msg>
<status status="PASS" starttime="20231030 14:03:16.151" endtime="20231030 14:03:16.151"/>
</kw>
<kw name="Get Length" library="BuiltIn">
<var>${cntS}</var>
<arg>${containsS}</arg>
<doc>Returns and logs the length of the given item as an integer.</doc>
<msg timestamp="20231030 14:03:16.151" level="INFO">Length is 0</msg>
<msg timestamp="20231030 14:03:16.151" level="INFO">${cntS} = 0</msg>
<status status="PASS" starttime="20231030 14:03:16.151" endtime="20231030 14:03:16.151"/>
</kw>
<kw name="Get Regexp Matches" library="String">
<var>${contains}</var>
<arg>${text}</arg>
<arg>${symbol}</arg>
<doc>Returns a list of all non-overlapping matches in the given string.</doc>
<msg timestamp="20231030 14:03:16.151" level="INFO">${contains} = []</msg>
<status status="PASS" starttime="20231030 14:03:16.151" endtime="20231030 14:03:16.151"/>
</kw>
<kw name="Get Length" library="BuiltIn">
<var>${cnt}</var>
<arg>${contains}</arg>
<doc>Returns and logs the length of the given item as an integer.</doc>
<msg timestamp="20231030 14:03:16.151" level="INFO">Length is 0</msg>
<msg timestamp="20231030 14:03:16.151" level="INFO">${cnt} = 0</msg>
<status status="PASS" starttime="20231030 14:03:16.151" endtime="20231030 14:03:16.151"/>
</kw>
<if>
<branch type="IF" condition="${cntS} &gt; 0">
<kw name="Set Variable" library="BuiltIn">
<var>${new_text}</var>
<arg>${STATE["${containsS[0]}"]}</arg>
<doc>Returns the given values which can then be assigned to a variables.</doc>
<status status="NOT RUN" starttime="20231030 14:03:16.162" endtime="20231030 14:03:16.162"/>
</kw>
<kw name="Set Variable" library="BuiltIn">
<var>${symbol}</var>
<arg>_@${containsS[0]}@_</arg>
<doc>Returns the given values which can then be assigned to a variables.</doc>
<status status="NOT RUN" starttime="20231030 14:03:16.162" endtime="20231030 14:03:16.163"/>
</kw>
<status status="NOT RUN" starttime="20231030 14:03:16.151" endtime="20231030 14:03:16.163"/>
</branch>
<branch type="ELSE IF" condition="${cnt} &gt; 0 and '${type}' == 'test name'">
<kw name="Sentence" library="FakerLibrary">
<var>${random}</var>
<arg>nb_words=3</arg>
<doc>Generate a sentence.</doc>
<status status="NOT RUN" starttime="20231030 14:03:16.164" endtime="20231030 14:03:16.164"/>
</kw>
<kw name="Split String" library="String">
<var>${words}</var>
<arg>${TEST NAME}</arg>
<arg>${SPACE}</arg>
<doc>Splits the ``string`` using ``separator`` as a delimiter string.</doc>
<status status="NOT RUN" starttime="20231030 14:03:16.164" endtime="20231030 14:03:16.164"/>
</kw>
<kw name="Set Variable" library="BuiltIn">
<var>${new_text}</var>
<arg>${words[0]} ${random}</arg>
<doc>Returns the given values which can then be assigned to a variables.</doc>
<status status="NOT RUN" starttime="20231030 14:03:16.165" endtime="20231030 14:03:16.165"/>
</kw>
<status status="NOT RUN" starttime="20231030 14:03:16.163" endtime="20231030 14:03:16.165"/>
</branch>
<branch type="ELSE IF" condition="${cnt} &gt; 0 and '${type}' == 'number'">
<kw name="Random Int" library="FakerLibrary">
<var>${new_text}</var>
<doc>Generate a random integer between two integers ``min`` and ``max`` inclusive
while observing the provided ``step`` value.</doc>
<status status="NOT RUN" starttime="20231030 14:03:16.166" endtime="20231030 14:03:16.166"/>
</kw>
<kw name="Convert To String" library="BuiltIn">
<var>${new_text}</var>
<arg>${new_text}</arg>
<doc>Converts the given item to a Unicode string.</doc>
<status status="NOT RUN" starttime="20231030 14:03:16.166" endtime="20231030 14:03:16.167"/>
</kw>
<status status="NOT RUN" starttime="20231030 14:03:16.165" endtime="20231030 14:03:16.167"/>
</branch>
<branch type="ELSE IF" condition="${cnt} &gt; 0 and '${type}' == 'percentage'">
<kw name="Random Int" library="FakerLibrary">
<var>${new_text}</var>
<arg>max=100</arg>
<doc>Generate a random integer between two integers ``min`` and ``max`` inclusive
while observing the provided ``step`` value.</doc>
<status status="NOT RUN" starttime="20231030 14:03:16.168" endtime="20231030 14:03:16.168"/>
</kw>
<kw name="Convert To String" library="BuiltIn">
<var>${new_text}</var>
<arg>${new_text}</arg>
<doc>Converts the given item to a Unicode string.</doc>
<status status="NOT RUN" starttime="20231030 14:03:16.168" endtime="20231030 14:03:16.169"/>
</kw>
<status status="NOT RUN" starttime="20231030 14:03:16.167" endtime="20231030 14:03:16.169"/>
</branch>
<branch type="ELSE IF" condition="${cnt} &gt; 0 and '${type}' == 'paragraph'">
<kw name="Paragraph" library="FakerLibrary">
<var>${new_text}</var>
<doc>Generate a paragraph.</doc>
<status status="NOT RUN" starttime="20231030 14:03:16.170" endtime="20231030 14:03:16.170"/>
</kw>
<status status="NOT RUN" starttime="20231030 14:03:16.169" endtime="20231030 14:03:16.170"/>
</branch>
<branch type="ELSE IF" condition="${cnt} &gt; 0 and '${type}' == 'email'">
<kw name="Email" library="FakerLibrary">
<var>${new_text}</var>
<status status="NOT RUN" starttime="20231030 14:03:16.171" endtime="20231030 14:03:16.171"/>
</kw>
<status status="NOT RUN" starttime="20231030 14:03:16.170" endtime="20231030 14:03:16.171"/>
</branch>
<branch type="ELSE IF" condition="${cnt} &gt; 0 and '${type}' == 'phone'">
<kw name="Random Int" library="FakerLibrary">
<var>${new_text}</var>
<arg>min=2000000000</arg>
<arg>max=9999999999</arg>
<doc>Generate a random integer between two integers ``min`` and ``max`` inclusive
while observing the provided ``step`` value.</doc>
<status status="NOT RUN" starttime="20231030 14:03:16.172" endtime="20231030 14:03:16.172"/>
</kw>
<kw name="Convert To String" library="BuiltIn">
<var>${new_text}</var>
<arg>${new_text}</arg>
<doc>Converts the given item to a Unicode string.</doc>
<status status="NOT RUN" starttime="20231030 14:03:16.173" endtime="20231030 14:03:16.173"/>
</kw>
<kw name="Catenate" library="BuiltIn">
<var>${new_text}</var>
<arg>SEPARATOR=</arg>
<arg>0</arg>
<arg>${new_text}</arg>
<doc>Catenates the given items together and returns the resulted string.</doc>
<status status="NOT RUN" starttime="20231030 14:03:16.173" endtime="20231030 14:03:16.173"/>
</kw>
<status status="NOT RUN" starttime="20231030 14:03:16.171" endtime="20231030 14:03:16.173"/>
</branch>
<branch type="ELSE IF" condition="${cnt} &gt; 0 and '${type}' == 'color'">
<kw name="Safe Hex Color" library="FakerLibrary">
<var>${new_text}</var>
<doc>Generate a web-safe color formatted as a hex triplet.</doc>
<status status="NOT RUN" starttime="20231030 14:03:16.174" endtime="20231030 14:03:16.175"/>
</kw>
<status status="NOT RUN" starttime="20231030 14:03:16.174" endtime="20231030 14:03:16.175"/>
</branch>
<branch type="ELSE IF" condition="${cnt} &gt; 0 and &quot;${type}&quot; == 'password'">
<kw name="Password" library="FakerLibrary">
<var>${new_text}</var>
<arg>10</arg>
<arg>True</arg>
<arg>True</arg>
<arg>True</arg>
<arg>True</arg>
<doc>Generate a random password of the specified ``length``.</doc>
<status status="NOT RUN" starttime="20231030 14:03:16.176" endtime="20231030 14:03:16.176"/>
</kw>
<status status="NOT RUN" starttime="20231030 14:03:16.175" endtime="20231030 14:03:16.176"/>
</branch>
<branch type="ELSE IF" condition="${cnt} &gt; 0 and '${type}' == 'date'">
<kw name="Date" library="FakerLibrary">
<var>${new_text}</var>
<arg>pattern=%d-%m-%Y</arg>
<doc>Get a date string between January 1, 1970 and now.</doc>
<status status="NOT RUN" starttime="20231030 14:03:16.181" endtime="20231030 14:03:16.181"/>
</kw>
<status status="NOT RUN" starttime="20231030 14:03:16.176" endtime="20231030 14:03:16.181"/>
</branch>
<branch type="ELSE IF" condition="${cnt} &gt; 0 and '${type}' == 'word'">
<kw name="Sentence" library="FakerLibrary">
<var>${new_text}</var>
<arg>nb_words=2</arg>
<doc>Generate a sentence.</doc>
<status status="NOT RUN" starttime="20231030 14:03:16.181" endtime="20231030 14:03:16.181"/>
</kw>
<status status="NOT RUN" starttime="20231030 14:03:16.181" endtime="20231030 14:03:16.181"/>
</branch>
<branch type="ELSE IF" condition="${cnt} &gt; 0">
<kw name="Sentence" library="FakerLibrary">
<var>${new_text}</var>
<doc>Generate a sentence.</doc>
<status status="NOT RUN" starttime="20231030 14:03:16.181" endtime="20231030 14:03:16.181"/>
</kw>
<status status="NOT RUN" starttime="20231030 14:03:16.181" endtime="20231030 14:03:16.181"/>
</branch>
<status status="PASS" starttime="20231030 14:03:16.151" endtime="20231030 14:03:16.181"/>
</if>
<kw name="Get Length" library="BuiltIn">
<var>${cnt}</var>
<arg>${text}</arg>
<doc>Returns and logs the length of the given item as an integer.</doc>
<msg timestamp="20231030 14:03:16.181" level="INFO">Length is 15</msg>
<msg timestamp="20231030 14:03:16.181" level="INFO">${cnt} = 15</msg>
<status status="PASS" starttime="20231030 14:03:16.181" endtime="20231030 14:03:16.181"/>
</kw>
<if>
<branch type="IF" condition="${cnt} &gt; 0">
<kw name="Replace String" library="String">
<var>${text}</var>
<arg>${text}</arg>
<arg>${symbol}</arg>
<arg>${new_text}</arg>
<doc>Replaces ``search_for`` in the given ``string`` with ``replace_with``.</doc>
<msg timestamp="20231030 14:03:16.181" level="INFO">${text} = admin@gmail.com</msg>
<status status="PASS" starttime="20231030 14:03:16.181" endtime="20231030 14:03:16.181"/>
</kw>
<status status="PASS" starttime="20231030 14:03:16.181" endtime="20231030 14:03:16.181"/>
</branch>
<status status="PASS" starttime="20231030 14:03:16.181" endtime="20231030 14:03:16.181"/>
</if>
<msg timestamp="20231030 14:03:16.181" level="INFO">${text} = admin@gmail.com</msg>
<status status="PASS" starttime="20231030 14:03:16.151" endtime="20231030 14:03:16.181"/>
</kw>
<kw name="Get Element Form Item By Name" library="common">
<var>${element}</var>
<arg>${name}</arg>
<arg>//input[contains(@class, "ant-input")]</arg>
<msg timestamp="20231030 14:03:16.181" level="INFO">${element} = xpath=//*[contains(@class, "ant-form-item-label")]/label[text()="Email"]/../../*[contains(@class, "ant-form-item")]//input[contains(@class, "ant-input")]</msg>
<status status="PASS" starttime="20231030 14:03:16.181" endtime="20231030 14:03:16.181"/>
</kw>
<kw name="Click" library="Browser">
<arg>${element}</arg>
<tag>PageContent</tag>
<tag>Setter</tag>
<doc>Simulates mouse click on the element found by ``selector``.</doc>
<status status="PASS" starttime="20231030 14:03:16.181" endtime="20231030 14:03:16.651"/>
</kw>
<kw name="Clear Text" library="Browser">
<arg>${element}</arg>
<tag>PageContent</tag>
<tag>Setter</tag>
<doc>Clears the text field found by ``selector``.</doc>
<status status="PASS" starttime="20231030 14:03:16.652" endtime="20231030 14:03:16.703"/>
</kw>
<kw name="Fill Text" library="Browser">
<arg>${element}</arg>
<arg>${text}</arg>
<arg>True</arg>
<tag>PageContent</tag>
<tag>Setter</tag>
<doc>Clears and fills the given ``txt`` into the text field found by ``selector``.</doc>
<msg timestamp="20231030 14:03:16.704" level="INFO">Fills the text 'admin@gmail.com' in the given field.</msg>
<status status="PASS" starttime="20231030 14:03:16.703" endtime="20231030 14:03:16.746"/>
</kw>
<kw name="Get Length" library="BuiltIn">
<var>${cnt}</var>
<arg>${text}</arg>
<doc>Returns and logs the length of the given item as an integer.</doc>
<msg timestamp="20231030 14:03:16.747" level="INFO">Length is 15</msg>
<msg timestamp="20231030 14:03:16.747" level="INFO">${cnt} = 15</msg>
<status status="PASS" starttime="20231030 14:03:16.747" endtime="20231030 14:03:16.747"/>
</kw>
<if>
<branch type="IF" condition="${cnt} &gt; 0">
<kw name="Set Global Variable" library="BuiltIn">
<arg>\${STATE["${name}"]}</arg>
<arg>${text}</arg>
<doc>Makes a variable available globally in all tests and suites.</doc>
<msg timestamp="20231030 14:03:16.749" level="INFO">${STATE["Email"]} = admin@gmail.com</msg>
<status status="PASS" starttime="20231030 14:03:16.748" endtime="20231030 14:03:16.749"/>
</kw>
<status status="PASS" starttime="20231030 14:03:16.748" endtime="20231030 14:03:16.750"/>
</branch>
<status status="PASS" starttime="20231030 14:03:16.747" endtime="20231030 14:03:16.752"/>
</if>
<status status="PASS" starttime="20231030 14:03:16.151" endtime="20231030 14:03:16.752"/>
</kw>
<kw name="Enter &quot;password&quot; in &quot;Mật khẩu&quot; with &quot;123123&quot;" library="common" sourcename="Enter &quot;${type}&quot; in &quot;${name}&quot; with &quot;${text}&quot;">
<kw name="Get Random Text" library="common">
<var>${text}</var>
<arg>${type}</arg>
<arg>${text}</arg>
<kw name="Set Variable" library="BuiltIn">
<var>${symbol}</var>
<arg>_RANDOM_</arg>
<doc>Returns the given values which can then be assigned to a variables.</doc>
<msg timestamp="20231030 14:03:16.752" level="INFO">${symbol} = _RANDOM_</msg>
<status status="PASS" starttime="20231030 14:03:16.752" endtime="20231030 14:03:16.752"/>
</kw>
<kw name="Set Variable" library="BuiltIn">
<var>${new_text}</var>
<doc>Returns the given values which can then be assigned to a variables.</doc>
<msg timestamp="20231030 14:03:16.752" level="INFO">${new_text} = </msg>
<status status="PASS" starttime="20231030 14:03:16.752" endtime="20231030 14:03:16.752"/>
</kw>
<kw name="Get Regexp Matches" library="String">
<var>${containsS}</var>
<arg>${text}</arg>
<arg>_@(.+)@_</arg>
<arg>1</arg>
<doc>Returns a list of all non-overlapping matches in the given string.</doc>
<msg timestamp="20231030 14:03:16.752" level="INFO">${containsS} = []</msg>
<status status="PASS" starttime="20231030 14:03:16.752" endtime="20231030 14:03:16.752"/>
</kw>
<kw name="Get Length" library="BuiltIn">
<var>${cntS}</var>
<arg>${containsS}</arg>
<doc>Returns and logs the length of the given item as an integer.</doc>
<msg timestamp="20231030 14:03:16.752" level="INFO">Length is 0</msg>
<msg timestamp="20231030 14:03:16.752" level="INFO">${cntS} = 0</msg>
<status status="PASS" starttime="20231030 14:03:16.752" endtime="20231030 14:03:16.752"/>
</kw>
<kw name="Get Regexp Matches" library="String">
<var>${contains}</var>
<arg>${text}</arg>
<arg>${symbol}</arg>
<doc>Returns a list of all non-overlapping matches in the given string.</doc>
<msg timestamp="20231030 14:03:16.752" level="INFO">${contains} = []</msg>
<status status="PASS" starttime="20231030 14:03:16.752" endtime="20231030 14:03:16.752"/>
</kw>
<kw name="Get Length" library="BuiltIn">
<var>${cnt}</var>
<arg>${contains}</arg>
<doc>Returns and logs the length of the given item as an integer.</doc>
<msg timestamp="20231030 14:03:16.752" level="INFO">Length is 0</msg>
<msg timestamp="20231030 14:03:16.752" level="INFO">${cnt} = 0</msg>
<status status="PASS" starttime="20231030 14:03:16.752" endtime="20231030 14:03:16.752"/>
</kw>
<if>
<branch type="IF" condition="${cntS} &gt; 0">
<kw name="Set Variable" library="BuiltIn">
<var>${new_text}</var>
<arg>${STATE["${containsS[0]}"]}</arg>
<doc>Returns the given values which can then be assigned to a variables.</doc>
<status status="NOT RUN" starttime="20231030 14:03:16.752" endtime="20231030 14:03:16.752"/>
</kw>
<kw name="Set Variable" library="BuiltIn">
<var>${symbol}</var>
<arg>_@${containsS[0]}@_</arg>
<doc>Returns the given values which can then be assigned to a variables.</doc>
<status status="NOT RUN" starttime="20231030 14:03:16.752" endtime="20231030 14:03:16.752"/>
</kw>
<status status="NOT RUN" starttime="20231030 14:03:16.752" endtime="20231030 14:03:16.752"/>
</branch>
<branch type="ELSE IF" condition="${cnt} &gt; 0 and '${type}' == 'test name'">
<kw name="Sentence" library="FakerLibrary">
<var>${random}</var>
<arg>nb_words=3</arg>
<doc>Generate a sentence.</doc>
<status status="NOT RUN" starttime="20231030 14:03:16.752" endtime="20231030 14:03:16.752"/>
</kw>
<kw name="Split String" library="String">
<var>${words}</var>
<arg>${TEST NAME}</arg>
<arg>${SPACE}</arg>
<doc>Splits the ``string`` using ``separator`` as a delimiter string.</doc>
<status status="NOT RUN" starttime="20231030 14:03:16.752" endtime="20231030 14:03:16.752"/>
</kw>
<kw name="Set Variable" library="BuiltIn">
<var>${new_text}</var>
<arg>${words[0]} ${random}</arg>
<doc>Returns the given values which can then be assigned to a variables.</doc>
<status status="NOT RUN" starttime="20231030 14:03:16.752" endtime="20231030 14:03:16.752"/>
</kw>
<status status="NOT RUN" starttime="20231030 14:03:16.752" endtime="20231030 14:03:16.752"/>
</branch>
<branch type="ELSE IF" condition="${cnt} &gt; 0 and '${type}' == 'number'">
<kw name="Random Int" library="FakerLibrary">
<var>${new_text}</var>
<doc>Generate a random integer between two integers ``min`` and ``max`` inclusive
while observing the provided ``step`` value.</doc>
<status status="NOT RUN" starttime="20231030 14:03:16.752" endtime="20231030 14:03:16.752"/>
</kw>
<kw name="Convert To String" library="BuiltIn">
<var>${new_text}</var>
<arg>${new_text}</arg>
<doc>Converts the given item to a Unicode string.</doc>
<status status="NOT RUN" starttime="20231030 14:03:16.752" endtime="20231030 14:03:16.752"/>
</kw>
<status status="NOT RUN" starttime="20231030 14:03:16.752" endtime="20231030 14:03:16.752"/>
</branch>
<branch type="ELSE IF" condition="${cnt} &gt; 0 and '${type}' == 'percentage'">
<kw name="Random Int" library="FakerLibrary">
<var>${new_text}</var>
<arg>max=100</arg>
<doc>Generate a random integer between two integers ``min`` and ``max`` inclusive
while observing the provided ``step`` value.</doc>
<status status="NOT RUN" starttime="20231030 14:03:16.752" endtime="20231030 14:03:16.752"/>
</kw>
<kw name="Convert To String" library="BuiltIn">
<var>${new_text}</var>
<arg>${new_text}</arg>
<doc>Converts the given item to a Unicode string.</doc>
<status status="NOT RUN" starttime="20231030 14:03:16.768" endtime="20231030 14:03:16.768"/>
</kw>
<status status="NOT RUN" starttime="20231030 14:03:16.752" endtime="20231030 14:03:16.768"/>
</branch>
<branch type="ELSE IF" condition="${cnt} &gt; 0 and '${type}' == 'paragraph'">
<kw name="Paragraph" library="FakerLibrary">
<var>${new_text}</var>
<doc>Generate a paragraph.</doc>
<status status="NOT RUN" starttime="20231030 14:03:16.768" endtime="20231030 14:03:16.768"/>
</kw>
<status status="NOT RUN" starttime="20231030 14:03:16.768" endtime="20231030 14:03:16.769"/>
</branch>
<branch type="ELSE IF" condition="${cnt} &gt; 0 and '${type}' == 'email'">
<kw name="Email" library="FakerLibrary">
<var>${new_text}</var>
<status status="NOT RUN" starttime="20231030 14:03:16.769" endtime="20231030 14:03:16.769"/>
</kw>
<status status="NOT RUN" starttime="20231030 14:03:16.769" endtime="20231030 14:03:16.769"/>
</branch>
<branch type="ELSE IF" condition="${cnt} &gt; 0 and '${type}' == 'phone'">
<kw name="Random Int" library="FakerLibrary">
<var>${new_text}</var>
<arg>min=2000000000</arg>
<arg>max=9999999999</arg>
<doc>Generate a random integer between two integers ``min`` and ``max`` inclusive
while observing the provided ``step`` value.</doc>
<status status="NOT RUN" starttime="20231030 14:03:16.769" endtime="20231030 14:03:16.769"/>
</kw>
<kw name="Convert To String" library="BuiltIn">
<var>${new_text}</var>
<arg>${new_text}</arg>
<doc>Converts the given item to a Unicode string.</doc>
<status status="NOT RUN" starttime="20231030 14:03:16.769" endtime="20231030 14:03:16.769"/>
</kw>
<kw name="Catenate" library="BuiltIn">
<var>${new_text}</var>
<arg>SEPARATOR=</arg>
<arg>0</arg>
<arg>${new_text}</arg>
<doc>Catenates the given items together and returns the resulted string.</doc>
<status status="NOT RUN" starttime="20231030 14:03:16.769" endtime="20231030 14:03:16.769"/>
</kw>
<status status="NOT RUN" starttime="20231030 14:03:16.769" endtime="20231030 14:03:16.769"/>
</branch>
<branch type="ELSE IF" condition="${cnt} &gt; 0 and '${type}' == 'color'">
<kw name="Safe Hex Color" library="FakerLibrary">
<var>${new_text}</var>
<doc>Generate a web-safe color formatted as a hex triplet.</doc>
<status status="NOT RUN" starttime="20231030 14:03:16.769" endtime="20231030 14:03:16.769"/>
</kw>
<status status="NOT RUN" starttime="20231030 14:03:16.769" endtime="20231030 14:03:16.769"/>
</branch>
<branch type="ELSE IF" condition="${cnt} &gt; 0 and &quot;${type}&quot; == 'password'">
<kw name="Password" library="FakerLibrary">
<var>${new_text}</var>
<arg>10</arg>
<arg>True</arg>
<arg>True</arg>
<arg>True</arg>
<arg>True</arg>
<doc>Generate a random password of the specified ``length``.</doc>
<status status="NOT RUN" starttime="20231030 14:03:16.769" endtime="20231030 14:03:16.769"/>
</kw>
<status status="NOT RUN" starttime="20231030 14:03:16.769" endtime="20231030 14:03:16.769"/>
</branch>
<branch type="ELSE IF" condition="${cnt} &gt; 0 and '${type}' == 'date'">
<kw name="Date" library="FakerLibrary">
<var>${new_text}</var>
<arg>pattern=%d-%m-%Y</arg>
<doc>Get a date string between January 1, 1970 and now.</doc>
<status status="NOT RUN" starttime="20231030 14:03:16.769" endtime="20231030 14:03:16.769"/>
</kw>
<status status="NOT RUN" starttime="20231030 14:03:16.769" endtime="20231030 14:03:16.769"/>
</branch>
<branch type="ELSE IF" condition="${cnt} &gt; 0 and '${type}' == 'word'">
<kw name="Sentence" library="FakerLibrary">
<var>${new_text}</var>
<arg>nb_words=2</arg>
<doc>Generate a sentence.</doc>
<status status="NOT RUN" starttime="20231030 14:03:16.769" endtime="20231030 14:03:16.769"/>
</kw>
<status status="NOT RUN" starttime="20231030 14:03:16.769" endtime="20231030 14:03:16.769"/>
</branch>
<branch type="ELSE IF" condition="${cnt} &gt; 0">
<kw name="Sentence" library="FakerLibrary">
<var>${new_text}</var>
<doc>Generate a sentence.</doc>
<status status="NOT RUN" starttime="20231030 14:03:16.769" endtime="20231030 14:03:16.769"/>
</kw>
<status status="NOT RUN" starttime="20231030 14:03:16.769" endtime="20231030 14:03:16.769"/>
</branch>
<status status="PASS" starttime="20231030 14:03:16.752" endtime="20231030 14:03:16.769"/>
</if>
<kw name="Get Length" library="BuiltIn">
<var>${cnt}</var>
<arg>${text}</arg>
<doc>Returns and logs the length of the given item as an integer.</doc>
<msg timestamp="20231030 14:03:16.769" level="INFO">Length is 6</msg>
<msg timestamp="20231030 14:03:16.769" level="INFO">${cnt} = 6</msg>
<status status="PASS" starttime="20231030 14:03:16.769" endtime="20231030 14:03:16.769"/>
</kw>
<if>
<branch type="IF" condition="${cnt} &gt; 0">
<kw name="Replace String" library="String">
<var>${text}</var>
<arg>${text}</arg>
<arg>${symbol}</arg>
<arg>${new_text}</arg>
<doc>Replaces ``search_for`` in the given ``string`` with ``replace_with``.</doc>
<msg timestamp="20231030 14:03:16.769" level="INFO">${text} = 123123</msg>
[...]
</kw>
<if>
<branch type="IF" condition="${cnt} &gt; 0">
<kw name="Click" library="Browser">
<arg>xpath=//button[@title = "${text}"]</arg>
<tag>PageContent</tag>
<tag>Setter</tag>
<doc>Simulates mouse click on the element found by ``selector``.</doc>
<status status="PASS" starttime="20231030 14:04:09.033" endtime="20231030 14:04:09.956"/>
</kw>
<kw name="Click Confirm To Action" library="common">
<kw name="Set Variable" library="BuiltIn">
<var>${element}</var>
<arg>xpath=//*[contains(@class, "ant-popover")]//*[contains(@class, "ant-btn-primary")]</arg>
<doc>Returns the given values which can then be assigned to a variables.</doc>
<msg timestamp="20231030 14:04:09.961" level="INFO">${element} = xpath=//*[contains(@class, "ant-popover")]//*[contains(@class, "ant-btn-primary")]</msg>
<status status="PASS" starttime="20231030 14:04:09.959" endtime="20231030 14:04:09.962"/>
</kw>
<kw name="Get Element Count" library="Browser">
<var>${count}</var>
<arg>${element}</arg>
<tag>Assertion</tag>
<tag>Getter</tag>
<tag>PageContent</tag>
<doc>Returns the count of elements found with ``selector``.</doc>
<msg timestamp="20231030 14:04:09.970" level="INFO">${count} = 0</msg>
<status status="PASS" starttime="20231030 14:04:09.963" endtime="20231030 14:04:09.970"/>
</kw>
<if>
<branch type="IF" condition="${count} &gt; 0">
<kw name="Click" library="Browser">
<arg>${element}</arg>
<tag>PageContent</tag>
<tag>Setter</tag>
<doc>Simulates mouse click on the element found by ``selector``.</doc>
<status status="NOT RUN" starttime="20231030 14:04:09.974" endtime="20231030 14:04:09.974"/>
</kw>
<kw name="Sleep" library="BuiltIn">
<arg>${SHOULD_TIMEOUT}</arg>
<doc>Pauses the test executed for the given time.</doc>
<status status="NOT RUN" starttime="20231030 14:04:09.975" endtime="20231030 14:04:09.975"/>
</kw>
<kw name="Wait Until Element Spin" library="common">
<status status="NOT RUN" starttime="20231030 14:04:09.976" endtime="20231030 14:04:09.976"/>
</kw>
<status status="NOT RUN" starttime="20231030 14:04:09.970" endtime="20231030 14:04:09.976"/>
</branch>
<status status="PASS" starttime="20231030 14:04:09.970" endtime="20231030 14:04:09.976"/>
</if>
<status status="PASS" starttime="20231030 14:04:09.957" endtime="20231030 14:04:09.976"/>
</kw>
<kw name="Scroll By" library="Browser">
<arg>${None}</arg>
<tag>PageContent</tag>
<tag>Setter</tag>
<doc>Scrolls an element or the page relative from current position by the given values.</doc>
<msg timestamp="20231030 14:04:09.994" level="INFO">JavaScript executed successfully.</msg>
<msg timestamp="20231030 14:04:09.994" level="INFO">JavaScript executed successfully.</msg>
<msg timestamp="20231030 14:04:10.025" level="INFO">JavaScript executed successfully.</msg>
<msg timestamp="20231030 14:04:10.025" level="INFO">JavaScript executed successfully.</msg>
<msg timestamp="20231030 14:04:10.041" level="INFO">JavaScript executed successfully.</msg>
<status status="PASS" starttime="20231030 14:04:09.977" endtime="20231030 14:04:10.041"/>
</kw>
<status status="PASS" starttime="20231030 14:04:09.033" endtime="20231030 14:04:10.041"/>
</branch>
<branch type="ELSE">
<kw name="Click" library="Browser">
<arg>//span[contains(text(),"${text}")]</arg>
<tag>PageContent</tag>
<tag>Setter</tag>
<doc>Simulates mouse click on the element found by ``selector``.</doc>
<status status="NOT RUN" starttime="20231030 14:04:10.041" endtime="20231030 14:04:10.041"/>
</kw>
<kw name="Click Confirm To Action" library="common">
<status status="NOT RUN" starttime="20231030 14:04:10.041" endtime="20231030 14:04:10.041"/>
</kw>
<kw name="Scroll By" library="Browser">
<arg>${None}</arg>
<tag>PageContent</tag>
<tag>Setter</tag>
<doc>Scrolls an element or the page relative from current position by the given values.</doc>
<status status="NOT RUN" starttime="20231030 14:04:10.041" endtime="20231030 14:04:10.041"/>
</kw>
<status status="NOT RUN" starttime="20231030 14:04:10.041" endtime="20231030 14:04:10.041"/>
</branch>
<status status="PASS" starttime="20231030 14:04:09.032" endtime="20231030 14:04:10.041"/>
</if>
<status status="PASS" starttime="20231030 14:04:08.926" endtime="20231030 14:04:10.041"/>
</kw>
<kw name="Then &quot;_@Họ và tên@_&quot; table line should be highlighted" library="common" sourcename="&quot;${name}&quot; table line should be highlighted">
<kw name="Wait Until Element Spin" library="common">
<kw name="Sleep" library="BuiltIn">
<arg>${SHOULD_TIMEOUT}</arg>
<doc>Pauses the test executed for the given time.</doc>
<msg timestamp="20231030 14:04:10.141" level="INFO">Slept 100 milliseconds</msg>
<status status="PASS" starttime="20231030 14:04:10.041" endtime="20231030 14:04:10.141"/>
</kw>
<kw name="Set Variable" library="BuiltIn">
<var>${element}</var>
<arg>xpath=//*[contains(@class, "ant-spin-spinning")]</arg>
<doc>Returns the given values which can then be assigned to a variables.</doc>
<msg timestamp="20231030 14:04:10.142" level="INFO">${element} = xpath=//*[contains(@class, "ant-spin-spinning")]</msg>
<status status="PASS" starttime="20231030 14:04:10.141" endtime="20231030 14:04:10.142"/>
</kw>
<kw name="Get Element Count" library="Browser">
<var>${count}</var>
<arg>${element}</arg>
<tag>Assertion</tag>
<tag>Getter</tag>
<tag>PageContent</tag>
<doc>Returns the count of elements found with ``selector``.</doc>
<msg timestamp="20231030 14:04:10.151" level="INFO">${count} = 0</msg>
<status status="PASS" starttime="20231030 14:04:10.142" endtime="20231030 14:04:10.151"/>
</kw>
<if>
<branch type="IF" condition="${count} &gt; 0">
<kw name="Wait Until Page Does Not Contain Element" library="common">
<arg>${element}</arg>
<status status="NOT RUN" starttime="20231030 14:04:10.152" endtime="20231030 14:04:10.152"/>
</kw>
<status status="NOT RUN" starttime="20231030 14:04:10.151" endtime="20231030 14:04:10.152"/>
</branch>
<status status="PASS" starttime="20231030 14:04:10.151" endtime="20231030 14:04:10.153"/>
</if>
<status status="PASS" starttime="20231030 14:04:10.041" endtime="20231030 14:04:10.153"/>
</kw>
<kw name="Check Text" library="common">
<var>${name}</var>
<arg>${name}</arg>
<kw name="Get Regexp Matches" library="String">
<var>${containsS}</var>
<arg>${text}</arg>
<arg>_@(.+)@_</arg>
<arg>1</arg>
<doc>Returns a list of all non-overlapping matches in the given string.</doc>
<msg timestamp="20231030 14:04:10.156" level="INFO">${containsS} = ['Họ và tên']</msg>
<status status="PASS" starttime="20231030 14:04:10.154" endtime="20231030 14:04:10.157"/>
</kw>
<kw name="Get Length" library="BuiltIn">
<var>${cntS}</var>
<arg>${containsS}</arg>
<doc>Returns and logs the length of the given item as an integer.</doc>
<msg timestamp="20231030 14:04:10.157" level="INFO">Length is 1</msg>
<msg timestamp="20231030 14:04:10.157" level="INFO">${cntS} = 1</msg>
<status status="PASS" starttime="20231030 14:04:10.157" endtime="20231030 14:04:10.157"/>
</kw>
<if>
<branch type="IF" condition="${cntS} &gt; 0">
<kw name="Set Variable" library="BuiltIn">
<var>${text}</var>
<arg>${STATE["${containsS[0]}"]}</arg>
<doc>Returns the given values which can then be assigned to a variables.</doc>
<msg timestamp="20231030 14:04:10.157" level="INFO">${text} = CA_04 Architecto minima.</msg>
<status status="PASS" starttime="20231030 14:04:10.157" endtime="20231030 14:04:10.157"/>
</kw>
<status status="PASS" starttime="20231030 14:04:10.157" endtime="20231030 14:04:10.157"/>
</branch>
<status status="PASS" starttime="20231030 14:04:10.157" endtime="20231030 14:04:10.157"/>
</if>
<msg timestamp="20231030 14:04:10.157" level="INFO">${name} = CA_04 Architecto minima.</msg>
<status status="PASS" starttime="20231030 14:04:10.153" endtime="20231030 14:04:10.157"/>
</kw>
<kw name="Get Property" library="Browser">
<arg>//button[contains(text(),"${name}")]//ancestor::tr</arg>
<arg>className</arg>
<arg>contains</arg>
<arg>bg-blue-100</arg>
<tag>Assertion</tag>
<tag>Getter</tag>
<tag>PageContent</tag>
<doc>Returns the ``property`` of the element found by ``selector``.</doc>
<msg timestamp="20231030 14:04:10.186" level="INFO">Property: 'bg-blue-100 ant-table-row ng-star-inserted'</msg>
<status status="PASS" starttime="20231030 14:04:10.157" endtime="20231030 14:04:10.187"/>
</kw>
<status status="PASS" starttime="20231030 14:04:10.041" endtime="20231030 14:04:10.187"/>
</kw>
<kw name="When Click on the &quot;Xóa&quot; button in the &quot;_@Họ và tên@_&quot; table line" library="common" sourcename="Click on the &quot;${text}&quot; button in the &quot;${name}&quot; table line">
<kw name="Sleep" library="BuiltIn">
<arg>${SHOULD_TIMEOUT}</arg>
<doc>Pauses the test executed for the given time.</doc>
<msg timestamp="20231030 14:04:10.291" level="INFO">Slept 100 milliseconds</msg>
<status status="PASS" starttime="20231030 14:04:10.190" endtime="20231030 14:04:10.291"/>
</kw>
<kw name="Wait Until Element Spin" library="common">
<kw name="Sleep" library="BuiltIn">
<arg>${SHOULD_TIMEOUT}</arg>
<doc>Pauses the test executed for the given time.</doc>
<msg timestamp="20231030 14:04:10.392" level="INFO">Slept 100 milliseconds</msg>
<status status="PASS" starttime="20231030 14:04:10.291" endtime="20231030 14:04:10.392"/>
</kw>
<kw name="Set Variable" library="BuiltIn">
<var>${element}</var>
<arg>xpath=//*[contains(@class, "ant-spin-spinning")]</arg>
<doc>Returns the given values which can then be assigned to a variables.</doc>
<msg timestamp="20231030 14:04:10.392" level="INFO">${element} = xpath=//*[contains(@class, "ant-spin-spinning")]</msg>
<status status="PASS" starttime="20231030 14:04:10.392" endtime="20231030 14:04:10.392"/>
</kw>
<kw name="Get Element Count" library="Browser">
<var>${count}</var>
<arg>${element}</arg>
<tag>Assertion</tag>
<tag>Getter</tag>
<tag>PageContent</tag>
<doc>Returns the count of elements found with ``selector``.</doc>
<msg timestamp="20231030 14:04:10.396" level="INFO">${count} = 0</msg>
<status status="PASS" starttime="20231030 14:04:10.392" endtime="20231030 14:04:10.396"/>
</kw>
<if>
<branch type="IF" condition="${count} &gt; 0">
<kw name="Wait Until Page Does Not Contain Element" library="common">
<arg>${element}</arg>
<status status="NOT RUN" starttime="20231030 14:04:10.396" endtime="20231030 14:04:10.396"/>
</kw>
<status status="NOT RUN" starttime="20231030 14:04:10.396" endtime="20231030 14:04:10.396"/>
</branch>
<status status="PASS" starttime="20231030 14:04:10.396" endtime="20231030 14:04:10.396"/>
</if>
<status status="PASS" starttime="20231030 14:04:10.291" endtime="20231030 14:04:10.396"/>
</kw>
<kw name="Check Text" library="common">
<var>${name}</var>
<arg>${name}</arg>
<kw name="Get Regexp Matches" library="String">
<var>${containsS}</var>
<arg>${text}</arg>
<arg>_@(.+)@_</arg>
<arg>1</arg>
<doc>Returns a list of all non-overlapping matches in the given string.</doc>
<msg timestamp="20231030 14:04:10.396" level="INFO">${containsS} = ['Họ và tên']</msg>
<status status="PASS" starttime="20231030 14:04:10.396" endtime="20231030 14:04:10.396"/>
</kw>
<kw name="Get Length" library="BuiltIn">
<var>${cntS}</var>
<arg>${containsS}</arg>
<doc>Returns and logs the length of the given item as an integer.</doc>
<msg timestamp="20231030 14:04:10.396" level="INFO">Length is 1</msg>
<msg timestamp="20231030 14:04:10.396" level="INFO">${cntS} = 1</msg>
<status status="PASS" starttime="20231030 14:04:10.396" endtime="20231030 14:04:10.396"/>
</kw>
<if>
<branch type="IF" condition="${cntS} &gt; 0">
<kw name="Set Variable" library="BuiltIn">
<var>${text}</var>
<arg>${STATE["${containsS[0]}"]}</arg>
<doc>Returns the given values which can then be assigned to a variables.</doc>
<msg timestamp="20231030 14:04:10.396" level="INFO">${text} = CA_04 Architecto minima.</msg>
<status status="PASS" starttime="20231030 14:04:10.396" endtime="20231030 14:04:10.396"/>
</kw>
<status status="PASS" starttime="20231030 14:04:10.396" endtime="20231030 14:04:10.396"/>
</branch>
<status status="PASS" starttime="20231030 14:04:10.396" endtime="20231030 14:04:10.396"/>
</if>
<msg timestamp="20231030 14:04:10.396" level="INFO">${name} = CA_04 Architecto minima.</msg>
<status status="PASS" starttime="20231030 14:04:10.396" endtime="20231030 14:04:10.396"/>
</kw>
<if>
<branch type="IF" condition="'${text}' == 'Chi tiết'">
<kw name="Get Element Table Item By Name" library="common">
<var>${element1}</var>
<arg>${name}</arg>
<arg>//button[@title = "${text}"]</arg>
<status status="NOT RUN" starttime="20231030 14:04:10.396" endtime="20231030 14:04:10.396"/>
</kw>
<kw name="Get Element Count" library="Browser">
<var>${count}</var>
<arg>${element1}</arg>
<tag>Assertion</tag>
<tag>Getter</tag>
<tag>PageContent</tag>
<doc>Returns the count of elements found with ``selector``.</doc>
<status status="NOT RUN" starttime="20231030 14:04:10.396" endtime="20231030 14:04:10.396"/>
</kw>
<if>
<branch type="IF" condition="${count} &gt; 0">
<kw name="Click" library="Browser">
<arg>${element1}</arg>
<tag>PageContent</tag>
<tag>Setter</tag>
<doc>Simulates mouse click on the element found by ``selector``.</doc>
<status status="NOT RUN" starttime="20231030 14:04:10.396" endtime="20231030 14:04:10.396"/>
</kw>
<status status="NOT RUN" starttime="20231030 14:04:10.396" endtime="20231030 14:04:10.396"/>
</branch>
<branch type="ELSE">
<kw name="Get Element Table Item By Name" library="common">
<var>${elementS}</var>
<arg>${name}</arg>
<arg>//p[contains(text(),"${name}")]</arg>
<status status="NOT RUN" starttime="20231030 14:04:10.396" endtime="20231030 14:04:10.396"/>
</kw>
<kw name="Click" library="Browser">
<arg>${elementS}</arg>
<tag>PageContent</tag>
<tag>Setter</tag>
<doc>Simulates mouse click on the element found by ``selector``.</doc>
<status status="NOT RUN" starttime="20231030 14:04:10.396" endtime="20231030 14:04:10.396"/>
</kw>
<status status="NOT RUN" starttime="20231030 14:04:10.396" endtime="20231030 14:04:10.396"/>
</branch>
<status status="NOT RUN" starttime="20231030 14:04:10.396" endtime="20231030 14:04:10.396"/>
</if>
<status status="NOT RUN" starttime="20231030 14:04:10.396" endtime="20231030 14:04:10.396"/>
</branch>
<branch type="ELSE">
<kw name="Get Element Table Item By Name" library="common">
<var>${element}</var>
<arg>${name}</arg>
<arg>//button[@title = "${text}"]</arg>
<msg timestamp="20231030 14:04:10.396" level="INFO">${element} = xpath=//*[contains(@class, "ant-table-row")]//*[contains(text(),"CA_04 Architecto minima.")]/ancestor::tr//button[@title = "Xóa"]</msg>
<status status="PASS" starttime="20231030 14:04:10.396" endtime="20231030 14:04:10.396"/>
</kw>
<kw name="Click" library="Browser">
<arg>${element}</arg>
<tag>PageContent</tag>
<tag>Setter</tag>
<doc>Simulates mouse click on the element found by ``selector``.</doc>
<status status="PASS" starttime="20231030 14:04:10.396" endtime="20231030 14:04:10.482"/>
</kw>
<status status="PASS" starttime="20231030 14:04:10.396" endtime="20231030 14:04:10.488"/>
</branch>
<status status="PASS" starttime="20231030 14:04:10.396" endtime="20231030 14:04:10.488"/>
</if>
<kw name="Click Confirm To Action" library="common">
<kw name="Set Variable" library="BuiltIn">
<var>${element}</var>
<arg>xpath=//*[contains(@class, "ant-popover")]//*[contains(@class, "ant-btn-primary")]</arg>
<doc>Returns the given values which can then be assigned to a variables.</doc>
<msg timestamp="20231030 14:04:10.491" level="INFO">${element} = xpath=//*[contains(@class, "ant-popover")]//*[contains(@class, "ant-btn-primary")]</msg>
<status status="PASS" starttime="20231030 14:04:10.491" endtime="20231030 14:04:10.491"/>
</kw>
<kw name="Get Element Count" library="Browser">
<var>${count}</var>
<arg>${element}</arg>
<tag>Assertion</tag>
<tag>Getter</tag>
<tag>PageContent</tag>
<doc>Returns the count of elements found with ``selector``.</doc>
<msg timestamp="20231030 14:04:10.509" level="INFO">${count} = 1</msg>
<status status="PASS" starttime="20231030 14:04:10.491" endtime="20231030 14:04:10.509"/>
</kw>
<if>
<branch type="IF" condition="${count} &gt; 0">
<kw name="Click" library="Browser">
<arg>${element}</arg>
<tag>PageContent</tag>
<tag>Setter</tag>
<doc>Simulates mouse click on the element found by ``selector``.</doc>
<status status="PASS" starttime="20231030 14:04:10.510" endtime="20231030 14:04:10.841"/>
</kw>
<kw name="Sleep" library="BuiltIn">
<arg>${SHOULD_TIMEOUT}</arg>
<doc>Pauses the test executed for the given time.</doc>
<msg timestamp="20231030 14:04:10.943" level="INFO">Slept 100 milliseconds</msg>
<status status="PASS" starttime="20231030 14:04:10.842" endtime="20231030 14:04:10.943"/>
</kw>
<kw name="Wait Until Element Spin" library="common">
<kw name="Sleep" library="BuiltIn">
<arg>${SHOULD_TIMEOUT}</arg>
<doc>Pauses the test executed for the given time.</doc>
<msg timestamp="20231030 14:04:11.045" level="INFO">Slept 100 milliseconds</msg>
<status status="PASS" starttime="20231030 14:04:10.944" endtime="20231030 14:04:11.045"/>
</kw>
<kw name="Set Variable" library="BuiltIn">
<var>${element}</var>
<arg>xpath=//*[contains(@class, "ant-spin-spinning")]</arg>
<doc>Returns the given values which can then be assigned to a variables.</doc>
<msg timestamp="20231030 14:04:11.046" level="INFO">${element} = xpath=//*[contains(@class, "ant-spin-spinning")]</msg>
<status status="PASS" starttime="20231030 14:04:11.045" endtime="20231030 14:04:11.046"/>
</kw>
<kw name="Get Element Count" library="Browser">
<var>${count}</var>
<arg>${element}</arg>
<tag>Assertion</tag>
<tag>Getter</tag>
<tag>PageContent</tag>
<doc>Returns the count of elements found with ``selector``.</doc>
<msg timestamp="20231030 14:04:11.183" level="INFO">${count} = 0</msg>
<status status="PASS" starttime="20231030 14:04:11.047" endtime="20231030 14:04:11.183"/>
</kw>
<if>
<branch type="IF" condition="${count} &gt; 0">
<kw name="Wait Until Page Does Not Contain Element" library="common">
<arg>${element}</arg>
<status status="NOT RUN" starttime="20231030 14:04:11.184" endtime="20231030 14:04:11.184"/>
</kw>
<status status="NOT RUN" starttime="20231030 14:04:11.183" endtime="20231030 14:04:11.184"/>
</branch>
<status status="PASS" starttime="20231030 14:04:11.183" endtime="20231030 14:04:11.184"/>
</if>
<status status="PASS" starttime="20231030 14:04:10.943" endtime="20231030 14:04:11.184"/>
</kw>
<status status="PASS" starttime="20231030 14:04:10.509" endtime="20231030 14:04:11.184"/>
</branch>
<status status="PASS" starttime="20231030 14:04:10.509" endtime="20231030 14:04:11.185"/>
</if>
<status status="PASS" starttime="20231030 14:04:10.490" endtime="20231030 14:04:11.185"/>
</kw>
<kw name="Wait Until Network Is Idle" library="Browser">
<tag>HTTP</tag>
<tag>Wait</tag>
<doc>Waits until there has been at least one instance of 500 ms of no network traffic on the page after loading.</doc>
<status status="PASS" starttime="20231030 14:04:11.185" endtime="20231030 14:04:11.189"/>
</kw>
<status status="PASS" starttime="20231030 14:04:10.188" endtime="20231030 14:04:11.189"/>
</kw>
<kw name="Tear Down" library="common" type="TEARDOWN">
<kw name="Close Browser" library="Browser">
<arg>ALL</arg>
<tag>BrowserControl</tag>
<tag>Setter</tag>
<doc>Closes the current browser.</doc>
<msg timestamp="20231030 14:04:11.702" level="INFO">Closed all browsers</msg>
<status status="PASS" starttime="20231030 14:04:11.189" endtime="20231030 14:04:11.702"/>
</kw>
<status status="PASS" starttime="20231030 14:04:11.189" endtime="20231030 14:04:11.703"/>
</kw>
<tag>MainPage</tag>
<tag>UI</tag>
<status status="PASS" starttime="20231030 14:03:54.185" endtime="20231030 14:04:11.703"/>
</test>
<status status="PASS" starttime="20231030 14:02:57.644" endtime="20231030 14:04:11.712"/>
</suite>
<statistics>
<total>
<stat pass="4" fail="0" skip="0">All Tests</stat>
</total>
<tag>
<stat pass="4" fail="0" skip="0">MainPage</stat>
<stat pass="3" fail="0" skip="0">Smoketest</stat>
<stat pass="4" fail="0" skip="0">UI</stat>
</tag>
<suite>
<stat pass="4" fail="0" skip="0" id="s1" name="Customer Account">Customer Account</stat>
</suite>
</statistics>
<errors>
</errors>
</robot>
