<?xml version="1.0" encoding="UTF-8"?>
<robot generator="Robot 6.1.1 (Python 3.11.4 on win32)" generated="20231127 16:45:09.131" rpa="false" schemaversion="4">
<suite id="s1" name="Post" source="d:\TESTER\Automation\Auto_Web\testcases\post.robot">
<test id="s1-t1" name="PO_45 Verify the changing &quot;Custom Class&quot; field" line="624">
<kw name="Setup" library="common" type="SETUP">
<kw name="Set Browser Timeout" library="Browser">
<arg>${BROWSER_TIMEOUT}</arg>
<tag>Config</tag>
<tag>Setter</tag>
<doc>Sets the timeout used by most input and getter keywords.</doc>
<status status="PASS" starttime="20231127 16:45:11.550" endtime="20231127 16:45:11.552"/>
</kw>
<kw name="New Browser" library="Browser">
<arg>${BROWSER}</arg>
<arg>headless=${HEADLESS}</arg>
<tag>BrowserControl</tag>
<tag>Setter</tag>
<doc>Create a new playwright Browser with specified options.</doc>
<msg timestamp="20231127 16:45:11.553" level="INFO">{"browser": "chromium", "headless": false, "chromiumSandbox": false, "devtools": false, "handleSIGHUP": true, "handleSIGINT": true, "handleSIGTERM": true, "slowMo": 0.0, "timeout": 30000.0, "tracesDir": "D:\\TESTER\\Automation\\browser\\traces\\810fd3ae-4853-4497-9f77-dc76953d99be"}</msg>
<msg timestamp="20231127 16:45:12.766" level="INFO">Successfully created browser with options: {"browser":"chromium","headless":false,"chromiumSandbox":false,"devtools":false,"handleSIGHUP":true,"handleSIGINT":true,"handleSIGTERM":true,"slowMo":0,"timeout":30000,"tracesDir":"D:\\TESTER\\Automation\\browser\\traces\\810fd3ae-4853-4497-9f77-dc76953d99be"}</msg>
<status status="PASS" starttime="20231127 16:45:11.552" endtime="20231127 16:45:12.767"/>
</kw>
<kw name="New Page" library="Browser">
<arg>${URL_DEFAULT}</arg>
<tag>BrowserControl</tag>
<tag>Setter</tag>
<doc>Open a new Page.</doc>
<msg timestamp="20231127 16:45:16.679" level="INFO">Successfully initialized new page object and opened url: http://dev1.geneat.vn:7802/#/vn</msg>
<msg timestamp="20231127 16:45:16.680" level="INFO">No context was open. New context was automatically opened when this page is created.</msg>
<status status="PASS" starttime="20231127 16:45:12.768" endtime="20231127 16:45:16.681"/>
</kw>
<kw name="Evaluate" library="BuiltIn">
<var>${STATE}</var>
<arg>json.loads('''{}''')</arg>
<arg>json</arg>
<doc>Evaluates the given expression in Python and returns the result.</doc>
<msg timestamp="20231127 16:45:16.691" level="INFO">${STATE} = {}</msg>
<status status="PASS" starttime="20231127 16:45:16.684" endtime="20231127 16:45:16.691"/>
</kw>
<status status="PASS" starttime="20231127 16:45:11.548" endtime="20231127 16:45:16.693"/>
</kw>
<kw name="Create a category with &quot;Cate1&quot; name" sourcename="Create a category with &quot;${name}&quot; name">
<kw name="Check Text" library="common">
<var>${name}</var>
<arg>${name}</arg>
<kw name="Get Regexp Matches" library="String">
<var>${containsS}</var>
<arg>${text}</arg>
<arg>_@(.+)@_</arg>
<arg>1</arg>
<doc>Returns a list of all non-overlapping matches in the given string.</doc>
<msg timestamp="20231127 16:45:16.700" level="INFO">${containsS} = []</msg>
<status status="PASS" starttime="20231127 16:45:16.699" endtime="20231127 16:45:16.701"/>
</kw>
<kw name="Get Length" library="BuiltIn">
<var>${cntS}</var>
<arg>${containsS}</arg>
<doc>Returns and logs the length of the given item as an integer.</doc>
<msg timestamp="20231127 16:45:16.703" level="INFO">Length is 0</msg>
<msg timestamp="20231127 16:45:16.705" level="INFO">${cntS} = 0</msg>
<status status="PASS" starttime="20231127 16:45:16.702" endtime="20231127 16:45:16.707"/>
</kw>
<if>
<branch type="IF" condition="${cntS} &gt; 0">
<kw name="Set Variable" library="BuiltIn">
<var>${text}</var>
<arg>${STATE["${containsS[0]}"]}</arg>
<doc>Returns the given values which can then be assigned to a variables.</doc>
<status status="NOT RUN" starttime="20231127 16:45:16.710" endtime="20231127 16:45:16.711"/>
</kw>
<status status="NOT RUN" starttime="20231127 16:45:16.708" endtime="20231127 16:45:16.712"/>
</branch>
<status status="PASS" starttime="20231127 16:45:16.707" endtime="20231127 16:45:16.712"/>
</if>
<msg timestamp="20231127 16:45:16.713" level="INFO">${name} = Cate1</msg>
<status status="PASS" starttime="20231127 16:45:16.697" endtime="20231127 16:45:16.714"/>
</kw>
<kw name="Wait Until Element Spin" library="common">
<kw name="Sleep" library="BuiltIn">
<arg>${SHOULD_TIMEOUT}</arg>
<doc>Pauses the test executed for the given time.</doc>
<msg timestamp="20231127 16:45:16.817" level="INFO">Slept 100 milliseconds</msg>
<status status="PASS" starttime="20231127 16:45:16.716" endtime="20231127 16:45:16.829"/>
</kw>
<kw name="Set Variable" library="BuiltIn">
<var>${element}</var>
<arg>xpath=//*[contains(@class, "ant-spin-spinning")]</arg>
<doc>Returns the given values which can then be assigned to a variables.</doc>
<msg timestamp="20231127 16:45:16.832" level="INFO">${element} = xpath=//*[contains(@class, "ant-spin-spinning")]</msg>
<status status="PASS" starttime="20231127 16:45:16.830" endtime="20231127 16:45:16.832"/>
</kw>
<kw name="Get Element Count" library="Browser">
<var>${count}</var>
<arg>${element}</arg>
<tag>Assertion</tag>
<tag>Getter</tag>
<tag>PageContent</tag>
<doc>Returns the count of elements found with ``selector``.</doc>
<msg timestamp="20231127 16:45:16.936" level="INFO">${count} = 0</msg>
<status status="PASS" starttime="20231127 16:45:16.834" endtime="20231127 16:45:16.938"/>
</kw>
<if>
<branch type="IF" condition="${count} &gt; 0">
<kw name="Wait Until Page Does Not Contain Element" library="common">
<arg>${element}</arg>
<status status="NOT RUN" starttime="20231127 16:45:16.941" endtime="20231127 16:45:16.942"/>
</kw>
<status status="NOT RUN" starttime="20231127 16:45:16.939" endtime="20231127 16:45:16.942"/>
</branch>
<status status="PASS" starttime="20231127 16:45:16.939" endtime="20231127 16:45:16.943"/>
</if>
<status status="PASS" starttime="20231127 16:45:16.714" endtime="20231127 16:45:16.943"/>
</kw>
<kw name="Sleep" library="BuiltIn">
<arg>${SHOULD_TIMEOUT}</arg>
<doc>Pauses the test executed for the given time.</doc>
<msg timestamp="20231127 16:45:17.046" level="INFO">Slept 100 milliseconds</msg>
<status status="PASS" starttime="20231127 16:45:16.944" endtime="20231127 16:45:17.046"/>
</kw>
<kw name="Run Keyword And Return Status" library="BuiltIn">
<var>${condition}</var>
<arg>Confirm locating exactly in "Post" page</arg>
<doc>Runs the given keyword with given arguments and returns the status as a Boolean value.</doc>
<kw name="Confirm locating exactly in &quot;Post&quot; page" library="common" sourcename="Confirm locating exactly in &quot;${name}&quot; page">
<kw name="Get Element Count" library="Browser">
<var>${cnt}</var>
<arg>//header//span[contains(text(),"${name}")]</arg>
<tag>Assertion</tag>
<tag>Getter</tag>
<tag>PageContent</tag>
<doc>Returns the count of elements found with ``selector``.</doc>
<msg timestamp="20231127 16:45:17.064" level="INFO">${cnt} = 0</msg>
<status status="PASS" starttime="20231127 16:45:17.049" endtime="20231127 16:45:17.064"/>
</kw>
<kw name="Should Be True" library="BuiltIn">
<arg>${cnt} &gt; 0</arg>
<doc>Fails if the given condition is not true.</doc>
<msg timestamp="20231127 16:45:17.067" level="FAIL">'0 &gt; 0' should be true.</msg>
<status status="FAIL" starttime="20231127 16:45:17.065" endtime="20231127 16:45:17.067"/>
</kw>
<status status="FAIL" starttime="20231127 16:45:17.048" endtime="20231127 16:45:17.068"/>
</kw>
<msg timestamp="20231127 16:45:17.069" level="INFO">${condition} = False</msg>
<status status="PASS" starttime="20231127 16:45:17.047" endtime="20231127 16:45:17.070"/>
</kw>
<if>
<branch type="IF" condition="'${condition}' == 'True'">
<kw name="Set Variable" library="BuiltIn">
<var>${element}</var>
<arg>//*[contains(@class,'ant-spin-container')]//span[contains(text(),'${name}')]</arg>
<doc>Returns the given values which can then be assigned to a variables.</doc>
<status status="NOT RUN" starttime="20231127 16:45:17.075" endtime="20231127 16:45:17.075"/>
</kw>
<kw name="Get Element Count" library="Browser">
<var>${cnt}</var>
<arg>${element}</arg>
<tag>Assertion</tag>
<tag>Getter</tag>
<tag>PageContent</tag>
<doc>Returns the count of elements found with ``selector``.</doc>
<status status="NOT RUN" starttime="20231127 16:45:17.076" endtime="20231127 16:45:17.077"/>
</kw>
<if>
<branch type="IF" condition="${cnt} &lt; 1">
<kw name="Click &quot;Tạo mới&quot; button" library="common" sourcename="Click &quot;${text}&quot; button">
<status status="NOT RUN" starttime="20231127 16:45:17.079" endtime="20231127 16:45:17.080"/>
</kw>
<kw name="Enter &quot;test name&quot; in &quot;Tiêu đề&quot; with &quot;${name}&quot;" library="common" sourcename="Enter &quot;${type}&quot; in &quot;${name}&quot; with &quot;${text}&quot;">
<status status="NOT RUN" starttime="20231127 16:45:17.080" endtime="20231127 16:45:17.081"/>
</kw>
<kw name="Enter &quot;paragraph&quot; in textarea &quot;Giới thiệu&quot; with &quot;_RANDOM_&quot;" library="common" sourcename="Enter &quot;${type}&quot; in textarea &quot;${name}&quot; with &quot;${text}&quot;">
<status status="NOT RUN" starttime="20231127 16:45:17.082" endtime="20231127 16:45:17.082"/>
</kw>
<kw name="Click &quot;Lưu lại&quot; button" library="common" sourcename="Click &quot;${text}&quot; button">
<status status="NOT RUN" starttime="20231127 16:45:17.083" endtime="20231127 16:45:17.084"/>
</kw>
<kw name="User look message &quot;Thêm mới danh mục bài viết thành công&quot; popup" library="common" sourcename="User look message &quot;${message}&quot; popup">
<status status="NOT RUN" starttime="20231127 16:45:17.085" endtime="20231127 16:45:17.085"/>
</kw>
<status status="NOT RUN" starttime="20231127 16:45:17.078" endtime="20231127 16:45:17.086"/>
</branch>
<branch type="ELSE">
<kw name="Select on the &quot;${name}&quot; item line" library="common" sourcename="Select on the &quot;${text}&quot; item line">
<status status="NOT RUN" starttime="20231127 16:45:17.091" endtime="20231127 16:45:17.092"/>
</kw>
<status status="NOT RUN" starttime="20231127 16:45:17.090" endtime="20231127 16:45:17.092"/>
</branch>
<status status="NOT RUN" starttime="20231127 16:45:17.078" endtime="20231127 16:45:17.093"/>
</if>
<status status="NOT RUN" starttime="20231127 16:45:17.073" endtime="20231127 16:45:17.093"/>
</branch>
<branch type="ELSE">
<kw name="Go to &quot;Post&quot; page">
<kw name="Login to admin" library="common">
<kw name="Enter &quot;email&quot; in &quot;Email&quot; with &quot;admin@gmail.com&quot;" library="common" sourcename="Enter &quot;${type}&quot; in &quot;${name}&quot; with &quot;${text}&quot;">
<kw name="Get Random Text" library="common">
<var>${text}</var>
<arg>${type}</arg>
<arg>${text}</arg>
<kw name="Set Variable" library="BuiltIn">
<var>${symbol}</var>
<arg>_RANDOM_</arg>
<doc>Returns the given values which can then be assigned to a variables.</doc>
<msg timestamp="20231127 16:45:17.100" level="INFO">${symbol} = _RANDOM_</msg>
<status status="PASS" starttime="20231127 16:45:17.099" endtime="20231127 16:45:17.100"/>
</kw>
<kw name="Set Variable" library="BuiltIn">
<var>${new_text}</var>
<doc>Returns the given values which can then be assigned to a variables.</doc>
<msg timestamp="20231127 16:45:17.101" level="INFO">${new_text} = </msg>
<status status="PASS" starttime="20231127 16:45:17.101" endtime="20231127 16:45:17.102"/>
</kw>
<kw name="Get Regexp Matches" library="String">
<var>${containsS}</var>
<arg>${text}</arg>
<arg>_@(.+)@_</arg>
<arg>1</arg>
<doc>Returns a list of all non-overlapping matches in the given string.</doc>
<msg timestamp="20231127 16:45:17.108" level="INFO">${containsS} = []</msg>
<status status="PASS" starttime="20231127 16:45:17.102" endtime="20231127 16:45:17.108"/>
</kw>
<kw name="Get Length" library="BuiltIn">
<var>${cntS}</var>
<arg>${containsS}</arg>
<doc>Returns and logs the length of the given item as an integer.</doc>
<msg timestamp="20231127 16:45:17.110" level="INFO">Length is 0</msg>
<msg timestamp="20231127 16:45:17.110" level="INFO">${cntS} = 0</msg>
<status status="PASS" starttime="20231127 16:45:17.109" endtime="20231127 16:45:17.110"/>
</kw>
<kw name="Get Regexp Matches" library="String">
<var>${contains}</var>
<arg>${text}</arg>
<arg>${symbol}</arg>
<doc>Returns a list of all non-overlapping matches in the given string.</doc>
<msg timestamp="20231127 16:45:17.112" level="INFO">${contains} = []</msg>
<status status="PASS" starttime="20231127 16:45:17.111" endtime="20231127 16:45:17.113"/>
</kw>
<kw name="Get Length" library="BuiltIn">
<var>${cnt}</var>
<arg>${contains}</arg>
<doc>Returns and logs the length of the given item as an integer.</doc>
<msg timestamp="20231127 16:45:17.114" level="INFO">Length is 0</msg>
<msg timestamp="20231127 16:45:17.115" level="INFO">${cnt} = 0</msg>
<status status="PASS" starttime="20231127 16:45:17.114" endtime="20231127 16:45:17.115"/>
</kw>
<if>
<branch type="IF" condition="${cntS} &gt; 0">
<kw name="Set Variable" library="BuiltIn">
<var>${new_text}</var>
<arg>${STATE["${containsS[0]}"]}</arg>
<doc>Returns the given values which can then be assigned to a variables.</doc>
<status status="NOT RUN" starttime="20231127 16:45:17.117" endtime="20231127 16:45:17.117"/>
</kw>
<kw name="Set Variable" library="BuiltIn">
<var>${symbol}</var>
<arg>_@${containsS[0]}@_</arg>
<doc>Returns the given values which can then be assigned to a variables.</doc>
<status status="NOT RUN" starttime="20231127 16:45:17.118" endtime="20231127 16:45:17.126"/>
</kw>
<status status="NOT RUN" starttime="20231127 16:45:17.116" endtime="20231127 16:45:17.127"/>
</branch>
<branch type="ELSE IF" condition="${cnt} &gt; 0 and '${type}' == 'test name'">
<kw name="Sentence" library="FakerLibrary">
<var>${random}</var>
<arg>nb_words=3</arg>
<doc>Generate a sentence.</doc>
<status status="NOT RUN" starttime="20231127 16:45:17.130" endtime="20231127 16:45:17.131"/>
</kw>
<kw name="Split String" library="String">
<var>${words}</var>
<arg>${TEST NAME}</arg>
<arg>${SPACE}</arg>
<doc>Splits the ``string`` using ``separator`` as a delimiter string.</doc>
<status status="NOT RUN" starttime="20231127 16:45:17.132" endtime="20231127 16:45:17.132"/>
</kw>
<kw name="Set Variable" library="BuiltIn">
<var>${new_text}</var>
<arg>${words[0]} ${random}</arg>
<doc>Returns the given values which can then be assigned to a variables.</doc>
<status status="NOT RUN" starttime="20231127 16:45:17.133" endtime="20231127 16:45:17.134"/>
</kw>
<status status="NOT RUN" starttime="20231127 16:45:17.129" endtime="20231127 16:45:17.134"/>
</branch>
<branch type="ELSE IF" condition="${cnt} &gt; 0 and '${type}' == 'number'">
<kw name="Random Int" library="FakerLibrary">
<var>${new_text}</var>
<doc>Generate a random integer between two integers ``min`` and ``max`` inclusive
while observing the provided ``step`` value.</doc>
<status status="NOT RUN" starttime="20231127 16:45:17.148" endtime="20231127 16:45:17.149"/>
</kw>
<kw name="Convert To String" library="BuiltIn">
<var>${new_text}</var>
<arg>${new_text}</arg>
<doc>Converts the given item to a Unicode string.</doc>
<status status="NOT RUN" starttime="20231127 16:45:17.149" endtime="20231127 16:45:17.150"/>
</kw>
<status status="NOT RUN" starttime="20231127 16:45:17.147" endtime="20231127 16:45:17.150"/>
</branch>
<branch type="ELSE IF" condition="${cnt} &gt; 0 and '${type}' == 'percentage'">
<kw name="Random Int" library="FakerLibrary">
<var>${new_text}</var>
<arg>max=100</arg>
<doc>Generate a random integer between two integers ``min`` and ``max`` inclusive
while observing the provided ``step`` value.</doc>
<status status="NOT RUN" starttime="20231127 16:45:17.152" endtime="20231127 16:45:17.152"/>
</kw>
<kw name="Convert To String" library="BuiltIn">
<var>${new_text}</var>
<arg>${new_text}</arg>
<doc>Converts the given item to a Unicode string.</doc>
<status status="NOT RUN" starttime="20231127 16:45:17.157" endtime="20231127 16:45:17.157"/>
</kw>
<status status="NOT RUN" starttime="20231127 16:45:17.151" endtime="20231127 16:45:17.158"/>
</branch>
<branch type="ELSE IF" condition="${cnt} &gt; 0 and '${type}' == 'paragraph'">
<kw name="Paragraph" library="FakerLibrary">
<var>${new_text}</var>
<doc>Generate a paragraph.</doc>
<status status="NOT RUN" starttime="20231127 16:45:17.160" endtime="20231127 16:45:17.160"/>
</kw>
<status status="NOT RUN" starttime="20231127 16:45:17.159" endtime="20231127 16:45:17.161"/>
</branch>
<branch type="ELSE IF" condition="${cnt} &gt; 0 and '${type}' == 'email'">
<kw name="Email" library="FakerLibrary">
<var>${new_text}</var>
<status status="NOT RUN" starttime="20231127 16:45:17.162" endtime="20231127 16:45:17.163"/>
</kw>
<status status="NOT RUN" starttime="20231127 16:45:17.161" endtime="20231127 16:45:17.163"/>
</branch>
<branch type="ELSE IF" condition="${cnt} &gt; 0 and '${type}' == 'phone'">
<kw name="Random Int" library="FakerLibrary">
<var>${new_text}</var>
<arg>min=2000000000</arg>
<arg>max=9999999999</arg>
<doc>Generate a random integer between two integers ``min`` and ``max`` inclusive
while observing the provided ``step`` value.</doc>
<status status="NOT RUN" starttime="20231127 16:45:17.165" endtime="20231127 16:45:17.165"/>
</kw>
<kw name="Convert To String" library="BuiltIn">
<var>${new_text}</var>
<arg>${new_text}</arg>
<doc>Converts the given item to a Unicode string.</doc>
<status status="NOT RUN" starttime="20231127 16:45:17.166" endtime="20231127 16:45:17.166"/>
</kw>
<kw name="Catenate" library="BuiltIn">
<var>${new_text}</var>
<arg>SEPARATOR=</arg>
<arg>0</arg>
<arg>${new_text}</arg>
<doc>Catenates the given items together and returns the resulted string.</doc>
<status status="NOT RUN" starttime="20231127 16:45:17.167" endtime="20231127 16:45:17.168"/>
</kw>
<status status="NOT RUN" starttime="20231127 16:45:17.164" endtime="20231127 16:45:17.168"/>
</branch>
<branch type="ELSE IF" condition="${cnt} &gt; 0 and '${type}' == 'color'">
<kw name="Safe Hex Color" library="FakerLibrary">
<var>${new_text}</var>
<doc>Generate a web-safe color formatted as a hex triplet.</doc>
<status status="NOT RUN" starttime="20231127 16:45:17.173" endtime="20231127 16:45:17.175"/>
</kw>
<status status="NOT RUN" starttime="20231127 16:45:17.169" endtime="20231127 16:45:17.176"/>
</branch>
<branch type="ELSE IF" condition="${cnt} &gt; 0 and &quot;${type}&quot; == 'password'">
<kw name="Password" library="FakerLibrary">
<var>${new_text}</var>
<arg>10</arg>
<arg>True</arg>
<arg>True</arg>
<arg>True</arg>
<arg>True</arg>
<doc>Generate a random password of the specified ``length``.</doc>
<status status="NOT RUN" starttime="20231127 16:45:17.177" endtime="20231127 16:45:17.178"/>
</kw>
<status status="NOT RUN" starttime="20231127 16:45:17.176" endtime="20231127 16:45:17.195"/>
</branch>
<branch type="ELSE IF" condition="${cnt} &gt; 0 and '${type}' == 'date'">
<kw name="Date" library="FakerLibrary">
<var>${new_text}</var>
<arg>pattern=%d-%m-%Y</arg>
<doc>Get a date string between January 1, 1970 and now.</doc>
<status status="NOT RUN" starttime="20231127 16:45:17.197" endtime="20231127 16:45:17.198"/>
</kw>
<status status="NOT RUN" starttime="20231127 16:45:17.196" endtime="20231127 16:45:17.198"/>
</branch>
<branch type="ELSE IF" condition="${cnt} &gt; 0 and '${type}' == 'word'">
<kw name="Sentence" library="FakerLibrary">
<var>${new_text}</var>
<arg>nb_words=2</arg>
<doc>Generate a sentence.</doc>
<status status="NOT RUN" starttime="20231127 16:45:17.200" endtime="20231127 16:45:17.200"/>
</kw>
<status status="NOT RUN" starttime="20231127 16:45:17.199" endtime="20231127 16:45:17.201"/>
</branch>
<branch type="ELSE IF" condition="${cnt} &gt; 0">
<kw name="Sentence" library="FakerLibrary">
<var>${new_text}</var>
<doc>Generate a sentence.</doc>
<status status="NOT RUN" starttime="20231127 16:45:17.202" endtime="20231127 16:45:17.206"/>
</kw>
<status status="NOT RUN" starttime="20231127 16:45:17.201" endtime="20231127 16:45:17.207"/>
</branch>
<status status="PASS" starttime="20231127 16:45:17.116" endtime="20231127 16:45:17.207"/>
</if>
<kw name="Get Length" library="BuiltIn">
<var>${cnt}</var>
<arg>${text}</arg>
<doc>Returns and logs the length of the given item as an integer.</doc>
<msg timestamp="20231127 16:45:17.209" level="INFO">Length is 15</msg>
<msg timestamp="20231127 16:45:17.209" level="INFO">${cnt} = 15</msg>
<status status="PASS" starttime="20231127 16:45:17.208" endtime="20231127 16:45:17.209"/>
</kw>
<if>
<branch type="IF" condition="${cnt} &gt; 0">
<kw name="Replace String" library="String">
<var>${text}</var>
<arg>${text}</arg>
<arg>${symbol}</arg>
<arg>${new_text}</arg>
<doc>Replaces ``search_for`` in the given ``string`` with ``replace_with``.</doc>
<msg timestamp="20231127 16:45:17.213" level="INFO">${text} = admin@gmail.com</msg>
<status status="PASS" starttime="20231127 16:45:17.211" endtime="20231127 16:45:17.213"/>
</kw>
<status status="PASS" starttime="20231127 16:45:17.210" endtime="20231127 16:45:17.214"/>
</branch>
<status status="PASS" starttime="20231127 16:45:17.210" endtime="20231127 16:45:17.214"/>
</if>
<msg timestamp="20231127 16:45:17.215" level="INFO">${text} = admin@gmail.com</msg>
<status status="PASS" starttime="20231127 16:45:17.097" endtime="20231127 16:45:17.216"/>
</kw>
<kw name="Get Element Form Item By Name" library="common">
<var>${element}</var>
<arg>${name}</arg>
<arg>//*[contains(@class, "ant-input")]</arg>
<msg timestamp="20231127 16:45:17.218" level="INFO">${element} = xpath=//*[contains(@class, "ant-form-item-label")]/label[text()="Email"]/../../*[contains(@class, "ant-form-item")]//*[contains(@class, "ant-input")]</msg>
<status status="PASS" starttime="20231127 16:45:17.216" endtime="20231127 16:45:17.218"/>
</kw>
<kw name="Click" library="Browser">
<arg>${element}</arg>
<tag>PageContent</tag>
<tag>Setter</tag>
<doc>Simulates mouse click on the element found by ``selector``.</doc>
<status status="PASS" starttime="20231127 16:45:17.219" endtime="20231127 16:45:17.348"/>
</kw>
<kw name="Clear Text" library="Browser">
<arg>${element}</arg>
<tag>PageContent</tag>
<tag>Setter</tag>
<doc>Clears the text field found by ``selector``.</doc>
<status status="PASS" starttime="20231127 16:45:17.349" endtime="20231127 16:45:17.422"/>
</kw>
<kw name="Fill Text" library="Browser">
<arg>${element}</arg>
<arg>${text}</arg>
<arg>True</arg>
<tag>PageContent</tag>
<tag>Setter</tag>
<doc>Clears and fills the given ``txt`` into the text field found by ``selector``.</doc>
<msg timestamp="20231127 16:45:17.425" level="INFO">Fills the text 'admin@gmail.com' in the given field.</msg>
<status status="PASS" starttime="20231127 16:45:17.424" endtime="20231127 16:45:17.496"/>
</kw>
<kw name="Get Text" library="Browser">
<var>${condition}</var>
<arg>${element}</arg>
<tag>Assertion</tag>
<tag>Getter</tag>
<tag>PageContent</tag>
<doc>Returns text attribute of the element found by ``selector``.</doc>
<msg timestamp="20231127 16:45:17.578" level="INFO">Text: 'admin@gmail.com'</msg>
<msg timestamp="20231127 16:45:17.579" level="INFO">${condition} = admin@gmail.com</msg>
<status status="PASS" starttime="20231127 16:45:17.498" endtime="20231127 16:45:17.580"/>
</kw>
<while condition="'${condition}' != '${text}'" limit="10">
<iter>
<kw name="Fill Text" library="Browser">
<arg>${element}</arg>
<arg>${text}</arg>
<tag>PageContent</tag>
<tag>Setter</tag>
<doc>Clears and fills the given ``txt`` into the text field found by ``selector``.</doc>
<status status="NOT RUN" starttime="20231127 16:45:17.582" endtime="20231127 16:45:17.583"/>
</kw>
<kw name="Get Text" library="Browser">
<var>${condition}</var>
<arg>${element}</arg>
<tag>Assertion</tag>
<tag>Getter</tag>
<tag>PageContent</tag>
<doc>Returns text attribute of the element found by ``selector``.</doc>
<status status="NOT RUN" starttime="20231127 16:45:17.584" endtime="20231127 16:45:17.584"/>
</kw>
<status status="NOT RUN" starttime="20231127 16:45:17.580" endtime="20231127 16:45:17.585"/>
</iter>
<status status="NOT RUN" starttime="20231127 16:45:17.580" endtime="20231127 16:45:17.588"/>
</while>
<kw name="Scroll To Element" library="Browser">
<arg>${element}</arg>
<tag>PageContent</tag>
<tag>Setter</tag>
<doc>This method waits for actionability checks, then tries to scroll element into view,
unless it is completely visible.</doc>
<status status="PASS" starttime="20231127 16:45:17.590" endtime="20231127 16:45:17.670"/>
</kw>
<kw name="Get Length" library="BuiltIn">
<var>${cnt}</var>
<arg>${text}</arg>
<doc>Returns and logs the length of the given item as an integer.</doc>
<msg timestamp="20231127 16:45:17.674" level="INFO">Length is 15</msg>
<msg timestamp="20231127 16:45:17.674" level="INFO">${cnt} = 15</msg>
<status status="PASS" starttime="20231127 16:45:17.673" endtime="20231127 16:45:17.675"/>
</kw>
<if>
<branch type="IF" condition="${cnt} &gt; 0">
<kw name="Set Global Variable" library="BuiltIn">
<arg>\${STATE["${name}"]}</arg>
<arg>${text}</arg>
<doc>Makes a variable available globally in all tests and suites.</doc>
<msg timestamp="20231127 16:45:17.678" level="INFO">${STATE["Email"]} = admin@gmail.com</msg>
<status status="PASS" starttime="20231127 16:45:17.676" endtime="20231127 16:45:17.678"/>
</kw>
<status status="PASS" starttime="20231127 16:45:17.675" endtime="20231127 16:45:17.679"/>
</branch>
<status status="PASS" starttime="20231127 16:45:17.675" endtime="20231127 16:45:17.680"/>
</if>
<kw name="Wait Until Network Is Idle" library="Browser">
<tag>HTTP</tag>
<tag>Wait</tag>
<doc>Waits until there has been at least one instance of 500 ms of no network traffic on the page after loading.</doc>
<status status="PASS" starttime="20231127 16:45:17.680" endtime="20231127 16:45:17.697"/>
</kw>
<status status="PASS" starttime="20231127 16:45:17.096" endtime="20231127 16:45:17.698"/>
</kw>
<kw name="Enter &quot;password&quot; in &quot;Mật khẩu&quot; with &quot;123123&quot;" library="common" sourcename="Enter &quot;${type}&quot; in &quot;${name}&quot; with &quot;${text}&quot;">
<kw name="Get Random Text" library="common">
<var>${text}</var>
<arg>${type}</arg>
<arg>${text}</arg>
<kw name="Set Variable" library="BuiltIn">
<var>${symbol}</var>
<arg>_RANDOM_</arg>
<doc>Returns the given values which can then be assigned to a variables.</doc>
<msg timestamp="20231127 16:45:17.705" level="INFO">${symbol} = _RANDOM_</msg>
<status status="PASS" starttime="20231127 16:45:17.702" endtime="20231127 16:45:17.706"/>
</kw>
<kw name="Set Variable" library="BuiltIn">
<var>${new_text}</var>
<doc>Returns the given values which can then be assigned to a variables.</doc>
<msg timestamp="20231127 16:45:17.708" level="INFO">${new_text} = </msg>
<status status="PASS" starttime="20231127 16:45:17.707" endtime="20231127 16:45:17.708"/>
</kw>
<kw name="Get Regexp Matches" library="String">
<var>${containsS}</var>
<arg>${text}</arg>
<arg>_@(.+)@_</arg>
<arg>1</arg>
<doc>Returns a list of all non-overlapping matches in the given string.</doc>
<msg timestamp="20231127 16:45:17.710" level="INFO">${containsS} = []</msg>
<status status="PASS" starttime="20231127 16:45:17.709" endtime="20231127 16:45:17.711"/>
</kw>
<kw name="Get Length" library="BuiltIn">
<var>${cntS}</var>
<arg>${containsS}</arg>
<doc>Returns and logs the length of the given item as an integer.</doc>
<msg timestamp="20231127 16:45:17.713" level="INFO">Length is 0</msg>
<msg timestamp="20231127 16:45:17.714" level="INFO">${cntS} = 0</msg>
<status status="PASS" starttime="20231127 16:45:17.712" endtime="20231127 16:45:17.714"/>
</kw>
<kw name="Get Regexp Matches" library="String">
<var>${contains}</var>
<arg>${text}</arg>
<arg>${symbol}</arg>
<doc>Returns a list of all non-overlapping matches in the given string.</doc>
<msg timestamp="20231127 16:45:17.716" level="INFO">${contains} = []</msg>
<status status="PASS" starttime="20231127 16:45:17.715" endtime="20231127 16:45:17.717"/>
</kw>
<kw name="Get Length" library="BuiltIn">
<var>${cnt}</var>
<arg>${contains}</arg>
<doc>Returns and logs the length of the given item as an integer.</doc>
<msg timestamp="20231127 16:45:17.719" level="INFO">Length is 0</msg>
<msg timestamp="20231127 16:45:17.723" level="INFO">${cnt} = 0</msg>
<status status="PASS" starttime="20231127 16:45:17.718" endtime="20231127 16:45:17.723"/>
</kw>
<if>
<branch type="IF" condition="${cntS} &gt; 0">
<kw name="Set Variable" library="BuiltIn">
<var>${new_text}</var>
<arg>${STATE["${containsS[0]}"]}</arg>
<doc>Returns the given values which can then be assigned to a variables.</doc>
<status status="NOT RUN" starttime="20231127 16:45:17.725" endtime="20231127 16:45:17.726"/>
</kw>
<kw name="Set Variable" library="BuiltIn">
<var>${symbol}</var>
<arg>_@${containsS[0]}@_</arg>
<doc>Returns the given values which can then be assigned to a variables.</doc>
<status status="NOT RUN" starttime="20231127 16:45:17.726" endtime="20231127 16:45:17.727"/>
</kw>
<status status="NOT RUN" starttime="20231127 16:45:17.724" endtime="20231127 16:45:17.727"/>
</branch>
<branch type="ELSE IF" condition="${cnt} &gt; 0 and '${type}' == 'test name'">
<kw name="Sentence" library="FakerLibrary">
<var>${random}</var>
<arg>nb_words=3</arg>
<doc>Generate a sentence.</doc>
<status status="NOT RUN" starttime="20231127 16:45:17.729" endtime="20231127 16:45:17.729"/>
</kw>
<kw name="Split String" library="String">
<var>${words}</var>
<arg>${TEST NAME}</arg>
<arg>${SPACE}</arg>
<doc>Splits the ``string`` using ``separator`` as a delimiter string.</doc>
<status status="NOT RUN" starttime="20231127 16:45:17.730" endtime="20231127 16:45:17.731"/>
</kw>
<kw name="Set Variable" library="BuiltIn">
<var>${new_text}</var>
<arg>${words[0]} ${random}</arg>
<doc>Returns the given values which can then be assigned to a variables.</doc>
<status status="NOT RUN" starttime="20231127 16:45:17.732" endtime="20231127 16:45:17.732"/>
</kw>
<status status="NOT RUN" starttime="20231127 16:45:17.728" endtime="20231127 16:45:17.733"/>
</branch>
<branch type="ELSE IF" condition="${cnt} &gt; 0 and '${type}' == 'number'">
<kw name="Random Int" library="FakerLibrary">
<var>${new_text}</var>
<doc>Generate a random integer between two integers ``min`` and ``max`` inclusive
while observing the provided ``step`` value.</doc>
<status status="NOT RUN" starttime="20231127 16:45:17.734" endtime="20231127 16:45:17.735"/>
</kw>
<kw name="Convert To String" library="BuiltIn">
<var>${new_text}</var>
<arg>${new_text}</arg>
<doc>Converts the given item to a Unicode string.</doc>
<status status="NOT RUN" starttime="20231127 16:45:17.736" endtime="20231127 16:45:17.740"/>
</kw>
<status status="NOT RUN" starttime="20231127 16:45:17.733" endtime="20231127 16:45:17.740"/>
</branch>
<branch type="ELSE IF" condition="${cnt} &gt; 0 and '${type}' == 'percentage'">
<kw name="Random Int" library="FakerLibrary">
<var>${new_text}</var>
<arg>max=100</arg>
<doc>Generate a random integer between two integers ``min`` and ``max`` inclusive
while observing the provided ``step`` value.</doc>
<status status="NOT RUN" starttime="20231127 16:45:17.742" endtime="20231127 16:45:17.743"/>
</kw>
<kw name="Convert To String" library="BuiltIn">
<var>${new_text}</var>
<arg>${new_text}</arg>
<doc>Converts the given item to a Unicode string.</doc>
<status status="NOT RUN" starttime="20231127 16:45:17.744" endtime="20231127 16:45:17.745"/>
</kw>
<status status="NOT RUN" starttime="20231127 16:45:17.741" endtime="20231127 16:45:17.745"/>
</branch>
<branch type="ELSE IF" condition="${cnt} &gt; 0 and '${type}' == 'paragraph'">
<kw name="Paragraph" library="FakerLibrary">
<var>${new_text}</var>
<doc>Generate a paragraph.</doc>
<status status="NOT RUN" starttime="20231127 16:45:17.747" endtime="20231127 16:45:17.748"/>
</kw>
<status status="NOT RUN" starttime="20231127 16:45:17.746" endtime="20231127 16:45:17.749"/>
</branch>
<branch type="ELSE IF" condition="${cnt} &gt; 0 and '${type}' == 'email'">
<kw name="Email" library="FakerLibrary">
<var>${new_text}</var>
<status status="NOT RUN" starttime="20231127 16:45:17.750" endtime="20231127 16:45:17.751"/>
</kw>
<status status="NOT RUN" starttime="20231127 16:45:17.749" endtime="20231127 16:45:17.752"/>
</branch>
<branch type="ELSE IF" condition="${cnt} &gt; 0 and '${type}' == 'phone'">
<kw name="Random Int" library="FakerLibrary">
<var>${new_text}</var>
<arg>min=2000000000</arg>
<arg>max=9999999999</arg>
<doc>Generate a random integer between two integers ``min`` and ``max`` inclusive
while observing the provided ``step`` value.</doc>
<status status="NOT RUN" starttime="20231127 16:45:17.757" endtime="20231127 16:45:17.757"/>
</kw>
<kw name="Convert To String" library="BuiltIn">
<var>${new_text}</var>
<arg>${new_text}</arg>
<doc>Converts the given item to a Unicode string.</doc>
<status status="NOT RUN" starttime="20231127 16:45:17.758" endtime="20231127 16:45:17.811"/>
</kw>
<kw name="Catenate" library="BuiltIn">
<var>${new_text}</var>
<arg>SEPARATOR=</arg>
<arg>0</arg>
<arg>${new_text}</arg>
<doc>Catenates the given items together and returns the resulted string.</doc>
<status status="NOT RUN" starttime="20231127 16:45:17.812" endtime="20231127 16:45:17.813"/>
</kw>
<status status="NOT RUN" starttime="20231127 16:45:17.752" endtime="20231127 16:45:17.814"/>
</branch>
<branch type="ELSE IF" condition="${cnt} &gt; 0 and '${type}' == 'color'">
<kw name="Safe Hex Color" library="FakerLibrary">
<var>${new_text}</var>
<doc>Generate a web-safe color formatted as a hex triplet.</doc>
<status status="NOT RUN" starttime="20231127 16:45:17.818" endtime="20231127 16:45:17.819"/>
</kw>
<status status="NOT RUN" starttime="20231127 16:45:17.816" endtime="20231127 16:45:17.823"/>
</branch>
<branch type="ELSE IF" condition="${cnt} &gt; 0 and &quot;${type}&quot; == 'password'">
<kw name="Password" library="FakerLibrary">
<var>${new_text}</var>
<arg>10</arg>
<arg>True</arg>
<arg>True</arg>
<arg>True</arg>
<arg>True</arg>
<doc>Generate a random password of the specified ``length``.</doc>
<status status="NOT RUN" starttime="20231127 16:45:17.825" endtime="20231127 16:45:17.825"/>
</kw>
<status status="NOT RUN" starttime="20231127 16:45:17.824" endtime="20231127 16:45:17.826"/>
</branch>
<branch type="ELSE IF" condition="${cnt} &gt; 0 and '${type}' == 'date'">
<kw name="Date" library="FakerLibrary">
<var>${new_text}</var>
<arg>pattern=%d-%m-%Y</arg>
<doc>Get a date string between January 1, 1970 and now.</doc>
<status status="NOT RUN" starttime="20231127 16:45:17.827" endtime="20231127 16:45:17.828"/>
</kw>
<status status="NOT RUN" starttime="20231127 16:45:17.826" endtime="20231127 16:45:17.829"/>
</branch>
<branch type="ELSE IF" condition="${cnt} &gt; 0 and '${type}' == 'word'">
<kw name="Sentence" library="FakerLibrary">
<var>${new_text}</var>
<arg>nb_words=2</arg>
<doc>Generate a sentence.</doc>
<status status="NOT RUN" starttime="20231127 16:45:17.830" endtime="20231127 16:45:17.831"/>
</kw>
<status status="NOT RUN" starttime="20231127 16:45:17.829" endtime="20231127 16:45:17.831"/>
</branch>
<branch type="ELSE IF" condition="${cnt} &gt; 0">
<kw name="Sentence" library="FakerLibrary">
<var>${new_text}</var>
<doc>Generate a sentence.</doc>
<status status="NOT RUN" starttime="20231127 16:45:17.832" endtime="20231127 16:45:17.833"/>
</kw>
<status status="NOT RUN" starttime="20231127 16:45:17.832" endtime="20231127 16:45:17.833"/>
</branch>
<status status="PASS" starttime="20231127 16:45:17.724" endtime="20231127 16:45:17.834"/>
</if>
<kw name="Get Length" library="BuiltIn">
<var>${cnt}</var>
<arg>${text}</arg>
<doc>Returns and logs the length of the given item as an integer.</doc>
<msg timestamp="20231127 16:45:17.836" level="INFO">Length is 6</msg>
<msg timestamp="20231127 16:45:17.839" level="INFO">${cnt} = 6</msg>
<status status="PASS" starttime="20231127 16:45:17.835" endtime="20231127 16:45:17.840"/>
</kw>
<if>
<branch type="IF" condition="${cnt} &gt; 0">
<kw name="Replace String" library="String">
<var>${text}</var>
<arg>${text}</arg>
<arg>${symbol}</arg>
<arg>${new_text}</arg>
<doc>Replaces ``search_for`` in the given ``string`` with ``replace_with``.</doc>
<msg timestamp="20231127 16:45:17.843" level="INFO">${text} = 123123</msg>
<status status="PASS" starttime="20231127 16:45:17.842" endtime="20231127 16:45:17.843"/>
</kw>
<status status="PASS" starttime="20231127 16:45:17.841" endtime="20231127 16:45:17.844"/>
</branch>
<status status="PASS" starttime="20231127 16:45:17.840" endtime="20231127 16:45:17.844"/>
</if>
<msg timestamp="20231127 16:45:17.845" level="INFO">${text} = 123123</msg>
<status status="PASS" starttime="20231127 16:45:17.701" endtime="20231127 16:45:17.845"/>
</kw>
<kw name="Get Element Form Item By Name" library="common">
<var>${element}</var>
<arg>${name}</arg>
<arg>//*[contains(@class, "ant-input")]</arg>
<msg timestamp="20231127 16:45:17.847" level="INFO">${element} = xpath=//*[contains(@class, "ant-form-item-label")]/label[text()="Mật khẩu"]/../../*[contains(@class, "ant-form-item")]//*[contains(@class, "ant-input")]</msg>
<status status="PASS" starttime="20231127 16:45:17.846" endtime="20231127 16:45:17.847"/>
</kw>
<kw name="Click" library="Browser">
<arg>${element}</arg>
<tag>PageContent</tag>
<tag>Setter</tag>
<doc>Simulates mouse click on the element found by ``selector``.</doc>
<status status="PASS" starttime="20231127 16:45:17.848" endtime="20231127 16:45:18.008"/>
</kw>
<kw name="Clear Text" library="Browser">
<arg>${element}</arg>
<tag>PageContent</tag>
<tag>Setter</tag>
<doc>Clears the text field found by ``selector``.</doc>
<status status="PASS" starttime="20231127 16:45:18.010" endtime="20231127 16:45:18.052"/>
</kw>
<kw name="Fill Text" library="Browser">
<arg>${element}</arg>
<arg>${text}</arg>
<arg>True</arg>
<tag>PageContent</tag>
<tag>Setter</tag>
<doc>Clears and fills the given ``txt`` into the text field found by ``selector``.</doc>
<msg timestamp="20231127 16:45:18.057" level="INFO">Fills the text '123123' in the given field.</msg>
<status status="PASS" starttime="20231127 16:45:18.055" endtime="20231127 16:45:18.109"/>
</kw>
<kw name="Get Text" library="Browser">
<var>${condition}</var>
<arg>${element}</arg>
<tag>Assertion</tag>
<tag>Getter</tag>
<tag>PageContent</tag>
<doc>Returns text attribute of the element found by ``selector``.</doc>
<msg timestamp="20231127 16:45:18.158" level="INFO">Text: '123123'</msg>
<msg timestamp="20231127 16:45:18.159" level="INFO">${condition} = 123123</msg>
<status status="PASS" starttime="20231127 16:45:18.110" endtime="20231127 16:45:18.159"/>
</kw>
<while condition="'${condition}' != '${text}'" limit="10">
<iter>
<kw name="Fill Text" library="Browser">
<arg>${element}</arg>
<arg>${text}</arg>
<tag>PageContent</tag>
<tag>Setter</tag>
<doc>Clears and fills the given ``txt`` into the text field found by ``selector``.</doc>
<status status="NOT RUN" starttime="20231127 16:45:18.161" endtime="20231127 16:45:18.162"/>
</kw>
<kw name="Get Text" library="Browser">
<var>${condition}</var>
<arg>${element}</arg>
<tag>Assertion</tag>
<tag>Getter</tag>
<tag>PageContent</tag>
<doc>Returns text attribute of the element found by ``selector``.</doc>
<status status="NOT RUN" starttime="20231127 16:45:18.163" endtime="20231127 16:45:18.164"/>
</kw>
<status status="NOT RUN" starttime="20231127 16:45:18.160" endtime="20231127 16:45:18.164"/>
</iter>
<status status="NOT RUN" starttime="20231127 16:45:18.160" endtime="20231127 16:45:18.165"/>
</while>
<kw name="Scroll To Element" library="Browser">
<arg>${element}</arg>
<tag>PageContent</tag>
<tag>Setter</tag>
<doc>This method waits for actionability checks, then tries to scroll element into view,
unless it is completely visible.</doc>
<status status="PASS" starttime="20231127 16:45:18.166" endtime="20231127 16:45:18.250"/>
</kw>
<kw name="Get Length" library="BuiltIn">
<var>${cnt}</var>
<arg>${text}</arg>
<doc>Returns and logs the length of the given item as an integer.</doc>
<msg timestamp="20231127 16:45:18.252" level="INFO">Length is 6</msg>
<msg timestamp="20231127 16:45:18.254" level="INFO">${cnt} = 6</msg>
<status status="PASS" starttime="20231127 16:45:18.251" endtime="20231127 16:45:18.256"/>
</kw>
<if>
<branch type="IF" condition="${cnt} &gt; 0">
<kw name="Set Global Variable" library="BuiltIn">
<arg>\${STATE["${name}"]}</arg>
<arg>${text}</arg>
<doc>Makes a variable available globally in all tests and suites.</doc>
<msg timestamp="20231127 16:45:18.260" level="INFO">${STATE["Mật khẩu"]} = 123123</msg>
<status status="PASS" starttime="20231127 16:45:18.258" endtime="20231127 16:45:18.260"/>
</kw>
<status status="PASS" starttime="20231127 16:45:18.257" endtime="20231127 16:45:18.261"/>
</branch>
<status status="PASS" starttime="20231127 16:45:18.257" endtime="20231127 16:45:18.261"/>
</if>
<kw name="Wait Until Network Is Idle" library="Browser">
<tag>HTTP</tag>
<tag>Wait</tag>
<doc>Waits until there has been at least one instance of 500 ms of no network traffic on the page after loading.</doc>
<status status="PASS" starttime="20231127 16:45:18.262" endtime="20231127 16:45:18.274"/>
</kw>
<status status="PASS" starttime="20231127 16:45:17.699" endtime="20231127 16:45:18.275"/>
</kw>
<kw name="Click &quot;Đăng nhập&quot; button" library="common" sourcename="Click &quot;${text}&quot; button">
<kw name="Sleep" library="BuiltIn">
<arg>${SHOULD_TIMEOUT}</arg>
<doc>Pauses the test executed for the given time.</doc>
<msg timestamp="20231127 16:45:18.378" level="INFO">Slept 100 milliseconds</msg>
<status status="PASS" starttime="20231127 16:45:18.277" endtime="20231127 16:45:18.378"/>
</kw>
<kw name="Get Element Count" library="Browser">
<var>${cnt}</var>
<arg>//button[@title = "${text}"]</arg>
<tag>Assertion</tag>
<tag>Getter</tag>
<tag>PageContent</tag>
<doc>Returns the count of elements found with ``selector``.</doc>
<msg timestamp="20231127 16:45:18.393" level="INFO">${cnt} = 1</msg>
<status status="PASS" starttime="20231127 16:45:18.379" endtime="20231127 16:45:18.393"/>
</kw>
<if>
<branch type="IF" condition="${cnt} &gt; 0">
<kw name="Click" library="Browser">
<arg>xpath=//button[@title = "${text}"]</arg>
<tag>PageContent</tag>
<tag>Setter</tag>
<doc>Simulates mouse click on the element found by ``selector``.</doc>
<status status="PASS" starttime="20231127 16:45:18.395" endtime="20231127 16:45:18.523"/>
</kw>
<kw name="Click Confirm To Action" library="common">
<kw name="Set Variable" library="BuiltIn">
<var>${element}</var>
<arg>xpath=//*[contains(@class, "ant-popover")]//*[contains(@class, "ant-btn-primary")]</arg>
<doc>Returns the given values which can then be assigned to a variables.</doc>
<msg timestamp="20231127 16:45:18.527" level="INFO">${element} = xpath=//*[contains(@class, "ant-popover")]//*[contains(@class, "ant-btn-primary")]</msg>
<status status="PASS" starttime="20231127 16:45:18.526" endtime="20231127 16:45:18.527"/>
</kw>
<kw name="Get Element Count" library="Browser">
<var>${count}</var>
<arg>${element}</arg>
<tag>Assertion</tag>
<tag>Getter</tag>
<tag>PageContent</tag>
<doc>Returns the count of elements found with ``selector``.</doc>
<msg timestamp="20231127 16:45:18.541" level="INFO">${count} = 0</msg>
<status status="PASS" starttime="20231127 16:45:18.528" endtime="20231127 16:45:18.541"/>
</kw>
<if>
<branch type="IF" condition="${count} &gt; 0">
<kw name="Click" library="Browser">
<arg>${element}</arg>
<tag>PageContent</tag>
<tag>Setter</tag>
<doc>Simulates mouse click on the element found by ``selector``.</doc>
<status status="NOT RUN" starttime="20231127 16:45:18.543" endtime="20231127 16:45:18.544"/>
</kw>
<kw name="Sleep" library="BuiltIn">
<arg>${SHOULD_TIMEOUT}</arg>
<doc>Pauses the test executed for the given time.</doc>
<status status="NOT RUN" starttime="20231127 16:45:18.546" endtime="20231127 16:45:18.546"/>
</kw>
<kw name="Wait Until Element Spin" library="common">
<status status="NOT RUN" starttime="20231127 16:45:18.548" endtime="20231127 16:45:18.550"/>
</kw>
<status status="NOT RUN" starttime="20231127 16:45:18.542" endtime="20231127 16:45:18.551"/>
</branch>
<status status="PASS" starttime="20231127 16:45:18.542" endtime="20231127 16:45:18.552"/>
</if>
<status status="PASS" starttime="20231127 16:45:18.524" endtime="20231127 16:45:18.554"/>
</kw>
<kw name="Scroll By" library="Browser">
<arg>${None}</arg>
<tag>PageContent</tag>
<tag>Setter</tag>
<doc>Scrolls an element or the page relative from current position by the given values.</doc>
<msg timestamp="20231127 16:45:18.581" level="INFO">JavaScript executed successfully.</msg>
<msg timestamp="20231127 16:45:18.581" level="INFO">JavaScript executed successfully.</msg>
<msg timestamp="20231127 16:45:18.602" level="INFO">JavaScript executed successfully.</msg>
<msg timestamp="20231127 16:45:18.602" level="INFO">JavaScript executed successfully.</msg>
<msg timestamp="20231127 16:45:18.614" level="INFO">JavaScript executed successfully.</msg>
<status status="PASS" starttime="20231127 16:45:18.555" endtime="20231127 16:45:18.615"/>
</kw>
<status status="PASS" starttime="20231127 16:45:18.394" endtime="20231127 16:45:18.615"/>
</branch>
<branch type="ELSE">
<kw name="Click" library="Browser">
<arg>//span[contains(text(),"${text}")]</arg>
<tag>PageContent</tag>
<tag>Setter</tag>
<doc>Simulates mouse click on the element found by ``selector``.</doc>
<status status="NOT RUN" starttime="20231127 16:45:18.617" endtime="20231127 16:45:18.617"/>
</kw>
<kw name="Click Confirm To Action" library="common">
<status status="NOT RUN" starttime="20231127 16:45:18.618" endtime="20231127 16:45:18.618"/>
</kw>
<kw name="Scroll By" library="Browser">
<arg>${None}</arg>
<tag>PageContent</tag>
<tag>Setter</tag>
<doc>Scrolls an element or the page relative from current position by the given values.</doc>
<status status="NOT RUN" starttime="20231127 16:45:18.620" endtime="20231127 16:45:18.621"/>
</kw>
<status status="NOT RUN" starttime="20231127 16:45:18.616" endtime="20231127 16:45:18.622"/>
</branch>
<status status="PASS" starttime="20231127 16:45:18.394" endtime="20231127 16:45:18.623"/>
</if>
<kw name="Wait Until Network Is Idle" library="Browser">
<tag>HTTP</tag>
<tag>Wait</tag>
<doc>Waits until there has been at least one instance of 500 ms of no network traffic on the page after loading.</doc>
<status status="PASS" starttime="20231127 16:45:18.624" endtime="20231127 16:45:18.635"/>
</kw>
<status status="PASS" starttime="20231127 16:45:18.276" endtime="20231127 16:45:18.638"/>
</kw>
<kw name="User look message &quot;Success&quot; popup" library="common" sourcename="User look message &quot;${message}&quot; popup">
<kw name="Get Regexp Matches" library="String">
<var>${contains}</var>
<arg>${message}</arg>
<arg>_@(.+)@_</arg>
<arg>1</arg>
<doc>Returns a list of all non-overlapping matches in the given string.</doc>
<msg timestamp="20231127 16:45:18.641" level="INFO">${contains} = []</msg>
<status status="PASS" starttime="20231127 16:45:18.640" endtime="20231127 16:45:18.642"/>
</kw>
<kw name="Get Length" library="BuiltIn">
<var>${cnt}</var>
<arg>${contains}</arg>
<doc>Returns and logs the length of the given item as an integer.</doc>
<msg timestamp="20231127 16:45:18.644" level="INFO">Length is 0</msg>
<msg timestamp="20231127 16:45:18.644" level="INFO">${cnt} = 0</msg>
<status status="PASS" starttime="20231127 16:45:18.643" endtime="20231127 16:45:18.644"/>
</kw>
<if>
<branch type="IF" condition="${cnt} &gt; 0">
<kw name="Replace String" library="String">
<var>${message}</var>
<arg>${message}</arg>
<arg>_@${contains[0]}@_</arg>
<arg>${STATE["${contains[0]}"]}</arg>
<doc>Replaces ``search_for`` in the given ``string`` with ``replace_with``.</doc>
<status status="NOT RUN" starttime="20231127 16:45:18.646" endtime="20231127 16:45:18.647"/>
</kw>
<status status="NOT RUN" starttime="20231127 16:45:18.645" endtime="20231127 16:45:18.648"/>
</branch>
<status status="PASS" starttime="20231127 16:45:18.645" endtime="20231127 16:45:18.649"/>
</if>
<kw name="Wait Until Keyword Succeeds" library="BuiltIn">
<arg>${SHOULD_TIMEOUT}</arg>
<arg>${TIME_TRY}</arg>
<arg>Element Text Should Be</arg>
<arg>id=swal2-html-container</arg>
<arg>${message}</arg>
<doc>Runs the specified keyword and retries if it fails.</doc>
<kw name="Element Text Should Be" library="common">
<arg>id=swal2-html-container</arg>
<arg>${message}</arg>
<kw name="Get Text" library="Browser">
<arg>${locator}</arg>
<arg>equal</arg>
<arg>${expected}</arg>
<arg>${message}</arg>
<tag>Assertion</tag>
<tag>Getter</tag>
<tag>PageContent</tag>
<doc>Returns text attribute of the element found by ``selector``.</doc>
<msg timestamp="20231127 16:45:19.029" level="INFO">Text: 'Success'</msg>
<status status="PASS" starttime="20231127 16:45:18.661" endtime="20231127 16:45:19.030"/>
</kw>
<status status="PASS" starttime="20231127 16:45:18.656" endtime="20231127 16:45:19.031"/>
</kw>
<status status="PASS" starttime="20231127 16:45:18.650" endtime="20231127 16:45:19.031"/>
</kw>
<kw name="Set Variable" library="BuiltIn">
<var>${element}</var>
<arg>xpath=//*[contains(@class, "swal2-confirm")]</arg>
<doc>Returns the given values which can then be assigned to a variables.</doc>
<msg timestamp="20231127 16:45:19.033" level="INFO">${element} = xpath=//*[contains(@class, "swal2-confirm")]</msg>
<status status="PASS" starttime="20231127 16:45:19.032" endtime="20231127 16:45:19.033"/>
</kw>
<kw name="Run Keyword And Return Status" library="BuiltIn">
<var>${passed}</var>
<arg>Element Should Be Visible</arg>
<arg>${element}</arg>
<doc>Runs the given keyword with given arguments and returns the status as a Boolean value.</doc>
<kw name="Element Should Be Visible" library="common">
<arg>${element}</arg>
<kw name="Wait For Elements State" library="Browser">
<arg>${locator}</arg>
<arg>visible</arg>
<arg>${timeout}</arg>
<arg>${message}</arg>
<tag>PageContent</tag>
<tag>Wait</tag>
<doc>Waits for the element found by ``selector`` to satisfy state option.</doc>
<msg timestamp="20231127 16:45:19.552" level="INFO" html="true">&lt;/td&gt;&lt;/tr&gt;&lt;tr&gt;&lt;td colspan="3"&gt;&lt;a href="browser/screenshot/fail-screenshot-1.png" target="_blank"&gt;&lt;img src="browser/screenshot/fail-screenshot-1.png" width="800px"/&gt;&lt;/a&gt;</msg>
<msg timestamp="20231127 16:45:19.552" level="INFO">See also file:///D:/TESTER/Automation/playwright-log.txt for additional details.</msg>
<msg timestamp="20231127 16:45:19.553" level="FAIL">TimeoutError: locator.waitFor: Timeout 100ms exceeded.
=========================== logs ===========================
waiting for locator('xpath=//*[contains(@class, "swal2-confirm")]') to be visible
  locator resolved to hidden &lt;button type="button" aria-label="" class="swal2-confirm…&gt;OK&lt;/button&gt;
  locator resolved to hidden &lt;button type="button" aria-label="" class="swal2-confirm…&gt;OK&lt;/button&gt;
============================================================
Tip: Use "Set Browser Timeout" for increasing the timeout or double check your locator as the targeted element(s) couldn't be found.</msg>
<status status="FAIL" starttime="20231127 16:45:19.038" endtime="20231127 16:45:19.566"/>
</kw>
<status status="FAIL" starttime="20231127 16:45:19.035" endtime="20231127 16:45:19.567"/>
</kw>
<msg timestamp="20231127 16:45:19.567" level="INFO">${passed} = False</msg>
<status status="PASS" starttime="20231127 16:45:19.034" endtime="20231127 16:45:19.568"/>
</kw>
<if>
<branch type="IF" condition="'${passed}' == 'True'">
<kw name="Click" library="Browser">
<arg>${element}</arg>
<tag>PageContent</tag>
<tag>Setter</tag>
<doc>Simulates mouse click on the element found by ``selector``.</doc>
<status status="NOT RUN" starttime="20231127 16:45:19.571" endtime="20231127 16:45:19.572"/>
</kw>
<status status="NOT RUN" starttime="20231127 16:45:19.568" endtime="20231127 16:45:19.573"/>
</branch>
<status status="PASS" starttime="20231127 16:45:19.568" endtime="20231127 16:45:19.573"/>
</if>
<status status="PASS" starttime="20231127 16:45:18.638" endtime="20231127 16:45:19.574"/>
</kw>
<status status="PASS" starttime="20231127 16:45:17.095" endtime="20231127 16:45:19.574"/>
</kw>
<kw name="Click &quot;QUẢN LÝ DANH MỤC&quot; menu" library="common" sourcename="Click &quot;${text}&quot; menu">
<kw name="Click" library="Browser">
<arg>xpath=//li[contains(@class, "menu") and descendant::span[contains(text(), "${text}")]]</arg>
<tag>PageContent</tag>
<tag>Setter</tag>
<doc>Simulates mouse click on the element found by ``selector``.</doc>
<status status="PASS" starttime="20231127 16:45:19.575" endtime="20231127 16:45:20.595"/>
</kw>
<status status="PASS" starttime="20231127 16:45:19.575" endtime="20231127 16:45:20.595"/>
</kw>
<kw name="Click &quot;Post&quot; sub menu to &quot;/post&quot;" library="common" sourcename="Click &quot;${text}&quot; sub menu to &quot;${url}&quot;">
<kw name="Wait Until Element Spin" library="common">
<kw name="Sleep" library="BuiltIn">
<arg>${SHOULD_TIMEOUT}</arg>
<doc>Pauses the test executed for the given time.</doc>
<msg timestamp="20231127 16:45:20.697" level="INFO">Slept 100 milliseconds</msg>
<status status="PASS" starttime="20231127 16:45:20.597" endtime="20231127 16:45:20.697"/>
</kw>
<kw name="Set Variable" library="BuiltIn">
<var>${element}</var>
<arg>xpath=//*[contains(@class, "ant-spin-spinning")]</arg>
<doc>Returns the given values which can then be assigned to a variables.</doc>
<msg timestamp="20231127 16:45:20.698" level="INFO">${element} = xpath=//*[contains(@class, "ant-spin-spinning")]</msg>
<status status="PASS" starttime="20231127 16:45:20.697" endtime="20231127 16:45:20.698"/>
</kw>
<kw name="Get Element Count" library="Browser">
<var>${count}</var>
<arg>${element}</arg>
<tag>Assertion</tag>
<tag>Getter</tag>
<tag>PageContent</tag>
<doc>Returns the count of elements found with ``selector``.</doc>
<msg timestamp="20231127 16:45:20.708" level="INFO">${count} = 0</msg>
<status status="PASS" starttime="20231127 16:45:20.698" endtime="20231127 16:45:20.708"/>
</kw>
<if>
<branch type="IF" condition="${count} &gt; 0">
<kw name="Wait Until Page Does Not Contain Element" library="common">
<arg>${element}</arg>
<status status="NOT RUN" starttime="20231127 16:45:20.710" endtime="20231127 16:45:20.711"/>
</kw>
<status status="NOT RUN" starttime="20231127 16:45:20.709" endtime="20231127 16:45:20.711"/>
</branch>
<status status="PASS" starttime="20231127 16:45:20.709" endtime="20231127 16:45:20.712"/>
</if>
<status status="PASS" starttime="20231127 16:45:20.596" endtime="20231127 16:45:20.712"/>
</kw>
<kw name="Click" library="Browser">
<arg>xpath=//a[contains(@class, "sub-menu") and descendant::span[contains(text(), "${text}")]]</arg>
<tag>PageContent</tag>
<tag>Setter</tag>
<doc>Simulates mouse click on the element found by ``selector``.</doc>
<status status="PASS" starttime="20231127 16:45:20.713" endtime="20231127 16:45:21.076"/>
</kw>
<kw name="Get Url" library="Browser">
<var>${curent_url}</var>
<tag>Assertion</tag>
<tag>Getter</tag>
<tag>PageContent</tag>
<doc>Returns the current URL.</doc>
<msg timestamp="20231127 16:45:21.082" level="INFO">${curent_url} = http://dev1.geneat.vn:7802/#/vn/post</msg>
<status status="PASS" starttime="20231127 16:45:21.077" endtime="20231127 16:45:21.083"/>
</kw>
<kw name="Should Contain" library="BuiltIn">
<arg>${curent_url}</arg>
<arg>${URL_DEFAULT}${url}</arg>
<doc>Fails if ``container`` does not contain ``item`` one or more times.</doc>
<status status="PASS" starttime="20231127 16:45:21.083" endtime="20231127 16:45:21.084"/>
</kw>
<status status="PASS" starttime="20231127 16:45:20.596" endtime="20231127 16:45:21.085"/>
</kw>
<status status="PASS" starttime="20231127 16:45:17.094" endtime="20231127 16:45:21.087"/>
</kw>
<kw name="Set Variable" library="BuiltIn">
<var>${element}</var>
<arg>//*[contains(@class,'ant-spin-container')]//span[contains(text(),'${name}')]</arg>
<doc>Returns the given values which can then be assigned to a variables.</doc>
<msg timestamp="20231127 16:45:21.089" level="INFO">${element} = //*[contains(@class,'ant-spin-container')]//span[contains(text(),'Cate1')]</msg>
<status status="PASS" starttime="20231127 16:45:21.088" endtime="20231127 16:45:21.090"/>
</kw>
<kw name="Get Element Count" library="Browser">
<var>${cnt}</var>
<arg>${element}</arg>
<tag>Assertion</tag>
<tag>Getter</tag>
<tag>PageContent</tag>
<doc>Returns the count of elements found with ``selector``.</doc>
<msg timestamp="20231127 16:45:21.314" level="INFO">${cnt} = 1</msg>
<status status="PASS" starttime="20231127 16:45:21.091" endtime="20231127 16:45:21.314"/>
</kw>
<if>
<branch type="IF" condition="${cnt} &lt; 1">
<kw name="Click &quot;Tạo mới&quot; button" library="common" sourcename="Click &quot;${text}&quot; button">
<status status="NOT RUN" starttime="20231127 16:45:21.316" endtime="20231127 16:45:21.317"/>
</kw>
<kw name="Enter &quot;test name&quot; in &quot;Tiêu đề&quot; with &quot;${name}&quot;" library="common" sourcename="Enter &quot;${type}&quot; in &quot;${name}&quot; with &quot;${text}&quot;">
<status status="NOT RUN" starttime="20231127 16:45:21.318" endtime="20231127 16:45:21.318"/>
</kw>
<kw name="Enter &quot;paragraph&quot; in textarea &quot;Giới thiệu&quot; with &quot;_RANDOM_&quot;" library="common" sourcename="Enter &quot;${type}&quot; in textarea &quot;${name}&quot; with &quot;${text}&quot;">
<status status="NOT RUN" starttime="20231127 16:45:21.321" endtime="20231127 16:45:21.321"/>
</kw>
<kw name="Click &quot;Lưu lại&quot; button" library="common" sourcename="Click &quot;${text}&quot; button">
<status status="NOT RUN" starttime="20231127 16:45:21.322" endtime="20231127 16:45:21.322"/>
</kw>
<kw name="User look message &quot;Thêm mới danh mục bài viết thành công&quot; popup" library="common" sourcename="User look message &quot;${message}&quot; popup">
<status status="NOT RUN" starttime="20231127 16:45:21.323" endtime="20231127 16:45:21.324"/>
</kw>
<status status="NOT RUN" starttime="20231127 16:45:21.315" endtime="20231127 16:45:21.325"/>
</branch>
<branch type="ELSE">
<kw name="Select on the &quot;${name}&quot; item line" library="common" sourcename="Select on the &quot;${text}&quot; item line">
<kw name="Wait Until Element Spin" library="common">
<kw name="Sleep" library="BuiltIn">
<arg>${SHOULD_TIMEOUT}</arg>
<doc>Pauses the test executed for the given time.</doc>
<msg timestamp="20231127 16:45:21.428" level="INFO">Slept 100 milliseconds</msg>
<status status="PASS" starttime="20231127 16:45:21.328" endtime="20231127 16:45:21.428"/>
</kw>
<kw name="Set Variable" library="BuiltIn">
<var>${element}</var>
<arg>xpath=//*[contains(@class, "ant-spin-spinning")]</arg>
<doc>Returns the given values which can then be assigned to a variables.</doc>
<msg timestamp="20231127 16:45:21.430" level="INFO">${element} = xpath=//*[contains(@class, "ant-spin-spinning")]</msg>
<status status="PASS" starttime="20231127 16:45:21.429" endtime="20231127 16:45:21.430"/>
</kw>
<kw name="Get Element Count" library="Browser">
<var>${count}</var>
<arg>${element}</arg>
<tag>Assertion</tag>
<tag>Getter</tag>
<tag>PageContent</tag>
<doc>Returns the count of elements found with ``selector``.</doc>
<msg timestamp="20231127 16:45:21.474" level="INFO">${count} = 0</msg>
<status status="PASS" starttime="20231127 16:45:21.431" endtime="20231127 16:45:21.475"/>
</kw>
<if>
<branch type="IF" condition="${count} &gt; 0">
<kw name="Wait Until Page Does Not Contain Element" library="common">
<arg>${element}</arg>
<status status="NOT RUN" starttime="20231127 16:45:21.477" endtime="20231127 16:45:21.479"/>
</kw>
<status status="NOT RUN" starttime="20231127 16:45:21.476" endtime="20231127 16:45:21.480"/>
</branch>
<status status="PASS" starttime="20231127 16:45:21.475" endtime="20231127 16:45:21.481"/>
</if>
<status status="PASS" starttime="20231127 16:45:21.327" endtime="20231127 16:45:21.481"/>
</kw>
<kw name="Check Text" library="common">
<var>${text}</var>
<arg>${text}</arg>
<kw name="Get Regexp Matches" library="String">
<var>${containsS}</var>
<arg>${text}</arg>
<arg>_@(.+)@_</arg>
<arg>1</arg>
<doc>Returns a list of all non-overlapping matches in the given string.</doc>
<msg timestamp="20231127 16:45:21.484" level="INFO">${containsS} = []</msg>
<status status="PASS" starttime="20231127 16:45:21.483" endtime="20231127 16:45:21.485"/>
</kw>
<kw name="Get Length" library="BuiltIn">
<var>${cntS}</var>
<arg>${containsS}</arg>
<doc>Returns and logs the length of the given item as an integer.</doc>
<msg timestamp="20231127 16:45:21.489" level="INFO">Length is 0</msg>
<msg timestamp="20231127 16:45:21.490" level="INFO">${cntS} = 0</msg>
<status status="PASS" starttime="20231127 16:45:21.486" endtime="20231127 16:45:21.490"/>
</kw>
<if>
<branch type="IF" condition="${cntS} &gt; 0">
<kw name="Set Variable" library="BuiltIn">
<var>${text}</var>
<arg>${STATE["${containsS[0]}"]}</arg>
<doc>Returns the given values which can then be assigned to a variables.</doc>
<status status="NOT RUN" starttime="20231127 16:45:21.496" endtime="20231127 16:45:21.496"/>
</kw>
<status status="NOT RUN" starttime="20231127 16:45:21.491" endtime="20231127 16:45:21.497"/>
</branch>
<status status="PASS" starttime="20231127 16:45:21.491" endtime="20231127 16:45:21.497"/>
</if>
<msg timestamp="20231127 16:45:21.498" level="INFO">${text} = Cate1</msg>
<status status="PASS" starttime="20231127 16:45:21.482" endtime="20231127 16:45:21.498"/>
</kw>
<kw name="Get Element Item By Name" library="common">
<var>${element}</var>
<arg>${text}</arg>
<msg timestamp="20231127 16:45:21.501" level="INFO">${element} = xpath=//*[contains(@class, "item-text") and contains(text(), "Cate1")]/ancestor::*[contains(@class, "item")]</msg>
<status status="PASS" starttime="20231127 16:45:21.499" endtime="20231127 16:45:21.502"/>
</kw>
<kw name="Click" library="Browser">
<arg>${element}</arg>
<tag>PageContent</tag>
<tag>Setter</tag>
<doc>Simulates mouse click on the element found by ``selector``.</doc>
<status status="PASS" starttime="20231127 16:45:21.504" endtime="20231127 16:45:21.712"/>
</kw>
<kw name="Wait Until Network Is Idle" library="Browser">
<tag>HTTP</tag>
<tag>Wait</tag>
<doc>Waits until there has been at least one instance of 500 ms of no network traffic on the page after loading.</doc>
<status status="PASS" starttime="20231127 16:45:21.713" endtime="20231127 16:45:22.434"/>
</kw>
<status status="PASS" starttime="20231127 16:45:21.326" endtime="20231127 16:45:22.434"/>
</kw>
<status status="PASS" starttime="20231127 16:45:21.325" endtime="20231127 16:45:22.434"/>
</branch>
<status status="PASS" starttime="20231127 16:45:21.314" endtime="20231127 16:45:22.435"/>
</if>
<status status="PASS" starttime="20231127 16:45:17.094" endtime="20231127 16:45:22.435"/>
</branch>
<status status="PASS" starttime="20231127 16:45:17.073" endtime="20231127 16:45:22.436"/>
</if>
<status status="PASS" starttime="20231127 16:45:16.696" endtime="20231127 16:45:22.436"/>
</kw>
<kw name="Create a test post with &quot;Cate1&quot; type" sourcename="Create a test post with &quot;${type}&quot; type">
<kw name="Click &quot;Tạo mới bài viết&quot; button" library="common" sourcename="Click &quot;${text}&quot; button">
<kw name="Sleep" library="BuiltIn">
<arg>${SHOULD_TIMEOUT}</arg>
<doc>Pauses the test executed for the given time.</doc>
<msg timestamp="20231127 16:45:22.542" level="INFO">Slept 100 milliseconds</msg>
<status status="PASS" starttime="20231127 16:45:22.440" endtime="20231127 16:45:22.542"/>
</kw>
<kw name="Get Element Count" library="Browser">
<var>${cnt}</var>
<arg>//button[@title = "${text}"]</arg>
<tag>Assertion</tag>
<tag>Getter</tag>
<tag>PageContent</tag>
<doc>Returns the count of elements found with ``selector``.</doc>
<msg timestamp="20231127 16:45:22.550" level="INFO">${cnt} = 1</msg>
<status status="PASS" starttime="20231127 16:45:22.542" endtime="20231127 16:45:22.550"/>
</kw>
<if>
<branch type="IF" condition="${cnt} &gt; 0">
<kw name="Click" library="Browser">
<arg>xpath=//button[@title = "${text}"]</arg>
<tag>PageContent</tag>
<tag>Setter</tag>
<doc>Simulates mouse click on the element found by ``selector``.</doc>
<status status="PASS" starttime="20231127 16:45:22.551" endtime="20231127 16:45:23.076"/>
</kw>
<kw name="Click Confirm To Action" library="common">
<kw name="Set Variable" library="BuiltIn">
<var>${element}</var>
<arg>xpath=//*[contains(@class, "ant-popover")]//*[contains(@class, "ant-btn-primary")]</arg>
<doc>Returns the given values which can then be assigned to a variables.</doc>
<msg timestamp="20231127 16:45:23.079" level="INFO">${element} = xpath=//*[contains(@class, "ant-popover")]//*[contains(@class, "ant-btn-primary")]</msg>
<status status="PASS" starttime="20231127 16:45:23.078" endtime="20231127 16:45:23.080"/>
</kw>
<kw name="Get Element Count" library="Browser">
<var>${count}</var>
<arg>${element}</arg>
<tag>Assertion</tag>
<tag>Getter</tag>
<tag>PageContent</tag>
<doc>Returns the count of elements found with ``selector``.</doc>
<msg timestamp="20231127 16:45:23.114" level="INFO">${count} = 0</msg>
<status status="PASS" starttime="20231127 16:45:23.081" endtime="20231127 16:45:23.115"/>
</kw>
<if>
<branch type="IF" condition="${count} &gt; 0">
<kw name="Click" library="Browser">
<arg>${element}</arg>
<tag>PageContent</tag>
<tag>Setter</tag>
<doc>Simulates mouse click on the element found by ``selector``.</doc>
<status status="NOT RUN" starttime="20231127 16:45:23.116" endtime="20231127 16:45:23.117"/>
</kw>
<kw name="Sleep" library="BuiltIn">
<arg>${SHOULD_TIMEOUT}</arg>
<doc>Pauses the test executed for the given time.</doc>
<status status="NOT RUN" starttime="20231127 16:45:23.117" endtime="20231127 16:45:23.118"/>
</kw>
<kw name="Wait Until Element Spin" library="common">
<status status="NOT RUN" starttime="20231127 16:45:23.119" endtime="20231127 16:45:23.120"/>
</kw>
<status status="NOT RUN" starttime="20231127 16:45:23.115" endtime="20231127 16:45:23.121"/>
</branch>
<status status="PASS" starttime="20231127 16:45:23.115" endtime="20231127 16:45:23.121"/>
</if>
<status status="PASS" starttime="20231127 16:45:23.077" endtime="20231127 16:45:23.121"/>
</kw>
<kw name="Scroll By" library="Browser">
<arg>${None}</arg>
<tag>PageContent</tag>
<tag>Setter</tag>
<doc>Scrolls an element or the page relative from current position by the given values.</doc>
<msg timestamp="20231127 16:45:23.191" level="INFO">JavaScript executed successfully.</msg>
<msg timestamp="20231127 16:45:23.192" level="INFO">JavaScript executed successfully.</msg>
<msg timestamp="20231127 16:45:23.220" level="INFO">JavaScript executed successfully.</msg>
<msg timestamp="20231127 16:45:23.221" level="INFO">JavaScript executed successfully.</msg>
<msg timestamp="20231127 16:45:23.231" level="INFO">JavaScript executed successfully.</msg>
<status status="PASS" starttime="20231127 16:45:23.122" endtime="20231127 16:45:23.231"/>
</kw>
<status status="PASS" starttime="20231127 16:45:22.551" endtime="20231127 16:45:23.232"/>
</branch>
<branch type="ELSE">
<kw name="Click" library="Browser">
<arg>//span[contains(text(),"${text}")]</arg>
<tag>PageContent</tag>
<tag>Setter</tag>
<doc>Simulates mouse click on the element found by ``selector``.</doc>
<status status="NOT RUN" starttime="20231127 16:45:23.233" endtime="20231127 16:45:23.234"/>
</kw>
<kw name="Click Confirm To Action" library="common">
<status status="NOT RUN" starttime="20231127 16:45:23.234" endtime="20231127 16:45:23.235"/>
</kw>
<kw name="Scroll By" library="Browser">
<arg>${None}</arg>
<tag>PageContent</tag>
<tag>Setter</tag>
<doc>Scrolls an element or the page relative from current position by the given values.</doc>
<status status="NOT RUN" starttime="20231127 16:45:23.236" endtime="20231127 16:45:23.237"/>
</kw>
<status status="NOT RUN" starttime="20231127 16:45:23.233" endtime="20231127 16:45:23.238"/>
</branch>
<status status="PASS" starttime="20231127 16:45:22.551" endtime="20231127 16:45:23.238"/>
</if>
<kw name="Wait Until Network Is Idle" library="Browser">
<tag>HTTP</tag>
<tag>Wait</tag>
<doc>Waits until there has been at least one instance of 500 ms of no network traffic on the page after loading.</doc>
<status status="PASS" starttime="20231127 16:45:23.239" endtime="20231127 16:45:23.247"/>
</kw>
<status status="PASS" starttime="20231127 16:45:22.439" endtime="20231127 16:45:23.248"/>
</kw>
<kw name="Click radio &quot;Loại editor&quot; in line &quot;Block&quot;" library="common" sourcename="Click radio &quot;${name}&quot; in line &quot;${text}&quot;">
<kw name="Get Element Form Item By Name" library="common">
<var>${element}</var>
<arg>${name}</arg>
<arg>//*[contains(@class, "ant-radio-button-wrapper")]/span[contains(text(), "${text}")]</arg>
<msg timestamp="20231127 16:45:23.251" level="INFO">${element} = xpath=//*[contains(@class, "ant-form-item-label")]/label[text()="Loại editor"]/../../*[contains(@class, "ant-form-item")]//*[contains(@class, "ant-radio-button-wrapper")]/span[contains(text(), "Block"...</msg>
<status status="PASS" starttime="20231127 16:45:23.250" endtime="20231127 16:45:23.251"/>
</kw>
<kw name="Click" library="Browser">
<arg>${element}</arg>
<tag>PageContent</tag>
<tag>Setter</tag>
<doc>Simulates mouse click on the element found by ``selector``.</doc>
<status status="PASS" starttime="20231127 16:45:23.252" endtime="20231127 16:45:23.473"/>
</kw>
<status status="PASS" starttime="20231127 16:45:23.249" endtime="20231127 16:45:23.473"/>
</kw>
<kw name="Click select &quot;Chuyên mục&quot; with &quot;${type}&quot;" library="common" sourcename="Click select &quot;${name}&quot; with &quot;${text}&quot;">
<kw name="Get Random Text" library="common">
<var>${text}</var>
<arg>Text</arg>
<arg>${text}</arg>
<kw name="Set Variable" library="BuiltIn">
<var>${symbol}</var>
<arg>_RANDOM_</arg>
<doc>Returns the given values which can then be assigned to a variables.</doc>
<msg timestamp="20231127 16:45:23.478" level="INFO">${symbol} = _RANDOM_</msg>
<status status="PASS" starttime="20231127 16:45:23.477" endtime="20231127 16:45:23.479"/>
</kw>
<kw name="Set Variable" library="BuiltIn">
<var>${new_text}</var>
<doc>Returns the given values which can then be assigned to a variables.</doc>
<msg timestamp="20231127 16:45:23.480" level="INFO">${new_text} = </msg>
<status status="PASS" starttime="20231127 16:45:23.479" endtime="20231127 16:45:23.481"/>
</kw>
<kw name="Get Regexp Matches" library="String">
<var>${containsS}</var>
<arg>${text}</arg>
<arg>_@(.+)@_</arg>
<arg>1</arg>
<doc>Returns a list of all non-overlapping matches in the given string.</doc>
<msg timestamp="20231127 16:45:23.484" level="INFO">${containsS} = []</msg>
<status status="PASS" starttime="20231127 16:45:23.482" endtime="20231127 16:45:23.485"/>
</kw>
<kw name="Get Length" library="BuiltIn">
<var>${cntS}</var>
<arg>${containsS}</arg>
<doc>Returns and logs the length of the given item as an integer.</doc>
<msg timestamp="20231127 16:45:23.489" level="INFO">Length is 0</msg>
<msg timestamp="20231127 16:45:23.489" level="INFO">${cntS} = 0</msg>
<status status="PASS" starttime="20231127 16:45:23.486" endtime="20231127 16:45:23.490"/>
</kw>
<kw name="Get Regexp Matches" library="String">
<var>${contains}</var>
<arg>${text}</arg>
<arg>${symbol}</arg>
<doc>Returns a list of all non-overlapping matches in the given string.</doc>
<msg timestamp="20231127 16:45:23.492" level="INFO">${contains} = []</msg>
<status status="PASS" starttime="20231127 16:45:23.490" endtime="20231127 16:45:23.493"/>
</kw>
<kw name="Get Length" library="BuiltIn">
<var>${cnt}</var>
<arg>${contains}</arg>
<doc>Returns and logs the length of the given item as an integer.</doc>
<msg timestamp="20231127 16:45:23.495" level="INFO">Length is 0</msg>
<msg timestamp="20231127 16:45:23.495" level="INFO">${cnt} = 0</msg>
<status status="PASS" starttime="20231127 16:45:23.494" endtime="20231127 16:45:23.495"/>
</kw>
<if>
<branch type="IF" condition="${cntS} &gt; 0">
<kw name="Set Variable" library="BuiltIn">
<var>${new_text}</var>
<arg>${STATE["${containsS[0]}"]}</arg>
<doc>Returns the given values which can then be assigned to a variables.</doc>
<status status="NOT RUN" starttime="20231127 16:45:23.496" endtime="20231127 16:45:23.497"/>
</kw>
<kw name="Set Variable" library="BuiltIn">
<var>${symbol}</var>
<arg>_@${containsS[0]}@_</arg>
<doc>Returns the given values which can then be assigned to a variables.</doc>
<status status="NOT RUN" starttime="20231127 16:45:23.498" endtime="20231127 16:45:23.498"/>
</kw>
<status status="NOT RUN" starttime="20231127 16:45:23.496" endtime="20231127 16:45:23.499"/>
</branch>
<branch type="ELSE IF" condition="${cnt} &gt; 0 and '${type}' == 'test name'">
<kw name="Sentence" library="FakerLibrary">
<var>${random}</var>
<arg>nb_words=3</arg>
<doc>Generate a sentence.</doc>
<status status="NOT RUN" starttime="20231127 16:45:23.500" endtime="20231127 16:45:23.500"/>
</kw>
<kw name="Split String" library="String">
<var>${words}</var>
<arg>${TEST NAME}</arg>
<arg>${SPACE}</arg>
<doc>Splits the ``string`` using ``separator`` as a delimiter string.</doc>
<status status="NOT RUN" starttime="20231127 16:45:23.500" endtime="20231127 16:45:23.501"/>
</kw>
<kw name="Set Variable" library="BuiltIn">
<var>${new_text}</var>
<arg>${words[0]} ${random}</arg>
<doc>Returns the given values which can then be assigned to a variables.</doc>
<status status="NOT RUN" starttime="20231127 16:45:23.501" endtime="20231127 16:45:23.501"/>
</kw>
<status status="NOT RUN" starttime="20231127 16:45:23.499" endtime="20231127 16:45:23.502"/>
</branch>
<branch type="ELSE IF" condition="${cnt} &gt; 0 and '${type}' == 'number'">
<kw name="Random Int" library="FakerLibrary">
<var>${new_text}</var>
<doc>Generate a random integer between two integers ``min`` and ``max`` inclusive
while observing the provided ``step`` value.</doc>
<status status="NOT RUN" starttime="20231127 16:45:23.504" endtime="20231127 16:45:23.505"/>
</kw>
<kw name="Convert To String" library="BuiltIn">
<var>${new_text}</var>
<arg>${new_text}</arg>
<doc>Converts the given item to a Unicode string.</doc>
<status status="NOT RUN" starttime="20231127 16:45:23.507" endtime="20231127 16:45:23.508"/>
</kw>
<status status="NOT RUN" starttime="20231127 16:45:23.503" endtime="20231127 16:45:23.509"/>
</branch>
<branch type="ELSE IF" condition="${cnt} &gt; 0 and '${type}' == 'percentage'">
<kw name="Random Int" library="FakerLibrary">
<var>${new_text}</var>
<arg>max=100</arg>
<doc>Generate a random integer between two integers ``min`` and ``max`` inclusive
while observing the provided ``step`` value.</doc>
<status status="NOT RUN" starttime="20231127 16:45:23.511" endtime="20231127 16:45:23.512"/>
</kw>
<kw name="Convert To String" library="BuiltIn">
<var>${new_text}</var>
<arg>${new_text}</arg>
<doc>Converts the given item to a Unicode string.</doc>
<status status="NOT RUN" starttime="20231127 16:45:23.512" endtime="20231127 16:45:23.513"/>
</kw>
<status status="NOT RUN" starttime="20231127 16:45:23.509" endtime="20231127 16:45:23.513"/>
</branch>
<branch type="ELSE IF" condition="${cnt} &gt; 0 and '${type}' == 'paragraph'">
<kw name="Paragraph" library="FakerLibrary">
<var>${new_text}</var>
<doc>Generate a paragraph.</doc>
<status status="NOT RUN" starttime="20231127 16:45:23.514" endtime="20231127 16:45:23.515"/>
</kw>
<status status="NOT RUN" starttime="20231127 16:45:23.514" endtime="20231127 16:45:23.515"/>
</branch>
<branch type="ELSE IF" condition="${cnt} &gt; 0 and '${type}' == 'email'">
<kw name="Email" library="FakerLibrary">
<var>${new_text}</var>
<status status="NOT RUN" starttime="20231127 16:45:23.516" endtime="20231127 16:45:23.517"/>
</kw>
<status status="NOT RUN" starttime="20231127 16:45:23.516" endtime="20231127 16:45:23.522"/>
</branch>
<branch type="ELSE IF" condition="${cnt} &gt; 0 and '${type}' == 'phone'">
<kw name="Random Int" library="FakerLibrary">
<var>${new_text}</var>
<arg>min=2000000000</arg>
<arg>max=9999999999</arg>
<doc>Generate a random integer between two integers ``min`` and ``max`` inclusive
while observing the provided ``step`` value.</doc>
<status status="NOT RUN" starttime="20231127 16:45:23.530" endtime="20231127 16:45:23.530"/>
</kw>
<kw name="Convert To String" library="BuiltIn">
<var>${new_text}</var>
<arg>${new_text}</arg>
<doc>Converts the given item to a Unicode string.</doc>
<status status="NOT RUN" starttime="20231127 16:45:23.531" endtime="20231127 16:45:23.532"/>
</kw>
<kw name="Catenate" library="BuiltIn">
<var>${new_text}</var>
<arg>SEPARATOR=</arg>
<arg>0</arg>
<arg>${new_text}</arg>
<doc>Catenates the given items together and returns the resulted string.</doc>
<status status="NOT RUN" starttime="20231127 16:45:23.532" endtime="20231127 16:45:23.533"/>
</kw>
<status status="NOT RUN" starttime="20231127 16:45:23.529" endtime="20231127 16:45:23.534"/>
</branch>
<branch type="ELSE IF" condition="${cnt} &gt; 0 and '${type}' == 'color'">
<kw name="Safe Hex Color" library="FakerLibrary">
<var>${new_text}</var>
<doc>Generate a web-safe color formatted as a hex triplet.</doc>
<status status="NOT RUN" starttime="20231127 16:45:23.539" endtime="20231127 16:45:23.539"/>
</kw>
<status status="NOT RUN" starttime="20231127 16:45:23.535" endtime="20231127 16:45:23.540"/>
</branch>
<branch type="ELSE IF" condition="${cnt} &gt; 0 and &quot;${type}&quot; == 'password'">
<kw name="Password" library="FakerLibrary">
<var>${new_text}</var>
<arg>10</arg>
<arg>True</arg>
<arg>True</arg>
<arg>True</arg>
<arg>True</arg>
<doc>Generate a random password of the specified ``length``.</doc>
<status status="NOT RUN" starttime="20231127 16:45:23.541" endtime="20231127 16:45:23.542"/>
</kw>
<status status="NOT RUN" starttime="20231127 16:45:23.540" endtime="20231127 16:45:23.544"/>
</branch>
<branch type="ELSE IF" condition="${cnt} &gt; 0 and '${type}' == 'date'">
<kw name="Date" library="FakerLibrary">
<var>${new_text}</var>
<arg>pattern=%d-%m-%Y</arg>
<doc>Get a date string between January 1, 1970 and now.</doc>
<status status="NOT RUN" starttime="20231127 16:45:23.545" endtime="20231127 16:45:23.546"/>
</kw>
<status status="NOT RUN" starttime="20231127 16:45:23.544" endtime="20231127 16:45:23.546"/>
</branch>
<branch type="ELSE IF" condition="${cnt} &gt; 0 and '${type}' == 'word'">
<kw name="Sentence" library="FakerLibrary">
<var>${new_text}</var>
<arg>nb_words=2</arg>
<doc>Generate a sentence.</doc>
<status status="NOT RUN" starttime="20231127 16:45:23.548" endtime="20231127 16:45:23.548"/>
</kw>
<status status="NOT RUN" starttime="20231127 16:45:23.547" endtime="20231127 16:45:23.549"/>
</branch>
<branch type="ELSE IF" condition="${cnt} &gt; 0">
<kw name="Sentence" library="FakerLibrary">
<var>${new_text}</var>
<doc>Generate a sentence.</doc>
<status status="NOT RUN" starttime="20231127 16:45:23.550" endtime="20231127 16:45:23.551"/>
</kw>
<status status="NOT RUN" starttime="20231127 16:45:23.549" endtime="20231127 16:45:23.551"/>
</branch>
<status status="PASS" starttime="20231127 16:45:23.496" endtime="20231127 16:45:23.553"/>
</if>
<kw name="Get Length" library="BuiltIn">
<var>${cnt}</var>
<arg>${text}</arg>
<doc>Returns and logs the length of the given item as an integer.</doc>
<msg timestamp="20231127 16:45:23.564" level="INFO">Length is 5</msg>
<msg timestamp="20231127 16:45:23.565" level="INFO">${cnt} = 5</msg>
<status status="PASS" starttime="20231127 16:45:23.562" endtime="20231127 16:45:23.566"/>
</kw>
<if>
<branch type="IF" condition="${cnt} &gt; 0">
<kw name="Replace String" library="String">
<var>${text}</var>
<arg>${text}</arg>
<arg>${symbol}</arg>
<arg>${new_text}</arg>
<doc>Replaces ``search_for`` in the given ``string`` with ``replace_with``.</doc>
<msg timestamp="20231127 16:45:23.573" level="INFO">${text} = Cate1</msg>
<status status="PASS" starttime="20231127 16:45:23.571" endtime="20231127 16:45:23.573"/>
</kw>
<status status="PASS" starttime="20231127 16:45:23.568" endtime="20231127 16:45:23.574"/>
</branch>
<status status="PASS" starttime="20231127 16:45:23.567" endtime="20231127 16:45:23.575"/>
</if>
<msg timestamp="20231127 16:45:23.577" level="INFO">${text} = Cate1</msg>
<status status="PASS" starttime="20231127 16:45:23.476" endtime="20231127 16:45:23.578"/>
[...]
<kw name="Sleep" library="BuiltIn">
<arg>${SHOULD_TIMEOUT}</arg>
<doc>Pauses the test executed for the given time.</doc>
<msg timestamp="20231127 16:45:42.532" level="INFO">Slept 100 milliseconds</msg>
<status status="PASS" starttime="20231127 16:45:42.429" endtime="20231127 16:45:42.532"/>
</kw>
<kw name="Wait Until Element Spin" library="common">
<kw name="Sleep" library="BuiltIn">
<arg>${SHOULD_TIMEOUT}</arg>
<doc>Pauses the test executed for the given time.</doc>
<msg timestamp="20231127 16:45:42.633" level="INFO">Slept 100 milliseconds</msg>
<status status="PASS" starttime="20231127 16:45:42.532" endtime="20231127 16:45:42.636"/>
</kw>
<kw name="Set Variable" library="BuiltIn">
<var>${element}</var>
<arg>xpath=//*[contains(@class, "ant-spin-spinning")]</arg>
<doc>Returns the given values which can then be assigned to a variables.</doc>
<msg timestamp="20231127 16:45:42.637" level="INFO">${element} = xpath=//*[contains(@class, "ant-spin-spinning")]</msg>
<status status="PASS" starttime="20231127 16:45:42.636" endtime="20231127 16:45:42.637"/>
</kw>
<kw name="Get Element Count" library="Browser">
<var>${count}</var>
<arg>${element}</arg>
<tag>Assertion</tag>
<tag>Getter</tag>
<tag>PageContent</tag>
<doc>Returns the count of elements found with ``selector``.</doc>
<msg timestamp="20231127 16:45:42.645" level="INFO">${count} = 0</msg>
<status status="PASS" starttime="20231127 16:45:42.637" endtime="20231127 16:45:42.646"/>
</kw>
<if>
<branch type="IF" condition="${count} &gt; 0">
<kw name="Wait Until Page Does Not Contain Element" library="common">
<arg>${element}</arg>
<status status="NOT RUN" starttime="20231127 16:45:42.647" endtime="20231127 16:45:42.648"/>
</kw>
<status status="NOT RUN" starttime="20231127 16:45:42.646" endtime="20231127 16:45:42.648"/>
</branch>
<status status="PASS" starttime="20231127 16:45:42.646" endtime="20231127 16:45:42.649"/>
</if>
<status status="PASS" starttime="20231127 16:45:42.532" endtime="20231127 16:45:42.649"/>
</kw>
<kw name="Check Text" library="common">
<var>${name}</var>
<arg>${name}</arg>
<kw name="Get Regexp Matches" library="String">
<var>${containsS}</var>
<arg>${text}</arg>
<arg>_@(.+)@_</arg>
<arg>1</arg>
<doc>Returns a list of all non-overlapping matches in the given string.</doc>
<msg timestamp="20231127 16:45:42.653" level="INFO">${containsS} = ['Tiêu đề']</msg>
<status status="PASS" starttime="20231127 16:45:42.652" endtime="20231127 16:45:42.654"/>
</kw>
<kw name="Get Length" library="BuiltIn">
<var>${cntS}</var>
<arg>${containsS}</arg>
<doc>Returns and logs the length of the given item as an integer.</doc>
<msg timestamp="20231127 16:45:42.655" level="INFO">Length is 1</msg>
<msg timestamp="20231127 16:45:42.655" level="INFO">${cntS} = 1</msg>
<status status="PASS" starttime="20231127 16:45:42.654" endtime="20231127 16:45:42.655"/>
</kw>
<if>
<branch type="IF" condition="${cntS} &gt; 0">
<kw name="Set Variable" library="BuiltIn">
<var>${text}</var>
<arg>${STATE["${containsS[0]}"]}</arg>
<doc>Returns the given values which can then be assigned to a variables.</doc>
<msg timestamp="20231127 16:45:42.657" level="INFO">${text} = PO_45 Magni inventore.</msg>
<status status="PASS" starttime="20231127 16:45:42.656" endtime="20231127 16:45:42.657"/>
</kw>
<status status="PASS" starttime="20231127 16:45:42.655" endtime="20231127 16:45:42.657"/>
</branch>
<status status="PASS" starttime="20231127 16:45:42.655" endtime="20231127 16:45:42.657"/>
</if>
<msg timestamp="20231127 16:45:42.658" level="INFO">${name} = PO_45 Magni inventore.</msg>
<status status="PASS" starttime="20231127 16:45:42.651" endtime="20231127 16:45:42.658"/>
</kw>
<if>
<branch type="IF" condition="'${text}' == 'Chi tiết'">
<kw name="Get Element Table Item By Name" library="common">
<var>${element1}</var>
<arg>${name}</arg>
<arg>//button[@title = "${text}"]</arg>
<status status="NOT RUN" starttime="20231127 16:45:42.658" endtime="20231127 16:45:42.659"/>
</kw>
<kw name="Get Element Count" library="Browser">
<var>${count}</var>
<arg>${element1}</arg>
<tag>Assertion</tag>
<tag>Getter</tag>
<tag>PageContent</tag>
<doc>Returns the count of elements found with ``selector``.</doc>
<status status="NOT RUN" starttime="20231127 16:45:42.659" endtime="20231127 16:45:42.659"/>
</kw>
<if>
<branch type="IF" condition="${count} &gt; 0">
<kw name="Click" library="Browser">
<arg>${element1}</arg>
<tag>PageContent</tag>
<tag>Setter</tag>
<doc>Simulates mouse click on the element found by ``selector``.</doc>
<status status="NOT RUN" starttime="20231127 16:45:42.660" endtime="20231127 16:45:42.660"/>
</kw>
<status status="NOT RUN" starttime="20231127 16:45:42.660" endtime="20231127 16:45:42.660"/>
</branch>
<branch type="ELSE">
<kw name="Get Element Table Item By Name" library="common">
<var>${elementS}</var>
<arg>${name}</arg>
<arg>//p[contains(text(),"${name}")]</arg>
<status status="NOT RUN" starttime="20231127 16:45:42.661" endtime="20231127 16:45:42.661"/>
</kw>
<kw name="Click" library="Browser">
<arg>${elementS}</arg>
<tag>PageContent</tag>
<tag>Setter</tag>
<doc>Simulates mouse click on the element found by ``selector``.</doc>
<status status="NOT RUN" starttime="20231127 16:45:42.661" endtime="20231127 16:45:42.661"/>
</kw>
<status status="NOT RUN" starttime="20231127 16:45:42.660" endtime="20231127 16:45:42.662"/>
</branch>
<status status="NOT RUN" starttime="20231127 16:45:42.659" endtime="20231127 16:45:42.662"/>
</if>
<status status="NOT RUN" starttime="20231127 16:45:42.658" endtime="20231127 16:45:42.662"/>
</branch>
<branch type="ELSE">
<kw name="Get Element Table Item By Name" library="common">
<var>${element}</var>
<arg>${name}</arg>
<arg>//button[@title = "${text}"]</arg>
<msg timestamp="20231127 16:45:42.664" level="INFO">${element} = xpath=//*[contains(@class, "ant-table-row")]//*[contains(text(),"PO_45 Magni inventore.")]/ancestor::tr//button[@title = "Xóa"]</msg>
<status status="PASS" starttime="20231127 16:45:42.662" endtime="20231127 16:45:42.664"/>
</kw>
<kw name="Click" library="Browser">
<arg>${element}</arg>
<tag>PageContent</tag>
<tag>Setter</tag>
<doc>Simulates mouse click on the element found by ``selector``.</doc>
<status status="PASS" starttime="20231127 16:45:42.665" endtime="20231127 16:45:42.797"/>
</kw>
<status status="PASS" starttime="20231127 16:45:42.662" endtime="20231127 16:45:42.798"/>
</branch>
<status status="PASS" starttime="20231127 16:45:42.658" endtime="20231127 16:45:42.798"/>
</if>
<kw name="Click Confirm To Action" library="common">
<kw name="Set Variable" library="BuiltIn">
<var>${element}</var>
<arg>xpath=//*[contains(@class, "ant-popover")]//*[contains(@class, "ant-btn-primary")]</arg>
<doc>Returns the given values which can then be assigned to a variables.</doc>
<msg timestamp="20231127 16:45:42.803" level="INFO">${element} = xpath=//*[contains(@class, "ant-popover")]//*[contains(@class, "ant-btn-primary")]</msg>
<status status="PASS" starttime="20231127 16:45:42.801" endtime="20231127 16:45:42.803"/>
</kw>
<kw name="Get Element Count" library="Browser">
<var>${count}</var>
<arg>${element}</arg>
<tag>Assertion</tag>
<tag>Getter</tag>
<tag>PageContent</tag>
<doc>Returns the count of elements found with ``selector``.</doc>
<msg timestamp="20231127 16:45:42.814" level="INFO">${count} = 1</msg>
<status status="PASS" starttime="20231127 16:45:42.804" endtime="20231127 16:45:42.814"/>
</kw>
<if>
<branch type="IF" condition="${count} &gt; 0">
<kw name="Click" library="Browser">
<arg>${element}</arg>
<tag>PageContent</tag>
<tag>Setter</tag>
<doc>Simulates mouse click on the element found by ``selector``.</doc>
<status status="PASS" starttime="20231127 16:45:42.818" endtime="20231127 16:45:43.157"/>
</kw>
<kw name="Sleep" library="BuiltIn">
<arg>${SHOULD_TIMEOUT}</arg>
<doc>Pauses the test executed for the given time.</doc>
<msg timestamp="20231127 16:45:43.260" level="INFO">Slept 100 milliseconds</msg>
<status status="PASS" starttime="20231127 16:45:43.158" endtime="20231127 16:45:43.260"/>
</kw>
<kw name="Wait Until Element Spin" library="common">
<kw name="Sleep" library="BuiltIn">
<arg>${SHOULD_TIMEOUT}</arg>
<doc>Pauses the test executed for the given time.</doc>
<msg timestamp="20231127 16:45:43.364" level="INFO">Slept 100 milliseconds</msg>
<status status="PASS" starttime="20231127 16:45:43.262" endtime="20231127 16:45:43.364"/>
</kw>
<kw name="Set Variable" library="BuiltIn">
<var>${element}</var>
<arg>xpath=//*[contains(@class, "ant-spin-spinning")]</arg>
<doc>Returns the given values which can then be assigned to a variables.</doc>
<msg timestamp="20231127 16:45:43.365" level="INFO">${element} = xpath=//*[contains(@class, "ant-spin-spinning")]</msg>
<status status="PASS" starttime="20231127 16:45:43.364" endtime="20231127 16:45:43.365"/>
</kw>
<kw name="Get Element Count" library="Browser">
<var>${count}</var>
<arg>${element}</arg>
<tag>Assertion</tag>
<tag>Getter</tag>
<tag>PageContent</tag>
<doc>Returns the count of elements found with ``selector``.</doc>
<msg timestamp="20231127 16:45:43.394" level="INFO">${count} = 1</msg>
<status status="PASS" starttime="20231127 16:45:43.366" endtime="20231127 16:45:43.394"/>
</kw>
<if>
<branch type="IF" condition="${count} &gt; 0">
<kw name="Wait Until Page Does Not Contain Element" library="common">
<arg>${element}</arg>
<kw name="Wait For Elements State" library="Browser">
<arg>${locator}</arg>
<arg>detached</arg>
<arg>${timeout}</arg>
<arg>${message}</arg>
<tag>PageContent</tag>
<tag>Wait</tag>
<doc>Waits for the element found by ``selector`` to satisfy state option.</doc>
<msg timestamp="20231127 16:45:43.595" level="INFO">Waited for Element with selector xpath=//*[contains(@class, "ant-spin-spinning")] at state detached</msg>
<status status="PASS" starttime="20231127 16:45:43.399" endtime="20231127 16:45:43.596"/>
</kw>
<status status="PASS" starttime="20231127 16:45:43.396" endtime="20231127 16:45:43.596"/>
</kw>
<status status="PASS" starttime="20231127 16:45:43.395" endtime="20231127 16:45:43.596"/>
</branch>
<status status="PASS" starttime="20231127 16:45:43.395" endtime="20231127 16:45:43.597"/>
</if>
<status status="PASS" starttime="20231127 16:45:43.261" endtime="20231127 16:45:43.597"/>
</kw>
<status status="PASS" starttime="20231127 16:45:42.815" endtime="20231127 16:45:43.597"/>
</branch>
<status status="PASS" starttime="20231127 16:45:42.815" endtime="20231127 16:45:43.598"/>
</if>
<status status="PASS" starttime="20231127 16:45:42.799" endtime="20231127 16:45:43.598"/>
</kw>
<kw name="Wait Until Network Is Idle" library="Browser">
<tag>HTTP</tag>
<tag>Wait</tag>
<doc>Waits until there has been at least one instance of 500 ms of no network traffic on the page after loading.</doc>
<status status="PASS" starttime="20231127 16:45:43.599" endtime="20231127 16:45:43.613"/>
</kw>
<status status="PASS" starttime="20231127 16:45:42.428" endtime="20231127 16:45:43.613"/>
</kw>
<kw name="When Click on the &quot;Xóa&quot; button in the &quot;Cate1&quot; item line" library="common" sourcename="Click on the &quot;${text}&quot; button in the &quot;${name}&quot; item line">
<kw name="Wait Until Element Spin" library="common">
<kw name="Sleep" library="BuiltIn">
<arg>${SHOULD_TIMEOUT}</arg>
<doc>Pauses the test executed for the given time.</doc>
<msg timestamp="20231127 16:45:43.727" level="INFO">Slept 100 milliseconds</msg>
<status status="PASS" starttime="20231127 16:45:43.625" endtime="20231127 16:45:43.727"/>
</kw>
<kw name="Set Variable" library="BuiltIn">
<var>${element}</var>
<arg>xpath=//*[contains(@class, "ant-spin-spinning")]</arg>
<doc>Returns the given values which can then be assigned to a variables.</doc>
<msg timestamp="20231127 16:45:43.728" level="INFO">${element} = xpath=//*[contains(@class, "ant-spin-spinning")]</msg>
<status status="PASS" starttime="20231127 16:45:43.727" endtime="20231127 16:45:43.728"/>
</kw>
<kw name="Get Element Count" library="Browser">
<var>${count}</var>
<arg>${element}</arg>
<tag>Assertion</tag>
<tag>Getter</tag>
<tag>PageContent</tag>
<doc>Returns the count of elements found with ``selector``.</doc>
<msg timestamp="20231127 16:45:43.740" level="INFO">${count} = 0</msg>
<status status="PASS" starttime="20231127 16:45:43.729" endtime="20231127 16:45:43.740"/>
</kw>
<if>
<branch type="IF" condition="${count} &gt; 0">
<kw name="Wait Until Page Does Not Contain Element" library="common">
<arg>${element}</arg>
<status status="NOT RUN" starttime="20231127 16:45:43.742" endtime="20231127 16:45:43.743"/>
</kw>
<status status="NOT RUN" starttime="20231127 16:45:43.741" endtime="20231127 16:45:43.744"/>
</branch>
<status status="PASS" starttime="20231127 16:45:43.741" endtime="20231127 16:45:43.744"/>
</if>
<status status="PASS" starttime="20231127 16:45:43.619" endtime="20231127 16:45:43.745"/>
</kw>
<kw name="Check Text" library="common">
<var>${name}</var>
<arg>${name}</arg>
<kw name="Get Regexp Matches" library="String">
<var>${containsS}</var>
<arg>${text}</arg>
<arg>_@(.+)@_</arg>
<arg>1</arg>
<doc>Returns a list of all non-overlapping matches in the given string.</doc>
<msg timestamp="20231127 16:45:43.748" level="INFO">${containsS} = []</msg>
<status status="PASS" starttime="20231127 16:45:43.747" endtime="20231127 16:45:43.748"/>
</kw>
<kw name="Get Length" library="BuiltIn">
<var>${cntS}</var>
<arg>${containsS}</arg>
<doc>Returns and logs the length of the given item as an integer.</doc>
<msg timestamp="20231127 16:45:43.754" level="INFO">Length is 0</msg>
<msg timestamp="20231127 16:45:43.755" level="INFO">${cntS} = 0</msg>
<status status="PASS" starttime="20231127 16:45:43.749" endtime="20231127 16:45:43.755"/>
</kw>
<if>
<branch type="IF" condition="${cntS} &gt; 0">
<kw name="Set Variable" library="BuiltIn">
<var>${text}</var>
<arg>${STATE["${containsS[0]}"]}</arg>
<doc>Returns the given values which can then be assigned to a variables.</doc>
<status status="NOT RUN" starttime="20231127 16:45:43.757" endtime="20231127 16:45:43.758"/>
</kw>
<status status="NOT RUN" starttime="20231127 16:45:43.756" endtime="20231127 16:45:43.758"/>
</branch>
<status status="PASS" starttime="20231127 16:45:43.756" endtime="20231127 16:45:43.758"/>
</if>
<msg timestamp="20231127 16:45:43.759" level="INFO">${name} = Cate1</msg>
<status status="PASS" starttime="20231127 16:45:43.745" endtime="20231127 16:45:43.759"/>
</kw>
<kw name="Get Element Item By Name" library="common">
<var>${element}</var>
<arg>${name}</arg>
<arg>//button[@title = "${text}"]</arg>
<msg timestamp="20231127 16:45:43.760" level="INFO">${element} = xpath=//*[contains(@class, "item-text") and contains(text(), "Cate1")]/ancestor::*[contains(@class, "item")]//button[@title = "Xóa"]</msg>
<status status="PASS" starttime="20231127 16:45:43.759" endtime="20231127 16:45:43.760"/>
</kw>
<kw name="Click" library="Browser">
<arg>${element}</arg>
<tag>PageContent</tag>
<tag>Setter</tag>
<doc>Simulates mouse click on the element found by ``selector``.</doc>
<status status="PASS" starttime="20231127 16:45:43.760" endtime="20231127 16:45:45.363"/>
</kw>
<kw name="Click Confirm To Action" library="common">
<kw name="Set Variable" library="BuiltIn">
<var>${element}</var>
<arg>xpath=//*[contains(@class, "ant-popover")]//*[contains(@class, "ant-btn-primary")]</arg>
<doc>Returns the given values which can then be assigned to a variables.</doc>
<msg timestamp="20231127 16:45:45.364" level="INFO">${element} = xpath=//*[contains(@class, "ant-popover")]//*[contains(@class, "ant-btn-primary")]</msg>
<status status="PASS" starttime="20231127 16:45:45.364" endtime="20231127 16:45:45.364"/>
</kw>
<kw name="Get Element Count" library="Browser">
<var>${count}</var>
<arg>${element}</arg>
<tag>Assertion</tag>
<tag>Getter</tag>
<tag>PageContent</tag>
<doc>Returns the count of elements found with ``selector``.</doc>
<msg timestamp="20231127 16:45:45.378" level="INFO">${count} = 1</msg>
<status status="PASS" starttime="20231127 16:45:45.365" endtime="20231127 16:45:45.379"/>
</kw>
<if>
<branch type="IF" condition="${count} &gt; 0">
<kw name="Click" library="Browser">
<arg>${element}</arg>
<tag>PageContent</tag>
<tag>Setter</tag>
<doc>Simulates mouse click on the element found by ``selector``.</doc>
<status status="PASS" starttime="20231127 16:45:45.380" endtime="20231127 16:45:45.642"/>
</kw>
<kw name="Sleep" library="BuiltIn">
<arg>${SHOULD_TIMEOUT}</arg>
<doc>Pauses the test executed for the given time.</doc>
<msg timestamp="20231127 16:45:45.745" level="INFO">Slept 100 milliseconds</msg>
<status status="PASS" starttime="20231127 16:45:45.644" endtime="20231127 16:45:45.745"/>
</kw>
<kw name="Wait Until Element Spin" library="common">
<kw name="Sleep" library="BuiltIn">
<arg>${SHOULD_TIMEOUT}</arg>
<doc>Pauses the test executed for the given time.</doc>
<msg timestamp="20231127 16:45:45.848" level="INFO">Slept 100 milliseconds</msg>
<status status="PASS" starttime="20231127 16:45:45.746" endtime="20231127 16:45:45.848"/>
</kw>
<kw name="Set Variable" library="BuiltIn">
<var>${element}</var>
<arg>xpath=//*[contains(@class, "ant-spin-spinning")]</arg>
<doc>Returns the given values which can then be assigned to a variables.</doc>
<msg timestamp="20231127 16:45:45.849" level="INFO">${element} = xpath=//*[contains(@class, "ant-spin-spinning")]</msg>
<status status="PASS" starttime="20231127 16:45:45.848" endtime="20231127 16:45:45.849"/>
</kw>
<kw name="Get Element Count" library="Browser">
<var>${count}</var>
<arg>${element}</arg>
<tag>Assertion</tag>
<tag>Getter</tag>
<tag>PageContent</tag>
<doc>Returns the count of elements found with ``selector``.</doc>
<msg timestamp="20231127 16:45:45.874" level="INFO">${count} = 0</msg>
<status status="PASS" starttime="20231127 16:45:45.850" endtime="20231127 16:45:45.876"/>
</kw>
<if>
<branch type="IF" condition="${count} &gt; 0">
<kw name="Wait Until Page Does Not Contain Element" library="common">
<arg>${element}</arg>
<status status="NOT RUN" starttime="20231127 16:45:45.878" endtime="20231127 16:45:45.879"/>
</kw>
<status status="NOT RUN" starttime="20231127 16:45:45.877" endtime="20231127 16:45:45.879"/>
</branch>
<status status="PASS" starttime="20231127 16:45:45.877" endtime="20231127 16:45:45.880"/>
</if>
<status status="PASS" starttime="20231127 16:45:45.746" endtime="20231127 16:45:45.880"/>
</kw>
<status status="PASS" starttime="20231127 16:45:45.379" endtime="20231127 16:45:45.881"/>
</branch>
<status status="PASS" starttime="20231127 16:45:45.379" endtime="20231127 16:45:45.882"/>
</if>
<status status="PASS" starttime="20231127 16:45:45.363" endtime="20231127 16:45:45.882"/>
</kw>
<kw name="Wait Until Network Is Idle" library="Browser">
<tag>HTTP</tag>
<tag>Wait</tag>
<doc>Waits until there has been at least one instance of 500 ms of no network traffic on the page after loading.</doc>
<status status="PASS" starttime="20231127 16:45:45.884" endtime="20231127 16:45:45.897"/>
</kw>
<status status="PASS" starttime="20231127 16:45:43.615" endtime="20231127 16:45:45.897"/>
</kw>
<kw name="Tear Down" library="common" type="TEARDOWN">
<kw name="Close Browser" library="Browser">
<arg>ALL</arg>
<tag>BrowserControl</tag>
<tag>Setter</tag>
<doc>Closes the current browser.</doc>
<msg timestamp="20231127 16:45:47.395" level="INFO">Closed all browsers</msg>
<status status="PASS" starttime="20231127 16:45:45.907" endtime="20231127 16:45:47.395"/>
</kw>
<status status="PASS" starttime="20231127 16:45:45.899" endtime="20231127 16:45:47.396"/>
</kw>
<tag>ChangeInfo</tag>
<status status="PASS" starttime="20231127 16:45:11.541" endtime="20231127 16:45:47.403"/>
</test>
<status status="PASS" starttime="20231127 16:45:09.152" endtime="20231127 16:45:47.489"/>
</suite>
<statistics>
<total>
<stat pass="1" fail="0" skip="0">All Tests</stat>
</total>
<tag>
<stat pass="1" fail="0" skip="0">ChangeInfo</stat>
</tag>
<suite>
<stat pass="1" fail="0" skip="0" id="s1" name="Post">Post</stat>
</suite>
</statistics>
<errors>
</errors>
</robot>
