<?xml version="1.0" encoding="UTF-8"?>
<robot generator="Robot 6.1.1 (Python 3.11.4 on win32)" generated="20231003 10:27:31.340" rpa="false" schemaversion="4">
<suite id="s1" name="Customer Account" source="d:\Intern test\Automation\Auto_Web\testcases\customer_account.robot">
<test id="s1-t1" name="CA_02 Verify the function changing the number of accounts show in each list" line="26">
<kw name="Setup" library="common" type="SETUP">
<kw name="Set Browser Timeout" library="Browser">
<arg>${BROWSER_TIMEOUT}</arg>
<tag>Config</tag>
<tag>Setter</tag>
<doc>Sets the timeout used by most input and getter keywords.</doc>
<status status="PASS" starttime="20231003 10:27:33.493" endtime="20231003 10:27:33.507"/>
</kw>
<kw name="New Browser" library="Browser">
<arg>${BROWSER}</arg>
<arg>headless=${HEADLESS}</arg>
<tag>BrowserControl</tag>
<tag>Setter</tag>
<doc>Create a new playwright Browser with specified options.</doc>
<msg timestamp="20231003 10:27:33.508" level="INFO">{"browser": "chromium", "headless": false, "chromiumSandbox": false, "devtools": false, "handleSIGHUP": true, "handleSIGINT": true, "handleSIGTERM": true, "ignoreDefaultArgs": false, "slowMo": 0.0, "timeout": 30000.0, "tracesDir": "D:\\Intern test\\Automation\\Auto_Web\\browser\\traces\\2f10e0cf-93ae-4844-ae53-dfda489eb279"}</msg>
<msg timestamp="20231003 10:27:34.575" level="INFO">Successfully created browser with options: {"browser":"chromium","headless":false,"chromiumSandbox":false,"devtools":false,"handleSIGHUP":true,"handleSIGINT":true,"handleSIGTERM":true,"ignoreDefaultArgs":false,"slowMo":0,"timeout":30000,"tracesDir":"D:\\Intern test\\Automation\\Auto_Web\\browser\\traces\\2f10e0cf-93ae-4844-ae53-dfda489eb279"}</msg>
<status status="PASS" starttime="20231003 10:27:33.507" endtime="20231003 10:27:34.576"/>
</kw>
<kw name="New Page" library="Browser">
<arg>${URL_DEFAULT}</arg>
<tag>BrowserControl</tag>
<tag>Setter</tag>
<doc>Open a new Page.</doc>
<msg timestamp="20231003 10:27:40.230" level="INFO">Successfully initialized new page object and opened url: http://dev1.geneat.vn:7802/vn</msg>
<msg timestamp="20231003 10:27:40.231" level="INFO">No context was open. New context was automatically opened when this page is created.</msg>
<status status="PASS" starttime="20231003 10:27:34.577" endtime="20231003 10:27:40.232"/>
</kw>
<kw name="Evaluate" library="BuiltIn">
<var>${STATE}</var>
<arg>json.loads('''{}''')</arg>
<arg>json</arg>
<doc>Evaluates the given expression in Python and returns the result.</doc>
<msg timestamp="20231003 10:27:40.234" level="INFO">${STATE} = {}</msg>
<status status="PASS" starttime="20231003 10:27:40.232" endtime="20231003 10:27:40.234"/>
</kw>
<status status="PASS" starttime="20231003 10:27:33.492" endtime="20231003 10:27:40.235"/>
</kw>
<kw name="Go to &quot;Customer Account&quot; page" sourcename="Go to &quot;${page}&quot; page">
<kw name="Login to admin" library="common">
<kw name="Enter &quot;email&quot; in &quot;Email&quot; with &quot;admin@gmail.com&quot;" library="common" sourcename="Enter &quot;${type}&quot; in &quot;${name}&quot; with &quot;${text}&quot;">
<kw name="Get Random Text" library="common">
<var>${text}</var>
<arg>${type}</arg>
<arg>${text}</arg>
<kw name="Set Variable" library="BuiltIn">
<var>${symbol}</var>
<arg>_RANDOM_</arg>
<doc>Returns the given values which can then be assigned to a variables.</doc>
<msg timestamp="20231003 10:27:40.275" level="INFO">${symbol} = _RANDOM_</msg>
<status status="PASS" starttime="20231003 10:27:40.273" endtime="20231003 10:27:40.276"/>
</kw>
<kw name="Set Variable" library="BuiltIn">
<var>${new_text}</var>
<doc>Returns the given values which can then be assigned to a variables.</doc>
<msg timestamp="20231003 10:27:40.277" level="INFO">${new_text} = </msg>
<status status="PASS" starttime="20231003 10:27:40.277" endtime="20231003 10:27:40.278"/>
</kw>
<kw name="Get Regexp Matches" library="String">
<var>${containsS}</var>
<arg>${text}</arg>
<arg>_@(.+)@_</arg>
<arg>1</arg>
<doc>Returns a list of all non-overlapping matches in the given string.</doc>
<msg timestamp="20231003 10:27:40.281" level="INFO">${containsS} = []</msg>
<status status="PASS" starttime="20231003 10:27:40.279" endtime="20231003 10:27:40.281"/>
</kw>
<kw name="Get Length" library="BuiltIn">
<var>${cntS}</var>
<arg>${containsS}</arg>
<doc>Returns and logs the length of the given item as an integer.</doc>
<msg timestamp="20231003 10:27:40.283" level="INFO">Length is 0</msg>
<msg timestamp="20231003 10:27:40.286" level="INFO">${cntS} = 0</msg>
<status status="PASS" starttime="20231003 10:27:40.282" endtime="20231003 10:27:40.290"/>
</kw>
<kw name="Get Regexp Matches" library="String">
<var>${contains}</var>
<arg>${text}</arg>
<arg>${symbol}</arg>
<doc>Returns a list of all non-overlapping matches in the given string.</doc>
<msg timestamp="20231003 10:27:40.292" level="INFO">${contains} = []</msg>
<status status="PASS" starttime="20231003 10:27:40.290" endtime="20231003 10:27:40.293"/>
</kw>
<kw name="Get Length" library="BuiltIn">
<var>${cnt}</var>
<arg>${contains}</arg>
<doc>Returns and logs the length of the given item as an integer.</doc>
<msg timestamp="20231003 10:27:40.295" level="INFO">Length is 0</msg>
<msg timestamp="20231003 10:27:40.296" level="INFO">${cnt} = 0</msg>
<status status="PASS" starttime="20231003 10:27:40.294" endtime="20231003 10:27:40.296"/>
</kw>
<if>
<branch type="IF" condition="${cntS} &gt; 0">
<kw name="Set Variable" library="BuiltIn">
<var>${new_text}</var>
<arg>${STATE["${containsS[0]}"]}</arg>
<doc>Returns the given values which can then be assigned to a variables.</doc>
<status status="NOT RUN" starttime="20231003 10:27:40.298" endtime="20231003 10:27:40.299"/>
</kw>
<kw name="Set Variable" library="BuiltIn">
<var>${symbol}</var>
<arg>_@${containsS[0]}@_</arg>
<doc>Returns the given values which can then be assigned to a variables.</doc>
<status status="NOT RUN" starttime="20231003 10:27:40.299" endtime="20231003 10:27:40.302"/>
</kw>
<status status="NOT RUN" starttime="20231003 10:27:40.297" endtime="20231003 10:27:40.303"/>
</branch>
<branch type="ELSE IF" condition="${cnt} &gt; 0 and '${type}' == 'test name'">
<kw name="Sentence" library="FakerLibrary">
<var>${random}</var>
<arg>nb_words=3</arg>
<doc>Generate a sentence.</doc>
<status status="NOT RUN" starttime="20231003 10:27:40.307" endtime="20231003 10:27:40.307"/>
</kw>
<kw name="Split String" library="String">
<var>${words}</var>
<arg>${TEST NAME}</arg>
<arg>${SPACE}</arg>
<doc>Splits the ``string`` using ``separator`` as a delimiter string.</doc>
<status status="NOT RUN" starttime="20231003 10:27:40.308" endtime="20231003 10:27:40.309"/>
</kw>
<kw name="Set Variable" library="BuiltIn">
<var>${new_text}</var>
<arg>${words[0]} ${random}</arg>
<doc>Returns the given values which can then be assigned to a variables.</doc>
<status status="NOT RUN" starttime="20231003 10:27:40.310" endtime="20231003 10:27:40.311"/>
</kw>
<status status="NOT RUN" starttime="20231003 10:27:40.305" endtime="20231003 10:27:40.311"/>
</branch>
<branch type="ELSE IF" condition="${cnt} &gt; 0 and '${type}' == 'number'">
<kw name="Random Int" library="FakerLibrary">
<var>${new_text}</var>
<doc>Generate a random integer between two integers ``min`` and ``max`` inclusive
while observing the provided ``step`` value.</doc>
<status status="NOT RUN" starttime="20231003 10:27:40.313" endtime="20231003 10:27:40.314"/>
</kw>
<kw name="Convert To String" library="BuiltIn">
<var>${new_text}</var>
<arg>${new_text}</arg>
<doc>Converts the given item to a Unicode string.</doc>
<status status="NOT RUN" starttime="20231003 10:27:40.326" endtime="20231003 10:27:40.328"/>
</kw>
<status status="NOT RUN" starttime="20231003 10:27:40.312" endtime="20231003 10:27:40.329"/>
</branch>
<branch type="ELSE IF" condition="${cnt} &gt; 0 and '${type}' == 'percentage'">
<kw name="Random Int" library="FakerLibrary">
<var>${new_text}</var>
<arg>max=100</arg>
<doc>Generate a random integer between two integers ``min`` and ``max`` inclusive
while observing the provided ``step`` value.</doc>
<status status="NOT RUN" starttime="20231003 10:27:40.339" endtime="20231003 10:27:40.341"/>
</kw>
<kw name="Convert To String" library="BuiltIn">
<var>${new_text}</var>
<arg>${new_text}</arg>
<doc>Converts the given item to a Unicode string.</doc>
<status status="NOT RUN" starttime="20231003 10:27:40.350" endtime="20231003 10:27:40.351"/>
</kw>
<status status="NOT RUN" starttime="20231003 10:27:40.338" endtime="20231003 10:27:40.352"/>
</branch>
<branch type="ELSE IF" condition="${cnt} &gt; 0 and '${type}' == 'paragraph'">
<kw name="Paragraph" library="FakerLibrary">
<var>${new_text}</var>
<doc>Generate a paragraph.</doc>
<status status="NOT RUN" starttime="20231003 10:27:40.361" endtime="20231003 10:27:40.362"/>
</kw>
<status status="NOT RUN" starttime="20231003 10:27:40.359" endtime="20231003 10:27:40.363"/>
</branch>
<branch type="ELSE IF" condition="${cnt} &gt; 0 and '${type}' == 'email'">
<kw name="Email" library="FakerLibrary">
<var>${new_text}</var>
<status status="NOT RUN" starttime="20231003 10:27:40.367" endtime="20231003 10:27:40.369"/>
</kw>
<status status="NOT RUN" starttime="20231003 10:27:40.365" endtime="20231003 10:27:40.369"/>
</branch>
<branch type="ELSE IF" condition="${cnt} &gt; 0 and '${type}' == 'phone'">
<kw name="Random Int" library="FakerLibrary">
<var>${new_text}</var>
<arg>min=2000000000</arg>
<arg>max=9999999999</arg>
<doc>Generate a random integer between two integers ``min`` and ``max`` inclusive
while observing the provided ``step`` value.</doc>
<status status="NOT RUN" starttime="20231003 10:27:40.376" endtime="20231003 10:27:40.377"/>
</kw>
<kw name="Convert To String" library="BuiltIn">
<var>${new_text}</var>
<arg>${new_text}</arg>
<doc>Converts the given item to a Unicode string.</doc>
<status status="NOT RUN" starttime="20231003 10:27:40.377" endtime="20231003 10:27:40.378"/>
</kw>
<kw name="Catenate" library="BuiltIn">
<var>${new_text}</var>
<arg>SEPARATOR=</arg>
<arg>0</arg>
<arg>${new_text}</arg>
<doc>Catenates the given items together and returns the resulted string.</doc>
<status status="NOT RUN" starttime="20231003 10:27:40.379" endtime="20231003 10:27:40.380"/>
</kw>
<status status="NOT RUN" starttime="20231003 10:27:40.373" endtime="20231003 10:27:40.381"/>
</branch>
<branch type="ELSE IF" condition="${cnt} &gt; 0 and '${type}' == 'color'">
<kw name="Safe Hex Color" library="FakerLibrary">
<var>${new_text}</var>
<doc>Generate a web-safe color formatted as a hex triplet.</doc>
<status status="NOT RUN" starttime="20231003 10:27:40.383" endtime="20231003 10:27:40.386"/>
</kw>
<status status="NOT RUN" starttime="20231003 10:27:40.381" endtime="20231003 10:27:40.414"/>
</branch>
<branch type="ELSE IF" condition="${cnt} &gt; 0 and &quot;${type}&quot; == 'password'">
<kw name="Password" library="FakerLibrary">
<var>${new_text}</var>
<arg>10</arg>
<arg>True</arg>
<arg>True</arg>
<arg>True</arg>
<arg>True</arg>
<doc>Generate a random password of the specified ``length``.</doc>
<status status="NOT RUN" starttime="20231003 10:27:40.422" endtime="20231003 10:27:40.423"/>
</kw>
<status status="NOT RUN" starttime="20231003 10:27:40.416" endtime="20231003 10:27:40.424"/>
</branch>
<branch type="ELSE IF" condition="${cnt} &gt; 0 and '${type}' == 'date'">
<kw name="Date" library="FakerLibrary">
<var>${new_text}</var>
<arg>pattern=%d-%m-%Y</arg>
<doc>Get a date string between January 1, 1970 and now.</doc>
<status status="NOT RUN" starttime="20231003 10:27:40.426" endtime="20231003 10:27:40.427"/>
</kw>
<status status="NOT RUN" starttime="20231003 10:27:40.424" endtime="20231003 10:27:40.427"/>
</branch>
<branch type="ELSE IF" condition="${cnt} &gt; 0 and '${type}' == 'word'">
<kw name="Sentence" library="FakerLibrary">
<var>${new_text}</var>
<arg>nb_words=2</arg>
<doc>Generate a sentence.</doc>
<status status="NOT RUN" starttime="20231003 10:27:40.430" endtime="20231003 10:27:40.442"/>
</kw>
<status status="NOT RUN" starttime="20231003 10:27:40.428" endtime="20231003 10:27:40.442"/>
</branch>
<branch type="ELSE IF" condition="${cnt} &gt; 0">
<kw name="Sentence" library="FakerLibrary">
<var>${new_text}</var>
<doc>Generate a sentence.</doc>
<status status="NOT RUN" starttime="20231003 10:27:40.446" endtime="20231003 10:27:40.447"/>
</kw>
<status status="NOT RUN" starttime="20231003 10:27:40.444" endtime="20231003 10:27:40.449"/>
</branch>
<status status="PASS" starttime="20231003 10:27:40.297" endtime="20231003 10:27:40.450"/>
</if>
<kw name="Get Length" library="BuiltIn">
<var>${cnt}</var>
<arg>${text}</arg>
<doc>Returns and logs the length of the given item as an integer.</doc>
<msg timestamp="20231003 10:27:40.452" level="INFO">Length is 15</msg>
<msg timestamp="20231003 10:27:40.459" level="INFO">${cnt} = 15</msg>
<status status="PASS" starttime="20231003 10:27:40.451" endtime="20231003 10:27:40.460"/>
</kw>
<if>
<branch type="IF" condition="${cnt} &gt; 0">
<kw name="Replace String" library="String">
<var>${text}</var>
<arg>${text}</arg>
<arg>${symbol}</arg>
<arg>${new_text}</arg>
<doc>Replaces ``search_for`` in the given ``string`` with ``replace_with``.</doc>
<msg timestamp="20231003 10:27:40.464" level="INFO">${text} = admin@gmail.com</msg>
<status status="PASS" starttime="20231003 10:27:40.462" endtime="20231003 10:27:40.464"/>
</kw>
<status status="PASS" starttime="20231003 10:27:40.461" endtime="20231003 10:27:40.464"/>
</branch>
<status status="PASS" starttime="20231003 10:27:40.460" endtime="20231003 10:27:40.465"/>
</if>
<msg timestamp="20231003 10:27:40.465" level="INFO">${text} = admin@gmail.com</msg>
<status status="PASS" starttime="20231003 10:27:40.271" endtime="20231003 10:27:40.466"/>
</kw>
<kw name="Get Element Form Item By Name" library="common">
<var>${element}</var>
<arg>${name}</arg>
<arg>//input[contains(@class, "ant-input")]</arg>
<msg timestamp="20231003 10:27:40.468" level="INFO">${element} = xpath=//*[contains(@class, "ant-form-item-label")]/label[text()="Email"]/../../*[contains(@class, "ant-form-item")]//input[contains(@class, "ant-input")]</msg>
<status status="PASS" starttime="20231003 10:27:40.466" endtime="20231003 10:27:40.469"/>
</kw>
<kw name="Clear Text" library="Browser">
<arg>${element}</arg>
<tag>PageContent</tag>
<tag>Setter</tag>
<doc>Clears the text field found by ``selector``.</doc>
<status status="PASS" starttime="20231003 10:27:40.474" endtime="20231003 10:27:40.684"/>
</kw>
<kw name="Fill Text" library="Browser">
<arg>${element}</arg>
<arg>${text}</arg>
<arg>True</arg>
<tag>PageContent</tag>
<tag>Setter</tag>
<doc>Clears and fills the given ``txt`` into the text field found by ``selector``.</doc>
<msg timestamp="20231003 10:27:40.688" level="INFO">Fills the text 'admin@gmail.com' in the given field.</msg>
<status status="PASS" starttime="20231003 10:27:40.685" endtime="20231003 10:27:40.766"/>
</kw>
<kw name="Get Length" library="BuiltIn">
<var>${cnt}</var>
<arg>${text}</arg>
<doc>Returns and logs the length of the given item as an integer.</doc>
<msg timestamp="20231003 10:27:40.767" level="INFO">Length is 15</msg>
<msg timestamp="20231003 10:27:40.768" level="INFO">${cnt} = 15</msg>
<status status="PASS" starttime="20231003 10:27:40.767" endtime="20231003 10:27:40.768"/>
</kw>
<if>
<branch type="IF" condition="${cnt} &gt; 0">
<kw name="Set Global Variable" library="BuiltIn">
<arg>${STATE["${name}"]}</arg>
<arg>${text}</arg>
<doc>Makes a variable available globally in all tests and suites.</doc>
<msg timestamp="20231003 10:27:40.776" level="INFO">${STATE["Email"]} = admin@gmail.com</msg>
<status status="PASS" starttime="20231003 10:27:40.769" endtime="20231003 10:27:40.777"/>
</kw>
<status status="PASS" starttime="20231003 10:27:40.768" endtime="20231003 10:27:40.777"/>
</branch>
<status status="PASS" starttime="20231003 10:27:40.768" endtime="20231003 10:27:40.778"/>
</if>
<status status="PASS" starttime="20231003 10:27:40.268" endtime="20231003 10:27:40.779"/>
</kw>
<kw name="Enter &quot;text&quot; in &quot;Mật khẩu&quot; with &quot;123123&quot;" library="common" sourcename="Enter &quot;${type}&quot; in &quot;${name}&quot; with &quot;${text}&quot;">
<kw name="Get Random Text" library="common">
<var>${text}</var>
<arg>${type}</arg>
<arg>${text}</arg>
<kw name="Set Variable" library="BuiltIn">
<var>${symbol}</var>
<arg>_RANDOM_</arg>
<doc>Returns the given values which can then be assigned to a variables.</doc>
<msg timestamp="20231003 10:27:40.784" level="INFO">${symbol} = _RANDOM_</msg>
<status status="PASS" starttime="20231003 10:27:40.783" endtime="20231003 10:27:40.785"/>
</kw>
<kw name="Set Variable" library="BuiltIn">
<var>${new_text}</var>
<doc>Returns the given values which can then be assigned to a variables.</doc>
<msg timestamp="20231003 10:27:40.790" level="INFO">${new_text} = </msg>
<status status="PASS" starttime="20231003 10:27:40.785" endtime="20231003 10:27:40.791"/>
</kw>
<kw name="Get Regexp Matches" library="String">
<var>${containsS}</var>
<arg>${text}</arg>
<arg>_@(.+)@_</arg>
<arg>1</arg>
<doc>Returns a list of all non-overlapping matches in the given string.</doc>
<msg timestamp="20231003 10:27:40.793" level="INFO">${containsS} = []</msg>
<status status="PASS" starttime="20231003 10:27:40.792" endtime="20231003 10:27:40.793"/>
</kw>
<kw name="Get Length" library="BuiltIn">
<var>${cntS}</var>
<arg>${containsS}</arg>
<doc>Returns and logs the length of the given item as an integer.</doc>
<msg timestamp="20231003 10:27:40.795" level="INFO">Length is 0</msg>
<msg timestamp="20231003 10:27:40.795" level="INFO">${cntS} = 0</msg>
<status status="PASS" starttime="20231003 10:27:40.794" endtime="20231003 10:27:40.796"/>
</kw>
<kw name="Get Regexp Matches" library="String">
<var>${contains}</var>
<arg>${text}</arg>
<arg>${symbol}</arg>
<doc>Returns a list of all non-overlapping matches in the given string.</doc>
<msg timestamp="20231003 10:27:40.798" level="INFO">${contains} = []</msg>
<status status="PASS" starttime="20231003 10:27:40.796" endtime="20231003 10:27:40.798"/>
</kw>
<kw name="Get Length" library="BuiltIn">
<var>${cnt}</var>
<arg>${contains}</arg>
<doc>Returns and logs the length of the given item as an integer.</doc>
<msg timestamp="20231003 10:27:40.800" level="INFO">Length is 0</msg>
<msg timestamp="20231003 10:27:40.800" level="INFO">${cnt} = 0</msg>
<status status="PASS" starttime="20231003 10:27:40.799" endtime="20231003 10:27:40.800"/>
</kw>
<if>
<branch type="IF" condition="${cntS} &gt; 0">
<kw name="Set Variable" library="BuiltIn">
<var>${new_text}</var>
<arg>${STATE["${containsS[0]}"]}</arg>
<doc>Returns the given values which can then be assigned to a variables.</doc>
<status status="NOT RUN" starttime="20231003 10:27:40.802" endtime="20231003 10:27:40.808"/>
</kw>
<kw name="Set Variable" library="BuiltIn">
<var>${symbol}</var>
<arg>_@${containsS[0]}@_</arg>
<doc>Returns the given values which can then be assigned to a variables.</doc>
<status status="NOT RUN" starttime="20231003 10:27:40.810" endtime="20231003 10:27:40.811"/>
</kw>
<status status="NOT RUN" starttime="20231003 10:27:40.801" endtime="20231003 10:27:40.811"/>
</branch>
<branch type="ELSE IF" condition="${cnt} &gt; 0 and '${type}' == 'test name'">
<kw name="Sentence" library="FakerLibrary">
<var>${random}</var>
<arg>nb_words=3</arg>
<doc>Generate a sentence.</doc>
<status status="NOT RUN" starttime="20231003 10:27:40.813" endtime="20231003 10:27:40.814"/>
</kw>
<kw name="Split String" library="String">
<var>${words}</var>
<arg>${TEST NAME}</arg>
<arg>${SPACE}</arg>
<doc>Splits the ``string`` using ``separator`` as a delimiter string.</doc>
<status status="NOT RUN" starttime="20231003 10:27:40.828" endtime="20231003 10:27:40.829"/>
</kw>
<kw name="Set Variable" library="BuiltIn">
<var>${new_text}</var>
<arg>${words[0]} ${random}</arg>
<doc>Returns the given values which can then be assigned to a variables.</doc>
<status status="NOT RUN" starttime="20231003 10:27:40.829" endtime="20231003 10:27:40.830"/>
</kw>
<status status="NOT RUN" starttime="20231003 10:27:40.812" endtime="20231003 10:27:40.830"/>
</branch>
<branch type="ELSE IF" condition="${cnt} &gt; 0 and '${type}' == 'number'">
<kw name="Random Int" library="FakerLibrary">
<var>${new_text}</var>
<doc>Generate a random integer between two integers ``min`` and ``max`` inclusive
while observing the provided ``step`` value.</doc>
<status status="NOT RUN" starttime="20231003 10:27:40.833" endtime="20231003 10:27:40.834"/>
</kw>
<kw name="Convert To String" library="BuiltIn">
<var>${new_text}</var>
<arg>${new_text}</arg>
<doc>Converts the given item to a Unicode string.</doc>
<status status="NOT RUN" starttime="20231003 10:27:40.836" endtime="20231003 10:27:40.839"/>
</kw>
<status status="NOT RUN" starttime="20231003 10:27:40.831" endtime="20231003 10:27:40.840"/>
</branch>
<branch type="ELSE IF" condition="${cnt} &gt; 0 and '${type}' == 'percentage'">
<kw name="Random Int" library="FakerLibrary">
<var>${new_text}</var>
<arg>max=100</arg>
<doc>Generate a random integer between two integers ``min`` and ``max`` inclusive
while observing the provided ``step`` value.</doc>
<status status="NOT RUN" starttime="20231003 10:27:40.842" endtime="20231003 10:27:40.842"/>
</kw>
<kw name="Convert To String" library="BuiltIn">
<var>${new_text}</var>
<arg>${new_text}</arg>
<doc>Converts the given item to a Unicode string.</doc>
<status status="NOT RUN" starttime="20231003 10:27:40.843" endtime="20231003 10:27:40.844"/>
</kw>
<status status="NOT RUN" starttime="20231003 10:27:40.841" endtime="20231003 10:27:40.844"/>
</branch>
<branch type="ELSE IF" condition="${cnt} &gt; 0 and '${type}' == 'paragraph'">
<kw name="Paragraph" library="FakerLibrary">
<var>${new_text}</var>
<doc>Generate a paragraph.</doc>
<status status="NOT RUN" starttime="20231003 10:27:40.846" endtime="20231003 10:27:40.846"/>
</kw>
<status status="NOT RUN" starttime="20231003 10:27:40.845" endtime="20231003 10:27:40.847"/>
</branch>
<branch type="ELSE IF" condition="${cnt} &gt; 0 and '${type}' == 'email'">
<kw name="Email" library="FakerLibrary">
<var>${new_text}</var>
<status status="NOT RUN" starttime="20231003 10:27:40.852" endtime="20231003 10:27:40.853"/>
</kw>
<status status="NOT RUN" starttime="20231003 10:27:40.848" endtime="20231003 10:27:40.857"/>
</branch>
<branch type="ELSE IF" condition="${cnt} &gt; 0 and '${type}' == 'phone'">
<kw name="Random Int" library="FakerLibrary">
<var>${new_text}</var>
<arg>min=2000000000</arg>
<arg>max=9999999999</arg>
<doc>Generate a random integer between two integers ``min`` and ``max`` inclusive
while observing the provided ``step`` value.</doc>
<status status="NOT RUN" starttime="20231003 10:27:40.859" endtime="20231003 10:27:40.860"/>
</kw>
<kw name="Convert To String" library="BuiltIn">
<var>${new_text}</var>
<arg>${new_text}</arg>
<doc>Converts the given item to a Unicode string.</doc>
<status status="NOT RUN" starttime="20231003 10:27:40.860" endtime="20231003 10:27:40.861"/>
</kw>
<kw name="Catenate" library="BuiltIn">
<var>${new_text}</var>
<arg>SEPARATOR=</arg>
<arg>0</arg>
<arg>${new_text}</arg>
<doc>Catenates the given items together and returns the resulted string.</doc>
<status status="NOT RUN" starttime="20231003 10:27:40.862" endtime="20231003 10:27:40.862"/>
</kw>
<status status="NOT RUN" starttime="20231003 10:27:40.858" endtime="20231003 10:27:40.864"/>
</branch>
<branch type="ELSE IF" condition="${cnt} &gt; 0 and '${type}' == 'color'">
<kw name="Safe Hex Color" library="FakerLibrary">
<var>${new_text}</var>
<doc>Generate a web-safe color formatted as a hex triplet.</doc>
<status status="NOT RUN" starttime="20231003 10:27:40.866" endtime="20231003 10:27:40.866"/>
</kw>
<status status="NOT RUN" starttime="20231003 10:27:40.865" endtime="20231003 10:27:40.867"/>
</branch>
<branch type="ELSE IF" condition="${cnt} &gt; 0 and &quot;${type}&quot; == 'password'">
<kw name="Password" library="FakerLibrary">
<var>${new_text}</var>
<arg>10</arg>
<arg>True</arg>
<arg>True</arg>
<arg>True</arg>
<arg>True</arg>
<doc>Generate a random password of the specified ``length``.</doc>
<status status="NOT RUN" starttime="20231003 10:27:40.868" endtime="20231003 10:27:40.873"/>
</kw>
<status status="NOT RUN" starttime="20231003 10:27:40.867" endtime="20231003 10:27:40.874"/>
</branch>
<branch type="ELSE IF" condition="${cnt} &gt; 0 and '${type}' == 'date'">
<kw name="Date" library="FakerLibrary">
<var>${new_text}</var>
<arg>pattern=%d-%m-%Y</arg>
<doc>Get a date string between January 1, 1970 and now.</doc>
<status status="NOT RUN" starttime="20231003 10:27:40.876" endtime="20231003 10:27:40.876"/>
</kw>
<status status="NOT RUN" starttime="20231003 10:27:40.874" endtime="20231003 10:27:40.877"/>
</branch>
<branch type="ELSE IF" condition="${cnt} &gt; 0 and '${type}' == 'word'">
<kw name="Sentence" library="FakerLibrary">
<var>${new_text}</var>
<arg>nb_words=2</arg>
<doc>Generate a sentence.</doc>
<status status="NOT RUN" starttime="20231003 10:27:40.879" endtime="20231003 10:27:40.880"/>
</kw>
<status status="NOT RUN" starttime="20231003 10:27:40.878" endtime="20231003 10:27:40.880"/>
</branch>
<branch type="ELSE IF" condition="${cnt} &gt; 0">
<kw name="Sentence" library="FakerLibrary">
<var>${new_text}</var>
<doc>Generate a sentence.</doc>
<status status="NOT RUN" starttime="20231003 10:27:40.882" endtime="20231003 10:27:40.882"/>
</kw>
<status status="NOT RUN" starttime="20231003 10:27:40.881" endtime="20231003 10:27:40.883"/>
</branch>
<status status="PASS" starttime="20231003 10:27:40.801" endtime="20231003 10:27:40.884"/>
</if>
<kw name="Get Length" library="BuiltIn">
<var>${cnt}</var>
<arg>${text}</arg>
<doc>Returns and logs the length of the given item as an integer.</doc>
<msg timestamp="20231003 10:27:40.886" level="INFO">Length is 6</msg>
<msg timestamp="20231003 10:27:40.890" level="INFO">${cnt} = 6</msg>
<status status="PASS" starttime="20231003 10:27:40.884" endtime="20231003 10:27:40.890"/>
</kw>
<if>
<branch type="IF" condition="${cnt} &gt; 0">
<kw name="Replace String" library="String">
<var>${text}</var>
<arg>${text}</arg>
<arg>${symbol}</arg>
<arg>${new_text}</arg>
<doc>Replaces ``search_for`` in the given ``string`` with ``replace_with``.</doc>
<msg timestamp="20231003 10:27:40.894" level="INFO">${text} = 123123</msg>
<status status="PASS" starttime="20231003 10:27:40.892" endtime="20231003 10:27:40.894"/>
</kw>
<status status="PASS" starttime="20231003 10:27:40.891" endtime="20231003 10:27:40.894"/>
</branch>
<status status="PASS" starttime="20231003 10:27:40.891" endtime="20231003 10:27:40.895"/>
</if>
<msg timestamp="20231003 10:27:40.895" level="INFO">${text} = 123123</msg>
<status status="PASS" starttime="20231003 10:27:40.781" endtime="20231003 10:27:40.896"/>
</kw>
<kw name="Get Element Form Item By Name" library="common">
<var>${element}</var>
<arg>${name}</arg>
<arg>//input[contains(@class, "ant-input")]</arg>
<msg timestamp="20231003 10:27:40.898" level="INFO">${element} = xpath=//*[contains(@class, "ant-form-item-label")]/label[text()="Mật khẩu"]/../../*[contains(@class, "ant-form-item")]//input[contains(@class, "ant-input")]</msg>
<status status="PASS" starttime="20231003 10:27:40.896" endtime="20231003 10:27:40.898"/>
</kw>
<kw name="Clear Text" library="Browser">
<arg>${element}</arg>
<tag>PageContent</tag>
<tag>Setter</tag>
<doc>Clears the text field found by ``selector``.</doc>
<status status="PASS" starttime="20231003 10:27:40.899" endtime="20231003 10:27:40.968"/>
</kw>
<kw name="Fill Text" library="Browser">
<arg>${element}</arg>
<arg>${text}</arg>
<arg>True</arg>
<tag>PageContent</tag>
<tag>Setter</tag>
<doc>Clears and fills the given ``txt`` into the text field found by ``selector``.</doc>
<msg timestamp="20231003 10:27:40.973" level="INFO">Fills the text '123123' in the given field.</msg>
<status status="PASS" starttime="20231003 10:27:40.969" endtime="20231003 10:27:41.025"/>
</kw>
<kw name="Get Length" library="BuiltIn">
<var>${cnt}</var>
<arg>${text}</arg>
<doc>Returns and logs the length of the given item as an integer.</doc>
<msg timestamp="20231003 10:27:41.027" level="INFO">Length is 6</msg>
<msg timestamp="20231003 10:27:41.027" level="INFO">${cnt} = 6</msg>
<status status="PASS" starttime="20231003 10:27:41.026" endtime="20231003 10:27:41.028"/>
</kw>
<if>
<branch type="IF" condition="${cnt} &gt; 0">
<kw name="Set Global Variable" library="BuiltIn">
<arg>${STATE["${name}"]}</arg>
<arg>${text}</arg>
<doc>Makes a variable available globally in all tests and suites.</doc>
<msg timestamp="20231003 10:27:41.033" level="INFO">${STATE["Mật khẩu"]} = 123123</msg>
<status status="PASS" starttime="20231003 10:27:41.030" endtime="20231003 10:27:41.034"/>
</kw>
<status status="PASS" starttime="20231003 10:27:41.029" endtime="20231003 10:27:41.034"/>
</branch>
<status status="PASS" starttime="20231003 10:27:41.029" endtime="20231003 10:27:41.035"/>
</if>
<status status="PASS" starttime="20231003 10:27:40.780" endtime="20231003 10:27:41.035"/>
</kw>
<kw name="Click &quot;Đăng nhập&quot; button" library="common" sourcename="Click &quot;${text}&quot; button">
<kw name="Click" library="Browser">
<arg>xpath=//button[@title = "${text}"]</arg>
<tag>PageContent</tag>
<tag>Setter</tag>
<doc>Simulates mouse click on the element found by ``selector``.</doc>
<status status="PASS" starttime="20231003 10:27:41.040" endtime="20231003 10:27:41.209"/>
</kw>
<kw name="Click Confirm To Action" library="common">
<kw name="Set Variable" library="BuiltIn">
<var>${element}</var>
<arg>xpath=//*[contains(@class, "ant-popover")]//*[contains(@class, "ant-btn-primary")]</arg>
<doc>Returns the given values which can then be assigned to a variables.</doc>
<msg timestamp="20231003 10:27:41.213" level="INFO">${element} = xpath=//*[contains(@class, "ant-popover")]//*[contains(@class, "ant-btn-primary")]</msg>
<status status="PASS" starttime="20231003 10:27:41.212" endtime="20231003 10:27:41.214"/>
</kw>
<kw name="Get Element Count" library="Browser">
<var>${count}</var>
<arg>${element}</arg>
<tag>Assertion</tag>
<tag>Getter</tag>
<tag>PageContent</tag>
<doc>Returns the count of elements found with ``selector``.</doc>
<msg timestamp="20231003 10:27:41.239" level="INFO">${count} = 0</msg>
<status status="PASS" starttime="20231003 10:27:41.215" endtime="20231003 10:27:41.240"/>
</kw>
<if>
<branch type="IF" condition="${count} &gt; 0">
<kw name="Click" library="Browser">
<arg>${element}</arg>
<tag>PageContent</tag>
<tag>Setter</tag>
<doc>Simulates mouse click on the element found by ``selector``.</doc>
<status status="NOT RUN" starttime="20231003 10:27:41.242" endtime="20231003 10:27:41.243"/>
</kw>
<kw name="Sleep" library="BuiltIn">
<arg>${SHOULD_TIMEOUT}</arg>
<doc>Pauses the test executed for the given time.</doc>
<status status="NOT RUN" starttime="20231003 10:27:41.244" endtime="20231003 10:27:41.244"/>
</kw>
<status status="NOT RUN" starttime="20231003 10:27:41.241" endtime="20231003 10:27:41.245"/>
</branch>
<status status="PASS" starttime="20231003 10:27:41.241" endtime="20231003 10:27:41.245"/>
</if>
<status status="PASS" starttime="20231003 10:27:41.209" endtime="20231003 10:27:41.246"/>
</kw>
<kw name="Scroll By" library="Browser">
<arg>${None}</arg>
<tag>PageContent</tag>
<tag>Setter</tag>
<doc>Scrolls an element or the page relative from current position by the given values.</doc>
<msg timestamp="20231003 10:27:41.283" level="INFO">JavaScript executed successfully.</msg>
<msg timestamp="20231003 10:27:41.283" level="INFO">JavaScript executed successfully.</msg>
<msg timestamp="20231003 10:27:41.307" level="INFO">JavaScript executed successfully.</msg>
<msg timestamp="20231003 10:27:41.308" level="INFO">JavaScript executed successfully.</msg>
<msg timestamp="20231003 10:27:41.317" level="INFO">JavaScript executed successfully.</msg>
<status status="PASS" starttime="20231003 10:27:41.247" endtime="20231003 10:27:41.317"/>
</kw>
<status status="PASS" starttime="20231003 10:27:41.039" endtime="20231003 10:27:41.318"/>
</kw>
<kw name="User look message &quot;Success&quot; popup" library="common" sourcename="User look message &quot;${message}&quot; popup">
<kw name="Get Regexp Matches" library="String">
<var>${contains}</var>
<arg>${message}</arg>
<arg>_@(.+)@_</arg>
<arg>1</arg>
<doc>Returns a list of all non-overlapping matches in the given string.</doc>
<msg timestamp="20231003 10:27:41.324" level="INFO">${contains} = []</msg>
<status status="PASS" starttime="20231003 10:27:41.323" endtime="20231003 10:27:41.325"/>
</kw>
<kw name="Get Length" library="BuiltIn">
<var>${cnt}</var>
<arg>${contains}</arg>
<doc>Returns and logs the length of the given item as an integer.</doc>
<msg timestamp="20231003 10:27:41.330" level="INFO">Length is 0</msg>
<msg timestamp="20231003 10:27:41.331" level="INFO">${cnt} = 0</msg>
<status status="PASS" starttime="20231003 10:27:41.325" endtime="20231003 10:27:41.331"/>
</kw>
<if>
<branch type="IF" condition="${cnt} &gt; 0">
<kw name="Replace String" library="String">
<var>${message}</var>
<arg>${message}</arg>
<arg>_@${contains[0]}@_</arg>
<arg>${STATE["${contains[0]}"]}</arg>
<doc>Replaces ``search_for`` in the given ``string`` with ``replace_with``.</doc>
<status status="NOT RUN" starttime="20231003 10:27:41.334" endtime="20231003 10:27:41.335"/>
</kw>
<status status="NOT RUN" starttime="20231003 10:27:41.332" endtime="20231003 10:27:41.335"/>
</branch>
<status status="PASS" starttime="20231003 10:27:41.332" endtime="20231003 10:27:41.336"/>
</if>
<kw name="Element Text Should Be" library="common">
<arg>id=swal2-html-container</arg>
<arg>${message}</arg>
<kw name="Get Text" library="Browser">
<arg>${locator}</arg>
<arg>equal</arg>
<arg>${expected}</arg>
<arg>${message}</arg>
<tag>Assertion</tag>
<tag>Getter</tag>
<tag>PageContent</tag>
<doc>Returns text attribute of the element found by ``selector``.</doc>
<msg timestamp="20231003 10:27:41.894" level="INFO">Text: 'Success'</msg>
<status status="PASS" starttime="20231003 10:27:41.344" endtime="20231003 10:27:41.894"/>
</kw>
<status status="PASS" starttime="20231003 10:27:41.340" endtime="20231003 10:27:41.895"/>
</kw>
<kw name="Set Variable" library="BuiltIn">
<var>${element}</var>
<arg>xpath=//*[contains(@class, "swal2-confirm")]</arg>
<doc>Returns the given values which can then be assigned to a variables.</doc>
<msg timestamp="20231003 10:27:41.896" level="INFO">${element} = xpath=//*[contains(@class, "swal2-confirm")]</msg>
<status status="PASS" starttime="20231003 10:27:41.895" endtime="20231003 10:27:41.896"/>
</kw>
<kw name="Run Keyword And Return Status" library="BuiltIn">
<var>${passed}</var>
<arg>Element Should Be Visible</arg>
<arg>${element}</arg>
<doc>Runs the given keyword with given arguments and returns the status as a Boolean value.</doc>
<kw name="Element Should Be Visible" library="common">
<arg>${element}</arg>
<kw name="Wait For Elements State" library="Browser">
<arg>${locator}</arg>
<arg>visible</arg>
<arg>${timeout}</arg>
<arg>${message}</arg>
<tag>PageContent</tag>
<tag>Wait</tag>
<doc>Waits for the element found by ``selector`` to satisfy state option.</doc>
<msg timestamp="20231003 10:27:42.226" level="INFO" html="true">&lt;/td&gt;&lt;/tr&gt;&lt;tr&gt;&lt;td colspan="3"&gt;&lt;a href="browser/screenshot/fail-screenshot-1.png" target="_blank"&gt;&lt;img src="browser/screenshot/fail-screenshot-1.png" width="800px"/&gt;&lt;/a&gt;</msg>
<msg timestamp="20231003 10:27:42.227" level="INFO">See also file:///D:/Intern%20test/Automation/Auto_Web/playwright-log.txt for additional details.</msg>
<msg timestamp="20231003 10:27:42.227" level="FAIL">TimeoutError: locator.waitFor: Timeout 100ms exceeded.
=========================== logs ===========================
waiting for locator('xpath=//*[contains(@class, "swal2-confirm")]') to be visible
  locator resolved to hidden &lt;button type="button" aria-label="" class="swal2-confirm…&gt;OK&lt;/button&gt;
  locator resolved to hidden &lt;button type="button" aria-label="" class="swal2-confirm…&gt;OK&lt;/button&gt;
  locator resolved to hidden &lt;button type="button" aria-label="" class="swal2-confirm…&gt;OK&lt;/button&gt;
============================================================
Tip: Use "Set Browser Timeout" for increasing the timeout or double check your locator as the targeted element(s) couldn't be found.</msg>
<status status="FAIL" starttime="20231003 10:27:41.898" endtime="20231003 10:27:42.236"/>
</kw>
<status status="FAIL" starttime="20231003 10:27:41.897" endtime="20231003 10:27:42.239"/>
</kw>
<msg timestamp="20231003 10:27:42.241" level="INFO">${passed} = False</msg>
<status status="PASS" starttime="20231003 10:27:41.896" endtime="20231003 10:27:42.241"/>
</kw>
<if>
<branch type="IF" condition="'${passed}' == 'True'">
<kw name="Click" library="Browser">
<arg>${element}</arg>
<tag>PageContent</tag>
<tag>Setter</tag>
<doc>Simulates mouse click on the element found by ``selector``.</doc>
<status status="NOT RUN" starttime="20231003 10:27:42.244" endtime="20231003 10:27:42.244"/>
</kw>
<status status="NOT RUN" starttime="20231003 10:27:42.242" endtime="20231003 10:27:42.244"/>
</branch>
<status status="PASS" starttime="20231003 10:27:42.242" endtime="20231003 10:27:42.245"/>
</if>
<status status="PASS" starttime="20231003 10:27:41.319" endtime="20231003 10:27:42.245"/>
</kw>
<status status="PASS" starttime="20231003 10:27:40.267" endtime="20231003 10:27:42.245"/>
</kw>
<kw name="Click &quot;QUẢN LÝ TÀI KHOẢN&quot; menu" library="common" sourcename="Click &quot;${text}&quot; menu">
<kw name="Click" library="Browser">
<arg>xpath=//li[contains(@class, "menu") and descendant::span[contains(text(), "${text}")]]</arg>
<tag>PageContent</tag>
<tag>Setter</tag>
<doc>Simulates mouse click on the element found by ``selector``.</doc>
<status status="PASS" starttime="20231003 10:27:42.246" endtime="20231003 10:27:43.260"/>
</kw>
<status status="PASS" starttime="20231003 10:27:42.245" endtime="20231003 10:27:43.261"/>
</kw>
<kw name="Get Length" library="BuiltIn">
<var>${cnt}</var>
<arg>${page}</arg>
<doc>Returns and logs the length of the given item as an integer.</doc>
<msg timestamp="20231003 10:27:43.262" level="INFO">Length is 16</msg>
<msg timestamp="20231003 10:27:43.263" level="INFO">${cnt} = 16</msg>
<status status="PASS" starttime="20231003 10:27:43.261" endtime="20231003 10:27:43.263"/>
</kw>
<if>
<branch type="IF" condition="${cnt} &gt; 0 and '${page}' == 'Customer Account'">
<kw name="Click &quot;Tài khoản Người dùng&quot; sub menu to &quot;/customer-account&quot;" library="common" sourcename="Click &quot;${text}&quot; sub menu to &quot;${url}&quot;">
<kw name="Wait Until Element Spin" library="common">
<kw name="Sleep" library="BuiltIn">
<arg>${SHOULD_TIMEOUT}</arg>
<doc>Pauses the test executed for the given time.</doc>
<msg timestamp="20231003 10:27:43.368" level="INFO">Slept 100 milliseconds</msg>
<status status="PASS" starttime="20231003 10:27:43.268" endtime="20231003 10:27:43.368"/>
</kw>
<kw name="Set Variable" library="BuiltIn">
<var>${element}</var>
<arg>xpath=//*[contains(@class, "ant-spin-spinning")]</arg>
<doc>Returns the given values which can then be assigned to a variables.</doc>
<msg timestamp="20231003 10:27:43.369" level="INFO">${element} = xpath=//*[contains(@class, "ant-spin-spinning")]</msg>
<status status="PASS" starttime="20231003 10:27:43.368" endtime="20231003 10:27:43.369"/>
</kw>
<kw name="Get Element Count" library="Browser">
<var>${count}</var>
<arg>${element}</arg>
<tag>Assertion</tag>
<tag>Getter</tag>
<tag>PageContent</tag>
<doc>Returns the count of elements found with ``selector``.</doc>
<msg timestamp="20231003 10:27:43.382" level="INFO">${count} = 0</msg>
<status status="PASS" starttime="20231003 10:27:43.370" endtime="20231003 10:27:43.382"/>
</kw>
<if>
<branch type="IF" condition="${count} &gt; 0">
<kw name="Wait Until Page Does Not Contain Element" library="common">
<arg>${element}</arg>
<status status="NOT RUN" starttime="20231003 10:27:43.384" endtime="20231003 10:27:43.384"/>
</kw>
<status status="NOT RUN" starttime="20231003 10:27:43.383" endtime="20231003 10:27:43.385"/>
</branch>
<status status="PASS" starttime="20231003 10:27:43.383" endtime="20231003 10:27:43.385"/>
</if>
<status status="PASS" starttime="20231003 10:27:43.267" endtime="20231003 10:27:43.386"/>
</kw>
<kw name="Click" library="Browser">
<arg>xpath=//a[contains(@class, "sub-menu") and descendant::span[contains(text(), "${text}")]]</arg>
<tag>PageContent</tag>
<tag>Setter</tag>
<doc>Simulates mouse click on the element found by ``selector``.</doc>
<status status="PASS" starttime="20231003 10:27:43.388" endtime="20231003 10:27:43.758"/>
</kw>
<kw name="Get Url" library="Browser">
<var>${curent_url}</var>
<tag>Assertion</tag>
<tag>Getter</tag>
<tag>PageContent</tag>
<doc>Returns the current URL.</doc>
<msg timestamp="20231003 10:27:43.765" level="INFO">${curent_url} = http://dev1.geneat.vn:7802/vn/customer-account</msg>
<status status="PASS" starttime="20231003 10:27:43.759" endtime="20231003 10:27:43.766"/>
</kw>
<kw name="Should Contain" library="BuiltIn">
<arg>${curent_url}</arg>
<arg>${URL_DEFAULT}${url}</arg>
<doc>Fails if ``container`` does not contain ``item`` one or more times.</doc>
<status status="PASS" starttime="20231003 10:27:43.767" endtime="20231003 10:27:43.768"/>
</kw>
<status status="PASS" starttime="20231003 10:27:43.265" endtime="20231003 10:27:43.768"/>
</kw>
<status status="PASS" starttime="20231003 10:27:43.264" endtime="20231003 10:27:43.770"/>
</branch>
<branch type="ELSE IF" condition="${cnt} &gt; 0 and '${page}' == 'Internal Account'">
<kw name="Click &quot;Tài khoản Nội bộ&quot; sub menu to &quot;/internal-account&quot;" library="common" sourcename="Click &quot;${text}&quot; sub menu to &quot;${url}&quot;">
<status status="NOT RUN" starttime="20231003 10:27:43.773" endtime="20231003 10:27:43.774"/>
</kw>
<status status="NOT RUN" starttime="20231003 10:27:43.771" endtime="20231003 10:27:43.774"/>
</branch>
<branch type="ELSE IF" condition="${cnt} &gt; 0 and '${page}' == 'Profile Farmer'">
<kw name="Click &quot;Profile Farmer&quot; sub menu to &quot;/profile-farmer&quot;" library="common" sourcename="Click &quot;${text}&quot; sub menu to &quot;${url}&quot;">
<status status="NOT RUN" starttime="20231003 10:27:43.776" endtime="20231003 10:27:43.777"/>
</kw>
<status status="NOT RUN" starttime="20231003 10:27:43.775" endtime="20231003 10:27:43.777"/>
</branch>
<status status="PASS" starttime="20231003 10:27:43.264" endtime="20231003 10:27:43.778"/>
</if>
<status status="PASS" starttime="20231003 10:27:40.265" endtime="20231003 10:27:43.778"/>
</kw>
<kw name="When Click on &quot;second&quot; selection to change the number of account show in list and check" library="common" sourcename="Click on &quot;${ordinal}&quot; selection to change the number of account show in list and check">
<kw name="Wait Until Element Spin" library="common">
<kw name="Sleep" library="BuiltIn">
<arg>${SHOULD_TIMEOUT}</arg>
<doc>Pauses the test executed for the given time.</doc>
<msg timestamp="20231003 10:27:43.905" level="INFO">Slept 100 milliseconds</msg>
<status status="PASS" starttime="20231003 10:27:43.802" endtime="20231003 10:27:43.907"/>
</kw>
<kw name="Set Variable" library="BuiltIn">
<var>${element}</var>
<arg>xpath=//*[contains(@class, "ant-spin-spinning")]</arg>
<doc>Returns the given values which can then be assigned to a variables.</doc>
<msg timestamp="20231003 10:27:43.910" level="INFO">${element} = xpath=//*[contains(@class, "ant-spin-spinning")]</msg>
<status status="PASS" starttime="20231003 10:27:43.910" endtime="20231003 10:27:43.910"/>
</kw>
<kw name="Get Element Count" library="Browser">
<var>${count}</var>
<arg>${element}</arg>
<tag>Assertion</tag>
<tag>Getter</tag>
<tag>PageContent</tag>
<doc>Returns the count of elements found with ``selector``.</doc>
<msg timestamp="20231003 10:27:44.342" level="INFO">${count} = 0</msg>
<status status="PASS" starttime="20231003 10:27:43.911" endtime="20231003 10:27:44.343"/>
</kw>
<if>
<branch type="IF" condition="${count} &gt; 0">
<kw name="Wait Until Page Does Not Contain Element" library="common">
<arg>${element}</arg>
<status status="NOT RUN" starttime="20231003 10:27:44.344" endtime="20231003 10:27:44.345"/>
</kw>
<status status="NOT RUN" starttime="20231003 10:27:44.343" endtime="20231003 10:27:44.345"/>
</branch>
<status status="PASS" starttime="20231003 10:27:44.343" endtime="20231003 10:27:44.345"/>
</if>
<status status="PASS" starttime="20231003 10:27:43.801" endtime="20231003 10:27:44.346"/>
</kw>
<kw name="Get Length" library="BuiltIn">
<var>${cnt}</var>
<arg>${ordinal}</arg>
<doc>Returns and logs the length of the given item as an integer.</doc>
<msg timestamp="20231003 10:27:44.347" level="INFO">Length is 6</msg>
<msg timestamp="20231003 10:27:44.347" level="INFO">${cnt} = 6</msg>
<status status="PASS" starttime="20231003 10:27:44.346" endtime="20231003 10:27:44.348"/>
</kw>
<if>
<branch type="IF" condition="${cnt} &gt; 3 and '${ordinal}' == 'first'">
<kw name="Set Variable" library="BuiltIn">
<var>${select}</var>
<arg>1</arg>
<doc>Returns the given values which can then be assigned to a variables.</doc>
<status status="NOT RUN" starttime="20231003 10:27:44.349" endtime="20231003 10:27:44.350"/>
</kw>
<status status="NOT RUN" starttime="20231003 10:27:44.348" endtime="20231003 10:27:44.351"/>
</branch>
<branch type="ELSE IF" condition="${cnt} &gt; 3 and '${ordinal}' == 'second'">
<kw name="Set Variable" library="BuiltIn">
<var>${select}</var>
<arg>2</arg>
<doc>Returns the given values which can then be assigned to a variables.</doc>
<msg timestamp="20231003 10:27:44.355" level="INFO">${select} = 2</msg>
<status status="PASS" starttime="20231003 10:27:44.354" endtime="20231003 10:27:44.356"/>
</kw>
<status status="PASS" starttime="20231003 10:27:44.351" endtime="20231003 10:27:44.356"/>
</branch>
<branch type="ELSE IF" condition="${cnt} &gt; 3 and '${ordinal}' == 'third'">
<kw name="Set Variable" library="BuiltIn">
<var>${select}</var>
<arg>3</arg>
<doc>Returns the given values which can then be assigned to a variables.</doc>
<status status="NOT RUN" starttime="20231003 10:27:44.358" endtime="20231003 10:27:44.359"/>
</kw>
<status status="NOT RUN" starttime="20231003 10:27:44.357" endtime="20231003 10:27:44.359"/>
</branch>
<branch type="ELSE IF" condition="${cnt} &gt; 3 and '${ordinal}' == 'fourth'">
<kw name="Set Variable" library="BuiltIn">
<var>${select}</var>
<arg>4</arg>
<doc>Returns the given values which can then be assigned to a variables.</doc>
<status status="NOT RUN" starttime="20231003 10:27:44.361" endtime="20231003 10:27:44.362"/>
</kw>
<status status="NOT RUN" starttime="20231003 10:27:44.360" endtime="20231003 10:27:44.363"/>
</branch>
<branch type="ELSE IF" condition="${cnt} &gt; 3 and '${ordinal}' == 'fifth'">
<kw name="Set Variable" library="BuiltIn">
<var>${select}</var>
<arg>5</arg>
<doc>Returns the given values which can then be assigned to a variables.</doc>
<status status="NOT RUN" starttime="20231003 10:27:44.364" endtime="20231003 10:27:44.365"/>
</kw>
<status status="NOT RUN" starttime="20231003 10:27:44.363" endtime="20231003 10:27:44.366"/>
</branch>
<branch type="ELSE">
<kw name="Convert To Integer" library="BuiltIn">
<var>${select}</var>
<arg>${ordinal}</arg>
<doc>Converts the given item to an integer number.</doc>
<status status="NOT RUN" starttime="20231003 10:27:44.367" endtime="20231003 10:27:44.368"/>
</kw>
<status status="NOT RUN" starttime="20231003 10:27:44.366" endtime="20231003 10:27:44.368"/>
</branch>
<status status="PASS" starttime="20231003 10:27:44.348" endtime="20231003 10:27:44.369"/>
</if>
<kw name="Check the amount of page list" library="common">
<var>${amountPage}</var>
<kw name="Wait Until Element Spin" library="common">
<kw name="Sleep" library="BuiltIn">
<arg>${SHOULD_TIMEOUT}</arg>
<doc>Pauses the test executed for the given time.</doc>
<msg timestamp="20231003 10:27:44.474" level="INFO">Slept 100 milliseconds</msg>
<status status="PASS" starttime="20231003 10:27:44.372" endtime="20231003 10:27:44.474"/>
</kw>
<kw name="Set Variable" library="BuiltIn">
<var>${element}</var>
<arg>xpath=//*[contains(@class, "ant-spin-spinning")]</arg>
<doc>Returns the given values which can then be assigned to a variables.</doc>
<msg timestamp="20231003 10:27:44.476" level="INFO">${element} = xpath=//*[contains(@class, "ant-spin-spinning")]</msg>
<status status="PASS" starttime="20231003 10:27:44.475" endtime="20231003 10:27:44.477"/>
</kw>
<kw name="Get Element Count" library="Browser">
<var>${count}</var>
<arg>${element}</arg>
<tag>Assertion</tag>
<tag>Getter</tag>
<tag>PageContent</tag>
<doc>Returns the count of elements found with ``selector``.</doc>
<msg timestamp="20231003 10:27:44.514" level="INFO">${count} = 0</msg>
<status status="PASS" starttime="20231003 10:27:44.483" endtime="20231003 10:27:44.514"/>
</kw>
<if>
<branch type="IF" condition="${count} &gt; 0">
<kw name="Wait Until Page Does Not Contain Element" library="common">
<arg>${element}</arg>
<status status="NOT RUN" starttime="20231003 10:27:44.516" endtime="20231003 10:27:44.517"/>
</kw>
<status status="NOT RUN" starttime="20231003 10:27:44.515" endtime="20231003 10:27:44.517"/>
</branch>
<status status="PASS" starttime="20231003 10:27:44.515" endtime="20231003 10:27:44.518"/>
</if>
<status status="PASS" starttime="20231003 10:27:44.371" endtime="20231003 10:27:44.518"/>
</kw>
<kw name="Count the number account in list" library="common">
<var>${countA}</var>
<kw name="Wait Until Element Spin" library="common">
<kw name="Sleep" library="BuiltIn">
<arg>${SHOULD_TIMEOUT}</arg>
<doc>Pauses the test executed for the given time.</doc>
<msg timestamp="20231003 10:27:44.624" level="INFO">Slept 100 milliseconds</msg>
<status status="PASS" starttime="20231003 10:27:44.523" endtime="20231003 10:27:44.624"/>
</kw>
<kw name="Set Variable" library="BuiltIn">
<var>${element}</var>
<arg>xpath=//*[contains(@class, "ant-spin-spinning")]</arg>
<doc>Returns the given values which can then be assigned to a variables.</doc>
<msg timestamp="20231003 10:27:44.625" level="INFO">${element} = xpath=//*[contains(@class, "ant-spin-spinning")]</msg>
<status status="PASS" starttime="20231003 10:27:44.624" endtime="20231003 10:27:44.625"/>
</kw>
<kw name="Get Element Count" library="Browser">
<var>${count}</var>
<arg>${element}</arg>
<tag>Assertion</tag>
<tag>Getter</tag>
<tag>PageContent</tag>
<doc>Returns the count of elements found with ``selector``.</doc>
<msg timestamp="20231003 10:27:44.634" level="INFO">${count} = 0</msg>
<status status="PASS" starttime="20231003 10:27:44.625" endtime="20231003 10:27:44.634"/>
</kw>
<if>
<branch type="IF" condition="${count} &gt; 0">
<kw name="Wait Until Page Does Not Contain Element" library="common">
<arg>${element}</arg>
<status status="NOT RUN" starttime="20231003 10:27:44.637" endtime="20231003 10:27:44.637"/>
</kw>
<status status="NOT RUN" starttime="20231003 10:27:44.635" endtime="20231003 10:27:44.638"/>
</branch>
<status status="PASS" starttime="20231003 10:27:44.635" endtime="20231003 10:27:44.639"/>
</if>
<status status="PASS" starttime="20231003 10:27:44.522" endtime="20231003 10:27:44.639"/>
</kw>
<kw name="Set Variable" library="BuiltIn">
<var>${element}</var>
<arg>xpath=//tbody//tr[contains(@class, 'ant-table-row')]</arg>
<doc>Returns the given values which can then be assigned to a variables.</doc>
<msg timestamp="20231003 10:27:44.641" level="INFO">${element} = xpath=//tbody//tr[contains(@class, 'ant-table-row')]</msg>
<status status="PASS" starttime="20231003 10:27:44.640" endtime="20231003 10:27:44.641"/>
</kw>
<kw name="Get Element Count" library="Browser">
<var>${count}</var>
<arg>${element}</arg>
<tag>Assertion</tag>
<tag>Getter</tag>
<tag>PageContent</tag>
<doc>Returns the count of elements found with ``selector``.</doc>
<msg timestamp="20231003 10:27:44.651" level="INFO">${count} = 7</msg>
<status status="PASS" starttime="20231003 10:27:44.642" endtime="20231003 10:27:44.651"/>
</kw>
<if>
<branch type="IF" condition="${count} &lt;= 0">
<kw name="Wait Until Element Spin" library="common">
<status status="NOT RUN" starttime="20231003 10:27:44.654" endtime="20231003 10:27:44.655"/>
</kw>
<status status="NOT RUN" starttime="20231003 10:27:44.652" endtime="20231003 10:27:44.656"/>
</branch>
<branch type="ELSE">
<kw name="Convert To Integer" library="BuiltIn">
<var>${count}</var>
<arg>${count}</arg>
<doc>Converts the given item to an integer number.</doc>
<msg timestamp="20231003 10:27:44.659" level="INFO">${count} = 7</msg>
<status status="PASS" starttime="20231003 10:27:44.657" endtime="20231003 10:27:44.659"/>
</kw>
<kw name="Evaluate" library="BuiltIn">
<var>${countS}</var>
<arg>${count} + 1</arg>
<doc>Evaluates the given expression in Python and returns the result.</doc>
<msg timestamp="20231003 10:27:44.661" level="INFO">${countS} = 8</msg>
<status status="PASS" starttime="20231003 10:27:44.660" endtime="20231003 10:27:44.662"/>
</kw>
<kw name="Set Global Variable" library="BuiltIn">
<arg>${LastNum}</arg>
<arg>${countS}</arg>
<doc>Makes a variable available globally in all tests and suites.</doc>
<msg timestamp="20231003 10:27:44.666" level="INFO">${LastNum} = 8</msg>
<status status="PASS" starttime="20231003 10:27:44.663" endtime="20231003 10:27:44.666"/>
</kw>
<status status="PASS" starttime="20231003 10:27:44.656" endtime="20231003 10:27:44.667"/>
</branch>
<status status="PASS" starttime="20231003 10:27:44.652" endtime="20231003 10:27:44.667"/>
</if>
<msg timestamp="20231003 10:27:44.668" level="INFO">${countA} = 7</msg>
<status status="PASS" starttime="20231003 10:27:44.519" endtime="20231003 10:27:44.668"/>
</kw>
<kw name="Get the number of total account" library="common">
<var>${totalA}</var>
<kw name="Get Element" library="Browser">
<var>${element}</var>
<arg>//span[contains(@class, 'ml-3')]</arg>
<tag>Getter</tag>
<tag>PageContent</tag>
<doc>Returns a reference to a Playwright [https://playwright.dev/docs/api/class-locator|Locator].</doc>
<msg timestamp="20231003 10:27:44.684" level="INFO">Locator found successfully.</msg>
<msg timestamp="20231003 10:27:44.685" level="INFO">${element} = //span[contains(@class, 'ml-3')]</msg>
<status status="PASS" starttime="20231003 10:27:44.672" endtime="20231003 10:27:44.685"/>
</kw>
<kw name="Get Text" library="Browser">
<var>${text}</var>
<arg>${element}</arg>
<tag>Assertion</tag>
<tag>Getter</tag>
<tag>PageContent</tag>
<doc>Returns text attribute of the element found by ``selector``.</doc>
<msg timestamp="20231003 10:27:44.723" level="INFO">Text: ' 1 -7 của 1119 mục'</msg>
<msg timestamp="20231003 10:27:44.723" level="INFO">${text} =  1 -7 của 1119 mục</msg>
<status status="PASS" starttime="20231003 10:27:44.686" endtime="20231003 10:27:44.724"/>
</kw>
<kw name="Get Regexp Matches" library="String">
<var>${total}</var>
<arg>${text}</arg>
<arg>của (.+) mục</arg>
<arg>1</arg>
<doc>Returns a list of all non-overlapping matches in the given string.</doc>
<msg timestamp="20231003 10:27:44.726" level="INFO">${total} = ['1119']</msg>
<status status="PASS" starttime="20231003 10:27:44.724" endtime="20231003 10:27:44.726"/>
</kw>
<kw name="Convert To Integer" library="BuiltIn">
<var>${total}</var>
<arg>${total[0]}</arg>
<doc>Converts the given item to an integer number.</doc>
<msg timestamp="20231003 10:27:44.730" level="INFO">${total} = 1119</msg>
<status status="PASS" starttime="20231003 10:27:44.727" endtime="20231003 10:27:44.730"/>
</kw>
<kw name="Get Length" library="BuiltIn">
<var>${cnt}</var>
<arg>${text}</arg>
<doc>Returns and logs the length of the given item as an integer.</doc>
<msg timestamp="20231003 10:27:44.732" level="INFO">Length is 18</msg>
<msg timestamp="20231003 10:27:44.733" level="INFO">${cnt} = 18</msg>
<status status="PASS" starttime="20231003 10:27:44.731" endtime="20231003 10:27:44.733"/>
</kw>
<if>
<branch type="IF" condition="${cnt} &gt; 0">
<kw name="Set Variable" library="BuiltIn">
<var>${TotalAccount}</var>
<arg>${total}</arg>
<doc>Returns the given values which can then be assigned to a variables.</doc>
<msg timestamp="20231003 10:27:44.737" level="INFO">${TotalAccount} = 1119</msg>
<status status="PASS" starttime="20231003 10:27:44.735" endtime="20231003 10:27:44.737"/>
</kw>
<status status="PASS" starttime="20231003 10:27:44.734" endtime="20231003 10:27:44.738"/>
</branch>
<status status="PASS" starttime="20231003 10:27:44.734" endtime="20231003 10:27:44.739"/>
</if>
<msg timestamp="20231003 10:27:44.739" level="INFO">${totalA} = 1119</msg>
<status status="PASS" starttime="20231003 10:27:44.669" endtime="20231003 10:27:44.740"/>
</kw>
<if>
<branch type="IF" condition="${countA} == ${totalA}">
<kw name="Set Variable" library="BuiltIn">
<var>${amountPage}</var>
<arg>1</arg>
<doc>Returns the given values which can then be assigned to a variables.</doc>
<status status="NOT RUN" starttime="20231003 10:27:44.742" endtime="20231003 10:27:44.742"/>
</kw>
<kw name="Log To Console" library="BuiltIn">
<arg>'This list contains only one page'</arg>
<doc>Logs the given message to the console.</doc>
<status status="NOT RUN" starttime="20231003 10:27:44.743" endtime="20231003 10:27:44.744"/>
</kw>
<status status="NOT RUN" starttime="20231003 10:27:44.740" endtime="20231003 10:27:44.744"/>
</branch>
<branch type="ELSE IF" condition="${countA} &lt; ${totalA}">
<kw name="Evaluate" library="BuiltIn">
<var>${amountPage}</var>
<arg>(${totalA}//${countA})+1</arg>
<doc>Evaluates the given expression in Python and returns the result.</doc>
<msg timestamp="20231003 10:27:44.746" level="INFO">${amountPage} = 160</msg>
<status status="PASS" starttime="20231003 10:27:44.745" endtime="20231003 10:27:44.746"/>
</kw>
<kw name="Set Variable" library="BuiltIn">
<var>${amountPage}</var>
<arg>${amountPage}</arg>
<doc>Returns the given values which can then be assigned to a variables.</doc>
<msg timestamp="20231003 10:27:44.748" level="INFO">${amountPage} = 160</msg>
<status status="PASS" starttime="20231003 10:27:44.747" endtime="20231003 10:27:44.748"/>
</kw>
<status status="PASS" starttime="20231003 10:27:44.744" endtime="20231003 10:27:44.748"/>
</branch>
<status status="PASS" starttime="20231003 10:27:44.740" endtime="20231003 10:27:44.748"/>
</if>
<msg timestamp="20231003 10:27:44.749" level="INFO">${amountPage} = 160</msg>
<status status="PASS" starttime="20231003 10:27:44.369" endtime="20231003 10:27:44.749"/>
</kw>
<kw name="Get Text" library="Browser">
<var>${text_current}</var>
<arg>//*[contains(@class, 'ant-select-selection-item')]</arg>
<tag>Assertion</tag>
<tag>Getter</tag>
<tag>PageContent</tag>
<doc>Returns text attribute of the element found by ``selector``.</doc>
<msg timestamp="20231003 10:27:44.794" level="INFO">Text: '7 / page'</msg>
<msg timestamp="20231003 10:27:44.794" level="INFO">${text_current} = 7 / page</msg>
<status status="PASS" starttime="20231003 10:27:44.749" endtime="20231003 10:27:44.795"/>
</kw>
<kw name="Get Regexp Matches" library="String">
<var>${current}</var>
<arg>${text_current}</arg>
<arg>(.+) / page</arg>
<arg>1</arg>
<doc>Returns a list of all non-overlapping matches in the given string.</doc>
<msg timestamp="20231003 10:27:44.796" level="INFO">${current} = ['7']</msg>
<status status="PASS" starttime="20231003 10:27:44.795" endtime="20231003 10:27:44.797"/>
</kw>
<kw name="Set Variable" library="BuiltIn">
<var>${current_number}</var>
<arg>${current[0]}</arg>
<doc>Returns the given values which can then be assigned to a variables.</doc>
<msg timestamp="20231003 10:27:44.800" level="INFO">${current_number} = 7</msg>
<status status="PASS" starttime="20231003 10:27:44.797" endtime="20231003 10:27:44.800"/>
</kw>
<kw name="Convert To Integer" library="BuiltIn">
<var>${current_number}</var>
<arg>${current_number}</arg>
<doc>Converts the given item to an integer number.</doc>
<msg timestamp="20231003 10:27:44.802" level="INFO">${current_number} = 7</msg>
<status status="PASS" starttime="20231003 10:27:44.801" endtime="20231003 10:27:44.802"/>
</kw>
<kw name="Click" library="Browser">
<arg>xpath=//*[contains(@class, 'ant-select-selection-item')]</arg>
<tag>PageContent</tag>
<tag>Setter</tag>
<doc>Simulates mouse click on the element found by ``selector``.</doc>
<status status="PASS" starttime="20231003 10:27:44.803" endtime="20231003 10:27:45.019"/>
</kw>
<kw name="Get Text" library="Browser">
<var>${text_default}</var>
<arg>//nz-option-item[1]/div[contains(@class,'ant-select-item-option-content')]</arg>
<tag>Assertion</tag>
<tag>Getter</tag>
<tag>PageContent</tag>
<doc>Returns text attribute of the element found by ``selector``.</doc>
<msg timestamp="20231003 10:27:45.065" level="INFO">Text: '7 / page'</msg>
<msg timestamp="20231003 10:27:45.066" level="INFO">${text_default} = 7 / page</msg>
<status status="PASS" starttime="20231003 10:27:45.022" endtime="20231003 10:27:45.066"/>
</kw>
<kw name="Get Regexp Matches" library="String">
<var>${default}</var>
<arg>${text_default}</arg>
<arg>(.+) / page</arg>
<arg>1</arg>
<doc>Returns a list of all non-overlapping matches in the given string.</doc>
<msg timestamp="20231003 10:27:45.068" level="INFO">${default} = ['7']</msg>
<status status="PASS" starttime="20231003 10:27:45.067" endtime="20231003 10:27:45.068"/>
</kw>
<kw name="Set Variable" library="BuiltIn">
<var>${default_number}</var>
<arg>${default[0]}</arg>
<doc>Returns the given values which can then be assigned to a variables.</doc>
<msg timestamp="20231003 10:27:45.073" level="INFO">${default_number} = 7</msg>
<status status="PASS" starttime="20231003 10:27:45.069" endtime="20231003 10:27:45.073"/>
</kw>
<kw name="Convert To Integer" library="BuiltIn">
<var>${default_number}</var>
<arg>${default_number}</arg>
<doc>Converts the given item to an integer number.</doc>
<msg timestamp="20231003 10:27:45.075" level="INFO">${default_number} = 7</msg>
<status status="PASS" starttime="20231003 10:27:45.074" endtime="20231003 10:27:45.075"/>
</kw>
<kw name="Get Text" library="Browser">
<var>${text_select}</var>
<arg>//nz-option-item[${select}]/div[contains(@class,'ant-select-item-option-content')]</arg>
<tag>Assertion</tag>
<tag>Getter</tag>
<tag>PageContent</tag>
<doc>Returns text attribute of the element found by ``selector``.</doc>
<msg timestamp="20231003 10:27:45.116" level="INFO">Text: '14 / page'</msg>
<msg timestamp="20231003 10:27:45.117" level="INFO">${text_select} = 14 / page</msg>
<status status="PASS" starttime="20231003 10:27:45.076" endtime="20231003 10:27:45.117"/>
</kw>
<kw name="Get Regexp Matches" library="String">
<var>${select_string}</var>
<arg>${text_select}</arg>
<arg>(.+) / page</arg>
<arg>1</arg>
<doc>Returns a list of all non-overlapping matches in the given string.</doc>
<msg timestamp="20231003 10:27:45.119" level="INFO">${select_string} = ['14']</msg>
<status status="PASS" starttime="20231003 10:27:45.118" endtime="20231003 10:27:45.121"/>
</kw>
<kw name="Set Variable" library="BuiltIn">
<var>${select_number}</var>
<arg>${select_string[0]}</arg>
<doc>Returns the given values which can then be assigned to a variables.</doc>
<msg timestamp="20231003 10:27:45.124" level="INFO">${select_number} = 14</msg>
<status status="PASS" starttime="20231003 10:27:45.122" endtime="20231003 10:27:45.124"/>
</kw>
<kw name="Convert To Integer" library="BuiltIn">
<var>${select_number}</var>
<arg>${select_number}</arg>
<doc>Converts the given item to an integer number.</doc>
<msg timestamp="20231003 10:27:45.126" level="INFO">${select_number} = 14</msg>
<status status="PASS" starttime="20231003 10:27:45.125" endtime="20231003 10:27:45.127"/>
</kw>
<if>
<branch type="IF" condition="${amountPage} &gt;= 2">
<if>
<branch type="IF" condition="${current_number} &lt; ${select_number}">
<kw name="Move to the &quot;next&quot; page" library="common" sourcename="Move to the &quot;${target}&quot; page">
<kw name="Get Length" library="BuiltIn">
<var>${count}</var>
<arg>${target}</arg>
<doc>Returns and logs the length of the given item as an integer.</doc>
<msg timestamp="20231003 10:27:45.132" level="INFO">Length is 4</msg>
<msg timestamp="20231003 10:27:45.132" level="INFO">${count} = 4</msg>
<status status="PASS" starttime="20231003 10:27:45.131" endtime="20231003 10:27:45.133"/>
</kw>
<if>
<branch type="IF" condition="'${target}' == 'previous'">
<kw name="Click" library="Browser">
<arg>xpath=//*[contains(@class, "las la-angle-left text-xs ng-star-inserted")]</arg>
<tag>PageContent</tag>
<tag>Setter</tag>
<doc>Simulates mouse click on the element found by ``selector``.</doc>
<status status="NOT RUN" starttime="20231003 10:27:45.134" endtime="20231003 10:27:45.135"/>
</kw>
<status status="NOT RUN" starttime="20231003 10:27:45.133" endtime="20231003 10:27:45.136"/>
</branch>
<branch type="ELSE IF" condition="'${target}' == 'next'">
<kw name="Click" library="Browser">
<arg>xpath=//*[contains(@class, "las la-angle-right text-xs ng-star-inserted")]</arg>
<tag>PageContent</tag>
<tag>Setter</tag>
<doc>Simulates mouse click on the element found by ``selector``.</doc>
<status status="PASS" starttime="20231003 10:27:45.139" endtime="20231003 10:27:45.723"/>
</kw>
<status status="PASS" starttime="20231003 10:27:45.137" endtime="20231003 10:27:45.723"/>
</branch>
<branch type="ELSE">
<kw name="Convert To Integer" library="BuiltIn">
<var>${number}</var>
<arg>${target}</arg>
<doc>Converts the given item to an integer number.</doc>
<status status="NOT RUN" starttime="20231003 10:27:45.724" endtime="20231003 10:27:45.724"/>
</kw>
<kw name="Click" library="Browser">
<arg>xpath=//a[contains(@aria-label, "page ${number}")]</arg>
<tag>PageContent</tag>
<tag>Setter</tag>
<doc>Simulates mouse click on the element found by ``selector``.</doc>
<status status="NOT RUN" starttime="20231003 10:27:45.725" endtime="20231003 10:27:45.725"/>
</kw>
<status status="NOT RUN" starttime="20231003 10:27:45.724" endtime="20231003 10:27:45.725"/>
</branch>
<status status="PASS" starttime="20231003 10:27:45.133" endtime="20231003 10:27:45.725"/>
</if>
<kw name="Wait Until Element Spin" library="common">
<kw name="Sleep" library="BuiltIn">
<arg>${SHOULD_TIMEOUT}</arg>
<doc>Pauses the test executed for the given time.</doc>
<msg timestamp="20231003 10:27:45.827" level="INFO">Slept 100 milliseconds</msg>
<status status="PASS" starttime="20231003 10:27:45.726" endtime="20231003 10:27:45.827"/>
</kw>
<kw name="Set Variable" library="BuiltIn">
<var>${element}</var>
<arg>xpath=//*[contains(@class, "ant-spin-spinning")]</arg>
<doc>Returns the given values which can then be assigned to a variables.</doc>
<msg timestamp="20231003 10:27:45.828" level="INFO">${element} = xpath=//*[contains(@class, "ant-spin-spinning")]</msg>
<status status="PASS" starttime="20231003 10:27:45.828" endtime="20231003 10:27:45.829"/>
</kw>
<kw name="Get Element Count" library="Browser">
<var>${count}</var>
<arg>${element}</arg>
<tag>Assertion</tag>
<tag>Getter</tag>
<tag>PageContent</tag>
<doc>Returns the count of elements found with ``selector``.</doc>
<msg timestamp="20231003 10:27:45.838" level="INFO">${count} = 0</msg>
<status status="PASS" starttime="20231003 10:27:45.829" endtime="20231003 10:27:45.839"/>
</kw>
<if>
<branch type="IF" condition="${count} &gt; 0">
<kw name="Wait Until Page Does Not Contain Element" library="common">
<arg>${element}</arg>
<status status="NOT RUN" starttime="20231003 10:27:45.840" endtime="20231003 10:27:45.841"/>
</kw>
<status status="NOT RUN" starttime="20231003 10:27:45.840" endtime="20231003 10:27:45.842"/>
</branch>
<status status="PASS" starttime="20231003 10:27:45.839" endtime="20231003 10:27:45.842"/>
</if>
<status status="PASS" starttime="20231003 10:27:45.725" endtime="20231003 10:27:45.843"/>
</kw>
<status status="PASS" starttime="20231003 10:27:45.130" endtime="20231003 10:27:45.843"/>
</kw>
<kw name="Get the first account name" library="common">
<var>${name}</var>
<kw name="Get Element" library="Browser">
<var>${element}</var>
<arg>//tbody//tr[2]//button[contains(@title,"Chi tiết")]</arg>
<tag>Getter</tag>
<tag>PageContent</tag>
<doc>Returns a reference to a Playwright [https://playwright.dev/docs/api/class-locator|Locator].</doc>
<msg timestamp="20231003 10:27:45.856" level="INFO">Locator found successfully.</msg>
<msg timestamp="20231003 10:27:45.857" level="INFO">${element} = //tbody//tr[2]//button[contains(@title,"Chi tiết")]</msg>
<status status="PASS" starttime="20231003 10:27:45.845" endtime="20231003 10:27:45.857"/>
</kw>
<kw name="Get Text" library="Browser">
<var>${Fname}</var>
<arg>${element}</arg>
<tag>Assertion</tag>
<tag>Getter</tag>
<tag>PageContent</tag>
<doc>Returns text attribute of the element found by ``selector``.</doc>
<msg timestamp="20231003 10:27:45.888" level="INFO">Text: 'Nguyễn Huy Hoàng'</msg>
<msg timestamp="20231003 10:27:45.889" level="INFO">${Fname} = Nguyễn Huy Hoàng</msg>
<status status="PASS" starttime="20231003 10:27:45.858" endtime="20231003 10:27:45.889"/>
</kw>
<kw name="Get Length" library="BuiltIn">
<var>${cnt}</var>
<arg>${Fname}</arg>
<doc>Returns and logs the length of the given item as an integer.</doc>
<msg timestamp="20231003 10:27:45.890" level="INFO">Length is 16</msg>
<msg timestamp="20231003 10:27:45.891" level="INFO">${cnt} = 16</msg>
<status status="PASS" starttime="20231003 10:27:45.890" endtime="20231003 10:27:45.891"/>
</kw>
<if>
<branch type="IF" condition="${cnt} &gt; 0">
<kw name="Set Variable" library="BuiltIn">
<var>${Fname}</var>
<arg>${Fname}</arg>
<doc>Returns the given values which can then be assigned to a variables.</doc>
<msg timestamp="20231003 10:27:45.893" level="INFO">${Fname} = Nguyễn Huy Hoàng</msg>
<status status="PASS" starttime="20231003 10:27:45.892" endtime="20231003 10:27:45.894"/>
</kw>
<status status="PASS" starttime="20231003 10:27:45.892" endtime="20231003 10:27:45.894"/>
</branch>
<status status="PASS" starttime="20231003 10:27:45.891" endtime="20231003 10:27:45.894"/>
</if>
<msg timestamp="20231003 10:27:45.895" level="INFO">${name} = Nguyễn Huy Hoàng</msg>
<status status="PASS" starttime="20231003 10:27:45.844" endtime="20231003 10:27:45.895"/>
</kw>
<kw name="Evaluate" library="BuiltIn">
<var>${ordinal_before}</var>
<arg>${current_number} + 2</arg>
<doc>Evaluates the given expression in Python and returns the result.</doc>
<msg timestamp="20231003 10:27:45.897" level="INFO">${ordinal_before} = 9</msg>
<status status="PASS" starttime="20231003 10:27:45.896" endtime="20231003 10:27:45.897"/>
</kw>
<kw name="Click" library="Browser">
<arg>xpath=//*[contains(@class, 'ant-select-selection-item')]</arg>
<tag>PageContent</tag>
<tag>Setter</tag>
<doc>Simulates mouse click on the element found by ``selector``.</doc>
<status status="PASS" starttime="20231003 10:27:45.898" endtime="20231003 10:27:46.029"/>
</kw>
<kw name="Click" library="Browser">
<arg>xpath=//nz-option-item[${select}]/div[contains(@class,'ant-select-item-option-content')]</arg>
<tag>PageContent</tag>
<tag>Setter</tag>
<doc>Simulates mouse click on the element found by ``selector``.</doc>
<status status="PASS" starttime="20231003 10:27:46.030" endtime="20231003 10:27:46.398"/>
</kw>
<kw name="Wait Until Element Spin" library="common">
<kw name="Sleep" library="BuiltIn">
<arg>${SHOULD_TIMEOUT}</arg>
<doc>Pauses the test executed for the given time.</doc>
<msg timestamp="20231003 10:27:46.506" level="INFO">Slept 100 milliseconds</msg>
<status status="PASS" starttime="20231003 10:27:46.400" endtime="20231003 10:27:46.507"/>
</kw>
<kw name="Set Variable" library="BuiltIn">
<var>${element}</var>
<arg>xpath=//*[contains(@class, "ant-spin-spinning")]</arg>
<doc>Returns the given values which can then be assigned to a variables.</doc>
<msg timestamp="20231003 10:27:46.511" level="INFO">${element} = xpath=//*[contains(@class, "ant-spin-spinning")]</msg>
<status status="PASS" starttime="20231003 10:27:46.510" endtime="20231003 10:27:46.511"/>
</kw>
<kw name="Get Element Count" library="Browser">
<var>${count}</var>
<arg>${element}</arg>
<tag>Assertion</tag>
<tag>Getter</tag>
<tag>PageContent</tag>
<doc>Returns the count of elements found with ``selector``.</doc>
<msg timestamp="20231003 10:27:46.779" level="INFO">${count} = 0</msg>
<status status="PASS" starttime="20231003 10:27:46.512" endtime="20231003 10:27:46.779"/>
</kw>
<if>
<branch type="IF" condition="${count} &gt; 0">
<kw name="Wait Until Page Does Not Contain Element" library="common">
<arg>${element}</arg>
<status status="NOT RUN" starttime="20231003 10:27:46.781" endtime="20231003 10:27:46.781"/>
</kw>
<status status="NOT RUN" starttime="20231003 10:27:46.780" endtime="20231003 10:27:46.782"/>
</branch>
<status status="PASS" starttime="20231003 10:27:46.780" endtime="20231003 10:27:46.782"/>
</if>
<status status="PASS" starttime="20231003 10:27:46.398" endtime="20231003 10:27:46.782"/>
</kw>
<kw name="Get Text" library="Browser">
<arg>//tbody//tr[${ordinal_before}]//button[contains(@title,"Chi tiết")]</arg>
<arg>equal</arg>
<arg>${name}</arg>
<tag>Assertion</tag>
<tag>Getter</tag>
<tag>PageContent</tag>
<doc>Returns text attribute of the element found by ``selector``.</doc>
<msg timestamp="20231003 10:27:46.832" level="INFO">Text: 'Nguyễn Huy Hoàng'</msg>
<status status="PASS" starttime="20231003 10:27:46.783" endtime="20231003 10:27:46.833"/>
</kw>
<status status="PASS" starttime="20231003 10:27:45.128" endtime="20231003 10:27:46.833"/>
</branch>
<branch type="ELSE IF" condition="${current_number} &gt; ${select_number}">
<kw name="Evaluate" library="BuiltIn">
<var>${ordinal_before}</var>
<arg>${select_number} + 2</arg>
<doc>Evaluates the given expression in Python and returns the result.</doc>
<status status="NOT RUN" starttime="20231003 10:27:46.835" endtime="20231003 10:27:46.835"/>
</kw>
<kw name="Get Text" library="Browser">
<var>${name}</var>
<arg>//tbody//tr[${ordinal_before}]//button[contains(@title,"Chi tiết")]</arg>
<tag>Assertion</tag>
<tag>Getter</tag>
<tag>PageContent</tag>
<doc>Returns text attribute of the element found by ``selector``.</doc>
<status status="NOT RUN" starttime="20231003 10:27:46.836" endtime="20231003 10:27:46.837"/>
</kw>
<kw name="Click" library="Browser">
<arg>xpath=//*[contains(@class, 'ant-select-selection-item')]</arg>
<tag>PageContent</tag>
<tag>Setter</tag>
<doc>Simulates mouse click on the element found by ``selector``.</doc>
<status status="NOT RUN" starttime="20231003 10:27:46.838" endtime="20231003 10:27:46.838"/>
</kw>
<kw name="Click" library="Browser">
<arg>xpath=//nz-option-item[${select}]/div[contains(@class,'ant-select-item-option-content')]</arg>
<tag>PageContent</tag>
<tag>Setter</tag>
<doc>Simulates mouse click on the element found by ``selector``.</doc>
<status status="NOT RUN" starttime="20231003 10:27:46.839" endtime="20231003 10:27:46.839"/>
</kw>
<kw name="Wait Until Element Spin" library="common">
<status status="NOT RUN" starttime="20231003 10:27:46.840" endtime="20231003 10:27:46.841"/>
</kw>
<kw name="Move to the &quot;next&quot; page" library="common" sourcename="Move to the &quot;${target}&quot; page">
<status status="NOT RUN" starttime="20231003 10:27:46.841" endtime="20231003 10:27:46.842"/>
</kw>
<kw name="Get the first account name" library="common">
<var>${nameS}</var>
<status status="NOT RUN" starttime="20231003 10:27:46.842" endtime="20231003 10:27:46.843"/>
</kw>
<kw name="Should Be Equal" library="BuiltIn">
<arg>${nameS}</arg>
<arg>${name}</arg>
<doc>Fails if the given objects are unequal.</doc>
<status status="NOT RUN" starttime="20231003 10:27:46.843" endtime="20231003 10:27:46.844"/>
</kw>
<kw name="Move to the &quot;previous&quot; page" library="common" sourcename="Move to the &quot;${target}&quot; page">
<status status="NOT RUN" starttime="20231003 10:27:46.844" endtime="20231003 10:27:46.844"/>
</kw>
<status status="NOT RUN" starttime="20231003 10:27:46.834" endtime="20231003 10:27:46.845"/>
</branch>
<branch type="ELSE IF" condition="${current_number} = ${select_number}">
<kw name="Click" library="Browser">
<arg>xpath=//*[contains(@class, 'ant-select-selection-item')]</arg>
<tag>PageContent</tag>
<tag>Setter</tag>
<doc>Simulates mouse click on the element found by ``selector``.</doc>
<status status="NOT RUN" starttime="20231003 10:27:46.846" endtime="20231003 10:27:46.846"/>
</kw>
<kw name="Click" library="Browser">
<arg>xpath=//nz-option-item[${select}]/div[contains(@class,'ant-select-item-option-content')]</arg>
<tag>PageContent</tag>
<tag>Setter</tag>
<doc>Simulates mouse click on the element found by ``selector``.</doc>
<status status="NOT RUN" starttime="20231003 10:27:46.847" endtime="20231003 10:27:46.847"/>
</kw>
<kw name="Wait Until Element Spin" library="common">
<status status="NOT RUN" starttime="20231003 10:27:46.847" endtime="20231003 10:27:46.848"/>
</kw>
<status status="NOT RUN" starttime="20231003 10:27:46.845" endtime="20231003 10:27:46.848"/>
</branch>
<status status="PASS" starttime="20231003 10:27:45.128" endtime="20231003 10:27:46.849"/>
</if>
<status status="PASS" starttime="20231003 10:27:45.127" endtime="20231003 10:27:46.849"/>
</branch>
<branch type="ELSE IF" condition="${amountPage} &lt; 2">
<if>
<branch type="IF" condition="${current_number} &lt;= ${select_number}">
<kw name="Click" library="Browser">
<arg>xpath=//*[contains(@class, 'ant-select-selection-item')]</arg>
<tag>PageContent</tag>
<tag>Setter</tag>
<doc>Simulates mouse click on the element found by ``selector``.</doc>
<status status="NOT RUN" starttime="20231003 10:27:46.850" endtime="20231003 10:27:46.851"/>
</kw>
<kw name="Click" library="Browser">
<arg>xpath=//nz-option-item[${select}]/div[contains(@class,'ant-select-item-option-content')]</arg>
<tag>PageContent</tag>
<tag>Setter</tag>
<doc>Simulates mouse click on the element found by ``selector``.</doc>
<status status="NOT RUN" starttime="20231003 10:27:46.851" endtime="20231003 10:27:46.851"/>
</kw>
<kw name="Wait Until Element Spin" library="common">
<status status="NOT RUN" starttime="20231003 10:27:46.852" endtime="20231003 10:27:46.852"/>
</kw>
<status status="NOT RUN" starttime="20231003 10:27:46.850" endtime="20231003 10:27:46.853"/>
</branch>
<branch type="ELSE IF" condition="${current_number} &gt; ${select_number}">
<kw name="Count the number account in list" library="common">
<var>${account_number}</var>
<status status="NOT RUN" starttime="20231003 10:27:46.855" endtime="20231003 10:27:46.856"/>
</kw>
<if>
<branch type="IF" condition="${account_number} &gt; ${select_number}">
<kw name="Evaluate" library="BuiltIn">
<var>${ordinal_before}</var>
<arg>${select_number} + 2</arg>
<doc>Evaluates the given expression in Python and returns the result.</doc>
<status status="NOT RUN" starttime="20231003 10:27:46.857" endtime="20231003 10:27:46.858"/>
</kw>
<kw name="Get Text" library="Browser">
<var>${name}</var>
<arg>//tbody//tr[${ordinal_before}]//button[contains(@title,"Chi tiết")]</arg>
<tag>Assertion</tag>
<tag>Getter</tag>
<tag>PageContent</tag>
<doc>Returns text attribute of the element found by ``selector``.</doc>
<status status="NOT RUN" starttime="20231003 10:27:46.859" endtime="20231003 10:27:46.859"/>
</kw>
<kw name="Click" library="Browser">
<arg>xpath=//*[contains(@class, 'ant-select-selection-item')]</arg>
<tag>PageContent</tag>
<tag>Setter</tag>
<doc>Simulates mouse click on the element found by ``selector``.</doc>
<status status="NOT RUN" starttime="20231003 10:27:46.860" endtime="20231003 10:27:46.860"/>
</kw>
<kw name="Click" library="Browser">
<arg>xpath=//nz-option-item[${select}]/div[contains(@class,'ant-select-item-option-content')]</arg>
<tag>PageContent</tag>
<tag>Setter</tag>
<doc>Simulates mouse click on the element found by ``selector``.</doc>
<status status="NOT RUN" starttime="20231003 10:27:46.861" endtime="20231003 10:27:46.861"/>
</kw>
<kw name="Wait Until Element Spin" library="common">
<status status="NOT RUN" starttime="20231003 10:27:46.862" endtime="20231003 10:27:46.862"/>
</kw>
<kw name="Move to the &quot;next&quot; page" library="common" sourcename="Move to the &quot;${target}&quot; page">
[...]
<doc>Pauses the test executed for the given time.</doc>
<msg timestamp="20231003 10:28:00.709" level="INFO">Slept 100 milliseconds</msg>
<status status="PASS" starttime="20231003 10:28:00.607" endtime="20231003 10:28:00.709"/>
</kw>
<kw name="Set Variable" library="BuiltIn">
<var>${element}</var>
<arg>xpath=//*[contains(@class, "ant-spin-spinning")]</arg>
<doc>Returns the given values which can then be assigned to a variables.</doc>
<msg timestamp="20231003 10:28:00.711" level="INFO">${element} = xpath=//*[contains(@class, "ant-spin-spinning")]</msg>
<status status="PASS" starttime="20231003 10:28:00.710" endtime="20231003 10:28:00.711"/>
</kw>
<kw name="Get Element Count" library="Browser">
<var>${count}</var>
<arg>${element}</arg>
<tag>Assertion</tag>
<tag>Getter</tag>
<tag>PageContent</tag>
<doc>Returns the count of elements found with ``selector``.</doc>
<msg timestamp="20231003 10:28:00.917" level="INFO">${count} = 0</msg>
<status status="PASS" starttime="20231003 10:28:00.712" endtime="20231003 10:28:00.919"/>
</kw>
<if>
<branch type="IF" condition="${count} &gt; 0">
<kw name="Wait Until Page Does Not Contain Element" library="common">
<arg>${element}</arg>
<status status="NOT RUN" starttime="20231003 10:28:00.922" endtime="20231003 10:28:00.922"/>
</kw>
<status status="NOT RUN" starttime="20231003 10:28:00.921" endtime="20231003 10:28:00.923"/>
</branch>
<status status="PASS" starttime="20231003 10:28:00.921" endtime="20231003 10:28:00.924"/>
</if>
<status status="PASS" starttime="20231003 10:28:00.606" endtime="20231003 10:28:00.925"/>
</kw>
<kw name="Move to the &quot;next&quot; page" library="common" sourcename="Move to the &quot;${target}&quot; page">
<kw name="Get Length" library="BuiltIn">
<var>${count}</var>
<arg>${target}</arg>
<doc>Returns and logs the length of the given item as an integer.</doc>
<msg timestamp="20231003 10:28:00.929" level="INFO">Length is 4</msg>
<msg timestamp="20231003 10:28:00.929" level="INFO">${count} = 4</msg>
<status status="PASS" starttime="20231003 10:28:00.928" endtime="20231003 10:28:00.929"/>
</kw>
<if>
<branch type="IF" condition="'${target}' == 'previous'">
<kw name="Click" library="Browser">
<arg>xpath=//*[contains(@class, "las la-angle-left text-xs ng-star-inserted")]</arg>
<tag>PageContent</tag>
<tag>Setter</tag>
<doc>Simulates mouse click on the element found by ``selector``.</doc>
<status status="NOT RUN" starttime="20231003 10:28:00.931" endtime="20231003 10:28:00.931"/>
</kw>
<status status="NOT RUN" starttime="20231003 10:28:00.930" endtime="20231003 10:28:00.932"/>
</branch>
<branch type="ELSE IF" condition="'${target}' == 'next'">
<kw name="Click" library="Browser">
<arg>xpath=//*[contains(@class, "las la-angle-right text-xs ng-star-inserted")]</arg>
<tag>PageContent</tag>
<tag>Setter</tag>
<doc>Simulates mouse click on the element found by ``selector``.</doc>
<status status="PASS" starttime="20231003 10:28:00.933" endtime="20231003 10:28:01.391"/>
</kw>
<status status="PASS" starttime="20231003 10:28:00.932" endtime="20231003 10:28:01.391"/>
</branch>
<branch type="ELSE">
<kw name="Convert To Integer" library="BuiltIn">
<var>${number}</var>
<arg>${target}</arg>
<doc>Converts the given item to an integer number.</doc>
<status status="NOT RUN" starttime="20231003 10:28:01.393" endtime="20231003 10:28:01.394"/>
</kw>
<kw name="Click" library="Browser">
<arg>xpath=//a[contains(@aria-label, "page ${number}")]</arg>
<tag>PageContent</tag>
<tag>Setter</tag>
<doc>Simulates mouse click on the element found by ``selector``.</doc>
<status status="NOT RUN" starttime="20231003 10:28:01.397" endtime="20231003 10:28:01.397"/>
</kw>
<status status="NOT RUN" starttime="20231003 10:28:01.392" endtime="20231003 10:28:01.398"/>
</branch>
<status status="PASS" starttime="20231003 10:28:00.930" endtime="20231003 10:28:01.398"/>
</if>
<kw name="Wait Until Element Spin" library="common">
<kw name="Sleep" library="BuiltIn">
<arg>${SHOULD_TIMEOUT}</arg>
<doc>Pauses the test executed for the given time.</doc>
<msg timestamp="20231003 10:28:01.500" level="INFO">Slept 100 milliseconds</msg>
<status status="PASS" starttime="20231003 10:28:01.399" endtime="20231003 10:28:01.500"/>
</kw>
<kw name="Set Variable" library="BuiltIn">
<var>${element}</var>
<arg>xpath=//*[contains(@class, "ant-spin-spinning")]</arg>
<doc>Returns the given values which can then be assigned to a variables.</doc>
<msg timestamp="20231003 10:28:01.504" level="INFO">${element} = xpath=//*[contains(@class, "ant-spin-spinning")]</msg>
<status status="PASS" starttime="20231003 10:28:01.501" endtime="20231003 10:28:01.504"/>
</kw>
<kw name="Get Element Count" library="Browser">
<var>${count}</var>
<arg>${element}</arg>
<tag>Assertion</tag>
<tag>Getter</tag>
<tag>PageContent</tag>
<doc>Returns the count of elements found with ``selector``.</doc>
<msg timestamp="20231003 10:28:01.516" level="INFO">${count} = 0</msg>
<status status="PASS" starttime="20231003 10:28:01.507" endtime="20231003 10:28:01.516"/>
</kw>
<if>
<branch type="IF" condition="${count} &gt; 0">
<kw name="Wait Until Page Does Not Contain Element" library="common">
<arg>${element}</arg>
<status status="NOT RUN" starttime="20231003 10:28:01.519" endtime="20231003 10:28:01.521"/>
</kw>
<status status="NOT RUN" starttime="20231003 10:28:01.517" endtime="20231003 10:28:01.523"/>
</branch>
<status status="PASS" starttime="20231003 10:28:01.517" endtime="20231003 10:28:01.525"/>
</if>
<status status="PASS" starttime="20231003 10:28:01.399" endtime="20231003 10:28:01.525"/>
</kw>
<status status="PASS" starttime="20231003 10:28:00.927" endtime="20231003 10:28:01.526"/>
</kw>
<kw name="Get the first account name" library="common">
<var>${nameS}</var>
<kw name="Get Element" library="Browser">
<var>${element}</var>
<arg>//tbody//tr[2]//button[contains(@title,"Chi tiết")]</arg>
<tag>Getter</tag>
<tag>PageContent</tag>
<doc>Returns a reference to a Playwright [https://playwright.dev/docs/api/class-locator|Locator].</doc>
<msg timestamp="20231003 10:28:01.548" level="INFO">Locator found successfully.</msg>
<msg timestamp="20231003 10:28:01.549" level="INFO">${element} = //tbody//tr[2]//button[contains(@title,"Chi tiết")]</msg>
<status status="PASS" starttime="20231003 10:28:01.528" endtime="20231003 10:28:01.549"/>
</kw>
<kw name="Get Text" library="Browser">
<var>${Fname}</var>
<arg>${element}</arg>
<tag>Assertion</tag>
<tag>Getter</tag>
<tag>PageContent</tag>
<doc>Returns text attribute of the element found by ``selector``.</doc>
<msg timestamp="20231003 10:28:01.600" level="INFO">Text: 'tao bang admin1'</msg>
<msg timestamp="20231003 10:28:01.603" level="INFO">${Fname} = tao bang admin1</msg>
<status status="PASS" starttime="20231003 10:28:01.550" endtime="20231003 10:28:01.603"/>
</kw>
<kw name="Get Length" library="BuiltIn">
<var>${cnt}</var>
<arg>${Fname}</arg>
<doc>Returns and logs the length of the given item as an integer.</doc>
<msg timestamp="20231003 10:28:01.607" level="INFO">Length is 15</msg>
<msg timestamp="20231003 10:28:01.609" level="INFO">${cnt} = 15</msg>
<status status="PASS" starttime="20231003 10:28:01.604" endtime="20231003 10:28:01.610"/>
</kw>
<if>
<branch type="IF" condition="${cnt} &gt; 0">
<kw name="Set Variable" library="BuiltIn">
<var>${Fname}</var>
<arg>${Fname}</arg>
<doc>Returns the given values which can then be assigned to a variables.</doc>
<msg timestamp="20231003 10:28:01.612" level="INFO">${Fname} = tao bang admin1</msg>
<status status="PASS" starttime="20231003 10:28:01.611" endtime="20231003 10:28:01.612"/>
</kw>
<status status="PASS" starttime="20231003 10:28:01.610" endtime="20231003 10:28:01.612"/>
</branch>
<status status="PASS" starttime="20231003 10:28:01.610" endtime="20231003 10:28:01.613"/>
</if>
<msg timestamp="20231003 10:28:01.613" level="INFO">${nameS} = tao bang admin1</msg>
<status status="PASS" starttime="20231003 10:28:01.527" endtime="20231003 10:28:01.613"/>
</kw>
<kw name="Should Be Equal" library="BuiltIn">
<arg>${nameS}</arg>
<arg>${name}</arg>
<doc>Fails if the given objects are unequal.</doc>
<status status="PASS" starttime="20231003 10:28:01.613" endtime="20231003 10:28:01.614"/>
</kw>
<kw name="Move to the &quot;previous&quot; page" library="common" sourcename="Move to the &quot;${target}&quot; page">
<kw name="Get Length" library="BuiltIn">
<var>${count}</var>
<arg>${target}</arg>
<doc>Returns and logs the length of the given item as an integer.</doc>
<msg timestamp="20231003 10:28:01.615" level="INFO">Length is 8</msg>
<msg timestamp="20231003 10:28:01.615" level="INFO">${count} = 8</msg>
<status status="PASS" starttime="20231003 10:28:01.615" endtime="20231003 10:28:01.615"/>
</kw>
<if>
<branch type="IF" condition="'${target}' == 'previous'">
<kw name="Click" library="Browser">
<arg>xpath=//*[contains(@class, "las la-angle-left text-xs ng-star-inserted")]</arg>
<tag>PageContent</tag>
<tag>Setter</tag>
<doc>Simulates mouse click on the element found by ``selector``.</doc>
<status status="PASS" starttime="20231003 10:28:01.616" endtime="20231003 10:28:02.056"/>
</kw>
<status status="PASS" starttime="20231003 10:28:01.616" endtime="20231003 10:28:02.057"/>
</branch>
<branch type="ELSE IF" condition="'${target}' == 'next'">
<kw name="Click" library="Browser">
<arg>xpath=//*[contains(@class, "las la-angle-right text-xs ng-star-inserted")]</arg>
<tag>PageContent</tag>
<tag>Setter</tag>
<doc>Simulates mouse click on the element found by ``selector``.</doc>
<status status="NOT RUN" starttime="20231003 10:28:02.057" endtime="20231003 10:28:02.057"/>
</kw>
<status status="NOT RUN" starttime="20231003 10:28:02.057" endtime="20231003 10:28:02.058"/>
</branch>
<branch type="ELSE">
<kw name="Convert To Integer" library="BuiltIn">
<var>${number}</var>
<arg>${target}</arg>
<doc>Converts the given item to an integer number.</doc>
<status status="NOT RUN" starttime="20231003 10:28:02.059" endtime="20231003 10:28:02.059"/>
</kw>
<kw name="Click" library="Browser">
<arg>xpath=//a[contains(@aria-label, "page ${number}")]</arg>
<tag>PageContent</tag>
<tag>Setter</tag>
<doc>Simulates mouse click on the element found by ``selector``.</doc>
<status status="NOT RUN" starttime="20231003 10:28:02.059" endtime="20231003 10:28:02.060"/>
</kw>
<status status="NOT RUN" starttime="20231003 10:28:02.058" endtime="20231003 10:28:02.060"/>
</branch>
<status status="PASS" starttime="20231003 10:28:01.616" endtime="20231003 10:28:02.060"/>
</if>
<kw name="Wait Until Element Spin" library="common">
<kw name="Sleep" library="BuiltIn">
<arg>${SHOULD_TIMEOUT}</arg>
<doc>Pauses the test executed for the given time.</doc>
<msg timestamp="20231003 10:28:02.162" level="INFO">Slept 100 milliseconds</msg>
<status status="PASS" starttime="20231003 10:28:02.061" endtime="20231003 10:28:02.162"/>
</kw>
<kw name="Set Variable" library="BuiltIn">
<var>${element}</var>
<arg>xpath=//*[contains(@class, "ant-spin-spinning")]</arg>
<doc>Returns the given values which can then be assigned to a variables.</doc>
<msg timestamp="20231003 10:28:02.163" level="INFO">${element} = xpath=//*[contains(@class, "ant-spin-spinning")]</msg>
<status status="PASS" starttime="20231003 10:28:02.162" endtime="20231003 10:28:02.163"/>
</kw>
<kw name="Get Element Count" library="Browser">
<var>${count}</var>
<arg>${element}</arg>
<tag>Assertion</tag>
<tag>Getter</tag>
<tag>PageContent</tag>
<doc>Returns the count of elements found with ``selector``.</doc>
<msg timestamp="20231003 10:28:02.173" level="INFO">${count} = 0</msg>
<status status="PASS" starttime="20231003 10:28:02.164" endtime="20231003 10:28:02.174"/>
</kw>
<if>
<branch type="IF" condition="${count} &gt; 0">
<kw name="Wait Until Page Does Not Contain Element" library="common">
<arg>${element}</arg>
<status status="NOT RUN" starttime="20231003 10:28:02.175" endtime="20231003 10:28:02.176"/>
</kw>
<status status="NOT RUN" starttime="20231003 10:28:02.174" endtime="20231003 10:28:02.176"/>
</branch>
<status status="PASS" starttime="20231003 10:28:02.174" endtime="20231003 10:28:02.177"/>
</if>
<status status="PASS" starttime="20231003 10:28:02.061" endtime="20231003 10:28:02.177"/>
</kw>
<status status="PASS" starttime="20231003 10:28:01.614" endtime="20231003 10:28:02.178"/>
</kw>
<status status="PASS" starttime="20231003 10:28:00.228" endtime="20231003 10:28:02.178"/>
</branch>
<branch type="ELSE IF" condition="${current_number} = ${select_number}">
<kw name="Click" library="Browser">
<arg>xpath=//*[contains(@class, 'ant-select-selection-item')]</arg>
<tag>PageContent</tag>
<tag>Setter</tag>
<doc>Simulates mouse click on the element found by ``selector``.</doc>
<status status="NOT RUN" starttime="20231003 10:28:02.180" endtime="20231003 10:28:02.180"/>
</kw>
<kw name="Click" library="Browser">
<arg>xpath=//nz-option-item[${select}]/div[contains(@class,'ant-select-item-option-content')]</arg>
<tag>PageContent</tag>
<tag>Setter</tag>
<doc>Simulates mouse click on the element found by ``selector``.</doc>
<status status="NOT RUN" starttime="20231003 10:28:02.181" endtime="20231003 10:28:02.181"/>
</kw>
<kw name="Wait Until Element Spin" library="common">
<status status="NOT RUN" starttime="20231003 10:28:02.182" endtime="20231003 10:28:02.182"/>
</kw>
<status status="NOT RUN" starttime="20231003 10:28:02.179" endtime="20231003 10:28:02.183"/>
</branch>
<status status="PASS" starttime="20231003 10:28:00.215" endtime="20231003 10:28:02.183"/>
</if>
<status status="PASS" starttime="20231003 10:28:00.214" endtime="20231003 10:28:02.183"/>
</branch>
<branch type="ELSE IF" condition="${amountPage} &lt; 2">
<if>
<branch type="IF" condition="${current_number} &lt;= ${select_number}">
<kw name="Click" library="Browser">
<arg>xpath=//*[contains(@class, 'ant-select-selection-item')]</arg>
<tag>PageContent</tag>
<tag>Setter</tag>
<doc>Simulates mouse click on the element found by ``selector``.</doc>
<status status="NOT RUN" starttime="20231003 10:28:02.186" endtime="20231003 10:28:02.187"/>
</kw>
<kw name="Click" library="Browser">
<arg>xpath=//nz-option-item[${select}]/div[contains(@class,'ant-select-item-option-content')]</arg>
<tag>PageContent</tag>
<tag>Setter</tag>
<doc>Simulates mouse click on the element found by ``selector``.</doc>
<status status="NOT RUN" starttime="20231003 10:28:02.187" endtime="20231003 10:28:02.188"/>
</kw>
<kw name="Wait Until Element Spin" library="common">
<status status="NOT RUN" starttime="20231003 10:28:02.189" endtime="20231003 10:28:02.189"/>
</kw>
<status status="NOT RUN" starttime="20231003 10:28:02.186" endtime="20231003 10:28:02.189"/>
</branch>
<branch type="ELSE IF" condition="${current_number} &gt; ${select_number}">
<kw name="Count the number account in list" library="common">
<var>${account_number}</var>
<status status="NOT RUN" starttime="20231003 10:28:02.191" endtime="20231003 10:28:02.191"/>
</kw>
<if>
<branch type="IF" condition="${account_number} &gt; ${select_number}">
<kw name="Evaluate" library="BuiltIn">
<var>${ordinal_before}</var>
<arg>${select_number} + 2</arg>
<doc>Evaluates the given expression in Python and returns the result.</doc>
<status status="NOT RUN" starttime="20231003 10:28:02.192" endtime="20231003 10:28:02.193"/>
</kw>
<kw name="Get Text" library="Browser">
<var>${name}</var>
<arg>//tbody//tr[${ordinal_before}]//button[contains(@title,"Chi tiết")]</arg>
<tag>Assertion</tag>
<tag>Getter</tag>
<tag>PageContent</tag>
<doc>Returns text attribute of the element found by ``selector``.</doc>
<status status="NOT RUN" starttime="20231003 10:28:02.194" endtime="20231003 10:28:02.194"/>
</kw>
<kw name="Click" library="Browser">
<arg>xpath=//*[contains(@class, 'ant-select-selection-item')]</arg>
<tag>PageContent</tag>
<tag>Setter</tag>
<doc>Simulates mouse click on the element found by ``selector``.</doc>
<status status="NOT RUN" starttime="20231003 10:28:02.195" endtime="20231003 10:28:02.196"/>
</kw>
<kw name="Click" library="Browser">
<arg>xpath=//nz-option-item[${select}]/div[contains(@class,'ant-select-item-option-content')]</arg>
<tag>PageContent</tag>
<tag>Setter</tag>
<doc>Simulates mouse click on the element found by ``selector``.</doc>
<status status="NOT RUN" starttime="20231003 10:28:02.197" endtime="20231003 10:28:02.197"/>
</kw>
<kw name="Wait Until Element Spin" library="common">
<status status="NOT RUN" starttime="20231003 10:28:02.198" endtime="20231003 10:28:02.198"/>
</kw>
<kw name="Move to the &quot;next&quot; page" library="common" sourcename="Move to the &quot;${target}&quot; page">
<status status="NOT RUN" starttime="20231003 10:28:02.199" endtime="20231003 10:28:02.199"/>
</kw>
<kw name="Get the first account name" library="common">
<var>${nameS}</var>
<status status="NOT RUN" starttime="20231003 10:28:02.199" endtime="20231003 10:28:02.200"/>
</kw>
<kw name="Should Be Equal" library="BuiltIn">
<arg>${nameS}</arg>
<arg>${name}</arg>
<doc>Fails if the given objects are unequal.</doc>
<status status="NOT RUN" starttime="20231003 10:28:02.202" endtime="20231003 10:28:02.203"/>
</kw>
<kw name="Move to the &quot;previous&quot; page" library="common" sourcename="Move to the &quot;${target}&quot; page">
<status status="NOT RUN" starttime="20231003 10:28:02.204" endtime="20231003 10:28:02.205"/>
</kw>
<status status="NOT RUN" starttime="20231003 10:28:02.192" endtime="20231003 10:28:02.212"/>
</branch>
<branch type="ELSE IF" condition="${account_number} &lt;= ${select_number}">
<kw name="Click" library="Browser">
<arg>xpath=//*[contains(@class, 'ant-select-selection-item')]</arg>
<tag>PageContent</tag>
<tag>Setter</tag>
<doc>Simulates mouse click on the element found by ``selector``.</doc>
<status status="NOT RUN" starttime="20231003 10:28:02.214" endtime="20231003 10:28:02.214"/>
</kw>
<kw name="Click" library="Browser">
<arg>xpath=//nz-option-item[${select}]/div[contains(@class,'ant-select-item-option-content')]</arg>
<tag>PageContent</tag>
<tag>Setter</tag>
<doc>Simulates mouse click on the element found by ``selector``.</doc>
<status status="NOT RUN" starttime="20231003 10:28:02.215" endtime="20231003 10:28:02.215"/>
</kw>
<kw name="Wait Until Element Spin" library="common">
<status status="NOT RUN" starttime="20231003 10:28:02.216" endtime="20231003 10:28:02.216"/>
</kw>
<status status="NOT RUN" starttime="20231003 10:28:02.213" endtime="20231003 10:28:02.218"/>
</branch>
<status status="NOT RUN" starttime="20231003 10:28:02.191" endtime="20231003 10:28:02.219"/>
</if>
<status status="NOT RUN" starttime="20231003 10:28:02.190" endtime="20231003 10:28:02.220"/>
</branch>
<status status="NOT RUN" starttime="20231003 10:28:02.185" endtime="20231003 10:28:02.220"/>
</if>
<status status="NOT RUN" starttime="20231003 10:28:02.185" endtime="20231003 10:28:02.220"/>
</branch>
<status status="PASS" starttime="20231003 10:28:00.214" endtime="20231003 10:28:02.221"/>
</if>
<status status="PASS" starttime="20231003 10:27:59.474" endtime="20231003 10:28:02.221"/>
</kw>
<kw name="Tear Down" library="common" type="TEARDOWN">
<kw name="Close Browser" library="Browser">
<arg>ALL</arg>
<tag>BrowserControl</tag>
<tag>Setter</tag>
<doc>Closes the current browser.</doc>
<msg timestamp="20231003 10:28:02.954" level="INFO">Closed all browsers</msg>
<status status="PASS" starttime="20231003 10:28:02.229" endtime="20231003 10:28:02.954"/>
</kw>
<status status="PASS" starttime="20231003 10:28:02.228" endtime="20231003 10:28:02.955"/>
</kw>
<tag>MainPage</tag>
<tag>Smoketest</tag>
<tag>UI</tag>
<status status="PASS" starttime="20231003 10:27:33.485" endtime="20231003 10:28:02.957"/>
</test>
<status status="PASS" starttime="20231003 10:27:31.348" endtime="20231003 10:28:02.968"/>
</suite>
<statistics>
<total>
<stat pass="1" fail="0" skip="0">All Tests</stat>
</total>
<tag>
<stat pass="1" fail="0" skip="0">MainPage</stat>
<stat pass="1" fail="0" skip="0">Smoketest</stat>
<stat pass="1" fail="0" skip="0">UI</stat>
</tag>
<suite>
<stat pass="1" fail="0" skip="0" id="s1" name="Customer Account">Customer Account</stat>
</suite>
</statistics>
<errors>
</errors>
</robot>
