<?xml version="1.0" encoding="UTF-8"?>
<robot generator="Robot 6.1.1 (Python 3.11.4 on win32)" generated="20231002 22:54:15.373" rpa="false" schemaversion="4">
<suite id="s1" name="Customer Account" source="d:\Intern test\Automation\Auto_Web\testcases\customer_account.robot">
<test id="s1-t1" name="CA_02 Verify the function changing the number of accounts show in each list" line="26">
<kw name="Setup" library="common" type="SETUP">
<kw name="Set Browser Timeout" library="Browser">
<arg>${BROWSER_TIMEOUT}</arg>
<tag>Config</tag>
<tag>Setter</tag>
<doc>Sets the timeout used by most input and getter keywords.</doc>
<status status="PASS" starttime="20231002 22:54:17.791" endtime="20231002 22:54:17.804"/>
</kw>
<kw name="New Browser" library="Browser">
<arg>${BROWSER}</arg>
<arg>headless=${HEADLESS}</arg>
<tag>BrowserControl</tag>
<tag>Setter</tag>
<doc>Create a new playwright Browser with specified options.</doc>
<msg timestamp="20231002 22:54:17.807" level="INFO">{"browser": "chromium", "headless": false, "chromiumSandbox": false, "devtools": false, "handleSIGHUP": true, "handleSIGINT": true, "handleSIGTERM": true, "ignoreDefaultArgs": false, "slowMo": 0.0, "timeout": 30000.0, "tracesDir": "D:\\Intern test\\Automation\\Auto_Web\\browser\\traces\\b87e5bdd-8c02-439b-9d9f-2128fbb0d43e"}</msg>
<msg timestamp="20231002 22:54:18.946" level="INFO">Successfully created browser with options: {"browser":"chromium","headless":false,"chromiumSandbox":false,"devtools":false,"handleSIGHUP":true,"handleSIGINT":true,"handleSIGTERM":true,"ignoreDefaultArgs":false,"slowMo":0,"timeout":30000,"tracesDir":"D:\\Intern test\\Automation\\Auto_Web\\browser\\traces\\b87e5bdd-8c02-439b-9d9f-2128fbb0d43e"}</msg>
<status status="PASS" starttime="20231002 22:54:17.805" endtime="20231002 22:54:18.947"/>
</kw>
<kw name="New Page" library="Browser">
<arg>${URL_DEFAULT}</arg>
<tag>BrowserControl</tag>
<tag>Setter</tag>
<doc>Open a new Page.</doc>
<msg timestamp="20231002 22:54:23.296" level="INFO">Successfully initialized new page object and opened url: http://dev1.geneat.vn:7802/vn</msg>
<msg timestamp="20231002 22:54:23.298" level="INFO">No context was open. New context was automatically opened when this page is created.</msg>
<status status="PASS" starttime="20231002 22:54:18.948" endtime="20231002 22:54:23.299"/>
</kw>
<kw name="Evaluate" library="BuiltIn">
<var>${STATE}</var>
<arg>json.loads('''{}''')</arg>
<arg>json</arg>
<doc>Evaluates the given expression in Python and returns the result.</doc>
<msg timestamp="20231002 22:54:23.301" level="INFO">${STATE} = {}</msg>
<status status="PASS" starttime="20231002 22:54:23.300" endtime="20231002 22:54:23.302"/>
</kw>
<status status="PASS" starttime="20231002 22:54:17.789" endtime="20231002 22:54:23.302"/>
</kw>
<kw name="Go to &quot;Customer Account&quot; page" sourcename="Go to &quot;${page}&quot; page">
<kw name="Login to admin" library="common">
<kw name="Enter &quot;email&quot; in &quot;Email&quot; with &quot;admin@gmail.com&quot;" library="common" sourcename="Enter &quot;${type}&quot; in &quot;${name}&quot; with &quot;${text}&quot;">
<kw name="Get Random Text" library="common">
<var>${text}</var>
<arg>${type}</arg>
<arg>${text}</arg>
<kw name="Set Variable" library="BuiltIn">
<var>${symbol}</var>
<arg>_RANDOM_</arg>
<doc>Returns the given values which can then be assigned to a variables.</doc>
<msg timestamp="20231002 22:54:23.352" level="INFO">${symbol} = _RANDOM_</msg>
<status status="PASS" starttime="20231002 22:54:23.351" endtime="20231002 22:54:23.353"/>
</kw>
<kw name="Set Variable" library="BuiltIn">
<var>${new_text}</var>
<doc>Returns the given values which can then be assigned to a variables.</doc>
<msg timestamp="20231002 22:54:23.355" level="INFO">${new_text} = </msg>
<status status="PASS" starttime="20231002 22:54:23.354" endtime="20231002 22:54:23.355"/>
</kw>
<kw name="Get Regexp Matches" library="String">
<var>${containsS}</var>
<arg>${text}</arg>
<arg>_@(.+)@_</arg>
<arg>1</arg>
<doc>Returns a list of all non-overlapping matches in the given string.</doc>
<msg timestamp="20231002 22:54:23.357" level="INFO">${containsS} = []</msg>
<status status="PASS" starttime="20231002 22:54:23.356" endtime="20231002 22:54:23.358"/>
</kw>
<kw name="Get Length" library="BuiltIn">
<var>${cntS}</var>
<arg>${containsS}</arg>
<doc>Returns and logs the length of the given item as an integer.</doc>
<msg timestamp="20231002 22:54:23.359" level="INFO">Length is 0</msg>
<msg timestamp="20231002 22:54:23.360" level="INFO">${cntS} = 0</msg>
<status status="PASS" starttime="20231002 22:54:23.359" endtime="20231002 22:54:23.360"/>
</kw>
<kw name="Get Regexp Matches" library="String">
<var>${contains}</var>
<arg>${text}</arg>
<arg>${symbol}</arg>
<doc>Returns a list of all non-overlapping matches in the given string.</doc>
<msg timestamp="20231002 22:54:23.364" level="INFO">${contains} = []</msg>
<status status="PASS" starttime="20231002 22:54:23.361" endtime="20231002 22:54:23.365"/>
</kw>
<kw name="Get Length" library="BuiltIn">
<var>${cnt}</var>
<arg>${contains}</arg>
<doc>Returns and logs the length of the given item as an integer.</doc>
<msg timestamp="20231002 22:54:23.367" level="INFO">Length is 0</msg>
<msg timestamp="20231002 22:54:23.370" level="INFO">${cnt} = 0</msg>
<status status="PASS" starttime="20231002 22:54:23.366" endtime="20231002 22:54:23.371"/>
</kw>
<if>
<branch type="IF" condition="${cntS} &gt; 0">
<kw name="Set Variable" library="BuiltIn">
<var>${new_text}</var>
<arg>${STATE["${containsS[0]}"]}</arg>
<doc>Returns the given values which can then be assigned to a variables.</doc>
<status status="NOT RUN" starttime="20231002 22:54:23.376" endtime="20231002 22:54:23.376"/>
</kw>
<kw name="Set Variable" library="BuiltIn">
<var>${symbol}</var>
<arg>_@${containsS[0]}@_</arg>
<doc>Returns the given values which can then be assigned to a variables.</doc>
<status status="NOT RUN" starttime="20231002 22:54:23.377" endtime="20231002 22:54:23.378"/>
</kw>
<status status="NOT RUN" starttime="20231002 22:54:23.375" endtime="20231002 22:54:23.378"/>
</branch>
<branch type="ELSE IF" condition="${cnt} &gt; 0 and '${type}' == 'test name'">
<kw name="Sentence" library="FakerLibrary">
<var>${random}</var>
<arg>nb_words=3</arg>
<doc>Generate a sentence.</doc>
<status status="NOT RUN" starttime="20231002 22:54:23.387" endtime="20231002 22:54:23.388"/>
</kw>
<kw name="Split String" library="String">
<var>${words}</var>
<arg>${TEST NAME}</arg>
<arg>${SPACE}</arg>
<doc>Splits the ``string`` using ``separator`` as a delimiter string.</doc>
<status status="NOT RUN" starttime="20231002 22:54:23.388" endtime="20231002 22:54:23.389"/>
</kw>
<kw name="Set Variable" library="BuiltIn">
<var>${new_text}</var>
<arg>${words[0]} ${random}</arg>
<doc>Returns the given values which can then be assigned to a variables.</doc>
<status status="NOT RUN" starttime="20231002 22:54:23.395" endtime="20231002 22:54:23.401"/>
</kw>
<status status="NOT RUN" starttime="20231002 22:54:23.379" endtime="20231002 22:54:23.401"/>
</branch>
<branch type="ELSE IF" condition="${cnt} &gt; 0 and '${type}' == 'number'">
<kw name="Random Int" library="FakerLibrary">
<var>${new_text}</var>
<doc>Generate a random integer between two integers ``min`` and ``max`` inclusive
while observing the provided ``step`` value.</doc>
<status status="NOT RUN" starttime="20231002 22:54:23.410" endtime="20231002 22:54:23.411"/>
</kw>
<kw name="Convert To String" library="BuiltIn">
<var>${new_text}</var>
<arg>${new_text}</arg>
<doc>Converts the given item to a Unicode string.</doc>
<status status="NOT RUN" starttime="20231002 22:54:23.423" endtime="20231002 22:54:23.425"/>
</kw>
<status status="NOT RUN" starttime="20231002 22:54:23.409" endtime="20231002 22:54:23.427"/>
</branch>
<branch type="ELSE IF" condition="${cnt} &gt; 0 and '${type}' == 'percentage'">
<kw name="Random Int" library="FakerLibrary">
<var>${new_text}</var>
<arg>max=100</arg>
<doc>Generate a random integer between two integers ``min`` and ``max`` inclusive
while observing the provided ``step`` value.</doc>
<status status="NOT RUN" starttime="20231002 22:54:23.439" endtime="20231002 22:54:23.439"/>
</kw>
<kw name="Convert To String" library="BuiltIn">
<var>${new_text}</var>
<arg>${new_text}</arg>
<doc>Converts the given item to a Unicode string.</doc>
<status status="NOT RUN" starttime="20231002 22:54:23.440" endtime="20231002 22:54:23.440"/>
</kw>
<status status="NOT RUN" starttime="20231002 22:54:23.438" endtime="20231002 22:54:23.441"/>
</branch>
<branch type="ELSE IF" condition="${cnt} &gt; 0 and '${type}' == 'paragraph'">
<kw name="Paragraph" library="FakerLibrary">
<var>${new_text}</var>
<doc>Generate a paragraph.</doc>
<status status="NOT RUN" starttime="20231002 22:54:23.442" endtime="20231002 22:54:23.443"/>
</kw>
<status status="NOT RUN" starttime="20231002 22:54:23.441" endtime="20231002 22:54:23.443"/>
</branch>
<branch type="ELSE IF" condition="${cnt} &gt; 0 and '${type}' == 'email'">
<kw name="Email" library="FakerLibrary">
<var>${new_text}</var>
<status status="NOT RUN" starttime="20231002 22:54:23.445" endtime="20231002 22:54:23.445"/>
</kw>
<status status="NOT RUN" starttime="20231002 22:54:23.444" endtime="20231002 22:54:23.449"/>
</branch>
<branch type="ELSE IF" condition="${cnt} &gt; 0 and '${type}' == 'phone'">
<kw name="Random Int" library="FakerLibrary">
<var>${new_text}</var>
<arg>min=200000000</arg>
<arg>max=999999999</arg>
<doc>Generate a random integer between two integers ``min`` and ``max`` inclusive
while observing the provided ``step`` value.</doc>
<status status="NOT RUN" starttime="20231002 22:54:23.451" endtime="20231002 22:54:23.452"/>
</kw>
<kw name="Convert To String" library="BuiltIn">
<var>${new_text}</var>
<arg>${new_text}</arg>
<doc>Converts the given item to a Unicode string.</doc>
<status status="NOT RUN" starttime="20231002 22:54:23.453" endtime="20231002 22:54:23.454"/>
</kw>
<kw name="Catenate" library="BuiltIn">
<var>${new_text}</var>
<arg>SEPARATOR=</arg>
<arg>0</arg>
<arg>${new_text}</arg>
<doc>Catenates the given items together and returns the resulted string.</doc>
<status status="NOT RUN" starttime="20231002 22:54:23.455" endtime="20231002 22:54:23.456"/>
</kw>
<status status="NOT RUN" starttime="20231002 22:54:23.450" endtime="20231002 22:54:23.456"/>
</branch>
<branch type="ELSE IF" condition="${cnt} &gt; 0 and '${type}' == 'color'">
<kw name="Safe Hex Color" library="FakerLibrary">
<var>${new_text}</var>
<doc>Generate a web-safe color formatted as a hex triplet.</doc>
<status status="NOT RUN" starttime="20231002 22:54:23.458" endtime="20231002 22:54:23.458"/>
</kw>
<status status="NOT RUN" starttime="20231002 22:54:23.457" endtime="20231002 22:54:23.459"/>
</branch>
<branch type="ELSE IF" condition="${cnt} &gt; 0 and &quot;${type}&quot; == 'password'">
<kw name="Password" library="FakerLibrary">
<var>${new_text}</var>
<arg>10</arg>
<arg>True</arg>
<arg>True</arg>
<arg>True</arg>
<arg>True</arg>
<doc>Generate a random password of the specified ``length``.</doc>
<status status="NOT RUN" starttime="20231002 22:54:23.460" endtime="20231002 22:54:23.461"/>
</kw>
<status status="NOT RUN" starttime="20231002 22:54:23.459" endtime="20231002 22:54:23.462"/>
</branch>
<branch type="ELSE IF" condition="${cnt} &gt; 0 and '${type}' == 'date'">
<kw name="Date" library="FakerLibrary">
<var>${new_text}</var>
<arg>pattern=%d-%m-%Y</arg>
<doc>Get a date string between January 1, 1970 and now.</doc>
<status status="NOT RUN" starttime="20231002 22:54:23.466" endtime="20231002 22:54:23.466"/>
</kw>
<status status="NOT RUN" starttime="20231002 22:54:23.462" endtime="20231002 22:54:23.467"/>
</branch>
<branch type="ELSE IF" condition="${cnt} &gt; 0 and '${type}' == 'word'">
<kw name="Sentence" library="FakerLibrary">
<var>${new_text}</var>
<arg>nb_words=2</arg>
<doc>Generate a sentence.</doc>
<status status="NOT RUN" starttime="20231002 22:54:23.470" endtime="20231002 22:54:23.471"/>
</kw>
<status status="NOT RUN" starttime="20231002 22:54:23.467" endtime="20231002 22:54:23.472"/>
</branch>
<branch type="ELSE IF" condition="${cnt} &gt; 0">
<kw name="Sentence" library="FakerLibrary">
<var>${new_text}</var>
<doc>Generate a sentence.</doc>
<status status="NOT RUN" starttime="20231002 22:54:23.474" endtime="20231002 22:54:23.475"/>
</kw>
<status status="NOT RUN" starttime="20231002 22:54:23.473" endtime="20231002 22:54:23.476"/>
</branch>
<status status="PASS" starttime="20231002 22:54:23.374" endtime="20231002 22:54:23.476"/>
</if>
<kw name="Get Length" library="BuiltIn">
<var>${cnt}</var>
<arg>${text}</arg>
<doc>Returns and logs the length of the given item as an integer.</doc>
<msg timestamp="20231002 22:54:23.478" level="INFO">Length is 15</msg>
<msg timestamp="20231002 22:54:23.479" level="INFO">${cnt} = 15</msg>
<status status="PASS" starttime="20231002 22:54:23.477" endtime="20231002 22:54:23.493"/>
</kw>
<if>
<branch type="IF" condition="${cnt} &gt; 0">
<kw name="Replace String" library="String">
<var>${text}</var>
<arg>${text}</arg>
<arg>${symbol}</arg>
<arg>${new_text}</arg>
<doc>Replaces ``search_for`` in the given ``string`` with ``replace_with``.</doc>
<msg timestamp="20231002 22:54:23.499" level="INFO">${text} = admin@gmail.com</msg>
<status status="PASS" starttime="20231002 22:54:23.496" endtime="20231002 22:54:23.500"/>
</kw>
<status status="PASS" starttime="20231002 22:54:23.494" endtime="20231002 22:54:23.500"/>
</branch>
<status status="PASS" starttime="20231002 22:54:23.494" endtime="20231002 22:54:23.501"/>
</if>
<msg timestamp="20231002 22:54:23.501" level="INFO">${text} = admin@gmail.com</msg>
<status status="PASS" starttime="20231002 22:54:23.348" endtime="20231002 22:54:23.502"/>
</kw>
<kw name="Get Element Form Item By Name" library="common">
<var>${element}</var>
<arg>${name}</arg>
<arg>//input[contains(@class, "ant-input")]</arg>
<msg timestamp="20231002 22:54:23.503" level="INFO">${element} = xpath=//*[contains(@class, "ant-form-item-label")]/label[text()="Email"]/../../*[contains(@class, "ant-form-item")]//input[contains(@class, "ant-input")]</msg>
<status status="PASS" starttime="20231002 22:54:23.502" endtime="20231002 22:54:23.504"/>
</kw>
<kw name="Clear Text" library="Browser">
<arg>${element}</arg>
<tag>PageContent</tag>
<tag>Setter</tag>
<doc>Clears the text field found by ``selector``.</doc>
<status status="PASS" starttime="20231002 22:54:23.504" endtime="20231002 22:54:23.728"/>
</kw>
<kw name="Fill Text" library="Browser">
<arg>${element}</arg>
<arg>${text}</arg>
<arg>True</arg>
<tag>PageContent</tag>
<tag>Setter</tag>
<doc>Clears and fills the given ``txt`` into the text field found by ``selector``.</doc>
<msg timestamp="20231002 22:54:23.739" level="INFO">Fills the text 'admin@gmail.com' in the given field.</msg>
<status status="PASS" starttime="20231002 22:54:23.736" endtime="20231002 22:54:23.809"/>
</kw>
<kw name="Get Length" library="BuiltIn">
<var>${cnt}</var>
<arg>${text}</arg>
<doc>Returns and logs the length of the given item as an integer.</doc>
<msg timestamp="20231002 22:54:23.811" level="INFO">Length is 15</msg>
<msg timestamp="20231002 22:54:23.812" level="INFO">${cnt} = 15</msg>
<status status="PASS" starttime="20231002 22:54:23.810" endtime="20231002 22:54:23.812"/>
</kw>
<if>
<branch type="IF" condition="${cnt} &gt; 0">
<kw name="Set Global Variable" library="BuiltIn">
<arg>${STATE["${name}"]}</arg>
<arg>${text}</arg>
<doc>Makes a variable available globally in all tests and suites.</doc>
<msg timestamp="20231002 22:54:23.819" level="INFO">${STATE["Email"]} = admin@gmail.com</msg>
<status status="PASS" starttime="20231002 22:54:23.817" endtime="20231002 22:54:23.819"/>
</kw>
<status status="PASS" starttime="20231002 22:54:23.813" endtime="20231002 22:54:23.820"/>
</branch>
<status status="PASS" starttime="20231002 22:54:23.812" endtime="20231002 22:54:23.820"/>
</if>
<status status="PASS" starttime="20231002 22:54:23.345" endtime="20231002 22:54:23.821"/>
</kw>
<kw name="Enter &quot;text&quot; in &quot;Mật khẩu&quot; with &quot;123123&quot;" library="common" sourcename="Enter &quot;${type}&quot; in &quot;${name}&quot; with &quot;${text}&quot;">
<kw name="Get Random Text" library="common">
<var>${text}</var>
<arg>${type}</arg>
<arg>${text}</arg>
<kw name="Set Variable" library="BuiltIn">
<var>${symbol}</var>
<arg>_RANDOM_</arg>
<doc>Returns the given values which can then be assigned to a variables.</doc>
<msg timestamp="20231002 22:54:23.827" level="INFO">${symbol} = _RANDOM_</msg>
<status status="PASS" starttime="20231002 22:54:23.825" endtime="20231002 22:54:23.827"/>
</kw>
<kw name="Set Variable" library="BuiltIn">
<var>${new_text}</var>
<doc>Returns the given values which can then be assigned to a variables.</doc>
<msg timestamp="20231002 22:54:23.829" level="INFO">${new_text} = </msg>
<status status="PASS" starttime="20231002 22:54:23.828" endtime="20231002 22:54:23.829"/>
</kw>
<kw name="Get Regexp Matches" library="String">
<var>${containsS}</var>
<arg>${text}</arg>
<arg>_@(.+)@_</arg>
<arg>1</arg>
<doc>Returns a list of all non-overlapping matches in the given string.</doc>
<msg timestamp="20231002 22:54:23.836" level="INFO">${containsS} = []</msg>
<status status="PASS" starttime="20231002 22:54:23.833" endtime="20231002 22:54:23.837"/>
</kw>
<kw name="Get Length" library="BuiltIn">
<var>${cntS}</var>
<arg>${containsS}</arg>
<doc>Returns and logs the length of the given item as an integer.</doc>
<msg timestamp="20231002 22:54:23.839" level="INFO">Length is 0</msg>
<msg timestamp="20231002 22:54:23.839" level="INFO">${cntS} = 0</msg>
<status status="PASS" starttime="20231002 22:54:23.837" endtime="20231002 22:54:23.839"/>
</kw>
<kw name="Get Regexp Matches" library="String">
<var>${contains}</var>
<arg>${text}</arg>
<arg>${symbol}</arg>
<doc>Returns a list of all non-overlapping matches in the given string.</doc>
<msg timestamp="20231002 22:54:23.841" level="INFO">${contains} = []</msg>
<status status="PASS" starttime="20231002 22:54:23.840" endtime="20231002 22:54:23.842"/>
</kw>
<kw name="Get Length" library="BuiltIn">
<var>${cnt}</var>
<arg>${contains}</arg>
<doc>Returns and logs the length of the given item as an integer.</doc>
<msg timestamp="20231002 22:54:23.843" level="INFO">Length is 0</msg>
<msg timestamp="20231002 22:54:23.844" level="INFO">${cnt} = 0</msg>
<status status="PASS" starttime="20231002 22:54:23.842" endtime="20231002 22:54:23.844"/>
</kw>
<if>
<branch type="IF" condition="${cntS} &gt; 0">
<kw name="Set Variable" library="BuiltIn">
<var>${new_text}</var>
<arg>${STATE["${containsS[0]}"]}</arg>
<doc>Returns the given values which can then be assigned to a variables.</doc>
<status status="NOT RUN" starttime="20231002 22:54:23.846" endtime="20231002 22:54:23.850"/>
</kw>
<kw name="Set Variable" library="BuiltIn">
<var>${symbol}</var>
<arg>_@${containsS[0]}@_</arg>
<doc>Returns the given values which can then be assigned to a variables.</doc>
<status status="NOT RUN" starttime="20231002 22:54:23.853" endtime="20231002 22:54:23.853"/>
</kw>
<status status="NOT RUN" starttime="20231002 22:54:23.845" endtime="20231002 22:54:23.853"/>
</branch>
<branch type="ELSE IF" condition="${cnt} &gt; 0 and '${type}' == 'test name'">
<kw name="Sentence" library="FakerLibrary">
<var>${random}</var>
<arg>nb_words=3</arg>
<doc>Generate a sentence.</doc>
<status status="NOT RUN" starttime="20231002 22:54:23.856" endtime="20231002 22:54:23.856"/>
</kw>
<kw name="Split String" library="String">
<var>${words}</var>
<arg>${TEST NAME}</arg>
<arg>${SPACE}</arg>
<doc>Splits the ``string`` using ``separator`` as a delimiter string.</doc>
<status status="NOT RUN" starttime="20231002 22:54:23.857" endtime="20231002 22:54:23.858"/>
</kw>
<kw name="Set Variable" library="BuiltIn">
<var>${new_text}</var>
<arg>${words[0]} ${random}</arg>
<doc>Returns the given values which can then be assigned to a variables.</doc>
<status status="NOT RUN" starttime="20231002 22:54:23.858" endtime="20231002 22:54:23.859"/>
</kw>
<status status="NOT RUN" starttime="20231002 22:54:23.854" endtime="20231002 22:54:23.859"/>
</branch>
<branch type="ELSE IF" condition="${cnt} &gt; 0 and '${type}' == 'number'">
<kw name="Random Int" library="FakerLibrary">
<var>${new_text}</var>
<doc>Generate a random integer between two integers ``min`` and ``max`` inclusive
while observing the provided ``step`` value.</doc>
<status status="NOT RUN" starttime="20231002 22:54:23.861" endtime="20231002 22:54:23.861"/>
</kw>
<kw name="Convert To String" library="BuiltIn">
<var>${new_text}</var>
<arg>${new_text}</arg>
<doc>Converts the given item to a Unicode string.</doc>
<status status="NOT RUN" starttime="20231002 22:54:23.862" endtime="20231002 22:54:23.863"/>
</kw>
<status status="NOT RUN" starttime="20231002 22:54:23.860" endtime="20231002 22:54:23.868"/>
</branch>
<branch type="ELSE IF" condition="${cnt} &gt; 0 and '${type}' == 'percentage'">
<kw name="Random Int" library="FakerLibrary">
<var>${new_text}</var>
<arg>max=100</arg>
<doc>Generate a random integer between two integers ``min`` and ``max`` inclusive
while observing the provided ``step`` value.</doc>
<status status="NOT RUN" starttime="20231002 22:54:23.871" endtime="20231002 22:54:23.872"/>
</kw>
<kw name="Convert To String" library="BuiltIn">
<var>${new_text}</var>
<arg>${new_text}</arg>
<doc>Converts the given item to a Unicode string.</doc>
<status status="NOT RUN" starttime="20231002 22:54:23.873" endtime="20231002 22:54:23.874"/>
</kw>
<status status="NOT RUN" starttime="20231002 22:54:23.868" endtime="20231002 22:54:23.875"/>
</branch>
<branch type="ELSE IF" condition="${cnt} &gt; 0 and '${type}' == 'paragraph'">
<kw name="Paragraph" library="FakerLibrary">
<var>${new_text}</var>
<doc>Generate a paragraph.</doc>
<status status="NOT RUN" starttime="20231002 22:54:23.877" endtime="20231002 22:54:23.877"/>
</kw>
<status status="NOT RUN" starttime="20231002 22:54:23.876" endtime="20231002 22:54:23.878"/>
</branch>
<branch type="ELSE IF" condition="${cnt} &gt; 0 and '${type}' == 'email'">
<kw name="Email" library="FakerLibrary">
<var>${new_text}</var>
<status status="NOT RUN" starttime="20231002 22:54:23.887" endtime="20231002 22:54:23.887"/>
</kw>
<status status="NOT RUN" starttime="20231002 22:54:23.879" endtime="20231002 22:54:23.888"/>
</branch>
<branch type="ELSE IF" condition="${cnt} &gt; 0 and '${type}' == 'phone'">
<kw name="Random Int" library="FakerLibrary">
<var>${new_text}</var>
<arg>min=200000000</arg>
<arg>max=999999999</arg>
<doc>Generate a random integer between two integers ``min`` and ``max`` inclusive
while observing the provided ``step`` value.</doc>
<status status="NOT RUN" starttime="20231002 22:54:23.890" endtime="20231002 22:54:23.891"/>
</kw>
<kw name="Convert To String" library="BuiltIn">
<var>${new_text}</var>
<arg>${new_text}</arg>
<doc>Converts the given item to a Unicode string.</doc>
<status status="NOT RUN" starttime="20231002 22:54:23.892" endtime="20231002 22:54:23.892"/>
</kw>
<kw name="Catenate" library="BuiltIn">
<var>${new_text}</var>
<arg>SEPARATOR=</arg>
<arg>0</arg>
<arg>${new_text}</arg>
<doc>Catenates the given items together and returns the resulted string.</doc>
<status status="NOT RUN" starttime="20231002 22:54:23.893" endtime="20231002 22:54:23.894"/>
</kw>
<status status="NOT RUN" starttime="20231002 22:54:23.889" endtime="20231002 22:54:23.894"/>
</branch>
<branch type="ELSE IF" condition="${cnt} &gt; 0 and '${type}' == 'color'">
<kw name="Safe Hex Color" library="FakerLibrary">
<var>${new_text}</var>
<doc>Generate a web-safe color formatted as a hex triplet.</doc>
<status status="NOT RUN" starttime="20231002 22:54:23.896" endtime="20231002 22:54:23.902"/>
</kw>
<status status="NOT RUN" starttime="20231002 22:54:23.895" endtime="20231002 22:54:23.902"/>
</branch>
<branch type="ELSE IF" condition="${cnt} &gt; 0 and &quot;${type}&quot; == 'password'">
<kw name="Password" library="FakerLibrary">
<var>${new_text}</var>
<arg>10</arg>
<arg>True</arg>
<arg>True</arg>
<arg>True</arg>
<arg>True</arg>
<doc>Generate a random password of the specified ``length``.</doc>
<status status="NOT RUN" starttime="20231002 22:54:23.904" endtime="20231002 22:54:23.905"/>
</kw>
<status status="NOT RUN" starttime="20231002 22:54:23.903" endtime="20231002 22:54:23.905"/>
</branch>
<branch type="ELSE IF" condition="${cnt} &gt; 0 and '${type}' == 'date'">
<kw name="Date" library="FakerLibrary">
<var>${new_text}</var>
<arg>pattern=%d-%m-%Y</arg>
<doc>Get a date string between January 1, 1970 and now.</doc>
<status status="NOT RUN" starttime="20231002 22:54:23.907" endtime="20231002 22:54:23.907"/>
</kw>
<status status="NOT RUN" starttime="20231002 22:54:23.906" endtime="20231002 22:54:23.908"/>
</branch>
<branch type="ELSE IF" condition="${cnt} &gt; 0 and '${type}' == 'word'">
<kw name="Sentence" library="FakerLibrary">
<var>${new_text}</var>
<arg>nb_words=2</arg>
<doc>Generate a sentence.</doc>
<status status="NOT RUN" starttime="20231002 22:54:23.909" endtime="20231002 22:54:23.910"/>
</kw>
<status status="NOT RUN" starttime="20231002 22:54:23.908" endtime="20231002 22:54:23.910"/>
</branch>
<branch type="ELSE IF" condition="${cnt} &gt; 0">
<kw name="Sentence" library="FakerLibrary">
<var>${new_text}</var>
<doc>Generate a sentence.</doc>
<status status="NOT RUN" starttime="20231002 22:54:23.911" endtime="20231002 22:54:23.912"/>
</kw>
<status status="NOT RUN" starttime="20231002 22:54:23.911" endtime="20231002 22:54:23.912"/>
</branch>
<status status="PASS" starttime="20231002 22:54:23.844" endtime="20231002 22:54:23.918"/>
</if>
<kw name="Get Length" library="BuiltIn">
<var>${cnt}</var>
<arg>${text}</arg>
<doc>Returns and logs the length of the given item as an integer.</doc>
<msg timestamp="20231002 22:54:23.920" level="INFO">Length is 6</msg>
<msg timestamp="20231002 22:54:23.921" level="INFO">${cnt} = 6</msg>
<status status="PASS" starttime="20231002 22:54:23.919" endtime="20231002 22:54:23.921"/>
</kw>
<if>
<branch type="IF" condition="${cnt} &gt; 0">
<kw name="Replace String" library="String">
<var>${text}</var>
<arg>${text}</arg>
<arg>${symbol}</arg>
<arg>${new_text}</arg>
<doc>Replaces ``search_for`` in the given ``string`` with ``replace_with``.</doc>
<msg timestamp="20231002 22:54:23.924" level="INFO">${text} = 123123</msg>
<status status="PASS" starttime="20231002 22:54:23.923" endtime="20231002 22:54:23.924"/>
</kw>
<status status="PASS" starttime="20231002 22:54:23.922" endtime="20231002 22:54:23.925"/>
</branch>
<status status="PASS" starttime="20231002 22:54:23.922" endtime="20231002 22:54:23.925"/>
</if>
<msg timestamp="20231002 22:54:23.926" level="INFO">${text} = 123123</msg>
<status status="PASS" starttime="20231002 22:54:23.823" endtime="20231002 22:54:23.926"/>
</kw>
<kw name="Get Element Form Item By Name" library="common">
<var>${element}</var>
<arg>${name}</arg>
<arg>//input[contains(@class, "ant-input")]</arg>
<msg timestamp="20231002 22:54:23.937" level="INFO">${element} = xpath=//*[contains(@class, "ant-form-item-label")]/label[text()="Mật khẩu"]/../../*[contains(@class, "ant-form-item")]//input[contains(@class, "ant-input")]</msg>
<status status="PASS" starttime="20231002 22:54:23.927" endtime="20231002 22:54:23.937"/>
</kw>
<kw name="Clear Text" library="Browser">
<arg>${element}</arg>
<tag>PageContent</tag>
<tag>Setter</tag>
<doc>Clears the text field found by ``selector``.</doc>
<status status="PASS" starttime="20231002 22:54:23.938" endtime="20231002 22:54:24.079"/>
</kw>
<kw name="Fill Text" library="Browser">
<arg>${element}</arg>
<arg>${text}</arg>
<arg>True</arg>
<tag>PageContent</tag>
<tag>Setter</tag>
<doc>Clears and fills the given ``txt`` into the text field found by ``selector``.</doc>
<msg timestamp="20231002 22:54:24.084" level="INFO">Fills the text '123123' in the given field.</msg>
<status status="PASS" starttime="20231002 22:54:24.083" endtime="20231002 22:54:24.157"/>
</kw>
<kw name="Get Length" library="BuiltIn">
<var>${cnt}</var>
<arg>${text}</arg>
<doc>Returns and logs the length of the given item as an integer.</doc>
<msg timestamp="20231002 22:54:24.159" level="INFO">Length is 6</msg>
<msg timestamp="20231002 22:54:24.159" level="INFO">${cnt} = 6</msg>
<status status="PASS" starttime="20231002 22:54:24.158" endtime="20231002 22:54:24.160"/>
</kw>
<if>
<branch type="IF" condition="${cnt} &gt; 0">
<kw name="Set Global Variable" library="BuiltIn">
<arg>${STATE["${name}"]}</arg>
<arg>${text}</arg>
<doc>Makes a variable available globally in all tests and suites.</doc>
<msg timestamp="20231002 22:54:24.166" level="INFO">${STATE["Mật khẩu"]} = 123123</msg>
<status status="PASS" starttime="20231002 22:54:24.161" endtime="20231002 22:54:24.167"/>
</kw>
<status status="PASS" starttime="20231002 22:54:24.160" endtime="20231002 22:54:24.167"/>
</branch>
<status status="PASS" starttime="20231002 22:54:24.160" endtime="20231002 22:54:24.168"/>
</if>
<status status="PASS" starttime="20231002 22:54:23.822" endtime="20231002 22:54:24.168"/>
</kw>
<kw name="Click &quot;Đăng nhập&quot; button" library="common" sourcename="Click &quot;${text}&quot; button">
<kw name="Click" library="Browser">
<arg>xpath=//button[@title = "${text}"]</arg>
<tag>PageContent</tag>
<tag>Setter</tag>
<doc>Simulates mouse click on the element found by ``selector``.</doc>
<status status="PASS" starttime="20231002 22:54:24.170" endtime="20231002 22:54:24.372"/>
</kw>
<kw name="Click Confirm To Action" library="common">
<kw name="Set Variable" library="BuiltIn">
<var>${element}</var>
<arg>xpath=//*[contains(@class, "ant-popover")]//*[contains(@class, "ant-btn-primary")]</arg>
<doc>Returns the given values which can then be assigned to a variables.</doc>
<msg timestamp="20231002 22:54:24.376" level="INFO">${element} = xpath=//*[contains(@class, "ant-popover")]//*[contains(@class, "ant-btn-primary")]</msg>
<status status="PASS" starttime="20231002 22:54:24.375" endtime="20231002 22:54:24.376"/>
</kw>
<kw name="Get Element Count" library="Browser">
<var>${count}</var>
<arg>${element}</arg>
<tag>Assertion</tag>
<tag>Getter</tag>
<tag>PageContent</tag>
<doc>Returns the count of elements found with ``selector``.</doc>
<msg timestamp="20231002 22:54:24.394" level="INFO">${count} = 0</msg>
<status status="PASS" starttime="20231002 22:54:24.377" endtime="20231002 22:54:24.395"/>
</kw>
<if>
<branch type="IF" condition="${count} &gt; 0">
<kw name="Click" library="Browser">
<arg>${element}</arg>
<tag>PageContent</tag>
<tag>Setter</tag>
<doc>Simulates mouse click on the element found by ``selector``.</doc>
<status status="NOT RUN" starttime="20231002 22:54:24.398" endtime="20231002 22:54:24.401"/>
</kw>
<kw name="Sleep" library="BuiltIn">
<arg>${SHOULD_TIMEOUT}</arg>
<doc>Pauses the test executed for the given time.</doc>
<status status="NOT RUN" starttime="20231002 22:54:24.402" endtime="20231002 22:54:24.402"/>
</kw>
<status status="NOT RUN" starttime="20231002 22:54:24.395" endtime="20231002 22:54:24.403"/>
</branch>
<status status="PASS" starttime="20231002 22:54:24.395" endtime="20231002 22:54:24.404"/>
</if>
<status status="PASS" starttime="20231002 22:54:24.372" endtime="20231002 22:54:24.404"/>
</kw>
<kw name="Scroll By" library="Browser">
<arg>${None}</arg>
<tag>PageContent</tag>
<tag>Setter</tag>
<doc>Scrolls an element or the page relative from current position by the given values.</doc>
<msg timestamp="20231002 22:54:24.521" level="INFO">JavaScript executed successfully.</msg>
<msg timestamp="20231002 22:54:24.522" level="INFO">JavaScript executed successfully.</msg>
<msg timestamp="20231002 22:54:24.634" level="INFO">JavaScript executed successfully.</msg>
<msg timestamp="20231002 22:54:24.634" level="INFO">JavaScript executed successfully.</msg>
<msg timestamp="20231002 22:54:24.648" level="INFO">JavaScript executed successfully.</msg>
<status status="PASS" starttime="20231002 22:54:24.405" endtime="20231002 22:54:24.649"/>
</kw>
<status status="PASS" starttime="20231002 22:54:24.169" endtime="20231002 22:54:24.649"/>
</kw>
<kw name="User look message &quot;Success&quot; popup" library="common" sourcename="User look message &quot;${message}&quot; popup">
<kw name="Get Regexp Matches" library="String">
<var>${contains}</var>
<arg>${message}</arg>
<arg>_@(.+)@_</arg>
<arg>1</arg>
<doc>Returns a list of all non-overlapping matches in the given string.</doc>
<msg timestamp="20231002 22:54:24.652" level="INFO">${contains} = []</msg>
<status status="PASS" starttime="20231002 22:54:24.651" endtime="20231002 22:54:24.653"/>
</kw>
<kw name="Get Length" library="BuiltIn">
<var>${cnt}</var>
<arg>${contains}</arg>
<doc>Returns and logs the length of the given item as an integer.</doc>
<msg timestamp="20231002 22:54:24.654" level="INFO">Length is 0</msg>
<msg timestamp="20231002 22:54:24.654" level="INFO">${cnt} = 0</msg>
<status status="PASS" starttime="20231002 22:54:24.653" endtime="20231002 22:54:24.655"/>
</kw>
<if>
<branch type="IF" condition="${cnt} &gt; 0">
<kw name="Replace String" library="String">
<var>${message}</var>
<arg>${message}</arg>
<arg>_@${contains[0]}@_</arg>
<arg>${STATE["${contains[0]}"]}</arg>
<doc>Replaces ``search_for`` in the given ``string`` with ``replace_with``.</doc>
<status status="NOT RUN" starttime="20231002 22:54:24.656" endtime="20231002 22:54:24.657"/>
</kw>
<status status="NOT RUN" starttime="20231002 22:54:24.655" endtime="20231002 22:54:24.657"/>
</branch>
<status status="PASS" starttime="20231002 22:54:24.655" endtime="20231002 22:54:24.658"/>
</if>
<kw name="Element Text Should Be" library="common">
<arg>id=swal2-html-container</arg>
<arg>${message}</arg>
<kw name="Get Text" library="Browser">
<arg>${locator}</arg>
<arg>equal</arg>
<arg>${expected}</arg>
<arg>${message}</arg>
<tag>Assertion</tag>
<tag>Getter</tag>
<tag>PageContent</tag>
<doc>Returns text attribute of the element found by ``selector``.</doc>
<msg timestamp="20231002 22:54:24.905" level="INFO">Text: 'Success'</msg>
<status status="PASS" starttime="20231002 22:54:24.661" endtime="20231002 22:54:24.905"/>
</kw>
<status status="PASS" starttime="20231002 22:54:24.658" endtime="20231002 22:54:24.906"/>
</kw>
<kw name="Set Variable" library="BuiltIn">
<var>${element}</var>
<arg>xpath=//*[contains(@class, "swal2-confirm")]</arg>
<doc>Returns the given values which can then be assigned to a variables.</doc>
<msg timestamp="20231002 22:54:24.907" level="INFO">${element} = xpath=//*[contains(@class, "swal2-confirm")]</msg>
<status status="PASS" starttime="20231002 22:54:24.907" endtime="20231002 22:54:24.908"/>
</kw>
<kw name="Run Keyword And Return Status" library="BuiltIn">
<var>${passed}</var>
<arg>Element Should Be Visible</arg>
<arg>${element}</arg>
<doc>Runs the given keyword with given arguments and returns the status as a Boolean value.</doc>
<kw name="Element Should Be Visible" library="common">
<arg>${element}</arg>
<kw name="Wait For Elements State" library="Browser">
<arg>${locator}</arg>
<arg>visible</arg>
<arg>${timeout}</arg>
<arg>${message}</arg>
<tag>PageContent</tag>
<tag>Wait</tag>
<doc>Waits for the element found by ``selector`` to satisfy state option.</doc>
<msg timestamp="20231002 22:54:25.251" level="INFO" html="true">&lt;/td&gt;&lt;/tr&gt;&lt;tr&gt;&lt;td colspan="3"&gt;&lt;a href="browser/screenshot/fail-screenshot-1.png" target="_blank"&gt;&lt;img src="browser/screenshot/fail-screenshot-1.png" width="800px"/&gt;&lt;/a&gt;</msg>
<msg timestamp="20231002 22:54:25.252" level="INFO">See also file:///D:/Intern%20test/Automation/Auto_Web/playwright-log.txt for additional details.</msg>
<msg timestamp="20231002 22:54:25.252" level="FAIL">TimeoutError: locator.waitFor: Timeout 100ms exceeded.
=========================== logs ===========================
waiting for locator('xpath=//*[contains(@class, "swal2-confirm")]') to be visible
  locator resolved to hidden &lt;button type="button" aria-label="" class="swal2-confirm…&gt;OK&lt;/button&gt;
  locator resolved to hidden &lt;button type="button" aria-label="" class="swal2-confirm…&gt;OK&lt;/button&gt;
  locator resolved to hidden &lt;button type="button" aria-label="" class="swal2-confirm…&gt;OK&lt;/button&gt;
============================================================
Tip: Use "Set Browser Timeout" for increasing the timeout or double check your locator as the targeted element(s) couldn't be found.</msg>
<status status="FAIL" starttime="20231002 22:54:24.910" endtime="20231002 22:54:25.261"/>
</kw>
<status status="FAIL" starttime="20231002 22:54:24.909" endtime="20231002 22:54:25.261"/>
</kw>
<msg timestamp="20231002 22:54:25.262" level="INFO">${passed} = False</msg>
<status status="PASS" starttime="20231002 22:54:24.908" endtime="20231002 22:54:25.262"/>
</kw>
<if>
<branch type="IF" condition="'${passed}' == 'True'">
<kw name="Click" library="Browser">
<arg>${element}</arg>
<tag>PageContent</tag>
<tag>Setter</tag>
<doc>Simulates mouse click on the element found by ``selector``.</doc>
<status status="NOT RUN" starttime="20231002 22:54:25.264" endtime="20231002 22:54:25.265"/>
</kw>
<status status="NOT RUN" starttime="20231002 22:54:25.263" endtime="20231002 22:54:25.265"/>
</branch>
<status status="PASS" starttime="20231002 22:54:25.262" endtime="20231002 22:54:25.265"/>
</if>
<status status="PASS" starttime="20231002 22:54:24.650" endtime="20231002 22:54:25.265"/>
</kw>
<status status="PASS" starttime="20231002 22:54:23.344" endtime="20231002 22:54:25.266"/>
</kw>
<kw name="Click &quot;QUẢN LÝ TÀI KHOẢN&quot; menu" library="common" sourcename="Click &quot;${text}&quot; menu">
<kw name="Click" library="Browser">
<arg>xpath=//li[contains(@class, "menu") and descendant::span[contains(text(), "${text}")]]</arg>
<tag>PageContent</tag>
<tag>Setter</tag>
<doc>Simulates mouse click on the element found by ``selector``.</doc>
<status status="PASS" starttime="20231002 22:54:25.267" endtime="20231002 22:54:26.254"/>
</kw>
<status status="PASS" starttime="20231002 22:54:25.266" endtime="20231002 22:54:26.255"/>
</kw>
<kw name="Get Length" library="BuiltIn">
<var>${cnt}</var>
<arg>${page}</arg>
<doc>Returns and logs the length of the given item as an integer.</doc>
<msg timestamp="20231002 22:54:26.255" level="INFO">Length is 16</msg>
<msg timestamp="20231002 22:54:26.256" level="INFO">${cnt} = 16</msg>
<status status="PASS" starttime="20231002 22:54:26.255" endtime="20231002 22:54:26.257"/>
</kw>
<if>
<branch type="IF" condition="${cnt} &gt; 0 and '${page}' == 'Customer Account'">
<kw name="Click &quot;Tài khoản Người dùng&quot; sub menu to &quot;/customer-account&quot;" library="common" sourcename="Click &quot;${text}&quot; sub menu to &quot;${url}&quot;">
<kw name="Wait Until Element Spin" library="common">
<kw name="Sleep" library="BuiltIn">
<arg>${SHOULD_TIMEOUT}</arg>
<doc>Pauses the test executed for the given time.</doc>
<msg timestamp="20231002 22:54:26.362" level="INFO">Slept 100 milliseconds</msg>
<status status="PASS" starttime="20231002 22:54:26.261" endtime="20231002 22:54:26.362"/>
</kw>
<kw name="Set Variable" library="BuiltIn">
<var>${element}</var>
<arg>xpath=//*[contains(@class, "ant-spin-spinning")]</arg>
<doc>Returns the given values which can then be assigned to a variables.</doc>
<msg timestamp="20231002 22:54:26.364" level="INFO">${element} = xpath=//*[contains(@class, "ant-spin-spinning")]</msg>
<status status="PASS" starttime="20231002 22:54:26.362" endtime="20231002 22:54:26.364"/>
</kw>
<kw name="Get Element Count" library="Browser">
<var>${count}</var>
<arg>${element}</arg>
<tag>Assertion</tag>
<tag>Getter</tag>
<tag>PageContent</tag>
<doc>Returns the count of elements found with ``selector``.</doc>
<msg timestamp="20231002 22:54:26.374" level="INFO">${count} = 0</msg>
<status status="PASS" starttime="20231002 22:54:26.365" endtime="20231002 22:54:26.375"/>
</kw>
<if>
<branch type="IF" condition="${count} &gt; 0">
<kw name="Wait Until Page Does Not Contain Element" library="common">
<arg>${element}</arg>
<status status="NOT RUN" starttime="20231002 22:54:26.377" endtime="20231002 22:54:26.377"/>
</kw>
<status status="NOT RUN" starttime="20231002 22:54:26.376" endtime="20231002 22:54:26.378"/>
</branch>
<status status="PASS" starttime="20231002 22:54:26.375" endtime="20231002 22:54:26.378"/>
</if>
<status status="PASS" starttime="20231002 22:54:26.260" endtime="20231002 22:54:26.379"/>
</kw>
<kw name="Click" library="Browser">
<arg>xpath=//a[contains(@class, "sub-menu") and descendant::span[contains(text(), "${text}")]]</arg>
<tag>PageContent</tag>
<tag>Setter</tag>
<doc>Simulates mouse click on the element found by ``selector``.</doc>
<status status="PASS" starttime="20231002 22:54:26.380" endtime="20231002 22:54:26.729"/>
</kw>
<kw name="Get Url" library="Browser">
<var>${curent_url}</var>
<tag>Assertion</tag>
<tag>Getter</tag>
<tag>PageContent</tag>
<doc>Returns the current URL.</doc>
<msg timestamp="20231002 22:54:26.736" level="INFO">${curent_url} = http://dev1.geneat.vn:7802/vn/customer-account</msg>
<status status="PASS" starttime="20231002 22:54:26.731" endtime="20231002 22:54:26.736"/>
</kw>
<kw name="Should Contain" library="BuiltIn">
<arg>${curent_url}</arg>
<arg>${URL_DEFAULT}${url}</arg>
<doc>Fails if ``container`` does not contain ``item`` one or more times.</doc>
<status status="PASS" starttime="20231002 22:54:26.737" endtime="20231002 22:54:26.738"/>
</kw>
<status status="PASS" starttime="20231002 22:54:26.259" endtime="20231002 22:54:26.738"/>
</kw>
<status status="PASS" starttime="20231002 22:54:26.258" endtime="20231002 22:54:26.739"/>
</branch>
<branch type="ELSE IF" condition="${cnt} &gt; 0 and '${page}' == 'Internal Account'">
<kw name="Click &quot;Tài khoản Nội bộ&quot; sub menu to &quot;/internal-account&quot;" library="common" sourcename="Click &quot;${text}&quot; sub menu to &quot;${url}&quot;">
<status status="NOT RUN" starttime="20231002 22:54:26.740" endtime="20231002 22:54:26.740"/>
</kw>
<status status="NOT RUN" starttime="20231002 22:54:26.739" endtime="20231002 22:54:26.741"/>
</branch>
<branch type="ELSE IF" condition="${cnt} &gt; 0 and '${page}' == 'Profile Farmer'">
<kw name="Click &quot;Profile Farmer&quot; sub menu to &quot;/profile-farmer&quot;" library="common" sourcename="Click &quot;${text}&quot; sub menu to &quot;${url}&quot;">
<status status="NOT RUN" starttime="20231002 22:54:26.742" endtime="20231002 22:54:26.742"/>
</kw>
<status status="NOT RUN" starttime="20231002 22:54:26.741" endtime="20231002 22:54:26.743"/>
</branch>
<status status="PASS" starttime="20231002 22:54:26.257" endtime="20231002 22:54:26.743"/>
</if>
<status status="PASS" starttime="20231002 22:54:23.342" endtime="20231002 22:54:26.744"/>
</kw>
<kw name="When Click on &quot;second&quot; selection to change the number of account show in list and check" library="common" sourcename="Click on &quot;${ordinal}&quot; selection to change the number of account show in list and check">
<kw name="Get Length" library="BuiltIn">
<var>${cnt}</var>
<arg>${ordinal}</arg>
<doc>Returns and logs the length of the given item as an integer.</doc>
<msg timestamp="20231002 22:54:26.759" level="INFO">Length is 6</msg>
<msg timestamp="20231002 22:54:26.760" level="INFO">${cnt} = 6</msg>
<status status="PASS" starttime="20231002 22:54:26.757" endtime="20231002 22:54:26.760"/>
</kw>
<if>
<branch type="IF" condition="${cnt} &gt; 3 and '${ordinal}' == 'first'">
<kw name="Set Variable" library="BuiltIn">
<var>${select}</var>
<arg>1</arg>
<doc>Returns the given values which can then be assigned to a variables.</doc>
<status status="NOT RUN" starttime="20231002 22:54:26.764" endtime="20231002 22:54:26.765"/>
</kw>
<status status="NOT RUN" starttime="20231002 22:54:26.761" endtime="20231002 22:54:26.766"/>
</branch>
<branch type="ELSE IF" condition="${cnt} &gt; 3 and '${ordinal}' == 'second'">
<kw name="Set Variable" library="BuiltIn">
<var>${select}</var>
<arg>2</arg>
<doc>Returns the given values which can then be assigned to a variables.</doc>
<msg timestamp="20231002 22:54:26.769" level="INFO">${select} = 2</msg>
<status status="PASS" starttime="20231002 22:54:26.768" endtime="20231002 22:54:26.769"/>
</kw>
<status status="PASS" starttime="20231002 22:54:26.767" endtime="20231002 22:54:26.770"/>
</branch>
<branch type="ELSE IF" condition="${cnt} &gt; 3 and '${ordinal}' == 'third'">
<kw name="Set Variable" library="BuiltIn">
<var>${select}</var>
<arg>3</arg>
<doc>Returns the given values which can then be assigned to a variables.</doc>
<status status="NOT RUN" starttime="20231002 22:54:26.771" endtime="20231002 22:54:26.772"/>
</kw>
<status status="NOT RUN" starttime="20231002 22:54:26.770" endtime="20231002 22:54:26.772"/>
</branch>
<branch type="ELSE IF" condition="${cnt} &gt; 3 and '${ordinal}' == 'fourth'">
<kw name="Set Variable" library="BuiltIn">
<var>${select}</var>
<arg>4</arg>
<doc>Returns the given values which can then be assigned to a variables.</doc>
<status status="NOT RUN" starttime="20231002 22:54:26.773" endtime="20231002 22:54:26.774"/>
</kw>
<status status="NOT RUN" starttime="20231002 22:54:26.773" endtime="20231002 22:54:26.775"/>
</branch>
<branch type="ELSE IF" condition="${cnt} &gt; 3 and '${ordinal}' == 'fifth'">
<kw name="Set Variable" library="BuiltIn">
<var>${select}</var>
<arg>5</arg>
<doc>Returns the given values which can then be assigned to a variables.</doc>
<status status="NOT RUN" starttime="20231002 22:54:26.776" endtime="20231002 22:54:26.777"/>
</kw>
<status status="NOT RUN" starttime="20231002 22:54:26.775" endtime="20231002 22:54:26.777"/>
</branch>
<branch type="ELSE">
<kw name="Convert To Integer" library="BuiltIn">
<var>${select}</var>
<arg>${ordinal}</arg>
<doc>Converts the given item to an integer number.</doc>
<status status="NOT RUN" starttime="20231002 22:54:26.781" endtime="20231002 22:54:26.782"/>
</kw>
<status status="NOT RUN" starttime="20231002 22:54:26.778" endtime="20231002 22:54:26.782"/>
</branch>
<status status="PASS" starttime="20231002 22:54:26.761" endtime="20231002 22:54:26.783"/>
</if>
<kw name="Check the amount of page list" library="common">
<var>${amountPage}</var>
<kw name="Count the number account in list" library="common">
<var>${countA}</var>
<kw name="Set Variable" library="BuiltIn">
<var>${element}</var>
<arg>xpath=//tbody//tr[contains(@class, 'ant-table-row')]</arg>
<doc>Returns the given values which can then be assigned to a variables.</doc>
<msg timestamp="20231002 22:54:26.788" level="INFO">${element} = xpath=//tbody//tr[contains(@class, 'ant-table-row')]</msg>
<status status="PASS" starttime="20231002 22:54:26.787" endtime="20231002 22:54:26.788"/>
</kw>
<kw name="Get Element Count" library="Browser">
<var>${count}</var>
<arg>${element}</arg>
<tag>Assertion</tag>
<tag>Getter</tag>
<tag>PageContent</tag>
<doc>Returns the count of elements found with ``selector``.</doc>
<msg timestamp="20231002 22:54:27.187" level="INFO">${count} = 7</msg>
<status status="PASS" starttime="20231002 22:54:26.789" endtime="20231002 22:54:27.188"/>
</kw>
<if>
<branch type="IF" condition="${count} &gt; 0">
<kw name="Convert To Integer" library="BuiltIn">
<var>${count}</var>
<arg>${count}</arg>
<doc>Converts the given item to an integer number.</doc>
<msg timestamp="20231002 22:54:27.190" level="INFO">${count} = 7</msg>
<status status="PASS" starttime="20231002 22:54:27.189" endtime="20231002 22:54:27.191"/>
</kw>
<kw name="Evaluate" library="BuiltIn">
<var>${countS}</var>
<arg>${count} + 1</arg>
<doc>Evaluates the given expression in Python and returns the result.</doc>
<msg timestamp="20231002 22:54:27.193" level="INFO">${countS} = 8</msg>
<status status="PASS" starttime="20231002 22:54:27.191" endtime="20231002 22:54:27.193"/>
</kw>
<kw name="Set Global Variable" library="BuiltIn">
<arg>${LastNum}</arg>
<arg>${countS}</arg>
<doc>Makes a variable available globally in all tests and suites.</doc>
<msg timestamp="20231002 22:54:27.199" level="INFO">${LastNum} = 8</msg>
<status status="PASS" starttime="20231002 22:54:27.194" endtime="20231002 22:54:27.200"/>
</kw>
<status status="PASS" starttime="20231002 22:54:27.188" endtime="20231002 22:54:27.201"/>
</branch>
<status status="PASS" starttime="20231002 22:54:27.188" endtime="20231002 22:54:27.201"/>
</if>
<msg timestamp="20231002 22:54:27.202" level="INFO">${countA} = 7</msg>
<status status="PASS" starttime="20231002 22:54:26.784" endtime="20231002 22:54:27.202"/>
</kw>
<kw name="Get the number of total account" library="common">
<var>${totalA}</var>
<kw name="Get Element" library="Browser">
<var>${element}</var>
<arg>//span[contains(@class, 'ml-3')]</arg>
<tag>Getter</tag>
<tag>PageContent</tag>
<doc>Returns a reference to a Playwright [https://playwright.dev/docs/api/class-locator|Locator].</doc>
<msg timestamp="20231002 22:54:27.225" level="INFO">Locator found successfully.</msg>
<msg timestamp="20231002 22:54:27.226" level="INFO">${element} = //span[contains(@class, 'ml-3')]</msg>
<status status="PASS" starttime="20231002 22:54:27.204" endtime="20231002 22:54:27.226"/>
</kw>
<kw name="Get Text" library="Browser">
<var>${text}</var>
<arg>${element}</arg>
<tag>Assertion</tag>
<tag>Getter</tag>
<tag>PageContent</tag>
<doc>Returns text attribute of the element found by ``selector``.</doc>
<msg timestamp="20231002 22:54:27.272" level="INFO">Text: ' 1 -7 của 1119 mục'</msg>
<msg timestamp="20231002 22:54:27.272" level="INFO">${text} =  1 -7 của 1119 mục</msg>
<status status="PASS" starttime="20231002 22:54:27.227" endtime="20231002 22:54:27.273"/>
</kw>
<kw name="Get Regexp Matches" library="String">
<var>${total}</var>
<arg>${text}</arg>
<arg>của (.+) mục</arg>
<arg>1</arg>
<doc>Returns a list of all non-overlapping matches in the given string.</doc>
<msg timestamp="20231002 22:54:27.275" level="INFO">${total} = ['1119']</msg>
<status status="PASS" starttime="20231002 22:54:27.273" endtime="20231002 22:54:27.275"/>
</kw>
<kw name="Convert To Integer" library="BuiltIn">
<var>${total}</var>
<arg>${total[0]}</arg>
<doc>Converts the given item to an integer number.</doc>
<msg timestamp="20231002 22:54:27.278" level="INFO">${total} = 1119</msg>
<status status="PASS" starttime="20231002 22:54:27.276" endtime="20231002 22:54:27.279"/>
</kw>
<kw name="Get Length" library="BuiltIn">
<var>${cnt}</var>
<arg>${text}</arg>
<doc>Returns and logs the length of the given item as an integer.</doc>
<msg timestamp="20231002 22:54:27.281" level="INFO">Length is 18</msg>
<msg timestamp="20231002 22:54:27.282" level="INFO">${cnt} = 18</msg>
<status status="PASS" starttime="20231002 22:54:27.280" endtime="20231002 22:54:27.282"/>
</kw>
<if>
<branch type="IF" condition="${cnt} &gt; 0">
<kw name="Set Variable" library="BuiltIn">
<var>${TotalAccount}</var>
<arg>${total}</arg>
<doc>Returns the given values which can then be assigned to a variables.</doc>
<msg timestamp="20231002 22:54:27.284" level="INFO">${TotalAccount} = 1119</msg>
<status status="PASS" starttime="20231002 22:54:27.283" endtime="20231002 22:54:27.285"/>
</kw>
<status status="PASS" starttime="20231002 22:54:27.283" endtime="20231002 22:54:27.285"/>
</branch>
<status status="PASS" starttime="20231002 22:54:27.282" endtime="20231002 22:54:27.286"/>
</if>
<msg timestamp="20231002 22:54:27.286" level="INFO">${totalA} = 1119</msg>
<status status="PASS" starttime="20231002 22:54:27.203" endtime="20231002 22:54:27.287"/>
</kw>
<if>
<branch type="IF" condition="${countA} == ${totalA}">
<kw name="Set Variable" library="BuiltIn">
<var>${amountPage}</var>
<arg>1</arg>
<doc>Returns the given values which can then be assigned to a variables.</doc>
<status status="NOT RUN" starttime="20231002 22:54:27.288" endtime="20231002 22:54:27.289"/>
</kw>
<kw name="Log To Console" library="BuiltIn">
<arg>'This list contains only one page'</arg>
<doc>Logs the given message to the console.</doc>
<status status="NOT RUN" starttime="20231002 22:54:27.290" endtime="20231002 22:54:27.290"/>
</kw>
<status status="NOT RUN" starttime="20231002 22:54:27.287" endtime="20231002 22:54:27.291"/>
</branch>
<branch type="ELSE IF" condition="${countA} &lt; ${totalA}">
<kw name="Evaluate" library="BuiltIn">
<var>${amountPage}</var>
<arg>(${totalA}//${countA})+1</arg>
<doc>Evaluates the given expression in Python and returns the result.</doc>
<msg timestamp="20231002 22:54:27.293" level="INFO">${amountPage} = 160</msg>
<status status="PASS" starttime="20231002 22:54:27.292" endtime="20231002 22:54:27.294"/>
</kw>
<kw name="Set Variable" library="BuiltIn">
<var>${amountPage}</var>
<arg>${amountPage}</arg>
<doc>Returns the given values which can then be assigned to a variables.</doc>
<msg timestamp="20231002 22:54:27.295" level="INFO">${amountPage} = 160</msg>
<status status="PASS" starttime="20231002 22:54:27.294" endtime="20231002 22:54:27.295"/>
</kw>
<status status="PASS" starttime="20231002 22:54:27.291" endtime="20231002 22:54:27.297"/>
</branch>
<status status="PASS" starttime="20231002 22:54:27.287" endtime="20231002 22:54:27.298"/>
</if>
<msg timestamp="20231002 22:54:27.298" level="INFO">${amountPage} = 160</msg>
<status status="PASS" starttime="20231002 22:54:26.783" endtime="20231002 22:54:27.299"/>
</kw>
<kw name="Get Text" library="Browser">
<var>${text_current}</var>
<arg>//*[contains(@class, 'ant-select-selection-item')]</arg>
<tag>Assertion</tag>
<tag>Getter</tag>
<tag>PageContent</tag>
<doc>Returns text attribute of the element found by ``selector``.</doc>
<msg timestamp="20231002 22:54:27.413" level="INFO">Text: '7 / page'</msg>
<msg timestamp="20231002 22:54:27.414" level="INFO">${text_current} = 7 / page</msg>
<status status="PASS" starttime="20231002 22:54:27.299" endtime="20231002 22:54:27.415"/>
</kw>
<kw name="Get Regexp Matches" library="String">
<var>${current}</var>
<arg>${text_current}</arg>
<arg>(.+) / page</arg>
<arg>1</arg>
<doc>Returns a list of all non-overlapping matches in the given string.</doc>
<msg timestamp="20231002 22:54:27.417" level="INFO">${current} = ['7']</msg>
<status status="PASS" starttime="20231002 22:54:27.416" endtime="20231002 22:54:27.417"/>
</kw>
<kw name="Set Variable" library="BuiltIn">
<var>${current_number}</var>
<arg>${current[0]}</arg>
<doc>Returns the given values which can then be assigned to a variables.</doc>
<msg timestamp="20231002 22:54:27.420" level="INFO">${current_number} = 7</msg>
<status status="PASS" starttime="20231002 22:54:27.418" endtime="20231002 22:54:27.421"/>
</kw>
<kw name="Convert To Integer" library="BuiltIn">
<var>${current_number}</var>
<arg>${current_number}</arg>
<doc>Converts the given item to an integer number.</doc>
<msg timestamp="20231002 22:54:27.423" level="INFO">${current_number} = 7</msg>
<status status="PASS" starttime="20231002 22:54:27.422" endtime="20231002 22:54:27.423"/>
</kw>
<kw name="Click" library="Browser">
<arg>xpath=//*[contains(@class, 'ant-select-selection-item')]</arg>
<tag>PageContent</tag>
<tag>Setter</tag>
<doc>Simulates mouse click on the element found by ``selector``.</doc>
<status status="PASS" starttime="20231002 22:54:27.424" endtime="20231002 22:54:27.636"/>
</kw>
<kw name="Get Text" library="Browser">
<var>${text_default}</var>
<arg>//nz-option-item[1]/div[contains(@class,'ant-select-item-option-content')]</arg>
<tag>Assertion</tag>
<tag>Getter</tag>
<tag>PageContent</tag>
<doc>Returns text attribute of the element found by ``selector``.</doc>
<msg timestamp="20231002 22:54:27.677" level="INFO">Text: '7 / page'</msg>
<msg timestamp="20231002 22:54:27.677" level="INFO">${text_default} = 7 / page</msg>
<status status="PASS" starttime="20231002 22:54:27.637" endtime="20231002 22:54:27.678"/>
</kw>
<kw name="Get Regexp Matches" library="String">
<var>${default}</var>
<arg>${text_default}</arg>
<arg>(.+) / page</arg>
<arg>1</arg>
<doc>Returns a list of all non-overlapping matches in the given string.</doc>
<msg timestamp="20231002 22:54:27.680" level="INFO">${default} = ['7']</msg>
<status status="PASS" starttime="20231002 22:54:27.678" endtime="20231002 22:54:27.680"/>
</kw>
<kw name="Set Variable" library="BuiltIn">
<var>${default_number}</var>
<arg>${default[0]}</arg>
<doc>Returns the given values which can then be assigned to a variables.</doc>
<msg timestamp="20231002 22:54:27.684" level="INFO">${default_number} = 7</msg>
<status status="PASS" starttime="20231002 22:54:27.681" endtime="20231002 22:54:27.684"/>
</kw>
<kw name="Convert To Integer" library="BuiltIn">
<var>${default_number}</var>
<arg>${default_number}</arg>
<doc>Converts the given item to an integer number.</doc>
<msg timestamp="20231002 22:54:27.685" level="INFO">${default_number} = 7</msg>
<status status="PASS" starttime="20231002 22:54:27.684" endtime="20231002 22:54:27.685"/>
</kw>
<kw name="Get Text" library="Browser">
<var>${text_select}</var>
<arg>//nz-option-item[${select}]/div[contains(@class,'ant-select-item-option-content')]</arg>
<tag>Assertion</tag>
<tag>Getter</tag>
<tag>PageContent</tag>
<doc>Returns text attribute of the element found by ``selector``.</doc>
<msg timestamp="20231002 22:54:27.725" level="INFO">Text: '14 / page'</msg>
<msg timestamp="20231002 22:54:27.726" level="INFO">${text_select} = 14 / page</msg>
<status status="PASS" starttime="20231002 22:54:27.685" endtime="20231002 22:54:27.726"/>
</kw>
<kw name="Get Regexp Matches" library="String">
<var>${select_string}</var>
<arg>${text_select}</arg>
<arg>(.+) / page</arg>
<arg>1</arg>
<doc>Returns a list of all non-overlapping matches in the given string.</doc>
<msg timestamp="20231002 22:54:27.728" level="INFO">${select_string} = ['14']</msg>
<status status="PASS" starttime="20231002 22:54:27.727" endtime="20231002 22:54:27.728"/>
</kw>
<kw name="Set Variable" library="BuiltIn">
<var>${select_number}</var>
<arg>${select_string[0]}</arg>
<doc>Returns the given values which can then be assigned to a variables.</doc>
<msg timestamp="20231002 22:54:27.732" level="INFO">${select_number} = 14</msg>
<status status="PASS" starttime="20231002 22:54:27.729" endtime="20231002 22:54:27.733"/>
</kw>
<kw name="Convert To Integer" library="BuiltIn">
<var>${select_number}</var>
<arg>${select_number}</arg>
<doc>Converts the given item to an integer number.</doc>
<msg timestamp="20231002 22:54:27.734" level="INFO">${select_number} = 14</msg>
<status status="PASS" starttime="20231002 22:54:27.733" endtime="20231002 22:54:27.735"/>
</kw>
<if>
<branch type="IF" condition="${amountPage} &gt;= 2">
<if>
<branch type="IF" condition="${current_number} &lt; ${select_number}">
<kw name="Move to the &quot;next&quot; page" library="common" sourcename="Move to the &quot;${target}&quot; page">
<kw name="Get Length" library="BuiltIn">
<var>${count}</var>
<arg>${target}</arg>
<doc>Returns and logs the length of the given item as an integer.</doc>
<msg timestamp="20231002 22:54:27.740" level="INFO">Length is 4</msg>
<msg timestamp="20231002 22:54:27.740" level="INFO">${count} = 4</msg>
<status status="PASS" starttime="20231002 22:54:27.739" endtime="20231002 22:54:27.741"/>
</kw>
<if>
<branch type="IF" condition="'${target}' == 'previous'">
<kw name="Click" library="Browser">
<arg>xpath=//*[contains(@class, "las la-angle-left text-xs ng-star-inserted")]</arg>
<tag>PageContent</tag>
<tag>Setter</tag>
<doc>Simulates mouse click on the element found by ``selector``.</doc>
<status status="NOT RUN" starttime="20231002 22:54:27.743" endtime="20231002 22:54:27.743"/>
</kw>
<status status="NOT RUN" starttime="20231002 22:54:27.742" endtime="20231002 22:54:27.744"/>
</branch>
<branch type="ELSE IF" condition="'${target}' == 'next'">
<kw name="Click" library="Browser">
<arg>xpath=//*[contains(@class, "las la-angle-right text-xs ng-star-inserted")]</arg>
<tag>PageContent</tag>
<tag>Setter</tag>
<doc>Simulates mouse click on the element found by ``selector``.</doc>
<status status="PASS" starttime="20231002 22:54:27.745" endtime="20231002 22:54:28.238"/>
</kw>
<status status="PASS" starttime="20231002 22:54:27.744" endtime="20231002 22:54:28.238"/>
</branch>
<branch type="ELSE">
<kw name="Convert To Integer" library="BuiltIn">
<var>${number}</var>
<arg>${target}</arg>
<doc>Converts the given item to an integer number.</doc>
<status status="NOT RUN" starttime="20231002 22:54:28.239" endtime="20231002 22:54:28.240"/>
</kw>
<kw name="Click" library="Browser">
<arg>xpath=//a[contains(@aria-label, "page ${number}")]</arg>
<tag>PageContent</tag>
<tag>Setter</tag>
<doc>Simulates mouse click on the element found by ``selector``.</doc>
<status status="NOT RUN" starttime="20231002 22:54:28.240" endtime="20231002 22:54:28.241"/>
</kw>
<status status="NOT RUN" starttime="20231002 22:54:28.239" endtime="20231002 22:54:28.241"/>
</branch>
<status status="PASS" starttime="20231002 22:54:27.741" endtime="20231002 22:54:28.241"/>
</if>
<kw name="Wait Until Element Spin" library="common">
<kw name="Sleep" library="BuiltIn">
<arg>${SHOULD_TIMEOUT}</arg>
<doc>Pauses the test executed for the given time.</doc>
<msg timestamp="20231002 22:54:28.343" level="INFO">Slept 100 milliseconds</msg>
<status status="PASS" starttime="20231002 22:54:28.242" endtime="20231002 22:54:28.343"/>
</kw>
<kw name="Set Variable" library="BuiltIn">
<var>${element}</var>
<arg>xpath=//*[contains(@class, "ant-spin-spinning")]</arg>
<doc>Returns the given values which can then be assigned to a variables.</doc>
<msg timestamp="20231002 22:54:28.344" level="INFO">${element} = xpath=//*[contains(@class, "ant-spin-spinning")]</msg>
<status status="PASS" starttime="20231002 22:54:28.343" endtime="20231002 22:54:28.344"/>
</kw>
<kw name="Get Element Count" library="Browser">
<var>${count}</var>
<arg>${element}</arg>
<tag>Assertion</tag>
<tag>Getter</tag>
<tag>PageContent</tag>
<doc>Returns the count of elements found with ``selector``.</doc>
<msg timestamp="20231002 22:54:28.354" level="INFO">${count} = 0</msg>
<status status="PASS" starttime="20231002 22:54:28.344" endtime="20231002 22:54:28.355"/>
</kw>
<if>
<branch type="IF" condition="${count} &gt; 0">
<kw name="Wait Until Page Does Not Contain Element" library="common">
<arg>${element}</arg>
<status status="NOT RUN" starttime="20231002 22:54:28.356" endtime="20231002 22:54:28.357"/>
</kw>
<status status="NOT RUN" starttime="20231002 22:54:28.355" endtime="20231002 22:54:28.357"/>
</branch>
<status status="PASS" starttime="20231002 22:54:28.355" endtime="20231002 22:54:28.358"/>
</if>
<status status="PASS" starttime="20231002 22:54:28.242" endtime="20231002 22:54:28.358"/>
</kw>
<status status="PASS" starttime="20231002 22:54:27.738" endtime="20231002 22:54:28.358"/>
</kw>
<kw name="Get the first account name" library="common">
<var>${name}</var>
<kw name="Get Element" library="Browser">
<var>${element}</var>
<arg>//tbody//tr[2]//button[contains(@title,"Chi tiết")]</arg>
<tag>Getter</tag>
<tag>PageContent</tag>
<doc>Returns a reference to a Playwright [https://playwright.dev/docs/api/class-locator|Locator].</doc>
<msg timestamp="20231002 22:54:28.370" level="INFO">Locator found successfully.</msg>
<msg timestamp="20231002 22:54:28.370" level="INFO">${element} = //tbody//tr[2]//button[contains(@title,"Chi tiết")]</msg>
<status status="PASS" starttime="20231002 22:54:28.359" endtime="20231002 22:54:28.371"/>
</kw>
<kw name="Get Text" library="Browser">
<var>${Fname}</var>
<arg>${element}</arg>
<tag>Assertion</tag>
<tag>Getter</tag>
<tag>PageContent</tag>
<doc>Returns text attribute of the element found by ``selector``.</doc>
<msg timestamp="20231002 22:54:28.402" level="INFO">Text: 'Nguyễn Huy Hoàng'</msg>
<msg timestamp="20231002 22:54:28.402" level="INFO">${Fname} = Nguyễn Huy Hoàng</msg>
<status status="PASS" starttime="20231002 22:54:28.371" endtime="20231002 22:54:28.402"/>
</kw>
<kw name="Get Length" library="BuiltIn">
<var>${cnt}</var>
<arg>${Fname}</arg>
<doc>Returns and logs the length of the given item as an integer.</doc>
<msg timestamp="20231002 22:54:28.403" level="INFO">Length is 16</msg>
<msg timestamp="20231002 22:54:28.403" level="INFO">${cnt} = 16</msg>
<status status="PASS" starttime="20231002 22:54:28.403" endtime="20231002 22:54:28.404"/>
</kw>
<if>
<branch type="IF" condition="${cnt} &gt; 0">
<kw name="Set Variable" library="BuiltIn">
<var>${Fname}</var>
<arg>${Fname}</arg>
<doc>Returns the given values which can then be assigned to a variables.</doc>
<msg timestamp="20231002 22:54:28.406" level="INFO">${Fname} = Nguyễn Huy Hoàng</msg>
<status status="PASS" starttime="20231002 22:54:28.405" endtime="20231002 22:54:28.406"/>
</kw>
<status status="PASS" starttime="20231002 22:54:28.404" endtime="20231002 22:54:28.407"/>
</branch>
<status status="PASS" starttime="20231002 22:54:28.404" endtime="20231002 22:54:28.407"/>
</if>
<msg timestamp="20231002 22:54:28.407" level="INFO">${name} = Nguyễn Huy Hoàng</msg>
<status status="PASS" starttime="20231002 22:54:28.358" endtime="20231002 22:54:28.408"/>
</kw>
<kw name="Evaluate" library="BuiltIn">
<var>${ordinal_before}</var>
<arg>${current_number} + 2</arg>
<doc>Evaluates the given expression in Python and returns the result.</doc>
<msg timestamp="20231002 22:54:28.409" level="INFO">${ordinal_before} = 9</msg>
<status status="PASS" starttime="20231002 22:54:28.408" endtime="20231002 22:54:28.409"/>
</kw>
<kw name="Click" library="Browser">
<arg>xpath=//*[contains(@class, 'ant-select-selection-item')]</arg>
<tag>PageContent</tag>
<tag>Setter</tag>
<doc>Simulates mouse click on the element found by ``selector``.</doc>
<status status="PASS" starttime="20231002 22:54:28.410" endtime="20231002 22:54:28.496"/>
</kw>
<kw name="Click" library="Browser">
<arg>xpath=//nz-option-item[${select}]/div[contains(@class,'ant-select-item-option-content')]</arg>
<tag>PageContent</tag>
<tag>Setter</tag>
<doc>Simulates mouse click on the element found by ``selector``.</doc>
<status status="PASS" starttime="20231002 22:54:28.497" endtime="20231002 22:54:28.809"/>
</kw>
<kw name="Get Text" library="Browser">
<arg>//tbody//tr[${ordinal_before}]//button[contains(@title,"Chi tiết")]</arg>
<arg>equal</arg>
<arg>${name}</arg>
<tag>Assertion</tag>
<tag>Getter</tag>
<tag>PageContent</tag>
<doc>Returns text attribute of the element found by ``selector``.</doc>
<msg timestamp="20231002 22:54:29.195" level="INFO">Text: 'Nguyễn Huy Hoàng'</msg>
<status status="PASS" starttime="20231002 22:54:28.809" endtime="20231002 22:54:29.196"/>
</kw>
<status status="PASS" starttime="20231002 22:54:27.736" endtime="20231002 22:54:29.197"/>
</branch>
<branch type="ELSE IF" condition="${current_number} &gt; ${select_number}">
<kw name="Evaluate" library="BuiltIn">
<var>${ordinal_before}</var>
<arg>${select_number} + 2</arg>
<doc>Evaluates the given expression in Python and returns the result.</doc>
<status status="NOT RUN" starttime="20231002 22:54:29.198" endtime="20231002 22:54:29.198"/>
</kw>
<kw name="Get Text" library="Browser">
<var>${name}</var>
<arg>//tbody//tr[${ordinal_before}]//button[contains(@title,"Chi tiết")]</arg>
<tag>Assertion</tag>
<tag>Getter</tag>
<tag>PageContent</tag>
<doc>Returns text attribute of the element found by ``selector``.</doc>
<status status="NOT RUN" starttime="20231002 22:54:29.199" endtime="20231002 22:54:29.199"/>
</kw>
<kw name="Click" library="Browser">
<arg>xpath=//*[contains(@class, 'ant-select-selection-item')]</arg>
<tag>PageContent</tag>
<tag>Setter</tag>
<doc>Simulates mouse click on the element found by ``selector``.</doc>
<status status="NOT RUN" starttime="20231002 22:54:29.200" endtime="20231002 22:54:29.200"/>
</kw>
<kw name="Click" library="Browser">
<arg>xpath=//nz-option-item[${select}]/div[contains(@class,'ant-select-item-option-content')]</arg>
<tag>PageContent</tag>
<tag>Setter</tag>
<doc>Simulates mouse click on the element found by ``selector``.</doc>
<status status="NOT RUN" starttime="20231002 22:54:29.200" endtime="20231002 22:54:29.200"/>
</kw>
<kw name="Move to the &quot;next&quot; page" library="common" sourcename="Move to the &quot;${target}&quot; page">
<status status="NOT RUN" starttime="20231002 22:54:29.201" endtime="20231002 22:54:29.201"/>
</kw>
<kw name="Get the first account name" library="common">
<var>${nameS}</var>
<status status="NOT RUN" starttime="20231002 22:54:29.201" endtime="20231002 22:54:29.201"/>
</kw>
<kw name="Should Be Equal" library="BuiltIn">
<arg>${nameS}</arg>
<arg>${name}</arg>
<doc>Fails if the given objects are unequal.</doc>
<status status="NOT RUN" starttime="20231002 22:54:29.202" endtime="20231002 22:54:29.202"/>
</kw>
<kw name="Move to the &quot;previous&quot; page" library="common" sourcename="Move to the &quot;${target}&quot; page">
<status status="NOT RUN" starttime="20231002 22:54:29.202" endtime="20231002 22:54:29.203"/>
</kw>
<status status="NOT RUN" starttime="20231002 22:54:29.198" endtime="20231002 22:54:29.203"/>
</branch>
<branch type="ELSE IF" condition="${current_number} = ${select_number}">
<kw name="Click" library="Browser">
<arg>xpath=//*[contains(@class, 'ant-select-selection-item')]</arg>
<tag>PageContent</tag>
<tag>Setter</tag>
<doc>Simulates mouse click on the element found by ``selector``.</doc>
<status status="NOT RUN" starttime="20231002 22:54:29.204" endtime="20231002 22:54:29.204"/>
</kw>
<kw name="Click" library="Browser">
<arg>xpath=//nz-option-item[${select}]/div[contains(@class,'ant-select-item-option-content')]</arg>
<tag>PageContent</tag>
<tag>Setter</tag>
<doc>Simulates mouse click on the element found by ``selector``.</doc>
<status status="NOT RUN" starttime="20231002 22:54:29.204" endtime="20231002 22:54:29.204"/>
</kw>
<status status="NOT RUN" starttime="20231002 22:54:29.203" endtime="20231002 22:54:29.205"/>
</branch>
<status status="PASS" starttime="20231002 22:54:27.736" endtime="20231002 22:54:29.205"/>
</if>
<status status="PASS" starttime="20231002 22:54:27.735" endtime="20231002 22:54:29.205"/>
</branch>
<branch type="ELSE IF" condition="${amountPage} &lt; 2">
<if>
<branch type="IF" condition="${current_number} &lt;= ${select_number}">
<kw name="Click" library="Browser">
<arg>xpath=//*[contains(@class, 'ant-select-selection-item')]</arg>
<tag>PageContent</tag>
<tag>Setter</tag>
<doc>Simulates mouse click on the element found by ``selector``.</doc>
<status status="NOT RUN" starttime="20231002 22:54:29.207" endtime="20231002 22:54:29.207"/>
</kw>
<kw name="Click" library="Browser">
<arg>xpath=//nz-option-item[${select}]/div[contains(@class,'ant-select-item-option-content')]</arg>
<tag>PageContent</tag>
<tag>Setter</tag>
<doc>Simulates mouse click on the element found by ``selector``.</doc>
<status status="NOT RUN" starttime="20231002 22:54:29.207" endtime="20231002 22:54:29.208"/>
</kw>
<status status="NOT RUN" starttime="20231002 22:54:29.206" endtime="20231002 22:54:29.208"/>
</branch>
<branch type="ELSE IF" condition="${current_number} &gt; ${select_number}">
<kw name="Count the number account in list" library="common">
<var>${account_number}</var>
<status status="NOT RUN" starttime="20231002 22:54:29.208" endtime="20231002 22:54:29.209"/>
</kw>
<if>
<branch type="IF" condition="${account_number} &gt; ${select_number}">
<kw name="Evaluate" library="BuiltIn">
<var>${ordinal_before}</var>
<arg>${select_number} + 2</arg>
<doc>Evaluates the given expression in Python and returns the result.</doc>
<status status="NOT RUN" starttime="20231002 22:54:29.210" endtime="20231002 22:54:29.210"/>
</kw>
<kw name="Get Text" library="Browser">
<var>${name}</var>
<arg>//tbody//tr[${ordinal_before}]//button[contains(@title,"Chi tiết")]</arg>
<tag>Assertion</tag>
<tag>Getter</tag>
<tag>PageContent</tag>
<doc>Returns text attribute of the element found by ``selector``.</doc>
<status status="NOT RUN" starttime="20231002 22:54:29.211" endtime="20231002 22:54:29.211"/>
</kw>
<kw name="Click" library="Browser">
<arg>xpath=//*[contains(@class, 'ant-select-selection-item')]</arg>
<tag>PageContent</tag>
<tag>Setter</tag>
<doc>Simulates mouse click on the element found by ``selector``.</doc>
<status status="NOT RUN" starttime="20231002 22:54:29.212" endtime="20231002 22:54:29.213"/>
</kw>
<kw name="Click" library="Browser">
<arg>xpath=//nz-option-item[${select}]/div[contains(@class,'ant-select-item-option-content')]</arg>
<tag>PageContent</tag>
<tag>Setter</tag>
<doc>Simulates mouse click on the element found by ``selector``.</doc>
<status status="NOT RUN" starttime="20231002 22:54:29.214" endtime="20231002 22:54:29.215"/>
</kw>
<kw name="Move to the &quot;next&quot; page" library="common" sourcename="Move to the &quot;${target}&quot; page">
<status status="NOT RUN" starttime="20231002 22:54:29.215" endtime="20231002 22:54:29.216"/>
</kw>
<kw name="Get the first account name" library="common">
<var>${nameS}</var>
<status status="NOT RUN" starttime="20231002 22:54:29.216" endtime="20231002 22:54:29.217"/>
</kw>
<kw name="Should Be Equal" library="BuiltIn">
<arg>${nameS}</arg>
<arg>${name}</arg>
<doc>Fails if the given objects are unequal.</doc>
<status status="NOT RUN" starttime="20231002 22:54:29.217" endtime="20231002 22:54:29.218"/>
</kw>
<kw name="Move to the &quot;previous&quot; page" library="common" sourcename="Move to the &quot;${target}&quot; page">
<status status="NOT RUN" starttime="20231002 22:54:29.218" endtime="20231002 22:54:29.218"/>
</kw>
<status status="NOT RUN" starttime="20231002 22:54:29.209" endtime="20231002 22:54:29.219"/>
</branch>
<branch type="ELSE IF" condition="${account_number} &lt;= ${select_number}">
<kw name="Click" library="Browser">
<arg>xpath=//*[contains(@class, 'ant-select-selection-item')]</arg>
<tag>PageContent</tag>
<tag>Setter</tag>
<doc>Simulates mouse click on the element found by ``selector``.</doc>
<status status="NOT RUN" starttime="20231002 22:54:29.220" endtime="20231002 22:54:29.220"/>
</kw>
<kw name="Click" library="Browser">
<arg>xpath=//nz-option-item[${select}]/div[contains(@class,'ant-select-item-option-content')]</arg>
<tag>PageContent</tag>
<tag>Setter</tag>
<doc>Simulates mouse click on the element found by ``selector``.</doc>
<status status="NOT RUN" starttime="20231002 22:54:29.221" endtime="20231002 22:54:29.221"/>
</kw>
<status status="NOT RUN" starttime="20231002 22:54:29.219" endtime="20231002 22:54:29.221"/>
</branch>
<status status="NOT RUN" starttime="20231002 22:54:29.209" endtime="20231002 22:54:29.222"/>
</if>
<status status="NOT RUN" starttime="20231002 22:54:29.208" endtime="20231002 22:54:29.222"/>
</branch>
<status status="NOT RUN" starttime="20231002 22:54:29.206" endtime="20231002 22:54:29.222"/>
</if>
<status status="NOT RUN" starttime="20231002 22:54:29.206" endtime="20231002 22:54:29.223"/>
</branch>
<status status="PASS" starttime="20231002 22:54:27.735" endtime="20231002 22:54:29.223"/>
</if>
<kw name="Wait Until Element Spin" library="common">
<kw name="Sleep" library="BuiltIn">
<arg>${SHOULD_TIMEOUT}</arg>
<doc>Pauses the test executed for the given time.</doc>
<msg timestamp="20231002 22:54:29.326" level="INFO">Slept 100 milliseconds</msg>
<status status="PASS" starttime="20231002 22:54:29.224" endtime="20231002 22:54:29.326"/>
</kw>
<kw name="Set Variable" library="BuiltIn">
<var>${element}</var>
<arg>xpath=//*[contains(@class, "ant-spin-spinning")]</arg>
<doc>Returns the given values which can then be assigned to a variables.</doc>
<msg timestamp="20231002 22:54:29.327" level="INFO">${element} = xpath=//*[contains(@class, "ant-spin-spinning")]</msg>
<status status="PASS" starttime="20231002 22:54:29.327" endtime="20231002 22:54:29.328"/>
</kw>
<kw name="Get Element Count" library="Browser">
<var>${count}</var>
<arg>${element}</arg>
<tag>Assertion</tag>
<tag>Getter</tag>
<tag>PageContent</tag>
<doc>Returns the count of elements found with ``selector``.</doc>
<msg timestamp="20231002 22:54:29.359" level="INFO">${count} = 0</msg>
<status status="PASS" starttime="20231002 22:54:29.328" endtime="20231002 22:54:29.359"/>
</kw>
<if>
<branch type="IF" condition="${count} &gt; 0">
<kw name="Wait Until Page Does Not Contain Element" library="common">
<arg>${element}</arg>
<status status="NOT RUN" starttime="20231002 22:54:29.361" endtime="20231002 22:54:29.361"/>
</kw>
<status status="NOT RUN" starttime="20231002 22:54:29.360" endtime="20231002 22:54:29.362"/>
</branch>
<status status="PASS" starttime="20231002 22:54:29.359" endtime="20231002 22:54:29.365"/>
</if>
<status status="PASS" starttime="20231002 22:54:29.223" endtime="20231002 22:54:29.365"/>
</kw>
<status status="PASS" starttime="20231002 22:54:26.756" endtime="20231002 22:54:29.366"/>
</kw>
<kw name="When Click on &quot;third&quot; selection to change the number of account show in list and check" library="common" sourcename="Click on &quot;${ordinal}&quot; selection to change the number of account show in list and check">
<kw name="Get Length" library="BuiltIn">
<var>${cnt}</var>
<arg>${ordinal}</arg>
<doc>Returns and logs the length of the given item as an integer.</doc>
<msg timestamp="20231002 22:54:29.375" level="INFO">Length is 5</msg>
<msg timestamp="20231002 22:54:29.375" level="INFO">${cnt} = 5</msg>
<status status="PASS" starttime="20231002 22:54:29.374" endtime="20231002 22:54:29.375"/>
</kw>
<if>
<branch type="IF" condition="${cnt} &gt; 3 and '${ordinal}' == 'first'">
<kw name="Set Variable" library="BuiltIn">
<var>${select}</var>
<arg>1</arg>
<doc>Returns the given values which can then be assigned to a variables.</doc>
<status status="NOT RUN" starttime="20231002 22:54:29.377" endtime="20231002 22:54:29.377"/>
</kw>
<status status="NOT RUN" starttime="20231002 22:54:29.376" endtime="20231002 22:54:29.378"/>
</branch>
<branch type="ELSE IF" condition="${cnt} &gt; 3 and '${ordinal}' == 'second'">
<kw name="Set Variable" library="BuiltIn">
<var>${select}</var>
<arg>2</arg>
<doc>Returns the given values which can then be assigned to a variables.</doc>
<status status="NOT RUN" starttime="20231002 22:54:29.383" endtime="20231002 22:54:29.385"/>
</kw>
<status status="NOT RUN" starttime="20231002 22:54:29.378" endtime="20231002 22:54:29.394"/>
</branch>
<branch type="ELSE IF" condition="${cnt} &gt; 3 and '${ordinal}' == 'third'">
<kw name="Set Variable" library="BuiltIn">
<var>${select}</var>
<arg>3</arg>
<doc>Returns the given values which can then be assigned to a variables.</doc>
<msg timestamp="20231002 22:54:29.401" level="INFO">${select} = 3</msg>
<status status="PASS" starttime="20231002 22:54:29.398" endtime="20231002 22:54:29.401"/>
</kw>
<status status="PASS" starttime="20231002 22:54:29.395" endtime="20231002 22:54:29.402"/>
</branch>
<branch type="ELSE IF" condition="${cnt} &gt; 3 and '${ordinal}' == 'fourth'">
<kw name="Set Variable" library="BuiltIn">
<var>${select}</var>
<arg>4</arg>
<doc>Returns the given values which can then be assigned to a variables.</doc>
<status status="NOT RUN" starttime="20231002 22:54:29.403" endtime="20231002 22:54:29.403"/>
</kw>
<status status="NOT RUN" starttime="20231002 22:54:29.402" endtime="20231002 22:54:29.404"/>
</branch>
<branch type="ELSE IF" condition="${cnt} &gt; 3 and '${ordinal}' == 'fifth'">
<kw name="Set Variable" library="BuiltIn">
<var>${select}</var>
<arg>5</arg>
<doc>Returns the given values which can then be assigned to a variables.</doc>
<status status="NOT RUN" starttime="20231002 22:54:29.405" endtime="20231002 22:54:29.405"/>
</kw>
<status status="NOT RUN" starttime="20231002 22:54:29.404" endtime="20231002 22:54:29.406"/>
</branch>
<branch type="ELSE">
<kw name="Convert To Integer" library="BuiltIn">
<var>${select}</var>
<arg>${ordinal}</arg>
<doc>Converts the given item to an integer number.</doc>
<status status="NOT RUN" starttime="20231002 22:54:29.423" endtime="20231002 22:54:29.424"/>
</kw>
<status status="NOT RUN" starttime="20231002 22:54:29.406" endtime="20231002 22:54:29.425"/>
</branch>
<status status="PASS" starttime="20231002 22:54:29.376" endtime="20231002 22:54:29.426"/>
</if>
<kw name="Check the amount of page list" library="common">
<var>${amountPage}</var>
<kw name="Count the number account in list" library="common">
<var>${countA}</var>
<kw name="Set Variable" library="BuiltIn">
<var>${element}</var>
<arg>xpath=//tbody//tr[contains(@class, 'ant-table-row')]</arg>
<doc>Returns the given values which can then be assigned to a variables.</doc>
[...]
<status status="PASS" starttime="20231002 22:54:40.125" endtime="20231002 22:54:40.224"/>
</kw>
<kw name="Click" library="Browser">
<arg>xpath=//nz-option-item[${select}]/div[contains(@class,'ant-select-item-option-content')]</arg>
<tag>PageContent</tag>
<tag>Setter</tag>
<doc>Simulates mouse click on the element found by ``selector``.</doc>
<status status="PASS" starttime="20231002 22:54:40.224" endtime="20231002 22:54:40.403"/>
</kw>
<kw name="Move to the &quot;next&quot; page" library="common" sourcename="Move to the &quot;${target}&quot; page">
<kw name="Get Length" library="BuiltIn">
<var>${count}</var>
<arg>${target}</arg>
<doc>Returns and logs the length of the given item as an integer.</doc>
<msg timestamp="20231002 22:54:40.408" level="INFO">Length is 4</msg>
<msg timestamp="20231002 22:54:40.410" level="INFO">${count} = 4</msg>
<status status="PASS" starttime="20231002 22:54:40.407" endtime="20231002 22:54:40.410"/>
</kw>
<if>
<branch type="IF" condition="'${target}' == 'previous'">
<kw name="Click" library="Browser">
<arg>xpath=//*[contains(@class, "las la-angle-left text-xs ng-star-inserted")]</arg>
<tag>PageContent</tag>
<tag>Setter</tag>
<doc>Simulates mouse click on the element found by ``selector``.</doc>
<status status="NOT RUN" starttime="20231002 22:54:40.415" endtime="20231002 22:54:40.416"/>
</kw>
<status status="NOT RUN" starttime="20231002 22:54:40.413" endtime="20231002 22:54:40.416"/>
</branch>
<branch type="ELSE IF" condition="'${target}' == 'next'">
<kw name="Click" library="Browser">
<arg>xpath=//*[contains(@class, "las la-angle-right text-xs ng-star-inserted")]</arg>
<tag>PageContent</tag>
<tag>Setter</tag>
<doc>Simulates mouse click on the element found by ``selector``.</doc>
<status status="PASS" starttime="20231002 22:54:40.419" endtime="20231002 22:54:41.128"/>
</kw>
<status status="PASS" starttime="20231002 22:54:40.417" endtime="20231002 22:54:41.129"/>
</branch>
<branch type="ELSE">
<kw name="Convert To Integer" library="BuiltIn">
<var>${number}</var>
<arg>${target}</arg>
<doc>Converts the given item to an integer number.</doc>
<status status="NOT RUN" starttime="20231002 22:54:41.131" endtime="20231002 22:54:41.132"/>
</kw>
<kw name="Click" library="Browser">
<arg>xpath=//a[contains(@aria-label, "page ${number}")]</arg>
<tag>PageContent</tag>
<tag>Setter</tag>
<doc>Simulates mouse click on the element found by ``selector``.</doc>
<status status="NOT RUN" starttime="20231002 22:54:41.135" endtime="20231002 22:54:41.135"/>
</kw>
<status status="NOT RUN" starttime="20231002 22:54:41.130" endtime="20231002 22:54:41.136"/>
</branch>
<status status="PASS" starttime="20231002 22:54:40.412" endtime="20231002 22:54:41.136"/>
</if>
<kw name="Wait Until Element Spin" library="common">
<kw name="Sleep" library="BuiltIn">
<arg>${SHOULD_TIMEOUT}</arg>
<doc>Pauses the test executed for the given time.</doc>
<msg timestamp="20231002 22:54:41.239" level="INFO">Slept 100 milliseconds</msg>
<status status="PASS" starttime="20231002 22:54:41.137" endtime="20231002 22:54:41.239"/>
</kw>
<kw name="Set Variable" library="BuiltIn">
<var>${element}</var>
<arg>xpath=//*[contains(@class, "ant-spin-spinning")]</arg>
<doc>Returns the given values which can then be assigned to a variables.</doc>
<msg timestamp="20231002 22:54:41.241" level="INFO">${element} = xpath=//*[contains(@class, "ant-spin-spinning")]</msg>
<status status="PASS" starttime="20231002 22:54:41.240" endtime="20231002 22:54:41.241"/>
</kw>
<kw name="Get Element Count" library="Browser">
<var>${count}</var>
<arg>${element}</arg>
<tag>Assertion</tag>
<tag>Getter</tag>
<tag>PageContent</tag>
<doc>Returns the count of elements found with ``selector``.</doc>
<msg timestamp="20231002 22:54:41.264" level="INFO">${count} = 0</msg>
<status status="PASS" starttime="20231002 22:54:41.242" endtime="20231002 22:54:41.264"/>
</kw>
<if>
<branch type="IF" condition="${count} &gt; 0">
<kw name="Wait Until Page Does Not Contain Element" library="common">
<arg>${element}</arg>
<status status="NOT RUN" starttime="20231002 22:54:41.268" endtime="20231002 22:54:41.268"/>
</kw>
<status status="NOT RUN" starttime="20231002 22:54:41.267" endtime="20231002 22:54:41.270"/>
</branch>
<status status="PASS" starttime="20231002 22:54:41.267" endtime="20231002 22:54:41.270"/>
</if>
<status status="PASS" starttime="20231002 22:54:41.136" endtime="20231002 22:54:41.270"/>
</kw>
<status status="PASS" starttime="20231002 22:54:40.405" endtime="20231002 22:54:41.271"/>
</kw>
<kw name="Get the first account name" library="common">
<var>${nameS}</var>
<kw name="Get Element" library="Browser">
<var>${element}</var>
<arg>//tbody//tr[2]//button[contains(@title,"Chi tiết")]</arg>
<tag>Getter</tag>
<tag>PageContent</tag>
<doc>Returns a reference to a Playwright [https://playwright.dev/docs/api/class-locator|Locator].</doc>
<msg timestamp="20231002 22:54:41.304" level="INFO">Locator found successfully.</msg>
<msg timestamp="20231002 22:54:41.305" level="INFO">${element} = //tbody//tr[2]//button[contains(@title,"Chi tiết")]</msg>
<status status="PASS" starttime="20231002 22:54:41.272" endtime="20231002 22:54:41.305"/>
</kw>
<kw name="Get Text" library="Browser">
<var>${Fname}</var>
<arg>${element}</arg>
<tag>Assertion</tag>
<tag>Getter</tag>
<tag>PageContent</tag>
<doc>Returns text attribute of the element found by ``selector``.</doc>
<msg timestamp="20231002 22:54:41.352" level="INFO">Text: 'tao bang admin1'</msg>
<msg timestamp="20231002 22:54:41.353" level="INFO">${Fname} = tao bang admin1</msg>
<status status="PASS" starttime="20231002 22:54:41.306" endtime="20231002 22:54:41.354"/>
</kw>
<kw name="Get Length" library="BuiltIn">
<var>${cnt}</var>
<arg>${Fname}</arg>
<doc>Returns and logs the length of the given item as an integer.</doc>
<msg timestamp="20231002 22:54:41.355" level="INFO">Length is 15</msg>
<msg timestamp="20231002 22:54:41.356" level="INFO">${cnt} = 15</msg>
<status status="PASS" starttime="20231002 22:54:41.354" endtime="20231002 22:54:41.356"/>
</kw>
<if>
<branch type="IF" condition="${cnt} &gt; 0">
<kw name="Set Variable" library="BuiltIn">
<var>${Fname}</var>
<arg>${Fname}</arg>
<doc>Returns the given values which can then be assigned to a variables.</doc>
<msg timestamp="20231002 22:54:41.358" level="INFO">${Fname} = tao bang admin1</msg>
<status status="PASS" starttime="20231002 22:54:41.357" endtime="20231002 22:54:41.358"/>
</kw>
<status status="PASS" starttime="20231002 22:54:41.356" endtime="20231002 22:54:41.359"/>
</branch>
<status status="PASS" starttime="20231002 22:54:41.356" endtime="20231002 22:54:41.359"/>
</if>
<msg timestamp="20231002 22:54:41.360" level="INFO">${nameS} = tao bang admin1</msg>
<status status="PASS" starttime="20231002 22:54:41.271" endtime="20231002 22:54:41.360"/>
</kw>
<kw name="Should Be Equal" library="BuiltIn">
<arg>${nameS}</arg>
<arg>${name}</arg>
<doc>Fails if the given objects are unequal.</doc>
<status status="PASS" starttime="20231002 22:54:41.360" endtime="20231002 22:54:41.361"/>
</kw>
<kw name="Move to the &quot;previous&quot; page" library="common" sourcename="Move to the &quot;${target}&quot; page">
<kw name="Get Length" library="BuiltIn">
<var>${count}</var>
<arg>${target}</arg>
<doc>Returns and logs the length of the given item as an integer.</doc>
<msg timestamp="20231002 22:54:41.366" level="INFO">Length is 8</msg>
<msg timestamp="20231002 22:54:41.366" level="INFO">${count} = 8</msg>
<status status="PASS" starttime="20231002 22:54:41.364" endtime="20231002 22:54:41.367"/>
</kw>
<if>
<branch type="IF" condition="'${target}' == 'previous'">
<kw name="Click" library="Browser">
<arg>xpath=//*[contains(@class, "las la-angle-left text-xs ng-star-inserted")]</arg>
<tag>PageContent</tag>
<tag>Setter</tag>
<doc>Simulates mouse click on the element found by ``selector``.</doc>
<status status="PASS" starttime="20231002 22:54:41.370" endtime="20231002 22:54:41.519"/>
</kw>
<status status="PASS" starttime="20231002 22:54:41.369" endtime="20231002 22:54:41.520"/>
</branch>
<branch type="ELSE IF" condition="'${target}' == 'next'">
<kw name="Click" library="Browser">
<arg>xpath=//*[contains(@class, "las la-angle-right text-xs ng-star-inserted")]</arg>
<tag>PageContent</tag>
<tag>Setter</tag>
<doc>Simulates mouse click on the element found by ``selector``.</doc>
<status status="NOT RUN" starttime="20231002 22:54:41.521" endtime="20231002 22:54:41.522"/>
</kw>
<status status="NOT RUN" starttime="20231002 22:54:41.521" endtime="20231002 22:54:41.522"/>
</branch>
<branch type="ELSE">
<kw name="Convert To Integer" library="BuiltIn">
<var>${number}</var>
<arg>${target}</arg>
<doc>Converts the given item to an integer number.</doc>
<status status="NOT RUN" starttime="20231002 22:54:41.523" endtime="20231002 22:54:41.523"/>
</kw>
<kw name="Click" library="Browser">
<arg>xpath=//a[contains(@aria-label, "page ${number}")]</arg>
<tag>PageContent</tag>
<tag>Setter</tag>
<doc>Simulates mouse click on the element found by ``selector``.</doc>
<status status="NOT RUN" starttime="20231002 22:54:41.523" endtime="20231002 22:54:41.524"/>
</kw>
<status status="NOT RUN" starttime="20231002 22:54:41.522" endtime="20231002 22:54:41.524"/>
</branch>
<status status="PASS" starttime="20231002 22:54:41.368" endtime="20231002 22:54:41.525"/>
</if>
<kw name="Wait Until Element Spin" library="common">
<kw name="Sleep" library="BuiltIn">
<arg>${SHOULD_TIMEOUT}</arg>
<doc>Pauses the test executed for the given time.</doc>
<msg timestamp="20231002 22:54:41.627" level="INFO">Slept 100 milliseconds</msg>
<status status="PASS" starttime="20231002 22:54:41.526" endtime="20231002 22:54:41.627"/>
</kw>
<kw name="Set Variable" library="BuiltIn">
<var>${element}</var>
<arg>xpath=//*[contains(@class, "ant-spin-spinning")]</arg>
<doc>Returns the given values which can then be assigned to a variables.</doc>
<msg timestamp="20231002 22:54:41.634" level="INFO">${element} = xpath=//*[contains(@class, "ant-spin-spinning")]</msg>
<status status="PASS" starttime="20231002 22:54:41.632" endtime="20231002 22:54:41.634"/>
</kw>
<kw name="Get Element Count" library="Browser">
<var>${count}</var>
<arg>${element}</arg>
<tag>Assertion</tag>
<tag>Getter</tag>
<tag>PageContent</tag>
<doc>Returns the count of elements found with ``selector``.</doc>
<msg timestamp="20231002 22:54:41.760" level="INFO">${count} = 0</msg>
<status status="PASS" starttime="20231002 22:54:41.635" endtime="20231002 22:54:41.760"/>
</kw>
<if>
<branch type="IF" condition="${count} &gt; 0">
<kw name="Wait Until Page Does Not Contain Element" library="common">
<arg>${element}</arg>
<status status="NOT RUN" starttime="20231002 22:54:41.767" endtime="20231002 22:54:41.767"/>
</kw>
<status status="NOT RUN" starttime="20231002 22:54:41.761" endtime="20231002 22:54:41.768"/>
</branch>
<status status="PASS" starttime="20231002 22:54:41.760" endtime="20231002 22:54:41.768"/>
</if>
<status status="PASS" starttime="20231002 22:54:41.525" endtime="20231002 22:54:41.769"/>
</kw>
<status status="PASS" starttime="20231002 22:54:41.362" endtime="20231002 22:54:41.769"/>
</kw>
<status status="PASS" starttime="20231002 22:54:40.083" endtime="20231002 22:54:41.770"/>
</branch>
<branch type="ELSE IF" condition="${current_number} = ${select_number}">
<kw name="Click" library="Browser">
<arg>xpath=//*[contains(@class, 'ant-select-selection-item')]</arg>
<tag>PageContent</tag>
<tag>Setter</tag>
<doc>Simulates mouse click on the element found by ``selector``.</doc>
<status status="NOT RUN" starttime="20231002 22:54:41.771" endtime="20231002 22:54:41.772"/>
</kw>
<kw name="Click" library="Browser">
<arg>xpath=//nz-option-item[${select}]/div[contains(@class,'ant-select-item-option-content')]</arg>
<tag>PageContent</tag>
<tag>Setter</tag>
<doc>Simulates mouse click on the element found by ``selector``.</doc>
<status status="NOT RUN" starttime="20231002 22:54:41.773" endtime="20231002 22:54:41.773"/>
</kw>
<status status="NOT RUN" starttime="20231002 22:54:41.770" endtime="20231002 22:54:41.774"/>
</branch>
<status status="PASS" starttime="20231002 22:54:40.073" endtime="20231002 22:54:41.774"/>
</if>
<status status="PASS" starttime="20231002 22:54:40.073" endtime="20231002 22:54:41.774"/>
</branch>
<branch type="ELSE IF" condition="${amountPage} &lt; 2">
<if>
<branch type="IF" condition="${current_number} &lt;= ${select_number}">
<kw name="Click" library="Browser">
<arg>xpath=//*[contains(@class, 'ant-select-selection-item')]</arg>
<tag>PageContent</tag>
<tag>Setter</tag>
<doc>Simulates mouse click on the element found by ``selector``.</doc>
<status status="NOT RUN" starttime="20231002 22:54:41.775" endtime="20231002 22:54:41.775"/>
</kw>
<kw name="Click" library="Browser">
<arg>xpath=//nz-option-item[${select}]/div[contains(@class,'ant-select-item-option-content')]</arg>
<tag>PageContent</tag>
<tag>Setter</tag>
<doc>Simulates mouse click on the element found by ``selector``.</doc>
<status status="NOT RUN" starttime="20231002 22:54:41.775" endtime="20231002 22:54:41.776"/>
</kw>
<status status="NOT RUN" starttime="20231002 22:54:41.775" endtime="20231002 22:54:41.776"/>
</branch>
<branch type="ELSE IF" condition="${current_number} &gt; ${select_number}">
<kw name="Count the number account in list" library="common">
<var>${account_number}</var>
<status status="NOT RUN" starttime="20231002 22:54:41.776" endtime="20231002 22:54:41.777"/>
</kw>
<if>
<branch type="IF" condition="${account_number} &gt; ${select_number}">
<kw name="Evaluate" library="BuiltIn">
<var>${ordinal_before}</var>
<arg>${select_number} + 2</arg>
<doc>Evaluates the given expression in Python and returns the result.</doc>
<status status="NOT RUN" starttime="20231002 22:54:41.777" endtime="20231002 22:54:41.777"/>
</kw>
<kw name="Get Text" library="Browser">
<var>${name}</var>
<arg>//tbody//tr[${ordinal_before}]//button[contains(@title,"Chi tiết")]</arg>
<tag>Assertion</tag>
<tag>Getter</tag>
<tag>PageContent</tag>
<doc>Returns text attribute of the element found by ``selector``.</doc>
<status status="NOT RUN" starttime="20231002 22:54:41.779" endtime="20231002 22:54:41.780"/>
</kw>
<kw name="Click" library="Browser">
<arg>xpath=//*[contains(@class, 'ant-select-selection-item')]</arg>
<tag>PageContent</tag>
<tag>Setter</tag>
<doc>Simulates mouse click on the element found by ``selector``.</doc>
<status status="NOT RUN" starttime="20231002 22:54:41.782" endtime="20231002 22:54:41.783"/>
</kw>
<kw name="Click" library="Browser">
<arg>xpath=//nz-option-item[${select}]/div[contains(@class,'ant-select-item-option-content')]</arg>
<tag>PageContent</tag>
<tag>Setter</tag>
<doc>Simulates mouse click on the element found by ``selector``.</doc>
<status status="NOT RUN" starttime="20231002 22:54:41.785" endtime="20231002 22:54:41.786"/>
</kw>
<kw name="Move to the &quot;next&quot; page" library="common" sourcename="Move to the &quot;${target}&quot; page">
<status status="NOT RUN" starttime="20231002 22:54:41.786" endtime="20231002 22:54:41.787"/>
</kw>
<kw name="Get the first account name" library="common">
<var>${nameS}</var>
<status status="NOT RUN" starttime="20231002 22:54:41.787" endtime="20231002 22:54:41.787"/>
</kw>
<kw name="Should Be Equal" library="BuiltIn">
<arg>${nameS}</arg>
<arg>${name}</arg>
<doc>Fails if the given objects are unequal.</doc>
<status status="NOT RUN" starttime="20231002 22:54:41.787" endtime="20231002 22:54:41.788"/>
</kw>
<kw name="Move to the &quot;previous&quot; page" library="common" sourcename="Move to the &quot;${target}&quot; page">
<status status="NOT RUN" starttime="20231002 22:54:41.788" endtime="20231002 22:54:41.788"/>
</kw>
<status status="NOT RUN" starttime="20231002 22:54:41.777" endtime="20231002 22:54:41.788"/>
</branch>
<branch type="ELSE IF" condition="${account_number} &lt;= ${select_number}">
<kw name="Click" library="Browser">
<arg>xpath=//*[contains(@class, 'ant-select-selection-item')]</arg>
<tag>PageContent</tag>
<tag>Setter</tag>
<doc>Simulates mouse click on the element found by ``selector``.</doc>
<status status="NOT RUN" starttime="20231002 22:54:41.789" endtime="20231002 22:54:41.789"/>
</kw>
<kw name="Click" library="Browser">
<arg>xpath=//nz-option-item[${select}]/div[contains(@class,'ant-select-item-option-content')]</arg>
<tag>PageContent</tag>
<tag>Setter</tag>
<doc>Simulates mouse click on the element found by ``selector``.</doc>
<status status="NOT RUN" starttime="20231002 22:54:41.789" endtime="20231002 22:54:41.790"/>
</kw>
<status status="NOT RUN" starttime="20231002 22:54:41.789" endtime="20231002 22:54:41.790"/>
</branch>
<status status="NOT RUN" starttime="20231002 22:54:41.777" endtime="20231002 22:54:41.790"/>
</if>
<status status="NOT RUN" starttime="20231002 22:54:41.776" endtime="20231002 22:54:41.790"/>
</branch>
<status status="NOT RUN" starttime="20231002 22:54:41.774" endtime="20231002 22:54:41.790"/>
</if>
<status status="NOT RUN" starttime="20231002 22:54:41.774" endtime="20231002 22:54:41.791"/>
</branch>
<status status="PASS" starttime="20231002 22:54:40.073" endtime="20231002 22:54:41.791"/>
</if>
<kw name="Wait Until Element Spin" library="common">
<kw name="Sleep" library="BuiltIn">
<arg>${SHOULD_TIMEOUT}</arg>
<doc>Pauses the test executed for the given time.</doc>
<msg timestamp="20231002 22:54:41.893" level="INFO">Slept 100 milliseconds</msg>
<status status="PASS" starttime="20231002 22:54:41.791" endtime="20231002 22:54:41.893"/>
</kw>
<kw name="Set Variable" library="BuiltIn">
<var>${element}</var>
<arg>xpath=//*[contains(@class, "ant-spin-spinning")]</arg>
<doc>Returns the given values which can then be assigned to a variables.</doc>
<msg timestamp="20231002 22:54:41.897" level="INFO">${element} = xpath=//*[contains(@class, "ant-spin-spinning")]</msg>
<status status="PASS" starttime="20231002 22:54:41.894" endtime="20231002 22:54:41.898"/>
</kw>
<kw name="Get Element Count" library="Browser">
<var>${count}</var>
<arg>${element}</arg>
<tag>Assertion</tag>
<tag>Getter</tag>
<tag>PageContent</tag>
<doc>Returns the count of elements found with ``selector``.</doc>
<msg timestamp="20231002 22:54:41.909" level="INFO">${count} = 0</msg>
<status status="PASS" starttime="20231002 22:54:41.899" endtime="20231002 22:54:41.910"/>
</kw>
<if>
<branch type="IF" condition="${count} &gt; 0">
<kw name="Wait Until Page Does Not Contain Element" library="common">
<arg>${element}</arg>
<status status="NOT RUN" starttime="20231002 22:54:41.913" endtime="20231002 22:54:41.915"/>
</kw>
<status status="NOT RUN" starttime="20231002 22:54:41.911" endtime="20231002 22:54:41.915"/>
</branch>
<status status="PASS" starttime="20231002 22:54:41.910" endtime="20231002 22:54:41.916"/>
</if>
<status status="PASS" starttime="20231002 22:54:41.791" endtime="20231002 22:54:41.916"/>
</kw>
<status status="PASS" starttime="20231002 22:54:39.652" endtime="20231002 22:54:41.918"/>
</kw>
<kw name="Tear Down" library="common" type="TEARDOWN">
<kw name="Close Browser" library="Browser">
<arg>ALL</arg>
<tag>BrowserControl</tag>
<tag>Setter</tag>
<doc>Closes the current browser.</doc>
<msg timestamp="20231002 22:54:42.520" level="INFO">Closed all browsers</msg>
<status status="PASS" starttime="20231002 22:54:41.939" endtime="20231002 22:54:42.521"/>
</kw>
<status status="PASS" starttime="20231002 22:54:41.938" endtime="20231002 22:54:42.521"/>
</kw>
<tag>MainPage</tag>
<tag>Smoketest</tag>
<tag>UI</tag>
<status status="PASS" starttime="20231002 22:54:17.783" endtime="20231002 22:54:42.523"/>
</test>
<status status="PASS" starttime="20231002 22:54:15.385" endtime="20231002 22:54:42.534"/>
</suite>
<statistics>
<total>
<stat pass="1" fail="0" skip="0">All Tests</stat>
</total>
<tag>
<stat pass="1" fail="0" skip="0">MainPage</stat>
<stat pass="1" fail="0" skip="0">Smoketest</stat>
<stat pass="1" fail="0" skip="0">UI</stat>
</tag>
<suite>
<stat pass="1" fail="0" skip="0" id="s1" name="Customer Account">Customer Account</stat>
</suite>
</statistics>
<errors>
</errors>
</robot>
