<?xml version="1.0" encoding="UTF-8"?>
<robot generator="Robot 6.1.1 (Python 3.11.4 on win32)" generated="20231018 10:27:10.283" rpa="false" schemaversion="4">
<suite id="s1" name="Customer Account" source="d:\Intern test\Automation\Auto_Web\testcases\customer_account.robot">
<test id="s1-t1" name="CA_04 Verify the highlight table line function after operated" line="49">
<kw name="Setup" library="common" type="SETUP">
<kw name="Set Browser Timeout" library="Browser">
<arg>${BROWSER_TIMEOUT}</arg>
<tag>Config</tag>
<tag>Setter</tag>
<doc>Sets the timeout used by most input and getter keywords.</doc>
<status status="PASS" starttime="20231018 10:27:12.510" endtime="20231018 10:27:12.526"/>
</kw>
<kw name="New Browser" library="Browser">
<arg>${BROWSER}</arg>
<arg>headless=${HEADLESS}</arg>
<tag>BrowserControl</tag>
<tag>Setter</tag>
<doc>Create a new playwright Browser with specified options.</doc>
<msg timestamp="20231018 10:27:12.530" level="INFO">{"browser": "chromium", "headless": false, "chromiumSandbox": false, "devtools": false, "handleSIGHUP": true, "handleSIGINT": true, "handleSIGTERM": true, "ignoreDefaultArgs": false, "slowMo": 0.0, "timeout": 30000.0, "tracesDir": "D:\\Intern test\\Automation\\Auto_Web\\browser\\traces\\1d9119ae-5827-44d6-b045-46ae4f92a92a"}</msg>
<msg timestamp="20231018 10:27:13.602" level="INFO">Successfully created browser with options: {"browser":"chromium","headless":false,"chromiumSandbox":false,"devtools":false,"handleSIGHUP":true,"handleSIGINT":true,"handleSIGTERM":true,"ignoreDefaultArgs":false,"slowMo":0,"timeout":30000,"tracesDir":"D:\\Intern test\\Automation\\Auto_Web\\browser\\traces\\1d9119ae-5827-44d6-b045-46ae4f92a92a"}</msg>
<status status="PASS" starttime="20231018 10:27:12.527" endtime="20231018 10:27:13.603"/>
</kw>
<kw name="New Page" library="Browser">
<arg>${URL_DEFAULT}</arg>
<tag>BrowserControl</tag>
<tag>Setter</tag>
<doc>Open a new Page.</doc>
<msg timestamp="20231018 10:27:19.053" level="INFO">Successfully initialized new page object and opened url: http://dev1.geneat.vn:7802/vn</msg>
<msg timestamp="20231018 10:27:19.054" level="INFO">No context was open. New context was automatically opened when this page is created.</msg>
<status status="PASS" starttime="20231018 10:27:13.604" endtime="20231018 10:27:19.055"/>
</kw>
<kw name="Evaluate" library="BuiltIn">
<var>${STATE}</var>
<arg>json.loads('''{}''')</arg>
<arg>json</arg>
<doc>Evaluates the given expression in Python and returns the result.</doc>
<msg timestamp="20231018 10:27:19.057" level="INFO">${STATE} = {}</msg>
<status status="PASS" starttime="20231018 10:27:19.056" endtime="20231018 10:27:19.058"/>
</kw>
<status status="PASS" starttime="20231018 10:27:12.509" endtime="20231018 10:27:19.059"/>
</kw>
<kw name="Create a test account with &quot;Farmer Side&quot; type" sourcename="Create a test account with &quot;${type}&quot; type">
<kw name="When Go to page create account &quot;Tài khoản Người dùng&quot; with &quot;/customer-account&quot;" sourcename="Go to page create account &quot;${name}&quot; with &quot;${url}&quot;">
<kw name="When Login to admin" library="common">
<kw name="Enter &quot;email&quot; in &quot;Email&quot; with &quot;admin@gmail.com&quot;" library="common" sourcename="Enter &quot;${type}&quot; in &quot;${name}&quot; with &quot;${text}&quot;">
<kw name="Get Random Text" library="common">
<var>${text}</var>
<arg>${type}</arg>
<arg>${text}</arg>
<kw name="Set Variable" library="BuiltIn">
<var>${symbol}</var>
<arg>_RANDOM_</arg>
<doc>Returns the given values which can then be assigned to a variables.</doc>
<msg timestamp="20231018 10:27:19.084" level="INFO">${symbol} = _RANDOM_</msg>
<status status="PASS" starttime="20231018 10:27:19.081" endtime="20231018 10:27:19.085"/>
</kw>
<kw name="Set Variable" library="BuiltIn">
<var>${new_text}</var>
<doc>Returns the given values which can then be assigned to a variables.</doc>
<msg timestamp="20231018 10:27:19.086" level="INFO">${new_text} = </msg>
<status status="PASS" starttime="20231018 10:27:19.086" endtime="20231018 10:27:19.087"/>
</kw>
<kw name="Get Regexp Matches" library="String">
<var>${containsS}</var>
<arg>${text}</arg>
<arg>_@(.+)@_</arg>
<arg>1</arg>
<doc>Returns a list of all non-overlapping matches in the given string.</doc>
<msg timestamp="20231018 10:27:19.089" level="INFO">${containsS} = []</msg>
<status status="PASS" starttime="20231018 10:27:19.088" endtime="20231018 10:27:19.090"/>
</kw>
<kw name="Get Length" library="BuiltIn">
<var>${cntS}</var>
<arg>${containsS}</arg>
<doc>Returns and logs the length of the given item as an integer.</doc>
<msg timestamp="20231018 10:27:19.093" level="INFO">Length is 0</msg>
<msg timestamp="20231018 10:27:19.094" level="INFO">${cntS} = 0</msg>
<status status="PASS" starttime="20231018 10:27:19.090" endtime="20231018 10:27:19.094"/>
</kw>
<kw name="Get Regexp Matches" library="String">
<var>${contains}</var>
<arg>${text}</arg>
<arg>${symbol}</arg>
<doc>Returns a list of all non-overlapping matches in the given string.</doc>
<msg timestamp="20231018 10:27:19.101" level="INFO">${contains} = []</msg>
<status status="PASS" starttime="20231018 10:27:19.098" endtime="20231018 10:27:19.102"/>
</kw>
<kw name="Get Length" library="BuiltIn">
<var>${cnt}</var>
<arg>${contains}</arg>
<doc>Returns and logs the length of the given item as an integer.</doc>
<msg timestamp="20231018 10:27:19.103" level="INFO">Length is 0</msg>
<msg timestamp="20231018 10:27:19.104" level="INFO">${cnt} = 0</msg>
<status status="PASS" starttime="20231018 10:27:19.102" endtime="20231018 10:27:19.104"/>
</kw>
<if>
<branch type="IF" condition="${cntS} &gt; 0">
<kw name="Set Variable" library="BuiltIn">
<var>${new_text}</var>
<arg>${STATE["${containsS[0]}"]}</arg>
<doc>Returns the given values which can then be assigned to a variables.</doc>
<status status="NOT RUN" starttime="20231018 10:27:19.108" endtime="20231018 10:27:19.131"/>
</kw>
<kw name="Set Variable" library="BuiltIn">
<var>${symbol}</var>
<arg>_@${containsS[0]}@_</arg>
<doc>Returns the given values which can then be assigned to a variables.</doc>
<status status="NOT RUN" starttime="20231018 10:27:19.136" endtime="20231018 10:27:19.137"/>
</kw>
<status status="NOT RUN" starttime="20231018 10:27:19.105" endtime="20231018 10:27:19.137"/>
</branch>
<branch type="ELSE IF" condition="${cnt} &gt; 0 and '${type}' == 'test name'">
<kw name="Sentence" library="FakerLibrary">
<var>${random}</var>
<arg>nb_words=3</arg>
<doc>Generate a sentence.</doc>
<status status="NOT RUN" starttime="20231018 10:27:19.140" endtime="20231018 10:27:19.142"/>
</kw>
<kw name="Split String" library="String">
<var>${words}</var>
<arg>${TEST NAME}</arg>
<arg>${SPACE}</arg>
<doc>Splits the ``string`` using ``separator`` as a delimiter string.</doc>
<status status="NOT RUN" starttime="20231018 10:27:19.143" endtime="20231018 10:27:19.144"/>
</kw>
<kw name="Set Variable" library="BuiltIn">
<var>${new_text}</var>
<arg>${words[0]} ${random}</arg>
<doc>Returns the given values which can then be assigned to a variables.</doc>
<status status="NOT RUN" starttime="20231018 10:27:19.145" endtime="20231018 10:27:19.145"/>
</kw>
<status status="NOT RUN" starttime="20231018 10:27:19.138" endtime="20231018 10:27:19.145"/>
</branch>
<branch type="ELSE IF" condition="${cnt} &gt; 0 and '${type}' == 'number'">
<kw name="Random Int" library="FakerLibrary">
<var>${new_text}</var>
<doc>Generate a random integer between two integers ``min`` and ``max`` inclusive
while observing the provided ``step`` value.</doc>
<status status="NOT RUN" starttime="20231018 10:27:19.147" endtime="20231018 10:27:19.147"/>
</kw>
<kw name="Convert To String" library="BuiltIn">
<var>${new_text}</var>
<arg>${new_text}</arg>
<doc>Converts the given item to a Unicode string.</doc>
<status status="NOT RUN" starttime="20231018 10:27:19.148" endtime="20231018 10:27:19.155"/>
</kw>
<status status="NOT RUN" starttime="20231018 10:27:19.146" endtime="20231018 10:27:19.156"/>
</branch>
<branch type="ELSE IF" condition="${cnt} &gt; 0 and '${type}' == 'percentage'">
<kw name="Random Int" library="FakerLibrary">
<var>${new_text}</var>
<arg>max=100</arg>
<doc>Generate a random integer between two integers ``min`` and ``max`` inclusive
while observing the provided ``step`` value.</doc>
<status status="NOT RUN" starttime="20231018 10:27:19.158" endtime="20231018 10:27:19.159"/>
</kw>
<kw name="Convert To String" library="BuiltIn">
<var>${new_text}</var>
<arg>${new_text}</arg>
<doc>Converts the given item to a Unicode string.</doc>
<status status="NOT RUN" starttime="20231018 10:27:19.160" endtime="20231018 10:27:19.161"/>
</kw>
<status status="NOT RUN" starttime="20231018 10:27:19.157" endtime="20231018 10:27:19.161"/>
</branch>
<branch type="ELSE IF" condition="${cnt} &gt; 0 and '${type}' == 'paragraph'">
<kw name="Paragraph" library="FakerLibrary">
<var>${new_text}</var>
<doc>Generate a paragraph.</doc>
<status status="NOT RUN" starttime="20231018 10:27:19.163" endtime="20231018 10:27:19.164"/>
</kw>
<status status="NOT RUN" starttime="20231018 10:27:19.162" endtime="20231018 10:27:19.165"/>
</branch>
<branch type="ELSE IF" condition="${cnt} &gt; 0 and '${type}' == 'email'">
<kw name="Email" library="FakerLibrary">
<var>${new_text}</var>
<status status="NOT RUN" starttime="20231018 10:27:19.181" endtime="20231018 10:27:19.186"/>
</kw>
<status status="NOT RUN" starttime="20231018 10:27:19.172" endtime="20231018 10:27:19.187"/>
</branch>
<branch type="ELSE IF" condition="${cnt} &gt; 0 and '${type}' == 'phone'">
<kw name="Random Int" library="FakerLibrary">
<var>${new_text}</var>
<arg>min=2000000000</arg>
<arg>max=9999999999</arg>
<doc>Generate a random integer between two integers ``min`` and ``max`` inclusive
while observing the provided ``step`` value.</doc>
<status status="NOT RUN" starttime="20231018 10:27:19.191" endtime="20231018 10:27:19.191"/>
</kw>
<kw name="Convert To String" library="BuiltIn">
<var>${new_text}</var>
<arg>${new_text}</arg>
<doc>Converts the given item to a Unicode string.</doc>
<status status="NOT RUN" starttime="20231018 10:27:19.192" endtime="20231018 10:27:19.193"/>
</kw>
<kw name="Catenate" library="BuiltIn">
<var>${new_text}</var>
<arg>SEPARATOR=</arg>
<arg>0</arg>
<arg>${new_text}</arg>
<doc>Catenates the given items together and returns the resulted string.</doc>
<status status="NOT RUN" starttime="20231018 10:27:19.193" endtime="20231018 10:27:19.210"/>
</kw>
<status status="NOT RUN" starttime="20231018 10:27:19.188" endtime="20231018 10:27:19.212"/>
</branch>
<branch type="ELSE IF" condition="${cnt} &gt; 0 and '${type}' == 'color'">
<kw name="Safe Hex Color" library="FakerLibrary">
<var>${new_text}</var>
<doc>Generate a web-safe color formatted as a hex triplet.</doc>
<status status="NOT RUN" starttime="20231018 10:27:19.222" endtime="20231018 10:27:19.223"/>
</kw>
<status status="NOT RUN" starttime="20231018 10:27:19.213" endtime="20231018 10:27:19.224"/>
</branch>
<branch type="ELSE IF" condition="${cnt} &gt; 0 and &quot;${type}&quot; == 'password'">
<kw name="Password" library="FakerLibrary">
<var>${new_text}</var>
<arg>10</arg>
<arg>True</arg>
<arg>True</arg>
<arg>True</arg>
<arg>True</arg>
<doc>Generate a random password of the specified ``length``.</doc>
<status status="NOT RUN" starttime="20231018 10:27:19.229" endtime="20231018 10:27:19.230"/>
</kw>
<status status="NOT RUN" starttime="20231018 10:27:19.225" endtime="20231018 10:27:19.231"/>
</branch>
<branch type="ELSE IF" condition="${cnt} &gt; 0 and '${type}' == 'date'">
<kw name="Date" library="FakerLibrary">
<var>${new_text}</var>
<arg>pattern=%d-%m-%Y</arg>
<doc>Get a date string between January 1, 1970 and now.</doc>
<status status="NOT RUN" starttime="20231018 10:27:19.235" endtime="20231018 10:27:19.235"/>
</kw>
<status status="NOT RUN" starttime="20231018 10:27:19.232" endtime="20231018 10:27:19.236"/>
</branch>
<branch type="ELSE IF" condition="${cnt} &gt; 0 and '${type}' == 'word'">
<kw name="Sentence" library="FakerLibrary">
<var>${new_text}</var>
<arg>nb_words=2</arg>
<doc>Generate a sentence.</doc>
<status status="NOT RUN" starttime="20231018 10:27:19.238" endtime="20231018 10:27:19.239"/>
</kw>
<status status="NOT RUN" starttime="20231018 10:27:19.237" endtime="20231018 10:27:19.240"/>
</branch>
<branch type="ELSE IF" condition="${cnt} &gt; 0">
<kw name="Sentence" library="FakerLibrary">
<var>${new_text}</var>
<doc>Generate a sentence.</doc>
<status status="NOT RUN" starttime="20231018 10:27:19.242" endtime="20231018 10:27:19.242"/>
</kw>
<status status="NOT RUN" starttime="20231018 10:27:19.241" endtime="20231018 10:27:19.243"/>
</branch>
<status status="PASS" starttime="20231018 10:27:19.105" endtime="20231018 10:27:19.244"/>
</if>
<kw name="Get Length" library="BuiltIn">
<var>${cnt}</var>
<arg>${text}</arg>
<doc>Returns and logs the length of the given item as an integer.</doc>
<msg timestamp="20231018 10:27:19.245" level="INFO">Length is 15</msg>
<msg timestamp="20231018 10:27:19.253" level="INFO">${cnt} = 15</msg>
<status status="PASS" starttime="20231018 10:27:19.244" endtime="20231018 10:27:19.253"/>
</kw>
<if>
<branch type="IF" condition="${cnt} &gt; 0">
<kw name="Replace String" library="String">
<var>${text}</var>
<arg>${text}</arg>
<arg>${symbol}</arg>
<arg>${new_text}</arg>
<doc>Replaces ``search_for`` in the given ``string`` with ``replace_with``.</doc>
<msg timestamp="20231018 10:27:19.256" level="INFO">${text} = admin@gmail.com</msg>
<status status="PASS" starttime="20231018 10:27:19.255" endtime="20231018 10:27:19.257"/>
</kw>
<status status="PASS" starttime="20231018 10:27:19.254" endtime="20231018 10:27:19.257"/>
</branch>
<status status="PASS" starttime="20231018 10:27:19.254" endtime="20231018 10:27:19.258"/>
</if>
<msg timestamp="20231018 10:27:19.259" level="INFO">${text} = admin@gmail.com</msg>
<status status="PASS" starttime="20231018 10:27:19.080" endtime="20231018 10:27:19.259"/>
</kw>
<kw name="Get Element Form Item By Name" library="common">
<var>${element}</var>
<arg>${name}</arg>
<arg>//input[contains(@class, "ant-input")]</arg>
<msg timestamp="20231018 10:27:19.264" level="INFO">${element} = xpath=//*[contains(@class, "ant-form-item-label")]/label[text()="Email"]/../../*[contains(@class, "ant-form-item")]//input[contains(@class, "ant-input")]</msg>
<status status="PASS" starttime="20231018 10:27:19.260" endtime="20231018 10:27:19.264"/>
</kw>
<kw name="Click" library="Browser">
<arg>${element}</arg>
<tag>PageContent</tag>
<tag>Setter</tag>
<doc>Simulates mouse click on the element found by ``selector``.</doc>
<status status="PASS" starttime="20231018 10:27:19.265" endtime="20231018 10:27:19.656"/>
</kw>
<kw name="Clear Text" library="Browser">
<arg>${element}</arg>
<tag>PageContent</tag>
<tag>Setter</tag>
<doc>Clears the text field found by ``selector``.</doc>
<status status="PASS" starttime="20231018 10:27:19.656" endtime="20231018 10:27:19.741"/>
</kw>
<kw name="Fill Text" library="Browser">
<arg>${element}</arg>
<arg>${text}</arg>
<arg>True</arg>
<tag>PageContent</tag>
<tag>Setter</tag>
<doc>Clears and fills the given ``txt`` into the text field found by ``selector``.</doc>
<msg timestamp="20231018 10:27:19.743" level="INFO">Fills the text 'admin@gmail.com' in the given field.</msg>
<status status="PASS" starttime="20231018 10:27:19.742" endtime="20231018 10:27:19.845"/>
</kw>
<kw name="Get Length" library="BuiltIn">
<var>${cnt}</var>
<arg>${text}</arg>
<doc>Returns and logs the length of the given item as an integer.</doc>
<msg timestamp="20231018 10:27:19.846" level="INFO">Length is 15</msg>
<msg timestamp="20231018 10:27:19.847" level="INFO">${cnt} = 15</msg>
<status status="PASS" starttime="20231018 10:27:19.846" endtime="20231018 10:27:19.847"/>
</kw>
<if>
<branch type="IF" condition="${cnt} &gt; 0">
<kw name="Set Global Variable" library="BuiltIn">
<arg>\${STATE["${name}"]}</arg>
<arg>${text}</arg>
<doc>Makes a variable available globally in all tests and suites.</doc>
<msg timestamp="20231018 10:27:19.852" level="INFO">${STATE["Email"]} = admin@gmail.com</msg>
<status status="PASS" starttime="20231018 10:27:19.848" endtime="20231018 10:27:19.853"/>
</kw>
<status status="PASS" starttime="20231018 10:27:19.847" endtime="20231018 10:27:19.854"/>
</branch>
<status status="PASS" starttime="20231018 10:27:19.847" endtime="20231018 10:27:19.855"/>
</if>
<status status="PASS" starttime="20231018 10:27:19.079" endtime="20231018 10:27:19.855"/>
</kw>
<kw name="Enter &quot;password&quot; in &quot;Mật khẩu&quot; with &quot;123123&quot;" library="common" sourcename="Enter &quot;${type}&quot; in &quot;${name}&quot; with &quot;${text}&quot;">
<kw name="Get Random Text" library="common">
<var>${text}</var>
<arg>${type}</arg>
<arg>${text}</arg>
<kw name="Set Variable" library="BuiltIn">
<var>${symbol}</var>
<arg>_RANDOM_</arg>
<doc>Returns the given values which can then be assigned to a variables.</doc>
<msg timestamp="20231018 10:27:19.859" level="INFO">${symbol} = _RANDOM_</msg>
<status status="PASS" starttime="20231018 10:27:19.858" endtime="20231018 10:27:19.859"/>
</kw>
<kw name="Set Variable" library="BuiltIn">
<var>${new_text}</var>
<doc>Returns the given values which can then be assigned to a variables.</doc>
<msg timestamp="20231018 10:27:19.860" level="INFO">${new_text} = </msg>
<status status="PASS" starttime="20231018 10:27:19.860" endtime="20231018 10:27:19.861"/>
</kw>
<kw name="Get Regexp Matches" library="String">
<var>${containsS}</var>
<arg>${text}</arg>
<arg>_@(.+)@_</arg>
<arg>1</arg>
<doc>Returns a list of all non-overlapping matches in the given string.</doc>
<msg timestamp="20231018 10:27:19.862" level="INFO">${containsS} = []</msg>
<status status="PASS" starttime="20231018 10:27:19.861" endtime="20231018 10:27:19.863"/>
</kw>
<kw name="Get Length" library="BuiltIn">
<var>${cntS}</var>
<arg>${containsS}</arg>
<doc>Returns and logs the length of the given item as an integer.</doc>
<msg timestamp="20231018 10:27:19.864" level="INFO">Length is 0</msg>
<msg timestamp="20231018 10:27:19.865" level="INFO">${cntS} = 0</msg>
<status status="PASS" starttime="20231018 10:27:19.863" endtime="20231018 10:27:19.865"/>
</kw>
<kw name="Get Regexp Matches" library="String">
<var>${contains}</var>
<arg>${text}</arg>
<arg>${symbol}</arg>
<doc>Returns a list of all non-overlapping matches in the given string.</doc>
<msg timestamp="20231018 10:27:19.870" level="INFO">${contains} = []</msg>
<status status="PASS" starttime="20231018 10:27:19.865" endtime="20231018 10:27:19.870"/>
</kw>
<kw name="Get Length" library="BuiltIn">
<var>${cnt}</var>
<arg>${contains}</arg>
<doc>Returns and logs the length of the given item as an integer.</doc>
<msg timestamp="20231018 10:27:19.872" level="INFO">Length is 0</msg>
<msg timestamp="20231018 10:27:19.873" level="INFO">${cnt} = 0</msg>
<status status="PASS" starttime="20231018 10:27:19.871" endtime="20231018 10:27:19.873"/>
</kw>
<if>
<branch type="IF" condition="${cntS} &gt; 0">
<kw name="Set Variable" library="BuiltIn">
<var>${new_text}</var>
<arg>${STATE["${containsS[0]}"]}</arg>
<doc>Returns the given values which can then be assigned to a variables.</doc>
<status status="NOT RUN" starttime="20231018 10:27:19.875" endtime="20231018 10:27:19.876"/>
</kw>
<kw name="Set Variable" library="BuiltIn">
<var>${symbol}</var>
<arg>_@${containsS[0]}@_</arg>
<doc>Returns the given values which can then be assigned to a variables.</doc>
<status status="NOT RUN" starttime="20231018 10:27:19.877" endtime="20231018 10:27:19.877"/>
</kw>
<status status="NOT RUN" starttime="20231018 10:27:19.874" endtime="20231018 10:27:19.878"/>
</branch>
<branch type="ELSE IF" condition="${cnt} &gt; 0 and '${type}' == 'test name'">
<kw name="Sentence" library="FakerLibrary">
<var>${random}</var>
<arg>nb_words=3</arg>
<doc>Generate a sentence.</doc>
<status status="NOT RUN" starttime="20231018 10:27:19.879" endtime="20231018 10:27:19.880"/>
</kw>
<kw name="Split String" library="String">
<var>${words}</var>
<arg>${TEST NAME}</arg>
<arg>${SPACE}</arg>
<doc>Splits the ``string`` using ``separator`` as a delimiter string.</doc>
<status status="NOT RUN" starttime="20231018 10:27:19.881" endtime="20231018 10:27:19.881"/>
</kw>
<kw name="Set Variable" library="BuiltIn">
<var>${new_text}</var>
<arg>${words[0]} ${random}</arg>
<doc>Returns the given values which can then be assigned to a variables.</doc>
<status status="NOT RUN" starttime="20231018 10:27:19.882" endtime="20231018 10:27:19.887"/>
</kw>
<status status="NOT RUN" starttime="20231018 10:27:19.878" endtime="20231018 10:27:19.887"/>
</branch>
<branch type="ELSE IF" condition="${cnt} &gt; 0 and '${type}' == 'number'">
<kw name="Random Int" library="FakerLibrary">
<var>${new_text}</var>
<doc>Generate a random integer between two integers ``min`` and ``max`` inclusive
while observing the provided ``step`` value.</doc>
<status status="NOT RUN" starttime="20231018 10:27:19.889" endtime="20231018 10:27:19.890"/>
</kw>
<kw name="Convert To String" library="BuiltIn">
<var>${new_text}</var>
<arg>${new_text}</arg>
<doc>Converts the given item to a Unicode string.</doc>
<status status="NOT RUN" starttime="20231018 10:27:19.890" endtime="20231018 10:27:19.891"/>
</kw>
<status status="NOT RUN" starttime="20231018 10:27:19.888" endtime="20231018 10:27:19.891"/>
</branch>
<branch type="ELSE IF" condition="${cnt} &gt; 0 and '${type}' == 'percentage'">
<kw name="Random Int" library="FakerLibrary">
<var>${new_text}</var>
<arg>max=100</arg>
<doc>Generate a random integer between two integers ``min`` and ``max`` inclusive
while observing the provided ``step`` value.</doc>
<status status="NOT RUN" starttime="20231018 10:27:19.892" endtime="20231018 10:27:19.892"/>
</kw>
<kw name="Convert To String" library="BuiltIn">
<var>${new_text}</var>
<arg>${new_text}</arg>
<doc>Converts the given item to a Unicode string.</doc>
<status status="NOT RUN" starttime="20231018 10:27:19.892" endtime="20231018 10:27:19.892"/>
</kw>
<status status="NOT RUN" starttime="20231018 10:27:19.891" endtime="20231018 10:27:19.893"/>
</branch>
<branch type="ELSE IF" condition="${cnt} &gt; 0 and '${type}' == 'paragraph'">
<kw name="Paragraph" library="FakerLibrary">
<var>${new_text}</var>
<doc>Generate a paragraph.</doc>
<status status="NOT RUN" starttime="20231018 10:27:19.894" endtime="20231018 10:27:19.894"/>
</kw>
<status status="NOT RUN" starttime="20231018 10:27:19.893" endtime="20231018 10:27:19.895"/>
</branch>
<branch type="ELSE IF" condition="${cnt} &gt; 0 and '${type}' == 'email'">
<kw name="Email" library="FakerLibrary">
<var>${new_text}</var>
<status status="NOT RUN" starttime="20231018 10:27:19.896" endtime="20231018 10:27:19.897"/>
</kw>
<status status="NOT RUN" starttime="20231018 10:27:19.895" endtime="20231018 10:27:19.897"/>
</branch>
<branch type="ELSE IF" condition="${cnt} &gt; 0 and '${type}' == 'phone'">
<kw name="Random Int" library="FakerLibrary">
<var>${new_text}</var>
<arg>min=2000000000</arg>
<arg>max=9999999999</arg>
<doc>Generate a random integer between two integers ``min`` and ``max`` inclusive
while observing the provided ``step`` value.</doc>
<status status="NOT RUN" starttime="20231018 10:27:19.898" endtime="20231018 10:27:19.898"/>
</kw>
<kw name="Convert To String" library="BuiltIn">
<var>${new_text}</var>
<arg>${new_text}</arg>
<doc>Converts the given item to a Unicode string.</doc>
<status status="NOT RUN" starttime="20231018 10:27:19.911" endtime="20231018 10:27:19.912"/>
</kw>
<kw name="Catenate" library="BuiltIn">
<var>${new_text}</var>
<arg>SEPARATOR=</arg>
<arg>0</arg>
<arg>${new_text}</arg>
<doc>Catenates the given items together and returns the resulted string.</doc>
<status status="NOT RUN" starttime="20231018 10:27:19.912" endtime="20231018 10:27:19.913"/>
</kw>
<status status="NOT RUN" starttime="20231018 10:27:19.897" endtime="20231018 10:27:19.913"/>
</branch>
<branch type="ELSE IF" condition="${cnt} &gt; 0 and '${type}' == 'color'">
<kw name="Safe Hex Color" library="FakerLibrary">
<var>${new_text}</var>
<doc>Generate a web-safe color formatted as a hex triplet.</doc>
<status status="NOT RUN" starttime="20231018 10:27:19.915" endtime="20231018 10:27:19.920"/>
</kw>
<status status="NOT RUN" starttime="20231018 10:27:19.914" endtime="20231018 10:27:19.921"/>
</branch>
<branch type="ELSE IF" condition="${cnt} &gt; 0 and &quot;${type}&quot; == 'password'">
<kw name="Password" library="FakerLibrary">
<var>${new_text}</var>
<arg>10</arg>
<arg>True</arg>
<arg>True</arg>
<arg>True</arg>
<arg>True</arg>
<doc>Generate a random password of the specified ``length``.</doc>
<status status="NOT RUN" starttime="20231018 10:27:19.922" endtime="20231018 10:27:19.923"/>
</kw>
<status status="NOT RUN" starttime="20231018 10:27:19.921" endtime="20231018 10:27:19.924"/>
</branch>
<branch type="ELSE IF" condition="${cnt} &gt; 0 and '${type}' == 'date'">
<kw name="Date" library="FakerLibrary">
<var>${new_text}</var>
<arg>pattern=%d-%m-%Y</arg>
<doc>Get a date string between January 1, 1970 and now.</doc>
<status status="NOT RUN" starttime="20231018 10:27:19.925" endtime="20231018 10:27:19.926"/>
</kw>
<status status="NOT RUN" starttime="20231018 10:27:19.924" endtime="20231018 10:27:19.926"/>
</branch>
<branch type="ELSE IF" condition="${cnt} &gt; 0 and '${type}' == 'word'">
<kw name="Sentence" library="FakerLibrary">
<var>${new_text}</var>
<arg>nb_words=2</arg>
<doc>Generate a sentence.</doc>
<status status="NOT RUN" starttime="20231018 10:27:19.928" endtime="20231018 10:27:19.929"/>
</kw>
<status status="NOT RUN" starttime="20231018 10:27:19.927" endtime="20231018 10:27:19.929"/>
</branch>
<branch type="ELSE IF" condition="${cnt} &gt; 0">
<kw name="Sentence" library="FakerLibrary">
<var>${new_text}</var>
<doc>Generate a sentence.</doc>
<status status="NOT RUN" starttime="20231018 10:27:19.930" endtime="20231018 10:27:19.931"/>
</kw>
<status status="NOT RUN" starttime="20231018 10:27:19.930" endtime="20231018 10:27:19.932"/>
</branch>
<status status="PASS" starttime="20231018 10:27:19.874" endtime="20231018 10:27:19.932"/>
</if>
<kw name="Get Length" library="BuiltIn">
<var>${cnt}</var>
<arg>${text}</arg>
<doc>Returns and logs the length of the given item as an integer.</doc>
<msg timestamp="20231018 10:27:19.954" level="INFO">Length is 6</msg>
<msg timestamp="20231018 10:27:19.955" level="INFO">${cnt} = 6</msg>
<status status="PASS" starttime="20231018 10:27:19.937" endtime="20231018 10:27:19.955"/>
</kw>
<if>
<branch type="IF" condition="${cnt} &gt; 0">
<kw name="Replace String" library="String">
<var>${text}</var>
<arg>${text}</arg>
<arg>${symbol}</arg>
<arg>${new_text}</arg>
<doc>Replaces ``search_for`` in the given ``string`` with ``replace_with``.</doc>
<msg timestamp="20231018 10:27:19.959" level="INFO">${text} = 123123</msg>
<status status="PASS" starttime="20231018 10:27:19.957" endtime="20231018 10:27:19.959"/>
</kw>
<status status="PASS" starttime="20231018 10:27:19.956" endtime="20231018 10:27:19.960"/>
</branch>
<status status="PASS" starttime="20231018 10:27:19.956" endtime="20231018 10:27:19.960"/>
</if>
<msg timestamp="20231018 10:27:19.961" level="INFO">${text} = 123123</msg>
<status status="PASS" starttime="20231018 10:27:19.857" endtime="20231018 10:27:19.961"/>
</kw>
<kw name="Get Element Form Item By Name" library="common">
<var>${element}</var>
<arg>${name}</arg>
<arg>//input[contains(@class, "ant-input")]</arg>
<msg timestamp="20231018 10:27:19.963" level="INFO">${element} = xpath=//*[contains(@class, "ant-form-item-label")]/label[text()="Mật khẩu"]/../../*[contains(@class, "ant-form-item")]//input[contains(@class, "ant-input")]</msg>
<status status="PASS" starttime="20231018 10:27:19.962" endtime="20231018 10:27:19.963"/>
</kw>
<kw name="Click" library="Browser">
<arg>${element}</arg>
<tag>PageContent</tag>
<tag>Setter</tag>
<doc>Simulates mouse click on the element found by ``selector``.</doc>
<status status="PASS" starttime="20231018 10:27:19.964" endtime="20231018 10:27:20.082"/>
</kw>
<kw name="Clear Text" library="Browser">
<arg>${element}</arg>
<tag>PageContent</tag>
<tag>Setter</tag>
<doc>Clears the text field found by ``selector``.</doc>
<status status="PASS" starttime="20231018 10:27:20.086" endtime="20231018 10:27:20.131"/>
</kw>
<kw name="Fill Text" library="Browser">
<arg>${element}</arg>
<arg>${text}</arg>
<arg>True</arg>
<tag>PageContent</tag>
<tag>Setter</tag>
<doc>Clears and fills the given ``txt`` into the text field found by ``selector``.</doc>
<msg timestamp="20231018 10:27:20.137" level="INFO">Fills the text '123123' in the given field.</msg>
<status status="PASS" starttime="20231018 10:27:20.135" endtime="20231018 10:27:20.182"/>
</kw>
<kw name="Get Length" library="BuiltIn">
<var>${cnt}</var>
<arg>${text}</arg>
<doc>Returns and logs the length of the given item as an integer.</doc>
<msg timestamp="20231018 10:27:20.187" level="INFO">Length is 6</msg>
<msg timestamp="20231018 10:27:20.187" level="INFO">${cnt} = 6</msg>
<status status="PASS" starttime="20231018 10:27:20.185" endtime="20231018 10:27:20.187"/>
</kw>
<if>
<branch type="IF" condition="${cnt} &gt; 0">
<kw name="Set Global Variable" library="BuiltIn">
<arg>\${STATE["${name}"]}</arg>
<arg>${text}</arg>
<doc>Makes a variable available globally in all tests and suites.</doc>
<msg timestamp="20231018 10:27:20.191" level="INFO">${STATE["Mật khẩu"]} = 123123</msg>
<status status="PASS" starttime="20231018 10:27:20.189" endtime="20231018 10:27:20.192"/>
</kw>
<status status="PASS" starttime="20231018 10:27:20.188" endtime="20231018 10:27:20.192"/>
</branch>
<status status="PASS" starttime="20231018 10:27:20.188" endtime="20231018 10:27:20.193"/>
</if>
<status status="PASS" starttime="20231018 10:27:19.856" endtime="20231018 10:27:20.193"/>
</kw>
<kw name="Click &quot;Đăng nhập&quot; button" library="common" sourcename="Click &quot;${text}&quot; button">
<kw name="Get Element Count" library="Browser">
<var>${cnt}</var>
<arg>//button[@title = "${text}"]</arg>
<tag>Assertion</tag>
<tag>Getter</tag>
<tag>PageContent</tag>
<doc>Returns the count of elements found with ``selector``.</doc>
<msg timestamp="20231018 10:27:20.222" level="INFO">${cnt} = 1</msg>
<status status="PASS" starttime="20231018 10:27:20.194" endtime="20231018 10:27:20.223"/>
</kw>
<if>
<branch type="IF" condition="${cnt} &gt; 0">
<kw name="Click" library="Browser">
<arg>xpath=//button[@title = "${text}"]</arg>
<tag>PageContent</tag>
<tag>Setter</tag>
<doc>Simulates mouse click on the element found by ``selector``.</doc>
<status status="PASS" starttime="20231018 10:27:20.224" endtime="20231018 10:27:20.429"/>
</kw>
<kw name="Click Confirm To Action" library="common">
<kw name="Set Variable" library="BuiltIn">
<var>${element}</var>
<arg>xpath=//*[contains(@class, "ant-popover")]//*[contains(@class, "ant-btn-primary")]</arg>
<doc>Returns the given values which can then be assigned to a variables.</doc>
<msg timestamp="20231018 10:27:20.431" level="INFO">${element} = xpath=//*[contains(@class, "ant-popover")]//*[contains(@class, "ant-btn-primary")]</msg>
<status status="PASS" starttime="20231018 10:27:20.430" endtime="20231018 10:27:20.431"/>
</kw>
<kw name="Get Element Count" library="Browser">
<var>${count}</var>
<arg>${element}</arg>
<tag>Assertion</tag>
<tag>Getter</tag>
<tag>PageContent</tag>
<doc>Returns the count of elements found with ``selector``.</doc>
<msg timestamp="20231018 10:27:20.447" level="INFO">${count} = 0</msg>
<status status="PASS" starttime="20231018 10:27:20.431" endtime="20231018 10:27:20.447"/>
</kw>
<if>
<branch type="IF" condition="${count} &gt; 0">
<kw name="Click" library="Browser">
<arg>${element}</arg>
<tag>PageContent</tag>
<tag>Setter</tag>
<doc>Simulates mouse click on the element found by ``selector``.</doc>
<status status="NOT RUN" starttime="20231018 10:27:20.451" endtime="20231018 10:27:20.452"/>
</kw>
<kw name="Sleep" library="BuiltIn">
<arg>${SHOULD_TIMEOUT}</arg>
<doc>Pauses the test executed for the given time.</doc>
<status status="NOT RUN" starttime="20231018 10:27:20.453" endtime="20231018 10:27:20.453"/>
</kw>
<kw name="Wait Until Element Spin" library="common">
<status status="NOT RUN" starttime="20231018 10:27:20.454" endtime="20231018 10:27:20.455"/>
</kw>
<status status="NOT RUN" starttime="20231018 10:27:20.448" endtime="20231018 10:27:20.455"/>
</branch>
<status status="PASS" starttime="20231018 10:27:20.448" endtime="20231018 10:27:20.456"/>
</if>
<status status="PASS" starttime="20231018 10:27:20.429" endtime="20231018 10:27:20.456"/>
</kw>
<kw name="Scroll By" library="Browser">
<arg>${None}</arg>
<tag>PageContent</tag>
<tag>Setter</tag>
<doc>Scrolls an element or the page relative from current position by the given values.</doc>
<msg timestamp="20231018 10:27:20.504" level="INFO">JavaScript executed successfully.</msg>
<msg timestamp="20231018 10:27:20.504" level="INFO">JavaScript executed successfully.</msg>
<msg timestamp="20231018 10:27:20.528" level="INFO">JavaScript executed successfully.</msg>
<msg timestamp="20231018 10:27:20.529" level="INFO">JavaScript executed successfully.</msg>
<msg timestamp="20231018 10:27:20.544" level="INFO">JavaScript executed successfully.</msg>
<status status="PASS" starttime="20231018 10:27:20.458" endtime="20231018 10:27:20.545"/>
</kw>
<status status="PASS" starttime="20231018 10:27:20.223" endtime="20231018 10:27:20.545"/>
</branch>
<branch type="ELSE">
<kw name="Click" library="Browser">
<arg>//span[contains(text(),"${text}")]</arg>
<tag>PageContent</tag>
<tag>Setter</tag>
<doc>Simulates mouse click on the element found by ``selector``.</doc>
<status status="NOT RUN" starttime="20231018 10:27:20.547" endtime="20231018 10:27:20.548"/>
</kw>
<kw name="Click Confirm To Action" library="common">
<status status="NOT RUN" starttime="20231018 10:27:20.548" endtime="20231018 10:27:20.552"/>
</kw>
<kw name="Scroll By" library="Browser">
<arg>${None}</arg>
<tag>PageContent</tag>
<tag>Setter</tag>
<doc>Scrolls an element or the page relative from current position by the given values.</doc>
<status status="NOT RUN" starttime="20231018 10:27:20.553" endtime="20231018 10:27:20.554"/>
</kw>
<status status="NOT RUN" starttime="20231018 10:27:20.546" endtime="20231018 10:27:20.554"/>
</branch>
<status status="PASS" starttime="20231018 10:27:20.223" endtime="20231018 10:27:20.555"/>
</if>
<status status="PASS" starttime="20231018 10:27:20.194" endtime="20231018 10:27:20.555"/>
</kw>
<kw name="User look message &quot;Success&quot; popup" library="common" sourcename="User look message &quot;${message}&quot; popup">
<kw name="Get Regexp Matches" library="String">
<var>${contains}</var>
<arg>${message}</arg>
<arg>_@(.+)@_</arg>
<arg>1</arg>
<doc>Returns a list of all non-overlapping matches in the given string.</doc>
<msg timestamp="20231018 10:27:20.558" level="INFO">${contains} = []</msg>
<status status="PASS" starttime="20231018 10:27:20.556" endtime="20231018 10:27:20.558"/>
</kw>
<kw name="Get Length" library="BuiltIn">
<var>${cnt}</var>
<arg>${contains}</arg>
<doc>Returns and logs the length of the given item as an integer.</doc>
<msg timestamp="20231018 10:27:20.560" level="INFO">Length is 0</msg>
<msg timestamp="20231018 10:27:20.561" level="INFO">${cnt} = 0</msg>
<status status="PASS" starttime="20231018 10:27:20.559" endtime="20231018 10:27:20.561"/>
</kw>
<if>
<branch type="IF" condition="${cnt} &gt; 0">
<kw name="Replace String" library="String">
<var>${message}</var>
<arg>${message}</arg>
<arg>_@${contains[0]}@_</arg>
<arg>${STATE["${contains[0]}"]}</arg>
<doc>Replaces ``search_for`` in the given ``string`` with ``replace_with``.</doc>
<status status="NOT RUN" starttime="20231018 10:27:20.563" endtime="20231018 10:27:20.564"/>
</kw>
<status status="NOT RUN" starttime="20231018 10:27:20.562" endtime="20231018 10:27:20.568"/>
</branch>
<status status="PASS" starttime="20231018 10:27:20.562" endtime="20231018 10:27:20.568"/>
</if>
<kw name="Element Text Should Be" library="common">
<arg>id=swal2-html-container</arg>
<arg>${message}</arg>
<kw name="Get Text" library="Browser">
<arg>${locator}</arg>
<arg>equal</arg>
<arg>${expected}</arg>
<arg>${message}</arg>
<tag>Assertion</tag>
<tag>Getter</tag>
<tag>PageContent</tag>
<doc>Returns text attribute of the element found by ``selector``.</doc>
<msg timestamp="20231018 10:27:21.087" level="INFO">Text: 'Success'</msg>
<status status="PASS" starttime="20231018 10:27:20.574" endtime="20231018 10:27:21.088"/>
</kw>
<status status="PASS" starttime="20231018 10:27:20.569" endtime="20231018 10:27:21.088"/>
</kw>
<kw name="Set Variable" library="BuiltIn">
<var>${element}</var>
<arg>xpath=//*[contains(@class, "swal2-confirm")]</arg>
<doc>Returns the given values which can then be assigned to a variables.</doc>
<msg timestamp="20231018 10:27:21.090" level="INFO">${element} = xpath=//*[contains(@class, "swal2-confirm")]</msg>
<status status="PASS" starttime="20231018 10:27:21.089" endtime="20231018 10:27:21.090"/>
</kw>
<kw name="Run Keyword And Return Status" library="BuiltIn">
<var>${passed}</var>
<arg>Element Should Be Visible</arg>
<arg>${element}</arg>
<doc>Runs the given keyword with given arguments and returns the status as a Boolean value.</doc>
<kw name="Element Should Be Visible" library="common">
<arg>${element}</arg>
<kw name="Wait For Elements State" library="Browser">
<arg>${locator}</arg>
<arg>visible</arg>
<arg>${timeout}</arg>
<arg>${message}</arg>
<tag>PageContent</tag>
<tag>Wait</tag>
<doc>Waits for the element found by ``selector`` to satisfy state option.</doc>
<msg timestamp="20231018 10:27:21.420" level="INFO" html="true">&lt;/td&gt;&lt;/tr&gt;&lt;tr&gt;&lt;td colspan="3"&gt;&lt;a href="browser/screenshot/fail-screenshot-1.png" target="_blank"&gt;&lt;img src="browser/screenshot/fail-screenshot-1.png" width="800px"/&gt;&lt;/a&gt;</msg>
<msg timestamp="20231018 10:27:21.421" level="INFO">See also file:///D:/Intern%20test/Automation/Auto_Web/playwright-log.txt for additional details.</msg>
<msg timestamp="20231018 10:27:21.421" level="FAIL">TimeoutError: locator.waitFor: Timeout 100ms exceeded.
=========================== logs ===========================
waiting for locator('xpath=//*[contains(@class, "swal2-confirm")]') to be visible
  locator resolved to hidden &lt;button type="button" aria-label="" class="swal2-confirm…&gt;OK&lt;/button&gt;
  locator resolved to hidden &lt;button type="button" aria-label="" class="swal2-confirm…&gt;OK&lt;/button&gt;
  locator resolved to hidden &lt;button type="button" aria-label="" class="swal2-confirm…&gt;OK&lt;/button&gt;
============================================================
Tip: Use "Set Browser Timeout" for increasing the timeout or double check your locator as the targeted element(s) couldn't be found.</msg>
<status status="FAIL" starttime="20231018 10:27:21.094" endtime="20231018 10:27:21.452"/>
</kw>
<status status="FAIL" starttime="20231018 10:27:21.092" endtime="20231018 10:27:21.453"/>
</kw>
<msg timestamp="20231018 10:27:21.453" level="INFO">${passed} = False</msg>
<status status="PASS" starttime="20231018 10:27:21.091" endtime="20231018 10:27:21.454"/>
</kw>
<if>
<branch type="IF" condition="'${passed}' == 'True'">
<kw name="Click" library="Browser">
<arg>${element}</arg>
<tag>PageContent</tag>
<tag>Setter</tag>
<doc>Simulates mouse click on the element found by ``selector``.</doc>
<status status="NOT RUN" starttime="20231018 10:27:21.456" endtime="20231018 10:27:21.457"/>
</kw>
<status status="NOT RUN" starttime="20231018 10:27:21.455" endtime="20231018 10:27:21.457"/>
</branch>
<status status="PASS" starttime="20231018 10:27:21.454" endtime="20231018 10:27:21.458"/>
</if>
<status status="PASS" starttime="20231018 10:27:20.555" endtime="20231018 10:27:21.458"/>
</kw>
<status status="PASS" starttime="20231018 10:27:19.077" endtime="20231018 10:27:21.458"/>
</kw>
<kw name="When Click &quot;QUẢN LÝ TÀI KHOẢN&quot; menu" library="common" sourcename="Click &quot;${text}&quot; menu">
<kw name="Click" library="Browser">
<arg>xpath=//li[contains(@class, "menu") and descendant::span[contains(text(), "${text}")]]</arg>
<tag>PageContent</tag>
<tag>Setter</tag>
<doc>Simulates mouse click on the element found by ``selector``.</doc>
<status status="PASS" starttime="20231018 10:27:21.460" endtime="20231018 10:27:22.457"/>
</kw>
<status status="PASS" starttime="20231018 10:27:21.459" endtime="20231018 10:27:22.458"/>
</kw>
<kw name="When Click &quot;${name}&quot; sub menu to &quot;${url}&quot;" library="common" sourcename="Click &quot;${text}&quot; sub menu to &quot;${url}&quot;">
<kw name="Wait Until Element Spin" library="common">
<kw name="Sleep" library="BuiltIn">
<arg>${SHOULD_TIMEOUT}</arg>
<doc>Pauses the test executed for the given time.</doc>
<msg timestamp="20231018 10:27:22.560" level="INFO">Slept 100 milliseconds</msg>
<status status="PASS" starttime="20231018 10:27:22.459" endtime="20231018 10:27:22.560"/>
</kw>
<kw name="Set Variable" library="BuiltIn">
<var>${element}</var>
<arg>xpath=//*[contains(@class, "ant-spin-spinning")]</arg>
<doc>Returns the given values which can then be assigned to a variables.</doc>
<msg timestamp="20231018 10:27:22.561" level="INFO">${element} = xpath=//*[contains(@class, "ant-spin-spinning")]</msg>
<status status="PASS" starttime="20231018 10:27:22.560" endtime="20231018 10:27:22.561"/>
</kw>
<kw name="Get Element Count" library="Browser">
<var>${count}</var>
<arg>${element}</arg>
<tag>Assertion</tag>
<tag>Getter</tag>
<tag>PageContent</tag>
<doc>Returns the count of elements found with ``selector``.</doc>
<msg timestamp="20231018 10:27:22.571" level="INFO">${count} = 0</msg>
<status status="PASS" starttime="20231018 10:27:22.561" endtime="20231018 10:27:22.571"/>
</kw>
<if>
<branch type="IF" condition="${count} &gt; 0">
<kw name="Wait Until Page Does Not Contain Element" library="common">
<arg>${element}</arg>
<status status="NOT RUN" starttime="20231018 10:27:22.573" endtime="20231018 10:27:22.574"/>
</kw>
<status status="NOT RUN" starttime="20231018 10:27:22.572" endtime="20231018 10:27:22.575"/>
</branch>
<status status="PASS" starttime="20231018 10:27:22.572" endtime="20231018 10:27:22.576"/>
</if>
<status status="PASS" starttime="20231018 10:27:22.459" endtime="20231018 10:27:22.576"/>
</kw>
<kw name="Click" library="Browser">
<arg>xpath=//a[contains(@class, "sub-menu") and descendant::span[contains(text(), "${text}")]]</arg>
<tag>PageContent</tag>
<tag>Setter</tag>
<doc>Simulates mouse click on the element found by ``selector``.</doc>
<status status="PASS" starttime="20231018 10:27:22.578" endtime="20231018 10:27:22.972"/>
</kw>
<kw name="Get Url" library="Browser">
<var>${curent_url}</var>
<tag>Assertion</tag>
<tag>Getter</tag>
<tag>PageContent</tag>
<doc>Returns the current URL.</doc>
<msg timestamp="20231018 10:27:22.977" level="INFO">${curent_url} = http://dev1.geneat.vn:7802/vn/customer-account</msg>
<status status="PASS" starttime="20231018 10:27:22.973" endtime="20231018 10:27:22.977"/>
</kw>
<kw name="Should Contain" library="BuiltIn">
<arg>${curent_url}</arg>
<arg>${URL_DEFAULT}${url}</arg>
<doc>Fails if ``container`` does not contain ``item`` one or more times.</doc>
<status status="PASS" starttime="20231018 10:27:22.978" endtime="20231018 10:27:22.979"/>
</kw>
<status status="PASS" starttime="20231018 10:27:22.458" endtime="20231018 10:27:22.980"/>
</kw>
<kw name="When Click &quot;Tạo mới&quot; button" library="common" sourcename="Click &quot;${text}&quot; button">
<kw name="Get Element Count" library="Browser">
<var>${cnt}</var>
<arg>//button[@title = "${text}"]</arg>
<tag>Assertion</tag>
<tag>Getter</tag>
<tag>PageContent</tag>
<doc>Returns the count of elements found with ``selector``.</doc>
<msg timestamp="20231018 10:27:23.481" level="INFO">${cnt} = 1</msg>
<status status="PASS" starttime="20231018 10:27:22.982" endtime="20231018 10:27:23.483"/>
</kw>
<if>
<branch type="IF" condition="${cnt} &gt; 0">
<kw name="Click" library="Browser">
<arg>xpath=//button[@title = "${text}"]</arg>
<tag>PageContent</tag>
<tag>Setter</tag>
<doc>Simulates mouse click on the element found by ``selector``.</doc>
<status status="PASS" starttime="20231018 10:27:23.485" endtime="20231018 10:27:23.898"/>
</kw>
<kw name="Click Confirm To Action" library="common">
<kw name="Set Variable" library="BuiltIn">
<var>${element}</var>
<arg>xpath=//*[contains(@class, "ant-popover")]//*[contains(@class, "ant-btn-primary")]</arg>
<doc>Returns the given values which can then be assigned to a variables.</doc>
<msg timestamp="20231018 10:27:23.903" level="INFO">${element} = xpath=//*[contains(@class, "ant-popover")]//*[contains(@class, "ant-btn-primary")]</msg>
<status status="PASS" starttime="20231018 10:27:23.902" endtime="20231018 10:27:23.903"/>
</kw>
<kw name="Get Element Count" library="Browser">
<var>${count}</var>
<arg>${element}</arg>
<tag>Assertion</tag>
<tag>Getter</tag>
<tag>PageContent</tag>
<doc>Returns the count of elements found with ``selector``.</doc>
<msg timestamp="20231018 10:27:23.918" level="INFO">${count} = 0</msg>
<status status="PASS" starttime="20231018 10:27:23.904" endtime="20231018 10:27:23.919"/>
</kw>
<if>
<branch type="IF" condition="${count} &gt; 0">
<kw name="Click" library="Browser">
<arg>${element}</arg>
<tag>PageContent</tag>
<tag>Setter</tag>
<doc>Simulates mouse click on the element found by ``selector``.</doc>
<status status="NOT RUN" starttime="20231018 10:27:23.921" endtime="20231018 10:27:23.921"/>
</kw>
<kw name="Sleep" library="BuiltIn">
<arg>${SHOULD_TIMEOUT}</arg>
<doc>Pauses the test executed for the given time.</doc>
<status status="NOT RUN" starttime="20231018 10:27:23.922" endtime="20231018 10:27:23.922"/>
</kw>
<kw name="Wait Until Element Spin" library="common">
<status status="NOT RUN" starttime="20231018 10:27:23.923" endtime="20231018 10:27:23.923"/>
</kw>
<status status="NOT RUN" starttime="20231018 10:27:23.920" endtime="20231018 10:27:23.924"/>
</branch>
<status status="PASS" starttime="20231018 10:27:23.919" endtime="20231018 10:27:23.924"/>
</if>
<status status="PASS" starttime="20231018 10:27:23.901" endtime="20231018 10:27:23.924"/>
</kw>
<kw name="Scroll By" library="Browser">
<arg>${None}</arg>
<tag>PageContent</tag>
<tag>Setter</tag>
<doc>Scrolls an element or the page relative from current position by the given values.</doc>
<msg timestamp="20231018 10:27:23.951" level="INFO">JavaScript executed successfully.</msg>
<msg timestamp="20231018 10:27:23.951" level="INFO">JavaScript executed successfully.</msg>
<msg timestamp="20231018 10:27:23.972" level="INFO">JavaScript executed successfully.</msg>
<msg timestamp="20231018 10:27:23.973" level="INFO">JavaScript executed successfully.</msg>
<msg timestamp="20231018 10:27:23.982" level="INFO">JavaScript executed successfully.</msg>
<status status="PASS" starttime="20231018 10:27:23.924" endtime="20231018 10:27:23.983"/>
</kw>
<status status="PASS" starttime="20231018 10:27:23.484" endtime="20231018 10:27:23.984"/>
</branch>
<branch type="ELSE">
<kw name="Click" library="Browser">
<arg>//span[contains(text(),"${text}")]</arg>
<tag>PageContent</tag>
<tag>Setter</tag>
<doc>Simulates mouse click on the element found by ``selector``.</doc>
<status status="NOT RUN" starttime="20231018 10:27:23.985" endtime="20231018 10:27:23.986"/>
</kw>
<kw name="Click Confirm To Action" library="common">
<status status="NOT RUN" starttime="20231018 10:27:23.987" endtime="20231018 10:27:23.987"/>
</kw>
<kw name="Scroll By" library="Browser">
<arg>${None}</arg>
<tag>PageContent</tag>
<tag>Setter</tag>
<doc>Scrolls an element or the page relative from current position by the given values.</doc>
<status status="NOT RUN" starttime="20231018 10:27:23.988" endtime="20231018 10:27:23.989"/>
</kw>
<status status="NOT RUN" starttime="20231018 10:27:23.985" endtime="20231018 10:27:23.989"/>
</branch>
<status status="PASS" starttime="20231018 10:27:23.483" endtime="20231018 10:27:23.990"/>
</if>
<status status="PASS" starttime="20231018 10:27:22.981" endtime="20231018 10:27:23.990"/>
</kw>
<status status="PASS" starttime="20231018 10:27:19.075" endtime="20231018 10:27:23.991"/>
</kw>
<kw name="When Enter &quot;test name&quot; in &quot;Họ và tên&quot; with &quot;_RANDOM_&quot;" library="common" sourcename="Enter &quot;${type}&quot; in &quot;${name}&quot; with &quot;${text}&quot;">
<kw name="Get Random Text" library="common">
<var>${text}</var>
<arg>${type}</arg>
<arg>${text}</arg>
<kw name="Set Variable" library="BuiltIn">
<var>${symbol}</var>
<arg>_RANDOM_</arg>
<doc>Returns the given values which can then be assigned to a variables.</doc>
<msg timestamp="20231018 10:27:23.995" level="INFO">${symbol} = _RANDOM_</msg>
<status status="PASS" starttime="20231018 10:27:23.994" endtime="20231018 10:27:23.995"/>
</kw>
<kw name="Set Variable" library="BuiltIn">
<var>${new_text}</var>
<doc>Returns the given values which can then be assigned to a variables.</doc>
<msg timestamp="20231018 10:27:23.997" level="INFO">${new_text} = </msg>
<status status="PASS" starttime="20231018 10:27:23.996" endtime="20231018 10:27:23.997"/>
</kw>
<kw name="Get Regexp Matches" library="String">
<var>${containsS}</var>
<arg>${text}</arg>
<arg>_@(.+)@_</arg>
<arg>1</arg>
<doc>Returns a list of all non-overlapping matches in the given string.</doc>
<msg timestamp="20231018 10:27:24.002" level="INFO">${containsS} = []</msg>
<status status="PASS" starttime="20231018 10:27:24.001" endtime="20231018 10:27:24.003"/>
</kw>
<kw name="Get Length" library="BuiltIn">
<var>${cntS}</var>
<arg>${containsS}</arg>
<doc>Returns and logs the length of the given item as an integer.</doc>
<msg timestamp="20231018 10:27:24.004" level="INFO">Length is 0</msg>
<msg timestamp="20231018 10:27:24.005" level="INFO">${cntS} = 0</msg>
<status status="PASS" starttime="20231018 10:27:24.003" endtime="20231018 10:27:24.005"/>
</kw>
<kw name="Get Regexp Matches" library="String">
<var>${contains}</var>
<arg>${text}</arg>
<arg>${symbol}</arg>
<doc>Returns a list of all non-overlapping matches in the given string.</doc>
<msg timestamp="20231018 10:27:24.007" level="INFO">${contains} = ['_RANDOM_']</msg>
<status status="PASS" starttime="20231018 10:27:24.006" endtime="20231018 10:27:24.008"/>
</kw>
<kw name="Get Length" library="BuiltIn">
<var>${cnt}</var>
<arg>${contains}</arg>
<doc>Returns and logs the length of the given item as an integer.</doc>
<msg timestamp="20231018 10:27:24.010" level="INFO">Length is 1</msg>
<msg timestamp="20231018 10:27:24.011" level="INFO">${cnt} = 1</msg>
<status status="PASS" starttime="20231018 10:27:24.009" endtime="20231018 10:27:24.011"/>
</kw>
<if>
<branch type="IF" condition="${cntS} &gt; 0">
<kw name="Set Variable" library="BuiltIn">
<var>${new_text}</var>
<arg>${STATE["${containsS[0]}"]}</arg>
<doc>Returns the given values which can then be assigned to a variables.</doc>
<status status="NOT RUN" starttime="20231018 10:27:24.021" endtime="20231018 10:27:24.022"/>
</kw>
<kw name="Set Variable" library="BuiltIn">
<var>${symbol}</var>
<arg>_@${containsS[0]}@_</arg>
<doc>Returns the given values which can then be assigned to a variables.</doc>
<status status="NOT RUN" starttime="20231018 10:27:24.023" endtime="20231018 10:27:24.023"/>
</kw>
<status status="NOT RUN" starttime="20231018 10:27:24.012" endtime="20231018 10:27:24.024"/>
</branch>
<branch type="ELSE IF" condition="${cnt} &gt; 0 and '${type}' == 'test name'">
<kw name="Sentence" library="FakerLibrary">
<var>${random}</var>
<arg>nb_words=3</arg>
<doc>Generate a sentence.</doc>
<msg timestamp="20231018 10:27:24.026" level="INFO">${random} = Provident assumenda magnam at.</msg>
<status status="PASS" starttime="20231018 10:27:24.025" endtime="20231018 10:27:24.027"/>
</kw>
<kw name="Split String" library="String">
<var>${words}</var>
<arg>${TEST NAME}</arg>
<arg>${SPACE}</arg>
<doc>Splits the ``string`` using ``separator`` as a delimiter string.</doc>
<msg timestamp="20231018 10:27:24.029" level="INFO">${words} = ['CA_04', 'Verify', 'the', 'highlight', 'table', 'line', 'function', 'after', 'operated']</msg>
<status status="PASS" starttime="20231018 10:27:24.028" endtime="20231018 10:27:24.029"/>
</kw>
<kw name="Set Variable" library="BuiltIn">
<var>${new_text}</var>
<arg>${words[0]} ${random}</arg>
<doc>Returns the given values which can then be assigned to a variables.</doc>
<msg timestamp="20231018 10:27:24.042" level="INFO">${new_text} = CA_04 Provident assumenda magnam at.</msg>
<status status="PASS" starttime="20231018 10:27:24.030" endtime="20231018 10:27:24.043"/>
</kw>
<status status="PASS" starttime="20231018 10:27:24.024" endtime="20231018 10:27:24.044"/>
</branch>
<branch type="ELSE IF" condition="${cnt} &gt; 0 and '${type}' == 'number'">
<kw name="Random Int" library="FakerLibrary">
<var>${new_text}</var>
<doc>Generate a random integer between two integers ``min`` and ``max`` inclusive
while observing the provided ``step`` value.</doc>
<status status="NOT RUN" starttime="20231018 10:27:24.047" endtime="20231018 10:27:24.053"/>
</kw>
<kw name="Convert To String" library="BuiltIn">
<var>${new_text}</var>
<arg>${new_text}</arg>
<doc>Converts the given item to a Unicode string.</doc>
<status status="NOT RUN" starttime="20231018 10:27:24.054" endtime="20231018 10:27:24.055"/>
</kw>
<status status="NOT RUN" starttime="20231018 10:27:24.045" endtime="20231018 10:27:24.056"/>
</branch>
<branch type="ELSE IF" condition="${cnt} &gt; 0 and '${type}' == 'percentage'">
<kw name="Random Int" library="FakerLibrary">
<var>${new_text}</var>
<arg>max=100</arg>
<doc>Generate a random integer between two integers ``min`` and ``max`` inclusive
while observing the provided ``step`` value.</doc>
<status status="NOT RUN" starttime="20231018 10:27:24.058" endtime="20231018 10:27:24.058"/>
</kw>
<kw name="Convert To String" library="BuiltIn">
<var>${new_text}</var>
<arg>${new_text}</arg>
<doc>Converts the given item to a Unicode string.</doc>
<status status="NOT RUN" starttime="20231018 10:27:24.059" endtime="20231018 10:27:24.060"/>
</kw>
<status status="NOT RUN" starttime="20231018 10:27:24.057" endtime="20231018 10:27:24.060"/>
</branch>
<branch type="ELSE IF" condition="${cnt} &gt; 0 and '${type}' == 'paragraph'">
<kw name="Paragraph" library="FakerLibrary">
<var>${new_text}</var>
<doc>Generate a paragraph.</doc>
<status status="NOT RUN" starttime="20231018 10:27:24.062" endtime="20231018 10:27:24.062"/>
</kw>
<status status="NOT RUN" starttime="20231018 10:27:24.061" endtime="20231018 10:27:24.063"/>
</branch>
<branch type="ELSE IF" condition="${cnt} &gt; 0 and '${type}' == 'email'">
<kw name="Email" library="FakerLibrary">
<var>${new_text}</var>
<status status="NOT RUN" starttime="20231018 10:27:24.068" endtime="20231018 10:27:24.069"/>
</kw>
<status status="NOT RUN" starttime="20231018 10:27:24.064" endtime="20231018 10:27:24.070"/>
</branch>
<branch type="ELSE IF" condition="${cnt} &gt; 0 and '${type}' == 'phone'">
<kw name="Random Int" library="FakerLibrary">
<var>${new_text}</var>
<arg>min=2000000000</arg>
<arg>max=9999999999</arg>
<doc>Generate a random integer between two integers ``min`` and ``max`` inclusive
while observing the provided ``step`` value.</doc>
<status status="NOT RUN" starttime="20231018 10:27:24.072" endtime="20231018 10:27:24.072"/>
</kw>
<kw name="Convert To String" library="BuiltIn">
<var>${new_text}</var>
<arg>${new_text}</arg>
<doc>Converts the given item to a Unicode string.</doc>
<status status="NOT RUN" starttime="20231018 10:27:24.073" endtime="20231018 10:27:24.074"/>
</kw>
<kw name="Catenate" library="BuiltIn">
<var>${new_text}</var>
<arg>SEPARATOR=</arg>
<arg>0</arg>
<arg>${new_text}</arg>
<doc>Catenates the given items together and returns the resulted string.</doc>
<status status="NOT RUN" starttime="20231018 10:27:24.075" endtime="20231018 10:27:24.076"/>
</kw>
<status status="NOT RUN" starttime="20231018 10:27:24.071" endtime="20231018 10:27:24.077"/>
</branch>
<branch type="ELSE IF" condition="${cnt} &gt; 0 and '${type}' == 'color'">
<kw name="Safe Hex Color" library="FakerLibrary">
<var>${new_text}</var>
<doc>Generate a web-safe color formatted as a hex triplet.</doc>
<status status="NOT RUN" starttime="20231018 10:27:24.078" endtime="20231018 10:27:24.079"/>
</kw>
<status status="NOT RUN" starttime="20231018 10:27:24.077" endtime="20231018 10:27:24.080"/>
</branch>
<branch type="ELSE IF" condition="${cnt} &gt; 0 and &quot;${type}&quot; == 'password'">
<kw name="Password" library="FakerLibrary">
<var>${new_text}</var>
<arg>10</arg>
<arg>True</arg>
<arg>True</arg>
<arg>True</arg>
<arg>True</arg>
<doc>Generate a random password of the specified ``length``.</doc>
<status status="NOT RUN" starttime="20231018 10:27:24.085" endtime="20231018 10:27:24.087"/>
</kw>
<status status="NOT RUN" starttime="20231018 10:27:24.080" endtime="20231018 10:27:24.088"/>
</branch>
<branch type="ELSE IF" condition="${cnt} &gt; 0 and '${type}' == 'date'">
<kw name="Date" library="FakerLibrary">
<var>${new_text}</var>
<arg>pattern=%d-%m-%Y</arg>
<doc>Get a date string between January 1, 1970 and now.</doc>
<status status="NOT RUN" starttime="20231018 10:27:24.090" endtime="20231018 10:27:24.090"/>
</kw>
<status status="NOT RUN" starttime="20231018 10:27:24.089" endtime="20231018 10:27:24.091"/>
</branch>
<branch type="ELSE IF" condition="${cnt} &gt; 0 and '${type}' == 'word'">
<kw name="Sentence" library="FakerLibrary">
<var>${new_text}</var>
<arg>nb_words=2</arg>
<doc>Generate a sentence.</doc>
<status status="NOT RUN" starttime="20231018 10:27:24.093" endtime="20231018 10:27:24.093"/>
</kw>
<status status="NOT RUN" starttime="20231018 10:27:24.092" endtime="20231018 10:27:24.094"/>
</branch>
<branch type="ELSE IF" condition="${cnt} &gt; 0">
<kw name="Sentence" library="FakerLibrary">
<var>${new_text}</var>
<doc>Generate a sentence.</doc>
<status status="NOT RUN" starttime="20231018 10:27:24.096" endtime="20231018 10:27:24.097"/>
</kw>
<status status="NOT RUN" starttime="20231018 10:27:24.095" endtime="20231018 10:27:24.098"/>
</branch>
<status status="PASS" starttime="20231018 10:27:24.012" endtime="20231018 10:27:24.103"/>
</if>
<kw name="Get Length" library="BuiltIn">
<var>${cnt}</var>
<arg>${text}</arg>
<doc>Returns and logs the length of the given item as an integer.</doc>
<msg timestamp="20231018 10:27:24.105" level="INFO">Length is 8</msg>
<msg timestamp="20231018 10:27:24.106" level="INFO">${cnt} = 8</msg>
<status status="PASS" starttime="20231018 10:27:24.104" endtime="20231018 10:27:24.106"/>
</kw>
<if>
<branch type="IF" condition="${cnt} &gt; 0">
<kw name="Replace String" library="String">
<var>${text}</var>
<arg>${text}</arg>
<arg>${symbol}</arg>
<arg>${new_text}</arg>
<doc>Replaces ``search_for`` in the given ``string`` with ``replace_with``.</doc>
<msg timestamp="20231018 10:27:24.110" level="INFO">${text} = CA_04 Provident assumenda magnam at.</msg>
<status status="PASS" starttime="20231018 10:27:24.108" endtime="20231018 10:27:24.110"/>
</kw>
<status status="PASS" starttime="20231018 10:27:24.107" endtime="20231018 10:27:24.111"/>
</branch>
<status status="PASS" starttime="20231018 10:27:24.107" endtime="20231018 10:27:24.112"/>
</if>
<msg timestamp="20231018 10:27:24.112" level="INFO">${text} = CA_04 Provident assumenda magnam at.</msg>
<status status="PASS" starttime="20231018 10:27:23.993" endtime="20231018 10:27:24.113"/>
</kw>
<kw name="Get Element Form Item By Name" library="common">
<var>${element}</var>
<arg>${name}</arg>
<arg>//input[contains(@class, "ant-input")]</arg>
<msg timestamp="20231018 10:27:24.119" level="INFO">${element} = xpath=//*[contains(@class, "ant-form-item-label")]/label[text()="Họ và tên"]/../../*[contains(@class, "ant-form-item")]//input[contains(@class, "ant-input")]</msg>
<status status="PASS" starttime="20231018 10:27:24.114" endtime="20231018 10:27:24.119"/>
</kw>
<kw name="Click" library="Browser">
<arg>${element}</arg>
<tag>PageContent</tag>
<tag>Setter</tag>
<doc>Simulates mouse click on the element found by ``selector``.</doc>
<status status="PASS" starttime="20231018 10:27:24.121" endtime="20231018 10:27:24.441"/>
</kw>
<kw name="Clear Text" library="Browser">
<arg>${element}</arg>
<tag>PageContent</tag>
<tag>Setter</tag>
<doc>Clears the text field found by ``selector``.</doc>
<status status="PASS" starttime="20231018 10:27:24.442" endtime="20231018 10:27:24.479"/>
</kw>
<kw name="Fill Text" library="Browser">
<arg>${element}</arg>
<arg>${text}</arg>
<arg>True</arg>
<tag>PageContent</tag>
<tag>Setter</tag>
<doc>Clears and fills the given ``txt`` into the text field found by ``selector``.</doc>
<msg timestamp="20231018 10:27:24.480" level="INFO">Fills the text 'CA_04 Provident assumenda magnam at.' in the given field.</msg>
<status status="PASS" starttime="20231018 10:27:24.479" endtime="20231018 10:27:24.528"/>
</kw>
<kw name="Get Length" library="BuiltIn">
<var>${cnt}</var>
<arg>${text}</arg>
<doc>Returns and logs the length of the given item as an integer.</doc>
<msg timestamp="20231018 10:27:24.529" level="INFO">Length is 36</msg>
<msg timestamp="20231018 10:27:24.529" level="INFO">${cnt} = 36</msg>
<status status="PASS" starttime="20231018 10:27:24.529" endtime="20231018 10:27:24.530"/>
</kw>
<if>
<branch type="IF" condition="${cnt} &gt; 0">
<kw name="Set Global Variable" library="BuiltIn">
<arg>\${STATE["${name}"]}</arg>
<arg>${text}</arg>
<doc>Makes a variable available globally in all tests and suites.</doc>
<msg timestamp="20231018 10:27:24.531" level="INFO">${STATE["Họ và tên"]} = CA_04 Provident assumenda magnam at.</msg>
<status status="PASS" starttime="20231018 10:27:24.530" endtime="20231018 10:27:24.532"/>
</kw>
<status status="PASS" starttime="20231018 10:27:24.530" endtime="20231018 10:27:24.533"/>
</branch>
<status status="PASS" starttime="20231018 10:27:24.530" endtime="20231018 10:27:24.533"/>
</if>
<status status="PASS" starttime="20231018 10:27:23.992" endtime="20231018 10:27:24.534"/>
</kw>
<kw name="Check Text" library="common">
<var>${text}</var>
<arg>_@Họ và tên@_</arg>
<kw name="Get Regexp Matches" library="String">
<var>${containsS}</var>
<arg>${text}</arg>
<arg>_@(.+)@_</arg>
<arg>1</arg>
<doc>Returns a list of all non-overlapping matches in the given string.</doc>
<msg timestamp="20231018 10:27:24.536" level="INFO">${containsS} = ['Họ và tên']</msg>
<status status="PASS" starttime="20231018 10:27:24.535" endtime="20231018 10:27:24.536"/>
</kw>
<kw name="Get Length" library="BuiltIn">
<var>${cntS}</var>
<arg>${containsS}</arg>
<doc>Returns and logs the length of the given item as an integer.</doc>
<msg timestamp="20231018 10:27:24.537" level="INFO">Length is 1</msg>
<msg timestamp="20231018 10:27:24.537" level="INFO">${cntS} = 1</msg>
<status status="PASS" starttime="20231018 10:27:24.536" endtime="20231018 10:27:24.538"/>
</kw>
<if>
<branch type="IF" condition="${cntS} &gt; 0">
<kw name="Set Variable" library="BuiltIn">
<var>${text}</var>
<arg>${STATE["${containsS[0]}"]}</arg>
<doc>Returns the given values which can then be assigned to a variables.</doc>
<msg timestamp="20231018 10:27:24.540" level="INFO">${text} = CA_04 Provident assumenda magnam at.</msg>
<status status="PASS" starttime="20231018 10:27:24.539" endtime="20231018 10:27:24.540"/>
</kw>
<status status="PASS" starttime="20231018 10:27:24.538" endtime="20231018 10:27:24.541"/>
</branch>
<status status="PASS" starttime="20231018 10:27:24.538" endtime="20231018 10:27:24.542"/>
</if>
<msg timestamp="20231018 10:27:24.542" level="INFO">${text} = CA_04 Provident assumenda magnam at.</msg>
<status status="PASS" starttime="20231018 10:27:24.534" endtime="20231018 10:27:24.543"/>
</kw>
<kw name="Set Variable" library="BuiltIn">
<var>${name}</var>
<arg>${text}</arg>
<doc>Returns the given values which can then be assigned to a variables.</doc>
<msg timestamp="20231018 10:27:24.545" level="INFO">${name} = CA_04 Provident assumenda magnam at.</msg>
<status status="PASS" starttime="20231018 10:27:24.544" endtime="20231018 10:27:24.546"/>
</kw>
<kw name="When Enter &quot;email&quot; in &quot;Email&quot; with &quot;_RANDOM_&quot;" library="common" sourcename="Enter &quot;${type}&quot; in &quot;${name}&quot; with &quot;${text}&quot;">
<kw name="Get Random Text" library="common">
<var>${text}</var>
<arg>${type}</arg>
<arg>${text}</arg>
<kw name="Set Variable" library="BuiltIn">
<var>${symbol}</var>
<arg>_RANDOM_</arg>
<doc>Returns the given values which can then be assigned to a variables.</doc>
<msg timestamp="20231018 10:27:24.553" level="INFO">${symbol} = _RANDOM_</msg>
<status status="PASS" starttime="20231018 10:27:24.552" endtime="20231018 10:27:24.554"/>
</kw>
<kw name="Set Variable" library="BuiltIn">
<var>${new_text}</var>
<doc>Returns the given values which can then be assigned to a variables.</doc>
<msg timestamp="20231018 10:27:24.556" level="INFO">${new_text} = </msg>
<status status="PASS" starttime="20231018 10:27:24.555" endtime="20231018 10:27:24.557"/>
</kw>
<kw name="Get Regexp Matches" library="String">
<var>${containsS}</var>
<arg>${text}</arg>
<arg>_@(.+)@_</arg>
<arg>1</arg>
<doc>Returns a list of all non-overlapping matches in the given string.</doc>
<msg timestamp="20231018 10:27:24.559" level="INFO">${containsS} = []</msg>
<status status="PASS" starttime="20231018 10:27:24.558" endtime="20231018 10:27:24.559"/>
</kw>
<kw name="Get Length" library="BuiltIn">
<var>${cntS}</var>
<arg>${containsS}</arg>
<doc>Returns and logs the length of the given item as an integer.</doc>
<msg timestamp="20231018 10:27:24.560" level="INFO">Length is 0</msg>
<msg timestamp="20231018 10:27:24.560" level="INFO">${cntS} = 0</msg>
<status status="PASS" starttime="20231018 10:27:24.559" endtime="20231018 10:27:24.560"/>
</kw>
<kw name="Get Regexp Matches" library="String">
<var>${contains}</var>
<arg>${text}</arg>
<arg>${symbol}</arg>
<doc>Returns a list of all non-overlapping matches in the given string.</doc>
<msg timestamp="20231018 10:27:24.561" level="INFO">${contains} = ['_RANDOM_']</msg>
<status status="PASS" starttime="20231018 10:27:24.561" endtime="20231018 10:27:24.561"/>
</kw>
<kw name="Get Length" library="BuiltIn">
<var>${cnt}</var>
<arg>${contains}</arg>
<doc>Returns and logs the length of the given item as an integer.</doc>
<msg timestamp="20231018 10:27:24.562" level="INFO">Length is 1</msg>
<msg timestamp="20231018 10:27:24.562" level="INFO">${cnt} = 1</msg>
<status status="PASS" starttime="20231018 10:27:24.562" endtime="20231018 10:27:24.563"/>
</kw>
<if>
<branch type="IF" condition="${cntS} &gt; 0">
<kw name="Set Variable" library="BuiltIn">
<var>${new_text}</var>
<arg>${STATE["${containsS[0]}"]}</arg>
<doc>Returns the given values which can then be assigned to a variables.</doc>
<status status="NOT RUN" starttime="20231018 10:27:24.564" endtime="20231018 10:27:24.564"/>
</kw>
<kw name="Set Variable" library="BuiltIn">
<var>${symbol}</var>
<arg>_@${containsS[0]}@_</arg>
<doc>Returns the given values which can then be assigned to a variables.</doc>
<status status="NOT RUN" starttime="20231018 10:27:24.564" endtime="20231018 10:27:24.564"/>
</kw>
<status status="NOT RUN" starttime="20231018 10:27:24.563" endtime="20231018 10:27:24.566"/>
</branch>
<branch type="ELSE IF" condition="${cnt} &gt; 0 and '${type}' == 'test name'">
<kw name="Sentence" library="FakerLibrary">
<var>${random}</var>
<arg>nb_words=3</arg>
<doc>Generate a sentence.</doc>
<status status="NOT RUN" starttime="20231018 10:27:24.568" endtime="20231018 10:27:24.569"/>
</kw>
<kw name="Split String" library="String">
<var>${words}</var>
<arg>${TEST NAME}</arg>
<arg>${SPACE}</arg>
<doc>Splits the ``string`` using ``separator`` as a delimiter string.</doc>
<status status="NOT RUN" starttime="20231018 10:27:24.572" endtime="20231018 10:27:24.573"/>
</kw>
<kw name="Set Variable" library="BuiltIn">
<var>${new_text}</var>
<arg>${words[0]} ${random}</arg>
<doc>Returns the given values which can then be assigned to a variables.</doc>
<status status="NOT RUN" starttime="20231018 10:27:24.574" endtime="20231018 10:27:24.575"/>
</kw>
<status status="NOT RUN" starttime="20231018 10:27:24.567" endtime="20231018 10:27:24.575"/>
</branch>
<branch type="ELSE IF" condition="${cnt} &gt; 0 and '${type}' == 'number'">
<kw name="Random Int" library="FakerLibrary">
<var>${new_text}</var>
<doc>Generate a random integer between two integers ``min`` and ``max`` inclusive
while observing the provided ``step`` value.</doc>
<status status="NOT RUN" starttime="20231018 10:27:24.577" endtime="20231018 10:27:24.578"/>
</kw>
<kw name="Convert To String" library="BuiltIn">
<var>${new_text}</var>
<arg>${new_text}</arg>
<doc>Converts the given item to a Unicode string.</doc>
<status status="NOT RUN" starttime="20231018 10:27:24.579" endtime="20231018 10:27:24.579"/>
</kw>
<status status="NOT RUN" starttime="20231018 10:27:24.576" endtime="20231018 10:27:24.580"/>
</branch>
<branch type="ELSE IF" condition="${cnt} &gt; 0 and '${type}' == 'percentage'">
<kw name="Random Int" library="FakerLibrary">
<var>${new_text}</var>
<arg>max=100</arg>
<doc>Generate a random integer between two integers ``min`` and ``max`` inclusive
while observing the provided ``step`` value.</doc>
<status status="NOT RUN" starttime="20231018 10:27:24.582" endtime="20231018 10:27:24.583"/>
</kw>
<kw name="Convert To String" library="BuiltIn">
<var>${new_text}</var>
<arg>${new_text}</arg>
<doc>Converts the given item to a Unicode string.</doc>
<status status="NOT RUN" starttime="20231018 10:27:24.584" endtime="20231018 10:27:24.585"/>
</kw>
<status status="NOT RUN" starttime="20231018 10:27:24.580" endtime="20231018 10:27:24.586"/>
</branch>
<branch type="ELSE IF" condition="${cnt} &gt; 0 and '${type}' == 'paragraph'">
<kw name="Paragraph" library="FakerLibrary">
<var>${new_text}</var>
<doc>Generate a paragraph.</doc>
<status status="NOT RUN" starttime="20231018 10:27:24.589" endtime="20231018 10:27:24.590"/>
</kw>
<status status="NOT RUN" starttime="20231018 10:27:24.588" endtime="20231018 10:27:24.590"/>
</branch>
<branch type="ELSE IF" condition="${cnt} &gt; 0 and '${type}' == 'email'">
<kw name="Email" library="FakerLibrary">
<var>${new_text}</var>
<msg timestamp="20231018 10:27:24.592" level="INFO">${new_text} = beramiraya@example.org</msg>
<status status="PASS" starttime="20231018 10:27:24.591" endtime="20231018 10:27:24.592"/>
</kw>
<status status="PASS" starttime="20231018 10:27:24.591" endtime="20231018 10:27:24.593"/>
</branch>
<branch type="ELSE IF" condition="${cnt} &gt; 0 and '${type}' == 'phone'">
<kw name="Random Int" library="FakerLibrary">
<var>${new_text}</var>
<arg>min=2000000000</arg>
<arg>max=9999999999</arg>
<doc>Generate a random integer between two integers ``min`` and ``max`` inclusive
while observing the provided ``step`` value.</doc>
<status status="NOT RUN" starttime="20231018 10:27:24.593" endtime="20231018 10:27:24.594"/>
</kw>
<kw name="Convert To String" library="BuiltIn">
<var>${new_text}</var>
<arg>${new_text}</arg>
<doc>Converts the given item to a Unicode string.</doc>
<status status="NOT RUN" starttime="20231018 10:27:24.594" endtime="20231018 10:27:24.594"/>
</kw>
<kw name="Catenate" library="BuiltIn">
<var>${new_text}</var>
<arg>SEPARATOR=</arg>
<arg>0</arg>
<arg>${new_text}</arg>
<doc>Catenates the given items together and returns the resulted string.</doc>
<status status="NOT RUN" starttime="20231018 10:27:24.595" endtime="20231018 10:27:24.595"/>
</kw>
<status status="NOT RUN" starttime="20231018 10:27:24.593" endtime="20231018 10:27:24.595"/>
</branch>
<branch type="ELSE IF" condition="${cnt} &gt; 0 and '${type}' == 'color'">
<kw name="Safe Hex Color" library="FakerLibrary">
<var>${new_text}</var>
<doc>Generate a web-safe color formatted as a hex triplet.</doc>
<status status="NOT RUN" starttime="20231018 10:27:24.596" endtime="20231018 10:27:24.596"/>
</kw>
<status status="NOT RUN" starttime="20231018 10:27:24.595" endtime="20231018 10:27:24.597"/>
</branch>
<branch type="ELSE IF" condition="${cnt} &gt; 0 and &quot;${type}&quot; == 'password'">
<kw name="Password" library="FakerLibrary">
<var>${new_text}</var>
<arg>10</arg>
<arg>True</arg>
<arg>True</arg>
<arg>True</arg>
<arg>True</arg>
<doc>Generate a random password of the specified ``length``.</doc>
<status status="NOT RUN" starttime="20231018 10:27:24.598" endtime="20231018 10:27:24.600"/>
</kw>
<status status="NOT RUN" starttime="20231018 10:27:24.597" endtime="20231018 10:27:24.601"/>
</branch>
<branch type="ELSE IF" condition="${cnt} &gt; 0 and '${type}' == 'date'">
<kw name="Date" library="FakerLibrary">
<var>${new_text}</var>
<arg>pattern=%d-%m-%Y</arg>
<doc>Get a date string between January 1, 1970 and now.</doc>
<status status="NOT RUN" starttime="20231018 10:27:24.602" endtime="20231018 10:27:24.604"/>
</kw>
<status status="NOT RUN" starttime="20231018 10:27:24.601" endtime="20231018 10:27:24.604"/>
</branch>
<branch type="ELSE IF" condition="${cnt} &gt; 0 and '${type}' == 'word'">
<kw name="Sentence" library="FakerLibrary">
<var>${new_text}</var>
<arg>nb_words=2</arg>
<doc>Generate a sentence.</doc>
<status status="NOT RUN" starttime="20231018 10:27:24.606" endtime="20231018 10:27:24.606"/>
</kw>
<status status="NOT RUN" starttime="20231018 10:27:24.605" endtime="20231018 10:27:24.606"/>
</branch>
<branch type="ELSE IF" condition="${cnt} &gt; 0">
<kw name="Sentence" library="FakerLibrary">
<var>${new_text}</var>
<doc>Generate a sentence.</doc>
<status status="NOT RUN" starttime="20231018 10:27:24.607" endtime="20231018 10:27:24.607"/>
</kw>
<status status="NOT RUN" starttime="20231018 10:27:24.607" endtime="20231018 10:27:24.607"/>
</branch>
<status status="PASS" starttime="20231018 10:27:24.563" endtime="20231018 10:27:24.608"/>
</if>
<kw name="Get Length" library="BuiltIn">
<var>${cnt}</var>
<arg>${text}</arg>
<doc>Returns and logs the length of the given item as an integer.</doc>
<msg timestamp="20231018 10:27:24.608" level="INFO">Length is 8</msg>
<msg timestamp="20231018 10:27:24.609" level="INFO">${cnt} = 8</msg>
<status status="PASS" starttime="20231018 10:27:24.608" endtime="20231018 10:27:24.609"/>
</kw>
<if>
<branch type="IF" condition="${cnt} &gt; 0">
<kw name="Replace String" library="String">
<var>${text}</var>
<arg>${text}</arg>
<arg>${symbol}</arg>
<arg>${new_text}</arg>
<doc>Replaces ``search_for`` in the given ``string`` with ``replace_with``.</doc>
<msg timestamp="20231018 10:27:24.610" level="INFO">${text} = beramiraya@example.org</msg>
<status status="PASS" starttime="20231018 10:27:24.609" endtime="20231018 10:27:24.610"/>
</kw>
<status status="PASS" starttime="20231018 10:27:24.609" endtime="20231018 10:27:24.610"/>
</branch>
<status status="PASS" starttime="20231018 10:27:24.609" endtime="20231018 10:27:24.611"/>
</if>
<msg timestamp="20231018 10:27:24.611" level="INFO">${text} = beramiraya@example.org</msg>
<status status="PASS" starttime="20231018 10:27:24.550" endtime="20231018 10:27:24.611"/>
</kw>
<kw name="Get Element Form Item By Name" library="common">
<var>${element}</var>
<arg>${name}</arg>
<arg>//input[contains(@class, "ant-input")]</arg>
<msg timestamp="20231018 10:27:24.612" level="INFO">${element} = xpath=//*[contains(@class, "ant-form-item-label")]/label[text()="Email"]/../../*[contains(@class, "ant-form-item")]//input[contains(@class, "ant-input")]</msg>
<status status="PASS" starttime="20231018 10:27:24.611" endtime="20231018 10:27:24.612"/>
</kw>
<kw name="Click" library="Browser">
<arg>${element}</arg>
<tag>PageContent</tag>
<tag>Setter</tag>
<doc>Simulates mouse click on the element found by ``selector``.</doc>
<status status="PASS" starttime="20231018 10:27:24.612" endtime="20231018 10:27:24.744"/>
</kw>
<kw name="Clear Text" library="Browser">
<arg>${element}</arg>
<tag>PageContent</tag>
<tag>Setter</tag>
<doc>Clears the text field found by ``selector``.</doc>
<status status="PASS" starttime="20231018 10:27:24.745" endtime="20231018 10:27:24.784"/>
</kw>
<kw name="Fill Text" library="Browser">
<arg>${element}</arg>
<arg>${text}</arg>
<arg>True</arg>
<tag>PageContent</tag>
<tag>Setter</tag>
<doc>Clears and fills the given ``txt`` into the text field found by ``selector``.</doc>
<msg timestamp="20231018 10:27:24.786" level="INFO">Fills the text 'beramiraya@example.org' in the given field.</msg>
<status status="PASS" starttime="20231018 10:27:24.785" endtime="20231018 10:27:24.849"/>
</kw>
<kw name="Get Length" library="BuiltIn">
<var>${cnt}</var>
<arg>${text}</arg>
<doc>Returns and logs the length of the given item as an integer.</doc>
<msg timestamp="20231018 10:27:24.851" level="INFO">Length is 22</msg>
<msg timestamp="20231018 10:27:24.852" level="INFO">${cnt} = 22</msg>
<status status="PASS" starttime="20231018 10:27:24.851" endtime="20231018 10:27:24.852"/>
</kw>
<if>
<branch type="IF" condition="${cnt} &gt; 0">
<kw name="Set Global Variable" library="BuiltIn">
<arg>\${STATE["${name}"]}</arg>
<arg>${text}</arg>
<doc>Makes a variable available globally in all tests and suites.</doc>
<msg timestamp="20231018 10:27:24.855" level="INFO">${STATE["Email"]} = beramiraya@example.org</msg>
<status status="PASS" starttime="20231018 10:27:24.854" endtime="20231018 10:27:24.856"/>
</kw>
<status status="PASS" starttime="20231018 10:27:24.853" endtime="20231018 10:27:24.857"/>
</branch>
<status status="PASS" starttime="20231018 10:27:24.853" endtime="20231018 10:27:24.857"/>
</if>
<status status="PASS" starttime="20231018 10:27:24.547" endtime="20231018 10:27:24.858"/>
</kw>
<kw name="When Enter &quot;phone&quot; in &quot;Số điện thoại&quot; with &quot;_RANDOM_&quot;" library="common" sourcename="Enter &quot;${type}&quot; in &quot;${name}&quot; with &quot;${text}&quot;">
<kw name="Get Random Text" library="common">
<var>${text}</var>
<arg>${type}</arg>
<arg>${text}</arg>
<kw name="Set Variable" library="BuiltIn">
<var>${symbol}</var>
<arg>_RANDOM_</arg>
<doc>Returns the given values which can then be assigned to a variables.</doc>
<msg timestamp="20231018 10:27:24.862" level="INFO">${symbol} = _RANDOM_</msg>
<status status="PASS" starttime="20231018 10:27:24.861" endtime="20231018 10:27:24.862"/>
</kw>
<kw name="Set Variable" library="BuiltIn">
<var>${new_text}</var>
<doc>Returns the given values which can then be assigned to a variables.</doc>
<msg timestamp="20231018 10:27:24.864" level="INFO">${new_text} = </msg>
<status status="PASS" starttime="20231018 10:27:24.863" endtime="20231018 10:27:24.864"/>
</kw>
<kw name="Get Regexp Matches" library="String">
<var>${containsS}</var>
<arg>${text}</arg>
<arg>_@(.+)@_</arg>
<arg>1</arg>
<doc>Returns a list of all non-overlapping matches in the given string.</doc>
<msg timestamp="20231018 10:27:24.867" level="INFO">${containsS} = []</msg>
<status status="PASS" starttime="20231018 10:27:24.866" endtime="20231018 10:27:24.868"/>
</kw>
<kw name="Get Length" library="BuiltIn">
<var>${cntS}</var>
<arg>${containsS}</arg>
<doc>Returns and logs the length of the given item as an integer.</doc>
<msg timestamp="20231018 10:27:24.869" level="INFO">Length is 0</msg>
<msg timestamp="20231018 10:27:24.870" level="INFO">${cntS} = 0</msg>
<status status="PASS" starttime="20231018 10:27:24.868" endtime="20231018 10:27:24.870"/>
</kw>
<kw name="Get Regexp Matches" library="String">
<var>${contains}</var>
<arg>${text}</arg>
<arg>${symbol}</arg>
<doc>Returns a list of all non-overlapping matches in the given string.</doc>
<msg timestamp="20231018 10:27:24.873" level="INFO">${contains} = ['_RANDOM_']</msg>
<status status="PASS" starttime="20231018 10:27:24.871" endtime="20231018 10:27:24.873"/>
</kw>
<kw name="Get Length" library="BuiltIn">
<var>${cnt}</var>
<arg>${contains}</arg>
<doc>Returns and logs the length of the given item as an integer.</doc>
<msg timestamp="20231018 10:27:24.875" level="INFO">Length is 1</msg>
<msg timestamp="20231018 10:27:24.876" level="INFO">${cnt} = 1</msg>
<status status="PASS" starttime="20231018 10:27:24.874" endtime="20231018 10:27:24.876"/>
</kw>
<if>
<branch type="IF" condition="${cntS} &gt; 0">
<kw name="Set Variable" library="BuiltIn">
<var>${new_text}</var>
[...]
</kw>
<status status="PASS" starttime="20231018 10:27:28.927" endtime="20231018 10:27:29.594"/>
</kw>
<kw name="When Click &quot;Đóng lại&quot; button" library="common" sourcename="Click &quot;${text}&quot; button">
<kw name="Get Element Count" library="Browser">
<var>${cnt}</var>
<arg>//button[@title = "${text}"]</arg>
<tag>Assertion</tag>
<tag>Getter</tag>
<tag>PageContent</tag>
<doc>Returns the count of elements found with ``selector``.</doc>
<msg timestamp="20231018 10:27:29.630" level="INFO">${cnt} = 1</msg>
<status status="PASS" starttime="20231018 10:27:29.606" endtime="20231018 10:27:29.631"/>
</kw>
<if>
<branch type="IF" condition="${cnt} &gt; 0">
<kw name="Click" library="Browser">
<arg>xpath=//button[@title = "${text}"]</arg>
<tag>PageContent</tag>
<tag>Setter</tag>
<doc>Simulates mouse click on the element found by ``selector``.</doc>
<status status="PASS" starttime="20231018 10:27:29.633" endtime="20231018 10:27:30.427"/>
</kw>
<kw name="Click Confirm To Action" library="common">
<kw name="Set Variable" library="BuiltIn">
<var>${element}</var>
<arg>xpath=//*[contains(@class, "ant-popover")]//*[contains(@class, "ant-btn-primary")]</arg>
<doc>Returns the given values which can then be assigned to a variables.</doc>
<msg timestamp="20231018 10:27:30.429" level="INFO">${element} = xpath=//*[contains(@class, "ant-popover")]//*[contains(@class, "ant-btn-primary")]</msg>
<status status="PASS" starttime="20231018 10:27:30.428" endtime="20231018 10:27:30.429"/>
</kw>
<kw name="Get Element Count" library="Browser">
<var>${count}</var>
<arg>${element}</arg>
<tag>Assertion</tag>
<tag>Getter</tag>
<tag>PageContent</tag>
<doc>Returns the count of elements found with ``selector``.</doc>
<msg timestamp="20231018 10:27:30.693" level="INFO">${count} = 0</msg>
<status status="PASS" starttime="20231018 10:27:30.430" endtime="20231018 10:27:30.693"/>
</kw>
<if>
<branch type="IF" condition="${count} &gt; 0">
<kw name="Click" library="Browser">
<arg>${element}</arg>
<tag>PageContent</tag>
<tag>Setter</tag>
<doc>Simulates mouse click on the element found by ``selector``.</doc>
<status status="NOT RUN" starttime="20231018 10:27:30.695" endtime="20231018 10:27:30.695"/>
</kw>
<kw name="Sleep" library="BuiltIn">
<arg>${SHOULD_TIMEOUT}</arg>
<doc>Pauses the test executed for the given time.</doc>
<status status="NOT RUN" starttime="20231018 10:27:30.696" endtime="20231018 10:27:30.696"/>
</kw>
<kw name="Wait Until Element Spin" library="common">
<status status="NOT RUN" starttime="20231018 10:27:30.696" endtime="20231018 10:27:30.697"/>
</kw>
<status status="NOT RUN" starttime="20231018 10:27:30.694" endtime="20231018 10:27:30.697"/>
</branch>
<status status="PASS" starttime="20231018 10:27:30.694" endtime="20231018 10:27:30.697"/>
</if>
<status status="PASS" starttime="20231018 10:27:30.428" endtime="20231018 10:27:30.698"/>
</kw>
<kw name="Scroll By" library="Browser">
<arg>${None}</arg>
<tag>PageContent</tag>
<tag>Setter</tag>
<doc>Scrolls an element or the page relative from current position by the given values.</doc>
<msg timestamp="20231018 10:27:30.761" level="INFO">JavaScript executed successfully.</msg>
<msg timestamp="20231018 10:27:30.762" level="INFO">JavaScript executed successfully.</msg>
<msg timestamp="20231018 10:27:30.792" level="INFO">JavaScript executed successfully.</msg>
<msg timestamp="20231018 10:27:30.792" level="INFO">JavaScript executed successfully.</msg>
<msg timestamp="20231018 10:27:30.800" level="INFO">JavaScript executed successfully.</msg>
<status status="PASS" starttime="20231018 10:27:30.701" endtime="20231018 10:27:30.801"/>
</kw>
<status status="PASS" starttime="20231018 10:27:29.632" endtime="20231018 10:27:30.802"/>
</branch>
<branch type="ELSE">
<kw name="Click" library="Browser">
<arg>//span[contains(text(),"${text}")]</arg>
<tag>PageContent</tag>
<tag>Setter</tag>
<doc>Simulates mouse click on the element found by ``selector``.</doc>
<status status="NOT RUN" starttime="20231018 10:27:30.803" endtime="20231018 10:27:30.804"/>
</kw>
<kw name="Click Confirm To Action" library="common">
<status status="NOT RUN" starttime="20231018 10:27:30.805" endtime="20231018 10:27:30.805"/>
</kw>
<kw name="Scroll By" library="Browser">
<arg>${None}</arg>
<tag>PageContent</tag>
<tag>Setter</tag>
<doc>Scrolls an element or the page relative from current position by the given values.</doc>
<status status="NOT RUN" starttime="20231018 10:27:30.806" endtime="20231018 10:27:30.807"/>
</kw>
<status status="NOT RUN" starttime="20231018 10:27:30.802" endtime="20231018 10:27:30.807"/>
</branch>
<status status="PASS" starttime="20231018 10:27:29.632" endtime="20231018 10:27:30.808"/>
</if>
<status status="PASS" starttime="20231018 10:27:29.605" endtime="20231018 10:27:30.808"/>
</kw>
<kw name="Then &quot;_@Họ và tên@_&quot; table line should be highlighted" library="common" sourcename="&quot;${name}&quot; table line should be highlighted">
<kw name="Wait Until Element Spin" library="common">
<kw name="Sleep" library="BuiltIn">
<arg>${SHOULD_TIMEOUT}</arg>
<doc>Pauses the test executed for the given time.</doc>
<msg timestamp="20231018 10:27:30.918" level="INFO">Slept 100 milliseconds</msg>
<status status="PASS" starttime="20231018 10:27:30.814" endtime="20231018 10:27:30.919"/>
</kw>
<kw name="Set Variable" library="BuiltIn">
<var>${element}</var>
<arg>xpath=//*[contains(@class, "ant-spin-spinning")]</arg>
<doc>Returns the given values which can then be assigned to a variables.</doc>
<msg timestamp="20231018 10:27:30.920" level="INFO">${element} = xpath=//*[contains(@class, "ant-spin-spinning")]</msg>
<status status="PASS" starttime="20231018 10:27:30.919" endtime="20231018 10:27:30.920"/>
</kw>
<kw name="Get Element Count" library="Browser">
<var>${count}</var>
<arg>${element}</arg>
<tag>Assertion</tag>
<tag>Getter</tag>
<tag>PageContent</tag>
<doc>Returns the count of elements found with ``selector``.</doc>
<msg timestamp="20231018 10:27:30.929" level="INFO">${count} = 0</msg>
<status status="PASS" starttime="20231018 10:27:30.921" endtime="20231018 10:27:30.929"/>
</kw>
<if>
<branch type="IF" condition="${count} &gt; 0">
<kw name="Wait Until Page Does Not Contain Element" library="common">
<arg>${element}</arg>
<status status="NOT RUN" starttime="20231018 10:27:30.933" endtime="20231018 10:27:30.934"/>
</kw>
<status status="NOT RUN" starttime="20231018 10:27:30.930" endtime="20231018 10:27:30.935"/>
</branch>
<status status="PASS" starttime="20231018 10:27:30.930" endtime="20231018 10:27:30.935"/>
</if>
<status status="PASS" starttime="20231018 10:27:30.812" endtime="20231018 10:27:30.936"/>
</kw>
<kw name="Check Text" library="common">
<var>${name}</var>
<arg>${name}</arg>
<kw name="Get Regexp Matches" library="String">
<var>${containsS}</var>
<arg>${text}</arg>
<arg>_@(.+)@_</arg>
<arg>1</arg>
<doc>Returns a list of all non-overlapping matches in the given string.</doc>
<msg timestamp="20231018 10:27:30.938" level="INFO">${containsS} = ['Họ và tên']</msg>
<status status="PASS" starttime="20231018 10:27:30.938" endtime="20231018 10:27:30.939"/>
</kw>
<kw name="Get Length" library="BuiltIn">
<var>${cntS}</var>
<arg>${containsS}</arg>
<doc>Returns and logs the length of the given item as an integer.</doc>
<msg timestamp="20231018 10:27:30.940" level="INFO">Length is 1</msg>
<msg timestamp="20231018 10:27:30.941" level="INFO">${cntS} = 1</msg>
<status status="PASS" starttime="20231018 10:27:30.939" endtime="20231018 10:27:30.941"/>
</kw>
<if>
<branch type="IF" condition="${cntS} &gt; 0">
<kw name="Set Variable" library="BuiltIn">
<var>${text}</var>
<arg>${STATE["${containsS[0]}"]}</arg>
<doc>Returns the given values which can then be assigned to a variables.</doc>
<msg timestamp="20231018 10:27:30.945" level="INFO">${text} = CA_04 Provident assumenda magnam at.</msg>
<status status="PASS" starttime="20231018 10:27:30.943" endtime="20231018 10:27:30.945"/>
</kw>
<status status="PASS" starttime="20231018 10:27:30.942" endtime="20231018 10:27:30.946"/>
</branch>
<status status="PASS" starttime="20231018 10:27:30.942" endtime="20231018 10:27:30.946"/>
</if>
<msg timestamp="20231018 10:27:30.946" level="INFO">${name} = CA_04 Provident assumenda magnam at.</msg>
<status status="PASS" starttime="20231018 10:27:30.936" endtime="20231018 10:27:30.947"/>
</kw>
<kw name="Get Property" library="Browser">
<arg>//button[contains(text(),"${name}")]//ancestor::tr</arg>
<arg>className</arg>
<arg>contains</arg>
<arg>bg-blue-100</arg>
<tag>Assertion</tag>
<tag>Getter</tag>
<tag>PageContent</tag>
<doc>Returns the ``property`` of the element found by ``selector``.</doc>
<msg timestamp="20231018 10:27:30.976" level="INFO">Property: 'bg-blue-100 ant-table-row ng-star-inserted'</msg>
<status status="PASS" starttime="20231018 10:27:30.947" endtime="20231018 10:27:30.976"/>
</kw>
<status status="PASS" starttime="20231018 10:27:30.811" endtime="20231018 10:27:30.977"/>
</kw>
<kw name="When Click on the &quot;Xóa&quot; button in the &quot;_@Họ và tên@_&quot; table line" library="common" sourcename="Click on the &quot;${text}&quot; button in the &quot;${name}&quot; table line">
<kw name="Wait Until Element Spin" library="common">
<kw name="Sleep" library="BuiltIn">
<arg>${SHOULD_TIMEOUT}</arg>
<doc>Pauses the test executed for the given time.</doc>
<msg timestamp="20231018 10:27:31.086" level="INFO">Slept 100 milliseconds</msg>
<status status="PASS" starttime="20231018 10:27:30.984" endtime="20231018 10:27:31.086"/>
</kw>
<kw name="Set Variable" library="BuiltIn">
<var>${element}</var>
<arg>xpath=//*[contains(@class, "ant-spin-spinning")]</arg>
<doc>Returns the given values which can then be assigned to a variables.</doc>
<msg timestamp="20231018 10:27:31.088" level="INFO">${element} = xpath=//*[contains(@class, "ant-spin-spinning")]</msg>
<status status="PASS" starttime="20231018 10:27:31.087" endtime="20231018 10:27:31.088"/>
</kw>
<kw name="Get Element Count" library="Browser">
<var>${count}</var>
<arg>${element}</arg>
<tag>Assertion</tag>
<tag>Getter</tag>
<tag>PageContent</tag>
<doc>Returns the count of elements found with ``selector``.</doc>
<msg timestamp="20231018 10:27:31.097" level="INFO">${count} = 0</msg>
<status status="PASS" starttime="20231018 10:27:31.088" endtime="20231018 10:27:31.097"/>
</kw>
<if>
<branch type="IF" condition="${count} &gt; 0">
<kw name="Wait Until Page Does Not Contain Element" library="common">
<arg>${element}</arg>
<status status="NOT RUN" starttime="20231018 10:27:31.100" endtime="20231018 10:27:31.100"/>
</kw>
<status status="NOT RUN" starttime="20231018 10:27:31.098" endtime="20231018 10:27:31.101"/>
</branch>
<status status="PASS" starttime="20231018 10:27:31.098" endtime="20231018 10:27:31.101"/>
</if>
<status status="PASS" starttime="20231018 10:27:30.983" endtime="20231018 10:27:31.101"/>
</kw>
<kw name="Check Text" library="common">
<var>${name}</var>
<arg>${name}</arg>
<kw name="Get Regexp Matches" library="String">
<var>${containsS}</var>
<arg>${text}</arg>
<arg>_@(.+)@_</arg>
<arg>1</arg>
<doc>Returns a list of all non-overlapping matches in the given string.</doc>
<msg timestamp="20231018 10:27:31.104" level="INFO">${containsS} = ['Họ và tên']</msg>
<status status="PASS" starttime="20231018 10:27:31.103" endtime="20231018 10:27:31.104"/>
</kw>
<kw name="Get Length" library="BuiltIn">
<var>${cntS}</var>
<arg>${containsS}</arg>
<doc>Returns and logs the length of the given item as an integer.</doc>
<msg timestamp="20231018 10:27:31.106" level="INFO">Length is 1</msg>
<msg timestamp="20231018 10:27:31.106" level="INFO">${cntS} = 1</msg>
<status status="PASS" starttime="20231018 10:27:31.105" endtime="20231018 10:27:31.106"/>
</kw>
<if>
<branch type="IF" condition="${cntS} &gt; 0">
<kw name="Set Variable" library="BuiltIn">
<var>${text}</var>
<arg>${STATE["${containsS[0]}"]}</arg>
<doc>Returns the given values which can then be assigned to a variables.</doc>
<msg timestamp="20231018 10:27:31.110" level="INFO">${text} = CA_04 Provident assumenda magnam at.</msg>
<status status="PASS" starttime="20231018 10:27:31.108" endtime="20231018 10:27:31.110"/>
</kw>
<status status="PASS" starttime="20231018 10:27:31.107" endtime="20231018 10:27:31.111"/>
</branch>
<status status="PASS" starttime="20231018 10:27:31.107" endtime="20231018 10:27:31.111"/>
</if>
<msg timestamp="20231018 10:27:31.112" level="INFO">${name} = CA_04 Provident assumenda magnam at.</msg>
<status status="PASS" starttime="20231018 10:27:31.102" endtime="20231018 10:27:31.112"/>
</kw>
<if>
<branch type="IF" condition="'${text}' == 'Chi tiết'">
<kw name="Get Element Table Item By Name" library="common">
<var>${element1}</var>
<arg>${name}</arg>
<arg>//button[@title = "${text}"]</arg>
<status status="NOT RUN" starttime="20231018 10:27:31.113" endtime="20231018 10:27:31.114"/>
</kw>
<kw name="Get Element Count" library="Browser">
<var>${count}</var>
<arg>${element1}</arg>
<tag>Assertion</tag>
<tag>Getter</tag>
<tag>PageContent</tag>
<doc>Returns the count of elements found with ``selector``.</doc>
<status status="NOT RUN" starttime="20231018 10:27:31.116" endtime="20231018 10:27:31.117"/>
</kw>
<if>
<branch type="IF" condition="${count} &gt; 0">
<kw name="Click" library="Browser">
<arg>${element1}</arg>
<tag>PageContent</tag>
<tag>Setter</tag>
<doc>Simulates mouse click on the element found by ``selector``.</doc>
<status status="NOT RUN" starttime="20231018 10:27:31.118" endtime="20231018 10:27:31.119"/>
</kw>
<status status="NOT RUN" starttime="20231018 10:27:31.117" endtime="20231018 10:27:31.119"/>
</branch>
<branch type="ELSE">
<kw name="Get Element Table Item By Name" library="common">
<var>${elementS}</var>
<arg>${name}</arg>
<arg>//p[contains(text(),"${name}")]</arg>
<status status="NOT RUN" starttime="20231018 10:27:31.120" endtime="20231018 10:27:31.121"/>
</kw>
<kw name="Click" library="Browser">
<arg>${elementS}</arg>
<tag>PageContent</tag>
<tag>Setter</tag>
<doc>Simulates mouse click on the element found by ``selector``.</doc>
<status status="NOT RUN" starttime="20231018 10:27:31.121" endtime="20231018 10:27:31.122"/>
</kw>
<status status="NOT RUN" starttime="20231018 10:27:31.120" endtime="20231018 10:27:31.122"/>
</branch>
<status status="NOT RUN" starttime="20231018 10:27:31.117" endtime="20231018 10:27:31.123"/>
</if>
<status status="NOT RUN" starttime="20231018 10:27:31.113" endtime="20231018 10:27:31.123"/>
</branch>
<branch type="ELSE">
<kw name="Get Element Table Item By Name" library="common">
<var>${element}</var>
<arg>${name}</arg>
<arg>//button[@title = "${text}"]</arg>
<msg timestamp="20231018 10:27:31.125" level="INFO">${element} = xpath=//*[contains(@class, "ant-table-row")]//*[contains(text(), "CA_04 Provident assumenda magnam at.")]/ancestor::tr//button[@title = "Xóa"]</msg>
<status status="PASS" starttime="20231018 10:27:31.124" endtime="20231018 10:27:31.125"/>
</kw>
<kw name="Click" library="Browser">
<arg>${element}</arg>
<tag>PageContent</tag>
<tag>Setter</tag>
<doc>Simulates mouse click on the element found by ``selector``.</doc>
<status status="PASS" starttime="20231018 10:27:31.126" endtime="20231018 10:27:31.276"/>
</kw>
<status status="PASS" starttime="20231018 10:27:31.124" endtime="20231018 10:27:31.276"/>
</branch>
<status status="PASS" starttime="20231018 10:27:31.112" endtime="20231018 10:27:31.276"/>
</if>
<kw name="Click Confirm To Action" library="common">
<kw name="Set Variable" library="BuiltIn">
<var>${element}</var>
<arg>xpath=//*[contains(@class, "ant-popover")]//*[contains(@class, "ant-btn-primary")]</arg>
<doc>Returns the given values which can then be assigned to a variables.</doc>
<msg timestamp="20231018 10:27:31.278" level="INFO">${element} = xpath=//*[contains(@class, "ant-popover")]//*[contains(@class, "ant-btn-primary")]</msg>
<status status="PASS" starttime="20231018 10:27:31.277" endtime="20231018 10:27:31.278"/>
</kw>
<kw name="Get Element Count" library="Browser">
<var>${count}</var>
<arg>${element}</arg>
<tag>Assertion</tag>
<tag>Getter</tag>
<tag>PageContent</tag>
<doc>Returns the count of elements found with ``selector``.</doc>
<msg timestamp="20231018 10:27:31.295" level="INFO">${count} = 1</msg>
<status status="PASS" starttime="20231018 10:27:31.278" endtime="20231018 10:27:31.296"/>
</kw>
<if>
<branch type="IF" condition="${count} &gt; 0">
<kw name="Click" library="Browser">
<arg>${element}</arg>
<tag>PageContent</tag>
<tag>Setter</tag>
<doc>Simulates mouse click on the element found by ``selector``.</doc>
<status status="PASS" starttime="20231018 10:27:31.298" endtime="20231018 10:27:31.577"/>
</kw>
<kw name="Sleep" library="BuiltIn">
<arg>${SHOULD_TIMEOUT}</arg>
<doc>Pauses the test executed for the given time.</doc>
<msg timestamp="20231018 10:27:31.679" level="INFO">Slept 100 milliseconds</msg>
<status status="PASS" starttime="20231018 10:27:31.578" endtime="20231018 10:27:31.679"/>
</kw>
<kw name="Wait Until Element Spin" library="common">
<kw name="Sleep" library="BuiltIn">
<arg>${SHOULD_TIMEOUT}</arg>
<doc>Pauses the test executed for the given time.</doc>
<msg timestamp="20231018 10:27:31.785" level="INFO">Slept 100 milliseconds</msg>
<status status="PASS" starttime="20231018 10:27:31.681" endtime="20231018 10:27:31.786"/>
</kw>
<kw name="Set Variable" library="BuiltIn">
<var>${element}</var>
<arg>xpath=//*[contains(@class, "ant-spin-spinning")]</arg>
<doc>Returns the given values which can then be assigned to a variables.</doc>
<msg timestamp="20231018 10:27:31.789" level="INFO">${element} = xpath=//*[contains(@class, "ant-spin-spinning")]</msg>
<status status="PASS" starttime="20231018 10:27:31.788" endtime="20231018 10:27:31.790"/>
</kw>
<kw name="Get Element Count" library="Browser">
<var>${count}</var>
<arg>${element}</arg>
<tag>Assertion</tag>
<tag>Getter</tag>
<tag>PageContent</tag>
<doc>Returns the count of elements found with ``selector``.</doc>
<msg timestamp="20231018 10:27:31.974" level="INFO">${count} = 0</msg>
<status status="PASS" starttime="20231018 10:27:31.790" endtime="20231018 10:27:31.974"/>
</kw>
<if>
<branch type="IF" condition="${count} &gt; 0">
<kw name="Wait Until Page Does Not Contain Element" library="common">
<arg>${element}</arg>
<status status="NOT RUN" starttime="20231018 10:27:31.975" endtime="20231018 10:27:31.975"/>
</kw>
<status status="NOT RUN" starttime="20231018 10:27:31.975" endtime="20231018 10:27:31.976"/>
</branch>
<status status="PASS" starttime="20231018 10:27:31.975" endtime="20231018 10:27:31.976"/>
</if>
<status status="PASS" starttime="20231018 10:27:31.680" endtime="20231018 10:27:31.976"/>
</kw>
<status status="PASS" starttime="20231018 10:27:31.297" endtime="20231018 10:27:31.976"/>
</branch>
<status status="PASS" starttime="20231018 10:27:31.296" endtime="20231018 10:27:31.976"/>
</if>
<status status="PASS" starttime="20231018 10:27:31.277" endtime="20231018 10:27:31.977"/>
</kw>
<status status="PASS" starttime="20231018 10:27:30.981" endtime="20231018 10:27:31.977"/>
</kw>
<kw name="Tear Down" library="common" type="TEARDOWN">
<kw name="Close Browser" library="Browser">
<arg>ALL</arg>
<tag>BrowserControl</tag>
<tag>Setter</tag>
<doc>Closes the current browser.</doc>
<msg timestamp="20231018 10:27:32.695" level="INFO">Closed all browsers</msg>
<status status="PASS" starttime="20231018 10:27:31.980" endtime="20231018 10:27:32.696"/>
</kw>
<status status="PASS" starttime="20231018 10:27:31.979" endtime="20231018 10:27:32.696"/>
</kw>
<tag>MainPage</tag>
<tag>UI</tag>
<status status="PASS" starttime="20231018 10:27:12.502" endtime="20231018 10:27:32.697"/>
</test>
<status status="PASS" starttime="20231018 10:27:10.292" endtime="20231018 10:27:32.709"/>
</suite>
<statistics>
<total>
<stat pass="1" fail="0" skip="0">All Tests</stat>
</total>
<tag>
<stat pass="1" fail="0" skip="0">MainPage</stat>
<stat pass="1" fail="0" skip="0">UI</stat>
</tag>
<suite>
<stat pass="1" fail="0" skip="0" id="s1" name="Customer Account">Customer Account</stat>
</suite>
</statistics>
<errors>
</errors>
</robot>
