<?xml version="1.0" encoding="UTF-8"?>
<robot generator="Robot 6.1.1 (Python 3.11.4 on win32)" generated="20231003 11:58:35.833" rpa="false" schemaversion="4">
<suite id="s1" name="Customer Account" source="d:\Intern test\Automation\Auto_Web\testcases\customer_account.robot">
<test id="s1-t1" name="CA_03 Verify the function of navigating the list of account page" line="36">
<kw name="Setup" library="common" type="SETUP">
<kw name="Set Browser Timeout" library="Browser">
<arg>${BROWSER_TIMEOUT}</arg>
<tag>Config</tag>
<tag>Setter</tag>
<doc>Sets the timeout used by most input and getter keywords.</doc>
<status status="PASS" starttime="20231003 11:58:37.930" endtime="20231003 11:58:37.944"/>
</kw>
<kw name="New Browser" library="Browser">
<arg>${BROWSER}</arg>
<arg>headless=${HEADLESS}</arg>
<tag>BrowserControl</tag>
<tag>Setter</tag>
<doc>Create a new playwright Browser with specified options.</doc>
<msg timestamp="20231003 11:58:37.945" level="INFO">{"browser": "chromium", "headless": false, "chromiumSandbox": false, "devtools": false, "handleSIGHUP": true, "handleSIGINT": true, "handleSIGTERM": true, "ignoreDefaultArgs": false, "slowMo": 0.0, "timeout": 30000.0, "tracesDir": "D:\\Intern test\\Automation\\Auto_Web\\browser\\traces\\5bcffa0f-1a9c-4809-8113-0a8b7bb94c45"}</msg>
<msg timestamp="20231003 11:58:38.991" level="INFO">Successfully created browser with options: {"browser":"chromium","headless":false,"chromiumSandbox":false,"devtools":false,"handleSIGHUP":true,"handleSIGINT":true,"handleSIGTERM":true,"ignoreDefaultArgs":false,"slowMo":0,"timeout":30000,"tracesDir":"D:\\Intern test\\Automation\\Auto_Web\\browser\\traces\\5bcffa0f-1a9c-4809-8113-0a8b7bb94c45"}</msg>
<status status="PASS" starttime="20231003 11:58:37.944" endtime="20231003 11:58:38.992"/>
</kw>
<kw name="New Page" library="Browser">
<arg>${URL_DEFAULT}</arg>
<tag>BrowserControl</tag>
<tag>Setter</tag>
<doc>Open a new Page.</doc>
<msg timestamp="20231003 11:58:44.354" level="INFO">Successfully initialized new page object and opened url: http://dev1.geneat.vn:7802/vn</msg>
<msg timestamp="20231003 11:58:44.354" level="INFO">No context was open. New context was automatically opened when this page is created.</msg>
<status status="PASS" starttime="20231003 11:58:38.993" endtime="20231003 11:58:44.355"/>
</kw>
<kw name="Evaluate" library="BuiltIn">
<var>${STATE}</var>
<arg>json.loads('''{}''')</arg>
<arg>json</arg>
<doc>Evaluates the given expression in Python and returns the result.</doc>
<msg timestamp="20231003 11:58:44.359" level="INFO">${STATE} = {}</msg>
<status status="PASS" starttime="20231003 11:58:44.357" endtime="20231003 11:58:44.360"/>
</kw>
<status status="PASS" starttime="20231003 11:58:37.928" endtime="20231003 11:58:44.360"/>
</kw>
<kw name="Go to &quot;Customer Account&quot; page" sourcename="Go to &quot;${page}&quot; page">
<kw name="Login to admin" library="common">
<kw name="Enter &quot;email&quot; in &quot;Email&quot; with &quot;admin@gmail.com&quot;" library="common" sourcename="Enter &quot;${type}&quot; in &quot;${name}&quot; with &quot;${text}&quot;">
<kw name="Get Random Text" library="common">
<var>${text}</var>
<arg>${type}</arg>
<arg>${text}</arg>
<kw name="Set Variable" library="BuiltIn">
<var>${symbol}</var>
<arg>_RANDOM_</arg>
<doc>Returns the given values which can then be assigned to a variables.</doc>
<msg timestamp="20231003 11:58:44.379" level="INFO">${symbol} = _RANDOM_</msg>
<status status="PASS" starttime="20231003 11:58:44.378" endtime="20231003 11:58:44.379"/>
</kw>
<kw name="Set Variable" library="BuiltIn">
<var>${new_text}</var>
<doc>Returns the given values which can then be assigned to a variables.</doc>
<msg timestamp="20231003 11:58:44.381" level="INFO">${new_text} = </msg>
<status status="PASS" starttime="20231003 11:58:44.380" endtime="20231003 11:58:44.381"/>
</kw>
<kw name="Get Regexp Matches" library="String">
<var>${containsS}</var>
<arg>${text}</arg>
<arg>_@(.+)@_</arg>
<arg>1</arg>
<doc>Returns a list of all non-overlapping matches in the given string.</doc>
<msg timestamp="20231003 11:58:44.383" level="INFO">${containsS} = []</msg>
<status status="PASS" starttime="20231003 11:58:44.382" endtime="20231003 11:58:44.384"/>
</kw>
<kw name="Get Length" library="BuiltIn">
<var>${cntS}</var>
<arg>${containsS}</arg>
<doc>Returns and logs the length of the given item as an integer.</doc>
<msg timestamp="20231003 11:58:44.386" level="INFO">Length is 0</msg>
<msg timestamp="20231003 11:58:44.387" level="INFO">${cntS} = 0</msg>
<status status="PASS" starttime="20231003 11:58:44.386" endtime="20231003 11:58:44.387"/>
</kw>
<kw name="Get Regexp Matches" library="String">
<var>${contains}</var>
<arg>${text}</arg>
<arg>${symbol}</arg>
<doc>Returns a list of all non-overlapping matches in the given string.</doc>
<msg timestamp="20231003 11:58:44.392" level="INFO">${contains} = []</msg>
<status status="PASS" starttime="20231003 11:58:44.388" endtime="20231003 11:58:44.394"/>
</kw>
<kw name="Get Length" library="BuiltIn">
<var>${cnt}</var>
<arg>${contains}</arg>
<doc>Returns and logs the length of the given item as an integer.</doc>
<msg timestamp="20231003 11:58:44.396" level="INFO">Length is 0</msg>
<msg timestamp="20231003 11:58:44.397" level="INFO">${cnt} = 0</msg>
<status status="PASS" starttime="20231003 11:58:44.395" endtime="20231003 11:58:44.397"/>
</kw>
<if>
<branch type="IF" condition="${cntS} &gt; 0">
<kw name="Set Variable" library="BuiltIn">
<var>${new_text}</var>
<arg>${STATE["${containsS[0]}"]}</arg>
<doc>Returns the given values which can then be assigned to a variables.</doc>
<status status="NOT RUN" starttime="20231003 11:58:44.399" endtime="20231003 11:58:44.399"/>
</kw>
<kw name="Set Variable" library="BuiltIn">
<var>${symbol}</var>
<arg>_@${containsS[0]}@_</arg>
<doc>Returns the given values which can then be assigned to a variables.</doc>
<status status="NOT RUN" starttime="20231003 11:58:44.409" endtime="20231003 11:58:44.410"/>
</kw>
<status status="NOT RUN" starttime="20231003 11:58:44.398" endtime="20231003 11:58:44.411"/>
</branch>
<branch type="ELSE IF" condition="${cnt} &gt; 0 and '${type}' == 'test name'">
<kw name="Sentence" library="FakerLibrary">
<var>${random}</var>
<arg>nb_words=3</arg>
<doc>Generate a sentence.</doc>
<status status="NOT RUN" starttime="20231003 11:58:44.413" endtime="20231003 11:58:44.414"/>
</kw>
<kw name="Split String" library="String">
<var>${words}</var>
<arg>${TEST NAME}</arg>
<arg>${SPACE}</arg>
<doc>Splits the ``string`` using ``separator`` as a delimiter string.</doc>
<status status="NOT RUN" starttime="20231003 11:58:44.414" endtime="20231003 11:58:44.415"/>
</kw>
<kw name="Set Variable" library="BuiltIn">
<var>${new_text}</var>
<arg>${words[0]} ${random}</arg>
<doc>Returns the given values which can then be assigned to a variables.</doc>
<status status="NOT RUN" starttime="20231003 11:58:44.416" endtime="20231003 11:58:44.416"/>
</kw>
<status status="NOT RUN" starttime="20231003 11:58:44.412" endtime="20231003 11:58:44.416"/>
</branch>
<branch type="ELSE IF" condition="${cnt} &gt; 0 and '${type}' == 'number'">
<kw name="Random Int" library="FakerLibrary">
<var>${new_text}</var>
<doc>Generate a random integer between two integers ``min`` and ``max`` inclusive
while observing the provided ``step`` value.</doc>
<status status="NOT RUN" starttime="20231003 11:58:44.418" endtime="20231003 11:58:44.418"/>
</kw>
<kw name="Convert To String" library="BuiltIn">
<var>${new_text}</var>
<arg>${new_text}</arg>
<doc>Converts the given item to a Unicode string.</doc>
<status status="NOT RUN" starttime="20231003 11:58:44.419" endtime="20231003 11:58:44.420"/>
</kw>
<status status="NOT RUN" starttime="20231003 11:58:44.417" endtime="20231003 11:58:44.421"/>
</branch>
<branch type="ELSE IF" condition="${cnt} &gt; 0 and '${type}' == 'percentage'">
<kw name="Random Int" library="FakerLibrary">
<var>${new_text}</var>
<arg>max=100</arg>
<doc>Generate a random integer between two integers ``min`` and ``max`` inclusive
while observing the provided ``step`` value.</doc>
<status status="NOT RUN" starttime="20231003 11:58:44.426" endtime="20231003 11:58:44.427"/>
</kw>
<kw name="Convert To String" library="BuiltIn">
<var>${new_text}</var>
<arg>${new_text}</arg>
<doc>Converts the given item to a Unicode string.</doc>
<status status="NOT RUN" starttime="20231003 11:58:44.428" endtime="20231003 11:58:44.429"/>
</kw>
<status status="NOT RUN" starttime="20231003 11:58:44.422" endtime="20231003 11:58:44.430"/>
</branch>
<branch type="ELSE IF" condition="${cnt} &gt; 0 and '${type}' == 'paragraph'">
<kw name="Paragraph" library="FakerLibrary">
<var>${new_text}</var>
<doc>Generate a paragraph.</doc>
<status status="NOT RUN" starttime="20231003 11:58:44.432" endtime="20231003 11:58:44.432"/>
</kw>
<status status="NOT RUN" starttime="20231003 11:58:44.430" endtime="20231003 11:58:44.433"/>
</branch>
<branch type="ELSE IF" condition="${cnt} &gt; 0 and '${type}' == 'email'">
<kw name="Email" library="FakerLibrary">
<var>${new_text}</var>
<status status="NOT RUN" starttime="20231003 11:58:44.435" endtime="20231003 11:58:44.435"/>
</kw>
<status status="NOT RUN" starttime="20231003 11:58:44.433" endtime="20231003 11:58:44.436"/>
</branch>
<branch type="ELSE IF" condition="${cnt} &gt; 0 and '${type}' == 'phone'">
<kw name="Random Int" library="FakerLibrary">
<var>${new_text}</var>
<arg>min=2000000000</arg>
<arg>max=9999999999</arg>
<doc>Generate a random integer between two integers ``min`` and ``max`` inclusive
while observing the provided ``step`` value.</doc>
<status status="NOT RUN" starttime="20231003 11:58:44.438" endtime="20231003 11:58:44.438"/>
</kw>
<kw name="Convert To String" library="BuiltIn">
<var>${new_text}</var>
<arg>${new_text}</arg>
<doc>Converts the given item to a Unicode string.</doc>
<status status="NOT RUN" starttime="20231003 11:58:44.439" endtime="20231003 11:58:44.442"/>
</kw>
<kw name="Catenate" library="BuiltIn">
<var>${new_text}</var>
<arg>SEPARATOR=</arg>
<arg>0</arg>
<arg>${new_text}</arg>
<doc>Catenates the given items together and returns the resulted string.</doc>
<status status="NOT RUN" starttime="20231003 11:58:44.443" endtime="20231003 11:58:44.444"/>
</kw>
<status status="NOT RUN" starttime="20231003 11:58:44.437" endtime="20231003 11:58:44.444"/>
</branch>
<branch type="ELSE IF" condition="${cnt} &gt; 0 and '${type}' == 'color'">
<kw name="Safe Hex Color" library="FakerLibrary">
<var>${new_text}</var>
<doc>Generate a web-safe color formatted as a hex triplet.</doc>
<status status="NOT RUN" starttime="20231003 11:58:44.446" endtime="20231003 11:58:44.446"/>
</kw>
<status status="NOT RUN" starttime="20231003 11:58:44.445" endtime="20231003 11:58:44.446"/>
</branch>
<branch type="ELSE IF" condition="${cnt} &gt; 0 and &quot;${type}&quot; == 'password'">
<kw name="Password" library="FakerLibrary">
<var>${new_text}</var>
<arg>10</arg>
<arg>True</arg>
<arg>True</arg>
<arg>True</arg>
<arg>True</arg>
<doc>Generate a random password of the specified ``length``.</doc>
<status status="NOT RUN" starttime="20231003 11:58:44.450" endtime="20231003 11:58:44.451"/>
</kw>
<status status="NOT RUN" starttime="20231003 11:58:44.448" endtime="20231003 11:58:44.451"/>
</branch>
<branch type="ELSE IF" condition="${cnt} &gt; 0 and '${type}' == 'date'">
<kw name="Date" library="FakerLibrary">
<var>${new_text}</var>
<arg>pattern=%d-%m-%Y</arg>
<doc>Get a date string between January 1, 1970 and now.</doc>
<status status="NOT RUN" starttime="20231003 11:58:44.455" endtime="20231003 11:58:44.456"/>
</kw>
<status status="NOT RUN" starttime="20231003 11:58:44.453" endtime="20231003 11:58:44.459"/>
</branch>
<branch type="ELSE IF" condition="${cnt} &gt; 0 and '${type}' == 'word'">
<kw name="Sentence" library="FakerLibrary">
<var>${new_text}</var>
<arg>nb_words=2</arg>
<doc>Generate a sentence.</doc>
<status status="NOT RUN" starttime="20231003 11:58:44.461" endtime="20231003 11:58:44.461"/>
</kw>
<status status="NOT RUN" starttime="20231003 11:58:44.460" endtime="20231003 11:58:44.462"/>
</branch>
<branch type="ELSE IF" condition="${cnt} &gt; 0">
<kw name="Sentence" library="FakerLibrary">
<var>${new_text}</var>
<doc>Generate a sentence.</doc>
<status status="NOT RUN" starttime="20231003 11:58:44.463" endtime="20231003 11:58:44.463"/>
</kw>
<status status="NOT RUN" starttime="20231003 11:58:44.462" endtime="20231003 11:58:44.464"/>
</branch>
<status status="PASS" starttime="20231003 11:58:44.398" endtime="20231003 11:58:44.464"/>
</if>
<kw name="Get Length" library="BuiltIn">
<var>${cnt}</var>
<arg>${text}</arg>
<doc>Returns and logs the length of the given item as an integer.</doc>
<msg timestamp="20231003 11:58:44.466" level="INFO">Length is 15</msg>
<msg timestamp="20231003 11:58:44.466" level="INFO">${cnt} = 15</msg>
<status status="PASS" starttime="20231003 11:58:44.465" endtime="20231003 11:58:44.466"/>
</kw>
<if>
<branch type="IF" condition="${cnt} &gt; 0">
<kw name="Replace String" library="String">
<var>${text}</var>
<arg>${text}</arg>
<arg>${symbol}</arg>
<arg>${new_text}</arg>
<doc>Replaces ``search_for`` in the given ``string`` with ``replace_with``.</doc>
<msg timestamp="20231003 11:58:44.470" level="INFO">${text} = admin@gmail.com</msg>
<status status="PASS" starttime="20231003 11:58:44.468" endtime="20231003 11:58:44.470"/>
</kw>
<status status="PASS" starttime="20231003 11:58:44.467" endtime="20231003 11:58:44.471"/>
</branch>
<status status="PASS" starttime="20231003 11:58:44.467" endtime="20231003 11:58:44.471"/>
</if>
<msg timestamp="20231003 11:58:44.472" level="INFO">${text} = admin@gmail.com</msg>
<status status="PASS" starttime="20231003 11:58:44.372" endtime="20231003 11:58:44.474"/>
</kw>
<kw name="Get Element Form Item By Name" library="common">
<var>${element}</var>
<arg>${name}</arg>
<arg>//input[contains(@class, "ant-input")]</arg>
<msg timestamp="20231003 11:58:44.477" level="INFO">${element} = xpath=//*[contains(@class, "ant-form-item-label")]/label[text()="Email"]/../../*[contains(@class, "ant-form-item")]//input[contains(@class, "ant-input")]</msg>
<status status="PASS" starttime="20231003 11:58:44.475" endtime="20231003 11:58:44.477"/>
</kw>
<kw name="Clear Text" library="Browser">
<arg>${element}</arg>
<tag>PageContent</tag>
<tag>Setter</tag>
<doc>Clears the text field found by ``selector``.</doc>
<status status="PASS" starttime="20231003 11:58:44.478" endtime="20231003 11:58:44.685"/>
</kw>
<kw name="Fill Text" library="Browser">
<arg>${element}</arg>
<arg>${text}</arg>
<arg>True</arg>
<tag>PageContent</tag>
<tag>Setter</tag>
<doc>Clears and fills the given ``txt`` into the text field found by ``selector``.</doc>
<msg timestamp="20231003 11:58:44.687" level="INFO">Fills the text 'admin@gmail.com' in the given field.</msg>
<status status="PASS" starttime="20231003 11:58:44.686" endtime="20231003 11:58:44.768"/>
</kw>
<kw name="Get Length" library="BuiltIn">
<var>${cnt}</var>
<arg>${text}</arg>
<doc>Returns and logs the length of the given item as an integer.</doc>
<msg timestamp="20231003 11:58:44.770" level="INFO">Length is 15</msg>
<msg timestamp="20231003 11:58:44.770" level="INFO">${cnt} = 15</msg>
<status status="PASS" starttime="20231003 11:58:44.769" endtime="20231003 11:58:44.770"/>
</kw>
<if>
<branch type="IF" condition="${cnt} &gt; 0">
<kw name="Set Global Variable" library="BuiltIn">
<arg>${STATE["${name}"]}</arg>
<arg>${text}</arg>
<doc>Makes a variable available globally in all tests and suites.</doc>
<msg timestamp="20231003 11:58:44.780" level="INFO">${STATE["Email"]} = admin@gmail.com</msg>
<status status="PASS" starttime="20231003 11:58:44.772" endtime="20231003 11:58:44.780"/>
</kw>
<status status="PASS" starttime="20231003 11:58:44.771" endtime="20231003 11:58:44.781"/>
</branch>
<status status="PASS" starttime="20231003 11:58:44.771" endtime="20231003 11:58:44.782"/>
</if>
<status status="PASS" starttime="20231003 11:58:44.370" endtime="20231003 11:58:44.782"/>
</kw>
<kw name="Enter &quot;text&quot; in &quot;Mật khẩu&quot; with &quot;123123&quot;" library="common" sourcename="Enter &quot;${type}&quot; in &quot;${name}&quot; with &quot;${text}&quot;">
<kw name="Get Random Text" library="common">
<var>${text}</var>
<arg>${type}</arg>
<arg>${text}</arg>
<kw name="Set Variable" library="BuiltIn">
<var>${symbol}</var>
<arg>_RANDOM_</arg>
<doc>Returns the given values which can then be assigned to a variables.</doc>
<msg timestamp="20231003 11:58:44.787" level="INFO">${symbol} = _RANDOM_</msg>
<status status="PASS" starttime="20231003 11:58:44.786" endtime="20231003 11:58:44.787"/>
</kw>
<kw name="Set Variable" library="BuiltIn">
<var>${new_text}</var>
<doc>Returns the given values which can then be assigned to a variables.</doc>
<msg timestamp="20231003 11:58:44.789" level="INFO">${new_text} = </msg>
<status status="PASS" starttime="20231003 11:58:44.788" endtime="20231003 11:58:44.789"/>
</kw>
<kw name="Get Regexp Matches" library="String">
<var>${containsS}</var>
<arg>${text}</arg>
<arg>_@(.+)@_</arg>
<arg>1</arg>
<doc>Returns a list of all non-overlapping matches in the given string.</doc>
<msg timestamp="20231003 11:58:44.797" level="INFO">${containsS} = []</msg>
<status status="PASS" starttime="20231003 11:58:44.795" endtime="20231003 11:58:44.797"/>
</kw>
<kw name="Get Length" library="BuiltIn">
<var>${cntS}</var>
<arg>${containsS}</arg>
<doc>Returns and logs the length of the given item as an integer.</doc>
<msg timestamp="20231003 11:58:44.799" level="INFO">Length is 0</msg>
<msg timestamp="20231003 11:58:44.799" level="INFO">${cntS} = 0</msg>
<status status="PASS" starttime="20231003 11:58:44.798" endtime="20231003 11:58:44.800"/>
</kw>
<kw name="Get Regexp Matches" library="String">
<var>${contains}</var>
<arg>${text}</arg>
<arg>${symbol}</arg>
<doc>Returns a list of all non-overlapping matches in the given string.</doc>
<msg timestamp="20231003 11:58:44.802" level="INFO">${contains} = []</msg>
<status status="PASS" starttime="20231003 11:58:44.800" endtime="20231003 11:58:44.802"/>
</kw>
<kw name="Get Length" library="BuiltIn">
<var>${cnt}</var>
<arg>${contains}</arg>
<doc>Returns and logs the length of the given item as an integer.</doc>
<msg timestamp="20231003 11:58:44.804" level="INFO">Length is 0</msg>
<msg timestamp="20231003 11:58:44.804" level="INFO">${cnt} = 0</msg>
<status status="PASS" starttime="20231003 11:58:44.803" endtime="20231003 11:58:44.805"/>
</kw>
<if>
<branch type="IF" condition="${cntS} &gt; 0">
<kw name="Set Variable" library="BuiltIn">
<var>${new_text}</var>
<arg>${STATE["${containsS[0]}"]}</arg>
<doc>Returns the given values which can then be assigned to a variables.</doc>
<status status="NOT RUN" starttime="20231003 11:58:44.812" endtime="20231003 11:58:44.813"/>
</kw>
<kw name="Set Variable" library="BuiltIn">
<var>${symbol}</var>
<arg>_@${containsS[0]}@_</arg>
<doc>Returns the given values which can then be assigned to a variables.</doc>
<status status="NOT RUN" starttime="20231003 11:58:44.814" endtime="20231003 11:58:44.815"/>
</kw>
<status status="NOT RUN" starttime="20231003 11:58:44.805" endtime="20231003 11:58:44.815"/>
</branch>
<branch type="ELSE IF" condition="${cnt} &gt; 0 and '${type}' == 'test name'">
<kw name="Sentence" library="FakerLibrary">
<var>${random}</var>
<arg>nb_words=3</arg>
<doc>Generate a sentence.</doc>
<status status="NOT RUN" starttime="20231003 11:58:44.817" endtime="20231003 11:58:44.818"/>
</kw>
<kw name="Split String" library="String">
<var>${words}</var>
<arg>${TEST NAME}</arg>
<arg>${SPACE}</arg>
<doc>Splits the ``string`` using ``separator`` as a delimiter string.</doc>
<status status="NOT RUN" starttime="20231003 11:58:44.818" endtime="20231003 11:58:44.819"/>
</kw>
<kw name="Set Variable" library="BuiltIn">
<var>${new_text}</var>
<arg>${words[0]} ${random}</arg>
<doc>Returns the given values which can then be assigned to a variables.</doc>
<status status="NOT RUN" starttime="20231003 11:58:44.820" endtime="20231003 11:58:44.820"/>
</kw>
<status status="NOT RUN" starttime="20231003 11:58:44.816" endtime="20231003 11:58:44.821"/>
</branch>
<branch type="ELSE IF" condition="${cnt} &gt; 0 and '${type}' == 'number'">
<kw name="Random Int" library="FakerLibrary">
<var>${new_text}</var>
<doc>Generate a random integer between two integers ``min`` and ``max`` inclusive
while observing the provided ``step`` value.</doc>
<status status="NOT RUN" starttime="20231003 11:58:44.822" endtime="20231003 11:58:44.823"/>
</kw>
<kw name="Convert To String" library="BuiltIn">
<var>${new_text}</var>
<arg>${new_text}</arg>
<doc>Converts the given item to a Unicode string.</doc>
<status status="NOT RUN" starttime="20231003 11:58:44.829" endtime="20231003 11:58:44.829"/>
</kw>
<status status="NOT RUN" starttime="20231003 11:58:44.821" endtime="20231003 11:58:44.830"/>
</branch>
<branch type="ELSE IF" condition="${cnt} &gt; 0 and '${type}' == 'percentage'">
<kw name="Random Int" library="FakerLibrary">
<var>${new_text}</var>
<arg>max=100</arg>
<doc>Generate a random integer between two integers ``min`` and ``max`` inclusive
while observing the provided ``step`` value.</doc>
<status status="NOT RUN" starttime="20231003 11:58:44.832" endtime="20231003 11:58:44.833"/>
</kw>
<kw name="Convert To String" library="BuiltIn">
<var>${new_text}</var>
<arg>${new_text}</arg>
<doc>Converts the given item to a Unicode string.</doc>
<status status="NOT RUN" starttime="20231003 11:58:44.834" endtime="20231003 11:58:44.834"/>
</kw>
<status status="NOT RUN" starttime="20231003 11:58:44.831" endtime="20231003 11:58:44.835"/>
</branch>
<branch type="ELSE IF" condition="${cnt} &gt; 0 and '${type}' == 'paragraph'">
<kw name="Paragraph" library="FakerLibrary">
<var>${new_text}</var>
<doc>Generate a paragraph.</doc>
<status status="NOT RUN" starttime="20231003 11:58:44.836" endtime="20231003 11:58:44.837"/>
</kw>
<status status="NOT RUN" starttime="20231003 11:58:44.835" endtime="20231003 11:58:44.837"/>
</branch>
<branch type="ELSE IF" condition="${cnt} &gt; 0 and '${type}' == 'email'">
<kw name="Email" library="FakerLibrary">
<var>${new_text}</var>
<status status="NOT RUN" starttime="20231003 11:58:44.839" endtime="20231003 11:58:44.846"/>
</kw>
<status status="NOT RUN" starttime="20231003 11:58:44.838" endtime="20231003 11:58:44.846"/>
</branch>
<branch type="ELSE IF" condition="${cnt} &gt; 0 and '${type}' == 'phone'">
<kw name="Random Int" library="FakerLibrary">
<var>${new_text}</var>
<arg>min=2000000000</arg>
<arg>max=9999999999</arg>
<doc>Generate a random integer between two integers ``min`` and ``max`` inclusive
while observing the provided ``step`` value.</doc>
<status status="NOT RUN" starttime="20231003 11:58:44.848" endtime="20231003 11:58:44.854"/>
</kw>
<kw name="Convert To String" library="BuiltIn">
<var>${new_text}</var>
<arg>${new_text}</arg>
<doc>Converts the given item to a Unicode string.</doc>
<status status="NOT RUN" starttime="20231003 11:58:44.855" endtime="20231003 11:58:44.856"/>
</kw>
<kw name="Catenate" library="BuiltIn">
<var>${new_text}</var>
<arg>SEPARATOR=</arg>
<arg>0</arg>
<arg>${new_text}</arg>
<doc>Catenates the given items together and returns the resulted string.</doc>
<status status="NOT RUN" starttime="20231003 11:58:44.859" endtime="20231003 11:58:44.859"/>
</kw>
<status status="NOT RUN" starttime="20231003 11:58:44.847" endtime="20231003 11:58:44.860"/>
</branch>
<branch type="ELSE IF" condition="${cnt} &gt; 0 and '${type}' == 'color'">
<kw name="Safe Hex Color" library="FakerLibrary">
<var>${new_text}</var>
<doc>Generate a web-safe color formatted as a hex triplet.</doc>
<status status="NOT RUN" starttime="20231003 11:58:44.861" endtime="20231003 11:58:44.862"/>
</kw>
<status status="NOT RUN" starttime="20231003 11:58:44.860" endtime="20231003 11:58:44.862"/>
</branch>
<branch type="ELSE IF" condition="${cnt} &gt; 0 and &quot;${type}&quot; == 'password'">
<kw name="Password" library="FakerLibrary">
<var>${new_text}</var>
<arg>10</arg>
<arg>True</arg>
<arg>True</arg>
<arg>True</arg>
<arg>True</arg>
<doc>Generate a random password of the specified ``length``.</doc>
<status status="NOT RUN" starttime="20231003 11:58:44.883" endtime="20231003 11:58:44.884"/>
</kw>
<status status="NOT RUN" starttime="20231003 11:58:44.863" endtime="20231003 11:58:44.884"/>
</branch>
<branch type="ELSE IF" condition="${cnt} &gt; 0 and '${type}' == 'date'">
<kw name="Date" library="FakerLibrary">
<var>${new_text}</var>
<arg>pattern=%d-%m-%Y</arg>
<doc>Get a date string between January 1, 1970 and now.</doc>
<status status="NOT RUN" starttime="20231003 11:58:44.886" endtime="20231003 11:58:44.886"/>
</kw>
<status status="NOT RUN" starttime="20231003 11:58:44.885" endtime="20231003 11:58:44.887"/>
</branch>
<branch type="ELSE IF" condition="${cnt} &gt; 0 and '${type}' == 'word'">
<kw name="Sentence" library="FakerLibrary">
<var>${new_text}</var>
<arg>nb_words=2</arg>
<doc>Generate a sentence.</doc>
<status status="NOT RUN" starttime="20231003 11:58:44.889" endtime="20231003 11:58:44.889"/>
</kw>
<status status="NOT RUN" starttime="20231003 11:58:44.887" endtime="20231003 11:58:44.895"/>
</branch>
<branch type="ELSE IF" condition="${cnt} &gt; 0">
<kw name="Sentence" library="FakerLibrary">
<var>${new_text}</var>
<doc>Generate a sentence.</doc>
<status status="NOT RUN" starttime="20231003 11:58:44.897" endtime="20231003 11:58:44.897"/>
</kw>
<status status="NOT RUN" starttime="20231003 11:58:44.895" endtime="20231003 11:58:44.898"/>
</branch>
<status status="PASS" starttime="20231003 11:58:44.805" endtime="20231003 11:58:44.898"/>
</if>
<kw name="Get Length" library="BuiltIn">
<var>${cnt}</var>
<arg>${text}</arg>
<doc>Returns and logs the length of the given item as an integer.</doc>
<msg timestamp="20231003 11:58:44.899" level="INFO">Length is 6</msg>
<msg timestamp="20231003 11:58:44.900" level="INFO">${cnt} = 6</msg>
<status status="PASS" starttime="20231003 11:58:44.899" endtime="20231003 11:58:44.900"/>
</kw>
<if>
<branch type="IF" condition="${cnt} &gt; 0">
<kw name="Replace String" library="String">
<var>${text}</var>
<arg>${text}</arg>
<arg>${symbol}</arg>
<arg>${new_text}</arg>
<doc>Replaces ``search_for`` in the given ``string`` with ``replace_with``.</doc>
<msg timestamp="20231003 11:58:44.903" level="INFO">${text} = 123123</msg>
<status status="PASS" starttime="20231003 11:58:44.902" endtime="20231003 11:58:44.903"/>
</kw>
<status status="PASS" starttime="20231003 11:58:44.901" endtime="20231003 11:58:44.904"/>
</branch>
<status status="PASS" starttime="20231003 11:58:44.901" endtime="20231003 11:58:44.904"/>
</if>
<msg timestamp="20231003 11:58:44.904" level="INFO">${text} = 123123</msg>
<status status="PASS" starttime="20231003 11:58:44.785" endtime="20231003 11:58:44.905"/>
</kw>
<kw name="Get Element Form Item By Name" library="common">
<var>${element}</var>
<arg>${name}</arg>
<arg>//input[contains(@class, "ant-input")]</arg>
<msg timestamp="20231003 11:58:44.906" level="INFO">${element} = xpath=//*[contains(@class, "ant-form-item-label")]/label[text()="Mật khẩu"]/../../*[contains(@class, "ant-form-item")]//input[contains(@class, "ant-input")]</msg>
<status status="PASS" starttime="20231003 11:58:44.905" endtime="20231003 11:58:44.906"/>
</kw>
<kw name="Clear Text" library="Browser">
<arg>${element}</arg>
<tag>PageContent</tag>
<tag>Setter</tag>
<doc>Clears the text field found by ``selector``.</doc>
<status status="PASS" starttime="20231003 11:58:44.909" endtime="20231003 11:58:44.979"/>
</kw>
<kw name="Fill Text" library="Browser">
<arg>${element}</arg>
<arg>${text}</arg>
<arg>True</arg>
<tag>PageContent</tag>
<tag>Setter</tag>
<doc>Clears and fills the given ``txt`` into the text field found by ``selector``.</doc>
<msg timestamp="20231003 11:58:44.981" level="INFO">Fills the text '123123' in the given field.</msg>
<status status="PASS" starttime="20231003 11:58:44.980" endtime="20231003 11:58:45.036"/>
</kw>
<kw name="Get Length" library="BuiltIn">
<var>${cnt}</var>
<arg>${text}</arg>
<doc>Returns and logs the length of the given item as an integer.</doc>
<msg timestamp="20231003 11:58:45.038" level="INFO">Length is 6</msg>
<msg timestamp="20231003 11:58:45.038" level="INFO">${cnt} = 6</msg>
<status status="PASS" starttime="20231003 11:58:45.037" endtime="20231003 11:58:45.038"/>
</kw>
<if>
<branch type="IF" condition="${cnt} &gt; 0">
<kw name="Set Global Variable" library="BuiltIn">
<arg>${STATE["${name}"]}</arg>
<arg>${text}</arg>
<doc>Makes a variable available globally in all tests and suites.</doc>
<msg timestamp="20231003 11:58:45.045" level="INFO">${STATE["Mật khẩu"]} = 123123</msg>
<status status="PASS" starttime="20231003 11:58:45.043" endtime="20231003 11:58:45.045"/>
</kw>
<status status="PASS" starttime="20231003 11:58:45.039" endtime="20231003 11:58:45.046"/>
</branch>
<status status="PASS" starttime="20231003 11:58:45.039" endtime="20231003 11:58:45.046"/>
</if>
<status status="PASS" starttime="20231003 11:58:44.783" endtime="20231003 11:58:45.047"/>
</kw>
<kw name="Click &quot;Đăng nhập&quot; button" library="common" sourcename="Click &quot;${text}&quot; button">
<kw name="Click" library="Browser">
<arg>xpath=//button[@title = "${text}"]</arg>
<tag>PageContent</tag>
<tag>Setter</tag>
<doc>Simulates mouse click on the element found by ``selector``.</doc>
<status status="PASS" starttime="20231003 11:58:45.048" endtime="20231003 11:58:45.301"/>
</kw>
<kw name="Click Confirm To Action" library="common">
<kw name="Set Variable" library="BuiltIn">
<var>${element}</var>
<arg>xpath=//*[contains(@class, "ant-popover")]//*[contains(@class, "ant-btn-primary")]</arg>
<doc>Returns the given values which can then be assigned to a variables.</doc>
<msg timestamp="20231003 11:58:45.304" level="INFO">${element} = xpath=//*[contains(@class, "ant-popover")]//*[contains(@class, "ant-btn-primary")]</msg>
<status status="PASS" starttime="20231003 11:58:45.303" endtime="20231003 11:58:45.304"/>
</kw>
<kw name="Get Element Count" library="Browser">
<var>${count}</var>
<arg>${element}</arg>
<tag>Assertion</tag>
<tag>Getter</tag>
<tag>PageContent</tag>
<doc>Returns the count of elements found with ``selector``.</doc>
<msg timestamp="20231003 11:58:45.327" level="INFO">${count} = 0</msg>
<status status="PASS" starttime="20231003 11:58:45.305" endtime="20231003 11:58:45.328"/>
</kw>
<if>
<branch type="IF" condition="${count} &gt; 0">
<kw name="Click" library="Browser">
<arg>${element}</arg>
<tag>PageContent</tag>
<tag>Setter</tag>
<doc>Simulates mouse click on the element found by ``selector``.</doc>
<status status="NOT RUN" starttime="20231003 11:58:45.329" endtime="20231003 11:58:45.330"/>
</kw>
<kw name="Sleep" library="BuiltIn">
<arg>${SHOULD_TIMEOUT}</arg>
<doc>Pauses the test executed for the given time.</doc>
<status status="NOT RUN" starttime="20231003 11:58:45.331" endtime="20231003 11:58:45.331"/>
</kw>
<kw name="Wait Until Element Spin" library="common">
<status status="NOT RUN" starttime="20231003 11:58:45.332" endtime="20231003 11:58:45.332"/>
</kw>
<status status="NOT RUN" starttime="20231003 11:58:45.328" endtime="20231003 11:58:45.332"/>
</branch>
<status status="PASS" starttime="20231003 11:58:45.328" endtime="20231003 11:58:45.333"/>
</if>
<status status="PASS" starttime="20231003 11:58:45.302" endtime="20231003 11:58:45.333"/>
</kw>
<kw name="Scroll By" library="Browser">
<arg>${None}</arg>
<tag>PageContent</tag>
<tag>Setter</tag>
<doc>Scrolls an element or the page relative from current position by the given values.</doc>
<msg timestamp="20231003 11:58:45.478" level="INFO">JavaScript executed successfully.</msg>
<msg timestamp="20231003 11:58:45.478" level="INFO">JavaScript executed successfully.</msg>
<msg timestamp="20231003 11:58:45.667" level="INFO">JavaScript executed successfully.</msg>
<msg timestamp="20231003 11:58:45.667" level="INFO">JavaScript executed successfully.</msg>
<msg timestamp="20231003 11:58:45.702" level="INFO">JavaScript executed successfully.</msg>
<status status="PASS" starttime="20231003 11:58:45.334" endtime="20231003 11:58:45.703"/>
</kw>
<status status="PASS" starttime="20231003 11:58:45.047" endtime="20231003 11:58:45.703"/>
</kw>
<kw name="User look message &quot;Success&quot; popup" library="common" sourcename="User look message &quot;${message}&quot; popup">
<kw name="Get Regexp Matches" library="String">
<var>${contains}</var>
<arg>${message}</arg>
<arg>_@(.+)@_</arg>
<arg>1</arg>
<doc>Returns a list of all non-overlapping matches in the given string.</doc>
<msg timestamp="20231003 11:58:45.707" level="INFO">${contains} = []</msg>
<status status="PASS" starttime="20231003 11:58:45.705" endtime="20231003 11:58:45.707"/>
</kw>
<kw name="Get Length" library="BuiltIn">
<var>${cnt}</var>
<arg>${contains}</arg>
<doc>Returns and logs the length of the given item as an integer.</doc>
<msg timestamp="20231003 11:58:45.709" level="INFO">Length is 0</msg>
<msg timestamp="20231003 11:58:45.709" level="INFO">${cnt} = 0</msg>
<status status="PASS" starttime="20231003 11:58:45.708" endtime="20231003 11:58:45.710"/>
</kw>
<if>
<branch type="IF" condition="${cnt} &gt; 0">
<kw name="Replace String" library="String">
<var>${message}</var>
<arg>${message}</arg>
<arg>_@${contains[0]}@_</arg>
<arg>${STATE["${contains[0]}"]}</arg>
<doc>Replaces ``search_for`` in the given ``string`` with ``replace_with``.</doc>
<status status="NOT RUN" starttime="20231003 11:58:45.711" endtime="20231003 11:58:45.712"/>
</kw>
<status status="NOT RUN" starttime="20231003 11:58:45.710" endtime="20231003 11:58:45.712"/>
</branch>
<status status="PASS" starttime="20231003 11:58:45.710" endtime="20231003 11:58:45.712"/>
</if>
<kw name="Element Text Should Be" library="common">
<arg>id=swal2-html-container</arg>
<arg>${message}</arg>
<kw name="Get Text" library="Browser">
<arg>${locator}</arg>
<arg>equal</arg>
<arg>${expected}</arg>
<arg>${message}</arg>
<tag>Assertion</tag>
<tag>Getter</tag>
<tag>PageContent</tag>
<doc>Returns text attribute of the element found by ``selector``.</doc>
<msg timestamp="20231003 11:58:46.031" level="INFO">Text: 'Success'</msg>
<status status="PASS" starttime="20231003 11:58:45.716" endtime="20231003 11:58:46.031"/>
</kw>
<status status="PASS" starttime="20231003 11:58:45.713" endtime="20231003 11:58:46.032"/>
</kw>
<kw name="Set Variable" library="BuiltIn">
<var>${element}</var>
<arg>xpath=//*[contains(@class, "swal2-confirm")]</arg>
<doc>Returns the given values which can then be assigned to a variables.</doc>
<msg timestamp="20231003 11:58:46.033" level="INFO">${element} = xpath=//*[contains(@class, "swal2-confirm")]</msg>
<status status="PASS" starttime="20231003 11:58:46.032" endtime="20231003 11:58:46.033"/>
</kw>
<kw name="Run Keyword And Return Status" library="BuiltIn">
<var>${passed}</var>
<arg>Element Should Be Visible</arg>
<arg>${element}</arg>
<doc>Runs the given keyword with given arguments and returns the status as a Boolean value.</doc>
<kw name="Element Should Be Visible" library="common">
<arg>${element}</arg>
<kw name="Wait For Elements State" library="Browser">
<arg>${locator}</arg>
<arg>visible</arg>
<arg>${timeout}</arg>
<arg>${message}</arg>
<tag>PageContent</tag>
<tag>Wait</tag>
<doc>Waits for the element found by ``selector`` to satisfy state option.</doc>
<msg timestamp="20231003 11:58:46.344" level="INFO" html="true">&lt;/td&gt;&lt;/tr&gt;&lt;tr&gt;&lt;td colspan="3"&gt;&lt;a href="browser/screenshot/fail-screenshot-1.png" target="_blank"&gt;&lt;img src="browser/screenshot/fail-screenshot-1.png" width="800px"/&gt;&lt;/a&gt;</msg>
<msg timestamp="20231003 11:58:46.344" level="INFO">See also file:///D:/Intern%20test/Automation/Auto_Web/playwright-log.txt for additional details.</msg>
<msg timestamp="20231003 11:58:46.345" level="FAIL">TimeoutError: locator.waitFor: Timeout 100ms exceeded.
=========================== logs ===========================
waiting for locator('xpath=//*[contains(@class, "swal2-confirm")]') to be visible
  locator resolved to hidden &lt;button type="button" aria-label="" class="swal2-confirm…&gt;OK&lt;/button&gt;
  locator resolved to hidden &lt;button type="button" aria-label="" class="swal2-confirm…&gt;OK&lt;/button&gt;
  locator resolved to hidden &lt;button type="button" aria-label="" class="swal2-confirm…&gt;OK&lt;/button&gt;
============================================================
Tip: Use "Set Browser Timeout" for increasing the timeout or double check your locator as the targeted element(s) couldn't be found.</msg>
<status status="FAIL" starttime="20231003 11:58:46.035" endtime="20231003 11:58:46.354"/>
</kw>
<status status="FAIL" starttime="20231003 11:58:46.034" endtime="20231003 11:58:46.354"/>
</kw>
<msg timestamp="20231003 11:58:46.355" level="INFO">${passed} = False</msg>
<status status="PASS" starttime="20231003 11:58:46.033" endtime="20231003 11:58:46.355"/>
</kw>
<if>
<branch type="IF" condition="'${passed}' == 'True'">
<kw name="Click" library="Browser">
<arg>${element}</arg>
<tag>PageContent</tag>
<tag>Setter</tag>
<doc>Simulates mouse click on the element found by ``selector``.</doc>
<status status="NOT RUN" starttime="20231003 11:58:46.360" endtime="20231003 11:58:46.360"/>
</kw>
<status status="NOT RUN" starttime="20231003 11:58:46.358" endtime="20231003 11:58:46.361"/>
</branch>
<status status="PASS" starttime="20231003 11:58:46.356" endtime="20231003 11:58:46.361"/>
</if>
<status status="PASS" starttime="20231003 11:58:45.704" endtime="20231003 11:58:46.361"/>
</kw>
<status status="PASS" starttime="20231003 11:58:44.369" endtime="20231003 11:58:46.361"/>
</kw>
<kw name="Click &quot;QUẢN LÝ TÀI KHOẢN&quot; menu" library="common" sourcename="Click &quot;${text}&quot; menu">
<kw name="Click" library="Browser">
<arg>xpath=//li[contains(@class, "menu") and descendant::span[contains(text(), "${text}")]]</arg>
<tag>PageContent</tag>
<tag>Setter</tag>
<doc>Simulates mouse click on the element found by ``selector``.</doc>
<status status="PASS" starttime="20231003 11:58:46.362" endtime="20231003 11:58:47.397"/>
</kw>
<status status="PASS" starttime="20231003 11:58:46.362" endtime="20231003 11:58:47.398"/>
</kw>
<kw name="Get Length" library="BuiltIn">
<var>${cnt}</var>
<arg>${page}</arg>
<doc>Returns and logs the length of the given item as an integer.</doc>
<msg timestamp="20231003 11:58:47.399" level="INFO">Length is 16</msg>
<msg timestamp="20231003 11:58:47.400" level="INFO">${cnt} = 16</msg>
<status status="PASS" starttime="20231003 11:58:47.398" endtime="20231003 11:58:47.400"/>
</kw>
<if>
<branch type="IF" condition="${cnt} &gt; 0 and '${page}' == 'Customer Account'">
<kw name="Click &quot;Tài khoản Người dùng&quot; sub menu to &quot;/customer-account&quot;" library="common" sourcename="Click &quot;${text}&quot; sub menu to &quot;${url}&quot;">
<kw name="Wait Until Element Spin" library="common">
<kw name="Sleep" library="BuiltIn">
<arg>${SHOULD_TIMEOUT}</arg>
<doc>Pauses the test executed for the given time.</doc>
<msg timestamp="20231003 11:58:47.505" level="INFO">Slept 100 milliseconds</msg>
<status status="PASS" starttime="20231003 11:58:47.404" endtime="20231003 11:58:47.505"/>
</kw>
<kw name="Set Variable" library="BuiltIn">
<var>${element}</var>
<arg>xpath=//*[contains(@class, "ant-spin-spinning")]</arg>
<doc>Returns the given values which can then be assigned to a variables.</doc>
<msg timestamp="20231003 11:58:47.506" level="INFO">${element} = xpath=//*[contains(@class, "ant-spin-spinning")]</msg>
<status status="PASS" starttime="20231003 11:58:47.505" endtime="20231003 11:58:47.507"/>
</kw>
<kw name="Get Element Count" library="Browser">
<var>${count}</var>
<arg>${element}</arg>
<tag>Assertion</tag>
<tag>Getter</tag>
<tag>PageContent</tag>
<doc>Returns the count of elements found with ``selector``.</doc>
<msg timestamp="20231003 11:58:47.518" level="INFO">${count} = 0</msg>
<status status="PASS" starttime="20231003 11:58:47.508" endtime="20231003 11:58:47.519"/>
</kw>
<if>
<branch type="IF" condition="${count} &gt; 0">
<kw name="Wait Until Page Does Not Contain Element" library="common">
<arg>${element}</arg>
<status status="NOT RUN" starttime="20231003 11:58:47.521" endtime="20231003 11:58:47.522"/>
</kw>
<status status="NOT RUN" starttime="20231003 11:58:47.520" endtime="20231003 11:58:47.522"/>
</branch>
<status status="PASS" starttime="20231003 11:58:47.519" endtime="20231003 11:58:47.523"/>
</if>
<status status="PASS" starttime="20231003 11:58:47.403" endtime="20231003 11:58:47.524"/>
</kw>
<kw name="Click" library="Browser">
<arg>xpath=//a[contains(@class, "sub-menu") and descendant::span[contains(text(), "${text}")]]</arg>
<tag>PageContent</tag>
<tag>Setter</tag>
<doc>Simulates mouse click on the element found by ``selector``.</doc>
<status status="PASS" starttime="20231003 11:58:47.525" endtime="20231003 11:58:47.901"/>
</kw>
<kw name="Get Url" library="Browser">
<var>${curent_url}</var>
<tag>Assertion</tag>
<tag>Getter</tag>
<tag>PageContent</tag>
<doc>Returns the current URL.</doc>
<msg timestamp="20231003 11:58:47.908" level="INFO">${curent_url} = http://dev1.geneat.vn:7802/vn/customer-account</msg>
<status status="PASS" starttime="20231003 11:58:47.902" endtime="20231003 11:58:47.908"/>
</kw>
<kw name="Should Contain" library="BuiltIn">
<arg>${curent_url}</arg>
<arg>${URL_DEFAULT}${url}</arg>
<doc>Fails if ``container`` does not contain ``item`` one or more times.</doc>
<status status="PASS" starttime="20231003 11:58:47.909" endtime="20231003 11:58:47.910"/>
</kw>
<status status="PASS" starttime="20231003 11:58:47.402" endtime="20231003 11:58:47.911"/>
</kw>
<status status="PASS" starttime="20231003 11:58:47.401" endtime="20231003 11:58:47.911"/>
</branch>
<branch type="ELSE IF" condition="${cnt} &gt; 0 and '${page}' == 'Internal Account'">
<kw name="Click &quot;Tài khoản Nội bộ&quot; sub menu to &quot;/internal-account&quot;" library="common" sourcename="Click &quot;${text}&quot; sub menu to &quot;${url}&quot;">
<status status="NOT RUN" starttime="20231003 11:58:47.913" endtime="20231003 11:58:47.913"/>
</kw>
<status status="NOT RUN" starttime="20231003 11:58:47.912" endtime="20231003 11:58:47.914"/>
</branch>
<branch type="ELSE IF" condition="${cnt} &gt; 0 and '${page}' == 'Profile Farmer'">
<kw name="Click &quot;Profile Farmer&quot; sub menu to &quot;/profile-farmer&quot;" library="common" sourcename="Click &quot;${text}&quot; sub menu to &quot;${url}&quot;">
<status status="NOT RUN" starttime="20231003 11:58:47.915" endtime="20231003 11:58:47.916"/>
</kw>
<status status="NOT RUN" starttime="20231003 11:58:47.914" endtime="20231003 11:58:47.916"/>
</branch>
<status status="PASS" starttime="20231003 11:58:47.401" endtime="20231003 11:58:47.917"/>
</if>
<status status="PASS" starttime="20231003 11:58:44.367" endtime="20231003 11:58:47.917"/>
</kw>
<kw name="Then Check the amount of page list" library="common">
<kw name="Wait Until Element Spin" library="common">
<kw name="Sleep" library="BuiltIn">
<arg>${SHOULD_TIMEOUT}</arg>
<doc>Pauses the test executed for the given time.</doc>
<msg timestamp="20231003 11:58:48.087" level="INFO">Slept 100 milliseconds</msg>
<status status="PASS" starttime="20231003 11:58:47.984" endtime="20231003 11:58:48.087"/>
</kw>
<kw name="Set Variable" library="BuiltIn">
<var>${element}</var>
<arg>xpath=//*[contains(@class, "ant-spin-spinning")]</arg>
<doc>Returns the given values which can then be assigned to a variables.</doc>
<msg timestamp="20231003 11:58:48.088" level="INFO">${element} = xpath=//*[contains(@class, "ant-spin-spinning")]</msg>
<status status="PASS" starttime="20231003 11:58:48.088" endtime="20231003 11:58:48.088"/>
</kw>
<kw name="Get Element Count" library="Browser">
<var>${count}</var>
<arg>${element}</arg>
<tag>Assertion</tag>
<tag>Getter</tag>
<tag>PageContent</tag>
<doc>Returns the count of elements found with ``selector``.</doc>
<msg timestamp="20231003 11:58:48.299" level="INFO">${count} = 0</msg>
<status status="PASS" starttime="20231003 11:58:48.089" endtime="20231003 11:58:48.299"/>
</kw>
<if>
<branch type="IF" condition="${count} &gt; 0">
<kw name="Wait Until Page Does Not Contain Element" library="common">
<arg>${element}</arg>
<status status="NOT RUN" starttime="20231003 11:58:48.301" endtime="20231003 11:58:48.301"/>
</kw>
<status status="NOT RUN" starttime="20231003 11:58:48.300" endtime="20231003 11:58:48.302"/>
</branch>
<status status="PASS" starttime="20231003 11:58:48.300" endtime="20231003 11:58:48.302"/>
</if>
<status status="PASS" starttime="20231003 11:58:47.983" endtime="20231003 11:58:48.303"/>
</kw>
<kw name="Count the number account in list" library="common">
<var>${countA}</var>
<kw name="Wait Until Element Spin" library="common">
<kw name="Sleep" library="BuiltIn">
<arg>${SHOULD_TIMEOUT}</arg>
<doc>Pauses the test executed for the given time.</doc>
<msg timestamp="20231003 11:58:48.412" level="INFO">Slept 100 milliseconds</msg>
<status status="PASS" starttime="20231003 11:58:48.305" endtime="20231003 11:58:48.412"/>
</kw>
<kw name="Set Variable" library="BuiltIn">
<var>${element}</var>
<arg>xpath=//*[contains(@class, "ant-spin-spinning")]</arg>
<doc>Returns the given values which can then be assigned to a variables.</doc>
<msg timestamp="20231003 11:58:48.414" level="INFO">${element} = xpath=//*[contains(@class, "ant-spin-spinning")]</msg>
<status status="PASS" starttime="20231003 11:58:48.413" endtime="20231003 11:58:48.415"/>
</kw>
<kw name="Get Element Count" library="Browser">
<var>${count}</var>
<arg>${element}</arg>
<tag>Assertion</tag>
<tag>Getter</tag>
<tag>PageContent</tag>
<doc>Returns the count of elements found with ``selector``.</doc>
<msg timestamp="20231003 11:58:48.430" level="INFO">${count} = 0</msg>
<status status="PASS" starttime="20231003 11:58:48.416" endtime="20231003 11:58:48.431"/>
</kw>
<if>
<branch type="IF" condition="${count} &gt; 0">
<kw name="Wait Until Page Does Not Contain Element" library="common">
<arg>${element}</arg>
<status status="NOT RUN" starttime="20231003 11:58:48.433" endtime="20231003 11:58:48.433"/>
</kw>
<status status="NOT RUN" starttime="20231003 11:58:48.431" endtime="20231003 11:58:48.434"/>
</branch>
<status status="PASS" starttime="20231003 11:58:48.431" endtime="20231003 11:58:48.435"/>
</if>
<status status="PASS" starttime="20231003 11:58:48.304" endtime="20231003 11:58:48.435"/>
</kw>
<kw name="Set Variable" library="BuiltIn">
<var>${element}</var>
<arg>xpath=//tbody//tr[contains(@class, 'ant-table-row')]</arg>
<doc>Returns the given values which can then be assigned to a variables.</doc>
<msg timestamp="20231003 11:58:48.442" level="INFO">${element} = xpath=//tbody//tr[contains(@class, 'ant-table-row')]</msg>
<status status="PASS" starttime="20231003 11:58:48.437" endtime="20231003 11:58:48.443"/>
</kw>
<kw name="Get Element Count" library="Browser">
<var>${count}</var>
<arg>${element}</arg>
<tag>Assertion</tag>
<tag>Getter</tag>
<tag>PageContent</tag>
<doc>Returns the count of elements found with ``selector``.</doc>
<msg timestamp="20231003 11:58:48.454" level="INFO">${count} = 7</msg>
<status status="PASS" starttime="20231003 11:58:48.444" endtime="20231003 11:58:48.454"/>
</kw>
<if>
<branch type="IF" condition="${count} &lt;= 0">
<kw name="Wait Until Element Spin" library="common">
<status status="NOT RUN" starttime="20231003 11:58:48.459" endtime="20231003 11:58:48.459"/>
</kw>
<kw name="Get Element Count" library="Browser">
<var>${count}</var>
<arg>${element}</arg>
<tag>Assertion</tag>
<tag>Getter</tag>
<tag>PageContent</tag>
<doc>Returns the count of elements found with ``selector``.</doc>
<status status="NOT RUN" starttime="20231003 11:58:48.461" endtime="20231003 11:58:48.461"/>
</kw>
<kw name="Convert To Integer" library="BuiltIn">
<var>${count}</var>
<arg>${count}</arg>
<doc>Converts the given item to an integer number.</doc>
<status status="NOT RUN" starttime="20231003 11:58:48.462" endtime="20231003 11:58:48.463"/>
</kw>
<status status="NOT RUN" starttime="20231003 11:58:48.455" endtime="20231003 11:58:48.463"/>
</branch>
<branch type="ELSE">
<kw name="Convert To Integer" library="BuiltIn">
<var>${count}</var>
<arg>${count}</arg>
<doc>Converts the given item to an integer number.</doc>
<msg timestamp="20231003 11:58:48.466" level="INFO">${count} = 7</msg>
<status status="PASS" starttime="20231003 11:58:48.465" endtime="20231003 11:58:48.466"/>
</kw>
<status status="PASS" starttime="20231003 11:58:48.464" endtime="20231003 11:58:48.467"/>
</branch>
<status status="PASS" starttime="20231003 11:58:48.455" endtime="20231003 11:58:48.467"/>
</if>
<msg timestamp="20231003 11:58:48.468" level="INFO">${countA} = 7</msg>
<status status="PASS" starttime="20231003 11:58:48.303" endtime="20231003 11:58:48.468"/>
</kw>
<kw name="Get the number of total account" library="common">
<var>${totalA}</var>
<kw name="Get Element" library="Browser">
<var>${element}</var>
<arg>//span[contains(@class, 'ml-3')]</arg>
<tag>Getter</tag>
<tag>PageContent</tag>
<doc>Returns a reference to a Playwright [https://playwright.dev/docs/api/class-locator|Locator].</doc>
<msg timestamp="20231003 11:58:48.485" level="INFO">Locator found successfully.</msg>
<msg timestamp="20231003 11:58:48.485" level="INFO">${element} = //span[contains(@class, 'ml-3')]</msg>
<status status="PASS" starttime="20231003 11:58:48.470" endtime="20231003 11:58:48.486"/>
</kw>
<kw name="Get Text" library="Browser">
<var>${text}</var>
<arg>${element}</arg>
<tag>Assertion</tag>
<tag>Getter</tag>
<tag>PageContent</tag>
<doc>Returns text attribute of the element found by ``selector``.</doc>
<msg timestamp="20231003 11:58:48.529" level="INFO">Text: ' 1 -7 của 1120 mục'</msg>
<msg timestamp="20231003 11:58:48.529" level="INFO">${text} =  1 -7 của 1120 mục</msg>
<status status="PASS" starttime="20231003 11:58:48.487" endtime="20231003 11:58:48.530"/>
</kw>
<kw name="Get Regexp Matches" library="String">
<var>${total}</var>
<arg>${text}</arg>
<arg>của (.+) mục</arg>
<arg>1</arg>
<doc>Returns a list of all non-overlapping matches in the given string.</doc>
<msg timestamp="20231003 11:58:48.532" level="INFO">${total} = ['1120']</msg>
<status status="PASS" starttime="20231003 11:58:48.531" endtime="20231003 11:58:48.533"/>
</kw>
<kw name="Convert To Integer" library="BuiltIn">
<var>${total}</var>
<arg>${total[0]}</arg>
<doc>Converts the given item to an integer number.</doc>
<msg timestamp="20231003 11:58:48.536" level="INFO">${total} = 1120</msg>
<status status="PASS" starttime="20231003 11:58:48.533" endtime="20231003 11:58:48.536"/>
</kw>
<kw name="Get Length" library="BuiltIn">
<var>${cnt}</var>
<arg>${text}</arg>
<doc>Returns and logs the length of the given item as an integer.</doc>
<msg timestamp="20231003 11:58:48.538" level="INFO">Length is 18</msg>
<msg timestamp="20231003 11:58:48.538" level="INFO">${cnt} = 18</msg>
<status status="PASS" starttime="20231003 11:58:48.537" endtime="20231003 11:58:48.539"/>
</kw>
<if>
<branch type="IF" condition="${cnt} &gt; 0">
<kw name="Set Variable" library="BuiltIn">
<var>${TotalAccount}</var>
<arg>${total}</arg>
<doc>Returns the given values which can then be assigned to a variables.</doc>
<msg timestamp="20231003 11:58:48.543" level="INFO">${TotalAccount} = 1120</msg>
<status status="PASS" starttime="20231003 11:58:48.542" endtime="20231003 11:58:48.544"/>
</kw>
<status status="PASS" starttime="20231003 11:58:48.541" endtime="20231003 11:58:48.544"/>
</branch>
<status status="PASS" starttime="20231003 11:58:48.541" endtime="20231003 11:58:48.545"/>
</if>
<msg timestamp="20231003 11:58:48.546" level="INFO">${totalA} = 1120</msg>
<status status="PASS" starttime="20231003 11:58:48.469" endtime="20231003 11:58:48.547"/>
</kw>
<if>
<branch type="IF" condition="${countA} == ${totalA}">
<kw name="Set Variable" library="BuiltIn">
<var>${amountPage}</var>
<arg>1</arg>
<doc>Returns the given values which can then be assigned to a variables.</doc>
<status status="NOT RUN" starttime="20231003 11:58:48.549" endtime="20231003 11:58:48.549"/>
</kw>
<kw name="Log To Console" library="BuiltIn">
<arg>'This list contains only one page'</arg>
<doc>Logs the given message to the console.</doc>
<status status="NOT RUN" starttime="20231003 11:58:48.550" endtime="20231003 11:58:48.551"/>
</kw>
<status status="NOT RUN" starttime="20231003 11:58:48.547" endtime="20231003 11:58:48.551"/>
</branch>
<branch type="ELSE IF" condition="${countA} &lt; ${totalA}">
<kw name="Evaluate" library="BuiltIn">
<var>${amountPage}</var>
<arg>(${totalA}//${countA})+1</arg>
<doc>Evaluates the given expression in Python and returns the result.</doc>
<msg timestamp="20231003 11:58:48.553" level="INFO">${amountPage} = 161</msg>
<status status="PASS" starttime="20231003 11:58:48.552" endtime="20231003 11:58:48.553"/>
</kw>
<kw name="Set Variable" library="BuiltIn">
<var>${amountPage}</var>
<arg>${amountPage}</arg>
<doc>Returns the given values which can then be assigned to a variables.</doc>
<msg timestamp="20231003 11:58:48.554" level="INFO">${amountPage} = 161</msg>
<status status="PASS" starttime="20231003 11:58:48.554" endtime="20231003 11:58:48.555"/>
</kw>
<status status="PASS" starttime="20231003 11:58:48.551" endtime="20231003 11:58:48.555"/>
</branch>
<status status="PASS" starttime="20231003 11:58:48.547" endtime="20231003 11:58:48.555"/>
</if>
<status status="PASS" starttime="20231003 11:58:47.981" endtime="20231003 11:58:48.556"/>
</kw>
<kw name="Get the last account name" library="common">
<var>${Last_name}</var>
<kw name="Count the number account in list" library="common">
<var>${pageN}</var>
<kw name="Wait Until Element Spin" library="common">
<kw name="Sleep" library="BuiltIn">
<arg>${SHOULD_TIMEOUT}</arg>
<doc>Pauses the test executed for the given time.</doc>
<msg timestamp="20231003 11:58:48.674" level="INFO">Slept 100 milliseconds</msg>
<status status="PASS" starttime="20231003 11:58:48.569" endtime="20231003 11:58:48.675"/>
</kw>
<kw name="Set Variable" library="BuiltIn">
<var>${element}</var>
<arg>xpath=//*[contains(@class, "ant-spin-spinning")]</arg>
<doc>Returns the given values which can then be assigned to a variables.</doc>
<msg timestamp="20231003 11:58:48.677" level="INFO">${element} = xpath=//*[contains(@class, "ant-spin-spinning")]</msg>
<status status="PASS" starttime="20231003 11:58:48.676" endtime="20231003 11:58:48.677"/>
</kw>
<kw name="Get Element Count" library="Browser">
<var>${count}</var>
<arg>${element}</arg>
<tag>Assertion</tag>
<tag>Getter</tag>
<tag>PageContent</tag>
<doc>Returns the count of elements found with ``selector``.</doc>
<msg timestamp="20231003 11:58:48.686" level="INFO">${count} = 0</msg>
<status status="PASS" starttime="20231003 11:58:48.677" endtime="20231003 11:58:48.687"/>
</kw>
<if>
<branch type="IF" condition="${count} &gt; 0">
<kw name="Wait Until Page Does Not Contain Element" library="common">
<arg>${element}</arg>
<status status="NOT RUN" starttime="20231003 11:58:48.688" endtime="20231003 11:58:48.688"/>
</kw>
<status status="NOT RUN" starttime="20231003 11:58:48.687" endtime="20231003 11:58:48.689"/>
</branch>
<status status="PASS" starttime="20231003 11:58:48.687" endtime="20231003 11:58:48.690"/>
</if>
<status status="PASS" starttime="20231003 11:58:48.568" endtime="20231003 11:58:48.690"/>
</kw>
<kw name="Set Variable" library="BuiltIn">
<var>${element}</var>
<arg>xpath=//tbody//tr[contains(@class, 'ant-table-row')]</arg>
<doc>Returns the given values which can then be assigned to a variables.</doc>
<msg timestamp="20231003 11:58:48.692" level="INFO">${element} = xpath=//tbody//tr[contains(@class, 'ant-table-row')]</msg>
<status status="PASS" starttime="20231003 11:58:48.691" endtime="20231003 11:58:48.692"/>
</kw>
<kw name="Get Element Count" library="Browser">
<var>${count}</var>
<arg>${element}</arg>
<tag>Assertion</tag>
<tag>Getter</tag>
<tag>PageContent</tag>
<doc>Returns the count of elements found with ``selector``.</doc>
<msg timestamp="20231003 11:58:48.701" level="INFO">${count} = 7</msg>
<status status="PASS" starttime="20231003 11:58:48.693" endtime="20231003 11:58:48.701"/>
</kw>
<if>
<branch type="IF" condition="${count} &lt;= 0">
<kw name="Wait Until Element Spin" library="common">
<status status="NOT RUN" starttime="20231003 11:58:48.703" endtime="20231003 11:58:48.704"/>
</kw>
<kw name="Get Element Count" library="Browser">
<var>${count}</var>
<arg>${element}</arg>
<tag>Assertion</tag>
<tag>Getter</tag>
<tag>PageContent</tag>
<doc>Returns the count of elements found with ``selector``.</doc>
<status status="NOT RUN" starttime="20231003 11:58:48.704" endtime="20231003 11:58:48.705"/>
</kw>
<kw name="Convert To Integer" library="BuiltIn">
<var>${count}</var>
<arg>${count}</arg>
<doc>Converts the given item to an integer number.</doc>
<status status="NOT RUN" starttime="20231003 11:58:48.705" endtime="20231003 11:58:48.706"/>
</kw>
<status status="NOT RUN" starttime="20231003 11:58:48.702" endtime="20231003 11:58:48.707"/>
</branch>
<branch type="ELSE">
<kw name="Convert To Integer" library="BuiltIn">
<var>${count}</var>
<arg>${count}</arg>
<doc>Converts the given item to an integer number.</doc>
<msg timestamp="20231003 11:58:48.709" level="INFO">${count} = 7</msg>
<status status="PASS" starttime="20231003 11:58:48.708" endtime="20231003 11:58:48.709"/>
</kw>
<status status="PASS" starttime="20231003 11:58:48.708" endtime="20231003 11:58:48.710"/>
</branch>
<status status="PASS" starttime="20231003 11:58:48.702" endtime="20231003 11:58:48.710"/>
</if>
<msg timestamp="20231003 11:58:48.711" level="INFO">${pageN} = 7</msg>
<status status="PASS" starttime="20231003 11:58:48.567" endtime="20231003 11:58:48.711"/>
</kw>
<kw name="Evaluate" library="BuiltIn">
<var>${number}</var>
<arg>${pageN}+1</arg>
<doc>Evaluates the given expression in Python and returns the result.</doc>
<msg timestamp="20231003 11:58:48.713" level="INFO">${number} = 8</msg>
<status status="PASS" starttime="20231003 11:58:48.712" endtime="20231003 11:58:48.713"/>
</kw>
<kw name="Get Element" library="Browser">
<var>${element}</var>
<arg>//tbody//tr[${number}]//button[contains(@title,"Chi tiết")]</arg>
<tag>Getter</tag>
<tag>PageContent</tag>
<doc>Returns a reference to a Playwright [https://playwright.dev/docs/api/class-locator|Locator].</doc>
<msg timestamp="20231003 11:58:48.727" level="INFO">Locator found successfully.</msg>
<msg timestamp="20231003 11:58:48.727" level="INFO">${element} = //tbody//tr[8]//button[contains(@title,"Chi tiết")]</msg>
<status status="PASS" starttime="20231003 11:58:48.714" endtime="20231003 11:58:48.728"/>
</kw>
<kw name="Get Text" library="Browser">
<var>${LAname}</var>
<arg>${element}</arg>
<tag>Assertion</tag>
<tag>Getter</tag>
<tag>PageContent</tag>
<doc>Returns text attribute of the element found by ``selector``.</doc>
<msg timestamp="20231003 11:58:48.762" level="INFO">Text: 'Người tạo đơn của NTH'</msg>
<msg timestamp="20231003 11:58:48.762" level="INFO">${LAname} = Người tạo đơn của NTH</msg>
<status status="PASS" starttime="20231003 11:58:48.729" endtime="20231003 11:58:48.763"/>
</kw>
<kw name="Get Length" library="BuiltIn">
<var>${cnt}</var>
<arg>${LAname}</arg>
<doc>Returns and logs the length of the given item as an integer.</doc>
<msg timestamp="20231003 11:58:48.764" level="INFO">Length is 21</msg>
<msg timestamp="20231003 11:58:48.765" level="INFO">${cnt} = 21</msg>
<status status="PASS" starttime="20231003 11:58:48.763" endtime="20231003 11:58:48.765"/>
</kw>
<if>
<branch type="IF" condition="${cnt} &gt; 0">
<kw name="Set Global Variable" library="BuiltIn">
<arg>${LAname}</arg>
<arg>${LAname}</arg>
<doc>Makes a variable available globally in all tests and suites.</doc>
<msg timestamp="20231003 11:58:48.767" level="INFO">${LAname} = Người tạo đơn của NTH</msg>
<status status="PASS" starttime="20231003 11:58:48.766" endtime="20231003 11:58:48.768"/>
</kw>
<status status="PASS" starttime="20231003 11:58:48.766" endtime="20231003 11:58:48.768"/>
</branch>
<status status="PASS" starttime="20231003 11:58:48.765" endtime="20231003 11:58:48.768"/>
</if>
<msg timestamp="20231003 11:58:48.769" level="INFO">${Last_name} = Người tạo đơn của NTH</msg>
<status status="PASS" starttime="20231003 11:58:48.565" endtime="20231003 11:58:48.769"/>
</kw>
<kw name="When Create another test account with &quot;Farmer Side&quot; type" sourcename="Create another test account with &quot;${type}&quot; type">
<kw name="When Click &quot;Tạo mới&quot; button" library="common" sourcename="Click &quot;${text}&quot; button">
<kw name="Click" library="Browser">
<arg>xpath=//button[@title = "${text}"]</arg>
<tag>PageContent</tag>
<tag>Setter</tag>
<doc>Simulates mouse click on the element found by ``selector``.</doc>
<status status="PASS" starttime="20231003 11:58:48.777" endtime="20231003 11:58:49.049"/>
</kw>
<kw name="Click Confirm To Action" library="common">
<kw name="Set Variable" library="BuiltIn">
<var>${element}</var>
<arg>xpath=//*[contains(@class, "ant-popover")]//*[contains(@class, "ant-btn-primary")]</arg>
<doc>Returns the given values which can then be assigned to a variables.</doc>
<msg timestamp="20231003 11:58:49.051" level="INFO">${element} = xpath=//*[contains(@class, "ant-popover")]//*[contains(@class, "ant-btn-primary")]</msg>
<status status="PASS" starttime="20231003 11:58:49.050" endtime="20231003 11:58:49.051"/>
</kw>
<kw name="Get Element Count" library="Browser">
<var>${count}</var>
<arg>${element}</arg>
<tag>Assertion</tag>
<tag>Getter</tag>
<tag>PageContent</tag>
<doc>Returns the count of elements found with ``selector``.</doc>
<msg timestamp="20231003 11:58:49.061" level="INFO">${count} = 0</msg>
<status status="PASS" starttime="20231003 11:58:49.051" endtime="20231003 11:58:49.061"/>
</kw>
<if>
<branch type="IF" condition="${count} &gt; 0">
<kw name="Click" library="Browser">
<arg>${element}</arg>
<tag>PageContent</tag>
<tag>Setter</tag>
<doc>Simulates mouse click on the element found by ``selector``.</doc>
<status status="NOT RUN" starttime="20231003 11:58:49.063" endtime="20231003 11:58:49.063"/>
</kw>
<kw name="Sleep" library="BuiltIn">
<arg>${SHOULD_TIMEOUT}</arg>
<doc>Pauses the test executed for the given time.</doc>
<status status="NOT RUN" starttime="20231003 11:58:49.064" endtime="20231003 11:58:49.064"/>
</kw>
<kw name="Wait Until Element Spin" library="common">
<status status="NOT RUN" starttime="20231003 11:58:49.065" endtime="20231003 11:58:49.065"/>
</kw>
<status status="NOT RUN" starttime="20231003 11:58:49.062" endtime="20231003 11:58:49.066"/>
</branch>
<status status="PASS" starttime="20231003 11:58:49.062" endtime="20231003 11:58:49.066"/>
</if>
<status status="PASS" starttime="20231003 11:58:49.049" endtime="20231003 11:58:49.067"/>
</kw>
<kw name="Scroll By" library="Browser">
<arg>${None}</arg>
<tag>PageContent</tag>
<tag>Setter</tag>
<doc>Scrolls an element or the page relative from current position by the given values.</doc>
<msg timestamp="20231003 11:58:49.086" level="INFO">JavaScript executed successfully.</msg>
<msg timestamp="20231003 11:58:49.087" level="INFO">JavaScript executed successfully.</msg>
<msg timestamp="20231003 11:58:49.104" level="INFO">JavaScript executed successfully.</msg>
<msg timestamp="20231003 11:58:49.104" level="INFO">JavaScript executed successfully.</msg>
<msg timestamp="20231003 11:58:49.114" level="INFO">JavaScript executed successfully.</msg>
<status status="PASS" starttime="20231003 11:58:49.067" endtime="20231003 11:58:49.114"/>
</kw>
<status status="PASS" starttime="20231003 11:58:48.776" endtime="20231003 11:58:49.115"/>
</kw>
<kw name="When Enter &quot;test name&quot; in &quot;Họ và tên&quot; with &quot;_RANDOM_&quot;" library="common" sourcename="Enter &quot;${type}&quot; in &quot;${name}&quot; with &quot;${text}&quot;">
<kw name="Get Random Text" library="common">
<var>${text}</var>
<arg>${type}</arg>
<arg>${text}</arg>
<kw name="Set Variable" library="BuiltIn">
<var>${symbol}</var>
<arg>_RANDOM_</arg>
<doc>Returns the given values which can then be assigned to a variables.</doc>
<msg timestamp="20231003 11:58:49.119" level="INFO">${symbol} = _RANDOM_</msg>
<status status="PASS" starttime="20231003 11:58:49.118" endtime="20231003 11:58:49.119"/>
</kw>
<kw name="Set Variable" library="BuiltIn">
<var>${new_text}</var>
<doc>Returns the given values which can then be assigned to a variables.</doc>
<msg timestamp="20231003 11:58:49.121" level="INFO">${new_text} = </msg>
<status status="PASS" starttime="20231003 11:58:49.120" endtime="20231003 11:58:49.121"/>
</kw>
<kw name="Get Regexp Matches" library="String">
<var>${containsS}</var>
<arg>${text}</arg>
<arg>_@(.+)@_</arg>
<arg>1</arg>
<doc>Returns a list of all non-overlapping matches in the given string.</doc>
<msg timestamp="20231003 11:58:49.126" level="INFO">${containsS} = []</msg>
<status status="PASS" starttime="20231003 11:58:49.122" endtime="20231003 11:58:49.127"/>
</kw>
<kw name="Get Length" library="BuiltIn">
<var>${cntS}</var>
<arg>${containsS}</arg>
<doc>Returns and logs the length of the given item as an integer.</doc>
<msg timestamp="20231003 11:58:49.129" level="INFO">Length is 0</msg>
<msg timestamp="20231003 11:58:49.129" level="INFO">${cntS} = 0</msg>
<status status="PASS" starttime="20231003 11:58:49.127" endtime="20231003 11:58:49.130"/>
</kw>
<kw name="Get Regexp Matches" library="String">
<var>${contains}</var>
<arg>${text}</arg>
<arg>${symbol}</arg>
<doc>Returns a list of all non-overlapping matches in the given string.</doc>
<msg timestamp="20231003 11:58:49.132" level="INFO">${contains} = ['_RANDOM_']</msg>
<status status="PASS" starttime="20231003 11:58:49.131" endtime="20231003 11:58:49.132"/>
</kw>
<kw name="Get Length" library="BuiltIn">
<var>${cnt}</var>
<arg>${contains}</arg>
<doc>Returns and logs the length of the given item as an integer.</doc>
<msg timestamp="20231003 11:58:49.134" level="INFO">Length is 1</msg>
<msg timestamp="20231003 11:58:49.135" level="INFO">${cnt} = 1</msg>
<status status="PASS" starttime="20231003 11:58:49.133" endtime="20231003 11:58:49.135"/>
</kw>
<if>
<branch type="IF" condition="${cntS} &gt; 0">
<kw name="Set Variable" library="BuiltIn">
<var>${new_text}</var>
<arg>${STATE["${containsS[0]}"]}</arg>
<doc>Returns the given values which can then be assigned to a variables.</doc>
<status status="NOT RUN" starttime="20231003 11:58:49.137" endtime="20231003 11:58:49.138"/>
</kw>
<kw name="Set Variable" library="BuiltIn">
<var>${symbol}</var>
<arg>_@${containsS[0]}@_</arg>
<doc>Returns the given values which can then be assigned to a variables.</doc>
<status status="NOT RUN" starttime="20231003 11:58:49.139" endtime="20231003 11:58:49.141"/>
</kw>
<status status="NOT RUN" starttime="20231003 11:58:49.136" endtime="20231003 11:58:49.142"/>
</branch>
<branch type="ELSE IF" condition="${cnt} &gt; 0 and '${type}' == 'test name'">
<kw name="Sentence" library="FakerLibrary">
<var>${random}</var>
<arg>nb_words=3</arg>
<doc>Generate a sentence.</doc>
<msg timestamp="20231003 11:58:49.145" level="INFO">${random} = Neque ullam molestias.</msg>
<status status="PASS" starttime="20231003 11:58:49.143" endtime="20231003 11:58:49.145"/>
</kw>
<kw name="Split String" library="String">
<var>${words}</var>
<arg>${TEST NAME}</arg>
<arg>${SPACE}</arg>
<doc>Splits the ``string`` using ``separator`` as a delimiter string.</doc>
<msg timestamp="20231003 11:58:49.147" level="INFO">${words} = ['CA_03', 'Verify', 'the', 'function', 'of', 'navigating', 'the', 'list', 'of', 'account', 'page']</msg>
<status status="PASS" starttime="20231003 11:58:49.146" endtime="20231003 11:58:49.148"/>
</kw>
<kw name="Set Variable" library="BuiltIn">
<var>${new_text}</var>
<arg>${words[0]} ${random}</arg>
<doc>Returns the given values which can then be assigned to a variables.</doc>
<msg timestamp="20231003 11:58:49.151" level="INFO">${new_text} = CA_03 Neque ullam molestias.</msg>
<status status="PASS" starttime="20231003 11:58:49.149" endtime="20231003 11:58:49.152"/>
</kw>
<status status="PASS" starttime="20231003 11:58:49.142" endtime="20231003 11:58:49.152"/>
</branch>
<branch type="ELSE IF" condition="${cnt} &gt; 0 and '${type}' == 'number'">
<kw name="Random Int" library="FakerLibrary">
<var>${new_text}</var>
<doc>Generate a random integer between two integers ``min`` and ``max`` inclusive
while observing the provided ``step`` value.</doc>
<status status="NOT RUN" starttime="20231003 11:58:49.154" endtime="20231003 11:58:49.155"/>
</kw>
<kw name="Convert To String" library="BuiltIn">
<var>${new_text}</var>
<arg>${new_text}</arg>
<doc>Converts the given item to a Unicode string.</doc>
<status status="NOT RUN" starttime="20231003 11:58:49.156" endtime="20231003 11:58:49.158"/>
</kw>
<status status="NOT RUN" starttime="20231003 11:58:49.153" endtime="20231003 11:58:49.159"/>
</branch>
<branch type="ELSE IF" condition="${cnt} &gt; 0 and '${type}' == 'percentage'">
<kw name="Random Int" library="FakerLibrary">
<var>${new_text}</var>
<arg>max=100</arg>
<doc>Generate a random integer between two integers ``min`` and ``max`` inclusive
while observing the provided ``step`` value.</doc>
<status status="NOT RUN" starttime="20231003 11:58:49.160" endtime="20231003 11:58:49.161"/>
</kw>
<kw name="Convert To String" library="BuiltIn">
<var>${new_text}</var>
<arg>${new_text}</arg>
<doc>Converts the given item to a Unicode string.</doc>
<status status="NOT RUN" starttime="20231003 11:58:49.164" endtime="20231003 11:58:49.164"/>
</kw>
<status status="NOT RUN" starttime="20231003 11:58:49.159" endtime="20231003 11:58:49.165"/>
</branch>
<branch type="ELSE IF" condition="${cnt} &gt; 0 and '${type}' == 'paragraph'">
<kw name="Paragraph" library="FakerLibrary">
<var>${new_text}</var>
<doc>Generate a paragraph.</doc>
<status status="NOT RUN" starttime="20231003 11:58:49.167" endtime="20231003 11:58:49.167"/>
</kw>
<status status="NOT RUN" starttime="20231003 11:58:49.166" endtime="20231003 11:58:49.168"/>
</branch>
<branch type="ELSE IF" condition="${cnt} &gt; 0 and '${type}' == 'email'">
<kw name="Email" library="FakerLibrary">
<var>${new_text}</var>
<status status="NOT RUN" starttime="20231003 11:58:49.169" endtime="20231003 11:58:49.170"/>
</kw>
<status status="NOT RUN" starttime="20231003 11:58:49.169" endtime="20231003 11:58:49.171"/>
</branch>
<branch type="ELSE IF" condition="${cnt} &gt; 0 and '${type}' == 'phone'">
<kw name="Random Int" library="FakerLibrary">
<var>${new_text}</var>
<arg>min=2000000000</arg>
<arg>max=9999999999</arg>
<doc>Generate a random integer between two integers ``min`` and ``max`` inclusive
while observing the provided ``step`` value.</doc>
<status status="NOT RUN" starttime="20231003 11:58:49.172" endtime="20231003 11:58:49.175"/>
</kw>
<kw name="Convert To String" library="BuiltIn">
<var>${new_text}</var>
<arg>${new_text}</arg>
<doc>Converts the given item to a Unicode string.</doc>
<status status="NOT RUN" starttime="20231003 11:58:49.176" endtime="20231003 11:58:49.177"/>
</kw>
<kw name="Catenate" library="BuiltIn">
<var>${new_text}</var>
<arg>SEPARATOR=</arg>
<arg>0</arg>
<arg>${new_text}</arg>
<doc>Catenates the given items together and returns the resulted string.</doc>
<status status="NOT RUN" starttime="20231003 11:58:49.178" endtime="20231003 11:58:49.179"/>
</kw>
<status status="NOT RUN" starttime="20231003 11:58:49.171" endtime="20231003 11:58:49.180"/>
</branch>
<branch type="ELSE IF" condition="${cnt} &gt; 0 and '${type}' == 'color'">
<kw name="Safe Hex Color" library="FakerLibrary">
<var>${new_text}</var>
<doc>Generate a web-safe color formatted as a hex triplet.</doc>
<status status="NOT RUN" starttime="20231003 11:58:49.181" endtime="20231003 11:58:49.181"/>
</kw>
<status status="NOT RUN" starttime="20231003 11:58:49.180" endtime="20231003 11:58:49.182"/>
</branch>
<branch type="ELSE IF" condition="${cnt} &gt; 0 and &quot;${type}&quot; == 'password'">
<kw name="Password" library="FakerLibrary">
<var>${new_text}</var>
<arg>10</arg>
<arg>True</arg>
<arg>True</arg>
<arg>True</arg>
<arg>True</arg>
<doc>Generate a random password of the specified ``length``.</doc>
<status status="NOT RUN" starttime="20231003 11:58:49.183" endtime="20231003 11:58:49.184"/>
</kw>
<status status="NOT RUN" starttime="20231003 11:58:49.183" endtime="20231003 11:58:49.185"/>
</branch>
<branch type="ELSE IF" condition="${cnt} &gt; 0 and '${type}' == 'date'">
<kw name="Date" library="FakerLibrary">
<var>${new_text}</var>
<arg>pattern=%d-%m-%Y</arg>
<doc>Get a date string between January 1, 1970 and now.</doc>
<status status="NOT RUN" starttime="20231003 11:58:49.187" endtime="20231003 11:58:49.187"/>
</kw>
<status status="NOT RUN" starttime="20231003 11:58:49.186" endtime="20231003 11:58:49.188"/>
</branch>
<branch type="ELSE IF" condition="${cnt} &gt; 0 and '${type}' == 'word'">
<kw name="Sentence" library="FakerLibrary">
<var>${new_text}</var>
<arg>nb_words=2</arg>
<doc>Generate a sentence.</doc>
<status status="NOT RUN" starttime="20231003 11:58:49.193" endtime="20231003 11:58:49.194"/>
</kw>
<status status="NOT RUN" starttime="20231003 11:58:49.189" endtime="20231003 11:58:49.194"/>
</branch>
<branch type="ELSE IF" condition="${cnt} &gt; 0">
<kw name="Sentence" library="FakerLibrary">
<var>${new_text}</var>
<doc>Generate a sentence.</doc>
<status status="NOT RUN" starttime="20231003 11:58:49.195" endtime="20231003 11:58:49.196"/>
</kw>
<status status="NOT RUN" starttime="20231003 11:58:49.195" endtime="20231003 11:58:49.200"/>
</branch>
<status status="PASS" starttime="20231003 11:58:49.136" endtime="20231003 11:58:49.201"/>
</if>
<kw name="Get Length" library="BuiltIn">
<var>${cnt}</var>
<arg>${text}</arg>
<doc>Returns and logs the length of the given item as an integer.</doc>
<msg timestamp="20231003 11:58:49.203" level="INFO">Length is 8</msg>
<msg timestamp="20231003 11:58:49.204" level="INFO">${cnt} = 8</msg>
<status status="PASS" starttime="20231003 11:58:49.202" endtime="20231003 11:58:49.204"/>
</kw>
<if>
<branch type="IF" condition="${cnt} &gt; 0">
<kw name="Replace String" library="String">
<var>${text}</var>
<arg>${text}</arg>
<arg>${symbol}</arg>
<arg>${new_text}</arg>
<doc>Replaces ``search_for`` in the given ``string`` with ``replace_with``.</doc>
<msg timestamp="20231003 11:58:49.219" level="INFO">${text} = CA_03 Neque ullam molestias.</msg>
<status status="PASS" starttime="20231003 11:58:49.217" endtime="20231003 11:58:49.219"/>
</kw>
<status status="PASS" starttime="20231003 11:58:49.205" endtime="20231003 11:58:49.220"/>
</branch>
<status status="PASS" starttime="20231003 11:58:49.205" endtime="20231003 11:58:49.221"/>
</if>
<msg timestamp="20231003 11:58:49.222" level="INFO">${text} = CA_03 Neque ullam molestias.</msg>
<status status="PASS" starttime="20231003 11:58:49.117" endtime="20231003 11:58:49.232"/>
</kw>
<kw name="Get Element Form Item By Name" library="common">
<var>${element}</var>
<arg>${name}</arg>
<arg>//input[contains(@class, "ant-input")]</arg>
<msg timestamp="20231003 11:58:49.234" level="INFO">${element} = xpath=//*[contains(@class, "ant-form-item-label")]/label[text()="Họ và tên"]/../../*[contains(@class, "ant-form-item")]//input[contains(@class, "ant-input")]</msg>
<status status="PASS" starttime="20231003 11:58:49.233" endtime="20231003 11:58:49.235"/>
</kw>
<kw name="Clear Text" library="Browser">
<arg>${element}</arg>
<tag>PageContent</tag>
<tag>Setter</tag>
<doc>Clears the text field found by ``selector``.</doc>
<status status="PASS" starttime="20231003 11:58:49.236" endtime="20231003 11:58:49.283"/>
</kw>
<kw name="Fill Text" library="Browser">
<arg>${element}</arg>
<arg>${text}</arg>
<arg>True</arg>
<tag>PageContent</tag>
<tag>Setter</tag>
<doc>Clears and fills the given ``txt`` into the text field found by ``selector``.</doc>
<msg timestamp="20231003 11:58:49.286" level="INFO">Fills the text 'CA_03 Neque ullam molestias.' in the given field.</msg>
<status status="PASS" starttime="20231003 11:58:49.284" endtime="20231003 11:58:49.361"/>
</kw>
<kw name="Get Length" library="BuiltIn">
<var>${cnt}</var>
<arg>${text}</arg>
<doc>Returns and logs the length of the given item as an integer.</doc>
<msg timestamp="20231003 11:58:49.363" level="INFO">Length is 28</msg>
<msg timestamp="20231003 11:58:49.364" level="INFO">${cnt} = 28</msg>
<status status="PASS" starttime="20231003 11:58:49.362" endtime="20231003 11:58:49.365"/>
</kw>
<if>
<branch type="IF" condition="${cnt} &gt; 0">
<kw name="Set Global Variable" library="BuiltIn">
<arg>${STATE["${name}"]}</arg>
<arg>${text}</arg>
<doc>Makes a variable available globally in all tests and suites.</doc>
<msg timestamp="20231003 11:58:49.369" level="INFO">${STATE["Họ và tên"]} = CA_03 Neque ullam molestias.</msg>
<status status="PASS" starttime="20231003 11:58:49.367" endtime="20231003 11:58:49.370"/>
</kw>
<status status="PASS" starttime="20231003 11:58:49.366" endtime="20231003 11:58:49.371"/>
</branch>
<status status="PASS" starttime="20231003 11:58:49.365" endtime="20231003 11:58:49.371"/>
</if>
<status status="PASS" starttime="20231003 11:58:49.115" endtime="20231003 11:58:49.372"/>
</kw>
<kw name="Check Text" library="common">
<var>${text}</var>
<arg>_@Họ và tên@_</arg>
<kw name="Get Regexp Matches" library="String">
<var>${containsS}</var>
<arg>${text}</arg>
<arg>_@(.+)@_</arg>
<arg>1</arg>
<doc>Returns a list of all non-overlapping matches in the given string.</doc>
<msg timestamp="20231003 11:58:49.380" level="INFO">${containsS} = ['Họ và tên']</msg>
<status status="PASS" starttime="20231003 11:58:49.378" endtime="20231003 11:58:49.381"/>
</kw>
<kw name="Get Length" library="BuiltIn">
<var>${cntS}</var>
<arg>${containsS}</arg>
<doc>Returns and logs the length of the given item as an integer.</doc>
<msg timestamp="20231003 11:58:49.383" level="INFO">Length is 1</msg>
<msg timestamp="20231003 11:58:49.383" level="INFO">${cntS} = 1</msg>
<status status="PASS" starttime="20231003 11:58:49.381" endtime="20231003 11:58:49.384"/>
</kw>
<if>
<branch type="IF" condition="${cntS} &gt; 0">
<kw name="Set Variable" library="BuiltIn">
<var>${text}</var>
<arg>${STATE["${containsS[0]}"]}</arg>
<doc>Returns the given values which can then be assigned to a variables.</doc>
<msg timestamp="20231003 11:58:49.388" level="INFO">${text} = CA_03 Neque ullam molestias.</msg>
<status status="PASS" starttime="20231003 11:58:49.385" endtime="20231003 11:58:49.388"/>
</kw>
<status status="PASS" starttime="20231003 11:58:49.384" endtime="20231003 11:58:49.388"/>
</branch>
<status status="PASS" starttime="20231003 11:58:49.384" endtime="20231003 11:58:49.389"/>
</if>
<msg timestamp="20231003 11:58:49.392" level="INFO">${text} = CA_03 Neque ullam molestias.</msg>
<status status="PASS" starttime="20231003 11:58:49.372" endtime="20231003 11:58:49.393"/>
</kw>
<kw name="Set Variable" library="BuiltIn">
<var>${name}</var>
<arg>${text}</arg>
<doc>Returns the given values which can then be assigned to a variables.</doc>
<msg timestamp="20231003 11:58:49.397" level="INFO">${name} = CA_03 Neque ullam molestias.</msg>
<status status="PASS" starttime="20231003 11:58:49.395" endtime="20231003 11:58:49.397"/>
</kw>
<kw name="When Enter &quot;email&quot; in &quot;Email&quot; with &quot;_RANDOM_&quot;" library="common" sourcename="Enter &quot;${type}&quot; in &quot;${name}&quot; with &quot;${text}&quot;">
<kw name="Get Random Text" library="common">
<var>${text}</var>
<arg>${type}</arg>
<arg>${text}</arg>
<kw name="Set Variable" library="BuiltIn">
<var>${symbol}</var>
<arg>_RANDOM_</arg>
<doc>Returns the given values which can then be assigned to a variables.</doc>
<msg timestamp="20231003 11:58:49.402" level="INFO">${symbol} = _RANDOM_</msg>
<status status="PASS" starttime="20231003 11:58:49.401" endtime="20231003 11:58:49.402"/>
</kw>
<kw name="Set Variable" library="BuiltIn">
<var>${new_text}</var>
<doc>Returns the given values which can then be assigned to a variables.</doc>
<msg timestamp="20231003 11:58:49.404" level="INFO">${new_text} = </msg>
<status status="PASS" starttime="20231003 11:58:49.403" endtime="20231003 11:58:49.404"/>
</kw>
<kw name="Get Regexp Matches" library="String">
<var>${containsS}</var>
<arg>${text}</arg>
[...]
<var>${count}</var>
<arg>${count}</arg>
<doc>Converts the given item to an integer number.</doc>
<msg timestamp="20231003 11:58:55.628" level="INFO">${count} = 7</msg>
<status status="PASS" starttime="20231003 11:58:55.627" endtime="20231003 11:58:55.628"/>
</kw>
<status status="PASS" starttime="20231003 11:58:55.626" endtime="20231003 11:58:55.629"/>
</branch>
<status status="PASS" starttime="20231003 11:58:55.618" endtime="20231003 11:58:55.629"/>
</if>
<msg timestamp="20231003 11:58:55.630" level="INFO">${pageNum} = 7</msg>
<status status="PASS" starttime="20231003 11:58:55.486" endtime="20231003 11:58:55.630"/>
</kw>
<kw name="Get Regexp Matches" library="String">
<var>${total}</var>
<arg>${text}</arg>
<arg>của (.+) mục</arg>
<arg>1</arg>
<doc>Returns a list of all non-overlapping matches in the given string.</doc>
<msg timestamp="20231003 11:58:55.632" level="INFO">${total} = ['1120']</msg>
<status status="PASS" starttime="20231003 11:58:55.631" endtime="20231003 11:58:55.632"/>
</kw>
<kw name="Convert To Integer" library="BuiltIn">
<var>${total}</var>
<arg>${total[0]}</arg>
<doc>Converts the given item to an integer number.</doc>
<msg timestamp="20231003 11:58:55.635" level="INFO">${total} = 1120</msg>
<status status="PASS" starttime="20231003 11:58:55.633" endtime="20231003 11:58:55.635"/>
</kw>
<kw name="Evaluate" library="BuiltIn">
<var>${NumberAcc}</var>
<arg>${total} % ${pageNum}</arg>
<doc>Evaluates the given expression in Python and returns the result.</doc>
<msg timestamp="20231003 11:58:55.637" level="INFO">${NumberAcc} = 0</msg>
<status status="PASS" starttime="20231003 11:58:55.636" endtime="20231003 11:58:55.637"/>
</kw>
<if>
<branch type="IF" condition="${NumberAcc} == 0">
<kw name="Set Variable" library="BuiltIn">
<var>${NumberAccount}</var>
<arg>${pageNum}</arg>
<doc>Returns the given values which can then be assigned to a variables.</doc>
<msg timestamp="20231003 11:58:55.643" level="INFO">${NumberAccount} = 7</msg>
<status status="PASS" starttime="20231003 11:58:55.642" endtime="20231003 11:58:55.643"/>
</kw>
<status status="PASS" starttime="20231003 11:58:55.638" endtime="20231003 11:58:55.644"/>
</branch>
<branch type="ELSE">
<kw name="Set Variable" library="BuiltIn">
<var>${NumberAccount}</var>
<arg>${NumberAcc}</arg>
<doc>Returns the given values which can then be assigned to a variables.</doc>
<status status="NOT RUN" starttime="20231003 11:58:55.645" endtime="20231003 11:58:55.645"/>
</kw>
<status status="NOT RUN" starttime="20231003 11:58:55.644" endtime="20231003 11:58:55.645"/>
</branch>
<status status="PASS" starttime="20231003 11:58:55.638" endtime="20231003 11:58:55.646"/>
</if>
<msg timestamp="20231003 11:58:55.646" level="INFO">${countS} = 7</msg>
<status status="PASS" starttime="20231003 11:58:55.330" endtime="20231003 11:58:55.646"/>
</kw>
<kw name="Get the last page number" library="common">
<var>${number}</var>
<kw name="Get Element" library="Browser">
<var>${element}</var>
<arg>//span[contains(@class, 'ml-3')]</arg>
<tag>Getter</tag>
<tag>PageContent</tag>
<doc>Returns a reference to a Playwright [https://playwright.dev/docs/api/class-locator|Locator].</doc>
<msg timestamp="20231003 11:58:55.659" level="INFO">Locator found successfully.</msg>
<msg timestamp="20231003 11:58:55.660" level="INFO">${element} = //span[contains(@class, 'ml-3')]</msg>
<status status="PASS" starttime="20231003 11:58:55.647" endtime="20231003 11:58:55.660"/>
</kw>
<kw name="Get Text" library="Browser">
<var>${text}</var>
<arg>${element}</arg>
<tag>Assertion</tag>
<tag>Getter</tag>
<tag>PageContent</tag>
<doc>Returns text attribute of the element found by ``selector``.</doc>
<msg timestamp="20231003 11:58:55.700" level="INFO">Text: ' 1 -7 của 1120 mục'</msg>
<msg timestamp="20231003 11:58:55.701" level="INFO">${text} =  1 -7 của 1120 mục</msg>
<status status="PASS" starttime="20231003 11:58:55.661" endtime="20231003 11:58:55.701"/>
</kw>
<kw name="Count the number account in list" library="common">
<var>${pageNum}</var>
<kw name="Wait Until Element Spin" library="common">
<kw name="Sleep" library="BuiltIn">
<arg>${SHOULD_TIMEOUT}</arg>
<doc>Pauses the test executed for the given time.</doc>
<msg timestamp="20231003 11:58:55.807" level="INFO">Slept 100 milliseconds</msg>
<status status="PASS" starttime="20231003 11:58:55.704" endtime="20231003 11:58:55.807"/>
</kw>
<kw name="Set Variable" library="BuiltIn">
<var>${element}</var>
<arg>xpath=//*[contains(@class, "ant-spin-spinning")]</arg>
<doc>Returns the given values which can then be assigned to a variables.</doc>
<msg timestamp="20231003 11:58:55.809" level="INFO">${element} = xpath=//*[contains(@class, "ant-spin-spinning")]</msg>
<status status="PASS" starttime="20231003 11:58:55.808" endtime="20231003 11:58:55.809"/>
</kw>
<kw name="Get Element Count" library="Browser">
<var>${count}</var>
<arg>${element}</arg>
<tag>Assertion</tag>
<tag>Getter</tag>
<tag>PageContent</tag>
<doc>Returns the count of elements found with ``selector``.</doc>
<msg timestamp="20231003 11:58:55.818" level="INFO">${count} = 0</msg>
<status status="PASS" starttime="20231003 11:58:55.809" endtime="20231003 11:58:55.818"/>
</kw>
<if>
<branch type="IF" condition="${count} &gt; 0">
<kw name="Wait Until Page Does Not Contain Element" library="common">
<arg>${element}</arg>
<status status="NOT RUN" starttime="20231003 11:58:55.819" endtime="20231003 11:58:55.820"/>
</kw>
<status status="NOT RUN" starttime="20231003 11:58:55.819" endtime="20231003 11:58:55.820"/>
</branch>
<status status="PASS" starttime="20231003 11:58:55.819" endtime="20231003 11:58:55.821"/>
</if>
<status status="PASS" starttime="20231003 11:58:55.703" endtime="20231003 11:58:55.821"/>
</kw>
<kw name="Set Variable" library="BuiltIn">
<var>${element}</var>
<arg>xpath=//tbody//tr[contains(@class, 'ant-table-row')]</arg>
<doc>Returns the given values which can then be assigned to a variables.</doc>
<msg timestamp="20231003 11:58:55.825" level="INFO">${element} = xpath=//tbody//tr[contains(@class, 'ant-table-row')]</msg>
<status status="PASS" starttime="20231003 11:58:55.824" endtime="20231003 11:58:55.825"/>
</kw>
<kw name="Get Element Count" library="Browser">
<var>${count}</var>
<arg>${element}</arg>
<tag>Assertion</tag>
<tag>Getter</tag>
<tag>PageContent</tag>
<doc>Returns the count of elements found with ``selector``.</doc>
<msg timestamp="20231003 11:58:55.833" level="INFO">${count} = 7</msg>
<status status="PASS" starttime="20231003 11:58:55.825" endtime="20231003 11:58:55.833"/>
</kw>
<if>
<branch type="IF" condition="${count} &lt;= 0">
<kw name="Wait Until Element Spin" library="common">
<status status="NOT RUN" starttime="20231003 11:58:55.835" endtime="20231003 11:58:55.836"/>
</kw>
<kw name="Get Element Count" library="Browser">
<var>${count}</var>
<arg>${element}</arg>
<tag>Assertion</tag>
<tag>Getter</tag>
<tag>PageContent</tag>
<doc>Returns the count of elements found with ``selector``.</doc>
<status status="NOT RUN" starttime="20231003 11:58:55.837" endtime="20231003 11:58:55.837"/>
</kw>
<kw name="Convert To Integer" library="BuiltIn">
<var>${count}</var>
<arg>${count}</arg>
<doc>Converts the given item to an integer number.</doc>
<status status="NOT RUN" starttime="20231003 11:58:55.838" endtime="20231003 11:58:55.841"/>
</kw>
<status status="NOT RUN" starttime="20231003 11:58:55.834" endtime="20231003 11:58:55.841"/>
</branch>
<branch type="ELSE">
<kw name="Convert To Integer" library="BuiltIn">
<var>${count}</var>
<arg>${count}</arg>
<doc>Converts the given item to an integer number.</doc>
<msg timestamp="20231003 11:58:55.843" level="INFO">${count} = 7</msg>
<status status="PASS" starttime="20231003 11:58:55.842" endtime="20231003 11:58:55.843"/>
</kw>
<status status="PASS" starttime="20231003 11:58:55.842" endtime="20231003 11:58:55.844"/>
</branch>
<status status="PASS" starttime="20231003 11:58:55.834" endtime="20231003 11:58:55.844"/>
</if>
<msg timestamp="20231003 11:58:55.845" level="INFO">${pageNum} = 7</msg>
<status status="PASS" starttime="20231003 11:58:55.702" endtime="20231003 11:58:55.845"/>
</kw>
<kw name="Get Regexp Matches" library="String">
<var>${totalP}</var>
<arg>${text}</arg>
<arg>của (.+) mục</arg>
<arg>1</arg>
<doc>Returns a list of all non-overlapping matches in the given string.</doc>
<msg timestamp="20231003 11:58:55.846" level="INFO">${totalP} = ['1120']</msg>
<status status="PASS" starttime="20231003 11:58:55.846" endtime="20231003 11:58:55.846"/>
</kw>
<kw name="Convert To Integer" library="BuiltIn">
<var>${totalP}</var>
<arg>${totalP[0]}</arg>
<doc>Converts the given item to an integer number.</doc>
<msg timestamp="20231003 11:58:55.849" level="INFO">${totalP} = 1120</msg>
<status status="PASS" starttime="20231003 11:58:55.847" endtime="20231003 11:58:55.849"/>
</kw>
<kw name="Evaluate" library="BuiltIn">
<var>${con}</var>
<arg>${totalP} % ${pageNum}</arg>
<doc>Evaluates the given expression in Python and returns the result.</doc>
<msg timestamp="20231003 11:58:55.850" level="INFO">${con} = 0</msg>
<status status="PASS" starttime="20231003 11:58:55.849" endtime="20231003 11:58:55.850"/>
</kw>
<if>
<branch type="IF" condition="${con} == 0">
<kw name="Evaluate" library="BuiltIn">
<var>${lastPN}</var>
<arg>${totalP}//${pageNum}</arg>
<doc>Evaluates the given expression in Python and returns the result.</doc>
<msg timestamp="20231003 11:58:55.851" level="INFO">${lastPN} = 160</msg>
<status status="PASS" starttime="20231003 11:58:55.851" endtime="20231003 11:58:55.851"/>
</kw>
<status status="PASS" starttime="20231003 11:58:55.850" endtime="20231003 11:58:55.852"/>
</branch>
<branch type="ELSE">
<kw name="Evaluate" library="BuiltIn">
<var>${lastPN}</var>
<arg>(${totalP}//${pageNum})+1</arg>
<doc>Evaluates the given expression in Python and returns the result.</doc>
<status status="NOT RUN" starttime="20231003 11:58:55.852" endtime="20231003 11:58:55.852"/>
</kw>
<status status="NOT RUN" starttime="20231003 11:58:55.852" endtime="20231003 11:58:55.853"/>
</branch>
<status status="PASS" starttime="20231003 11:58:55.850" endtime="20231003 11:58:55.853"/>
</if>
<kw name="Get Length" library="BuiltIn">
<var>${cnt}</var>
<arg>${text}</arg>
<doc>Returns and logs the length of the given item as an integer.</doc>
<msg timestamp="20231003 11:58:55.853" level="INFO">Length is 18</msg>
<msg timestamp="20231003 11:58:55.854" level="INFO">${cnt} = 18</msg>
<status status="PASS" starttime="20231003 11:58:55.853" endtime="20231003 11:58:55.854"/>
</kw>
<if>
<branch type="IF" condition="${cnt} &gt; 0">
<kw name="Set Variable" library="BuiltIn">
<var>${lastPageNumber}</var>
<arg>${lastPN}</arg>
<doc>Returns the given values which can then be assigned to a variables.</doc>
<msg timestamp="20231003 11:58:55.857" level="INFO">${lastPageNumber} = 160</msg>
<status status="PASS" starttime="20231003 11:58:55.856" endtime="20231003 11:58:55.857"/>
</kw>
<kw name="Convert To String" library="BuiltIn">
<var>${lastPageNumber}</var>
<arg>${lastPageNumber}</arg>
<doc>Converts the given item to a Unicode string.</doc>
<msg timestamp="20231003 11:58:55.858" level="INFO">${lastPageNumber} = 160</msg>
<status status="PASS" starttime="20231003 11:58:55.858" endtime="20231003 11:58:55.859"/>
</kw>
<status status="PASS" starttime="20231003 11:58:55.854" endtime="20231003 11:58:55.859"/>
</branch>
<status status="PASS" starttime="20231003 11:58:55.854" endtime="20231003 11:58:55.859"/>
</if>
<msg timestamp="20231003 11:58:55.859" level="INFO">${number} = 160</msg>
<status status="PASS" starttime="20231003 11:58:55.646" endtime="20231003 11:58:55.860"/>
</kw>
<kw name="Move to the &quot;${number}&quot; page" library="common" sourcename="Move to the &quot;${target}&quot; page">
<kw name="Get Length" library="BuiltIn">
<var>${count}</var>
<arg>${target}</arg>
<doc>Returns and logs the length of the given item as an integer.</doc>
<msg timestamp="20231003 11:58:55.861" level="INFO">Length is 3</msg>
<msg timestamp="20231003 11:58:55.861" level="INFO">${count} = 3</msg>
<status status="PASS" starttime="20231003 11:58:55.861" endtime="20231003 11:58:55.861"/>
</kw>
<if>
<branch type="IF" condition="'${target}' == 'previous'">
<kw name="Click" library="Browser">
<arg>xpath=//*[contains(@class, "las la-angle-left text-xs ng-star-inserted")]</arg>
<tag>PageContent</tag>
<tag>Setter</tag>
<doc>Simulates mouse click on the element found by ``selector``.</doc>
<status status="NOT RUN" starttime="20231003 11:58:55.862" endtime="20231003 11:58:55.862"/>
</kw>
<status status="NOT RUN" starttime="20231003 11:58:55.862" endtime="20231003 11:58:55.863"/>
</branch>
<branch type="ELSE IF" condition="'${target}' == 'next'">
<kw name="Click" library="Browser">
<arg>xpath=//*[contains(@class, "las la-angle-right text-xs ng-star-inserted")]</arg>
<tag>PageContent</tag>
<tag>Setter</tag>
<doc>Simulates mouse click on the element found by ``selector``.</doc>
<status status="NOT RUN" starttime="20231003 11:58:55.864" endtime="20231003 11:58:55.865"/>
</kw>
<status status="NOT RUN" starttime="20231003 11:58:55.863" endtime="20231003 11:58:55.865"/>
</branch>
<branch type="ELSE">
<kw name="Convert To Integer" library="BuiltIn">
<var>${number}</var>
<arg>${target}</arg>
<doc>Converts the given item to an integer number.</doc>
<msg timestamp="20231003 11:58:55.867" level="INFO">${number} = 160</msg>
<status status="PASS" starttime="20231003 11:58:55.866" endtime="20231003 11:58:55.867"/>
</kw>
<kw name="Click" library="Browser">
<arg>xpath=//a[contains(@aria-label, "page ${number}")]</arg>
<tag>PageContent</tag>
<tag>Setter</tag>
<doc>Simulates mouse click on the element found by ``selector``.</doc>
<status status="PASS" starttime="20231003 11:58:55.867" endtime="20231003 11:58:57.007"/>
</kw>
<status status="PASS" starttime="20231003 11:58:55.866" endtime="20231003 11:58:57.008"/>
</branch>
<status status="PASS" starttime="20231003 11:58:55.862" endtime="20231003 11:58:57.008"/>
</if>
<kw name="Wait Until Element Spin" library="common">
<kw name="Sleep" library="BuiltIn">
<arg>${SHOULD_TIMEOUT}</arg>
<doc>Pauses the test executed for the given time.</doc>
<msg timestamp="20231003 11:58:57.112" level="INFO">Slept 100 milliseconds</msg>
<status status="PASS" starttime="20231003 11:58:57.010" endtime="20231003 11:58:57.112"/>
</kw>
<kw name="Set Variable" library="BuiltIn">
<var>${element}</var>
<arg>xpath=//*[contains(@class, "ant-spin-spinning")]</arg>
<doc>Returns the given values which can then be assigned to a variables.</doc>
<msg timestamp="20231003 11:58:57.114" level="INFO">${element} = xpath=//*[contains(@class, "ant-spin-spinning")]</msg>
<status status="PASS" starttime="20231003 11:58:57.113" endtime="20231003 11:58:57.114"/>
</kw>
<kw name="Get Element Count" library="Browser">
<var>${count}</var>
<arg>${element}</arg>
<tag>Assertion</tag>
<tag>Getter</tag>
<tag>PageContent</tag>
<doc>Returns the count of elements found with ``selector``.</doc>
<msg timestamp="20231003 11:58:57.201" level="INFO">${count} = 0</msg>
<status status="PASS" starttime="20231003 11:58:57.115" endtime="20231003 11:58:57.201"/>
</kw>
<if>
<branch type="IF" condition="${count} &gt; 0">
<kw name="Wait Until Page Does Not Contain Element" library="common">
<arg>${element}</arg>
<status status="NOT RUN" starttime="20231003 11:58:57.202" endtime="20231003 11:58:57.202"/>
</kw>
<status status="NOT RUN" starttime="20231003 11:58:57.202" endtime="20231003 11:58:57.203"/>
</branch>
<status status="PASS" starttime="20231003 11:58:57.202" endtime="20231003 11:58:57.203"/>
</if>
<status status="PASS" starttime="20231003 11:58:57.009" endtime="20231003 11:58:57.203"/>
</kw>
<status status="PASS" starttime="20231003 11:58:55.860" endtime="20231003 11:58:57.204"/>
</kw>
<kw name="Wait Until Element Spin" library="common">
<kw name="Sleep" library="BuiltIn">
<arg>${SHOULD_TIMEOUT}</arg>
<doc>Pauses the test executed for the given time.</doc>
<msg timestamp="20231003 11:58:57.312" level="INFO">Slept 100 milliseconds</msg>
<status status="PASS" starttime="20231003 11:58:57.210" endtime="20231003 11:58:57.312"/>
</kw>
<kw name="Set Variable" library="BuiltIn">
<var>${element}</var>
<arg>xpath=//*[contains(@class, "ant-spin-spinning")]</arg>
<doc>Returns the given values which can then be assigned to a variables.</doc>
<msg timestamp="20231003 11:58:57.313" level="INFO">${element} = xpath=//*[contains(@class, "ant-spin-spinning")]</msg>
<status status="PASS" starttime="20231003 11:58:57.313" endtime="20231003 11:58:57.313"/>
</kw>
<kw name="Get Element Count" library="Browser">
<var>${count}</var>
<arg>${element}</arg>
<tag>Assertion</tag>
<tag>Getter</tag>
<tag>PageContent</tag>
<doc>Returns the count of elements found with ``selector``.</doc>
<msg timestamp="20231003 11:58:57.320" level="INFO">${count} = 0</msg>
<status status="PASS" starttime="20231003 11:58:57.314" endtime="20231003 11:58:57.321"/>
</kw>
<if>
<branch type="IF" condition="${count} &gt; 0">
<kw name="Wait Until Page Does Not Contain Element" library="common">
<arg>${element}</arg>
<status status="NOT RUN" starttime="20231003 11:58:57.327" endtime="20231003 11:58:57.327"/>
</kw>
<status status="NOT RUN" starttime="20231003 11:58:57.325" endtime="20231003 11:58:57.328"/>
</branch>
<status status="PASS" starttime="20231003 11:58:57.321" endtime="20231003 11:58:57.329"/>
</if>
<status status="PASS" starttime="20231003 11:58:57.204" endtime="20231003 11:58:57.329"/>
</kw>
<kw name="Set Variable" library="BuiltIn">
<var>${elementS}</var>
<arg>xpath=//tbody//tr[contains(@class, 'ant-table-row')]</arg>
<doc>Returns the given values which can then be assigned to a variables.</doc>
<msg timestamp="20231003 11:58:57.331" level="INFO">${elementS} = xpath=//tbody//tr[contains(@class, 'ant-table-row')]</msg>
<status status="PASS" starttime="20231003 11:58:57.330" endtime="20231003 11:58:57.331"/>
</kw>
<kw name="Get Element Count" library="Browser">
<var>${count}</var>
<arg>${elementS}</arg>
<tag>Assertion</tag>
<tag>Getter</tag>
<tag>PageContent</tag>
<doc>Returns the count of elements found with ``selector``.</doc>
<msg timestamp="20231003 11:58:57.342" level="INFO">${count} = 7</msg>
<status status="PASS" starttime="20231003 11:58:57.332" endtime="20231003 11:58:57.343"/>
</kw>
<kw name="Convert To Integer" library="BuiltIn">
<var>${count}</var>
<arg>${count}</arg>
<doc>Converts the given item to an integer number.</doc>
<msg timestamp="20231003 11:58:57.344" level="INFO">${count} = 7</msg>
<status status="PASS" starttime="20231003 11:58:57.343" endtime="20231003 11:58:57.345"/>
</kw>
<kw name="Should Be Equal" library="BuiltIn">
<arg>${count}</arg>
<arg>${countS}</arg>
<doc>Fails if the given objects are unequal.</doc>
<status status="PASS" starttime="20231003 11:58:57.346" endtime="20231003 11:58:57.347"/>
</kw>
<status status="PASS" starttime="20231003 11:58:55.329" endtime="20231003 11:58:57.347"/>
</kw>
<kw name="Tear Down" library="common" type="TEARDOWN">
<kw name="Close Browser" library="Browser">
<arg>ALL</arg>
<tag>BrowserControl</tag>
<tag>Setter</tag>
<doc>Closes the current browser.</doc>
<msg timestamp="20231003 11:58:57.965" level="INFO">Closed all browsers</msg>
<status status="PASS" starttime="20231003 11:58:57.359" endtime="20231003 11:58:57.965"/>
</kw>
<status status="PASS" starttime="20231003 11:58:57.354" endtime="20231003 11:58:57.966"/>
</kw>
<tag>MainPage</tag>
<tag>Smoketest</tag>
<tag>UI</tag>
<status status="PASS" starttime="20231003 11:58:37.922" endtime="20231003 11:58:57.967"/>
</test>
<status status="PASS" starttime="20231003 11:58:35.841" endtime="20231003 11:58:57.978"/>
</suite>
<statistics>
<total>
<stat pass="1" fail="0" skip="0">All Tests</stat>
</total>
<tag>
<stat pass="1" fail="0" skip="0">MainPage</stat>
<stat pass="1" fail="0" skip="0">Smoketest</stat>
<stat pass="1" fail="0" skip="0">UI</stat>
</tag>
<suite>
<stat pass="1" fail="0" skip="0" id="s1" name="Customer Account">Customer Account</stat>
</suite>
</statistics>
<errors>
</errors>
</robot>
