<?xml version="1.0" encoding="UTF-8"?>
<robot generator="Robot 6.1.1 (Python 3.11.4 on win32)" generated="20231003 10:33:51.198" rpa="false" schemaversion="4">
<suite id="s1" name="Customer Account" source="d:\Intern test\Automation\Auto_Web\testcases\customer_account.robot">
<test id="s1-t1" name="CA_000 Test" line="26">
<kw name="Setup" library="common" type="SETUP">
<kw name="Set Browser Timeout" library="Browser">
<arg>${BROWSER_TIMEOUT}</arg>
<tag>Config</tag>
<tag>Setter</tag>
<doc>Sets the timeout used by most input and getter keywords.</doc>
<status status="PASS" starttime="20231003 10:33:53.624" endtime="20231003 10:33:53.636"/>
</kw>
<kw name="New Browser" library="Browser">
<arg>${BROWSER}</arg>
<arg>headless=${HEADLESS}</arg>
<tag>BrowserControl</tag>
<tag>Setter</tag>
<doc>Create a new playwright Browser with specified options.</doc>
<msg timestamp="20231003 10:33:53.638" level="INFO">{"browser": "chromium", "headless": false, "chromiumSandbox": false, "devtools": false, "handleSIGHUP": true, "handleSIGINT": true, "handleSIGTERM": true, "ignoreDefaultArgs": false, "slowMo": 0.0, "timeout": 30000.0, "tracesDir": "D:\\Intern test\\Automation\\Auto_Web\\browser\\traces\\b6e07755-7c1a-49d7-a1f7-1bd8e2390b8d"}</msg>
<msg timestamp="20231003 10:33:54.757" level="INFO">Successfully created browser with options: {"browser":"chromium","headless":false,"chromiumSandbox":false,"devtools":false,"handleSIGHUP":true,"handleSIGINT":true,"handleSIGTERM":true,"ignoreDefaultArgs":false,"slowMo":0,"timeout":30000,"tracesDir":"D:\\Intern test\\Automation\\Auto_Web\\browser\\traces\\b6e07755-7c1a-49d7-a1f7-1bd8e2390b8d"}</msg>
<status status="PASS" starttime="20231003 10:33:53.636" endtime="20231003 10:33:54.758"/>
</kw>
<kw name="New Page" library="Browser">
<arg>${URL_DEFAULT}</arg>
<tag>BrowserControl</tag>
<tag>Setter</tag>
<doc>Open a new Page.</doc>
<msg timestamp="20231003 10:33:59.207" level="INFO">Successfully initialized new page object and opened url: http://dev1.geneat.vn:7802/vn</msg>
<msg timestamp="20231003 10:33:59.207" level="INFO">No context was open. New context was automatically opened when this page is created.</msg>
<status status="PASS" starttime="20231003 10:33:54.759" endtime="20231003 10:33:59.208"/>
</kw>
<kw name="Evaluate" library="BuiltIn">
<var>${STATE}</var>
<arg>json.loads('''{}''')</arg>
<arg>json</arg>
<doc>Evaluates the given expression in Python and returns the result.</doc>
<msg timestamp="20231003 10:33:59.209" level="INFO">${STATE} = {}</msg>
<status status="PASS" starttime="20231003 10:33:59.208" endtime="20231003 10:33:59.210"/>
</kw>
<status status="PASS" starttime="20231003 10:33:53.623" endtime="20231003 10:33:59.210"/>
</kw>
<kw name="Go to &quot;Customer Account&quot; page" sourcename="Go to &quot;${page}&quot; page">
<kw name="Login to admin" library="common">
<kw name="Enter &quot;email&quot; in &quot;Email&quot; with &quot;admin@gmail.com&quot;" library="common" sourcename="Enter &quot;${type}&quot; in &quot;${name}&quot; with &quot;${text}&quot;">
<kw name="Get Random Text" library="common">
<var>${text}</var>
<arg>${type}</arg>
<arg>${text}</arg>
<kw name="Set Variable" library="BuiltIn">
<var>${symbol}</var>
<arg>_RANDOM_</arg>
<doc>Returns the given values which can then be assigned to a variables.</doc>
<msg timestamp="20231003 10:33:59.227" level="INFO">${symbol} = _RANDOM_</msg>
<status status="PASS" starttime="20231003 10:33:59.226" endtime="20231003 10:33:59.228"/>
</kw>
<kw name="Set Variable" library="BuiltIn">
<var>${new_text}</var>
<doc>Returns the given values which can then be assigned to a variables.</doc>
<msg timestamp="20231003 10:33:59.230" level="INFO">${new_text} = </msg>
<status status="PASS" starttime="20231003 10:33:59.229" endtime="20231003 10:33:59.231"/>
</kw>
<kw name="Get Regexp Matches" library="String">
<var>${containsS}</var>
<arg>${text}</arg>
<arg>_@(.+)@_</arg>
<arg>1</arg>
<doc>Returns a list of all non-overlapping matches in the given string.</doc>
<msg timestamp="20231003 10:33:59.233" level="INFO">${containsS} = []</msg>
<status status="PASS" starttime="20231003 10:33:59.232" endtime="20231003 10:33:59.234"/>
</kw>
<kw name="Get Length" library="BuiltIn">
<var>${cntS}</var>
<arg>${containsS}</arg>
<doc>Returns and logs the length of the given item as an integer.</doc>
<msg timestamp="20231003 10:33:59.236" level="INFO">Length is 0</msg>
<msg timestamp="20231003 10:33:59.237" level="INFO">${cntS} = 0</msg>
<status status="PASS" starttime="20231003 10:33:59.235" endtime="20231003 10:33:59.237"/>
</kw>
<kw name="Get Regexp Matches" library="String">
<var>${contains}</var>
<arg>${text}</arg>
<arg>${symbol}</arg>
<doc>Returns a list of all non-overlapping matches in the given string.</doc>
<msg timestamp="20231003 10:33:59.239" level="INFO">${contains} = []</msg>
<status status="PASS" starttime="20231003 10:33:59.238" endtime="20231003 10:33:59.240"/>
</kw>
<kw name="Get Length" library="BuiltIn">
<var>${cnt}</var>
<arg>${contains}</arg>
<doc>Returns and logs the length of the given item as an integer.</doc>
<msg timestamp="20231003 10:33:59.242" level="INFO">Length is 0</msg>
<msg timestamp="20231003 10:33:59.243" level="INFO">${cnt} = 0</msg>
<status status="PASS" starttime="20231003 10:33:59.241" endtime="20231003 10:33:59.243"/>
</kw>
<if>
<branch type="IF" condition="${cntS} &gt; 0">
<kw name="Set Variable" library="BuiltIn">
<var>${new_text}</var>
<arg>${STATE["${containsS[0]}"]}</arg>
<doc>Returns the given values which can then be assigned to a variables.</doc>
<status status="NOT RUN" starttime="20231003 10:33:59.246" endtime="20231003 10:33:59.247"/>
</kw>
<kw name="Set Variable" library="BuiltIn">
<var>${symbol}</var>
<arg>_@${containsS[0]}@_</arg>
<doc>Returns the given values which can then be assigned to a variables.</doc>
<status status="NOT RUN" starttime="20231003 10:33:59.248" endtime="20231003 10:33:59.249"/>
</kw>
<status status="NOT RUN" starttime="20231003 10:33:59.244" endtime="20231003 10:33:59.249"/>
</branch>
<branch type="ELSE IF" condition="${cnt} &gt; 0 and '${type}' == 'test name'">
<kw name="Sentence" library="FakerLibrary">
<var>${random}</var>
<arg>nb_words=3</arg>
<doc>Generate a sentence.</doc>
<status status="NOT RUN" starttime="20231003 10:33:59.251" endtime="20231003 10:33:59.252"/>
</kw>
<kw name="Split String" library="String">
<var>${words}</var>
<arg>${TEST NAME}</arg>
<arg>${SPACE}</arg>
<doc>Splits the ``string`` using ``separator`` as a delimiter string.</doc>
<status status="NOT RUN" starttime="20231003 10:33:59.252" endtime="20231003 10:33:59.253"/>
</kw>
<kw name="Set Variable" library="BuiltIn">
<var>${new_text}</var>
<arg>${words[0]} ${random}</arg>
<doc>Returns the given values which can then be assigned to a variables.</doc>
<status status="NOT RUN" starttime="20231003 10:33:59.253" endtime="20231003 10:33:59.254"/>
</kw>
<status status="NOT RUN" starttime="20231003 10:33:59.250" endtime="20231003 10:33:59.254"/>
</branch>
<branch type="ELSE IF" condition="${cnt} &gt; 0 and '${type}' == 'number'">
<kw name="Random Int" library="FakerLibrary">
<var>${new_text}</var>
<doc>Generate a random integer between two integers ``min`` and ``max`` inclusive
while observing the provided ``step`` value.</doc>
<status status="NOT RUN" starttime="20231003 10:33:59.256" endtime="20231003 10:33:59.257"/>
</kw>
<kw name="Convert To String" library="BuiltIn">
<var>${new_text}</var>
<arg>${new_text}</arg>
<doc>Converts the given item to a Unicode string.</doc>
<status status="NOT RUN" starttime="20231003 10:33:59.258" endtime="20231003 10:33:59.259"/>
</kw>
<status status="NOT RUN" starttime="20231003 10:33:59.254" endtime="20231003 10:33:59.260"/>
</branch>
<branch type="ELSE IF" condition="${cnt} &gt; 0 and '${type}' == 'percentage'">
<kw name="Random Int" library="FakerLibrary">
<var>${new_text}</var>
<arg>max=100</arg>
<doc>Generate a random integer between two integers ``min`` and ``max`` inclusive
while observing the provided ``step`` value.</doc>
<status status="NOT RUN" starttime="20231003 10:33:59.261" endtime="20231003 10:33:59.261"/>
</kw>
<kw name="Convert To String" library="BuiltIn">
<var>${new_text}</var>
<arg>${new_text}</arg>
<doc>Converts the given item to a Unicode string.</doc>
<status status="NOT RUN" starttime="20231003 10:33:59.263" endtime="20231003 10:33:59.264"/>
</kw>
<status status="NOT RUN" starttime="20231003 10:33:59.260" endtime="20231003 10:33:59.264"/>
</branch>
<branch type="ELSE IF" condition="${cnt} &gt; 0 and '${type}' == 'paragraph'">
<kw name="Paragraph" library="FakerLibrary">
<var>${new_text}</var>
<doc>Generate a paragraph.</doc>
<status status="NOT RUN" starttime="20231003 10:33:59.266" endtime="20231003 10:33:59.266"/>
</kw>
<status status="NOT RUN" starttime="20231003 10:33:59.265" endtime="20231003 10:33:59.267"/>
</branch>
<branch type="ELSE IF" condition="${cnt} &gt; 0 and '${type}' == 'email'">
<kw name="Email" library="FakerLibrary">
<var>${new_text}</var>
<status status="NOT RUN" starttime="20231003 10:33:59.268" endtime="20231003 10:33:59.269"/>
</kw>
<status status="NOT RUN" starttime="20231003 10:33:59.267" endtime="20231003 10:33:59.269"/>
</branch>
<branch type="ELSE IF" condition="${cnt} &gt; 0 and '${type}' == 'phone'">
<kw name="Random Int" library="FakerLibrary">
<var>${new_text}</var>
<arg>min=2000000000</arg>
<arg>max=9999999999</arg>
<doc>Generate a random integer between two integers ``min`` and ``max`` inclusive
while observing the provided ``step`` value.</doc>
<status status="NOT RUN" starttime="20231003 10:33:59.271" endtime="20231003 10:33:59.272"/>
</kw>
<kw name="Convert To String" library="BuiltIn">
<var>${new_text}</var>
<arg>${new_text}</arg>
<doc>Converts the given item to a Unicode string.</doc>
<status status="NOT RUN" starttime="20231003 10:33:59.273" endtime="20231003 10:33:59.273"/>
</kw>
<kw name="Catenate" library="BuiltIn">
<var>${new_text}</var>
<arg>SEPARATOR=</arg>
<arg>0</arg>
<arg>${new_text}</arg>
<doc>Catenates the given items together and returns the resulted string.</doc>
<status status="NOT RUN" starttime="20231003 10:33:59.274" endtime="20231003 10:33:59.274"/>
</kw>
<status status="NOT RUN" starttime="20231003 10:33:59.270" endtime="20231003 10:33:59.275"/>
</branch>
<branch type="ELSE IF" condition="${cnt} &gt; 0 and '${type}' == 'color'">
<kw name="Safe Hex Color" library="FakerLibrary">
<var>${new_text}</var>
<doc>Generate a web-safe color formatted as a hex triplet.</doc>
<status status="NOT RUN" starttime="20231003 10:33:59.276" endtime="20231003 10:33:59.276"/>
</kw>
<status status="NOT RUN" starttime="20231003 10:33:59.275" endtime="20231003 10:33:59.277"/>
</branch>
<branch type="ELSE IF" condition="${cnt} &gt; 0 and &quot;${type}&quot; == 'password'">
<kw name="Password" library="FakerLibrary">
<var>${new_text}</var>
<arg>10</arg>
<arg>True</arg>
<arg>True</arg>
<arg>True</arg>
<arg>True</arg>
<doc>Generate a random password of the specified ``length``.</doc>
<status status="NOT RUN" starttime="20231003 10:33:59.278" endtime="20231003 10:33:59.280"/>
</kw>
<status status="NOT RUN" starttime="20231003 10:33:59.277" endtime="20231003 10:33:59.280"/>
</branch>
<branch type="ELSE IF" condition="${cnt} &gt; 0 and '${type}' == 'date'">
<kw name="Date" library="FakerLibrary">
<var>${new_text}</var>
<arg>pattern=%d-%m-%Y</arg>
<doc>Get a date string between January 1, 1970 and now.</doc>
<status status="NOT RUN" starttime="20231003 10:33:59.282" endtime="20231003 10:33:59.283"/>
</kw>
<status status="NOT RUN" starttime="20231003 10:33:59.281" endtime="20231003 10:33:59.283"/>
</branch>
<branch type="ELSE IF" condition="${cnt} &gt; 0 and '${type}' == 'word'">
<kw name="Sentence" library="FakerLibrary">
<var>${new_text}</var>
<arg>nb_words=2</arg>
<doc>Generate a sentence.</doc>
<status status="NOT RUN" starttime="20231003 10:33:59.285" endtime="20231003 10:33:59.285"/>
</kw>
<status status="NOT RUN" starttime="20231003 10:33:59.284" endtime="20231003 10:33:59.286"/>
</branch>
<branch type="ELSE IF" condition="${cnt} &gt; 0">
<kw name="Sentence" library="FakerLibrary">
<var>${new_text}</var>
<doc>Generate a sentence.</doc>
<status status="NOT RUN" starttime="20231003 10:33:59.288" endtime="20231003 10:33:59.288"/>
</kw>
<status status="NOT RUN" starttime="20231003 10:33:59.287" endtime="20231003 10:33:59.289"/>
</branch>
<status status="PASS" starttime="20231003 10:33:59.244" endtime="20231003 10:33:59.289"/>
</if>
<kw name="Get Length" library="BuiltIn">
<var>${cnt}</var>
<arg>${text}</arg>
<doc>Returns and logs the length of the given item as an integer.</doc>
<msg timestamp="20231003 10:33:59.291" level="INFO">Length is 15</msg>
<msg timestamp="20231003 10:33:59.292" level="INFO">${cnt} = 15</msg>
<status status="PASS" starttime="20231003 10:33:59.290" endtime="20231003 10:33:59.292"/>
</kw>
<if>
<branch type="IF" condition="${cnt} &gt; 0">
<kw name="Replace String" library="String">
<var>${text}</var>
<arg>${text}</arg>
<arg>${symbol}</arg>
<arg>${new_text}</arg>
<doc>Replaces ``search_for`` in the given ``string`` with ``replace_with``.</doc>
<msg timestamp="20231003 10:33:59.295" level="INFO">${text} = admin@gmail.com</msg>
<status status="PASS" starttime="20231003 10:33:59.294" endtime="20231003 10:33:59.297"/>
</kw>
<status status="PASS" starttime="20231003 10:33:59.293" endtime="20231003 10:33:59.298"/>
</branch>
<status status="PASS" starttime="20231003 10:33:59.293" endtime="20231003 10:33:59.299"/>
</if>
<msg timestamp="20231003 10:33:59.299" level="INFO">${text} = admin@gmail.com</msg>
<status status="PASS" starttime="20231003 10:33:59.223" endtime="20231003 10:33:59.300"/>
</kw>
<kw name="Get Element Form Item By Name" library="common">
<var>${element}</var>
<arg>${name}</arg>
<arg>//input[contains(@class, "ant-input")]</arg>
<msg timestamp="20231003 10:33:59.302" level="INFO">${element} = xpath=//*[contains(@class, "ant-form-item-label")]/label[text()="Email"]/../../*[contains(@class, "ant-form-item")]//input[contains(@class, "ant-input")]</msg>
<status status="PASS" starttime="20231003 10:33:59.300" endtime="20231003 10:33:59.302"/>
</kw>
<kw name="Clear Text" library="Browser">
<arg>${element}</arg>
<tag>PageContent</tag>
<tag>Setter</tag>
<doc>Clears the text field found by ``selector``.</doc>
<status status="PASS" starttime="20231003 10:33:59.303" endtime="20231003 10:33:59.501"/>
</kw>
<kw name="Fill Text" library="Browser">
<arg>${element}</arg>
<arg>${text}</arg>
<arg>True</arg>
<tag>PageContent</tag>
<tag>Setter</tag>
<doc>Clears and fills the given ``txt`` into the text field found by ``selector``.</doc>
<msg timestamp="20231003 10:33:59.503" level="INFO">Fills the text 'admin@gmail.com' in the given field.</msg>
<status status="PASS" starttime="20231003 10:33:59.501" endtime="20231003 10:33:59.550"/>
</kw>
<kw name="Get Length" library="BuiltIn">
<var>${cnt}</var>
<arg>${text}</arg>
<doc>Returns and logs the length of the given item as an integer.</doc>
<msg timestamp="20231003 10:33:59.551" level="INFO">Length is 15</msg>
<msg timestamp="20231003 10:33:59.552" level="INFO">${cnt} = 15</msg>
<status status="PASS" starttime="20231003 10:33:59.551" endtime="20231003 10:33:59.552"/>
</kw>
<if>
<branch type="IF" condition="${cnt} &gt; 0">
<kw name="Set Global Variable" library="BuiltIn">
<arg>${STATE["${name}"]}</arg>
<arg>${text}</arg>
<doc>Makes a variable available globally in all tests and suites.</doc>
<msg timestamp="20231003 10:33:59.556" level="INFO">${STATE["Email"]} = admin@gmail.com</msg>
<status status="PASS" starttime="20231003 10:33:59.554" endtime="20231003 10:33:59.556"/>
</kw>
<status status="PASS" starttime="20231003 10:33:59.553" endtime="20231003 10:33:59.557"/>
</branch>
<status status="PASS" starttime="20231003 10:33:59.553" endtime="20231003 10:33:59.557"/>
</if>
<status status="PASS" starttime="20231003 10:33:59.222" endtime="20231003 10:33:59.558"/>
</kw>
<kw name="Enter &quot;text&quot; in &quot;Mật khẩu&quot; with &quot;123123&quot;" library="common" sourcename="Enter &quot;${type}&quot; in &quot;${name}&quot; with &quot;${text}&quot;">
<kw name="Get Random Text" library="common">
<var>${text}</var>
<arg>${type}</arg>
<arg>${text}</arg>
<kw name="Set Variable" library="BuiltIn">
<var>${symbol}</var>
<arg>_RANDOM_</arg>
<doc>Returns the given values which can then be assigned to a variables.</doc>
<msg timestamp="20231003 10:33:59.563" level="INFO">${symbol} = _RANDOM_</msg>
<status status="PASS" starttime="20231003 10:33:59.561" endtime="20231003 10:33:59.564"/>
</kw>
<kw name="Set Variable" library="BuiltIn">
<var>${new_text}</var>
<doc>Returns the given values which can then be assigned to a variables.</doc>
<msg timestamp="20231003 10:33:59.565" level="INFO">${new_text} = </msg>
<status status="PASS" starttime="20231003 10:33:59.565" endtime="20231003 10:33:59.566"/>
</kw>
<kw name="Get Regexp Matches" library="String">
<var>${containsS}</var>
<arg>${text}</arg>
<arg>_@(.+)@_</arg>
<arg>1</arg>
<doc>Returns a list of all non-overlapping matches in the given string.</doc>
<msg timestamp="20231003 10:33:59.568" level="INFO">${containsS} = []</msg>
<status status="PASS" starttime="20231003 10:33:59.566" endtime="20231003 10:33:59.568"/>
</kw>
<kw name="Get Length" library="BuiltIn">
<var>${cntS}</var>
<arg>${containsS}</arg>
<doc>Returns and logs the length of the given item as an integer.</doc>
<msg timestamp="20231003 10:33:59.569" level="INFO">Length is 0</msg>
<msg timestamp="20231003 10:33:59.570" level="INFO">${cntS} = 0</msg>
<status status="PASS" starttime="20231003 10:33:59.569" endtime="20231003 10:33:59.570"/>
</kw>
<kw name="Get Regexp Matches" library="String">
<var>${contains}</var>
<arg>${text}</arg>
<arg>${symbol}</arg>
<doc>Returns a list of all non-overlapping matches in the given string.</doc>
<msg timestamp="20231003 10:33:59.572" level="INFO">${contains} = []</msg>
<status status="PASS" starttime="20231003 10:33:59.571" endtime="20231003 10:33:59.572"/>
</kw>
<kw name="Get Length" library="BuiltIn">
<var>${cnt}</var>
<arg>${contains}</arg>
<doc>Returns and logs the length of the given item as an integer.</doc>
<msg timestamp="20231003 10:33:59.574" level="INFO">Length is 0</msg>
<msg timestamp="20231003 10:33:59.575" level="INFO">${cnt} = 0</msg>
<status status="PASS" starttime="20231003 10:33:59.573" endtime="20231003 10:33:59.575"/>
</kw>
<if>
<branch type="IF" condition="${cntS} &gt; 0">
<kw name="Set Variable" library="BuiltIn">
<var>${new_text}</var>
<arg>${STATE["${containsS[0]}"]}</arg>
<doc>Returns the given values which can then be assigned to a variables.</doc>
<status status="NOT RUN" starttime="20231003 10:33:59.576" endtime="20231003 10:33:59.577"/>
</kw>
<kw name="Set Variable" library="BuiltIn">
<var>${symbol}</var>
<arg>_@${containsS[0]}@_</arg>
<doc>Returns the given values which can then be assigned to a variables.</doc>
<status status="NOT RUN" starttime="20231003 10:33:59.578" endtime="20231003 10:33:59.578"/>
</kw>
<status status="NOT RUN" starttime="20231003 10:33:59.576" endtime="20231003 10:33:59.578"/>
</branch>
<branch type="ELSE IF" condition="${cnt} &gt; 0 and '${type}' == 'test name'">
<kw name="Sentence" library="FakerLibrary">
<var>${random}</var>
<arg>nb_words=3</arg>
<doc>Generate a sentence.</doc>
<status status="NOT RUN" starttime="20231003 10:33:59.581" endtime="20231003 10:33:59.581"/>
</kw>
<kw name="Split String" library="String">
<var>${words}</var>
<arg>${TEST NAME}</arg>
<arg>${SPACE}</arg>
<doc>Splits the ``string`` using ``separator`` as a delimiter string.</doc>
<status status="NOT RUN" starttime="20231003 10:33:59.582" endtime="20231003 10:33:59.594"/>
</kw>
<kw name="Set Variable" library="BuiltIn">
<var>${new_text}</var>
<arg>${words[0]} ${random}</arg>
<doc>Returns the given values which can then be assigned to a variables.</doc>
<status status="NOT RUN" starttime="20231003 10:33:59.595" endtime="20231003 10:33:59.598"/>
</kw>
<status status="NOT RUN" starttime="20231003 10:33:59.580" endtime="20231003 10:33:59.598"/>
</branch>
<branch type="ELSE IF" condition="${cnt} &gt; 0 and '${type}' == 'number'">
<kw name="Random Int" library="FakerLibrary">
<var>${new_text}</var>
<doc>Generate a random integer between two integers ``min`` and ``max`` inclusive
while observing the provided ``step`` value.</doc>
<status status="NOT RUN" starttime="20231003 10:33:59.600" endtime="20231003 10:33:59.600"/>
</kw>
<kw name="Convert To String" library="BuiltIn">
<var>${new_text}</var>
<arg>${new_text}</arg>
<doc>Converts the given item to a Unicode string.</doc>
<status status="NOT RUN" starttime="20231003 10:33:59.601" endtime="20231003 10:33:59.602"/>
</kw>
<status status="NOT RUN" starttime="20231003 10:33:59.599" endtime="20231003 10:33:59.603"/>
</branch>
<branch type="ELSE IF" condition="${cnt} &gt; 0 and '${type}' == 'percentage'">
<kw name="Random Int" library="FakerLibrary">
<var>${new_text}</var>
<arg>max=100</arg>
<doc>Generate a random integer between two integers ``min`` and ``max`` inclusive
while observing the provided ``step`` value.</doc>
<status status="NOT RUN" starttime="20231003 10:33:59.606" endtime="20231003 10:33:59.606"/>
</kw>
<kw name="Convert To String" library="BuiltIn">
<var>${new_text}</var>
<arg>${new_text}</arg>
<doc>Converts the given item to a Unicode string.</doc>
<status status="NOT RUN" starttime="20231003 10:33:59.607" endtime="20231003 10:33:59.608"/>
</kw>
<status status="NOT RUN" starttime="20231003 10:33:59.604" endtime="20231003 10:33:59.608"/>
</branch>
<branch type="ELSE IF" condition="${cnt} &gt; 0 and '${type}' == 'paragraph'">
<kw name="Paragraph" library="FakerLibrary">
<var>${new_text}</var>
<doc>Generate a paragraph.</doc>
<status status="NOT RUN" starttime="20231003 10:33:59.611" endtime="20231003 10:33:59.613"/>
</kw>
<status status="NOT RUN" starttime="20231003 10:33:59.609" endtime="20231003 10:33:59.615"/>
</branch>
<branch type="ELSE IF" condition="${cnt} &gt; 0 and '${type}' == 'email'">
<kw name="Email" library="FakerLibrary">
<var>${new_text}</var>
<status status="NOT RUN" starttime="20231003 10:33:59.616" endtime="20231003 10:33:59.617"/>
</kw>
<status status="NOT RUN" starttime="20231003 10:33:59.615" endtime="20231003 10:33:59.618"/>
</branch>
<branch type="ELSE IF" condition="${cnt} &gt; 0 and '${type}' == 'phone'">
<kw name="Random Int" library="FakerLibrary">
<var>${new_text}</var>
<arg>min=2000000000</arg>
<arg>max=9999999999</arg>
<doc>Generate a random integer between two integers ``min`` and ``max`` inclusive
while observing the provided ``step`` value.</doc>
<status status="NOT RUN" starttime="20231003 10:33:59.620" endtime="20231003 10:33:59.621"/>
</kw>
<kw name="Convert To String" library="BuiltIn">
<var>${new_text}</var>
<arg>${new_text}</arg>
<doc>Converts the given item to a Unicode string.</doc>
<status status="NOT RUN" starttime="20231003 10:33:59.622" endtime="20231003 10:33:59.622"/>
</kw>
<kw name="Catenate" library="BuiltIn">
<var>${new_text}</var>
<arg>SEPARATOR=</arg>
<arg>0</arg>
<arg>${new_text}</arg>
<doc>Catenates the given items together and returns the resulted string.</doc>
<status status="NOT RUN" starttime="20231003 10:33:59.623" endtime="20231003 10:33:59.624"/>
</kw>
<status status="NOT RUN" starttime="20231003 10:33:59.618" endtime="20231003 10:33:59.625"/>
</branch>
<branch type="ELSE IF" condition="${cnt} &gt; 0 and '${type}' == 'color'">
<kw name="Safe Hex Color" library="FakerLibrary">
<var>${new_text}</var>
<doc>Generate a web-safe color formatted as a hex triplet.</doc>
<status status="NOT RUN" starttime="20231003 10:33:59.631" endtime="20231003 10:33:59.632"/>
</kw>
<status status="NOT RUN" starttime="20231003 10:33:59.625" endtime="20231003 10:33:59.633"/>
</branch>
<branch type="ELSE IF" condition="${cnt} &gt; 0 and &quot;${type}&quot; == 'password'">
<kw name="Password" library="FakerLibrary">
<var>${new_text}</var>
<arg>10</arg>
<arg>True</arg>
<arg>True</arg>
<arg>True</arg>
<arg>True</arg>
<doc>Generate a random password of the specified ``length``.</doc>
<status status="NOT RUN" starttime="20231003 10:33:59.635" endtime="20231003 10:33:59.636"/>
</kw>
<status status="NOT RUN" starttime="20231003 10:33:59.634" endtime="20231003 10:33:59.637"/>
</branch>
<branch type="ELSE IF" condition="${cnt} &gt; 0 and '${type}' == 'date'">
<kw name="Date" library="FakerLibrary">
<var>${new_text}</var>
<arg>pattern=%d-%m-%Y</arg>
<doc>Get a date string between January 1, 1970 and now.</doc>
<status status="NOT RUN" starttime="20231003 10:33:59.653" endtime="20231003 10:33:59.653"/>
</kw>
<status status="NOT RUN" starttime="20231003 10:33:59.637" endtime="20231003 10:33:59.653"/>
</branch>
<branch type="ELSE IF" condition="${cnt} &gt; 0 and '${type}' == 'word'">
<kw name="Sentence" library="FakerLibrary">
<var>${new_text}</var>
<arg>nb_words=2</arg>
<doc>Generate a sentence.</doc>
<status status="NOT RUN" starttime="20231003 10:33:59.655" endtime="20231003 10:33:59.655"/>
</kw>
<status status="NOT RUN" starttime="20231003 10:33:59.654" endtime="20231003 10:33:59.656"/>
</branch>
<branch type="ELSE IF" condition="${cnt} &gt; 0">
<kw name="Sentence" library="FakerLibrary">
<var>${new_text}</var>
<doc>Generate a sentence.</doc>
<status status="NOT RUN" starttime="20231003 10:33:59.657" endtime="20231003 10:33:59.657"/>
</kw>
<status status="NOT RUN" starttime="20231003 10:33:59.656" endtime="20231003 10:33:59.658"/>
</branch>
<status status="PASS" starttime="20231003 10:33:59.575" endtime="20231003 10:33:59.659"/>
</if>
<kw name="Get Length" library="BuiltIn">
<var>${cnt}</var>
<arg>${text}</arg>
<doc>Returns and logs the length of the given item as an integer.</doc>
<msg timestamp="20231003 10:33:59.660" level="INFO">Length is 6</msg>
<msg timestamp="20231003 10:33:59.660" level="INFO">${cnt} = 6</msg>
<status status="PASS" starttime="20231003 10:33:59.659" endtime="20231003 10:33:59.661"/>
</kw>
<if>
<branch type="IF" condition="${cnt} &gt; 0">
<kw name="Replace String" library="String">
<var>${text}</var>
<arg>${text}</arg>
<arg>${symbol}</arg>
<arg>${new_text}</arg>
<doc>Replaces ``search_for`` in the given ``string`` with ``replace_with``.</doc>
<msg timestamp="20231003 10:33:59.665" level="INFO">${text} = 123123</msg>
<status status="PASS" starttime="20231003 10:33:59.663" endtime="20231003 10:33:59.665"/>
</kw>
<status status="PASS" starttime="20231003 10:33:59.661" endtime="20231003 10:33:59.666"/>
</branch>
<status status="PASS" starttime="20231003 10:33:59.661" endtime="20231003 10:33:59.666"/>
</if>
<msg timestamp="20231003 10:33:59.667" level="INFO">${text} = 123123</msg>
<status status="PASS" starttime="20231003 10:33:59.560" endtime="20231003 10:33:59.667"/>
</kw>
<kw name="Get Element Form Item By Name" library="common">
<var>${element}</var>
<arg>${name}</arg>
<arg>//input[contains(@class, "ant-input")]</arg>
<msg timestamp="20231003 10:33:59.670" level="INFO">${element} = xpath=//*[contains(@class, "ant-form-item-label")]/label[text()="Mật khẩu"]/../../*[contains(@class, "ant-form-item")]//input[contains(@class, "ant-input")]</msg>
<status status="PASS" starttime="20231003 10:33:59.668" endtime="20231003 10:33:59.670"/>
</kw>
<kw name="Clear Text" library="Browser">
<arg>${element}</arg>
<tag>PageContent</tag>
<tag>Setter</tag>
<doc>Clears the text field found by ``selector``.</doc>
<status status="PASS" starttime="20231003 10:33:59.671" endtime="20231003 10:33:59.770"/>
</kw>
<kw name="Fill Text" library="Browser">
<arg>${element}</arg>
<arg>${text}</arg>
<arg>True</arg>
<tag>PageContent</tag>
<tag>Setter</tag>
<doc>Clears and fills the given ``txt`` into the text field found by ``selector``.</doc>
<msg timestamp="20231003 10:33:59.772" level="INFO">Fills the text '123123' in the given field.</msg>
<status status="PASS" starttime="20231003 10:33:59.770" endtime="20231003 10:33:59.807"/>
</kw>
<kw name="Get Length" library="BuiltIn">
<var>${cnt}</var>
<arg>${text}</arg>
<doc>Returns and logs the length of the given item as an integer.</doc>
<msg timestamp="20231003 10:33:59.808" level="INFO">Length is 6</msg>
<msg timestamp="20231003 10:33:59.809" level="INFO">${cnt} = 6</msg>
<status status="PASS" starttime="20231003 10:33:59.808" endtime="20231003 10:33:59.809"/>
</kw>
<if>
<branch type="IF" condition="${cnt} &gt; 0">
<kw name="Set Global Variable" library="BuiltIn">
<arg>${STATE["${name}"]}</arg>
<arg>${text}</arg>
<doc>Makes a variable available globally in all tests and suites.</doc>
<msg timestamp="20231003 10:33:59.814" level="INFO">${STATE["Mật khẩu"]} = 123123</msg>
<status status="PASS" starttime="20231003 10:33:59.811" endtime="20231003 10:33:59.815"/>
</kw>
<status status="PASS" starttime="20231003 10:33:59.810" endtime="20231003 10:33:59.815"/>
</branch>
<status status="PASS" starttime="20231003 10:33:59.809" endtime="20231003 10:33:59.816"/>
</if>
<status status="PASS" starttime="20231003 10:33:59.558" endtime="20231003 10:33:59.816"/>
</kw>
<kw name="Click &quot;Đăng nhập&quot; button" library="common" sourcename="Click &quot;${text}&quot; button">
<kw name="Click" library="Browser">
<arg>xpath=//button[@title = "${text}"]</arg>
<tag>PageContent</tag>
<tag>Setter</tag>
<doc>Simulates mouse click on the element found by ``selector``.</doc>
<status status="PASS" starttime="20231003 10:33:59.818" endtime="20231003 10:34:01.165"/>
</kw>
<kw name="Click Confirm To Action" library="common">
<kw name="Set Variable" library="BuiltIn">
<var>${element}</var>
<arg>xpath=//*[contains(@class, "ant-popover")]//*[contains(@class, "ant-btn-primary")]</arg>
<doc>Returns the given values which can then be assigned to a variables.</doc>
<msg timestamp="20231003 10:34:01.167" level="INFO">${element} = xpath=//*[contains(@class, "ant-popover")]//*[contains(@class, "ant-btn-primary")]</msg>
<status status="PASS" starttime="20231003 10:34:01.167" endtime="20231003 10:34:01.168"/>
</kw>
<kw name="Get Element Count" library="Browser">
<var>${count}</var>
<arg>${element}</arg>
<tag>Assertion</tag>
<tag>Getter</tag>
<tag>PageContent</tag>
<doc>Returns the count of elements found with ``selector``.</doc>
<msg timestamp="20231003 10:34:01.181" level="INFO">${count} = 0</msg>
<status status="PASS" starttime="20231003 10:34:01.168" endtime="20231003 10:34:01.181"/>
</kw>
<if>
<branch type="IF" condition="${count} &gt; 0">
<kw name="Click" library="Browser">
<arg>${element}</arg>
<tag>PageContent</tag>
<tag>Setter</tag>
<doc>Simulates mouse click on the element found by ``selector``.</doc>
<status status="NOT RUN" starttime="20231003 10:34:01.183" endtime="20231003 10:34:01.184"/>
</kw>
<kw name="Sleep" library="BuiltIn">
<arg>${SHOULD_TIMEOUT}</arg>
<doc>Pauses the test executed for the given time.</doc>
<status status="NOT RUN" starttime="20231003 10:34:01.185" endtime="20231003 10:34:01.186"/>
</kw>
<status status="NOT RUN" starttime="20231003 10:34:01.182" endtime="20231003 10:34:01.186"/>
</branch>
<status status="PASS" starttime="20231003 10:34:01.182" endtime="20231003 10:34:01.187"/>
</if>
<status status="PASS" starttime="20231003 10:34:01.166" endtime="20231003 10:34:01.187"/>
</kw>
<kw name="Scroll By" library="Browser">
<arg>${None}</arg>
<tag>PageContent</tag>
<tag>Setter</tag>
<doc>Scrolls an element or the page relative from current position by the given values.</doc>
<msg timestamp="20231003 10:34:01.219" level="INFO">JavaScript executed successfully.</msg>
<msg timestamp="20231003 10:34:01.219" level="INFO">JavaScript executed successfully.</msg>
<msg timestamp="20231003 10:34:01.257" level="INFO">JavaScript executed successfully.</msg>
<msg timestamp="20231003 10:34:01.257" level="INFO">JavaScript executed successfully.</msg>
<msg timestamp="20231003 10:34:01.265" level="INFO">JavaScript executed successfully.</msg>
<status status="PASS" starttime="20231003 10:34:01.188" endtime="20231003 10:34:01.265"/>
</kw>
<status status="PASS" starttime="20231003 10:33:59.817" endtime="20231003 10:34:01.266"/>
</kw>
<kw name="User look message &quot;Success&quot; popup" library="common" sourcename="User look message &quot;${message}&quot; popup">
<kw name="Get Regexp Matches" library="String">
<var>${contains}</var>
<arg>${message}</arg>
<arg>_@(.+)@_</arg>
<arg>1</arg>
<doc>Returns a list of all non-overlapping matches in the given string.</doc>
<msg timestamp="20231003 10:34:01.268" level="INFO">${contains} = []</msg>
<status status="PASS" starttime="20231003 10:34:01.268" endtime="20231003 10:34:01.268"/>
</kw>
<kw name="Get Length" library="BuiltIn">
<var>${cnt}</var>
<arg>${contains}</arg>
<doc>Returns and logs the length of the given item as an integer.</doc>
<msg timestamp="20231003 10:34:01.270" level="INFO">Length is 0</msg>
<msg timestamp="20231003 10:34:01.270" level="INFO">${cnt} = 0</msg>
<status status="PASS" starttime="20231003 10:34:01.269" endtime="20231003 10:34:01.270"/>
</kw>
<if>
<branch type="IF" condition="${cnt} &gt; 0">
<kw name="Replace String" library="String">
<var>${message}</var>
<arg>${message}</arg>
<arg>_@${contains[0]}@_</arg>
<arg>${STATE["${contains[0]}"]}</arg>
<doc>Replaces ``search_for`` in the given ``string`` with ``replace_with``.</doc>
<status status="NOT RUN" starttime="20231003 10:34:01.272" endtime="20231003 10:34:01.272"/>
</kw>
<status status="NOT RUN" starttime="20231003 10:34:01.271" endtime="20231003 10:34:01.272"/>
</branch>
<status status="PASS" starttime="20231003 10:34:01.271" endtime="20231003 10:34:01.273"/>
</if>
<kw name="Element Text Should Be" library="common">
<arg>id=swal2-html-container</arg>
<arg>${message}</arg>
<kw name="Get Text" library="Browser">
<arg>${locator}</arg>
<arg>equal</arg>
<arg>${expected}</arg>
<arg>${message}</arg>
<tag>Assertion</tag>
<tag>Getter</tag>
<tag>PageContent</tag>
<doc>Returns text attribute of the element found by ``selector``.</doc>
<msg timestamp="20231003 10:34:01.693" level="INFO">Text: 'Success'</msg>
<status status="PASS" starttime="20231003 10:34:01.275" endtime="20231003 10:34:01.694"/>
</kw>
<status status="PASS" starttime="20231003 10:34:01.273" endtime="20231003 10:34:01.694"/>
</kw>
<kw name="Set Variable" library="BuiltIn">
<var>${element}</var>
<arg>xpath=//*[contains(@class, "swal2-confirm")]</arg>
<doc>Returns the given values which can then be assigned to a variables.</doc>
<msg timestamp="20231003 10:34:01.695" level="INFO">${element} = xpath=//*[contains(@class, "swal2-confirm")]</msg>
<status status="PASS" starttime="20231003 10:34:01.694" endtime="20231003 10:34:01.695"/>
</kw>
<kw name="Run Keyword And Return Status" library="BuiltIn">
<var>${passed}</var>
<arg>Element Should Be Visible</arg>
<arg>${element}</arg>
<doc>Runs the given keyword with given arguments and returns the status as a Boolean value.</doc>
<kw name="Element Should Be Visible" library="common">
<arg>${element}</arg>
<kw name="Wait For Elements State" library="Browser">
<arg>${locator}</arg>
<arg>visible</arg>
<arg>${timeout}</arg>
<arg>${message}</arg>
<tag>PageContent</tag>
<tag>Wait</tag>
<doc>Waits for the element found by ``selector`` to satisfy state option.</doc>
<msg timestamp="20231003 10:34:01.988" level="INFO" html="true">&lt;/td&gt;&lt;/tr&gt;&lt;tr&gt;&lt;td colspan="3"&gt;&lt;a href="browser/screenshot/fail-screenshot-1.png" target="_blank"&gt;&lt;img src="browser/screenshot/fail-screenshot-1.png" width="800px"/&gt;&lt;/a&gt;</msg>
<msg timestamp="20231003 10:34:01.988" level="INFO">See also file:///D:/Intern%20test/Automation/Auto_Web/playwright-log.txt for additional details.</msg>
<msg timestamp="20231003 10:34:01.989" level="FAIL">TimeoutError: locator.waitFor: Timeout 100ms exceeded.
=========================== logs ===========================
waiting for locator('xpath=//*[contains(@class, "swal2-confirm")]') to be visible
  locator resolved to hidden &lt;button type="button" aria-label="" class="swal2-confirm…&gt;OK&lt;/button&gt;
  locator resolved to hidden &lt;button type="button" aria-label="" class="swal2-confirm…&gt;OK&lt;/button&gt;
  locator resolved to hidden &lt;button type="button" aria-label="" class="swal2-confirm…&gt;OK&lt;/button&gt;
============================================================
Tip: Use "Set Browser Timeout" for increasing the timeout or double check your locator as the targeted element(s) couldn't be found.</msg>
<status status="FAIL" starttime="20231003 10:34:01.699" endtime="20231003 10:34:01.999"/>
</kw>
<status status="FAIL" starttime="20231003 10:34:01.697" endtime="20231003 10:34:02.000"/>
</kw>
<msg timestamp="20231003 10:34:02.001" level="INFO">${passed} = False</msg>
<status status="PASS" starttime="20231003 10:34:01.696" endtime="20231003 10:34:02.001"/>
</kw>
<if>
<branch type="IF" condition="'${passed}' == 'True'">
<kw name="Click" library="Browser">
<arg>${element}</arg>
<tag>PageContent</tag>
<tag>Setter</tag>
<doc>Simulates mouse click on the element found by ``selector``.</doc>
<status status="NOT RUN" starttime="20231003 10:34:02.003" endtime="20231003 10:34:02.004"/>
</kw>
<status status="NOT RUN" starttime="20231003 10:34:02.002" endtime="20231003 10:34:02.004"/>
</branch>
<status status="PASS" starttime="20231003 10:34:02.002" endtime="20231003 10:34:02.004"/>
</if>
<status status="PASS" starttime="20231003 10:34:01.266" endtime="20231003 10:34:02.005"/>
</kw>
<status status="PASS" starttime="20231003 10:33:59.220" endtime="20231003 10:34:02.005"/>
</kw>
<kw name="Click &quot;QUẢN LÝ TÀI KHOẢN&quot; menu" library="common" sourcename="Click &quot;${text}&quot; menu">
<kw name="Click" library="Browser">
<arg>xpath=//li[contains(@class, "menu") and descendant::span[contains(text(), "${text}")]]</arg>
<tag>PageContent</tag>
<tag>Setter</tag>
<doc>Simulates mouse click on the element found by ``selector``.</doc>
<status status="PASS" starttime="20231003 10:34:02.007" endtime="20231003 10:34:04.253"/>
</kw>
<status status="PASS" starttime="20231003 10:34:02.006" endtime="20231003 10:34:04.253"/>
</kw>
<kw name="Get Length" library="BuiltIn">
<var>${cnt}</var>
<arg>${page}</arg>
<doc>Returns and logs the length of the given item as an integer.</doc>
<msg timestamp="20231003 10:34:04.254" level="INFO">Length is 16</msg>
<msg timestamp="20231003 10:34:04.255" level="INFO">${cnt} = 16</msg>
<status status="PASS" starttime="20231003 10:34:04.253" endtime="20231003 10:34:04.255"/>
</kw>
<if>
<branch type="IF" condition="${cnt} &gt; 0 and '${page}' == 'Customer Account'">
<kw name="Click &quot;Tài khoản Người dùng&quot; sub menu to &quot;/customer-account&quot;" library="common" sourcename="Click &quot;${text}&quot; sub menu to &quot;${url}&quot;">
<kw name="Wait Until Element Spin" library="common">
<kw name="Sleep" library="BuiltIn">
<arg>${SHOULD_TIMEOUT}</arg>
<doc>Pauses the test executed for the given time.</doc>
<msg timestamp="20231003 10:34:04.359" level="INFO">Slept 100 milliseconds</msg>
<status status="PASS" starttime="20231003 10:34:04.259" endtime="20231003 10:34:04.359"/>
</kw>
<kw name="Set Variable" library="BuiltIn">
<var>${element}</var>
<arg>xpath=//*[contains(@class, "ant-spin-spinning")]</arg>
<doc>Returns the given values which can then be assigned to a variables.</doc>
<msg timestamp="20231003 10:34:04.360" level="INFO">${element} = xpath=//*[contains(@class, "ant-spin-spinning")]</msg>
<status status="PASS" starttime="20231003 10:34:04.359" endtime="20231003 10:34:04.360"/>
</kw>
<kw name="Get Element Count" library="Browser">
<var>${count}</var>
<arg>${element}</arg>
<tag>Assertion</tag>
<tag>Getter</tag>
<tag>PageContent</tag>
<doc>Returns the count of elements found with ``selector``.</doc>
<msg timestamp="20231003 10:34:04.372" level="INFO">${count} = 0</msg>
<status status="PASS" starttime="20231003 10:34:04.360" endtime="20231003 10:34:04.373"/>
</kw>
<if>
<branch type="IF" condition="${count} &gt; 0">
<kw name="Wait Until Page Does Not Contain Element" library="common">
<arg>${element}</arg>
<status status="NOT RUN" starttime="20231003 10:34:04.375" endtime="20231003 10:34:04.375"/>
</kw>
<status status="NOT RUN" starttime="20231003 10:34:04.374" endtime="20231003 10:34:04.376"/>
</branch>
<status status="PASS" starttime="20231003 10:34:04.373" endtime="20231003 10:34:04.377"/>
</if>
<status status="PASS" starttime="20231003 10:34:04.258" endtime="20231003 10:34:04.377"/>
</kw>
<kw name="Click" library="Browser">
<arg>xpath=//a[contains(@class, "sub-menu") and descendant::span[contains(text(), "${text}")]]</arg>
<tag>PageContent</tag>
<tag>Setter</tag>
<doc>Simulates mouse click on the element found by ``selector``.</doc>
<status status="PASS" starttime="20231003 10:34:04.379" endtime="20231003 10:34:04.743"/>
</kw>
<kw name="Get Url" library="Browser">
<var>${curent_url}</var>
<tag>Assertion</tag>
<tag>Getter</tag>
<tag>PageContent</tag>
<doc>Returns the current URL.</doc>
<msg timestamp="20231003 10:34:04.750" level="INFO">${curent_url} = http://dev1.geneat.vn:7802/vn/customer-account</msg>
<status status="PASS" starttime="20231003 10:34:04.744" endtime="20231003 10:34:04.751"/>
</kw>
<kw name="Should Contain" library="BuiltIn">
<arg>${curent_url}</arg>
<arg>${URL_DEFAULT}${url}</arg>
<doc>Fails if ``container`` does not contain ``item`` one or more times.</doc>
<status status="PASS" starttime="20231003 10:34:04.752" endtime="20231003 10:34:04.753"/>
</kw>
<status status="PASS" starttime="20231003 10:34:04.257" endtime="20231003 10:34:04.754"/>
</kw>
<status status="PASS" starttime="20231003 10:34:04.256" endtime="20231003 10:34:04.755"/>
</branch>
<branch type="ELSE IF" condition="${cnt} &gt; 0 and '${page}' == 'Internal Account'">
<kw name="Click &quot;Tài khoản Nội bộ&quot; sub menu to &quot;/internal-account&quot;" library="common" sourcename="Click &quot;${text}&quot; sub menu to &quot;${url}&quot;">
<status status="NOT RUN" starttime="20231003 10:34:04.756" endtime="20231003 10:34:04.757"/>
</kw>
<status status="NOT RUN" starttime="20231003 10:34:04.755" endtime="20231003 10:34:04.758"/>
</branch>
<branch type="ELSE IF" condition="${cnt} &gt; 0 and '${page}' == 'Profile Farmer'">
<kw name="Click &quot;Profile Farmer&quot; sub menu to &quot;/profile-farmer&quot;" library="common" sourcename="Click &quot;${text}&quot; sub menu to &quot;${url}&quot;">
<status status="NOT RUN" starttime="20231003 10:34:04.759" endtime="20231003 10:34:04.760"/>
</kw>
<status status="NOT RUN" starttime="20231003 10:34:04.758" endtime="20231003 10:34:04.760"/>
</branch>
<status status="PASS" starttime="20231003 10:34:04.256" endtime="20231003 10:34:04.761"/>
</if>
<status status="PASS" starttime="20231003 10:33:59.219" endtime="20231003 10:34:04.762"/>
</kw>
<kw name="Check the amount of page list" library="common">
<var>${count1}</var>
<kw name="Wait Until Element Spin" library="common">
<kw name="Sleep" library="BuiltIn">
<arg>${SHOULD_TIMEOUT}</arg>
<doc>Pauses the test executed for the given time.</doc>
<msg timestamp="20231003 10:34:04.874" level="INFO">Slept 100 milliseconds</msg>
<status status="PASS" starttime="20231003 10:34:04.772" endtime="20231003 10:34:04.874"/>
</kw>
<kw name="Set Variable" library="BuiltIn">
<var>${element}</var>
<arg>xpath=//*[contains(@class, "ant-spin-spinning")]</arg>
<doc>Returns the given values which can then be assigned to a variables.</doc>
<msg timestamp="20231003 10:34:04.875" level="INFO">${element} = xpath=//*[contains(@class, "ant-spin-spinning")]</msg>
<status status="PASS" starttime="20231003 10:34:04.875" endtime="20231003 10:34:04.876"/>
</kw>
<kw name="Get Element Count" library="Browser">
<var>${count}</var>
<arg>${element}</arg>
<tag>Assertion</tag>
<tag>Getter</tag>
<tag>PageContent</tag>
<doc>Returns the count of elements found with ``selector``.</doc>
<msg timestamp="20231003 10:34:04.992" level="INFO">${count} = 0</msg>
<status status="PASS" starttime="20231003 10:34:04.876" endtime="20231003 10:34:04.993"/>
</kw>
<if>
<branch type="IF" condition="${count} &gt; 0">
<kw name="Wait Until Page Does Not Contain Element" library="common">
<arg>${element}</arg>
<status status="NOT RUN" starttime="20231003 10:34:04.994" endtime="20231003 10:34:04.994"/>
</kw>
<status status="NOT RUN" starttime="20231003 10:34:04.993" endtime="20231003 10:34:04.995"/>
</branch>
<status status="PASS" starttime="20231003 10:34:04.993" endtime="20231003 10:34:04.996"/>
</if>
<status status="PASS" starttime="20231003 10:34:04.771" endtime="20231003 10:34:04.997"/>
</kw>
<kw name="Count the number account in list" library="common">
<var>${countA}</var>
<kw name="Wait Until Element Spin" library="common">
<kw name="Sleep" library="BuiltIn">
<arg>${SHOULD_TIMEOUT}</arg>
<doc>Pauses the test executed for the given time.</doc>
<msg timestamp="20231003 10:34:05.099" level="INFO">Slept 100 milliseconds</msg>
<status status="PASS" starttime="20231003 10:34:04.999" endtime="20231003 10:34:05.099"/>
</kw>
<kw name="Set Variable" library="BuiltIn">
<var>${element}</var>
<arg>xpath=//*[contains(@class, "ant-spin-spinning")]</arg>
<doc>Returns the given values which can then be assigned to a variables.</doc>
<msg timestamp="20231003 10:34:05.100" level="INFO">${element} = xpath=//*[contains(@class, "ant-spin-spinning")]</msg>
<status status="PASS" starttime="20231003 10:34:05.099" endtime="20231003 10:34:05.100"/>
</kw>
<kw name="Get Element Count" library="Browser">
<var>${count}</var>
<arg>${element}</arg>
<tag>Assertion</tag>
<tag>Getter</tag>
<tag>PageContent</tag>
<doc>Returns the count of elements found with ``selector``.</doc>
<msg timestamp="20231003 10:34:05.108" level="INFO">${count} = 0</msg>
<status status="PASS" starttime="20231003 10:34:05.100" endtime="20231003 10:34:05.109"/>
</kw>
<if>
<branch type="IF" condition="${count} &gt; 0">
<kw name="Wait Until Page Does Not Contain Element" library="common">
<arg>${element}</arg>
<status status="NOT RUN" starttime="20231003 10:34:05.110" endtime="20231003 10:34:05.111"/>
</kw>
<status status="NOT RUN" starttime="20231003 10:34:05.109" endtime="20231003 10:34:05.112"/>
</branch>
<status status="PASS" starttime="20231003 10:34:05.109" endtime="20231003 10:34:05.113"/>
</if>
<status status="PASS" starttime="20231003 10:34:04.998" endtime="20231003 10:34:05.113"/>
</kw>
<kw name="Set Variable" library="BuiltIn">
<var>${element}</var>
<arg>xpath=//tbody//tr[contains(@class, 'ant-table-row')]</arg>
<doc>Returns the given values which can then be assigned to a variables.</doc>
<msg timestamp="20231003 10:34:05.115" level="INFO">${element} = xpath=//tbody//tr[contains(@class, 'ant-table-row')]</msg>
<status status="PASS" starttime="20231003 10:34:05.114" endtime="20231003 10:34:05.115"/>
</kw>
<kw name="Get Element Count" library="Browser">
<var>${count}</var>
<arg>${element}</arg>
<tag>Assertion</tag>
<tag>Getter</tag>
<tag>PageContent</tag>
<doc>Returns the count of elements found with ``selector``.</doc>
<msg timestamp="20231003 10:34:05.124" level="INFO">${count} = 7</msg>
<status status="PASS" starttime="20231003 10:34:05.115" endtime="20231003 10:34:05.125"/>
</kw>
<if>
<branch type="IF" condition="${count} &lt;= 0">
<kw name="Wait Until Element Spin" library="common">
<status status="NOT RUN" starttime="20231003 10:34:05.127" endtime="20231003 10:34:05.127"/>
</kw>
<kw name="Get Element Count" library="Browser">
<var>${count}</var>
<arg>${element}</arg>
<tag>Assertion</tag>
<tag>Getter</tag>
<tag>PageContent</tag>
<doc>Returns the count of elements found with ``selector``.</doc>
<status status="NOT RUN" starttime="20231003 10:34:05.128" endtime="20231003 10:34:05.129"/>
</kw>
<kw name="Convert To Integer" library="BuiltIn">
<var>${count}</var>
<arg>${count}</arg>
<doc>Converts the given item to an integer number.</doc>
<status status="NOT RUN" starttime="20231003 10:34:05.130" endtime="20231003 10:34:05.131"/>
</kw>
<kw name="Evaluate" library="BuiltIn">
<var>${countS}</var>
<arg>${count} + 1</arg>
<doc>Evaluates the given expression in Python and returns the result.</doc>
<status status="NOT RUN" starttime="20231003 10:34:05.131" endtime="20231003 10:34:05.132"/>
</kw>
<kw name="Set Global Variable" library="BuiltIn">
<arg>${LastNum}</arg>
<arg>${countS}</arg>
<doc>Makes a variable available globally in all tests and suites.</doc>
<status status="NOT RUN" starttime="20231003 10:34:05.133" endtime="20231003 10:34:05.134"/>
</kw>
<status status="NOT RUN" starttime="20231003 10:34:05.126" endtime="20231003 10:34:05.134"/>
</branch>
<branch type="ELSE">
<kw name="Convert To Integer" library="BuiltIn">
<var>${count}</var>
<arg>${count}</arg>
<doc>Converts the given item to an integer number.</doc>
<msg timestamp="20231003 10:34:05.137" level="INFO">${count} = 7</msg>
<status status="PASS" starttime="20231003 10:34:05.136" endtime="20231003 10:34:05.137"/>
</kw>
<kw name="Evaluate" library="BuiltIn">
<var>${countS}</var>
<arg>${count} + 1</arg>
<doc>Evaluates the given expression in Python and returns the result.</doc>
<msg timestamp="20231003 10:34:05.139" level="INFO">${countS} = 8</msg>
<status status="PASS" starttime="20231003 10:34:05.138" endtime="20231003 10:34:05.139"/>
</kw>
<kw name="Set Global Variable" library="BuiltIn">
<arg>${LastNum}</arg>
<arg>${countS}</arg>
<doc>Makes a variable available globally in all tests and suites.</doc>
<msg timestamp="20231003 10:34:05.143" level="INFO">${LastNum} = 8</msg>
<status status="PASS" starttime="20231003 10:34:05.140" endtime="20231003 10:34:05.143"/>
</kw>
<status status="PASS" starttime="20231003 10:34:05.135" endtime="20231003 10:34:05.144"/>
</branch>
<status status="PASS" starttime="20231003 10:34:05.125" endtime="20231003 10:34:05.144"/>
</if>
<msg timestamp="20231003 10:34:05.145" level="INFO">${countA} = 7</msg>
<status status="PASS" starttime="20231003 10:34:04.997" endtime="20231003 10:34:05.146"/>
</kw>
<kw name="Get the number of total account" library="common">
<var>${totalA}</var>
<kw name="Get Element" library="Browser">
<var>${element}</var>
<arg>//span[contains(@class, 'ml-3')]</arg>
<tag>Getter</tag>
<tag>PageContent</tag>
<doc>Returns a reference to a Playwright [https://playwright.dev/docs/api/class-locator|Locator].</doc>
<msg timestamp="20231003 10:34:05.193" level="INFO">Locator found successfully.</msg>
<msg timestamp="20231003 10:34:05.193" level="INFO">${element} = //span[contains(@class, 'ml-3')]</msg>
<status status="PASS" starttime="20231003 10:34:05.149" endtime="20231003 10:34:05.193"/>
</kw>
<kw name="Get Text" library="Browser">
<var>${text}</var>
<arg>${element}</arg>
<tag>Assertion</tag>
<tag>Getter</tag>
<tag>PageContent</tag>
<doc>Returns text attribute of the element found by ``selector``.</doc>
<msg timestamp="20231003 10:34:05.287" level="INFO">Text: ' 1 -7 của 1119 mục'</msg>
<msg timestamp="20231003 10:34:05.288" level="INFO">${text} =  1 -7 của 1119 mục</msg>
<status status="PASS" starttime="20231003 10:34:05.194" endtime="20231003 10:34:05.288"/>
</kw>
<kw name="Get Regexp Matches" library="String">
<var>${total}</var>
<arg>${text}</arg>
<arg>của (.+) mục</arg>
<arg>1</arg>
<doc>Returns a list of all non-overlapping matches in the given string.</doc>
<msg timestamp="20231003 10:34:05.290" level="INFO">${total} = ['1119']</msg>
<status status="PASS" starttime="20231003 10:34:05.289" endtime="20231003 10:34:05.290"/>
</kw>
<kw name="Convert To Integer" library="BuiltIn">
<var>${total}</var>
<arg>${total[0]}</arg>
<doc>Converts the given item to an integer number.</doc>
<msg timestamp="20231003 10:34:05.293" level="INFO">${total} = 1119</msg>
<status status="PASS" starttime="20231003 10:34:05.291" endtime="20231003 10:34:05.293"/>
</kw>
<kw name="Get Length" library="BuiltIn">
<var>${cnt}</var>
<arg>${text}</arg>
<doc>Returns and logs the length of the given item as an integer.</doc>
<msg timestamp="20231003 10:34:05.295" level="INFO">Length is 18</msg>
<msg timestamp="20231003 10:34:05.296" level="INFO">${cnt} = 18</msg>
<status status="PASS" starttime="20231003 10:34:05.294" endtime="20231003 10:34:05.296"/>
</kw>
<if>
<branch type="IF" condition="${cnt} &gt; 0">
<kw name="Set Variable" library="BuiltIn">
<var>${TotalAccount}</var>
<arg>${total}</arg>
<doc>Returns the given values which can then be assigned to a variables.</doc>
<msg timestamp="20231003 10:34:05.299" level="INFO">${TotalAccount} = 1119</msg>
<status status="PASS" starttime="20231003 10:34:05.298" endtime="20231003 10:34:05.299"/>
</kw>
<status status="PASS" starttime="20231003 10:34:05.297" endtime="20231003 10:34:05.299"/>
</branch>
<status status="PASS" starttime="20231003 10:34:05.297" endtime="20231003 10:34:05.300"/>
</if>
<msg timestamp="20231003 10:34:05.300" level="INFO">${totalA} = 1119</msg>
<status status="PASS" starttime="20231003 10:34:05.147" endtime="20231003 10:34:05.301"/>
</kw>
<if>
<branch type="IF" condition="${countA} == ${totalA}">
<kw name="Set Variable" library="BuiltIn">
<var>${amountPage}</var>
<arg>1</arg>
<doc>Returns the given values which can then be assigned to a variables.</doc>
<status status="NOT RUN" starttime="20231003 10:34:05.302" endtime="20231003 10:34:05.303"/>
</kw>
<kw name="Log To Console" library="BuiltIn">
<arg>'This list contains only one page'</arg>
<doc>Logs the given message to the console.</doc>
<status status="NOT RUN" starttime="20231003 10:34:05.303" endtime="20231003 10:34:05.304"/>
</kw>
<status status="NOT RUN" starttime="20231003 10:34:05.301" endtime="20231003 10:34:05.304"/>
</branch>
<branch type="ELSE IF" condition="${countA} &lt; ${totalA}">
<kw name="Evaluate" library="BuiltIn">
<var>${amountPage}</var>
<arg>(${totalA}//${countA})+1</arg>
<doc>Evaluates the given expression in Python and returns the result.</doc>
<msg timestamp="20231003 10:34:05.307" level="INFO">${amountPage} = 160</msg>
<status status="PASS" starttime="20231003 10:34:05.306" endtime="20231003 10:34:05.307"/>
</kw>
<kw name="Set Variable" library="BuiltIn">
<var>${amountPage}</var>
<arg>${amountPage}</arg>
<doc>Returns the given values which can then be assigned to a variables.</doc>
<msg timestamp="20231003 10:34:05.309" level="INFO">${amountPage} = 160</msg>
<status status="PASS" starttime="20231003 10:34:05.308" endtime="20231003 10:34:05.309"/>
</kw>
<status status="PASS" starttime="20231003 10:34:05.305" endtime="20231003 10:34:05.310"/>
</branch>
<status status="PASS" starttime="20231003 10:34:05.301" endtime="20231003 10:34:05.310"/>
</if>
<msg timestamp="20231003 10:34:05.311" level="INFO">${count1} = 160</msg>
<status status="PASS" starttime="20231003 10:34:04.769" endtime="20231003 10:34:05.311"/>
</kw>
<kw name="Log To Console" library="BuiltIn">
<arg>Count 1 is: ${count1}</arg>
<doc>Logs the given message to the console.</doc>
<status status="PASS" starttime="20231003 10:34:05.314" endtime="20231003 10:34:05.323"/>
</kw>
<kw name="Click on &quot;second&quot; selection to change the number of account show in list and check" library="common" sourcename="Click on &quot;${ordinal}&quot; selection to change the number of account show in list and check">
<kw name="Wait Until Element Spin" library="common">
<kw name="Sleep" library="BuiltIn">
<arg>${SHOULD_TIMEOUT}</arg>
<doc>Pauses the test executed for the given time.</doc>
<msg timestamp="20231003 10:34:05.430" level="INFO">Slept 100 milliseconds</msg>
<status status="PASS" starttime="20231003 10:34:05.327" endtime="20231003 10:34:05.431"/>
</kw>
<kw name="Set Variable" library="BuiltIn">
<var>${element}</var>
<arg>xpath=//*[contains(@class, "ant-spin-spinning")]</arg>
<doc>Returns the given values which can then be assigned to a variables.</doc>
<msg timestamp="20231003 10:34:05.433" level="INFO">${element} = xpath=//*[contains(@class, "ant-spin-spinning")]</msg>
<status status="PASS" starttime="20231003 10:34:05.432" endtime="20231003 10:34:05.433"/>
</kw>
<kw name="Get Element Count" library="Browser">
<var>${count}</var>
<arg>${element}</arg>
<tag>Assertion</tag>
<tag>Getter</tag>
<tag>PageContent</tag>
<doc>Returns the count of elements found with ``selector``.</doc>
<msg timestamp="20231003 10:34:05.442" level="INFO">${count} = 0</msg>
<status status="PASS" starttime="20231003 10:34:05.434" endtime="20231003 10:34:05.442"/>
</kw>
<if>
<branch type="IF" condition="${count} &gt; 0">
<kw name="Wait Until Page Does Not Contain Element" library="common">
<arg>${element}</arg>
<status status="NOT RUN" starttime="20231003 10:34:05.445" endtime="20231003 10:34:05.447"/>
</kw>
<status status="NOT RUN" starttime="20231003 10:34:05.443" endtime="20231003 10:34:05.448"/>
</branch>
<status status="PASS" starttime="20231003 10:34:05.443" endtime="20231003 10:34:05.448"/>
</if>
<status status="PASS" starttime="20231003 10:34:05.326" endtime="20231003 10:34:05.449"/>
</kw>
<kw name="Get Length" library="BuiltIn">
<var>${cnt}</var>
<arg>${ordinal}</arg>
<doc>Returns and logs the length of the given item as an integer.</doc>
<msg timestamp="20231003 10:34:05.450" level="INFO">Length is 6</msg>
<msg timestamp="20231003 10:34:05.450" level="INFO">${cnt} = 6</msg>
<status status="PASS" starttime="20231003 10:34:05.449" endtime="20231003 10:34:05.451"/>
</kw>
<if>
<branch type="IF" condition="${cnt} &gt; 3 and '${ordinal}' == 'first'">
<kw name="Set Variable" library="BuiltIn">
<var>${select}</var>
<arg>1</arg>
<doc>Returns the given values which can then be assigned to a variables.</doc>
<status status="NOT RUN" starttime="20231003 10:34:05.451" endtime="20231003 10:34:05.452"/>
</kw>
<status status="NOT RUN" starttime="20231003 10:34:05.451" endtime="20231003 10:34:05.452"/>
</branch>
<branch type="ELSE IF" condition="${cnt} &gt; 3 and '${ordinal}' == 'second'">
<kw name="Set Variable" library="BuiltIn">
<var>${select}</var>
<arg>2</arg>
<doc>Returns the given values which can then be assigned to a variables.</doc>
<msg timestamp="20231003 10:34:05.453" level="INFO">${select} = 2</msg>
<status status="PASS" starttime="20231003 10:34:05.453" endtime="20231003 10:34:05.453"/>
</kw>
<status status="PASS" starttime="20231003 10:34:05.452" endtime="20231003 10:34:05.453"/>
</branch>
<branch type="ELSE IF" condition="${cnt} &gt; 3 and '${ordinal}' == 'third'">
<kw name="Set Variable" library="BuiltIn">
<var>${select}</var>
<arg>3</arg>
<doc>Returns the given values which can then be assigned to a variables.</doc>
<status status="NOT RUN" starttime="20231003 10:34:05.454" endtime="20231003 10:34:05.454"/>
</kw>
<status status="NOT RUN" starttime="20231003 10:34:05.454" endtime="20231003 10:34:05.454"/>
</branch>
<branch type="ELSE IF" condition="${cnt} &gt; 3 and '${ordinal}' == 'fourth'">
<kw name="Set Variable" library="BuiltIn">
<var>${select}</var>
<arg>4</arg>
<doc>Returns the given values which can then be assigned to a variables.</doc>
<status status="NOT RUN" starttime="20231003 10:34:05.455" endtime="20231003 10:34:05.455"/>
</kw>
<status status="NOT RUN" starttime="20231003 10:34:05.455" endtime="20231003 10:34:05.455"/>
</branch>
<branch type="ELSE IF" condition="${cnt} &gt; 3 and '${ordinal}' == 'fifth'">
<kw name="Set Variable" library="BuiltIn">
<var>${select}</var>
<arg>5</arg>
<doc>Returns the given values which can then be assigned to a variables.</doc>
<status status="NOT RUN" starttime="20231003 10:34:05.456" endtime="20231003 10:34:05.456"/>
</kw>
<status status="NOT RUN" starttime="20231003 10:34:05.456" endtime="20231003 10:34:05.456"/>
</branch>
<branch type="ELSE">
<kw name="Convert To Integer" library="BuiltIn">
<var>${select}</var>
<arg>${ordinal}</arg>
<doc>Converts the given item to an integer number.</doc>
<status status="NOT RUN" starttime="20231003 10:34:05.457" endtime="20231003 10:34:05.457"/>
</kw>
<status status="NOT RUN" starttime="20231003 10:34:05.457" endtime="20231003 10:34:05.457"/>
</branch>
<status status="PASS" starttime="20231003 10:34:05.451" endtime="20231003 10:34:05.458"/>
</if>
<kw name="Check the amount of page list" library="common">
<var>${amountPage}</var>
<kw name="Wait Until Element Spin" library="common">
<kw name="Sleep" library="BuiltIn">
<arg>${SHOULD_TIMEOUT}</arg>
<doc>Pauses the test executed for the given time.</doc>
<msg timestamp="20231003 10:34:05.563" level="INFO">Slept 100 milliseconds</msg>
<status status="PASS" starttime="20231003 10:34:05.460" endtime="20231003 10:34:05.563"/>
</kw>
<kw name="Set Variable" library="BuiltIn">
<var>${element}</var>
<arg>xpath=//*[contains(@class, "ant-spin-spinning")]</arg>
<doc>Returns the given values which can then be assigned to a variables.</doc>
<msg timestamp="20231003 10:34:05.564" level="INFO">${element} = xpath=//*[contains(@class, "ant-spin-spinning")]</msg>
<status status="PASS" starttime="20231003 10:34:05.563" endtime="20231003 10:34:05.564"/>
</kw>
<kw name="Get Element Count" library="Browser">
<var>${count}</var>
<arg>${element}</arg>
<tag>Assertion</tag>
<tag>Getter</tag>
<tag>PageContent</tag>
<doc>Returns the count of elements found with ``selector``.</doc>
<msg timestamp="20231003 10:34:05.573" level="INFO">${count} = 0</msg>
<status status="PASS" starttime="20231003 10:34:05.564" endtime="20231003 10:34:05.574"/>
</kw>
<if>
<branch type="IF" condition="${count} &gt; 0">
<kw name="Wait Until Page Does Not Contain Element" library="common">
<arg>${element}</arg>
<status status="NOT RUN" starttime="20231003 10:34:05.575" endtime="20231003 10:34:05.576"/>
</kw>
<status status="NOT RUN" starttime="20231003 10:34:05.575" endtime="20231003 10:34:05.576"/>
</branch>
<status status="PASS" starttime="20231003 10:34:05.574" endtime="20231003 10:34:05.577"/>
</if>
<status status="PASS" starttime="20231003 10:34:05.459" endtime="20231003 10:34:05.577"/>
</kw>
<kw name="Count the number account in list" library="common">
<var>${countA}</var>
<kw name="Wait Until Element Spin" library="common">
<kw name="Sleep" library="BuiltIn">
<arg>${SHOULD_TIMEOUT}</arg>
<doc>Pauses the test executed for the given time.</doc>
<msg timestamp="20231003 10:34:05.687" level="INFO">Slept 100 milliseconds</msg>
<status status="PASS" starttime="20231003 10:34:05.581" endtime="20231003 10:34:05.687"/>
</kw>
<kw name="Set Variable" library="BuiltIn">
<var>${element}</var>
<arg>xpath=//*[contains(@class, "ant-spin-spinning")]</arg>
<doc>Returns the given values which can then be assigned to a variables.</doc>
<msg timestamp="20231003 10:34:05.689" level="INFO">${element} = xpath=//*[contains(@class, "ant-spin-spinning")]</msg>
<status status="PASS" starttime="20231003 10:34:05.688" endtime="20231003 10:34:05.689"/>
</kw>
<kw name="Get Element Count" library="Browser">
<var>${count}</var>
<arg>${element}</arg>
<tag>Assertion</tag>
<tag>Getter</tag>
<tag>PageContent</tag>
<doc>Returns the count of elements found with ``selector``.</doc>
<msg timestamp="20231003 10:34:05.740" level="INFO">${count} = 0</msg>
<status status="PASS" starttime="20231003 10:34:05.690" endtime="20231003 10:34:05.740"/>
</kw>
<if>
<branch type="IF" condition="${count} &gt; 0">
<kw name="Wait Until Page Does Not Contain Element" library="common">
<arg>${element}</arg>
<status status="NOT RUN" starttime="20231003 10:34:05.742" endtime="20231003 10:34:05.743"/>
</kw>
<status status="NOT RUN" starttime="20231003 10:34:05.741" endtime="20231003 10:34:05.743"/>
</branch>
<status status="PASS" starttime="20231003 10:34:05.741" endtime="20231003 10:34:05.744"/>
</if>
<status status="PASS" starttime="20231003 10:34:05.580" endtime="20231003 10:34:05.745"/>
</kw>
<kw name="Set Variable" library="BuiltIn">
<var>${element}</var>
<arg>xpath=//tbody//tr[contains(@class, 'ant-table-row')]</arg>
<doc>Returns the given values which can then be assigned to a variables.</doc>
<msg timestamp="20231003 10:34:05.747" level="INFO">${element} = xpath=//tbody//tr[contains(@class, 'ant-table-row')]</msg>
<status status="PASS" starttime="20231003 10:34:05.746" endtime="20231003 10:34:05.747"/>
</kw>
<kw name="Get Element Count" library="Browser">
<var>${count}</var>
<arg>${element}</arg>
<tag>Assertion</tag>
<tag>Getter</tag>
<tag>PageContent</tag>
<doc>Returns the count of elements found with ``selector``.</doc>
<msg timestamp="20231003 10:34:05.760" level="INFO">${count} = 7</msg>
<status status="PASS" starttime="20231003 10:34:05.748" endtime="20231003 10:34:05.761"/>
</kw>
<if>
<branch type="IF" condition="${count} &lt;= 0">
<kw name="Wait Until Element Spin" library="common">
<status status="NOT RUN" starttime="20231003 10:34:05.763" endtime="20231003 10:34:05.764"/>
</kw>
<kw name="Get Element Count" library="Browser">
<var>${count}</var>
<arg>${element}</arg>
<tag>Assertion</tag>
<tag>Getter</tag>
<tag>PageContent</tag>
<doc>Returns the count of elements found with ``selector``.</doc>
<status status="NOT RUN" starttime="20231003 10:34:05.765" endtime="20231003 10:34:05.765"/>
</kw>
<kw name="Convert To Integer" library="BuiltIn">
<var>${count}</var>
<arg>${count}</arg>
<doc>Converts the given item to an integer number.</doc>
<status status="NOT RUN" starttime="20231003 10:34:05.766" endtime="20231003 10:34:05.767"/>
</kw>
<kw name="Evaluate" library="BuiltIn">
<var>${countS}</var>
<arg>${count} + 1</arg>
<doc>Evaluates the given expression in Python and returns the result.</doc>
<status status="NOT RUN" starttime="20231003 10:34:05.767" endtime="20231003 10:34:05.768"/>
</kw>
<kw name="Set Global Variable" library="BuiltIn">
<arg>${LastNum}</arg>
<arg>${countS}</arg>
<doc>Makes a variable available globally in all tests and suites.</doc>
<status status="NOT RUN" starttime="20231003 10:34:05.769" endtime="20231003 10:34:05.769"/>
</kw>
<status status="NOT RUN" starttime="20231003 10:34:05.762" endtime="20231003 10:34:05.770"/>
</branch>
<branch type="ELSE">
<kw name="Convert To Integer" library="BuiltIn">
<var>${count}</var>
<arg>${count}</arg>
<doc>Converts the given item to an integer number.</doc>
<msg timestamp="20231003 10:34:05.773" level="INFO">${count} = 7</msg>
<status status="PASS" starttime="20231003 10:34:05.771" endtime="20231003 10:34:05.773"/>
</kw>
<kw name="Evaluate" library="BuiltIn">
<var>${countS}</var>
<arg>${count} + 1</arg>
<doc>Evaluates the given expression in Python and returns the result.</doc>
<msg timestamp="20231003 10:34:05.774" level="INFO">${countS} = 8</msg>
<status status="PASS" starttime="20231003 10:34:05.774" endtime="20231003 10:34:05.775"/>
</kw>
<kw name="Set Global Variable" library="BuiltIn">
<arg>${LastNum}</arg>
<arg>${countS}</arg>
<doc>Makes a variable available globally in all tests and suites.</doc>
<msg timestamp="20231003 10:34:05.777" level="INFO">${LastNum} = 8</msg>
<status status="PASS" starttime="20231003 10:34:05.776" endtime="20231003 10:34:05.777"/>
</kw>
<status status="PASS" starttime="20231003 10:34:05.770" endtime="20231003 10:34:05.779"/>
</branch>
<status status="PASS" starttime="20231003 10:34:05.762" endtime="20231003 10:34:05.779"/>
</if>
<msg timestamp="20231003 10:34:05.780" level="INFO">${countA} = 7</msg>
<status status="PASS" starttime="20231003 10:34:05.579" endtime="20231003 10:34:05.780"/>
</kw>
<kw name="Get the number of total account" library="common">
<var>${totalA}</var>
<kw name="Get Element" library="Browser">
<var>${element}</var>
<arg>//span[contains(@class, 'ml-3')]</arg>
<tag>Getter</tag>
<tag>PageContent</tag>
<doc>Returns a reference to a Playwright [https://playwright.dev/docs/api/class-locator|Locator].</doc>
<msg timestamp="20231003 10:34:05.798" level="INFO">Locator found successfully.</msg>
<msg timestamp="20231003 10:34:05.799" level="INFO">${element} = //span[contains(@class, 'ml-3')]</msg>
<status status="PASS" starttime="20231003 10:34:05.781" endtime="20231003 10:34:05.799"/>
</kw>
<kw name="Get Text" library="Browser">
<var>${text}</var>
<arg>${element}</arg>
<tag>Assertion</tag>
<tag>Getter</tag>
<tag>PageContent</tag>
<doc>Returns text attribute of the element found by ``selector``.</doc>
<msg timestamp="20231003 10:34:05.845" level="INFO">Text: ' 1 -7 của 1119 mục'</msg>
<msg timestamp="20231003 10:34:05.846" level="INFO">${text} =  1 -7 của 1119 mục</msg>
<status status="PASS" starttime="20231003 10:34:05.800" endtime="20231003 10:34:05.846"/>
</kw>
<kw name="Get Regexp Matches" library="String">
<var>${total}</var>
<arg>${text}</arg>
<arg>của (.+) mục</arg>
<arg>1</arg>
<doc>Returns a list of all non-overlapping matches in the given string.</doc>
<msg timestamp="20231003 10:34:05.849" level="INFO">${total} = ['1119']</msg>
<status status="PASS" starttime="20231003 10:34:05.847" endtime="20231003 10:34:05.849"/>
</kw>
<kw name="Convert To Integer" library="BuiltIn">
<var>${total}</var>
<arg>${total[0]}</arg>
<doc>Converts the given item to an integer number.</doc>
<msg timestamp="20231003 10:34:05.852" level="INFO">${total} = 1119</msg>
<status status="PASS" starttime="20231003 10:34:05.850" endtime="20231003 10:34:05.852"/>
</kw>
<kw name="Get Length" library="BuiltIn">
<var>${cnt}</var>
<arg>${text}</arg>
<doc>Returns and logs the length of the given item as an integer.</doc>
<msg timestamp="20231003 10:34:05.854" level="INFO">Length is 18</msg>
<msg timestamp="20231003 10:34:05.854" level="INFO">${cnt} = 18</msg>
<status status="PASS" starttime="20231003 10:34:05.853" endtime="20231003 10:34:05.854"/>
</kw>
<if>
<branch type="IF" condition="${cnt} &gt; 0">
<kw name="Set Variable" library="BuiltIn">
<var>${TotalAccount}</var>
<arg>${total}</arg>
<doc>Returns the given values which can then be assigned to a variables.</doc>
<msg timestamp="20231003 10:34:05.857" level="INFO">${TotalAccount} = 1119</msg>
<status status="PASS" starttime="20231003 10:34:05.856" endtime="20231003 10:34:05.857"/>
</kw>
<status status="PASS" starttime="20231003 10:34:05.855" endtime="20231003 10:34:05.857"/>
</branch>
<status status="PASS" starttime="20231003 10:34:05.855" endtime="20231003 10:34:05.858"/>
</if>
<msg timestamp="20231003 10:34:05.858" level="INFO">${totalA} = 1119</msg>
<status status="PASS" starttime="20231003 10:34:05.781" endtime="20231003 10:34:05.858"/>
</kw>
<if>
<branch type="IF" condition="${countA} == ${totalA}">
<kw name="Set Variable" library="BuiltIn">
<var>${amountPage}</var>
<arg>1</arg>
<doc>Returns the given values which can then be assigned to a variables.</doc>
<status status="NOT RUN" starttime="20231003 10:34:05.860" endtime="20231003 10:34:05.862"/>
</kw>
<kw name="Log To Console" library="BuiltIn">
<arg>'This list contains only one page'</arg>
<doc>Logs the given message to the console.</doc>
<status status="NOT RUN" starttime="20231003 10:34:05.862" endtime="20231003 10:34:05.863"/>
</kw>
<status status="NOT RUN" starttime="20231003 10:34:05.859" endtime="20231003 10:34:05.863"/>
</branch>
<branch type="ELSE IF" condition="${countA} &lt; ${totalA}">
<kw name="Evaluate" library="BuiltIn">
<var>${amountPage}</var>
<arg>(${totalA}//${countA})+1</arg>
<doc>Evaluates the given expression in Python and returns the result.</doc>
<msg timestamp="20231003 10:34:05.865" level="INFO">${amountPage} = 160</msg>
<status status="PASS" starttime="20231003 10:34:05.865" endtime="20231003 10:34:05.866"/>
</kw>
<kw name="Set Variable" library="BuiltIn">
<var>${amountPage}</var>
<arg>${amountPage}</arg>
<doc>Returns the given values which can then be assigned to a variables.</doc>
<msg timestamp="20231003 10:34:05.867" level="INFO">${amountPage} = 160</msg>
<status status="PASS" starttime="20231003 10:34:05.866" endtime="20231003 10:34:05.867"/>
</kw>
<status status="PASS" starttime="20231003 10:34:05.864" endtime="20231003 10:34:05.867"/>
</branch>
<status status="PASS" starttime="20231003 10:34:05.859" endtime="20231003 10:34:05.867"/>
</if>
<msg timestamp="20231003 10:34:05.867" level="INFO">${amountPage} = 160</msg>
<status status="PASS" starttime="20231003 10:34:05.458" endtime="20231003 10:34:05.868"/>
</kw>
<kw name="Get Text" library="Browser">
<var>${text_current}</var>
<arg>//*[contains(@class, 'ant-select-selection-item')]</arg>
<tag>Assertion</tag>
<tag>Getter</tag>
<tag>PageContent</tag>
<doc>Returns text attribute of the element found by ``selector``.</doc>
<msg timestamp="20231003 10:34:05.910" level="INFO">Text: '7 / page'</msg>
<msg timestamp="20231003 10:34:05.912" level="INFO">${text_current} = 7 / page</msg>
<status status="PASS" starttime="20231003 10:34:05.868" endtime="20231003 10:34:05.912"/>
</kw>
<kw name="Get Regexp Matches" library="String">
<var>${current}</var>
<arg>${text_current}</arg>
<arg>(.+) / page</arg>
<arg>1</arg>
<doc>Returns a list of all non-overlapping matches in the given string.</doc>
<msg timestamp="20231003 10:34:05.915" level="INFO">${current} = ['7']</msg>
<status status="PASS" starttime="20231003 10:34:05.913" endtime="20231003 10:34:05.915"/>
</kw>
<kw name="Set Variable" library="BuiltIn">
<var>${current_number}</var>
<arg>${current[0]}</arg>
<doc>Returns the given values which can then be assigned to a variables.</doc>
<msg timestamp="20231003 10:34:05.919" level="INFO">${current_number} = 7</msg>
<status status="PASS" starttime="20231003 10:34:05.916" endtime="20231003 10:34:05.919"/>
</kw>
<kw name="Convert To Integer" library="BuiltIn">
<var>${current_number}</var>
<arg>${current_number}</arg>
<doc>Converts the given item to an integer number.</doc>
<msg timestamp="20231003 10:34:05.921" level="INFO">${current_number} = 7</msg>
<status status="PASS" starttime="20231003 10:34:05.920" endtime="20231003 10:34:05.921"/>
</kw>
<kw name="Click" library="Browser">
<arg>xpath=//*[contains(@class, 'ant-select-selection-item')]</arg>
<tag>PageContent</tag>
<tag>Setter</tag>
<doc>Simulates mouse click on the element found by ``selector``.</doc>
<status status="PASS" starttime="20231003 10:34:05.922" endtime="20231003 10:34:06.723"/>
</kw>
<kw name="Get Text" library="Browser">
<var>${text_default}</var>
<arg>//nz-option-item[1]/div[contains(@class,'ant-select-item-option-content')]</arg>
<tag>Assertion</tag>
<tag>Getter</tag>
<tag>PageContent</tag>
<doc>Returns text attribute of the element found by ``selector``.</doc>
<msg timestamp="20231003 10:34:06.760" level="INFO">Text: '7 / page'</msg>
<msg timestamp="20231003 10:34:06.760" level="INFO">${text_default} = 7 / page</msg>
<status status="PASS" starttime="20231003 10:34:06.724" endtime="20231003 10:34:06.761"/>
</kw>
<kw name="Get Regexp Matches" library="String">
<var>${default}</var>
<arg>${text_default}</arg>
<arg>(.+) / page</arg>
<arg>1</arg>
<doc>Returns a list of all non-overlapping matches in the given string.</doc>
<msg timestamp="20231003 10:34:06.764" level="INFO">${default} = ['7']</msg>
<status status="PASS" starttime="20231003 10:34:06.762" endtime="20231003 10:34:06.764"/>
</kw>
<kw name="Set Variable" library="BuiltIn">
<var>${default_number}</var>
<arg>${default[0]}</arg>
<doc>Returns the given values which can then be assigned to a variables.</doc>
<msg timestamp="20231003 10:34:06.766" level="INFO">${default_number} = 7</msg>
<status status="PASS" starttime="20231003 10:34:06.764" endtime="20231003 10:34:06.766"/>
</kw>
<kw name="Convert To Integer" library="BuiltIn">
<var>${default_number}</var>
<arg>${default_number}</arg>
<doc>Converts the given item to an integer number.</doc>
<msg timestamp="20231003 10:34:06.767" level="INFO">${default_number} = 7</msg>
<status status="PASS" starttime="20231003 10:34:06.767" endtime="20231003 10:34:06.767"/>
</kw>
<kw name="Get Text" library="Browser">
<var>${text_select}</var>
<arg>//nz-option-item[${select}]/div[contains(@class,'ant-select-item-option-content')]</arg>
<tag>Assertion</tag>
<tag>Getter</tag>
<tag>PageContent</tag>
<doc>Returns text attribute of the element found by ``selector``.</doc>
<msg timestamp="20231003 10:34:06.904" level="INFO">Text: '14 / page'</msg>
<msg timestamp="20231003 10:34:06.905" level="INFO">${text_select} = 14 / page</msg>
<status status="PASS" starttime="20231003 10:34:06.768" endtime="20231003 10:34:06.905"/>
</kw>
<kw name="Get Regexp Matches" library="String">
<var>${select_string}</var>
<arg>${text_select}</arg>
<arg>(.+) / page</arg>
<arg>1</arg>
<doc>Returns a list of all non-overlapping matches in the given string.</doc>
<msg timestamp="20231003 10:34:06.907" level="INFO">${select_string} = ['14']</msg>
<status status="PASS" starttime="20231003 10:34:06.906" endtime="20231003 10:34:06.907"/>
</kw>
<kw name="Set Variable" library="BuiltIn">
<var>${select_number}</var>
<arg>${select_string[0]}</arg>
<doc>Returns the given values which can then be assigned to a variables.</doc>
<msg timestamp="20231003 10:34:06.910" level="INFO">${select_number} = 14</msg>
<status status="PASS" starttime="20231003 10:34:06.908" endtime="20231003 10:34:06.910"/>
</kw>
<kw name="Convert To Integer" library="BuiltIn">
<var>${select_number}</var>
<arg>${select_number}</arg>
<doc>Converts the given item to an integer number.</doc>
<msg timestamp="20231003 10:34:06.913" level="INFO">${select_number} = 14</msg>
<status status="PASS" starttime="20231003 10:34:06.911" endtime="20231003 10:34:06.913"/>
</kw>
<if>
<branch type="IF" condition="${amountPage} &gt;= 2">
<if>
<branch type="IF" condition="${current_number} &lt; ${select_number}">
<kw name="Move to the &quot;next&quot; page" library="common" sourcename="Move to the &quot;${target}&quot; page">
<kw name="Get Length" library="BuiltIn">
<var>${count}</var>
<arg>${target}</arg>
<doc>Returns and logs the length of the given item as an integer.</doc>
<msg timestamp="20231003 10:34:06.918" level="INFO">Length is 4</msg>
<msg timestamp="20231003 10:34:06.918" level="INFO">${count} = 4</msg>
<status status="PASS" starttime="20231003 10:34:06.917" endtime="20231003 10:34:06.919"/>
</kw>
<if>
<branch type="IF" condition="'${target}' == 'previous'">
<kw name="Click" library="Browser">
<arg>xpath=//*[contains(@class, "las la-angle-left text-xs ng-star-inserted")]</arg>
<tag>PageContent</tag>
<tag>Setter</tag>
<doc>Simulates mouse click on the element found by ``selector``.</doc>
<status status="NOT RUN" starttime="20231003 10:34:06.920" endtime="20231003 10:34:06.921"/>
</kw>
<status status="NOT RUN" starttime="20231003 10:34:06.919" endtime="20231003 10:34:06.921"/>
</branch>
<branch type="ELSE IF" condition="'${target}' == 'next'">
<kw name="Click" library="Browser">
<arg>xpath=//*[contains(@class, "las la-angle-right text-xs ng-star-inserted")]</arg>
<tag>PageContent</tag>
<tag>Setter</tag>
<doc>Simulates mouse click on the element found by ``selector``.</doc>
<status status="PASS" starttime="20231003 10:34:06.923" endtime="20231003 10:34:07.791"/>
</kw>
<status status="PASS" starttime="20231003 10:34:06.922" endtime="20231003 10:34:07.791"/>
</branch>
<branch type="ELSE">
<kw name="Convert To Integer" library="BuiltIn">
<var>${number}</var>
<arg>${target}</arg>
<doc>Converts the given item to an integer number.</doc>
<status status="NOT RUN" starttime="20231003 10:34:07.793" endtime="20231003 10:34:07.793"/>
</kw>
<kw name="Click" library="Browser">
<arg>xpath=//a[contains(@aria-label, "page ${number}")]</arg>
<tag>PageContent</tag>
<tag>Setter</tag>
<doc>Simulates mouse click on the element found by ``selector``.</doc>
<status status="NOT RUN" starttime="20231003 10:34:07.794" endtime="20231003 10:34:07.796"/>
</kw>
<status status="NOT RUN" starttime="20231003 10:34:07.792" endtime="20231003 10:34:07.796"/>
</branch>
<status status="PASS" starttime="20231003 10:34:06.919" endtime="20231003 10:34:07.797"/>
</if>
<kw name="Wait Until Element Spin" library="common">
<kw name="Sleep" library="BuiltIn">
<arg>${SHOULD_TIMEOUT}</arg>
<doc>Pauses the test executed for the given time.</doc>
<msg timestamp="20231003 10:34:07.899" level="INFO">Slept 100 milliseconds</msg>
<status status="PASS" starttime="20231003 10:34:07.799" endtime="20231003 10:34:07.899"/>
</kw>
<kw name="Set Variable" library="BuiltIn">
<var>${element}</var>
<arg>xpath=//*[contains(@class, "ant-spin-spinning")]</arg>
<doc>Returns the given values which can then be assigned to a variables.</doc>
<msg timestamp="20231003 10:34:07.900" level="INFO">${element} = xpath=//*[contains(@class, "ant-spin-spinning")]</msg>
<status status="PASS" starttime="20231003 10:34:07.900" endtime="20231003 10:34:07.900"/>
</kw>
<kw name="Get Element Count" library="Browser">
<var>${count}</var>
<arg>${element}</arg>
<tag>Assertion</tag>
<tag>Getter</tag>
<tag>PageContent</tag>
[...]
</kw>
<kw name="Convert To Integer" library="BuiltIn">
<var>${select_number}</var>
<arg>${select_number}</arg>
<doc>Converts the given item to an integer number.</doc>
<msg timestamp="20231003 10:34:16.372" level="INFO">${select_number} = 28</msg>
<status status="PASS" starttime="20231003 10:34:16.371" endtime="20231003 10:34:16.372"/>
</kw>
<if>
<branch type="IF" condition="${amountPage} &gt;= 2">
<if>
<branch type="IF" condition="${current_number} &lt; ${select_number}">
<kw name="Move to the &quot;next&quot; page" library="common" sourcename="Move to the &quot;${target}&quot; page">
<kw name="Get Length" library="BuiltIn">
<var>${count}</var>
<arg>${target}</arg>
<doc>Returns and logs the length of the given item as an integer.</doc>
<msg timestamp="20231003 10:34:16.374" level="INFO">Length is 4</msg>
<msg timestamp="20231003 10:34:16.374" level="INFO">${count} = 4</msg>
<status status="PASS" starttime="20231003 10:34:16.374" endtime="20231003 10:34:16.374"/>
</kw>
<if>
<branch type="IF" condition="'${target}' == 'previous'">
<kw name="Click" library="Browser">
<arg>xpath=//*[contains(@class, "las la-angle-left text-xs ng-star-inserted")]</arg>
<tag>PageContent</tag>
<tag>Setter</tag>
<doc>Simulates mouse click on the element found by ``selector``.</doc>
<status status="NOT RUN" starttime="20231003 10:34:16.375" endtime="20231003 10:34:16.376"/>
</kw>
<status status="NOT RUN" starttime="20231003 10:34:16.375" endtime="20231003 10:34:16.376"/>
</branch>
<branch type="ELSE IF" condition="'${target}' == 'next'">
<kw name="Click" library="Browser">
<arg>xpath=//*[contains(@class, "las la-angle-right text-xs ng-star-inserted")]</arg>
<tag>PageContent</tag>
<tag>Setter</tag>
<doc>Simulates mouse click on the element found by ``selector``.</doc>
<status status="PASS" starttime="20231003 10:34:16.378" endtime="20231003 10:34:17.391"/>
</kw>
<status status="PASS" starttime="20231003 10:34:16.376" endtime="20231003 10:34:17.392"/>
</branch>
<branch type="ELSE">
<kw name="Convert To Integer" library="BuiltIn">
<var>${number}</var>
<arg>${target}</arg>
<doc>Converts the given item to an integer number.</doc>
<status status="NOT RUN" starttime="20231003 10:34:17.394" endtime="20231003 10:34:17.395"/>
</kw>
<kw name="Click" library="Browser">
<arg>xpath=//a[contains(@aria-label, "page ${number}")]</arg>
<tag>PageContent</tag>
<tag>Setter</tag>
<doc>Simulates mouse click on the element found by ``selector``.</doc>
<status status="NOT RUN" starttime="20231003 10:34:17.396" endtime="20231003 10:34:17.396"/>
</kw>
<status status="NOT RUN" starttime="20231003 10:34:17.392" endtime="20231003 10:34:17.396"/>
</branch>
<status status="PASS" starttime="20231003 10:34:16.374" endtime="20231003 10:34:17.396"/>
</if>
<kw name="Wait Until Element Spin" library="common">
<kw name="Sleep" library="BuiltIn">
<arg>${SHOULD_TIMEOUT}</arg>
<doc>Pauses the test executed for the given time.</doc>
<msg timestamp="20231003 10:34:17.499" level="INFO">Slept 100 milliseconds</msg>
<status status="PASS" starttime="20231003 10:34:17.397" endtime="20231003 10:34:17.499"/>
</kw>
<kw name="Set Variable" library="BuiltIn">
<var>${element}</var>
<arg>xpath=//*[contains(@class, "ant-spin-spinning")]</arg>
<doc>Returns the given values which can then be assigned to a variables.</doc>
<msg timestamp="20231003 10:34:17.501" level="INFO">${element} = xpath=//*[contains(@class, "ant-spin-spinning")]</msg>
<status status="PASS" starttime="20231003 10:34:17.500" endtime="20231003 10:34:17.501"/>
</kw>
<kw name="Get Element Count" library="Browser">
<var>${count}</var>
<arg>${element}</arg>
<tag>Assertion</tag>
<tag>Getter</tag>
<tag>PageContent</tag>
<doc>Returns the count of elements found with ``selector``.</doc>
<msg timestamp="20231003 10:34:17.769" level="INFO">${count} = 0</msg>
<status status="PASS" starttime="20231003 10:34:17.502" endtime="20231003 10:34:17.769"/>
</kw>
<if>
<branch type="IF" condition="${count} &gt; 0">
<kw name="Wait Until Page Does Not Contain Element" library="common">
<arg>${element}</arg>
<status status="NOT RUN" starttime="20231003 10:34:17.770" endtime="20231003 10:34:17.771"/>
</kw>
<status status="NOT RUN" starttime="20231003 10:34:17.770" endtime="20231003 10:34:17.771"/>
</branch>
<status status="PASS" starttime="20231003 10:34:17.770" endtime="20231003 10:34:17.771"/>
</if>
<status status="PASS" starttime="20231003 10:34:17.397" endtime="20231003 10:34:17.771"/>
</kw>
<status status="PASS" starttime="20231003 10:34:16.373" endtime="20231003 10:34:17.772"/>
</kw>
<kw name="Get the first account name" library="common">
<var>${name}</var>
<kw name="Get Element" library="Browser">
<var>${element}</var>
<arg>//tbody//tr[2]//button[contains(@title,"Chi tiết")]</arg>
<tag>Getter</tag>
<tag>PageContent</tag>
<doc>Returns a reference to a Playwright [https://playwright.dev/docs/api/class-locator|Locator].</doc>
<msg timestamp="20231003 10:34:17.785" level="INFO">Locator found successfully.</msg>
<msg timestamp="20231003 10:34:17.785" level="INFO">${element} = //tbody//tr[2]//button[contains(@title,"Chi tiết")]</msg>
<status status="PASS" starttime="20231003 10:34:17.773" endtime="20231003 10:34:17.786"/>
</kw>
<kw name="Get Text" library="Browser">
<var>${Fname}</var>
<arg>${element}</arg>
<tag>Assertion</tag>
<tag>Getter</tag>
<tag>PageContent</tag>
<doc>Returns text attribute of the element found by ``selector``.</doc>
<msg timestamp="20231003 10:34:17.815" level="INFO">Text: 'ten'</msg>
<msg timestamp="20231003 10:34:17.815" level="INFO">${Fname} = ten</msg>
<status status="PASS" starttime="20231003 10:34:17.786" endtime="20231003 10:34:17.816"/>
</kw>
<kw name="Get Length" library="BuiltIn">
<var>${cnt}</var>
<arg>${Fname}</arg>
<doc>Returns and logs the length of the given item as an integer.</doc>
<msg timestamp="20231003 10:34:17.816" level="INFO">Length is 3</msg>
<msg timestamp="20231003 10:34:17.817" level="INFO">${cnt} = 3</msg>
<status status="PASS" starttime="20231003 10:34:17.816" endtime="20231003 10:34:17.817"/>
</kw>
<if>
<branch type="IF" condition="${cnt} &gt; 0">
<kw name="Set Variable" library="BuiltIn">
<var>${Fname}</var>
<arg>${Fname}</arg>
<doc>Returns the given values which can then be assigned to a variables.</doc>
<msg timestamp="20231003 10:34:17.818" level="INFO">${Fname} = ten</msg>
<status status="PASS" starttime="20231003 10:34:17.817" endtime="20231003 10:34:17.818"/>
</kw>
<status status="PASS" starttime="20231003 10:34:17.817" endtime="20231003 10:34:17.818"/>
</branch>
<status status="PASS" starttime="20231003 10:34:17.817" endtime="20231003 10:34:17.818"/>
</if>
<msg timestamp="20231003 10:34:17.819" level="INFO">${name} = ten</msg>
<status status="PASS" starttime="20231003 10:34:17.772" endtime="20231003 10:34:17.819"/>
</kw>
<kw name="Evaluate" library="BuiltIn">
<var>${ordinal_before}</var>
<arg>${current_number} + 2</arg>
<doc>Evaluates the given expression in Python and returns the result.</doc>
<msg timestamp="20231003 10:34:17.819" level="INFO">${ordinal_before} = 23</msg>
<status status="PASS" starttime="20231003 10:34:17.819" endtime="20231003 10:34:17.820"/>
</kw>
<kw name="Click" library="Browser">
<arg>xpath=//*[contains(@class, 'ant-select-selection-item')]</arg>
<tag>PageContent</tag>
<tag>Setter</tag>
<doc>Simulates mouse click on the element found by ``selector``.</doc>
<status status="PASS" starttime="20231003 10:34:17.820" endtime="20231003 10:34:18.787"/>
</kw>
<kw name="Click" library="Browser">
<arg>xpath=//nz-option-item[${select}]/div[contains(@class,'ant-select-item-option-content')]</arg>
<tag>PageContent</tag>
<tag>Setter</tag>
<doc>Simulates mouse click on the element found by ``selector``.</doc>
<status status="PASS" starttime="20231003 10:34:18.788" endtime="20231003 10:34:19.132"/>
</kw>
<kw name="Wait Until Element Spin" library="common">
<kw name="Sleep" library="BuiltIn">
<arg>${SHOULD_TIMEOUT}</arg>
<doc>Pauses the test executed for the given time.</doc>
<msg timestamp="20231003 10:34:19.235" level="INFO">Slept 100 milliseconds</msg>
<status status="PASS" starttime="20231003 10:34:19.133" endtime="20231003 10:34:19.235"/>
</kw>
<kw name="Set Variable" library="BuiltIn">
<var>${element}</var>
<arg>xpath=//*[contains(@class, "ant-spin-spinning")]</arg>
<doc>Returns the given values which can then be assigned to a variables.</doc>
<msg timestamp="20231003 10:34:19.236" level="INFO">${element} = xpath=//*[contains(@class, "ant-spin-spinning")]</msg>
<status status="PASS" starttime="20231003 10:34:19.235" endtime="20231003 10:34:19.236"/>
</kw>
<kw name="Get Element Count" library="Browser">
<var>${count}</var>
<arg>${element}</arg>
<tag>Assertion</tag>
<tag>Getter</tag>
<tag>PageContent</tag>
<doc>Returns the count of elements found with ``selector``.</doc>
<msg timestamp="20231003 10:34:19.426" level="INFO">${count} = 0</msg>
<status status="PASS" starttime="20231003 10:34:19.236" endtime="20231003 10:34:19.426"/>
</kw>
<if>
<branch type="IF" condition="${count} &gt; 0">
<kw name="Wait Until Page Does Not Contain Element" library="common">
<arg>${element}</arg>
<status status="NOT RUN" starttime="20231003 10:34:19.429" endtime="20231003 10:34:19.430"/>
</kw>
<status status="NOT RUN" starttime="20231003 10:34:19.428" endtime="20231003 10:34:19.430"/>
</branch>
<status status="PASS" starttime="20231003 10:34:19.428" endtime="20231003 10:34:19.431"/>
</if>
<status status="PASS" starttime="20231003 10:34:19.133" endtime="20231003 10:34:19.431"/>
</kw>
<kw name="Get Text" library="Browser">
<arg>//tbody//tr[${ordinal_before}]//button[contains(@title,"Chi tiết")]</arg>
<arg>equal</arg>
<arg>${name}</arg>
<tag>Assertion</tag>
<tag>Getter</tag>
<tag>PageContent</tag>
<doc>Returns text attribute of the element found by ``selector``.</doc>
<msg timestamp="20231003 10:34:19.535" level="INFO">Text: 'ten'</msg>
<status status="PASS" starttime="20231003 10:34:19.432" endtime="20231003 10:34:19.535"/>
</kw>
<status status="PASS" starttime="20231003 10:34:16.373" endtime="20231003 10:34:19.536"/>
</branch>
<branch type="ELSE IF" condition="${current_number} &gt; ${select_number}">
<kw name="Evaluate" library="BuiltIn">
<var>${ordinal_before}</var>
<arg>${select_number} + 2</arg>
<doc>Evaluates the given expression in Python and returns the result.</doc>
<status status="NOT RUN" starttime="20231003 10:34:19.536" endtime="20231003 10:34:19.536"/>
</kw>
<kw name="Get Text" library="Browser">
<var>${name}</var>
<arg>//tbody//tr[${ordinal_before}]//button[contains(@title,"Chi tiết")]</arg>
<tag>Assertion</tag>
<tag>Getter</tag>
<tag>PageContent</tag>
<doc>Returns text attribute of the element found by ``selector``.</doc>
<status status="NOT RUN" starttime="20231003 10:34:19.537" endtime="20231003 10:34:19.537"/>
</kw>
<kw name="Click" library="Browser">
<arg>xpath=//*[contains(@class, 'ant-select-selection-item')]</arg>
<tag>PageContent</tag>
<tag>Setter</tag>
<doc>Simulates mouse click on the element found by ``selector``.</doc>
<status status="NOT RUN" starttime="20231003 10:34:19.537" endtime="20231003 10:34:19.538"/>
</kw>
<kw name="Click" library="Browser">
<arg>xpath=//nz-option-item[${select}]/div[contains(@class,'ant-select-item-option-content')]</arg>
<tag>PageContent</tag>
<tag>Setter</tag>
<doc>Simulates mouse click on the element found by ``selector``.</doc>
<status status="NOT RUN" starttime="20231003 10:34:19.538" endtime="20231003 10:34:19.538"/>
</kw>
<kw name="Wait Until Element Spin" library="common">
<status status="NOT RUN" starttime="20231003 10:34:19.538" endtime="20231003 10:34:19.539"/>
</kw>
<kw name="Move to the &quot;next&quot; page" library="common" sourcename="Move to the &quot;${target}&quot; page">
<status status="NOT RUN" starttime="20231003 10:34:19.539" endtime="20231003 10:34:19.539"/>
</kw>
<kw name="Get the first account name" library="common">
<var>${nameS}</var>
<status status="NOT RUN" starttime="20231003 10:34:19.539" endtime="20231003 10:34:19.540"/>
</kw>
<kw name="Should Be Equal" library="BuiltIn">
<arg>${nameS}</arg>
<arg>${name}</arg>
<doc>Fails if the given objects are unequal.</doc>
<status status="NOT RUN" starttime="20231003 10:34:19.540" endtime="20231003 10:34:19.540"/>
</kw>
<kw name="Move to the &quot;previous&quot; page" library="common" sourcename="Move to the &quot;${target}&quot; page">
<status status="NOT RUN" starttime="20231003 10:34:19.540" endtime="20231003 10:34:19.541"/>
</kw>
<status status="NOT RUN" starttime="20231003 10:34:19.536" endtime="20231003 10:34:19.541"/>
</branch>
<branch type="ELSE IF" condition="${current_number} = ${select_number}">
<kw name="Click" library="Browser">
<arg>xpath=//*[contains(@class, 'ant-select-selection-item')]</arg>
<tag>PageContent</tag>
<tag>Setter</tag>
<doc>Simulates mouse click on the element found by ``selector``.</doc>
<status status="NOT RUN" starttime="20231003 10:34:19.541" endtime="20231003 10:34:19.542"/>
</kw>
<kw name="Click" library="Browser">
<arg>xpath=//nz-option-item[${select}]/div[contains(@class,'ant-select-item-option-content')]</arg>
<tag>PageContent</tag>
<tag>Setter</tag>
<doc>Simulates mouse click on the element found by ``selector``.</doc>
<status status="NOT RUN" starttime="20231003 10:34:19.542" endtime="20231003 10:34:19.542"/>
</kw>
<kw name="Wait Until Element Spin" library="common">
<status status="NOT RUN" starttime="20231003 10:34:19.542" endtime="20231003 10:34:19.542"/>
</kw>
<status status="NOT RUN" starttime="20231003 10:34:19.541" endtime="20231003 10:34:19.543"/>
</branch>
<status status="PASS" starttime="20231003 10:34:16.373" endtime="20231003 10:34:19.544"/>
</if>
<status status="PASS" starttime="20231003 10:34:16.372" endtime="20231003 10:34:19.544"/>
</branch>
<branch type="ELSE IF" condition="${amountPage} &lt; 2">
<if>
<branch type="IF" condition="${current_number} &lt;= ${select_number}">
<kw name="Click" library="Browser">
<arg>xpath=//*[contains(@class, 'ant-select-selection-item')]</arg>
<tag>PageContent</tag>
<tag>Setter</tag>
<doc>Simulates mouse click on the element found by ``selector``.</doc>
<status status="NOT RUN" starttime="20231003 10:34:19.545" endtime="20231003 10:34:19.546"/>
</kw>
<kw name="Click" library="Browser">
<arg>xpath=//nz-option-item[${select}]/div[contains(@class,'ant-select-item-option-content')]</arg>
<tag>PageContent</tag>
<tag>Setter</tag>
<doc>Simulates mouse click on the element found by ``selector``.</doc>
<status status="NOT RUN" starttime="20231003 10:34:19.546" endtime="20231003 10:34:19.546"/>
</kw>
<kw name="Wait Until Element Spin" library="common">
<status status="NOT RUN" starttime="20231003 10:34:19.546" endtime="20231003 10:34:19.547"/>
</kw>
<status status="NOT RUN" starttime="20231003 10:34:19.545" endtime="20231003 10:34:19.547"/>
</branch>
<branch type="ELSE IF" condition="${current_number} &gt; ${select_number}">
<kw name="Count the number account in list" library="common">
<var>${account_number}</var>
<status status="NOT RUN" starttime="20231003 10:34:19.547" endtime="20231003 10:34:19.548"/>
</kw>
<if>
<branch type="IF" condition="${account_number} &gt; ${select_number}">
<kw name="Evaluate" library="BuiltIn">
<var>${ordinal_before}</var>
<arg>${select_number} + 2</arg>
<doc>Evaluates the given expression in Python and returns the result.</doc>
<status status="NOT RUN" starttime="20231003 10:34:19.548" endtime="20231003 10:34:19.548"/>
</kw>
<kw name="Get Text" library="Browser">
<var>${name}</var>
<arg>//tbody//tr[${ordinal_before}]//button[contains(@title,"Chi tiết")]</arg>
<tag>Assertion</tag>
<tag>Getter</tag>
<tag>PageContent</tag>
<doc>Returns text attribute of the element found by ``selector``.</doc>
<status status="NOT RUN" starttime="20231003 10:34:19.549" endtime="20231003 10:34:19.549"/>
</kw>
<kw name="Click" library="Browser">
<arg>xpath=//*[contains(@class, 'ant-select-selection-item')]</arg>
<tag>PageContent</tag>
<tag>Setter</tag>
<doc>Simulates mouse click on the element found by ``selector``.</doc>
<status status="NOT RUN" starttime="20231003 10:34:19.549" endtime="20231003 10:34:19.549"/>
</kw>
<kw name="Click" library="Browser">
<arg>xpath=//nz-option-item[${select}]/div[contains(@class,'ant-select-item-option-content')]</arg>
<tag>PageContent</tag>
<tag>Setter</tag>
<doc>Simulates mouse click on the element found by ``selector``.</doc>
<status status="NOT RUN" starttime="20231003 10:34:19.550" endtime="20231003 10:34:19.550"/>
</kw>
<kw name="Wait Until Element Spin" library="common">
<status status="NOT RUN" starttime="20231003 10:34:19.550" endtime="20231003 10:34:19.550"/>
</kw>
<kw name="Move to the &quot;next&quot; page" library="common" sourcename="Move to the &quot;${target}&quot; page">
<status status="NOT RUN" starttime="20231003 10:34:19.551" endtime="20231003 10:34:19.551"/>
</kw>
<kw name="Get the first account name" library="common">
<var>${nameS}</var>
<status status="NOT RUN" starttime="20231003 10:34:19.551" endtime="20231003 10:34:19.551"/>
</kw>
<kw name="Should Be Equal" library="BuiltIn">
<arg>${nameS}</arg>
<arg>${name}</arg>
<doc>Fails if the given objects are unequal.</doc>
<status status="NOT RUN" starttime="20231003 10:34:19.552" endtime="20231003 10:34:19.552"/>
</kw>
<kw name="Move to the &quot;previous&quot; page" library="common" sourcename="Move to the &quot;${target}&quot; page">
<status status="NOT RUN" starttime="20231003 10:34:19.552" endtime="20231003 10:34:19.553"/>
</kw>
<status status="NOT RUN" starttime="20231003 10:34:19.548" endtime="20231003 10:34:19.553"/>
</branch>
<branch type="ELSE IF" condition="${account_number} &lt;= ${select_number}">
<kw name="Click" library="Browser">
<arg>xpath=//*[contains(@class, 'ant-select-selection-item')]</arg>
<tag>PageContent</tag>
<tag>Setter</tag>
<doc>Simulates mouse click on the element found by ``selector``.</doc>
<status status="NOT RUN" starttime="20231003 10:34:19.554" endtime="20231003 10:34:19.555"/>
</kw>
<kw name="Click" library="Browser">
<arg>xpath=//nz-option-item[${select}]/div[contains(@class,'ant-select-item-option-content')]</arg>
<tag>PageContent</tag>
<tag>Setter</tag>
<doc>Simulates mouse click on the element found by ``selector``.</doc>
<status status="NOT RUN" starttime="20231003 10:34:19.555" endtime="20231003 10:34:19.555"/>
</kw>
<kw name="Wait Until Element Spin" library="common">
<status status="NOT RUN" starttime="20231003 10:34:19.555" endtime="20231003 10:34:19.555"/>
</kw>
<status status="NOT RUN" starttime="20231003 10:34:19.554" endtime="20231003 10:34:19.556"/>
</branch>
<status status="NOT RUN" starttime="20231003 10:34:19.548" endtime="20231003 10:34:19.556"/>
</if>
<status status="NOT RUN" starttime="20231003 10:34:19.547" endtime="20231003 10:34:19.556"/>
</branch>
<status status="NOT RUN" starttime="20231003 10:34:19.545" endtime="20231003 10:34:19.556"/>
</if>
<status status="NOT RUN" starttime="20231003 10:34:19.545" endtime="20231003 10:34:19.556"/>
</branch>
<status status="PASS" starttime="20231003 10:34:16.372" endtime="20231003 10:34:19.557"/>
</if>
<status status="PASS" starttime="20231003 10:34:13.871" endtime="20231003 10:34:19.557"/>
</kw>
<kw name="Tear Down" library="common" type="TEARDOWN">
<kw name="Close Browser" library="Browser">
<arg>ALL</arg>
<tag>BrowserControl</tag>
<tag>Setter</tag>
<doc>Closes the current browser.</doc>
<msg timestamp="20231003 10:34:20.080" level="INFO">Closed all browsers</msg>
<status status="PASS" starttime="20231003 10:34:19.559" endtime="20231003 10:34:20.081"/>
</kw>
<status status="PASS" starttime="20231003 10:34:19.558" endtime="20231003 10:34:20.081"/>
</kw>
<status status="PASS" starttime="20231003 10:33:53.616" endtime="20231003 10:34:20.083"/>
</test>
<status status="PASS" starttime="20231003 10:33:51.214" endtime="20231003 10:34:20.095"/>
</suite>
<statistics>
<total>
<stat pass="1" fail="0" skip="0">All Tests</stat>
</total>
<tag>
</tag>
<suite>
<stat pass="1" fail="0" skip="0" id="s1" name="Customer Account">Customer Account</stat>
</suite>
</statistics>
<errors>
</errors>
</robot>
